[0.395s] Invoking command in '/home/mondegrin/programs/slon/microros_ws/firmware/mcu_ws/build/tracetools': CMAKE_PREFIX_PATH=${CMAKE_PREFIX_PATH}:/home/mondegrin/programs/slon/microros_ws/firmware/dev_ws/install/ament_uncrustify:/home/mondegrin/programs/slon/microros_ws/firmware/dev_ws/install/domain_coordinator:/home/mondegrin/programs/slon/microros_ws/firmware/dev_ws/install/ament_xmllint:/home/mondegrin/programs/slon/microros_ws/firmware/dev_ws/install/ament_pyflakes:/home/mondegrin/programs/slon/microros_ws/firmware/dev_ws/install/ament_pycodestyle:/home/mondegrin/programs/slon/microros_ws/firmware/dev_ws/install/ament_pep257:/home/mondegrin/programs/slon/microros_ws/firmware/dev_ws/install/ament_pclint:/home/mondegrin/programs/slon/microros_ws/firmware/dev_ws/install/ament_package:/home/mondegrin/programs/slon/microros_ws/firmware/dev_ws/install/ament_mypy:/home/mondegrin/programs/slon/microros_ws/firmware/dev_ws/install/ament_lint_cmake:/home/mondegrin/programs/slon/microros_ws/firmware/dev_ws/install/ament_flake8:/home/mondegrin/programs/slon/microros_ws/firmware/dev_ws/install/ament_copyright:/home/mondegrin/programs/slon/microros_ws/firmware/dev_ws/install/ament_lint:/home/mondegrin/programs/slon/microros_ws/firmware/dev_ws/install/ament_index_python:/home/mondegrin/programs/slon/microros_ws/firmware/dev_ws/install/ament_cpplint:/home/mondegrin/programs/slon/microros_ws/firmware/dev_ws/install/ament_cppcheck:/home/mondegrin/programs/slon/microros_ws/firmware/dev_ws/install/ament_clang_tidy:/home/mondegrin/programs/slon/microros_ws/firmware/dev_ws/install/ament_clang_format /usr/bin/cmake --build /home/mondegrin/programs/slon/microros_ws/firmware/mcu_ws/build/tracetools -- -j16 -l16
[1.799s] gmake[4]: Entering directory '/home/mondegrin/programs/slon/microros_ws/firmware/mcu_ws/build/tracetools'
[1.811s] /usr/bin/cmake -S/home/mondegrin/programs/slon/microros_ws/firmware/mcu_ws/ros2/ros2_tracing/tracetools -B/home/mondegrin/programs/slon/microros_ws/firmware/mcu_ws/build/tracetools --check-build-system CMakeFiles/Makefile.cmake 0
[1.812s] Re-run cmake file: Makefile older than: /home/mondegrin/programs/slon/microros_ws/firmware/freertos_apps/microros_esp32_extensions/esp32_toolchain.cmake
[1.812s] -- Found ament_cmake_ros: 0.11.2 (/home/mondegrin/programs/slon/microros_ws/firmware/dev_ws/install/ament_cmake_ros/share/ament_cmake_ros/cmake)
[1.813s] -- Configuring done
[1.813s] -- Generating done
[1.814s] -- Build files have been written to: /home/mondegrin/programs/slon/microros_ws/firmware/mcu_ws/build/tracetools
[1.814s] /usr/bin/cmake -E cmake_progress_start /home/mondegrin/programs/slon/microros_ws/firmware/mcu_ws/build/tracetools/CMakeFiles /home/mondegrin/programs/slon/microros_ws/firmware/mcu_ws/build/tracetools//CMakeFiles/progress.marks
[1.814s] /usr/bin/gmake  -f CMakeFiles/Makefile2 all
[1.828s] gmake[5]: Entering directory '/home/mondegrin/programs/slon/microros_ws/firmware/mcu_ws/build/tracetools'
[1.829s] gmake[5]: Nothing to be done for 'all'.
[1.829s] gmake[5]: Leaving directory '/home/mondegrin/programs/slon/microros_ws/firmware/mcu_ws/build/tracetools'
[1.830s] /usr/bin/cmake -E cmake_progress_start /home/mondegrin/programs/slon/microros_ws/firmware/mcu_ws/build/tracetools/CMakeFiles 0
[1.830s] gmake[4]: Leaving directory '/home/mondegrin/programs/slon/microros_ws/firmware/mcu_ws/build/tracetools'
[1.935s] Invoked command in '/home/mondegrin/programs/slon/microros_ws/firmware/mcu_ws/build/tracetools' returned '0': CMAKE_PREFIX_PATH=${CMAKE_PREFIX_PATH}:/home/mondegrin/programs/slon/microros_ws/firmware/dev_ws/install/ament_uncrustify:/home/mondegrin/programs/slon/microros_ws/firmware/dev_ws/install/domain_coordinator:/home/mondegrin/programs/slon/microros_ws/firmware/dev_ws/install/ament_xmllint:/home/mondegrin/programs/slon/microros_ws/firmware/dev_ws/install/ament_pyflakes:/home/mondegrin/programs/slon/microros_ws/firmware/dev_ws/install/ament_pycodestyle:/home/mondegrin/programs/slon/microros_ws/firmware/dev_ws/install/ament_pep257:/home/mondegrin/programs/slon/microros_ws/firmware/dev_ws/install/ament_pclint:/home/mondegrin/programs/slon/microros_ws/firmware/dev_ws/install/ament_package:/home/mondegrin/programs/slon/microros_ws/firmware/dev_ws/install/ament_mypy:/home/mondegrin/programs/slon/microros_ws/firmware/dev_ws/install/ament_lint_cmake:/home/mondegrin/programs/slon/microros_ws/firmware/dev_ws/install/ament_flake8:/home/mondegrin/programs/slon/microros_ws/firmware/dev_ws/install/ament_copyright:/home/mondegrin/programs/slon/microros_ws/firmware/dev_ws/install/ament_lint:/home/mondegrin/programs/slon/microros_ws/firmware/dev_ws/install/ament_index_python:/home/mondegrin/programs/slon/microros_ws/firmware/dev_ws/install/ament_cpplint:/home/mondegrin/programs/slon/microros_ws/firmware/dev_ws/install/ament_cppcheck:/home/mondegrin/programs/slon/microros_ws/firmware/dev_ws/install/ament_clang_tidy:/home/mondegrin/programs/slon/microros_ws/firmware/dev_ws/install/ament_clang_format /usr/bin/cmake --build /home/mondegrin/programs/slon/microros_ws/firmware/mcu_ws/build/tracetools -- -j16 -l16
[2.170s] Invoking command in '/home/mondegrin/programs/slon/microros_ws/firmware/mcu_ws/build/tracetools': CMAKE_PREFIX_PATH=${CMAKE_PREFIX_PATH}:/home/mondegrin/programs/slon/microros_ws/firmware/dev_ws/install/ament_uncrustify:/home/mondegrin/programs/slon/microros_ws/firmware/dev_ws/install/domain_coordinator:/home/mondegrin/programs/slon/microros_ws/firmware/dev_ws/install/ament_xmllint:/home/mondegrin/programs/slon/microros_ws/firmware/dev_ws/install/ament_pyflakes:/home/mondegrin/programs/slon/microros_ws/firmware/dev_ws/install/ament_pycodestyle:/home/mondegrin/programs/slon/microros_ws/firmware/dev_ws/install/ament_pep257:/home/mondegrin/programs/slon/microros_ws/firmware/dev_ws/install/ament_pclint:/home/mondegrin/programs/slon/microros_ws/firmware/dev_ws/install/ament_package:/home/mondegrin/programs/slon/microros_ws/firmware/dev_ws/install/ament_mypy:/home/mondegrin/programs/slon/microros_ws/firmware/dev_ws/install/ament_lint_cmake:/home/mondegrin/programs/slon/microros_ws/firmware/dev_ws/install/ament_flake8:/home/mondegrin/programs/slon/microros_ws/firmware/dev_ws/install/ament_copyright:/home/mondegrin/programs/slon/microros_ws/firmware/dev_ws/install/ament_lint:/home/mondegrin/programs/slon/microros_ws/firmware/dev_ws/install/ament_index_python:/home/mondegrin/programs/slon/microros_ws/firmware/dev_ws/install/ament_cpplint:/home/mondegrin/programs/slon/microros_ws/firmware/dev_ws/install/ament_cppcheck:/home/mondegrin/programs/slon/microros_ws/firmware/dev_ws/install/ament_clang_tidy:/home/mondegrin/programs/slon/microros_ws/firmware/dev_ws/install/ament_clang_format /usr/bin/cmake --install /home/mondegrin/programs/slon/microros_ws/firmware/mcu_ws/build/tracetools
[2.251s] -- Install configuration: "Debug"
[2.252s] -- Up-to-date: /home/mondegrin/programs/slon/microros_ws/firmware/mcu_ws/install/include/tracetools
[2.258s] -- Up-to-date: /home/mondegrin/programs/slon/microros_ws/firmware/mcu_ws/install/include/tracetools/tracetools
[2.259s] -- Up-to-date: /home/mondegrin/programs/slon/microros_ws/firmware/mcu_ws/install/include/tracetools/tracetools/config.h
[2.259s] -- Up-to-date: /home/mondegrin/programs/slon/microros_ws/firmware/mcu_ws/install/include/tracetools/tracetools/visibility_control.hpp
[2.260s] -- Up-to-date: /home/mondegrin/programs/slon/microros_ws/firmware/mcu_ws/install/include/tracetools/tracetools/utils.hpp
[2.266s] -- Up-to-date: /home/mondegrin/programs/slon/microros_ws/firmware/mcu_ws/install/include/tracetools/tracetools/tracetools.h
[2.267s] -- Up-to-date: /home/mondegrin/programs/slon/microros_ws/firmware/mcu_ws/install/share/ament_index/resource_index/package_run_dependencies/tracetools
[2.268s] -- Up-to-date: /home/mondegrin/programs/slon/microros_ws/firmware/mcu_ws/install/share/ament_index/resource_index/parent_prefix_path/tracetools
[2.268s] -- Up-to-date: /home/mondegrin/programs/slon/microros_ws/firmware/mcu_ws/install/share/tracetools/environment/ament_prefix_path.sh
[2.269s] -- Up-to-date: /home/mondegrin/programs/slon/microros_ws/firmware/mcu_ws/install/share/tracetools/environment/ament_prefix_path.dsv
[2.285s] -- Up-to-date: /home/mondegrin/programs/slon/microros_ws/firmware/mcu_ws/install/share/tracetools/environment/path.sh
[2.286s] -- Up-to-date: /home/mondegrin/programs/slon/microros_ws/firmware/mcu_ws/install/share/tracetools/environment/path.dsv
[2.286s] -- Up-to-date: /home/mondegrin/programs/slon/microros_ws/firmware/mcu_ws/install/share/tracetools/local_setup.bash
[2.287s] -- Up-to-date: /home/mondegrin/programs/slon/microros_ws/firmware/mcu_ws/install/share/tracetools/local_setup.sh
[2.287s] -- Up-to-date: /home/mondegrin/programs/slon/microros_ws/firmware/mcu_ws/install/share/tracetools/local_setup.zsh
[2.287s] -- Up-to-date: /home/mondegrin/programs/slon/microros_ws/firmware/mcu_ws/install/share/tracetools/local_setup.dsv
[2.288s] -- Installing: /home/mondegrin/programs/slon/microros_ws/firmware/mcu_ws/install/share/tracetools/package.dsv
[2.288s] -- Up-to-date: /home/mondegrin/programs/slon/microros_ws/firmware/mcu_ws/install/share/ament_index/resource_index/packages/tracetools
[2.289s] -- Up-to-date: /home/mondegrin/programs/slon/microros_ws/firmware/mcu_ws/install/share/tracetools/cmake/tracetools_exportExport.cmake
[2.289s] -- Up-to-date: /home/mondegrin/programs/slon/microros_ws/firmware/mcu_ws/install/share/tracetools/cmake/ament_cmake_export_targets-extras.cmake
[2.289s] -- Up-to-date: /home/mondegrin/programs/slon/microros_ws/firmware/mcu_ws/install/share/tracetools/cmake/ament_cmake_export_include_directories-extras.cmake
[2.291s] -- Up-to-date: /home/mondegrin/programs/slon/microros_ws/firmware/mcu_ws/install/share/tracetools/cmake/tracetoolsConfig.cmake
[2.297s] -- Up-to-date: /home/mondegrin/programs/slon/microros_ws/firmware/mcu_ws/install/share/tracetools/cmake/tracetoolsConfig-version.cmake
[2.299s] -- Up-to-date: /home/mondegrin/programs/slon/microros_ws/firmware/mcu_ws/install/share/tracetools/package.xml
[2.916s] Invoked command in '/home/mondegrin/programs/slon/microros_ws/firmware/mcu_ws/build/tracetools' returned '0': CMAKE_PREFIX_PATH=${CMAKE_PREFIX_PATH}:/home/mondegrin/programs/slon/microros_ws/firmware/dev_ws/install/ament_uncrustify:/home/mondegrin/programs/slon/microros_ws/firmware/dev_ws/install/domain_coordinator:/home/mondegrin/programs/slon/microros_ws/firmware/dev_ws/install/ament_xmllint:/home/mondegrin/programs/slon/microros_ws/firmware/dev_ws/install/ament_pyflakes:/home/mondegrin/programs/slon/microros_ws/firmware/dev_ws/install/ament_pycodestyle:/home/mondegrin/programs/slon/microros_ws/firmware/dev_ws/install/ament_pep257:/home/mondegrin/programs/slon/microros_ws/firmware/dev_ws/install/ament_pclint:/home/mondegrin/programs/slon/microros_ws/firmware/dev_ws/install/ament_package:/home/mondegrin/programs/slon/microros_ws/firmware/dev_ws/install/ament_mypy:/home/mondegrin/programs/slon/microros_ws/firmware/dev_ws/install/ament_lint_cmake:/home/mondegrin/programs/slon/microros_ws/firmware/dev_ws/install/ament_flake8:/home/mondegrin/programs/slon/microros_ws/firmware/dev_ws/install/ament_copyright:/home/mondegrin/programs/slon/microros_ws/firmware/dev_ws/install/ament_lint:/home/mondegrin/programs/slon/microros_ws/firmware/dev_ws/install/ament_index_python:/home/mondegrin/programs/slon/microros_ws/firmware/dev_ws/install/ament_cpplint:/home/mondegrin/programs/slon/microros_ws/firmware/dev_ws/install/ament_cppcheck:/home/mondegrin/programs/slon/microros_ws/firmware/dev_ws/install/ament_clang_tidy:/home/mondegrin/programs/slon/microros_ws/firmware/dev_ws/install/ament_clang_format /usr/bin/cmake --install /home/mondegrin/programs/slon/microros_ws/firmware/mcu_ws/build/tracetools
