Not searching for unused variables given on the command line.
-- The C compiler identification is GNU 8.2.0
-- The CXX compiler identification is GNU 8.2.0
-- Detecting C compiler ABI info
-- Detecting C compiler ABI info - done
-- Check for working C compiler: /home/mondegrin/programs/slon/microros_ws/firmware/toolchain/espressif/tools/xtensa-esp32-elf/esp-2020r2-8.2.0/xtensa-esp32-elf/bin/xtensa-esp32-elf-gcc - skipped
-- Detecting C compile features
-- Detecting C compile features - done
-- Detecting CXX compiler ABI info
-- Detecting CXX compiler ABI info - done
-- Check for working CXX compiler: /home/mondegrin/programs/slon/microros_ws/firmware/toolchain/espressif/tools/xtensa-esp32-elf/esp-2020r2-8.2.0/xtensa-esp32-elf/bin/xtensa-esp32-elf-g++ - skipped
-- Detecting CXX compile features
-- Detecting CXX compile features - done
-- Found ament_cmake_python: 2.0.3 (/home/mondegrin/programs/slon/microros_ws/firmware/dev_ws/install/ament_cmake_python/share/ament_cmake_python/cmake)
-- Found ament_cmake_ros: 0.11.2 (/home/mondegrin/programs/slon/microros_ws/firmware/dev_ws/install/ament_cmake_ros/share/ament_cmake_ros/cmake)
-- Found Python3: /home/mondegrin/programs/slon/microros_ws/firmware/toolchain/espressif/python_env/idf4.1_py3.10_env/bin/python3.10 (found version "3.10.12") found components: Interpreter 
-- Configuring done
-- Generating done
-- Build files have been written to: /home/mondegrin/programs/slon/microros_ws/firmware/mcu_ws/build/rosidl_generator_type_description
gmake[4]: Entering directory '/home/mondegrin/programs/slon/microros_ws/firmware/mcu_ws/build/rosidl_generator_type_description'
/usr/bin/cmake -S/home/mondegrin/programs/slon/microros_ws/firmware/mcu_ws/ros2/rosidl/rosidl_generator_type_description -B/home/mondegrin/programs/slon/microros_ws/firmware/mcu_ws/build/rosidl_generator_type_description --check-build-system CMakeFiles/Makefile.cmake 0
/usr/bin/cmake -E cmake_progress_start /home/mondegrin/programs/slon/microros_ws/firmware/mcu_ws/build/rosidl_generator_type_description/CMakeFiles /home/mondegrin/programs/slon/microros_ws/firmware/mcu_ws/build/rosidl_generator_type_description//CMakeFiles/progress.marks
/usr/bin/gmake  -f CMakeFiles/Makefile2 all
gmake[5]: Entering directory '/home/mondegrin/programs/slon/microros_ws/firmware/mcu_ws/build/rosidl_generator_type_description'
/usr/bin/gmake  -f CMakeFiles/ament_cmake_python_copy_rosidl_generator_type_description.dir/build.make CMakeFiles/ament_cmake_python_copy_rosidl_generator_type_description.dir/depend
gmake[6]: Entering directory '/home/mondegrin/programs/slon/microros_ws/firmware/mcu_ws/build/rosidl_generator_type_description'
cd /home/mondegrin/programs/slon/microros_ws/firmware/mcu_ws/build/rosidl_generator_type_description && /usr/bin/cmake -E cmake_depends "Unix Makefiles" /home/mondegrin/programs/slon/microros_ws/firmware/mcu_ws/ros2/rosidl/rosidl_generator_type_description /home/mondegrin/programs/slon/microros_ws/firmware/mcu_ws/ros2/rosidl/rosidl_generator_type_description /home/mondegrin/programs/slon/microros_ws/firmware/mcu_ws/build/rosidl_generator_type_description /home/mondegrin/programs/slon/microros_ws/firmware/mcu_ws/build/rosidl_generator_type_description /home/mondegrin/programs/slon/microros_ws/firmware/mcu_ws/build/rosidl_generator_type_description/CMakeFiles/ament_cmake_python_copy_rosidl_generator_type_description.dir/DependInfo.cmake --color=
gmake[6]: Leaving directory '/home/mondegrin/programs/slon/microros_ws/firmware/mcu_ws/build/rosidl_generator_type_description'
/usr/bin/gmake  -f CMakeFiles/ament_cmake_python_copy_rosidl_generator_type_description.dir/build.make CMakeFiles/ament_cmake_python_copy_rosidl_generator_type_description.dir/build
gmake[6]: Entering directory '/home/mondegrin/programs/slon/microros_ws/firmware/mcu_ws/build/rosidl_generator_type_description'
/usr/bin/cmake -E copy_directory /home/mondegrin/programs/slon/microros_ws/firmware/mcu_ws/ros2/rosidl/rosidl_generator_type_description/rosidl_generator_type_description /home/mondegrin/programs/slon/microros_ws/firmware/mcu_ws/build/rosidl_generator_type_description/ament_cmake_python/rosidl_generator_type_description/rosidl_generator_type_description
gmake[6]: Leaving directory '/home/mondegrin/programs/slon/microros_ws/firmware/mcu_ws/build/rosidl_generator_type_description'
Built target ament_cmake_python_copy_rosidl_generator_type_description
/usr/bin/gmake  -f CMakeFiles/ament_cmake_python_build_rosidl_generator_type_description_egg.dir/build.make CMakeFiles/ament_cmake_python_build_rosidl_generator_type_description_egg.dir/depend
gmake[6]: Entering directory '/home/mondegrin/programs/slon/microros_ws/firmware/mcu_ws/build/rosidl_generator_type_description'
cd /home/mondegrin/programs/slon/microros_ws/firmware/mcu_ws/build/rosidl_generator_type_description && /usr/bin/cmake -E cmake_depends "Unix Makefiles" /home/mondegrin/programs/slon/microros_ws/firmware/mcu_ws/ros2/rosidl/rosidl_generator_type_description /home/mondegrin/programs/slon/microros_ws/firmware/mcu_ws/ros2/rosidl/rosidl_generator_type_description /home/mondegrin/programs/slon/microros_ws/firmware/mcu_ws/build/rosidl_generator_type_description /home/mondegrin/programs/slon/microros_ws/firmware/mcu_ws/build/rosidl_generator_type_description /home/mondegrin/programs/slon/microros_ws/firmware/mcu_ws/build/rosidl_generator_type_description/CMakeFiles/ament_cmake_python_build_rosidl_generator_type_description_egg.dir/DependInfo.cmake --color=
gmake[6]: Leaving directory '/home/mondegrin/programs/slon/microros_ws/firmware/mcu_ws/build/rosidl_generator_type_description'
/usr/bin/gmake  -f CMakeFiles/ament_cmake_python_build_rosidl_generator_type_description_egg.dir/build.make CMakeFiles/ament_cmake_python_build_rosidl_generator_type_description_egg.dir/build
gmake[6]: Entering directory '/home/mondegrin/programs/slon/microros_ws/firmware/mcu_ws/build/rosidl_generator_type_description'
cd /home/mondegrin/programs/slon/microros_ws/firmware/mcu_ws/build/rosidl_generator_type_description/ament_cmake_python/rosidl_generator_type_description && /home/mondegrin/programs/slon/microros_ws/firmware/toolchain/espressif/python_env/idf4.1_py3.10_env/bin/python3.10 setup.py egg_info
running egg_info
creating rosidl_generator_type_description.egg-info
writing rosidl_generator_type_description.egg-info/PKG-INFO
writing dependency_links to rosidl_generator_type_description.egg-info/dependency_links.txt
writing top-level names to rosidl_generator_type_description.egg-info/top_level.txt
writing manifest file 'rosidl_generator_type_description.egg-info/SOURCES.txt'
reading manifest file 'rosidl_generator_type_description.egg-info/SOURCES.txt'
writing manifest file 'rosidl_generator_type_description.egg-info/SOURCES.txt'
gmake[6]: Leaving directory '/home/mondegrin/programs/slon/microros_ws/firmware/mcu_ws/build/rosidl_generator_type_description'
Built target ament_cmake_python_build_rosidl_generator_type_description_egg
gmake[5]: Leaving directory '/home/mondegrin/programs/slon/microros_ws/firmware/mcu_ws/build/rosidl_generator_type_description'
/usr/bin/cmake -E cmake_progress_start /home/mondegrin/programs/slon/microros_ws/firmware/mcu_ws/build/rosidl_generator_type_description/CMakeFiles 0
gmake[4]: Leaving directory '/home/mondegrin/programs/slon/microros_ws/firmware/mcu_ws/build/rosidl_generator_type_description'
-- Install configuration: "Debug"
-- Installing: /home/mondegrin/programs/slon/microros_ws/firmware/mcu_ws/install/share/ament_index/resource_index/rosidl_generator_packages/rosidl_generator_type_description
-- Installing: /home/mondegrin/programs/slon/microros_ws/firmware/mcu_ws/install/share/rosidl_generator_type_description/environment/pythonpath.sh
-- Installing: /home/mondegrin/programs/slon/microros_ws/firmware/mcu_ws/install/share/rosidl_generator_type_description/environment/pythonpath.dsv
-- Installing: /home/mondegrin/programs/slon/microros_ws/firmware/mcu_ws/install/lib/python3.10/site-packages/rosidl_generator_type_description-4.0.1-py3.10.egg-info
-- Installing: /home/mondegrin/programs/slon/microros_ws/firmware/mcu_ws/install/lib/python3.10/site-packages/rosidl_generator_type_description-4.0.1-py3.10.egg-info/SOURCES.txt
-- Installing: /home/mondegrin/programs/slon/microros_ws/firmware/mcu_ws/install/lib/python3.10/site-packages/rosidl_generator_type_description-4.0.1-py3.10.egg-info/top_level.txt
-- Installing: /home/mondegrin/programs/slon/microros_ws/firmware/mcu_ws/install/lib/python3.10/site-packages/rosidl_generator_type_description-4.0.1-py3.10.egg-info/PKG-INFO
-- Installing: /home/mondegrin/programs/slon/microros_ws/firmware/mcu_ws/install/lib/python3.10/site-packages/rosidl_generator_type_description-4.0.1-py3.10.egg-info/dependency_links.txt
-- Installing: /home/mondegrin/programs/slon/microros_ws/firmware/mcu_ws/install/lib/python3.10/site-packages/rosidl_generator_type_description
-- Installing: /home/mondegrin/programs/slon/microros_ws/firmware/mcu_ws/install/lib/python3.10/site-packages/rosidl_generator_type_description/__init__.py
Listing '/home/mondegrin/programs/slon/microros_ws/firmware/mcu_ws/install/lib/python3.10/site-packages/rosidl_generator_type_description'...
Compiling '/home/mondegrin/programs/slon/microros_ws/firmware/mcu_ws/install/lib/python3.10/site-packages/rosidl_generator_type_description/__init__.py'...
-- Installing: /home/mondegrin/programs/slon/microros_ws/firmware/mcu_ws/install/share/ament_index/resource_index/package_run_dependencies/rosidl_generator_type_description
-- Installing: /home/mondegrin/programs/slon/microros_ws/firmware/mcu_ws/install/share/ament_index/resource_index/parent_prefix_path/rosidl_generator_type_description
-- Installing: /home/mondegrin/programs/slon/microros_ws/firmware/mcu_ws/install/share/rosidl_generator_type_description/environment/ament_prefix_path.sh
-- Installing: /home/mondegrin/programs/slon/microros_ws/firmware/mcu_ws/install/share/rosidl_generator_type_description/environment/ament_prefix_path.dsv
-- Installing: /home/mondegrin/programs/slon/microros_ws/firmware/mcu_ws/install/share/rosidl_generator_type_description/environment/path.sh
-- Installing: /home/mondegrin/programs/slon/microros_ws/firmware/mcu_ws/install/share/rosidl_generator_type_description/environment/path.dsv
-- Installing: /home/mondegrin/programs/slon/microros_ws/firmware/mcu_ws/install/share/rosidl_generator_type_description/local_setup.bash
-- Installing: /home/mondegrin/programs/slon/microros_ws/firmware/mcu_ws/install/share/rosidl_generator_type_description/local_setup.sh
-- Installing: /home/mondegrin/programs/slon/microros_ws/firmware/mcu_ws/install/share/rosidl_generator_type_description/local_setup.zsh
-- Installing: /home/mondegrin/programs/slon/microros_ws/firmware/mcu_ws/install/share/rosidl_generator_type_description/local_setup.dsv
-- Installing: /home/mondegrin/programs/slon/microros_ws/firmware/mcu_ws/install/share/rosidl_generator_type_description/package.dsv
-- Installing: /home/mondegrin/programs/slon/microros_ws/firmware/mcu_ws/install/share/ament_index/resource_index/packages/rosidl_generator_type_description
-- Installing: /home/mondegrin/programs/slon/microros_ws/firmware/mcu_ws/install/share/rosidl_generator_type_description/cmake/rosidl_generator_type_description-extras.cmake
-- Installing: /home/mondegrin/programs/slon/microros_ws/firmware/mcu_ws/install/share/rosidl_generator_type_description/cmake/rosidl_generator_type_descriptionConfig.cmake
-- Installing: /home/mondegrin/programs/slon/microros_ws/firmware/mcu_ws/install/share/rosidl_generator_type_description/cmake/rosidl_generator_type_descriptionConfig-version.cmake
-- Installing: /home/mondegrin/programs/slon/microros_ws/firmware/mcu_ws/install/share/rosidl_generator_type_description/package.xml
-- Installing: /home/mondegrin/programs/slon/microros_ws/firmware/mcu_ws/install/lib/rosidl_generator_type_description/rosidl_generator_type_description
-- Up-to-date: /home/mondegrin/programs/slon/microros_ws/firmware/mcu_ws/install/share/rosidl_generator_type_description/cmake
-- Installing: /home/mondegrin/programs/slon/microros_ws/firmware/mcu_ws/install/share/rosidl_generator_type_description/cmake/rosidl_generator_type_description_generate_interfaces.cmake
-- Installing: /home/mondegrin/programs/slon/microros_ws/firmware/mcu_ws/install/share/rosidl_generator_type_description/resource
-- Installing: /home/mondegrin/programs/slon/microros_ws/firmware/mcu_ws/install/share/rosidl_generator_type_description/resource/HashedTypeDescription.schema.json
