[1.059s] Invoking command in '/home/mondegrin/programs/slon/microros_ws/firmware/mcu_ws/ros2/ros2_tracing/tracetools_read': PYTHONPATH=/home/mondegrin/programs/slon/microros_ws/firmware/mcu_ws/build/tracetools_read/prefix_override:/home/mondegrin/programs/slon/microros_ws/firmware/mcu_ws/install/lib/python3.10/site-packages:${PYTHONPATH} /usr/bin/python3 setup.py egg_info --egg-base ../../../build/tracetools_read build --build-base /home/mondegrin/programs/slon/microros_ws/firmware/mcu_ws/build/tracetools_read/build install --record /home/mondegrin/programs/slon/microros_ws/firmware/mcu_ws/build/tracetools_read/install.log --single-version-externally-managed
[1.274s] running egg_info
[1.275s] creating ../../../build/tracetools_read/tracetools_read.egg-info
[1.277s] writing ../../../build/tracetools_read/tracetools_read.egg-info/PKG-INFO
[1.277s] writing dependency_links to ../../../build/tracetools_read/tracetools_read.egg-info/dependency_links.txt
[1.278s] writing requirements to ../../../build/tracetools_read/tracetools_read.egg-info/requires.txt
[1.278s] writing top-level names to ../../../build/tracetools_read/tracetools_read.egg-info/top_level.txt
[1.278s] writing manifest file '../../../build/tracetools_read/tracetools_read.egg-info/SOURCES.txt'
[1.278s] reading manifest file '../../../build/tracetools_read/tracetools_read.egg-info/SOURCES.txt'
[1.278s] writing manifest file '../../../build/tracetools_read/tracetools_read.egg-info/SOURCES.txt'
[1.280s] running build
[1.280s] running build_py
[1.281s] creating /home/mondegrin/programs/slon/microros_ws/firmware/mcu_ws/build/tracetools_read/build
[1.282s] creating /home/mondegrin/programs/slon/microros_ws/firmware/mcu_ws/build/tracetools_read/build/lib
[1.282s] creating /home/mondegrin/programs/slon/microros_ws/firmware/mcu_ws/build/tracetools_read/build/lib/tracetools_read
[1.284s] copying tracetools_read/trace.py -> /home/mondegrin/programs/slon/microros_ws/firmware/mcu_ws/build/tracetools_read/build/lib/tracetools_read
[1.284s] copying tracetools_read/__init__.py -> /home/mondegrin/programs/slon/microros_ws/firmware/mcu_ws/build/tracetools_read/build/lib/tracetools_read
[1.284s] running install
[1.284s] /usr/lib/python3/dist-packages/setuptools/command/install.py:34: SetuptoolsDeprecationWarning: setup.py install is deprecated. Use build and pip and other standards-based tools.
[1.285s]   warnings.warn(
[1.285s] running install_lib
[1.285s] creating /home/mondegrin/programs/slon/microros_ws/firmware/mcu_ws/install/lib/python3.10/site-packages/tracetools_read
[1.285s] copying /home/mondegrin/programs/slon/microros_ws/firmware/mcu_ws/build/tracetools_read/build/lib/tracetools_read/trace.py -> /home/mondegrin/programs/slon/microros_ws/firmware/mcu_ws/install/lib/python3.10/site-packages/tracetools_read
[1.285s] copying /home/mondegrin/programs/slon/microros_ws/firmware/mcu_ws/build/tracetools_read/build/lib/tracetools_read/__init__.py -> /home/mondegrin/programs/slon/microros_ws/firmware/mcu_ws/install/lib/python3.10/site-packages/tracetools_read
[1.286s] byte-compiling /home/mondegrin/programs/slon/microros_ws/firmware/mcu_ws/install/lib/python3.10/site-packages/tracetools_read/trace.py to trace.cpython-310.pyc
[1.286s] byte-compiling /home/mondegrin/programs/slon/microros_ws/firmware/mcu_ws/install/lib/python3.10/site-packages/tracetools_read/__init__.py to __init__.cpython-310.pyc
[1.286s] running install_data
[1.286s] copying package.xml -> /home/mondegrin/programs/slon/microros_ws/firmware/mcu_ws/install/share/tracetools_read
[1.287s] copying resource/tracetools_read -> /home/mondegrin/programs/slon/microros_ws/firmware/mcu_ws/install/share/ament_index/resource_index/packages
[1.287s] running install_egg_info
[1.287s] Copying ../../../build/tracetools_read/tracetools_read.egg-info to /home/mondegrin/programs/slon/microros_ws/firmware/mcu_ws/install/lib/python3.10/site-packages/tracetools_read-6.3.1-py3.10.egg-info
[1.287s] running install_scripts
[1.314s] writing list of installed files to '/home/mondegrin/programs/slon/microros_ws/firmware/mcu_ws/build/tracetools_read/install.log'
[1.383s] Invoked command in '/home/mondegrin/programs/slon/microros_ws/firmware/mcu_ws/ros2/ros2_tracing/tracetools_read' returned '0': PYTHONPATH=/home/mondegrin/programs/slon/microros_ws/firmware/mcu_ws/build/tracetools_read/prefix_override:/home/mondegrin/programs/slon/microros_ws/firmware/mcu_ws/install/lib/python3.10/site-packages:${PYTHONPATH} /usr/bin/python3 setup.py egg_info --egg-base ../../../build/tracetools_read build --build-base /home/mondegrin/programs/slon/microros_ws/firmware/mcu_ws/build/tracetools_read/build install --record /home/mondegrin/programs/slon/microros_ws/firmware/mcu_ws/build/tracetools_read/install.log --single-version-externally-managed
