[0.243s] Invoking command in '/home/mondegrin/programs/slon/microros_ws/firmware/mcu_ws/build/type_description_interfaces': AMENT_PREFIX_PATH=/home/mondegrin/programs/slon/microros_ws/firmware/mcu_ws/install:${AMENT_PREFIX_PATH} CMAKE_PREFIX_PATH=/home/mondegrin/programs/slon/microros_ws/firmware/mcu_ws/install:/home/mondegrin/programs/slon/microros_ws/firmware/dev_ws/install/ament_lint_common:/home/mondegrin/programs/slon/microros_ws/firmware/dev_ws/install/ament_cmake_uncrustify:/home/mondegrin/programs/slon/microros_ws/firmware/dev_ws/install/uncrustify_vendor:/home/mondegrin/programs/slon/microros_ws/firmware/dev_ws/install/ament_cmake_ros:/home/mondegrin/programs/slon/microros_ws/firmware/dev_ws/install/ament_cmake_gmock:/home/mondegrin/programs/slon/microros_ws/firmware/dev_ws/install/gmock_vendor:/home/mondegrin/programs/slon/microros_ws/firmware/dev_ws/install/ament_cmake_auto:/home/mondegrin/programs/slon/microros_ws/firmware/dev_ws/install/ament_cmake_gtest:/home/mondegrin/programs/slon/microros_ws/firmware/dev_ws/install/gtest_vendor:/home/mondegrin/programs/slon/microros_ws/firmware/dev_ws/install/ament_cmake_xmllint:/home/mondegrin/programs/slon/microros_ws/firmware/dev_ws/install/ament_cmake_pyflakes:/home/mondegrin/programs/slon/microros_ws/firmware/dev_ws/install/ament_cmake_pycodestyle:/home/mondegrin/programs/slon/microros_ws/firmware/dev_ws/install/ament_cmake_pep257:/home/mondegrin/programs/slon/microros_ws/firmware/dev_ws/install/ament_cmake_pclint:/home/mondegrin/programs/slon/microros_ws/firmware/dev_ws/install/ament_lint_auto:/home/mondegrin/programs/slon/microros_ws/firmware/dev_ws/install/ament_cmake:/home/mondegrin/programs/slon/microros_ws/firmware/dev_ws/install/ament_cmake_version:/home/mondegrin/programs/slon/microros_ws/firmware/dev_ws/install/ament_cmake_vendor_package:/home/mondegrin/programs/slon/microros_ws/firmware/dev_ws/install/ament_cmake_pytest:/home/mondegrin/programs/slon/microros_ws/firmware/dev_ws/install/ament_cmake_mypy:/home/mondegrin/programs/slon/microros_ws/firmware/dev_ws/install/ament_cmake_lint_cmake:/home/mondegrin/programs/slon/microros_ws/firmware/dev_ws/install/ament_cmake_google_benchmark:/home/mondegrin/programs/slon/microros_ws/firmware/dev_ws/install/ament_cmake_flake8:/home/mondegrin/programs/slon/microros_ws/firmware/dev_ws/install/ament_cmake_cpplint:/home/mondegrin/programs/slon/microros_ws/firmware/dev_ws/install/ament_cmake_cppcheck:/home/mondegrin/programs/slon/microros_ws/firmware/dev_ws/install/ament_cmake_copyright:/home/mondegrin/programs/slon/microros_ws/firmware/dev_ws/install/ament_cmake_clang_tidy:/home/mondegrin/programs/slon/microros_ws/firmware/dev_ws/install/ament_cmake_clang_format:/home/mondegrin/programs/slon/microros_ws/firmware/dev_ws/install/ament_cmake_test:/home/mondegrin/programs/slon/microros_ws/firmware/dev_ws/install/ament_cmake_target_dependencies:/home/mondegrin/programs/slon/microros_ws/firmware/dev_ws/install/ament_cmake_python:/home/mondegrin/programs/slon/microros_ws/firmware/dev_ws/install/ament_cmake_export_dependencies:/home/mondegrin/programs/slon/microros_ws/firmware/dev_ws/install/ament_cmake_libraries:/home/mondegrin/programs/slon/microros_ws/firmware/dev_ws/install/ament_cmake_include_directories:/home/mondegrin/programs/slon/microros_ws/firmware/dev_ws/install/ament_cmake_gen_version_h:/home/mondegrin/programs/slon/microros_ws/firmware/dev_ws/install/ament_cmake_export_targets:/home/mondegrin/programs/slon/microros_ws/firmware/dev_ws/install/ament_cmake_export_link_flags:/home/mondegrin/programs/slon/microros_ws/firmware/dev_ws/install/ament_cmake_export_interfaces:/home/mondegrin/programs/slon/microros_ws/firmware/dev_ws/install/ament_cmake_export_libraries:/home/mondegrin/programs/slon/microros_ws/firmware/dev_ws/install/ament_cmake_export_include_directories:/home/mondegrin/programs/slon/microros_ws/firmware/dev_ws/install/ament_cmake_export_definitions:/home/mondegrin/programs/slon/microros_ws/firmware/dev_ws/install/ament_cmake_core:/home/mondegrin/programs/slon/microros_ws/firmware/dev_ws/install/ament_index_cpp:/home/mondegrin/programs/slon/microros_ws/firmware/dev_ws/install/ament_uncrustify:/home/mondegrin/programs/slon/microros_ws/firmware/dev_ws/install/domain_coordinator:/home/mondegrin/programs/slon/microros_ws/firmware/dev_ws/install/ament_xmllint:/home/mondegrin/programs/slon/microros_ws/firmware/dev_ws/install/ament_pyflakes:/home/mondegrin/programs/slon/microros_ws/firmware/dev_ws/install/ament_pycodestyle:/home/mondegrin/programs/slon/microros_ws/firmware/dev_ws/install/ament_pep257:/home/mondegrin/programs/slon/microros_ws/firmware/dev_ws/install/ament_pclint:/home/mondegrin/programs/slon/microros_ws/firmware/dev_ws/install/ament_package:/home/mondegrin/programs/slon/microros_ws/firmware/dev_ws/install/ament_mypy:/home/mondegrin/programs/slon/microros_ws/firmware/dev_ws/install/ament_lint_cmake:/home/mondegrin/programs/slon/microros_ws/firmware/dev_ws/install/ament_flake8:/home/mondegrin/programs/slon/microros_ws/firmware/dev_ws/install/ament_copyright:/home/mondegrin/programs/slon/microros_ws/firmware/dev_ws/install/ament_lint:/home/mondegrin/programs/slon/microros_ws/firmware/dev_ws/install/ament_index_python:/home/mondegrin/programs/slon/microros_ws/firmware/dev_ws/install/ament_cpplint:/home/mondegrin/programs/slon/microros_ws/firmware/dev_ws/install/ament_cppcheck:/home/mondegrin/programs/slon/microros_ws/firmware/dev_ws/install/ament_clang_tidy:/home/mondegrin/programs/slon/microros_ws/firmware/dev_ws/install/ament_clang_format LD_LIBRARY_PATH=/home/mondegrin/programs/slon/microros_ws/firmware/mcu_ws/install/lib:${LD_LIBRARY_PATH} PATH=/home/mondegrin/programs/slon/microros_ws/firmware/mcu_ws/install/bin:${PATH} PYTHONPATH=/home/mondegrin/programs/slon/microros_ws/firmware/mcu_ws/install/lib/python3.10/site-packages:${PYTHONPATH} /usr/bin/cmake --build /home/mondegrin/programs/slon/microros_ws/firmware/mcu_ws/build/type_description_interfaces -- -j16 -l16
[0.263s] gmake[4]: Entering directory '/home/mondegrin/programs/slon/microros_ws/firmware/mcu_ws/build/type_description_interfaces'
[0.264s] /usr/bin/cmake -S/home/mondegrin/programs/slon/microros_ws/firmware/mcu_ws/ros2/rcl_interfaces/type_description_interfaces -B/home/mondegrin/programs/slon/microros_ws/firmware/mcu_ws/build/type_description_interfaces --check-build-system CMakeFiles/Makefile.cmake 0
[0.276s] Re-run cmake file: Makefile older than: /home/mondegrin/programs/slon/microros_ws/firmware/freertos_apps/microros_esp32_extensions/esp32_toolchain.cmake
[0.285s] -- Found ament_cmake: 2.0.3 (/home/mondegrin/programs/slon/microros_ws/firmware/dev_ws/install/ament_cmake/share/ament_cmake/cmake)
[0.587s] -- Found rosidl_core_generators: 0.1.1 (/home/mondegrin/programs/slon/microros_ws/firmware/mcu_ws/install/share/rosidl_core_generators/cmake)
[0.608s] -- Using all available rosidl_typesupport_c: rosidl_typesupport_introspection_c;rosidl_typesupport_microxrcedds_c
[0.647s] [33mCMake Warning at /home/mondegrin/programs/slon/microros_ws/firmware/mcu_ws/install/share/rcutils/cmake/ament_cmake_export_libraries-extras.cmake:116 (message):
[0.647s]   Package 'rcutils' exports library 'dl' which couldn't be found
[0.647s] Call Stack (most recent call first):
[0.648s]   /home/mondegrin/programs/slon/microros_ws/firmware/mcu_ws/install/share/rcutils/cmake/rcutilsConfig.cmake:41 (include)
[0.648s]   /home/mondegrin/programs/slon/microros_ws/firmware/mcu_ws/install/share/rosidl_runtime_c/cmake/ament_cmake_export_dependencies-extras.cmake:21 (find_package)
[0.648s]   /home/mondegrin/programs/slon/microros_ws/firmware/mcu_ws/install/share/rosidl_runtime_c/cmake/rosidl_runtime_cConfig.cmake:41 (include)
[0.648s]   /home/mondegrin/programs/slon/microros_ws/firmware/mcu_ws/install/share/rosidl_typesupport_introspection_c/cmake/ament_cmake_export_dependencies-extras.cmake:21 (find_package)
[0.648s]   /home/mondegrin/programs/slon/microros_ws/firmware/mcu_ws/install/share/rosidl_typesupport_introspection_c/cmake/rosidl_typesupport_introspection_cConfig.cmake:41 (include)
[0.648s]   /home/mondegrin/programs/slon/microros_ws/firmware/mcu_ws/install/share/rosidl_typesupport_c/cmake/rosidl_typesupport_c-extras.cmake:13 (find_package)
[0.648s]   /home/mondegrin/programs/slon/microros_ws/firmware/mcu_ws/install/share/rosidl_typesupport_c/cmake/rosidl_typesupport_cConfig.cmake:41 (include)
[0.648s]   /home/mondegrin/programs/slon/microros_ws/firmware/mcu_ws/install/share/rosidl_core_generators/cmake/rosidl_core_generators-extras.cmake:21 (find_package)
[0.648s]   /home/mondegrin/programs/slon/microros_ws/firmware/mcu_ws/install/share/rosidl_core_generators/cmake/rosidl_core_generatorsConfig.cmake:41 (include)
[0.648s]   CMakeLists.txt:16 (find_package)
[0.648s] 
[0.648s] [0m
[0.671s] -- Found rosidl_adapter: 4.0.1 (/home/mondegrin/programs/slon/microros_ws/firmware/mcu_ws/install/share/rosidl_adapter/cmake)
[1.608s] -- Found ament_cmake_ros: 0.11.2 (/home/mondegrin/programs/slon/microros_ws/firmware/dev_ws/install/ament_cmake_ros/share/ament_cmake_ros/cmake)
[1.839s] -- Using all available rosidl_typesupport_c: rosidl_typesupport_introspection_c;rosidl_typesupport_microxrcedds_c
[1.847s] -- Configuring done
[1.883s] -- Generating done
[1.886s] -- Build files have been written to: /home/mondegrin/programs/slon/microros_ws/firmware/mcu_ws/build/type_description_interfaces
[1.892s] /usr/bin/cmake -E cmake_progress_start /home/mondegrin/programs/slon/microros_ws/firmware/mcu_ws/build/type_description_interfaces/CMakeFiles /home/mondegrin/programs/slon/microros_ws/firmware/mcu_ws/build/type_description_interfaces//CMakeFiles/progress.marks
[1.902s] /usr/bin/gmake  -f CMakeFiles/Makefile2 all
[1.904s] gmake[5]: Entering directory '/home/mondegrin/programs/slon/microros_ws/firmware/mcu_ws/build/type_description_interfaces'
[1.904s] /usr/bin/gmake  -f CMakeFiles/type_description_interfaces__rosidl_generator_type_description.dir/build.make CMakeFiles/type_description_interfaces__rosidl_generator_type_description.dir/depend
[1.908s] gmake[6]: Entering directory '/home/mondegrin/programs/slon/microros_ws/firmware/mcu_ws/build/type_description_interfaces'
[1.908s] cd /home/mondegrin/programs/slon/microros_ws/firmware/mcu_ws/build/type_description_interfaces && /usr/bin/cmake -E cmake_depends "Unix Makefiles" /home/mondegrin/programs/slon/microros_ws/firmware/mcu_ws/ros2/rcl_interfaces/type_description_interfaces /home/mondegrin/programs/slon/microros_ws/firmware/mcu_ws/ros2/rcl_interfaces/type_description_interfaces /home/mondegrin/programs/slon/microros_ws/firmware/mcu_ws/build/type_description_interfaces /home/mondegrin/programs/slon/microros_ws/firmware/mcu_ws/build/type_description_interfaces /home/mondegrin/programs/slon/microros_ws/firmware/mcu_ws/build/type_description_interfaces/CMakeFiles/type_description_interfaces__rosidl_generator_type_description.dir/DependInfo.cmake --color=
[1.916s] gmake[6]: Leaving directory '/home/mondegrin/programs/slon/microros_ws/firmware/mcu_ws/build/type_description_interfaces'
[1.916s] /usr/bin/gmake  -f CMakeFiles/type_description_interfaces__rosidl_generator_type_description.dir/build.make CMakeFiles/type_description_interfaces__rosidl_generator_type_description.dir/build
[1.918s] gmake[6]: Entering directory '/home/mondegrin/programs/slon/microros_ws/firmware/mcu_ws/build/type_description_interfaces'
[1.919s] gmake[6]: Nothing to be done for 'CMakeFiles/type_description_interfaces__rosidl_generator_type_description.dir/build'.
[1.919s] gmake[6]: Leaving directory '/home/mondegrin/programs/slon/microros_ws/firmware/mcu_ws/build/type_description_interfaces'
[1.927s] [  1%] Built target type_description_interfaces__rosidl_generator_type_description
[1.929s] /usr/bin/gmake  -f CMakeFiles/type_description_interfaces__rosidl_generator_c.dir/build.make CMakeFiles/type_description_interfaces__rosidl_generator_c.dir/depend
[1.933s] gmake[6]: Entering directory '/home/mondegrin/programs/slon/microros_ws/firmware/mcu_ws/build/type_description_interfaces'
[1.933s] cd /home/mondegrin/programs/slon/microros_ws/firmware/mcu_ws/build/type_description_interfaces && /usr/bin/cmake -E cmake_depends "Unix Makefiles" /home/mondegrin/programs/slon/microros_ws/firmware/mcu_ws/ros2/rcl_interfaces/type_description_interfaces /home/mondegrin/programs/slon/microros_ws/firmware/mcu_ws/ros2/rcl_interfaces/type_description_interfaces /home/mondegrin/programs/slon/microros_ws/firmware/mcu_ws/build/type_description_interfaces /home/mondegrin/programs/slon/microros_ws/firmware/mcu_ws/build/type_description_interfaces /home/mondegrin/programs/slon/microros_ws/firmware/mcu_ws/build/type_description_interfaces/CMakeFiles/type_description_interfaces__rosidl_generator_c.dir/DependInfo.cmake --color=
[1.946s] Dependencies file "CMakeFiles/type_description_interfaces__rosidl_generator_c.dir/rosidl_generator_c/type_description_interfaces/msg/detail/field__description.c.obj.d" is newer than depends file "/home/mondegrin/programs/slon/microros_ws/firmware/mcu_ws/build/type_description_interfaces/CMakeFiles/type_description_interfaces__rosidl_generator_c.dir/compiler_depend.internal".
[1.946s] Dependencies file "CMakeFiles/type_description_interfaces__rosidl_generator_c.dir/rosidl_generator_c/type_description_interfaces/msg/detail/field__functions.c.obj.d" is newer than depends file "/home/mondegrin/programs/slon/microros_ws/firmware/mcu_ws/build/type_description_interfaces/CMakeFiles/type_description_interfaces__rosidl_generator_c.dir/compiler_depend.internal".
[1.947s] Dependencies file "CMakeFiles/type_description_interfaces__rosidl_generator_c.dir/rosidl_generator_c/type_description_interfaces/msg/detail/field__type_support.c.obj.d" is newer than depends file "/home/mondegrin/programs/slon/microros_ws/firmware/mcu_ws/build/type_description_interfaces/CMakeFiles/type_description_interfaces__rosidl_generator_c.dir/compiler_depend.internal".
[1.948s] Dependencies file "CMakeFiles/type_description_interfaces__rosidl_generator_c.dir/rosidl_generator_c/type_description_interfaces/msg/detail/field_type__description.c.obj.d" is newer than depends file "/home/mondegrin/programs/slon/microros_ws/firmware/mcu_ws/build/type_description_interfaces/CMakeFiles/type_description_interfaces__rosidl_generator_c.dir/compiler_depend.internal".
[1.948s] Dependencies file "CMakeFiles/type_description_interfaces__rosidl_generator_c.dir/rosidl_generator_c/type_description_interfaces/msg/detail/field_type__functions.c.obj.d" is newer than depends file "/home/mondegrin/programs/slon/microros_ws/firmware/mcu_ws/build/type_description_interfaces/CMakeFiles/type_description_interfaces__rosidl_generator_c.dir/compiler_depend.internal".
[1.948s] Dependencies file "CMakeFiles/type_description_interfaces__rosidl_generator_c.dir/rosidl_generator_c/type_description_interfaces/msg/detail/field_type__type_support.c.obj.d" is newer than depends file "/home/mondegrin/programs/slon/microros_ws/firmware/mcu_ws/build/type_description_interfaces/CMakeFiles/type_description_interfaces__rosidl_generator_c.dir/compiler_depend.internal".
[1.949s] Dependencies file "CMakeFiles/type_description_interfaces__rosidl_generator_c.dir/rosidl_generator_c/type_description_interfaces/msg/detail/individual_type_description__description.c.obj.d" is newer than depends file "/home/mondegrin/programs/slon/microros_ws/firmware/mcu_ws/build/type_description_interfaces/CMakeFiles/type_description_interfaces__rosidl_generator_c.dir/compiler_depend.internal".
[1.949s] Dependencies file "CMakeFiles/type_description_interfaces__rosidl_generator_c.dir/rosidl_generator_c/type_description_interfaces/msg/detail/individual_type_description__functions.c.obj.d" is newer than depends file "/home/mondegrin/programs/slon/microros_ws/firmware/mcu_ws/build/type_description_interfaces/CMakeFiles/type_description_interfaces__rosidl_generator_c.dir/compiler_depend.internal".
[1.949s] Dependencies file "CMakeFiles/type_description_interfaces__rosidl_generator_c.dir/rosidl_generator_c/type_description_interfaces/msg/detail/individual_type_description__type_support.c.obj.d" is newer than depends file "/home/mondegrin/programs/slon/microros_ws/firmware/mcu_ws/build/type_description_interfaces/CMakeFiles/type_description_interfaces__rosidl_generator_c.dir/compiler_depend.internal".
[1.949s] Dependencies file "CMakeFiles/type_description_interfaces__rosidl_generator_c.dir/rosidl_generator_c/type_description_interfaces/msg/detail/key_value__description.c.obj.d" is newer than depends file "/home/mondegrin/programs/slon/microros_ws/firmware/mcu_ws/build/type_description_interfaces/CMakeFiles/type_description_interfaces__rosidl_generator_c.dir/compiler_depend.internal".
[1.950s] Dependencies file "CMakeFiles/type_description_interfaces__rosidl_generator_c.dir/rosidl_generator_c/type_description_interfaces/msg/detail/key_value__functions.c.obj.d" is newer than depends file "/home/mondegrin/programs/slon/microros_ws/firmware/mcu_ws/build/type_description_interfaces/CMakeFiles/type_description_interfaces__rosidl_generator_c.dir/compiler_depend.internal".
[1.950s] Dependencies file "CMakeFiles/type_description_interfaces__rosidl_generator_c.dir/rosidl_generator_c/type_description_interfaces/msg/detail/key_value__type_support.c.obj.d" is newer than depends file "/home/mondegrin/programs/slon/microros_ws/firmware/mcu_ws/build/type_description_interfaces/CMakeFiles/type_description_interfaces__rosidl_generator_c.dir/compiler_depend.internal".
[1.950s] Dependencies file "CMakeFiles/type_description_interfaces__rosidl_generator_c.dir/rosidl_generator_c/type_description_interfaces/msg/detail/type_description__description.c.obj.d" is newer than depends file "/home/mondegrin/programs/slon/microros_ws/firmware/mcu_ws/build/type_description_interfaces/CMakeFiles/type_description_interfaces__rosidl_generator_c.dir/compiler_depend.internal".
[1.950s] Dependencies file "CMakeFiles/type_description_interfaces__rosidl_generator_c.dir/rosidl_generator_c/type_description_interfaces/msg/detail/type_description__functions.c.obj.d" is newer than depends file "/home/mondegrin/programs/slon/microros_ws/firmware/mcu_ws/build/type_description_interfaces/CMakeFiles/type_description_interfaces__rosidl_generator_c.dir/compiler_depend.internal".
[1.952s] Dependencies file "CMakeFiles/type_description_interfaces__rosidl_generator_c.dir/rosidl_generator_c/type_description_interfaces/msg/detail/type_description__type_support.c.obj.d" is newer than depends file "/home/mondegrin/programs/slon/microros_ws/firmware/mcu_ws/build/type_description_interfaces/CMakeFiles/type_description_interfaces__rosidl_generator_c.dir/compiler_depend.internal".
[1.952s] Dependencies file "CMakeFiles/type_description_interfaces__rosidl_generator_c.dir/rosidl_generator_c/type_description_interfaces/msg/detail/type_source__description.c.obj.d" is newer than depends file "/home/mondegrin/programs/slon/microros_ws/firmware/mcu_ws/build/type_description_interfaces/CMakeFiles/type_description_interfaces__rosidl_generator_c.dir/compiler_depend.internal".
[1.953s] Dependencies file "CMakeFiles/type_description_interfaces__rosidl_generator_c.dir/rosidl_generator_c/type_description_interfaces/msg/detail/type_source__functions.c.obj.d" is newer than depends file "/home/mondegrin/programs/slon/microros_ws/firmware/mcu_ws/build/type_description_interfaces/CMakeFiles/type_description_interfaces__rosidl_generator_c.dir/compiler_depend.internal".
[1.953s] Dependencies file "CMakeFiles/type_description_interfaces__rosidl_generator_c.dir/rosidl_generator_c/type_description_interfaces/msg/detail/type_source__type_support.c.obj.d" is newer than depends file "/home/mondegrin/programs/slon/microros_ws/firmware/mcu_ws/build/type_description_interfaces/CMakeFiles/type_description_interfaces__rosidl_generator_c.dir/compiler_depend.internal".
[1.953s] Dependencies file "CMakeFiles/type_description_interfaces__rosidl_generator_c.dir/rosidl_generator_c/type_description_interfaces/srv/detail/get_type_description__description.c.obj.d" is newer than depends file "/home/mondegrin/programs/slon/microros_ws/firmware/mcu_ws/build/type_description_interfaces/CMakeFiles/type_description_interfaces__rosidl_generator_c.dir/compiler_depend.internal".
[1.956s] Dependencies file "CMakeFiles/type_description_interfaces__rosidl_generator_c.dir/rosidl_generator_c/type_description_interfaces/srv/detail/get_type_description__functions.c.obj.d" is newer than depends file "/home/mondegrin/programs/slon/microros_ws/firmware/mcu_ws/build/type_description_interfaces/CMakeFiles/type_description_interfaces__rosidl_generator_c.dir/compiler_depend.internal".
[1.956s] Dependencies file "CMakeFiles/type_description_interfaces__rosidl_generator_c.dir/rosidl_generator_c/type_description_interfaces/srv/detail/get_type_description__type_support.c.obj.d" is newer than depends file "/home/mondegrin/programs/slon/microros_ws/firmware/mcu_ws/build/type_description_interfaces/CMakeFiles/type_description_interfaces__rosidl_generator_c.dir/compiler_depend.internal".
[1.957s] [35m[1mConsolidate compiler generated dependencies of target type_description_interfaces__rosidl_generator_c[0m
[1.962s] gmake[6]: Leaving directory '/home/mondegrin/programs/slon/microros_ws/firmware/mcu_ws/build/type_description_interfaces'
[1.962s] /usr/bin/gmake  -f CMakeFiles/type_description_interfaces__rosidl_generator_c.dir/build.make CMakeFiles/type_description_interfaces__rosidl_generator_c.dir/build
[1.973s] gmake[6]: Entering directory '/home/mondegrin/programs/slon/microros_ws/firmware/mcu_ws/build/type_description_interfaces'
[1.973s] gmake[6]: Nothing to be done for 'CMakeFiles/type_description_interfaces__rosidl_generator_c.dir/build'.
[1.973s] gmake[6]: Leaving directory '/home/mondegrin/programs/slon/microros_ws/firmware/mcu_ws/build/type_description_interfaces'
[1.984s] [ 47%] Built target type_description_interfaces__rosidl_generator_c
[1.986s] /usr/bin/gmake  -f CMakeFiles/type_description_interfaces__rosidl_typesupport_microxrcedds_c.dir/build.make CMakeFiles/type_description_interfaces__rosidl_typesupport_microxrcedds_c.dir/depend
[1.986s] /usr/bin/gmake  -f CMakeFiles/type_description_interfaces__rosidl_typesupport_introspection_c.dir/build.make CMakeFiles/type_description_interfaces__rosidl_typesupport_introspection_c.dir/depend
[1.986s] /usr/bin/gmake  -f CMakeFiles/type_description_interfaces__rosidl_typesupport_c.dir/build.make CMakeFiles/type_description_interfaces__rosidl_typesupport_c.dir/depend
[1.988s] gmake[6]: Entering directory '/home/mondegrin/programs/slon/microros_ws/firmware/mcu_ws/build/type_description_interfaces'
[1.989s] cd /home/mondegrin/programs/slon/microros_ws/firmware/mcu_ws/build/type_description_interfaces && /usr/bin/cmake -E cmake_depends "Unix Makefiles" /home/mondegrin/programs/slon/microros_ws/firmware/mcu_ws/ros2/rcl_interfaces/type_description_interfaces /home/mondegrin/programs/slon/microros_ws/firmware/mcu_ws/ros2/rcl_interfaces/type_description_interfaces /home/mondegrin/programs/slon/microros_ws/firmware/mcu_ws/build/type_description_interfaces /home/mondegrin/programs/slon/microros_ws/firmware/mcu_ws/build/type_description_interfaces /home/mondegrin/programs/slon/microros_ws/firmware/mcu_ws/build/type_description_interfaces/CMakeFiles/type_description_interfaces__rosidl_typesupport_microxrcedds_c.dir/DependInfo.cmake --color=
[1.989s] gmake[6]: Entering directory '/home/mondegrin/programs/slon/microros_ws/firmware/mcu_ws/build/type_description_interfaces'
[1.990s] cd /home/mondegrin/programs/slon/microros_ws/firmware/mcu_ws/build/type_description_interfaces && /usr/bin/cmake -E cmake_depends "Unix Makefiles" /home/mondegrin/programs/slon/microros_ws/firmware/mcu_ws/ros2/rcl_interfaces/type_description_interfaces /home/mondegrin/programs/slon/microros_ws/firmware/mcu_ws/ros2/rcl_interfaces/type_description_interfaces /home/mondegrin/programs/slon/microros_ws/firmware/mcu_ws/build/type_description_interfaces /home/mondegrin/programs/slon/microros_ws/firmware/mcu_ws/build/type_description_interfaces /home/mondegrin/programs/slon/microros_ws/firmware/mcu_ws/build/type_description_interfaces/CMakeFiles/type_description_interfaces__rosidl_typesupport_c.dir/DependInfo.cmake --color=
[1.991s] gmake[6]: Entering directory '/home/mondegrin/programs/slon/microros_ws/firmware/mcu_ws/build/type_description_interfaces'
[1.991s] cd /home/mondegrin/programs/slon/microros_ws/firmware/mcu_ws/build/type_description_interfaces && /usr/bin/cmake -E cmake_depends "Unix Makefiles" /home/mondegrin/programs/slon/microros_ws/firmware/mcu_ws/ros2/rcl_interfaces/type_description_interfaces /home/mondegrin/programs/slon/microros_ws/firmware/mcu_ws/ros2/rcl_interfaces/type_description_interfaces /home/mondegrin/programs/slon/microros_ws/firmware/mcu_ws/build/type_description_interfaces /home/mondegrin/programs/slon/microros_ws/firmware/mcu_ws/build/type_description_interfaces /home/mondegrin/programs/slon/microros_ws/firmware/mcu_ws/build/type_description_interfaces/CMakeFiles/type_description_interfaces__rosidl_typesupport_introspection_c.dir/DependInfo.cmake --color=
[2.001s] Dependencies file "CMakeFiles/type_description_interfaces__rosidl_typesupport_microxrcedds_c.dir/rosidl_typesupport_microxrcedds_c/type_description_interfaces/msg/detail/microxrcedds/field__type_support_c.c.obj.d" is newer than depends file "/home/mondegrin/programs/slon/microros_ws/firmware/mcu_ws/build/type_description_interfaces/CMakeFiles/type_description_interfaces__rosidl_typesupport_microxrcedds_c.dir/compiler_depend.internal".
[2.001s] Dependencies file "CMakeFiles/type_description_interfaces__rosidl_typesupport_microxrcedds_c.dir/rosidl_typesupport_microxrcedds_c/type_description_interfaces/msg/detail/microxrcedds/field_type__type_support_c.c.obj.d" is newer than depends file "/home/mondegrin/programs/slon/microros_ws/firmware/mcu_ws/build/type_description_interfaces/CMakeFiles/type_description_interfaces__rosidl_typesupport_microxrcedds_c.dir/compiler_depend.internal".
[2.002s] Dependencies file "CMakeFiles/type_description_interfaces__rosidl_typesupport_microxrcedds_c.dir/rosidl_typesupport_microxrcedds_c/type_description_interfaces/msg/detail/microxrcedds/individual_type_description__type_support_c.c.obj.d" is newer than depends file "/home/mondegrin/programs/slon/microros_ws/firmware/mcu_ws/build/type_description_interfaces/CMakeFiles/type_description_interfaces__rosidl_typesupport_microxrcedds_c.dir/compiler_depend.internal".
[2.002s] Dependencies file "CMakeFiles/type_description_interfaces__rosidl_typesupport_microxrcedds_c.dir/rosidl_typesupport_microxrcedds_c/type_description_interfaces/msg/detail/microxrcedds/key_value__type_support_c.c.obj.d" is newer than depends file "/home/mondegrin/programs/slon/microros_ws/firmware/mcu_ws/build/type_description_interfaces/CMakeFiles/type_description_interfaces__rosidl_typesupport_microxrcedds_c.dir/compiler_depend.internal".
[2.003s] Dependencies file "CMakeFiles/type_description_interfaces__rosidl_typesupport_microxrcedds_c.dir/rosidl_typesupport_microxrcedds_c/type_description_interfaces/msg/detail/microxrcedds/type_description__type_support_c.c.obj.d" is newer than depends file "/home/mondegrin/programs/slon/microros_ws/firmware/mcu_ws/build/type_description_interfaces/CMakeFiles/type_description_interfaces__rosidl_typesupport_microxrcedds_c.dir/compiler_depend.internal".
[2.003s] Dependencies file "CMakeFiles/type_description_interfaces__rosidl_typesupport_microxrcedds_c.dir/rosidl_typesupport_microxrcedds_c/type_description_interfaces/msg/detail/microxrcedds/type_source__type_support_c.c.obj.d" is newer than depends file "/home/mondegrin/programs/slon/microros_ws/firmware/mcu_ws/build/type_description_interfaces/CMakeFiles/type_description_interfaces__rosidl_typesupport_microxrcedds_c.dir/compiler_depend.internal".
[2.003s] Dependencies file "CMakeFiles/type_description_interfaces__rosidl_typesupport_microxrcedds_c.dir/rosidl_typesupport_microxrcedds_c/type_description_interfaces/srv/detail/microxrcedds/get_type_description__type_support_c.c.obj.d" is newer than depends file "/home/mondegrin/programs/slon/microros_ws/firmware/mcu_ws/build/type_description_interfaces/CMakeFiles/type_description_interfaces__rosidl_typesupport_microxrcedds_c.dir/compiler_depend.internal".
[2.004s] [35m[1mConsolidate compiler generated dependencies of target type_description_interfaces__rosidl_typesupport_microxrcedds_c[0m
[2.006s] Dependencies file "CMakeFiles/type_description_interfaces__rosidl_typesupport_introspection_c.dir/rosidl_typesupport_introspection_c/type_description_interfaces/msg/detail/field__type_support.c.obj.d" is newer than depends file "/home/mondegrin/programs/slon/microros_ws/firmware/mcu_ws/build/type_description_interfaces/CMakeFiles/type_description_interfaces__rosidl_typesupport_introspection_c.dir/compiler_depend.internal".
[2.006s] Dependencies file "CMakeFiles/type_description_interfaces__rosidl_typesupport_c.dir/rosidl_typesupport_c/type_description_interfaces/msg/field__type_support.cpp.obj.d" is newer than depends file "/home/mondegrin/programs/slon/microros_ws/firmware/mcu_ws/build/type_description_interfaces/CMakeFiles/type_description_interfaces__rosidl_typesupport_c.dir/compiler_depend.internal".
[2.007s] Dependencies file "CMakeFiles/type_description_interfaces__rosidl_typesupport_introspection_c.dir/rosidl_typesupport_introspection_c/type_description_interfaces/msg/detail/field_type__type_support.c.obj.d" is newer than depends file "/home/mondegrin/programs/slon/microros_ws/firmware/mcu_ws/build/type_description_interfaces/CMakeFiles/type_description_interfaces__rosidl_typesupport_introspection_c.dir/compiler_depend.internal".
[2.008s] Dependencies file "CMakeFiles/type_description_interfaces__rosidl_typesupport_c.dir/rosidl_typesupport_c/type_description_interfaces/msg/field_type__type_support.cpp.obj.d" is newer than depends file "/home/mondegrin/programs/slon/microros_ws/firmware/mcu_ws/build/type_description_interfaces/CMakeFiles/type_description_interfaces__rosidl_typesupport_c.dir/compiler_depend.internal".
[2.008s] Dependencies file "CMakeFiles/type_description_interfaces__rosidl_typesupport_introspection_c.dir/rosidl_typesupport_introspection_c/type_description_interfaces/msg/detail/individual_type_description__type_support.c.obj.d" is newer than depends file "/home/mondegrin/programs/slon/microros_ws/firmware/mcu_ws/build/type_description_interfaces/CMakeFiles/type_description_interfaces__rosidl_typesupport_introspection_c.dir/compiler_depend.internal".
[2.009s] Dependencies file "CMakeFiles/type_description_interfaces__rosidl_typesupport_c.dir/rosidl_typesupport_c/type_description_interfaces/msg/individual_type_description__type_support.cpp.obj.d" is newer than depends file "/home/mondegrin/programs/slon/microros_ws/firmware/mcu_ws/build/type_description_interfaces/CMakeFiles/type_description_interfaces__rosidl_typesupport_c.dir/compiler_depend.internal".
[2.009s] Dependencies file "CMakeFiles/type_description_interfaces__rosidl_typesupport_c.dir/rosidl_typesupport_c/type_description_interfaces/msg/key_value__type_support.cpp.obj.d" is newer than depends file "/home/mondegrin/programs/slon/microros_ws/firmware/mcu_ws/build/type_description_interfaces/CMakeFiles/type_description_interfaces__rosidl_typesupport_c.dir/compiler_depend.internal".
[2.009s] Dependencies file "CMakeFiles/type_description_interfaces__rosidl_typesupport_introspection_c.dir/rosidl_typesupport_introspection_c/type_description_interfaces/msg/detail/key_value__type_support.c.obj.d" is newer than depends file "/home/mondegrin/programs/slon/microros_ws/firmware/mcu_ws/build/type_description_interfaces/CMakeFiles/type_description_interfaces__rosidl_typesupport_introspection_c.dir/compiler_depend.internal".
[2.010s] Dependencies file "CMakeFiles/type_description_interfaces__rosidl_typesupport_introspection_c.dir/rosidl_typesupport_introspection_c/type_description_interfaces/msg/detail/type_description__type_support.c.obj.d" is newer than depends file "/home/mondegrin/programs/slon/microros_ws/firmware/mcu_ws/build/type_description_interfaces/CMakeFiles/type_description_interfaces__rosidl_typesupport_introspection_c.dir/compiler_depend.internal".
[2.010s] Dependencies file "CMakeFiles/type_description_interfaces__rosidl_typesupport_c.dir/rosidl_typesupport_c/type_description_interfaces/msg/type_description__type_support.cpp.obj.d" is newer than depends file "/home/mondegrin/programs/slon/microros_ws/firmware/mcu_ws/build/type_description_interfaces/CMakeFiles/type_description_interfaces__rosidl_typesupport_c.dir/compiler_depend.internal".
[2.010s] Dependencies file "CMakeFiles/type_description_interfaces__rosidl_typesupport_c.dir/rosidl_typesupport_c/type_description_interfaces/msg/type_source__type_support.cpp.obj.d" is newer than depends file "/home/mondegrin/programs/slon/microros_ws/firmware/mcu_ws/build/type_description_interfaces/CMakeFiles/type_description_interfaces__rosidl_typesupport_c.dir/compiler_depend.internal".
[2.011s] Dependencies file "CMakeFiles/type_description_interfaces__rosidl_typesupport_introspection_c.dir/rosidl_typesupport_introspection_c/type_description_interfaces/msg/detail/type_source__type_support.c.obj.d" is newer than depends file "/home/mondegrin/programs/slon/microros_ws/firmware/mcu_ws/build/type_description_interfaces/CMakeFiles/type_description_interfaces__rosidl_typesupport_introspection_c.dir/compiler_depend.internal".
[2.011s] Dependencies file "CMakeFiles/type_description_interfaces__rosidl_typesupport_introspection_c.dir/rosidl_typesupport_introspection_c/type_description_interfaces/srv/detail/get_type_description__type_support.c.obj.d" is newer than depends file "/home/mondegrin/programs/slon/microros_ws/firmware/mcu_ws/build/type_description_interfaces/CMakeFiles/type_description_interfaces__rosidl_typesupport_introspection_c.dir/compiler_depend.internal".
[2.011s] Dependencies file "CMakeFiles/type_description_interfaces__rosidl_typesupport_c.dir/rosidl_typesupport_c/type_description_interfaces/srv/get_type_description__type_support.cpp.obj.d" is newer than depends file "/home/mondegrin/programs/slon/microros_ws/firmware/mcu_ws/build/type_description_interfaces/CMakeFiles/type_description_interfaces__rosidl_typesupport_c.dir/compiler_depend.internal".
[2.012s] [35m[1mConsolidate compiler generated dependencies of target type_description_interfaces__rosidl_typesupport_c[0m
[2.012s] [35m[1mConsolidate compiler generated dependencies of target type_description_interfaces__rosidl_typesupport_introspection_c[0m
[2.012s] gmake[6]: Leaving directory '/home/mondegrin/programs/slon/microros_ws/firmware/mcu_ws/build/type_description_interfaces'
[2.012s] /usr/bin/gmake  -f CMakeFiles/type_description_interfaces__rosidl_typesupport_microxrcedds_c.dir/build.make CMakeFiles/type_description_interfaces__rosidl_typesupport_microxrcedds_c.dir/build
[2.015s] gmake[6]: Entering directory '/home/mondegrin/programs/slon/microros_ws/firmware/mcu_ws/build/type_description_interfaces'
[2.015s] gmake[6]: Nothing to be done for 'CMakeFiles/type_description_interfaces__rosidl_typesupport_microxrcedds_c.dir/build'.
[2.015s] gmake[6]: Leaving directory '/home/mondegrin/programs/slon/microros_ws/firmware/mcu_ws/build/type_description_interfaces'
[2.015s] gmake[6]: Leaving directory '/home/mondegrin/programs/slon/microros_ws/firmware/mcu_ws/build/type_description_interfaces'
[2.016s] gmake[6]: Leaving directory '/home/mondegrin/programs/slon/microros_ws/firmware/mcu_ws/build/type_description_interfaces'
[2.016s] /usr/bin/gmake  -f CMakeFiles/type_description_interfaces__rosidl_typesupport_introspection_c.dir/build.make CMakeFiles/type_description_interfaces__rosidl_typesupport_introspection_c.dir/build
[2.017s] /usr/bin/gmake  -f CMakeFiles/type_description_interfaces__rosidl_typesupport_c.dir/build.make CMakeFiles/type_description_interfaces__rosidl_typesupport_c.dir/build
[2.020s] gmake[6]: Entering directory '/home/mondegrin/programs/slon/microros_ws/firmware/mcu_ws/build/type_description_interfaces'
[2.021s] gmake[6]: Nothing to be done for 'CMakeFiles/type_description_interfaces__rosidl_typesupport_c.dir/build'.
[2.021s] gmake[6]: Leaving directory '/home/mondegrin/programs/slon/microros_ws/firmware/mcu_ws/build/type_description_interfaces'
[2.022s] gmake[6]: Entering directory '/home/mondegrin/programs/slon/microros_ws/firmware/mcu_ws/build/type_description_interfaces'
[2.022s] gmake[6]: Nothing to be done for 'CMakeFiles/type_description_interfaces__rosidl_typesupport_introspection_c.dir/build'.
[2.023s] gmake[6]: Leaving directory '/home/mondegrin/programs/slon/microros_ws/firmware/mcu_ws/build/type_description_interfaces'
[2.026s] [ 64%] Built target type_description_interfaces__rosidl_typesupport_microxrcedds_c
[2.032s] [ 82%] Built target type_description_interfaces__rosidl_typesupport_c
[2.038s] [100%] Built target type_description_interfaces__rosidl_typesupport_introspection_c
[2.039s] /usr/bin/gmake  -f CMakeFiles/type_description_interfaces.dir/build.make CMakeFiles/type_description_interfaces.dir/depend
[2.042s] gmake[6]: Entering directory '/home/mondegrin/programs/slon/microros_ws/firmware/mcu_ws/build/type_description_interfaces'
[2.042s] cd /home/mondegrin/programs/slon/microros_ws/firmware/mcu_ws/build/type_description_interfaces && /usr/bin/cmake -E cmake_depends "Unix Makefiles" /home/mondegrin/programs/slon/microros_ws/firmware/mcu_ws/ros2/rcl_interfaces/type_description_interfaces /home/mondegrin/programs/slon/microros_ws/firmware/mcu_ws/ros2/rcl_interfaces/type_description_interfaces /home/mondegrin/programs/slon/microros_ws/firmware/mcu_ws/build/type_description_interfaces /home/mondegrin/programs/slon/microros_ws/firmware/mcu_ws/build/type_description_interfaces /home/mondegrin/programs/slon/microros_ws/firmware/mcu_ws/build/type_description_interfaces/CMakeFiles/type_description_interfaces.dir/DependInfo.cmake --color=
[2.055s] gmake[6]: Leaving directory '/home/mondegrin/programs/slon/microros_ws/firmware/mcu_ws/build/type_description_interfaces'
[2.055s] /usr/bin/gmake  -f CMakeFiles/type_description_interfaces.dir/build.make CMakeFiles/type_description_interfaces.dir/build
[2.057s] gmake[6]: Entering directory '/home/mondegrin/programs/slon/microros_ws/firmware/mcu_ws/build/type_description_interfaces'
[2.057s] gmake[6]: Nothing to be done for 'CMakeFiles/type_description_interfaces.dir/build'.
[2.057s] gmake[6]: Leaving directory '/home/mondegrin/programs/slon/microros_ws/firmware/mcu_ws/build/type_description_interfaces'
[2.070s] [100%] Built target type_description_interfaces
[2.072s] gmake[5]: Leaving directory '/home/mondegrin/programs/slon/microros_ws/firmware/mcu_ws/build/type_description_interfaces'
[2.074s] /usr/bin/cmake -E cmake_progress_start /home/mondegrin/programs/slon/microros_ws/firmware/mcu_ws/build/type_description_interfaces/CMakeFiles 0
[2.086s] gmake[4]: Leaving directory '/home/mondegrin/programs/slon/microros_ws/firmware/mcu_ws/build/type_description_interfaces'
[2.093s] Invoked command in '/home/mondegrin/programs/slon/microros_ws/firmware/mcu_ws/build/type_description_interfaces' returned '0': AMENT_PREFIX_PATH=/home/mondegrin/programs/slon/microros_ws/firmware/mcu_ws/install:${AMENT_PREFIX_PATH} CMAKE_PREFIX_PATH=/home/mondegrin/programs/slon/microros_ws/firmware/mcu_ws/install:/home/mondegrin/programs/slon/microros_ws/firmware/dev_ws/install/ament_lint_common:/home/mondegrin/programs/slon/microros_ws/firmware/dev_ws/install/ament_cmake_uncrustify:/home/mondegrin/programs/slon/microros_ws/firmware/dev_ws/install/uncrustify_vendor:/home/mondegrin/programs/slon/microros_ws/firmware/dev_ws/install/ament_cmake_ros:/home/mondegrin/programs/slon/microros_ws/firmware/dev_ws/install/ament_cmake_gmock:/home/mondegrin/programs/slon/microros_ws/firmware/dev_ws/install/gmock_vendor:/home/mondegrin/programs/slon/microros_ws/firmware/dev_ws/install/ament_cmake_auto:/home/mondegrin/programs/slon/microros_ws/firmware/dev_ws/install/ament_cmake_gtest:/home/mondegrin/programs/slon/microros_ws/firmware/dev_ws/install/gtest_vendor:/home/mondegrin/programs/slon/microros_ws/firmware/dev_ws/install/ament_cmake_xmllint:/home/mondegrin/programs/slon/microros_ws/firmware/dev_ws/install/ament_cmake_pyflakes:/home/mondegrin/programs/slon/microros_ws/firmware/dev_ws/install/ament_cmake_pycodestyle:/home/mondegrin/programs/slon/microros_ws/firmware/dev_ws/install/ament_cmake_pep257:/home/mondegrin/programs/slon/microros_ws/firmware/dev_ws/install/ament_cmake_pclint:/home/mondegrin/programs/slon/microros_ws/firmware/dev_ws/install/ament_lint_auto:/home/mondegrin/programs/slon/microros_ws/firmware/dev_ws/install/ament_cmake:/home/mondegrin/programs/slon/microros_ws/firmware/dev_ws/install/ament_cmake_version:/home/mondegrin/programs/slon/microros_ws/firmware/dev_ws/install/ament_cmake_vendor_package:/home/mondegrin/programs/slon/microros_ws/firmware/dev_ws/install/ament_cmake_pytest:/home/mondegrin/programs/slon/microros_ws/firmware/dev_ws/install/ament_cmake_mypy:/home/mondegrin/programs/slon/microros_ws/firmware/dev_ws/install/ament_cmake_lint_cmake:/home/mondegrin/programs/slon/microros_ws/firmware/dev_ws/install/ament_cmake_google_benchmark:/home/mondegrin/programs/slon/microros_ws/firmware/dev_ws/install/ament_cmake_flake8:/home/mondegrin/programs/slon/microros_ws/firmware/dev_ws/install/ament_cmake_cpplint:/home/mondegrin/programs/slon/microros_ws/firmware/dev_ws/install/ament_cmake_cppcheck:/home/mondegrin/programs/slon/microros_ws/firmware/dev_ws/install/ament_cmake_copyright:/home/mondegrin/programs/slon/microros_ws/firmware/dev_ws/install/ament_cmake_clang_tidy:/home/mondegrin/programs/slon/microros_ws/firmware/dev_ws/install/ament_cmake_clang_format:/home/mondegrin/programs/slon/microros_ws/firmware/dev_ws/install/ament_cmake_test:/home/mondegrin/programs/slon/microros_ws/firmware/dev_ws/install/ament_cmake_target_dependencies:/home/mondegrin/programs/slon/microros_ws/firmware/dev_ws/install/ament_cmake_python:/home/mondegrin/programs/slon/microros_ws/firmware/dev_ws/install/ament_cmake_export_dependencies:/home/mondegrin/programs/slon/microros_ws/firmware/dev_ws/install/ament_cmake_libraries:/home/mondegrin/programs/slon/microros_ws/firmware/dev_ws/install/ament_cmake_include_directories:/home/mondegrin/programs/slon/microros_ws/firmware/dev_ws/install/ament_cmake_gen_version_h:/home/mondegrin/programs/slon/microros_ws/firmware/dev_ws/install/ament_cmake_export_targets:/home/mondegrin/programs/slon/microros_ws/firmware/dev_ws/install/ament_cmake_export_link_flags:/home/mondegrin/programs/slon/microros_ws/firmware/dev_ws/install/ament_cmake_export_interfaces:/home/mondegrin/programs/slon/microros_ws/firmware/dev_ws/install/ament_cmake_export_libraries:/home/mondegrin/programs/slon/microros_ws/firmware/dev_ws/install/ament_cmake_export_include_directories:/home/mondegrin/programs/slon/microros_ws/firmware/dev_ws/install/ament_cmake_export_definitions:/home/mondegrin/programs/slon/microros_ws/firmware/dev_ws/install/ament_cmake_core:/home/mondegrin/programs/slon/microros_ws/firmware/dev_ws/install/ament_index_cpp:/home/mondegrin/programs/slon/microros_ws/firmware/dev_ws/install/ament_uncrustify:/home/mondegrin/programs/slon/microros_ws/firmware/dev_ws/install/domain_coordinator:/home/mondegrin/programs/slon/microros_ws/firmware/dev_ws/install/ament_xmllint:/home/mondegrin/programs/slon/microros_ws/firmware/dev_ws/install/ament_pyflakes:/home/mondegrin/programs/slon/microros_ws/firmware/dev_ws/install/ament_pycodestyle:/home/mondegrin/programs/slon/microros_ws/firmware/dev_ws/install/ament_pep257:/home/mondegrin/programs/slon/microros_ws/firmware/dev_ws/install/ament_pclint:/home/mondegrin/programs/slon/microros_ws/firmware/dev_ws/install/ament_package:/home/mondegrin/programs/slon/microros_ws/firmware/dev_ws/install/ament_mypy:/home/mondegrin/programs/slon/microros_ws/firmware/dev_ws/install/ament_lint_cmake:/home/mondegrin/programs/slon/microros_ws/firmware/dev_ws/install/ament_flake8:/home/mondegrin/programs/slon/microros_ws/firmware/dev_ws/install/ament_copyright:/home/mondegrin/programs/slon/microros_ws/firmware/dev_ws/install/ament_lint:/home/mondegrin/programs/slon/microros_ws/firmware/dev_ws/install/ament_index_python:/home/mondegrin/programs/slon/microros_ws/firmware/dev_ws/install/ament_cpplint:/home/mondegrin/programs/slon/microros_ws/firmware/dev_ws/install/ament_cppcheck:/home/mondegrin/programs/slon/microros_ws/firmware/dev_ws/install/ament_clang_tidy:/home/mondegrin/programs/slon/microros_ws/firmware/dev_ws/install/ament_clang_format LD_LIBRARY_PATH=/home/mondegrin/programs/slon/microros_ws/firmware/mcu_ws/install/lib:${LD_LIBRARY_PATH} PATH=/home/mondegrin/programs/slon/microros_ws/firmware/mcu_ws/install/bin:${PATH} PYTHONPATH=/home/mondegrin/programs/slon/microros_ws/firmware/mcu_ws/install/lib/python3.10/site-packages:${PYTHONPATH} /usr/bin/cmake --build /home/mondegrin/programs/slon/microros_ws/firmware/mcu_ws/build/type_description_interfaces -- -j16 -l16
[2.371s] Invoking command in '/home/mondegrin/programs/slon/microros_ws/firmware/mcu_ws/build/type_description_interfaces': AMENT_PREFIX_PATH=/home/mondegrin/programs/slon/microros_ws/firmware/mcu_ws/install:${AMENT_PREFIX_PATH} CMAKE_PREFIX_PATH=/home/mondegrin/programs/slon/microros_ws/firmware/mcu_ws/install:/home/mondegrin/programs/slon/microros_ws/firmware/dev_ws/install/ament_lint_common:/home/mondegrin/programs/slon/microros_ws/firmware/dev_ws/install/ament_cmake_uncrustify:/home/mondegrin/programs/slon/microros_ws/firmware/dev_ws/install/uncrustify_vendor:/home/mondegrin/programs/slon/microros_ws/firmware/dev_ws/install/ament_cmake_ros:/home/mondegrin/programs/slon/microros_ws/firmware/dev_ws/install/ament_cmake_gmock:/home/mondegrin/programs/slon/microros_ws/firmware/dev_ws/install/gmock_vendor:/home/mondegrin/programs/slon/microros_ws/firmware/dev_ws/install/ament_cmake_auto:/home/mondegrin/programs/slon/microros_ws/firmware/dev_ws/install/ament_cmake_gtest:/home/mondegrin/programs/slon/microros_ws/firmware/dev_ws/install/gtest_vendor:/home/mondegrin/programs/slon/microros_ws/firmware/dev_ws/install/ament_cmake_xmllint:/home/mondegrin/programs/slon/microros_ws/firmware/dev_ws/install/ament_cmake_pyflakes:/home/mondegrin/programs/slon/microros_ws/firmware/dev_ws/install/ament_cmake_pycodestyle:/home/mondegrin/programs/slon/microros_ws/firmware/dev_ws/install/ament_cmake_pep257:/home/mondegrin/programs/slon/microros_ws/firmware/dev_ws/install/ament_cmake_pclint:/home/mondegrin/programs/slon/microros_ws/firmware/dev_ws/install/ament_lint_auto:/home/mondegrin/programs/slon/microros_ws/firmware/dev_ws/install/ament_cmake:/home/mondegrin/programs/slon/microros_ws/firmware/dev_ws/install/ament_cmake_version:/home/mondegrin/programs/slon/microros_ws/firmware/dev_ws/install/ament_cmake_vendor_package:/home/mondegrin/programs/slon/microros_ws/firmware/dev_ws/install/ament_cmake_pytest:/home/mondegrin/programs/slon/microros_ws/firmware/dev_ws/install/ament_cmake_mypy:/home/mondegrin/programs/slon/microros_ws/firmware/dev_ws/install/ament_cmake_lint_cmake:/home/mondegrin/programs/slon/microros_ws/firmware/dev_ws/install/ament_cmake_google_benchmark:/home/mondegrin/programs/slon/microros_ws/firmware/dev_ws/install/ament_cmake_flake8:/home/mondegrin/programs/slon/microros_ws/firmware/dev_ws/install/ament_cmake_cpplint:/home/mondegrin/programs/slon/microros_ws/firmware/dev_ws/install/ament_cmake_cppcheck:/home/mondegrin/programs/slon/microros_ws/firmware/dev_ws/install/ament_cmake_copyright:/home/mondegrin/programs/slon/microros_ws/firmware/dev_ws/install/ament_cmake_clang_tidy:/home/mondegrin/programs/slon/microros_ws/firmware/dev_ws/install/ament_cmake_clang_format:/home/mondegrin/programs/slon/microros_ws/firmware/dev_ws/install/ament_cmake_test:/home/mondegrin/programs/slon/microros_ws/firmware/dev_ws/install/ament_cmake_target_dependencies:/home/mondegrin/programs/slon/microros_ws/firmware/dev_ws/install/ament_cmake_python:/home/mondegrin/programs/slon/microros_ws/firmware/dev_ws/install/ament_cmake_export_dependencies:/home/mondegrin/programs/slon/microros_ws/firmware/dev_ws/install/ament_cmake_libraries:/home/mondegrin/programs/slon/microros_ws/firmware/dev_ws/install/ament_cmake_include_directories:/home/mondegrin/programs/slon/microros_ws/firmware/dev_ws/install/ament_cmake_gen_version_h:/home/mondegrin/programs/slon/microros_ws/firmware/dev_ws/install/ament_cmake_export_targets:/home/mondegrin/programs/slon/microros_ws/firmware/dev_ws/install/ament_cmake_export_link_flags:/home/mondegrin/programs/slon/microros_ws/firmware/dev_ws/install/ament_cmake_export_interfaces:/home/mondegrin/programs/slon/microros_ws/firmware/dev_ws/install/ament_cmake_export_libraries:/home/mondegrin/programs/slon/microros_ws/firmware/dev_ws/install/ament_cmake_export_include_directories:/home/mondegrin/programs/slon/microros_ws/firmware/dev_ws/install/ament_cmake_export_definitions:/home/mondegrin/programs/slon/microros_ws/firmware/dev_ws/install/ament_cmake_core:/home/mondegrin/programs/slon/microros_ws/firmware/dev_ws/install/ament_index_cpp:/home/mondegrin/programs/slon/microros_ws/firmware/dev_ws/install/ament_uncrustify:/home/mondegrin/programs/slon/microros_ws/firmware/dev_ws/install/domain_coordinator:/home/mondegrin/programs/slon/microros_ws/firmware/dev_ws/install/ament_xmllint:/home/mondegrin/programs/slon/microros_ws/firmware/dev_ws/install/ament_pyflakes:/home/mondegrin/programs/slon/microros_ws/firmware/dev_ws/install/ament_pycodestyle:/home/mondegrin/programs/slon/microros_ws/firmware/dev_ws/install/ament_pep257:/home/mondegrin/programs/slon/microros_ws/firmware/dev_ws/install/ament_pclint:/home/mondegrin/programs/slon/microros_ws/firmware/dev_ws/install/ament_package:/home/mondegrin/programs/slon/microros_ws/firmware/dev_ws/install/ament_mypy:/home/mondegrin/programs/slon/microros_ws/firmware/dev_ws/install/ament_lint_cmake:/home/mondegrin/programs/slon/microros_ws/firmware/dev_ws/install/ament_flake8:/home/mondegrin/programs/slon/microros_ws/firmware/dev_ws/install/ament_copyright:/home/mondegrin/programs/slon/microros_ws/firmware/dev_ws/install/ament_lint:/home/mondegrin/programs/slon/microros_ws/firmware/dev_ws/install/ament_index_python:/home/mondegrin/programs/slon/microros_ws/firmware/dev_ws/install/ament_cpplint:/home/mondegrin/programs/slon/microros_ws/firmware/dev_ws/install/ament_cppcheck:/home/mondegrin/programs/slon/microros_ws/firmware/dev_ws/install/ament_clang_tidy:/home/mondegrin/programs/slon/microros_ws/firmware/dev_ws/install/ament_clang_format LD_LIBRARY_PATH=/home/mondegrin/programs/slon/microros_ws/firmware/mcu_ws/install/lib:${LD_LIBRARY_PATH} PATH=/home/mondegrin/programs/slon/microros_ws/firmware/mcu_ws/install/bin:${PATH} PYTHONPATH=/home/mondegrin/programs/slon/microros_ws/firmware/mcu_ws/install/lib/python3.10/site-packages:${PYTHONPATH} /usr/bin/cmake --install /home/mondegrin/programs/slon/microros_ws/firmware/mcu_ws/build/type_description_interfaces
[2.383s] -- Install configuration: "Debug"
[2.383s] -- Up-to-date: /home/mondegrin/programs/slon/microros_ws/firmware/mcu_ws/install/share/ament_index/resource_index/rosidl_interfaces/type_description_interfaces
[2.383s] -- Up-to-date: /home/mondegrin/programs/slon/microros_ws/firmware/mcu_ws/install/share/type_description_interfaces/msg/Field.json
[2.384s] -- Up-to-date: /home/mondegrin/programs/slon/microros_ws/firmware/mcu_ws/install/share/type_description_interfaces/msg/FieldType.json
[2.384s] -- Up-to-date: /home/mondegrin/programs/slon/microros_ws/firmware/mcu_ws/install/share/type_description_interfaces/msg/IndividualTypeDescription.json
[2.384s] -- Up-to-date: /home/mondegrin/programs/slon/microros_ws/firmware/mcu_ws/install/share/type_description_interfaces/msg/KeyValue.json
[2.385s] -- Up-to-date: /home/mondegrin/programs/slon/microros_ws/firmware/mcu_ws/install/share/type_description_interfaces/msg/TypeDescription.json
[2.385s] -- Up-to-date: /home/mondegrin/programs/slon/microros_ws/firmware/mcu_ws/install/share/type_description_interfaces/msg/TypeSource.json
[2.386s] -- Up-to-date: /home/mondegrin/programs/slon/microros_ws/firmware/mcu_ws/install/share/type_description_interfaces/srv/GetTypeDescription.json
[2.386s] -- Up-to-date: /home/mondegrin/programs/slon/microros_ws/firmware/mcu_ws/install/include/type_description_interfaces/type_description_interfaces
[2.386s] -- Up-to-date: /home/mondegrin/programs/slon/microros_ws/firmware/mcu_ws/install/include/type_description_interfaces/type_description_interfaces/msg
[2.386s] -- Up-to-date: /home/mondegrin/programs/slon/microros_ws/firmware/mcu_ws/install/include/type_description_interfaces/type_description_interfaces/msg/type_source.h
[2.386s] -- Up-to-date: /home/mondegrin/programs/slon/microros_ws/firmware/mcu_ws/install/include/type_description_interfaces/type_description_interfaces/msg/key_value.h
[2.386s] -- Up-to-date: /home/mondegrin/programs/slon/microros_ws/firmware/mcu_ws/install/include/type_description_interfaces/type_description_interfaces/msg/individual_type_description.h
[2.387s] -- Up-to-date: /home/mondegrin/programs/slon/microros_ws/firmware/mcu_ws/install/include/type_description_interfaces/type_description_interfaces/msg/field_type.h
[2.387s] -- Up-to-date: /home/mondegrin/programs/slon/microros_ws/firmware/mcu_ws/install/include/type_description_interfaces/type_description_interfaces/msg/rosidl_generator_c__visibility_control.h
[2.387s] -- Up-to-date: /home/mondegrin/programs/slon/microros_ws/firmware/mcu_ws/install/include/type_description_interfaces/type_description_interfaces/msg/field.h
[2.387s] -- Up-to-date: /home/mondegrin/programs/slon/microros_ws/firmware/mcu_ws/install/include/type_description_interfaces/type_description_interfaces/msg/detail
[2.387s] -- Up-to-date: /home/mondegrin/programs/slon/microros_ws/firmware/mcu_ws/install/include/type_description_interfaces/type_description_interfaces/msg/detail/key_value__functions.c
[2.387s] -- Up-to-date: /home/mondegrin/programs/slon/microros_ws/firmware/mcu_ws/install/include/type_description_interfaces/type_description_interfaces/msg/detail/type_description__functions.c
[2.388s] -- Up-to-date: /home/mondegrin/programs/slon/microros_ws/firmware/mcu_ws/install/include/type_description_interfaces/type_description_interfaces/msg/detail/field__type_support.h
[2.388s] -- Up-to-date: /home/mondegrin/programs/slon/microros_ws/firmware/mcu_ws/install/include/type_description_interfaces/type_description_interfaces/msg/detail/type_description__type_support.c
[2.388s] -- Up-to-date: /home/mondegrin/programs/slon/microros_ws/firmware/mcu_ws/install/include/type_description_interfaces/type_description_interfaces/msg/detail/field_type__functions.c
[2.389s] -- Up-to-date: /home/mondegrin/programs/slon/microros_ws/firmware/mcu_ws/install/include/type_description_interfaces/type_description_interfaces/msg/detail/individual_type_description__struct.h
[2.389s] -- Up-to-date: /home/mondegrin/programs/slon/microros_ws/firmware/mcu_ws/install/include/type_description_interfaces/type_description_interfaces/msg/detail/field_type__type_support.c
[2.389s] -- Up-to-date: /home/mondegrin/programs/slon/microros_ws/firmware/mcu_ws/install/include/type_description_interfaces/type_description_interfaces/msg/detail/type_description__description.c
[2.390s] -- Up-to-date: /home/mondegrin/programs/slon/microros_ws/firmware/mcu_ws/install/include/type_description_interfaces/type_description_interfaces/msg/detail/key_value__struct.h
[2.390s] -- Up-to-date: /home/mondegrin/programs/slon/microros_ws/firmware/mcu_ws/install/include/type_description_interfaces/type_description_interfaces/msg/detail/type_source__type_support.h
[2.390s] -- Up-to-date: /home/mondegrin/programs/slon/microros_ws/firmware/mcu_ws/install/include/type_description_interfaces/type_description_interfaces/msg/detail/individual_type_description__type_support.c
[2.390s] -- Up-to-date: /home/mondegrin/programs/slon/microros_ws/firmware/mcu_ws/install/include/type_description_interfaces/type_description_interfaces/msg/detail/type_source__type_support.c
[2.390s] -- Up-to-date: /home/mondegrin/programs/slon/microros_ws/firmware/mcu_ws/install/include/type_description_interfaces/type_description_interfaces/msg/detail/key_value__functions.h
[2.391s] -- Up-to-date: /home/mondegrin/programs/slon/microros_ws/firmware/mcu_ws/install/include/type_description_interfaces/type_description_interfaces/msg/detail/type_description__type_support.h
[2.391s] -- Up-to-date: /home/mondegrin/programs/slon/microros_ws/firmware/mcu_ws/install/include/type_description_interfaces/type_description_interfaces/msg/detail/field__type_support.c
[2.391s] -- Up-to-date: /home/mondegrin/programs/slon/microros_ws/firmware/mcu_ws/install/include/type_description_interfaces/type_description_interfaces/msg/detail/type_description__struct.h
[2.392s] -- Up-to-date: /home/mondegrin/programs/slon/microros_ws/firmware/mcu_ws/install/include/type_description_interfaces/type_description_interfaces/msg/detail/field__description.c
[2.392s] -- Up-to-date: /home/mondegrin/programs/slon/microros_ws/firmware/mcu_ws/install/include/type_description_interfaces/type_description_interfaces/msg/detail/key_value__type_support.h
[2.393s] -- Up-to-date: /home/mondegrin/programs/slon/microros_ws/firmware/mcu_ws/install/include/type_description_interfaces/type_description_interfaces/msg/detail/type_source__struct.h
[2.394s] -- Up-to-date: /home/mondegrin/programs/slon/microros_ws/firmware/mcu_ws/install/include/type_description_interfaces/type_description_interfaces/msg/detail/field_type__description.c
[2.395s] -- Up-to-date: /home/mondegrin/programs/slon/microros_ws/firmware/mcu_ws/install/include/type_description_interfaces/type_description_interfaces/msg/detail/type_source__functions.c
[2.396s] -- Up-to-date: /home/mondegrin/programs/slon/microros_ws/firmware/mcu_ws/install/include/type_description_interfaces/type_description_interfaces/msg/detail/individual_type_description__description.c
[2.396s] -- Up-to-date: /home/mondegrin/programs/slon/microros_ws/firmware/mcu_ws/install/include/type_description_interfaces/type_description_interfaces/msg/detail/field__functions.h
[2.397s] -- Up-to-date: /home/mondegrin/programs/slon/microros_ws/firmware/mcu_ws/install/include/type_description_interfaces/type_description_interfaces/msg/detail/individual_type_description__functions.h
[2.397s] -- Up-to-date: /home/mondegrin/programs/slon/microros_ws/firmware/mcu_ws/install/include/type_description_interfaces/type_description_interfaces/msg/detail/field_type__functions.h
[2.397s] -- Up-to-date: /home/mondegrin/programs/slon/microros_ws/firmware/mcu_ws/install/include/type_description_interfaces/type_description_interfaces/msg/detail/key_value__description.c
[2.397s] -- Up-to-date: /home/mondegrin/programs/slon/microros_ws/firmware/mcu_ws/install/include/type_description_interfaces/type_description_interfaces/msg/detail/key_value__type_support.c
[2.397s] -- Up-to-date: /home/mondegrin/programs/slon/microros_ws/firmware/mcu_ws/install/include/type_description_interfaces/type_description_interfaces/msg/detail/field__struct.h
[2.397s] -- Up-to-date: /home/mondegrin/programs/slon/microros_ws/firmware/mcu_ws/install/include/type_description_interfaces/type_description_interfaces/msg/detail/type_source__functions.h
[2.397s] -- Up-to-date: /home/mondegrin/programs/slon/microros_ws/firmware/mcu_ws/install/include/type_description_interfaces/type_description_interfaces/msg/detail/field_type__type_support.h
[2.398s] -- Up-to-date: /home/mondegrin/programs/slon/microros_ws/firmware/mcu_ws/install/include/type_description_interfaces/type_description_interfaces/msg/detail/field__functions.c
[2.398s] -- Up-to-date: /home/mondegrin/programs/slon/microros_ws/firmware/mcu_ws/install/include/type_description_interfaces/type_description_interfaces/msg/detail/individual_type_description__functions.c
[2.399s] -- Up-to-date: /home/mondegrin/programs/slon/microros_ws/firmware/mcu_ws/install/include/type_description_interfaces/type_description_interfaces/msg/detail/type_source__description.c
[2.399s] -- Up-to-date: /home/mondegrin/programs/slon/microros_ws/firmware/mcu_ws/install/include/type_description_interfaces/type_description_interfaces/msg/detail/individual_type_description__type_support.h
[2.399s] -- Up-to-date: /home/mondegrin/programs/slon/microros_ws/firmware/mcu_ws/install/include/type_description_interfaces/type_description_interfaces/msg/detail/type_description__functions.h
[2.400s] -- Up-to-date: /home/mondegrin/programs/slon/microros_ws/firmware/mcu_ws/install/include/type_description_interfaces/type_description_interfaces/msg/detail/field_type__struct.h
[2.400s] -- Up-to-date: /home/mondegrin/programs/slon/microros_ws/firmware/mcu_ws/install/include/type_description_interfaces/type_description_interfaces/msg/type_description.h
[2.400s] -- Up-to-date: /home/mondegrin/programs/slon/microros_ws/firmware/mcu_ws/install/include/type_description_interfaces/type_description_interfaces/srv
[2.400s] -- Up-to-date: /home/mondegrin/programs/slon/microros_ws/firmware/mcu_ws/install/include/type_description_interfaces/type_description_interfaces/srv/get_type_description.h
[2.401s] -- Up-to-date: /home/mondegrin/programs/slon/microros_ws/firmware/mcu_ws/install/include/type_description_interfaces/type_description_interfaces/srv/detail
[2.401s] -- Up-to-date: /home/mondegrin/programs/slon/microros_ws/firmware/mcu_ws/install/include/type_description_interfaces/type_description_interfaces/srv/detail/get_type_description__description.c
[2.402s] -- Up-to-date: /home/mondegrin/programs/slon/microros_ws/firmware/mcu_ws/install/include/type_description_interfaces/type_description_interfaces/srv/detail/get_type_description__type_support.h
[2.402s] -- Up-to-date: /home/mondegrin/programs/slon/microros_ws/firmware/mcu_ws/install/include/type_description_interfaces/type_description_interfaces/srv/detail/get_type_description__type_support.c
[2.403s] -- Up-to-date: /home/mondegrin/programs/slon/microros_ws/firmware/mcu_ws/install/include/type_description_interfaces/type_description_interfaces/srv/detail/get_type_description__functions.h
[2.404s] -- Up-to-date: /home/mondegrin/programs/slon/microros_ws/firmware/mcu_ws/install/include/type_description_interfaces/type_description_interfaces/srv/detail/get_type_description__struct.h
[2.404s] -- Up-to-date: /home/mondegrin/programs/slon/microros_ws/firmware/mcu_ws/install/include/type_description_interfaces/type_description_interfaces/srv/detail/get_type_description__functions.c
[2.405s] -- Up-to-date: /home/mondegrin/programs/slon/microros_ws/firmware/mcu_ws/install/share/type_description_interfaces/environment/library_path.sh
[2.405s] -- Up-to-date: /home/mondegrin/programs/slon/microros_ws/firmware/mcu_ws/install/share/type_description_interfaces/environment/library_path.dsv
[2.405s] -- Up-to-date: /home/mondegrin/programs/slon/microros_ws/firmware/mcu_ws/install/lib/libtype_description_interfaces__rosidl_generator_c.a
[2.405s] -- Up-to-date: /home/mondegrin/programs/slon/microros_ws/firmware/mcu_ws/install/include/type_description_interfaces/type_description_interfaces
[2.406s] -- Up-to-date: /home/mondegrin/programs/slon/microros_ws/firmware/mcu_ws/install/include/type_description_interfaces/type_description_interfaces/msg
[2.407s] -- Up-to-date: /home/mondegrin/programs/slon/microros_ws/firmware/mcu_ws/install/include/type_description_interfaces/type_description_interfaces/msg/rosidl_typesupport_introspection_c__visibility_control.h
[2.408s] -- Up-to-date: /home/mondegrin/programs/slon/microros_ws/firmware/mcu_ws/install/include/type_description_interfaces/type_description_interfaces/msg/detail
[2.409s] -- Up-to-date: /home/mondegrin/programs/slon/microros_ws/firmware/mcu_ws/install/include/type_description_interfaces/type_description_interfaces/msg/detail/key_value__rosidl_typesupport_introspection_c.h
[2.409s] -- Up-to-date: /home/mondegrin/programs/slon/microros_ws/firmware/mcu_ws/install/include/type_description_interfaces/type_description_interfaces/msg/detail/type_description__type_support.c
[2.409s] -- Up-to-date: /home/mondegrin/programs/slon/microros_ws/firmware/mcu_ws/install/include/type_description_interfaces/type_description_interfaces/msg/detail/type_description__rosidl_typesupport_introspection_c.h
[2.410s] -- Up-to-date: /home/mondegrin/programs/slon/microros_ws/firmware/mcu_ws/install/include/type_description_interfaces/type_description_interfaces/msg/detail/field_type__type_support.c
[2.410s] -- Up-to-date: /home/mondegrin/programs/slon/microros_ws/firmware/mcu_ws/install/include/type_description_interfaces/type_description_interfaces/msg/detail/individual_type_description__type_support.c
[2.410s] -- Up-to-date: /home/mondegrin/programs/slon/microros_ws/firmware/mcu_ws/install/include/type_description_interfaces/type_description_interfaces/msg/detail/type_source__type_support.c
[2.411s] -- Up-to-date: /home/mondegrin/programs/slon/microros_ws/firmware/mcu_ws/install/include/type_description_interfaces/type_description_interfaces/msg/detail/field__type_support.c
[2.411s] -- Up-to-date: /home/mondegrin/programs/slon/microros_ws/firmware/mcu_ws/install/include/type_description_interfaces/type_description_interfaces/msg/detail/field__rosidl_typesupport_introspection_c.h
[2.411s] -- Up-to-date: /home/mondegrin/programs/slon/microros_ws/firmware/mcu_ws/install/include/type_description_interfaces/type_description_interfaces/msg/detail/type_source__rosidl_typesupport_introspection_c.h
[2.411s] -- Up-to-date: /home/mondegrin/programs/slon/microros_ws/firmware/mcu_ws/install/include/type_description_interfaces/type_description_interfaces/msg/detail/key_value__type_support.c
[2.412s] -- Up-to-date: /home/mondegrin/programs/slon/microros_ws/firmware/mcu_ws/install/include/type_description_interfaces/type_description_interfaces/msg/detail/individual_type_description__rosidl_typesupport_introspection_c.h
[2.412s] -- Up-to-date: /home/mondegrin/programs/slon/microros_ws/firmware/mcu_ws/install/include/type_description_interfaces/type_description_interfaces/msg/detail/field_type__rosidl_typesupport_introspection_c.h
[2.412s] -- Up-to-date: /home/mondegrin/programs/slon/microros_ws/firmware/mcu_ws/install/include/type_description_interfaces/type_description_interfaces/srv
[2.412s] -- Up-to-date: /home/mondegrin/programs/slon/microros_ws/firmware/mcu_ws/install/include/type_description_interfaces/type_description_interfaces/srv/detail
[2.413s] -- Up-to-date: /home/mondegrin/programs/slon/microros_ws/firmware/mcu_ws/install/include/type_description_interfaces/type_description_interfaces/srv/detail/get_type_description__type_support.c
[2.413s] -- Up-to-date: /home/mondegrin/programs/slon/microros_ws/firmware/mcu_ws/install/include/type_description_interfaces/type_description_interfaces/srv/detail/get_type_description__rosidl_typesupport_introspection_c.h
[2.413s] -- Up-to-date: /home/mondegrin/programs/slon/microros_ws/firmware/mcu_ws/install/lib/libtype_description_interfaces__rosidl_typesupport_introspection_c.a
[2.418s] -- Up-to-date: /home/mondegrin/programs/slon/microros_ws/firmware/mcu_ws/install/include/type_description_interfaces
[2.424s] -- Up-to-date: /home/mondegrin/programs/slon/microros_ws/firmware/mcu_ws/install/include/type_description_interfaces/msg
[2.424s] -- Up-to-date: /home/mondegrin/programs/slon/microros_ws/firmware/mcu_ws/install/include/type_description_interfaces/msg/rosidl_typesupport_microxrcedds_c__visibility_control.h
[2.425s] -- Up-to-date: /home/mondegrin/programs/slon/microros_ws/firmware/mcu_ws/install/include/type_description_interfaces/msg/detail
[2.425s] -- Up-to-date: /home/mondegrin/programs/slon/microros_ws/firmware/mcu_ws/install/include/type_description_interfaces/msg/detail/type_source__rosidl_typesupport_microxrcedds_c.h
[2.425s] -- Up-to-date: /home/mondegrin/programs/slon/microros_ws/firmware/mcu_ws/install/include/type_description_interfaces/msg/detail/microxrcedds
[2.425s] -- Up-to-date: /home/mondegrin/programs/slon/microros_ws/firmware/mcu_ws/install/include/type_description_interfaces/msg/detail/field__rosidl_typesupport_microxrcedds_c.h
[2.426s] -- Up-to-date: /home/mondegrin/programs/slon/microros_ws/firmware/mcu_ws/install/include/type_description_interfaces/msg/detail/key_value__rosidl_typesupport_microxrcedds_c.h
[2.426s] -- Up-to-date: /home/mondegrin/programs/slon/microros_ws/firmware/mcu_ws/install/include/type_description_interfaces/msg/detail/type_description__rosidl_typesupport_microxrcedds_c.h
[2.426s] -- Up-to-date: /home/mondegrin/programs/slon/microros_ws/firmware/mcu_ws/install/include/type_description_interfaces/msg/detail/individual_type_description__rosidl_typesupport_microxrcedds_c.h
[2.426s] -- Up-to-date: /home/mondegrin/programs/slon/microros_ws/firmware/mcu_ws/install/include/type_description_interfaces/msg/detail/field_type__rosidl_typesupport_microxrcedds_c.h
[2.427s] -- Up-to-date: /home/mondegrin/programs/slon/microros_ws/firmware/mcu_ws/install/include/type_description_interfaces/srv
[2.427s] -- Up-to-date: /home/mondegrin/programs/slon/microros_ws/firmware/mcu_ws/install/include/type_description_interfaces/srv/detail
[2.428s] -- Up-to-date: /home/mondegrin/programs/slon/microros_ws/firmware/mcu_ws/install/include/type_description_interfaces/srv/detail/microxrcedds
[2.428s] -- Up-to-date: /home/mondegrin/programs/slon/microros_ws/firmware/mcu_ws/install/include/type_description_interfaces/srv/detail/get_type_description__rosidl_typesupport_microxrcedds_c.h
[2.428s] -- Up-to-date: /home/mondegrin/programs/slon/microros_ws/firmware/mcu_ws/install/lib/libtype_description_interfaces__rosidl_typesupport_microxrcedds_c.a
[2.428s] -- Up-to-date: /home/mondegrin/programs/slon/microros_ws/firmware/mcu_ws/install/lib/libtype_description_interfaces__rosidl_typesupport_c.a
[2.431s] -- Up-to-date: /home/mondegrin/programs/slon/microros_ws/firmware/mcu_ws/install/share/type_description_interfaces/msg/Field.idl
[2.432s] -- Up-to-date: /home/mondegrin/programs/slon/microros_ws/firmware/mcu_ws/install/share/type_description_interfaces/msg/FieldType.idl
[2.432s] -- Up-to-date: /home/mondegrin/programs/slon/microros_ws/firmware/mcu_ws/install/share/type_description_interfaces/msg/IndividualTypeDescription.idl
[2.432s] -- Up-to-date: /home/mondegrin/programs/slon/microros_ws/firmware/mcu_ws/install/share/type_description_interfaces/msg/KeyValue.idl
[2.432s] -- Up-to-date: /home/mondegrin/programs/slon/microros_ws/firmware/mcu_ws/install/share/type_description_interfaces/msg/TypeDescription.idl
[2.433s] -- Up-to-date: /home/mondegrin/programs/slon/microros_ws/firmware/mcu_ws/install/share/type_description_interfaces/msg/TypeSource.idl
[2.433s] -- Up-to-date: /home/mondegrin/programs/slon/microros_ws/firmware/mcu_ws/install/share/type_description_interfaces/srv/GetTypeDescription.idl
[2.433s] -- Up-to-date: /home/mondegrin/programs/slon/microros_ws/firmware/mcu_ws/install/share/type_description_interfaces/msg/Field.msg
[2.433s] -- Up-to-date: /home/mondegrin/programs/slon/microros_ws/firmware/mcu_ws/install/share/type_description_interfaces/msg/FieldType.msg
[2.433s] -- Up-to-date: /home/mondegrin/programs/slon/microros_ws/firmware/mcu_ws/install/share/type_description_interfaces/msg/IndividualTypeDescription.msg
[2.434s] -- Up-to-date: /home/mondegrin/programs/slon/microros_ws/firmware/mcu_ws/install/share/type_description_interfaces/msg/KeyValue.msg
[2.434s] -- Up-to-date: /home/mondegrin/programs/slon/microros_ws/firmware/mcu_ws/install/share/type_description_interfaces/msg/TypeDescription.msg
[2.435s] -- Up-to-date: /home/mondegrin/programs/slon/microros_ws/firmware/mcu_ws/install/share/type_description_interfaces/msg/TypeSource.msg
[2.435s] -- Up-to-date: /home/mondegrin/programs/slon/microros_ws/firmware/mcu_ws/install/share/type_description_interfaces/srv/GetTypeDescription.srv
[2.435s] -- Up-to-date: /home/mondegrin/programs/slon/microros_ws/firmware/mcu_ws/install/share/type_description_interfaces/srv/GetTypeDescription_Request.msg
[2.435s] -- Up-to-date: /home/mondegrin/programs/slon/microros_ws/firmware/mcu_ws/install/share/type_description_interfaces/srv/GetTypeDescription_Response.msg
[2.436s] -- Up-to-date: /home/mondegrin/programs/slon/microros_ws/firmware/mcu_ws/install/share/ament_index/resource_index/package_run_dependencies/type_description_interfaces
[2.436s] -- Up-to-date: /home/mondegrin/programs/slon/microros_ws/firmware/mcu_ws/install/share/ament_index/resource_index/parent_prefix_path/type_description_interfaces
[2.436s] -- Up-to-date: /home/mondegrin/programs/slon/microros_ws/firmware/mcu_ws/install/share/type_description_interfaces/environment/ament_prefix_path.sh
[2.436s] -- Up-to-date: /home/mondegrin/programs/slon/microros_ws/firmware/mcu_ws/install/share/type_description_interfaces/environment/ament_prefix_path.dsv
[2.437s] -- Up-to-date: /home/mondegrin/programs/slon/microros_ws/firmware/mcu_ws/install/share/type_description_interfaces/environment/path.sh
[2.437s] -- Up-to-date: /home/mondegrin/programs/slon/microros_ws/firmware/mcu_ws/install/share/type_description_interfaces/environment/path.dsv
[2.437s] -- Up-to-date: /home/mondegrin/programs/slon/microros_ws/firmware/mcu_ws/install/share/type_description_interfaces/local_setup.bash
[2.438s] -- Up-to-date: /home/mondegrin/programs/slon/microros_ws/firmware/mcu_ws/install/share/type_description_interfaces/local_setup.sh
[2.438s] -- Up-to-date: /home/mondegrin/programs/slon/microros_ws/firmware/mcu_ws/install/share/type_description_interfaces/local_setup.zsh
[2.438s] -- Up-to-date: /home/mondegrin/programs/slon/microros_ws/firmware/mcu_ws/install/share/type_description_interfaces/local_setup.dsv
[2.438s] -- Installing: /home/mondegrin/programs/slon/microros_ws/firmware/mcu_ws/install/share/type_description_interfaces/package.dsv
[2.438s] -- Up-to-date: /home/mondegrin/programs/slon/microros_ws/firmware/mcu_ws/install/share/ament_index/resource_index/packages/type_description_interfaces
[2.440s] -- Up-to-date: /home/mondegrin/programs/slon/microros_ws/firmware/mcu_ws/install/share/type_description_interfaces/cmake/export_type_description_interfaces__rosidl_generator_cExport.cmake
[2.440s] -- Up-to-date: /home/mondegrin/programs/slon/microros_ws/firmware/mcu_ws/install/share/type_description_interfaces/cmake/export_type_description_interfaces__rosidl_generator_cExport-debug.cmake
[2.440s] -- Up-to-date: /home/mondegrin/programs/slon/microros_ws/firmware/mcu_ws/install/share/type_description_interfaces/cmake/type_description_interfaces__rosidl_typesupport_introspection_cExport.cmake
[2.441s] -- Up-to-date: /home/mondegrin/programs/slon/microros_ws/firmware/mcu_ws/install/share/type_description_interfaces/cmake/type_description_interfaces__rosidl_typesupport_introspection_cExport-debug.cmake
[2.441s] -- Up-to-date: /home/mondegrin/programs/slon/microros_ws/firmware/mcu_ws/install/share/type_description_interfaces/cmake/type_description_interfaces__rosidl_typesupport_cExport.cmake
[2.441s] -- Up-to-date: /home/mondegrin/programs/slon/microros_ws/firmware/mcu_ws/install/share/type_description_interfaces/cmake/type_description_interfaces__rosidl_typesupport_cExport-debug.cmake
[2.441s] -- Up-to-date: /home/mondegrin/programs/slon/microros_ws/firmware/mcu_ws/install/share/type_description_interfaces/cmake/rosidl_cmake-extras.cmake
[2.442s] -- Up-to-date: /home/mondegrin/programs/slon/microros_ws/firmware/mcu_ws/install/share/type_description_interfaces/cmake/ament_cmake_export_dependencies-extras.cmake
[2.442s] -- Up-to-date: /home/mondegrin/programs/slon/microros_ws/firmware/mcu_ws/install/share/type_description_interfaces/cmake/ament_cmake_export_include_directories-extras.cmake
[2.442s] -- Up-to-date: /home/mondegrin/programs/slon/microros_ws/firmware/mcu_ws/install/share/type_description_interfaces/cmake/ament_cmake_export_libraries-extras.cmake
[2.442s] -- Up-to-date: /home/mondegrin/programs/slon/microros_ws/firmware/mcu_ws/install/share/type_description_interfaces/cmake/ament_cmake_export_targets-extras.cmake
[2.442s] -- Up-to-date: /home/mondegrin/programs/slon/microros_ws/firmware/mcu_ws/install/share/type_description_interfaces/cmake/rosidl_cmake_export_typesupport_targets-extras.cmake
[2.443s] -- Up-to-date: /home/mondegrin/programs/slon/microros_ws/firmware/mcu_ws/install/share/type_description_interfaces/cmake/rosidl_cmake_export_typesupport_libraries-extras.cmake
[2.443s] -- Up-to-date: /home/mondegrin/programs/slon/microros_ws/firmware/mcu_ws/install/share/type_description_interfaces/cmake/type_description_interfacesConfig.cmake
[2.443s] -- Up-to-date: /home/mondegrin/programs/slon/microros_ws/firmware/mcu_ws/install/share/type_description_interfaces/cmake/type_description_interfacesConfig-version.cmake
[2.443s] -- Up-to-date: /home/mondegrin/programs/slon/microros_ws/firmware/mcu_ws/install/share/type_description_interfaces/package.xml
[2.444s] Invoked command in '/home/mondegrin/programs/slon/microros_ws/firmware/mcu_ws/build/type_description_interfaces' returned '0': AMENT_PREFIX_PATH=/home/mondegrin/programs/slon/microros_ws/firmware/mcu_ws/install:${AMENT_PREFIX_PATH} CMAKE_PREFIX_PATH=/home/mondegrin/programs/slon/microros_ws/firmware/mcu_ws/install:/home/mondegrin/programs/slon/microros_ws/firmware/dev_ws/install/ament_lint_common:/home/mondegrin/programs/slon/microros_ws/firmware/dev_ws/install/ament_cmake_uncrustify:/home/mondegrin/programs/slon/microros_ws/firmware/dev_ws/install/uncrustify_vendor:/home/mondegrin/programs/slon/microros_ws/firmware/dev_ws/install/ament_cmake_ros:/home/mondegrin/programs/slon/microros_ws/firmware/dev_ws/install/ament_cmake_gmock:/home/mondegrin/programs/slon/microros_ws/firmware/dev_ws/install/gmock_vendor:/home/mondegrin/programs/slon/microros_ws/firmware/dev_ws/install/ament_cmake_auto:/home/mondegrin/programs/slon/microros_ws/firmware/dev_ws/install/ament_cmake_gtest:/home/mondegrin/programs/slon/microros_ws/firmware/dev_ws/install/gtest_vendor:/home/mondegrin/programs/slon/microros_ws/firmware/dev_ws/install/ament_cmake_xmllint:/home/mondegrin/programs/slon/microros_ws/firmware/dev_ws/install/ament_cmake_pyflakes:/home/mondegrin/programs/slon/microros_ws/firmware/dev_ws/install/ament_cmake_pycodestyle:/home/mondegrin/programs/slon/microros_ws/firmware/dev_ws/install/ament_cmake_pep257:/home/mondegrin/programs/slon/microros_ws/firmware/dev_ws/install/ament_cmake_pclint:/home/mondegrin/programs/slon/microros_ws/firmware/dev_ws/install/ament_lint_auto:/home/mondegrin/programs/slon/microros_ws/firmware/dev_ws/install/ament_cmake:/home/mondegrin/programs/slon/microros_ws/firmware/dev_ws/install/ament_cmake_version:/home/mondegrin/programs/slon/microros_ws/firmware/dev_ws/install/ament_cmake_vendor_package:/home/mondegrin/programs/slon/microros_ws/firmware/dev_ws/install/ament_cmake_pytest:/home/mondegrin/programs/slon/microros_ws/firmware/dev_ws/install/ament_cmake_mypy:/home/mondegrin/programs/slon/microros_ws/firmware/dev_ws/install/ament_cmake_lint_cmake:/home/mondegrin/programs/slon/microros_ws/firmware/dev_ws/install/ament_cmake_google_benchmark:/home/mondegrin/programs/slon/microros_ws/firmware/dev_ws/install/ament_cmake_flake8:/home/mondegrin/programs/slon/microros_ws/firmware/dev_ws/install/ament_cmake_cpplint:/home/mondegrin/programs/slon/microros_ws/firmware/dev_ws/install/ament_cmake_cppcheck:/home/mondegrin/programs/slon/microros_ws/firmware/dev_ws/install/ament_cmake_copyright:/home/mondegrin/programs/slon/microros_ws/firmware/dev_ws/install/ament_cmake_clang_tidy:/home/mondegrin/programs/slon/microros_ws/firmware/dev_ws/install/ament_cmake_clang_format:/home/mondegrin/programs/slon/microros_ws/firmware/dev_ws/install/ament_cmake_test:/home/mondegrin/programs/slon/microros_ws/firmware/dev_ws/install/ament_cmake_target_dependencies:/home/mondegrin/programs/slon/microros_ws/firmware/dev_ws/install/ament_cmake_python:/home/mondegrin/programs/slon/microros_ws/firmware/dev_ws/install/ament_cmake_export_dependencies:/home/mondegrin/programs/slon/microros_ws/firmware/dev_ws/install/ament_cmake_libraries:/home/mondegrin/programs/slon/microros_ws/firmware/dev_ws/install/ament_cmake_include_directories:/home/mondegrin/programs/slon/microros_ws/firmware/dev_ws/install/ament_cmake_gen_version_h:/home/mondegrin/programs/slon/microros_ws/firmware/dev_ws/install/ament_cmake_export_targets:/home/mondegrin/programs/slon/microros_ws/firmware/dev_ws/install/ament_cmake_export_link_flags:/home/mondegrin/programs/slon/microros_ws/firmware/dev_ws/install/ament_cmake_export_interfaces:/home/mondegrin/programs/slon/microros_ws/firmware/dev_ws/install/ament_cmake_export_libraries:/home/mondegrin/programs/slon/microros_ws/firmware/dev_ws/install/ament_cmake_export_include_directories:/home/mondegrin/programs/slon/microros_ws/firmware/dev_ws/install/ament_cmake_export_definitions:/home/mondegrin/programs/slon/microros_ws/firmware/dev_ws/install/ament_cmake_core:/home/mondegrin/programs/slon/microros_ws/firmware/dev_ws/install/ament_index_cpp:/home/mondegrin/programs/slon/microros_ws/firmware/dev_ws/install/ament_uncrustify:/home/mondegrin/programs/slon/microros_ws/firmware/dev_ws/install/domain_coordinator:/home/mondegrin/programs/slon/microros_ws/firmware/dev_ws/install/ament_xmllint:/home/mondegrin/programs/slon/microros_ws/firmware/dev_ws/install/ament_pyflakes:/home/mondegrin/programs/slon/microros_ws/firmware/dev_ws/install/ament_pycodestyle:/home/mondegrin/programs/slon/microros_ws/firmware/dev_ws/install/ament_pep257:/home/mondegrin/programs/slon/microros_ws/firmware/dev_ws/install/ament_pclint:/home/mondegrin/programs/slon/microros_ws/firmware/dev_ws/install/ament_package:/home/mondegrin/programs/slon/microros_ws/firmware/dev_ws/install/ament_mypy:/home/mondegrin/programs/slon/microros_ws/firmware/dev_ws/install/ament_lint_cmake:/home/mondegrin/programs/slon/microros_ws/firmware/dev_ws/install/ament_flake8:/home/mondegrin/programs/slon/microros_ws/firmware/dev_ws/install/ament_copyright:/home/mondegrin/programs/slon/microros_ws/firmware/dev_ws/install/ament_lint:/home/mondegrin/programs/slon/microros_ws/firmware/dev_ws/install/ament_index_python:/home/mondegrin/programs/slon/microros_ws/firmware/dev_ws/install/ament_cpplint:/home/mondegrin/programs/slon/microros_ws/firmware/dev_ws/install/ament_cppcheck:/home/mondegrin/programs/slon/microros_ws/firmware/dev_ws/install/ament_clang_tidy:/home/mondegrin/programs/slon/microros_ws/firmware/dev_ws/install/ament_clang_format LD_LIBRARY_PATH=/home/mondegrin/programs/slon/microros_ws/firmware/mcu_ws/install/lib:${LD_LIBRARY_PATH} PATH=/home/mondegrin/programs/slon/microros_ws/firmware/mcu_ws/install/bin:${PATH} PYTHONPATH=/home/mondegrin/programs/slon/microros_ws/firmware/mcu_ws/install/lib/python3.10/site-packages:${PYTHONPATH} /usr/bin/cmake --install /home/mondegrin/programs/slon/microros_ws/firmware/mcu_ws/build/type_description_interfaces
