[2.617s] Invoking command in '/home/mondegrin/programs/slon/microros_ws/firmware/mcu_ws/ros2/ros2_tracing/ros2trace': AMENT_PREFIX_PATH=/home/mondegrin/programs/slon/microros_ws/firmware/mcu_ws/install:${AMENT_PREFIX_PATH} CMAKE_PREFIX_PATH=/home/mondegrin/programs/slon/microros_ws/firmware/mcu_ws/install:${CMAKE_PREFIX_PATH} PATH=/home/mondegrin/programs/slon/microros_ws/firmware/mcu_ws/install/bin:${PATH} PYTHONPATH=/home/mondegrin/programs/slon/microros_ws/firmware/mcu_ws/build/ros2trace/prefix_override:/home/mondegrin/programs/slon/microros_ws/firmware/mcu_ws/install/lib/python3.10/site-packages:/home/mondegrin/programs/slon/microros_ws/firmware/mcu_ws/install/lib/python3.10/site-packages:${PYTHONPATH} /usr/bin/python3 setup.py egg_info --egg-base ../../../build/ros2trace build --build-base /home/mondegrin/programs/slon/microros_ws/firmware/mcu_ws/build/ros2trace/build install --record /home/mondegrin/programs/slon/microros_ws/firmware/mcu_ws/build/ros2trace/install.log --single-version-externally-managed
[3.724s] running egg_info
[3.729s] writing ../../../build/ros2trace/ros2trace.egg-info/PKG-INFO
[3.730s] writing dependency_links to ../../../build/ros2trace/ros2trace.egg-info/dependency_links.txt
[3.730s] writing entry points to ../../../build/ros2trace/ros2trace.egg-info/entry_points.txt
[3.731s] writing requirements to ../../../build/ros2trace/ros2trace.egg-info/requires.txt
[3.733s] writing top-level names to ../../../build/ros2trace/ros2trace.egg-info/top_level.txt
[3.738s] reading manifest file '../../../build/ros2trace/ros2trace.egg-info/SOURCES.txt'
[3.744s] writing manifest file '../../../build/ros2trace/ros2trace.egg-info/SOURCES.txt'
[3.745s] running build
[3.746s] running build_py
[3.747s] running install
[3.751s] /usr/lib/python3/dist-packages/setuptools/command/install.py:34: SetuptoolsDeprecationWarning: setup.py install is deprecated. Use build and pip and other standards-based tools.
[3.753s]   warnings.warn(
[3.755s] running install_lib
[3.756s] running install_data
[3.757s] running install_egg_info
[3.764s] removing '/home/mondegrin/programs/slon/microros_ws/firmware/mcu_ws/install/lib/python3.10/site-packages/ros2trace-6.3.1-py3.10.egg-info' (and everything under it)
[3.766s] Copying ../../../build/ros2trace/ros2trace.egg-info to /home/mondegrin/programs/slon/microros_ws/firmware/mcu_ws/install/lib/python3.10/site-packages/ros2trace-6.3.1-py3.10.egg-info
[3.767s] running install_scripts
[3.833s] writing list of installed files to '/home/mondegrin/programs/slon/microros_ws/firmware/mcu_ws/build/ros2trace/install.log'
[4.142s] Invoked command in '/home/mondegrin/programs/slon/microros_ws/firmware/mcu_ws/ros2/ros2_tracing/ros2trace' returned '0': AMENT_PREFIX_PATH=/home/mondegrin/programs/slon/microros_ws/firmware/mcu_ws/install:${AMENT_PREFIX_PATH} CMAKE_PREFIX_PATH=/home/mondegrin/programs/slon/microros_ws/firmware/mcu_ws/install:${CMAKE_PREFIX_PATH} PATH=/home/mondegrin/programs/slon/microros_ws/firmware/mcu_ws/install/bin:${PATH} PYTHONPATH=/home/mondegrin/programs/slon/microros_ws/firmware/mcu_ws/build/ros2trace/prefix_override:/home/mondegrin/programs/slon/microros_ws/firmware/mcu_ws/install/lib/python3.10/site-packages:/home/mondegrin/programs/slon/microros_ws/firmware/mcu_ws/install/lib/python3.10/site-packages:${PYTHONPATH} /usr/bin/python3 setup.py egg_info --egg-base ../../../build/ros2trace build --build-base /home/mondegrin/programs/slon/microros_ws/firmware/mcu_ws/build/ros2trace/build install --record /home/mondegrin/programs/slon/microros_ws/firmware/mcu_ws/build/ros2trace/install.log --single-version-externally-managed
