[0.634s] Invoking command in '/home/mondegrin/programs/slon/microros_ws/firmware/mcu_ws/build/rosgraph_msgs': AMENT_PREFIX_PATH=/home/mondegrin/programs/slon/microros_ws/firmware/mcu_ws/install:${AMENT_PREFIX_PATH} CMAKE_PREFIX_PATH=/home/mondegrin/programs/slon/microros_ws/firmware/mcu_ws/install:/home/mondegrin/programs/slon/microros_ws/firmware/dev_ws/install/ament_lint_common:/home/mondegrin/programs/slon/microros_ws/firmware/dev_ws/install/ament_cmake_uncrustify:/home/mondegrin/programs/slon/microros_ws/firmware/dev_ws/install/uncrustify_vendor:/home/mondegrin/programs/slon/microros_ws/firmware/dev_ws/install/ament_cmake_ros:/home/mondegrin/programs/slon/microros_ws/firmware/dev_ws/install/ament_cmake_gmock:/home/mondegrin/programs/slon/microros_ws/firmware/dev_ws/install/gmock_vendor:/home/mondegrin/programs/slon/microros_ws/firmware/dev_ws/install/ament_cmake_auto:/home/mondegrin/programs/slon/microros_ws/firmware/dev_ws/install/ament_cmake_gtest:/home/mondegrin/programs/slon/microros_ws/firmware/dev_ws/install/gtest_vendor:/home/mondegrin/programs/slon/microros_ws/firmware/dev_ws/install/ament_cmake_xmllint:/home/mondegrin/programs/slon/microros_ws/firmware/dev_ws/install/ament_cmake_pyflakes:/home/mondegrin/programs/slon/microros_ws/firmware/dev_ws/install/ament_cmake_pycodestyle:/home/mondegrin/programs/slon/microros_ws/firmware/dev_ws/install/ament_cmake_pep257:/home/mondegrin/programs/slon/microros_ws/firmware/dev_ws/install/ament_cmake_pclint:/home/mondegrin/programs/slon/microros_ws/firmware/dev_ws/install/ament_lint_auto:/home/mondegrin/programs/slon/microros_ws/firmware/dev_ws/install/ament_cmake:/home/mondegrin/programs/slon/microros_ws/firmware/dev_ws/install/ament_cmake_version:/home/mondegrin/programs/slon/microros_ws/firmware/dev_ws/install/ament_cmake_vendor_package:/home/mondegrin/programs/slon/microros_ws/firmware/dev_ws/install/ament_cmake_pytest:/home/mondegrin/programs/slon/microros_ws/firmware/dev_ws/install/ament_cmake_mypy:/home/mondegrin/programs/slon/microros_ws/firmware/dev_ws/install/ament_cmake_lint_cmake:/home/mondegrin/programs/slon/microros_ws/firmware/dev_ws/install/ament_cmake_google_benchmark:/home/mondegrin/programs/slon/microros_ws/firmware/dev_ws/install/ament_cmake_flake8:/home/mondegrin/programs/slon/microros_ws/firmware/dev_ws/install/ament_cmake_cpplint:/home/mondegrin/programs/slon/microros_ws/firmware/dev_ws/install/ament_cmake_cppcheck:/home/mondegrin/programs/slon/microros_ws/firmware/dev_ws/install/ament_cmake_copyright:/home/mondegrin/programs/slon/microros_ws/firmware/dev_ws/install/ament_cmake_clang_tidy:/home/mondegrin/programs/slon/microros_ws/firmware/dev_ws/install/ament_cmake_clang_format:/home/mondegrin/programs/slon/microros_ws/firmware/dev_ws/install/ament_cmake_test:/home/mondegrin/programs/slon/microros_ws/firmware/dev_ws/install/ament_cmake_target_dependencies:/home/mondegrin/programs/slon/microros_ws/firmware/dev_ws/install/ament_cmake_python:/home/mondegrin/programs/slon/microros_ws/firmware/dev_ws/install/ament_cmake_export_dependencies:/home/mondegrin/programs/slon/microros_ws/firmware/dev_ws/install/ament_cmake_libraries:/home/mondegrin/programs/slon/microros_ws/firmware/dev_ws/install/ament_cmake_include_directories:/home/mondegrin/programs/slon/microros_ws/firmware/dev_ws/install/ament_cmake_gen_version_h:/home/mondegrin/programs/slon/microros_ws/firmware/dev_ws/install/ament_cmake_export_targets:/home/mondegrin/programs/slon/microros_ws/firmware/dev_ws/install/ament_cmake_export_link_flags:/home/mondegrin/programs/slon/microros_ws/firmware/dev_ws/install/ament_cmake_export_interfaces:/home/mondegrin/programs/slon/microros_ws/firmware/dev_ws/install/ament_cmake_export_libraries:/home/mondegrin/programs/slon/microros_ws/firmware/dev_ws/install/ament_cmake_export_include_directories:/home/mondegrin/programs/slon/microros_ws/firmware/dev_ws/install/ament_cmake_export_definitions:/home/mondegrin/programs/slon/microros_ws/firmware/dev_ws/install/ament_cmake_core:/home/mondegrin/programs/slon/microros_ws/firmware/dev_ws/install/ament_index_cpp:/home/mondegrin/programs/slon/microros_ws/firmware/dev_ws/install/ament_uncrustify:/home/mondegrin/programs/slon/microros_ws/firmware/dev_ws/install/domain_coordinator:/home/mondegrin/programs/slon/microros_ws/firmware/dev_ws/install/ament_xmllint:/home/mondegrin/programs/slon/microros_ws/firmware/dev_ws/install/ament_pyflakes:/home/mondegrin/programs/slon/microros_ws/firmware/dev_ws/install/ament_pycodestyle:/home/mondegrin/programs/slon/microros_ws/firmware/dev_ws/install/ament_pep257:/home/mondegrin/programs/slon/microros_ws/firmware/dev_ws/install/ament_pclint:/home/mondegrin/programs/slon/microros_ws/firmware/dev_ws/install/ament_package:/home/mondegrin/programs/slon/microros_ws/firmware/dev_ws/install/ament_mypy:/home/mondegrin/programs/slon/microros_ws/firmware/dev_ws/install/ament_lint_cmake:/home/mondegrin/programs/slon/microros_ws/firmware/dev_ws/install/ament_flake8:/home/mondegrin/programs/slon/microros_ws/firmware/dev_ws/install/ament_copyright:/home/mondegrin/programs/slon/microros_ws/firmware/dev_ws/install/ament_lint:/home/mondegrin/programs/slon/microros_ws/firmware/dev_ws/install/ament_index_python:/home/mondegrin/programs/slon/microros_ws/firmware/dev_ws/install/ament_cpplint:/home/mondegrin/programs/slon/microros_ws/firmware/dev_ws/install/ament_cppcheck:/home/mondegrin/programs/slon/microros_ws/firmware/dev_ws/install/ament_clang_tidy:/home/mondegrin/programs/slon/microros_ws/firmware/dev_ws/install/ament_clang_format LD_LIBRARY_PATH=/home/mondegrin/programs/slon/microros_ws/firmware/mcu_ws/install/lib:${LD_LIBRARY_PATH} PATH=/home/mondegrin/programs/slon/microros_ws/firmware/mcu_ws/install/bin:${PATH} PYTHONPATH=/home/mondegrin/programs/slon/microros_ws/firmware/mcu_ws/install/lib/python3.10/site-packages:${PYTHONPATH} /usr/bin/cmake --build /home/mondegrin/programs/slon/microros_ws/firmware/mcu_ws/build/rosgraph_msgs -- -j16 -l16
[0.710s] gmake[4]: Entering directory '/home/mondegrin/programs/slon/microros_ws/firmware/mcu_ws/build/rosgraph_msgs'
[0.713s] /usr/bin/cmake -S/home/mondegrin/programs/slon/microros_ws/firmware/mcu_ws/ros2/rcl_interfaces/rosgraph_msgs -B/home/mondegrin/programs/slon/microros_ws/firmware/mcu_ws/build/rosgraph_msgs --check-build-system CMakeFiles/Makefile.cmake 0
[0.772s] Re-run cmake file: Makefile older than: /home/mondegrin/programs/slon/microros_ws/firmware/freertos_apps/microros_esp32_extensions/esp32_toolchain.cmake
[0.792s] -- Found ament_cmake: 2.0.3 (/home/mondegrin/programs/slon/microros_ws/firmware/dev_ws/install/ament_cmake/share/ament_cmake/cmake)
[1.669s] -- Found builtin_interfaces: 1.6.0 (/home/mondegrin/programs/slon/microros_ws/firmware/mcu_ws/install/share/builtin_interfaces/cmake)
[1.731s] [33mCMake Warning at /home/mondegrin/programs/slon/microros_ws/firmware/mcu_ws/install/share/rcutils/cmake/ament_cmake_export_libraries-extras.cmake:116 (message):
[1.731s]   Package 'rcutils' exports library 'dl' which couldn't be found
[1.731s] Call Stack (most recent call first):
[1.731s]   /home/mondegrin/programs/slon/microros_ws/firmware/mcu_ws/install/share/rcutils/cmake/rcutilsConfig.cmake:41 (include)
[1.732s]   /home/mondegrin/programs/slon/microros_ws/firmware/mcu_ws/install/share/rosidl_runtime_c/cmake/ament_cmake_export_dependencies-extras.cmake:21 (find_package)
[1.732s]   /home/mondegrin/programs/slon/microros_ws/firmware/mcu_ws/install/share/rosidl_runtime_c/cmake/rosidl_runtime_cConfig.cmake:41 (include)
[1.732s]   /home/mondegrin/programs/slon/microros_ws/firmware/mcu_ws/install/share/builtin_interfaces/cmake/ament_cmake_export_dependencies-extras.cmake:21 (find_package)
[1.732s]   /home/mondegrin/programs/slon/microros_ws/firmware/mcu_ws/install/share/builtin_interfaces/cmake/builtin_interfacesConfig.cmake:41 (include)
[1.733s]   CMakeLists.txt:15 (find_package)
[1.733s] 
[1.733s] [0m
[1.756s] -- Using all available rosidl_typesupport_c: rosidl_typesupport_introspection_c;rosidl_typesupport_microxrcedds_c
[1.839s] -- Found rosidl_adapter: 4.0.1 (/home/mondegrin/programs/slon/microros_ws/firmware/mcu_ws/install/share/rosidl_adapter/cmake)
[1.905s] -- Found rosidl_default_generators: 1.5.0 (/home/mondegrin/programs/slon/microros_ws/firmware/mcu_ws/install/share/rosidl_default_generators/cmake)
[4.022s] -- Found ament_cmake_ros: 0.11.2 (/home/mondegrin/programs/slon/microros_ws/firmware/dev_ws/install/ament_cmake_ros/share/ament_cmake_ros/cmake)
[4.648s] -- Using all available rosidl_typesupport_c: rosidl_typesupport_introspection_c;rosidl_typesupport_microxrcedds_c
[4.665s] -- Configuring done
[4.725s] -- Generating done
[4.730s] -- Build files have been written to: /home/mondegrin/programs/slon/microros_ws/firmware/mcu_ws/build/rosgraph_msgs
[4.746s] /usr/bin/cmake -E cmake_progress_start /home/mondegrin/programs/slon/microros_ws/firmware/mcu_ws/build/rosgraph_msgs/CMakeFiles /home/mondegrin/programs/slon/microros_ws/firmware/mcu_ws/build/rosgraph_msgs//CMakeFiles/progress.marks
[4.773s] /usr/bin/gmake  -f CMakeFiles/Makefile2 all
[4.776s] gmake[5]: Entering directory '/home/mondegrin/programs/slon/microros_ws/firmware/mcu_ws/build/rosgraph_msgs'
[4.776s] /usr/bin/gmake  -f CMakeFiles/rosgraph_msgs__rosidl_generator_type_description.dir/build.make CMakeFiles/rosgraph_msgs__rosidl_generator_type_description.dir/depend
[4.779s] gmake[6]: Entering directory '/home/mondegrin/programs/slon/microros_ws/firmware/mcu_ws/build/rosgraph_msgs'
[4.780s] cd /home/mondegrin/programs/slon/microros_ws/firmware/mcu_ws/build/rosgraph_msgs && /usr/bin/cmake -E cmake_depends "Unix Makefiles" /home/mondegrin/programs/slon/microros_ws/firmware/mcu_ws/ros2/rcl_interfaces/rosgraph_msgs /home/mondegrin/programs/slon/microros_ws/firmware/mcu_ws/ros2/rcl_interfaces/rosgraph_msgs /home/mondegrin/programs/slon/microros_ws/firmware/mcu_ws/build/rosgraph_msgs /home/mondegrin/programs/slon/microros_ws/firmware/mcu_ws/build/rosgraph_msgs /home/mondegrin/programs/slon/microros_ws/firmware/mcu_ws/build/rosgraph_msgs/CMakeFiles/rosgraph_msgs__rosidl_generator_type_description.dir/DependInfo.cmake --color=
[4.825s] gmake[6]: Leaving directory '/home/mondegrin/programs/slon/microros_ws/firmware/mcu_ws/build/rosgraph_msgs'
[4.826s] /usr/bin/gmake  -f CMakeFiles/rosgraph_msgs__rosidl_generator_type_description.dir/build.make CMakeFiles/rosgraph_msgs__rosidl_generator_type_description.dir/build
[4.830s] gmake[6]: Entering directory '/home/mondegrin/programs/slon/microros_ws/firmware/mcu_ws/build/rosgraph_msgs'
[4.830s] gmake[6]: Nothing to be done for 'CMakeFiles/rosgraph_msgs__rosidl_generator_type_description.dir/build'.
[4.831s] gmake[6]: Leaving directory '/home/mondegrin/programs/slon/microros_ws/firmware/mcu_ws/build/rosgraph_msgs'
[4.869s] [  6%] Built target rosgraph_msgs__rosidl_generator_type_description
[4.870s] /usr/bin/gmake  -f CMakeFiles/rosgraph_msgs__rosidl_generator_c.dir/build.make CMakeFiles/rosgraph_msgs__rosidl_generator_c.dir/depend
[4.870s] gmake[6]: Entering directory '/home/mondegrin/programs/slon/microros_ws/firmware/mcu_ws/build/rosgraph_msgs'
[4.870s] cd /home/mondegrin/programs/slon/microros_ws/firmware/mcu_ws/build/rosgraph_msgs && /usr/bin/cmake -E cmake_depends "Unix Makefiles" /home/mondegrin/programs/slon/microros_ws/firmware/mcu_ws/ros2/rcl_interfaces/rosgraph_msgs /home/mondegrin/programs/slon/microros_ws/firmware/mcu_ws/ros2/rcl_interfaces/rosgraph_msgs /home/mondegrin/programs/slon/microros_ws/firmware/mcu_ws/build/rosgraph_msgs /home/mondegrin/programs/slon/microros_ws/firmware/mcu_ws/build/rosgraph_msgs /home/mondegrin/programs/slon/microros_ws/firmware/mcu_ws/build/rosgraph_msgs/CMakeFiles/rosgraph_msgs__rosidl_generator_c.dir/DependInfo.cmake --color=
[5.084s] Dependencies file "CMakeFiles/rosgraph_msgs__rosidl_generator_c.dir/rosidl_generator_c/rosgraph_msgs/msg/detail/clock__description.c.obj.d" is newer than depends file "/home/mondegrin/programs/slon/microros_ws/firmware/mcu_ws/build/rosgraph_msgs/CMakeFiles/rosgraph_msgs__rosidl_generator_c.dir/compiler_depend.internal".
[5.085s] Dependencies file "CMakeFiles/rosgraph_msgs__rosidl_generator_c.dir/rosidl_generator_c/rosgraph_msgs/msg/detail/clock__functions.c.obj.d" is newer than depends file "/home/mondegrin/programs/slon/microros_ws/firmware/mcu_ws/build/rosgraph_msgs/CMakeFiles/rosgraph_msgs__rosidl_generator_c.dir/compiler_depend.internal".
[5.085s] Dependencies file "CMakeFiles/rosgraph_msgs__rosidl_generator_c.dir/rosidl_generator_c/rosgraph_msgs/msg/detail/clock__type_support.c.obj.d" is newer than depends file "/home/mondegrin/programs/slon/microros_ws/firmware/mcu_ws/build/rosgraph_msgs/CMakeFiles/rosgraph_msgs__rosidl_generator_c.dir/compiler_depend.internal".
[5.085s] [35m[1mConsolidate compiler generated dependencies of target rosgraph_msgs__rosidl_generator_c[0m
[5.252s] gmake[6]: Leaving directory '/home/mondegrin/programs/slon/microros_ws/firmware/mcu_ws/build/rosgraph_msgs'
[5.252s] /usr/bin/gmake  -f CMakeFiles/rosgraph_msgs__rosidl_generator_c.dir/build.make CMakeFiles/rosgraph_msgs__rosidl_generator_c.dir/build
[5.267s] gmake[6]: Entering directory '/home/mondegrin/programs/slon/microros_ws/firmware/mcu_ws/build/rosgraph_msgs'
[5.268s] gmake[6]: Nothing to be done for 'CMakeFiles/rosgraph_msgs__rosidl_generator_c.dir/build'.
[5.268s] gmake[6]: Leaving directory '/home/mondegrin/programs/slon/microros_ws/firmware/mcu_ws/build/rosgraph_msgs'
[5.358s] [ 40%] Built target rosgraph_msgs__rosidl_generator_c
[5.359s] /usr/bin/gmake  -f CMakeFiles/rosgraph_msgs__rosidl_typesupport_introspection_c.dir/build.make CMakeFiles/rosgraph_msgs__rosidl_typesupport_introspection_c.dir/depend
[5.360s] /usr/bin/gmake  -f CMakeFiles/rosgraph_msgs__rosidl_typesupport_microxrcedds_c.dir/build.make CMakeFiles/rosgraph_msgs__rosidl_typesupport_microxrcedds_c.dir/depend
[5.363s] /usr/bin/gmake  -f CMakeFiles/rosgraph_msgs__rosidl_typesupport_c.dir/build.make CMakeFiles/rosgraph_msgs__rosidl_typesupport_c.dir/depend
[5.364s] gmake[6]: Entering directory '/home/mondegrin/programs/slon/microros_ws/firmware/mcu_ws/build/rosgraph_msgs'
[5.366s] cd /home/mondegrin/programs/slon/microros_ws/firmware/mcu_ws/build/rosgraph_msgs && /usr/bin/cmake -E cmake_depends "Unix Makefiles" /home/mondegrin/programs/slon/microros_ws/firmware/mcu_ws/ros2/rcl_interfaces/rosgraph_msgs /home/mondegrin/programs/slon/microros_ws/firmware/mcu_ws/ros2/rcl_interfaces/rosgraph_msgs /home/mondegrin/programs/slon/microros_ws/firmware/mcu_ws/build/rosgraph_msgs /home/mondegrin/programs/slon/microros_ws/firmware/mcu_ws/build/rosgraph_msgs /home/mondegrin/programs/slon/microros_ws/firmware/mcu_ws/build/rosgraph_msgs/CMakeFiles/rosgraph_msgs__rosidl_typesupport_introspection_c.dir/DependInfo.cmake --color=
[5.370s] gmake[6]: Entering directory '/home/mondegrin/programs/slon/microros_ws/firmware/mcu_ws/build/rosgraph_msgs'
[5.371s] cd /home/mondegrin/programs/slon/microros_ws/firmware/mcu_ws/build/rosgraph_msgs && /usr/bin/cmake -E cmake_depends "Unix Makefiles" /home/mondegrin/programs/slon/microros_ws/firmware/mcu_ws/ros2/rcl_interfaces/rosgraph_msgs /home/mondegrin/programs/slon/microros_ws/firmware/mcu_ws/ros2/rcl_interfaces/rosgraph_msgs /home/mondegrin/programs/slon/microros_ws/firmware/mcu_ws/build/rosgraph_msgs /home/mondegrin/programs/slon/microros_ws/firmware/mcu_ws/build/rosgraph_msgs /home/mondegrin/programs/slon/microros_ws/firmware/mcu_ws/build/rosgraph_msgs/CMakeFiles/rosgraph_msgs__rosidl_typesupport_microxrcedds_c.dir/DependInfo.cmake --color=
[5.372s] gmake[6]: Entering directory '/home/mondegrin/programs/slon/microros_ws/firmware/mcu_ws/build/rosgraph_msgs'
[5.377s] cd /home/mondegrin/programs/slon/microros_ws/firmware/mcu_ws/build/rosgraph_msgs && /usr/bin/cmake -E cmake_depends "Unix Makefiles" /home/mondegrin/programs/slon/microros_ws/firmware/mcu_ws/ros2/rcl_interfaces/rosgraph_msgs /home/mondegrin/programs/slon/microros_ws/firmware/mcu_ws/ros2/rcl_interfaces/rosgraph_msgs /home/mondegrin/programs/slon/microros_ws/firmware/mcu_ws/build/rosgraph_msgs /home/mondegrin/programs/slon/microros_ws/firmware/mcu_ws/build/rosgraph_msgs /home/mondegrin/programs/slon/microros_ws/firmware/mcu_ws/build/rosgraph_msgs/CMakeFiles/rosgraph_msgs__rosidl_typesupport_c.dir/DependInfo.cmake --color=
[5.398s] Dependencies file "CMakeFiles/rosgraph_msgs__rosidl_typesupport_introspection_c.dir/rosidl_typesupport_introspection_c/rosgraph_msgs/msg/detail/clock__type_support.c.obj.d" is newer than depends file "/home/mondegrin/programs/slon/microros_ws/firmware/mcu_ws/build/rosgraph_msgs/CMakeFiles/rosgraph_msgs__rosidl_typesupport_introspection_c.dir/compiler_depend.internal".
[5.398s] [35m[1mConsolidate compiler generated dependencies of target rosgraph_msgs__rosidl_typesupport_introspection_c[0m
[5.412s] gmake[6]: Leaving directory '/home/mondegrin/programs/slon/microros_ws/firmware/mcu_ws/build/rosgraph_msgs'
[5.412s] /usr/bin/gmake  -f CMakeFiles/rosgraph_msgs__rosidl_typesupport_introspection_c.dir/build.make CMakeFiles/rosgraph_msgs__rosidl_typesupport_introspection_c.dir/build
[5.413s] Dependencies file "CMakeFiles/rosgraph_msgs__rosidl_typesupport_c.dir/rosidl_typesupport_c/rosgraph_msgs/msg/clock__type_support.cpp.obj.d" is newer than depends file "/home/mondegrin/programs/slon/microros_ws/firmware/mcu_ws/build/rosgraph_msgs/CMakeFiles/rosgraph_msgs__rosidl_typesupport_c.dir/compiler_depend.internal".
[5.413s] Dependencies file "CMakeFiles/rosgraph_msgs__rosidl_typesupport_microxrcedds_c.dir/rosidl_typesupport_microxrcedds_c/rosgraph_msgs/msg/detail/microxrcedds/clock__type_support_c.c.obj.d" is newer than depends file "/home/mondegrin/programs/slon/microros_ws/firmware/mcu_ws/build/rosgraph_msgs/CMakeFiles/rosgraph_msgs__rosidl_typesupport_microxrcedds_c.dir/compiler_depend.internal".
[5.413s] [35m[1mConsolidate compiler generated dependencies of target rosgraph_msgs__rosidl_typesupport_microxrcedds_c[0m
[5.417s] [35m[1mConsolidate compiler generated dependencies of target rosgraph_msgs__rosidl_typesupport_c[0m
[5.419s] gmake[6]: Leaving directory '/home/mondegrin/programs/slon/microros_ws/firmware/mcu_ws/build/rosgraph_msgs'
[5.421s] gmake[6]: Entering directory '/home/mondegrin/programs/slon/microros_ws/firmware/mcu_ws/build/rosgraph_msgs'
[5.421s] gmake[6]: Nothing to be done for 'CMakeFiles/rosgraph_msgs__rosidl_typesupport_introspection_c.dir/build'.
[5.427s] gmake[6]: Leaving directory '/home/mondegrin/programs/slon/microros_ws/firmware/mcu_ws/build/rosgraph_msgs'
[5.427s] /usr/bin/gmake  -f CMakeFiles/rosgraph_msgs__rosidl_typesupport_microxrcedds_c.dir/build.make CMakeFiles/rosgraph_msgs__rosidl_typesupport_microxrcedds_c.dir/build
[5.428s] gmake[6]: Leaving directory '/home/mondegrin/programs/slon/microros_ws/firmware/mcu_ws/build/rosgraph_msgs'
[5.428s] /usr/bin/gmake  -f CMakeFiles/rosgraph_msgs__rosidl_typesupport_c.dir/build.make CMakeFiles/rosgraph_msgs__rosidl_typesupport_c.dir/build
[5.428s] gmake[6]: Entering directory '/home/mondegrin/programs/slon/microros_ws/firmware/mcu_ws/build/rosgraph_msgs'
[5.429s] gmake[6]: Nothing to be done for 'CMakeFiles/rosgraph_msgs__rosidl_typesupport_microxrcedds_c.dir/build'.
[5.443s] gmake[6]: Leaving directory '/home/mondegrin/programs/slon/microros_ws/firmware/mcu_ws/build/rosgraph_msgs'
[5.457s] gmake[6]: Entering directory '/home/mondegrin/programs/slon/microros_ws/firmware/mcu_ws/build/rosgraph_msgs'
[5.458s] gmake[6]: Nothing to be done for 'CMakeFiles/rosgraph_msgs__rosidl_typesupport_c.dir/build'.
[5.458s] gmake[6]: Leaving directory '/home/mondegrin/programs/slon/microros_ws/firmware/mcu_ws/build/rosgraph_msgs'
[5.483s] [ 60%] Built target rosgraph_msgs__rosidl_typesupport_c
[5.483s] [ 80%] Built target rosgraph_msgs__rosidl_typesupport_introspection_c
[5.498s] [100%] Built target rosgraph_msgs__rosidl_typesupport_microxrcedds_c
[5.514s] /usr/bin/gmake  -f CMakeFiles/rosgraph_msgs.dir/build.make CMakeFiles/rosgraph_msgs.dir/depend
[5.515s] gmake[6]: Entering directory '/home/mondegrin/programs/slon/microros_ws/firmware/mcu_ws/build/rosgraph_msgs'
[5.516s] cd /home/mondegrin/programs/slon/microros_ws/firmware/mcu_ws/build/rosgraph_msgs && /usr/bin/cmake -E cmake_depends "Unix Makefiles" /home/mondegrin/programs/slon/microros_ws/firmware/mcu_ws/ros2/rcl_interfaces/rosgraph_msgs /home/mondegrin/programs/slon/microros_ws/firmware/mcu_ws/ros2/rcl_interfaces/rosgraph_msgs /home/mondegrin/programs/slon/microros_ws/firmware/mcu_ws/build/rosgraph_msgs /home/mondegrin/programs/slon/microros_ws/firmware/mcu_ws/build/rosgraph_msgs /home/mondegrin/programs/slon/microros_ws/firmware/mcu_ws/build/rosgraph_msgs/CMakeFiles/rosgraph_msgs.dir/DependInfo.cmake --color=
[5.538s] gmake[6]: Leaving directory '/home/mondegrin/programs/slon/microros_ws/firmware/mcu_ws/build/rosgraph_msgs'
[5.539s] /usr/bin/gmake  -f CMakeFiles/rosgraph_msgs.dir/build.make CMakeFiles/rosgraph_msgs.dir/build
[5.539s] gmake[6]: Entering directory '/home/mondegrin/programs/slon/microros_ws/firmware/mcu_ws/build/rosgraph_msgs'
[5.539s] gmake[6]: Nothing to be done for 'CMakeFiles/rosgraph_msgs.dir/build'.
[5.539s] gmake[6]: Leaving directory '/home/mondegrin/programs/slon/microros_ws/firmware/mcu_ws/build/rosgraph_msgs'
[5.558s] [100%] Built target rosgraph_msgs
[5.559s] gmake[5]: Leaving directory '/home/mondegrin/programs/slon/microros_ws/firmware/mcu_ws/build/rosgraph_msgs'
[5.559s] /usr/bin/cmake -E cmake_progress_start /home/mondegrin/programs/slon/microros_ws/firmware/mcu_ws/build/rosgraph_msgs/CMakeFiles 0
[5.676s] gmake[4]: Leaving directory '/home/mondegrin/programs/slon/microros_ws/firmware/mcu_ws/build/rosgraph_msgs'
[6.356s] Invoked command in '/home/mondegrin/programs/slon/microros_ws/firmware/mcu_ws/build/rosgraph_msgs' returned '0': AMENT_PREFIX_PATH=/home/mondegrin/programs/slon/microros_ws/firmware/mcu_ws/install:${AMENT_PREFIX_PATH} CMAKE_PREFIX_PATH=/home/mondegrin/programs/slon/microros_ws/firmware/mcu_ws/install:/home/mondegrin/programs/slon/microros_ws/firmware/dev_ws/install/ament_lint_common:/home/mondegrin/programs/slon/microros_ws/firmware/dev_ws/install/ament_cmake_uncrustify:/home/mondegrin/programs/slon/microros_ws/firmware/dev_ws/install/uncrustify_vendor:/home/mondegrin/programs/slon/microros_ws/firmware/dev_ws/install/ament_cmake_ros:/home/mondegrin/programs/slon/microros_ws/firmware/dev_ws/install/ament_cmake_gmock:/home/mondegrin/programs/slon/microros_ws/firmware/dev_ws/install/gmock_vendor:/home/mondegrin/programs/slon/microros_ws/firmware/dev_ws/install/ament_cmake_auto:/home/mondegrin/programs/slon/microros_ws/firmware/dev_ws/install/ament_cmake_gtest:/home/mondegrin/programs/slon/microros_ws/firmware/dev_ws/install/gtest_vendor:/home/mondegrin/programs/slon/microros_ws/firmware/dev_ws/install/ament_cmake_xmllint:/home/mondegrin/programs/slon/microros_ws/firmware/dev_ws/install/ament_cmake_pyflakes:/home/mondegrin/programs/slon/microros_ws/firmware/dev_ws/install/ament_cmake_pycodestyle:/home/mondegrin/programs/slon/microros_ws/firmware/dev_ws/install/ament_cmake_pep257:/home/mondegrin/programs/slon/microros_ws/firmware/dev_ws/install/ament_cmake_pclint:/home/mondegrin/programs/slon/microros_ws/firmware/dev_ws/install/ament_lint_auto:/home/mondegrin/programs/slon/microros_ws/firmware/dev_ws/install/ament_cmake:/home/mondegrin/programs/slon/microros_ws/firmware/dev_ws/install/ament_cmake_version:/home/mondegrin/programs/slon/microros_ws/firmware/dev_ws/install/ament_cmake_vendor_package:/home/mondegrin/programs/slon/microros_ws/firmware/dev_ws/install/ament_cmake_pytest:/home/mondegrin/programs/slon/microros_ws/firmware/dev_ws/install/ament_cmake_mypy:/home/mondegrin/programs/slon/microros_ws/firmware/dev_ws/install/ament_cmake_lint_cmake:/home/mondegrin/programs/slon/microros_ws/firmware/dev_ws/install/ament_cmake_google_benchmark:/home/mondegrin/programs/slon/microros_ws/firmware/dev_ws/install/ament_cmake_flake8:/home/mondegrin/programs/slon/microros_ws/firmware/dev_ws/install/ament_cmake_cpplint:/home/mondegrin/programs/slon/microros_ws/firmware/dev_ws/install/ament_cmake_cppcheck:/home/mondegrin/programs/slon/microros_ws/firmware/dev_ws/install/ament_cmake_copyright:/home/mondegrin/programs/slon/microros_ws/firmware/dev_ws/install/ament_cmake_clang_tidy:/home/mondegrin/programs/slon/microros_ws/firmware/dev_ws/install/ament_cmake_clang_format:/home/mondegrin/programs/slon/microros_ws/firmware/dev_ws/install/ament_cmake_test:/home/mondegrin/programs/slon/microros_ws/firmware/dev_ws/install/ament_cmake_target_dependencies:/home/mondegrin/programs/slon/microros_ws/firmware/dev_ws/install/ament_cmake_python:/home/mondegrin/programs/slon/microros_ws/firmware/dev_ws/install/ament_cmake_export_dependencies:/home/mondegrin/programs/slon/microros_ws/firmware/dev_ws/install/ament_cmake_libraries:/home/mondegrin/programs/slon/microros_ws/firmware/dev_ws/install/ament_cmake_include_directories:/home/mondegrin/programs/slon/microros_ws/firmware/dev_ws/install/ament_cmake_gen_version_h:/home/mondegrin/programs/slon/microros_ws/firmware/dev_ws/install/ament_cmake_export_targets:/home/mondegrin/programs/slon/microros_ws/firmware/dev_ws/install/ament_cmake_export_link_flags:/home/mondegrin/programs/slon/microros_ws/firmware/dev_ws/install/ament_cmake_export_interfaces:/home/mondegrin/programs/slon/microros_ws/firmware/dev_ws/install/ament_cmake_export_libraries:/home/mondegrin/programs/slon/microros_ws/firmware/dev_ws/install/ament_cmake_export_include_directories:/home/mondegrin/programs/slon/microros_ws/firmware/dev_ws/install/ament_cmake_export_definitions:/home/mondegrin/programs/slon/microros_ws/firmware/dev_ws/install/ament_cmake_core:/home/mondegrin/programs/slon/microros_ws/firmware/dev_ws/install/ament_index_cpp:/home/mondegrin/programs/slon/microros_ws/firmware/dev_ws/install/ament_uncrustify:/home/mondegrin/programs/slon/microros_ws/firmware/dev_ws/install/domain_coordinator:/home/mondegrin/programs/slon/microros_ws/firmware/dev_ws/install/ament_xmllint:/home/mondegrin/programs/slon/microros_ws/firmware/dev_ws/install/ament_pyflakes:/home/mondegrin/programs/slon/microros_ws/firmware/dev_ws/install/ament_pycodestyle:/home/mondegrin/programs/slon/microros_ws/firmware/dev_ws/install/ament_pep257:/home/mondegrin/programs/slon/microros_ws/firmware/dev_ws/install/ament_pclint:/home/mondegrin/programs/slon/microros_ws/firmware/dev_ws/install/ament_package:/home/mondegrin/programs/slon/microros_ws/firmware/dev_ws/install/ament_mypy:/home/mondegrin/programs/slon/microros_ws/firmware/dev_ws/install/ament_lint_cmake:/home/mondegrin/programs/slon/microros_ws/firmware/dev_ws/install/ament_flake8:/home/mondegrin/programs/slon/microros_ws/firmware/dev_ws/install/ament_copyright:/home/mondegrin/programs/slon/microros_ws/firmware/dev_ws/install/ament_lint:/home/mondegrin/programs/slon/microros_ws/firmware/dev_ws/install/ament_index_python:/home/mondegrin/programs/slon/microros_ws/firmware/dev_ws/install/ament_cpplint:/home/mondegrin/programs/slon/microros_ws/firmware/dev_ws/install/ament_cppcheck:/home/mondegrin/programs/slon/microros_ws/firmware/dev_ws/install/ament_clang_tidy:/home/mondegrin/programs/slon/microros_ws/firmware/dev_ws/install/ament_clang_format LD_LIBRARY_PATH=/home/mondegrin/programs/slon/microros_ws/firmware/mcu_ws/install/lib:${LD_LIBRARY_PATH} PATH=/home/mondegrin/programs/slon/microros_ws/firmware/mcu_ws/install/bin:${PATH} PYTHONPATH=/home/mondegrin/programs/slon/microros_ws/firmware/mcu_ws/install/lib/python3.10/site-packages:${PYTHONPATH} /usr/bin/cmake --build /home/mondegrin/programs/slon/microros_ws/firmware/mcu_ws/build/rosgraph_msgs -- -j16 -l16
[6.376s] Invoking command in '/home/mondegrin/programs/slon/microros_ws/firmware/mcu_ws/build/rosgraph_msgs': AMENT_PREFIX_PATH=/home/mondegrin/programs/slon/microros_ws/firmware/mcu_ws/install:${AMENT_PREFIX_PATH} CMAKE_PREFIX_PATH=/home/mondegrin/programs/slon/microros_ws/firmware/mcu_ws/install:/home/mondegrin/programs/slon/microros_ws/firmware/dev_ws/install/ament_lint_common:/home/mondegrin/programs/slon/microros_ws/firmware/dev_ws/install/ament_cmake_uncrustify:/home/mondegrin/programs/slon/microros_ws/firmware/dev_ws/install/uncrustify_vendor:/home/mondegrin/programs/slon/microros_ws/firmware/dev_ws/install/ament_cmake_ros:/home/mondegrin/programs/slon/microros_ws/firmware/dev_ws/install/ament_cmake_gmock:/home/mondegrin/programs/slon/microros_ws/firmware/dev_ws/install/gmock_vendor:/home/mondegrin/programs/slon/microros_ws/firmware/dev_ws/install/ament_cmake_auto:/home/mondegrin/programs/slon/microros_ws/firmware/dev_ws/install/ament_cmake_gtest:/home/mondegrin/programs/slon/microros_ws/firmware/dev_ws/install/gtest_vendor:/home/mondegrin/programs/slon/microros_ws/firmware/dev_ws/install/ament_cmake_xmllint:/home/mondegrin/programs/slon/microros_ws/firmware/dev_ws/install/ament_cmake_pyflakes:/home/mondegrin/programs/slon/microros_ws/firmware/dev_ws/install/ament_cmake_pycodestyle:/home/mondegrin/programs/slon/microros_ws/firmware/dev_ws/install/ament_cmake_pep257:/home/mondegrin/programs/slon/microros_ws/firmware/dev_ws/install/ament_cmake_pclint:/home/mondegrin/programs/slon/microros_ws/firmware/dev_ws/install/ament_lint_auto:/home/mondegrin/programs/slon/microros_ws/firmware/dev_ws/install/ament_cmake:/home/mondegrin/programs/slon/microros_ws/firmware/dev_ws/install/ament_cmake_version:/home/mondegrin/programs/slon/microros_ws/firmware/dev_ws/install/ament_cmake_vendor_package:/home/mondegrin/programs/slon/microros_ws/firmware/dev_ws/install/ament_cmake_pytest:/home/mondegrin/programs/slon/microros_ws/firmware/dev_ws/install/ament_cmake_mypy:/home/mondegrin/programs/slon/microros_ws/firmware/dev_ws/install/ament_cmake_lint_cmake:/home/mondegrin/programs/slon/microros_ws/firmware/dev_ws/install/ament_cmake_google_benchmark:/home/mondegrin/programs/slon/microros_ws/firmware/dev_ws/install/ament_cmake_flake8:/home/mondegrin/programs/slon/microros_ws/firmware/dev_ws/install/ament_cmake_cpplint:/home/mondegrin/programs/slon/microros_ws/firmware/dev_ws/install/ament_cmake_cppcheck:/home/mondegrin/programs/slon/microros_ws/firmware/dev_ws/install/ament_cmake_copyright:/home/mondegrin/programs/slon/microros_ws/firmware/dev_ws/install/ament_cmake_clang_tidy:/home/mondegrin/programs/slon/microros_ws/firmware/dev_ws/install/ament_cmake_clang_format:/home/mondegrin/programs/slon/microros_ws/firmware/dev_ws/install/ament_cmake_test:/home/mondegrin/programs/slon/microros_ws/firmware/dev_ws/install/ament_cmake_target_dependencies:/home/mondegrin/programs/slon/microros_ws/firmware/dev_ws/install/ament_cmake_python:/home/mondegrin/programs/slon/microros_ws/firmware/dev_ws/install/ament_cmake_export_dependencies:/home/mondegrin/programs/slon/microros_ws/firmware/dev_ws/install/ament_cmake_libraries:/home/mondegrin/programs/slon/microros_ws/firmware/dev_ws/install/ament_cmake_include_directories:/home/mondegrin/programs/slon/microros_ws/firmware/dev_ws/install/ament_cmake_gen_version_h:/home/mondegrin/programs/slon/microros_ws/firmware/dev_ws/install/ament_cmake_export_targets:/home/mondegrin/programs/slon/microros_ws/firmware/dev_ws/install/ament_cmake_export_link_flags:/home/mondegrin/programs/slon/microros_ws/firmware/dev_ws/install/ament_cmake_export_interfaces:/home/mondegrin/programs/slon/microros_ws/firmware/dev_ws/install/ament_cmake_export_libraries:/home/mondegrin/programs/slon/microros_ws/firmware/dev_ws/install/ament_cmake_export_include_directories:/home/mondegrin/programs/slon/microros_ws/firmware/dev_ws/install/ament_cmake_export_definitions:/home/mondegrin/programs/slon/microros_ws/firmware/dev_ws/install/ament_cmake_core:/home/mondegrin/programs/slon/microros_ws/firmware/dev_ws/install/ament_index_cpp:/home/mondegrin/programs/slon/microros_ws/firmware/dev_ws/install/ament_uncrustify:/home/mondegrin/programs/slon/microros_ws/firmware/dev_ws/install/domain_coordinator:/home/mondegrin/programs/slon/microros_ws/firmware/dev_ws/install/ament_xmllint:/home/mondegrin/programs/slon/microros_ws/firmware/dev_ws/install/ament_pyflakes:/home/mondegrin/programs/slon/microros_ws/firmware/dev_ws/install/ament_pycodestyle:/home/mondegrin/programs/slon/microros_ws/firmware/dev_ws/install/ament_pep257:/home/mondegrin/programs/slon/microros_ws/firmware/dev_ws/install/ament_pclint:/home/mondegrin/programs/slon/microros_ws/firmware/dev_ws/install/ament_package:/home/mondegrin/programs/slon/microros_ws/firmware/dev_ws/install/ament_mypy:/home/mondegrin/programs/slon/microros_ws/firmware/dev_ws/install/ament_lint_cmake:/home/mondegrin/programs/slon/microros_ws/firmware/dev_ws/install/ament_flake8:/home/mondegrin/programs/slon/microros_ws/firmware/dev_ws/install/ament_copyright:/home/mondegrin/programs/slon/microros_ws/firmware/dev_ws/install/ament_lint:/home/mondegrin/programs/slon/microros_ws/firmware/dev_ws/install/ament_index_python:/home/mondegrin/programs/slon/microros_ws/firmware/dev_ws/install/ament_cpplint:/home/mondegrin/programs/slon/microros_ws/firmware/dev_ws/install/ament_cppcheck:/home/mondegrin/programs/slon/microros_ws/firmware/dev_ws/install/ament_clang_tidy:/home/mondegrin/programs/slon/microros_ws/firmware/dev_ws/install/ament_clang_format LD_LIBRARY_PATH=/home/mondegrin/programs/slon/microros_ws/firmware/mcu_ws/install/lib:${LD_LIBRARY_PATH} PATH=/home/mondegrin/programs/slon/microros_ws/firmware/mcu_ws/install/bin:${PATH} PYTHONPATH=/home/mondegrin/programs/slon/microros_ws/firmware/mcu_ws/install/lib/python3.10/site-packages:${PYTHONPATH} /usr/bin/cmake --install /home/mondegrin/programs/slon/microros_ws/firmware/mcu_ws/build/rosgraph_msgs
[6.379s] -- Install configuration: "Debug"
[6.379s] -- Up-to-date: /home/mondegrin/programs/slon/microros_ws/firmware/mcu_ws/install/share/ament_index/resource_index/rosidl_interfaces/rosgraph_msgs
[6.380s] -- Up-to-date: /home/mondegrin/programs/slon/microros_ws/firmware/mcu_ws/install/share/rosgraph_msgs/msg/Clock.json
[6.380s] -- Up-to-date: /home/mondegrin/programs/slon/microros_ws/firmware/mcu_ws/install/include/rosgraph_msgs/rosgraph_msgs
[6.380s] -- Up-to-date: /home/mondegrin/programs/slon/microros_ws/firmware/mcu_ws/install/include/rosgraph_msgs/rosgraph_msgs/msg
[6.380s] -- Up-to-date: /home/mondegrin/programs/slon/microros_ws/firmware/mcu_ws/install/include/rosgraph_msgs/rosgraph_msgs/msg/rosidl_generator_c__visibility_control.h
[6.381s] -- Up-to-date: /home/mondegrin/programs/slon/microros_ws/firmware/mcu_ws/install/include/rosgraph_msgs/rosgraph_msgs/msg/detail
[6.384s] -- Up-to-date: /home/mondegrin/programs/slon/microros_ws/firmware/mcu_ws/install/include/rosgraph_msgs/rosgraph_msgs/msg/detail/clock__description.c
[6.384s] -- Up-to-date: /home/mondegrin/programs/slon/microros_ws/firmware/mcu_ws/install/include/rosgraph_msgs/rosgraph_msgs/msg/detail/clock__functions.c
[6.384s] -- Up-to-date: /home/mondegrin/programs/slon/microros_ws/firmware/mcu_ws/install/include/rosgraph_msgs/rosgraph_msgs/msg/detail/clock__type_support.c
[6.385s] -- Up-to-date: /home/mondegrin/programs/slon/microros_ws/firmware/mcu_ws/install/include/rosgraph_msgs/rosgraph_msgs/msg/detail/clock__type_support.h
[6.386s] -- Up-to-date: /home/mondegrin/programs/slon/microros_ws/firmware/mcu_ws/install/include/rosgraph_msgs/rosgraph_msgs/msg/detail/clock__functions.h
[6.386s] -- Up-to-date: /home/mondegrin/programs/slon/microros_ws/firmware/mcu_ws/install/include/rosgraph_msgs/rosgraph_msgs/msg/detail/clock__struct.h
[6.387s] -- Up-to-date: /home/mondegrin/programs/slon/microros_ws/firmware/mcu_ws/install/include/rosgraph_msgs/rosgraph_msgs/msg/clock.h
[6.389s] -- Up-to-date: /home/mondegrin/programs/slon/microros_ws/firmware/mcu_ws/install/share/rosgraph_msgs/environment/library_path.sh
[6.391s] -- Up-to-date: /home/mondegrin/programs/slon/microros_ws/firmware/mcu_ws/install/share/rosgraph_msgs/environment/library_path.dsv
[6.391s] -- Up-to-date: /home/mondegrin/programs/slon/microros_ws/firmware/mcu_ws/install/lib/librosgraph_msgs__rosidl_generator_c.a
[6.392s] -- Up-to-date: /home/mondegrin/programs/slon/microros_ws/firmware/mcu_ws/install/include/rosgraph_msgs/rosgraph_msgs
[6.392s] -- Up-to-date: /home/mondegrin/programs/slon/microros_ws/firmware/mcu_ws/install/include/rosgraph_msgs/rosgraph_msgs/msg
[6.393s] -- Up-to-date: /home/mondegrin/programs/slon/microros_ws/firmware/mcu_ws/install/include/rosgraph_msgs/rosgraph_msgs/msg/rosidl_typesupport_introspection_c__visibility_control.h
[6.393s] -- Up-to-date: /home/mondegrin/programs/slon/microros_ws/firmware/mcu_ws/install/include/rosgraph_msgs/rosgraph_msgs/msg/detail
[6.394s] -- Up-to-date: /home/mondegrin/programs/slon/microros_ws/firmware/mcu_ws/install/include/rosgraph_msgs/rosgraph_msgs/msg/detail/clock__rosidl_typesupport_introspection_c.h
[6.395s] -- Up-to-date: /home/mondegrin/programs/slon/microros_ws/firmware/mcu_ws/install/include/rosgraph_msgs/rosgraph_msgs/msg/detail/clock__type_support.c
[6.396s] -- Up-to-date: /home/mondegrin/programs/slon/microros_ws/firmware/mcu_ws/install/lib/librosgraph_msgs__rosidl_typesupport_introspection_c.a
[6.397s] -- Up-to-date: /home/mondegrin/programs/slon/microros_ws/firmware/mcu_ws/install/include/rosgraph_msgs
[6.399s] -- Up-to-date: /home/mondegrin/programs/slon/microros_ws/firmware/mcu_ws/install/include/rosgraph_msgs/msg
[6.400s] -- Up-to-date: /home/mondegrin/programs/slon/microros_ws/firmware/mcu_ws/install/include/rosgraph_msgs/msg/rosidl_typesupport_microxrcedds_c__visibility_control.h
[6.400s] -- Up-to-date: /home/mondegrin/programs/slon/microros_ws/firmware/mcu_ws/install/include/rosgraph_msgs/msg/detail
[6.400s] -- Up-to-date: /home/mondegrin/programs/slon/microros_ws/firmware/mcu_ws/install/include/rosgraph_msgs/msg/detail/microxrcedds
[6.401s] -- Up-to-date: /home/mondegrin/programs/slon/microros_ws/firmware/mcu_ws/install/include/rosgraph_msgs/msg/detail/clock__rosidl_typesupport_microxrcedds_c.h
[6.401s] -- Up-to-date: /home/mondegrin/programs/slon/microros_ws/firmware/mcu_ws/install/lib/librosgraph_msgs__rosidl_typesupport_microxrcedds_c.a
[6.401s] -- Up-to-date: /home/mondegrin/programs/slon/microros_ws/firmware/mcu_ws/install/lib/librosgraph_msgs__rosidl_typesupport_c.a
[6.402s] -- Up-to-date: /home/mondegrin/programs/slon/microros_ws/firmware/mcu_ws/install/share/rosgraph_msgs/msg/Clock.idl
[6.402s] -- Up-to-date: /home/mondegrin/programs/slon/microros_ws/firmware/mcu_ws/install/share/rosgraph_msgs/msg/Clock.msg
[6.402s] -- Up-to-date: /home/mondegrin/programs/slon/microros_ws/firmware/mcu_ws/install/share/ament_index/resource_index/package_run_dependencies/rosgraph_msgs
[6.403s] -- Up-to-date: /home/mondegrin/programs/slon/microros_ws/firmware/mcu_ws/install/share/ament_index/resource_index/parent_prefix_path/rosgraph_msgs
[6.405s] -- Up-to-date: /home/mondegrin/programs/slon/microros_ws/firmware/mcu_ws/install/share/rosgraph_msgs/environment/ament_prefix_path.sh
[6.407s] -- Up-to-date: /home/mondegrin/programs/slon/microros_ws/firmware/mcu_ws/install/share/rosgraph_msgs/environment/ament_prefix_path.dsv
[6.412s] -- Up-to-date: /home/mondegrin/programs/slon/microros_ws/firmware/mcu_ws/install/share/rosgraph_msgs/environment/path.sh
[6.414s] -- Up-to-date: /home/mondegrin/programs/slon/microros_ws/firmware/mcu_ws/install/share/rosgraph_msgs/environment/path.dsv
[6.415s] -- Up-to-date: /home/mondegrin/programs/slon/microros_ws/firmware/mcu_ws/install/share/rosgraph_msgs/local_setup.bash
[6.418s] -- Up-to-date: /home/mondegrin/programs/slon/microros_ws/firmware/mcu_ws/install/share/rosgraph_msgs/local_setup.sh
[6.419s] -- Up-to-date: /home/mondegrin/programs/slon/microros_ws/firmware/mcu_ws/install/share/rosgraph_msgs/local_setup.zsh
[6.419s] -- Up-to-date: /home/mondegrin/programs/slon/microros_ws/firmware/mcu_ws/install/share/rosgraph_msgs/local_setup.dsv
[6.419s] -- Installing: /home/mondegrin/programs/slon/microros_ws/firmware/mcu_ws/install/share/rosgraph_msgs/package.dsv
[6.420s] -- Up-to-date: /home/mondegrin/programs/slon/microros_ws/firmware/mcu_ws/install/share/ament_index/resource_index/packages/rosgraph_msgs
[6.420s] -- Up-to-date: /home/mondegrin/programs/slon/microros_ws/firmware/mcu_ws/install/share/rosgraph_msgs/cmake/export_rosgraph_msgs__rosidl_generator_cExport.cmake
[6.420s] -- Up-to-date: /home/mondegrin/programs/slon/microros_ws/firmware/mcu_ws/install/share/rosgraph_msgs/cmake/export_rosgraph_msgs__rosidl_generator_cExport-debug.cmake
[6.421s] -- Up-to-date: /home/mondegrin/programs/slon/microros_ws/firmware/mcu_ws/install/share/rosgraph_msgs/cmake/rosgraph_msgs__rosidl_typesupport_introspection_cExport.cmake
[6.421s] -- Up-to-date: /home/mondegrin/programs/slon/microros_ws/firmware/mcu_ws/install/share/rosgraph_msgs/cmake/rosgraph_msgs__rosidl_typesupport_introspection_cExport-debug.cmake
[6.422s] -- Up-to-date: /home/mondegrin/programs/slon/microros_ws/firmware/mcu_ws/install/share/rosgraph_msgs/cmake/rosgraph_msgs__rosidl_typesupport_cExport.cmake
[6.425s] -- Up-to-date: /home/mondegrin/programs/slon/microros_ws/firmware/mcu_ws/install/share/rosgraph_msgs/cmake/rosgraph_msgs__rosidl_typesupport_cExport-debug.cmake
[6.427s] -- Up-to-date: /home/mondegrin/programs/slon/microros_ws/firmware/mcu_ws/install/share/rosgraph_msgs/cmake/rosidl_cmake-extras.cmake
[6.427s] -- Up-to-date: /home/mondegrin/programs/slon/microros_ws/firmware/mcu_ws/install/share/rosgraph_msgs/cmake/ament_cmake_export_dependencies-extras.cmake
[6.428s] -- Up-to-date: /home/mondegrin/programs/slon/microros_ws/firmware/mcu_ws/install/share/rosgraph_msgs/cmake/ament_cmake_export_include_directories-extras.cmake
[6.428s] -- Up-to-date: /home/mondegrin/programs/slon/microros_ws/firmware/mcu_ws/install/share/rosgraph_msgs/cmake/ament_cmake_export_libraries-extras.cmake
[6.428s] -- Up-to-date: /home/mondegrin/programs/slon/microros_ws/firmware/mcu_ws/install/share/rosgraph_msgs/cmake/ament_cmake_export_targets-extras.cmake
[6.429s] -- Up-to-date: /home/mondegrin/programs/slon/microros_ws/firmware/mcu_ws/install/share/rosgraph_msgs/cmake/rosidl_cmake_export_typesupport_targets-extras.cmake
[6.429s] -- Up-to-date: /home/mondegrin/programs/slon/microros_ws/firmware/mcu_ws/install/share/rosgraph_msgs/cmake/rosidl_cmake_export_typesupport_libraries-extras.cmake
[6.430s] -- Up-to-date: /home/mondegrin/programs/slon/microros_ws/firmware/mcu_ws/install/share/rosgraph_msgs/cmake/rosgraph_msgsConfig.cmake
[6.430s] -- Up-to-date: /home/mondegrin/programs/slon/microros_ws/firmware/mcu_ws/install/share/rosgraph_msgs/cmake/rosgraph_msgsConfig-version.cmake
[6.431s] -- Up-to-date: /home/mondegrin/programs/slon/microros_ws/firmware/mcu_ws/install/share/rosgraph_msgs/package.xml
[6.704s] Invoked command in '/home/mondegrin/programs/slon/microros_ws/firmware/mcu_ws/build/rosgraph_msgs' returned '0': AMENT_PREFIX_PATH=/home/mondegrin/programs/slon/microros_ws/firmware/mcu_ws/install:${AMENT_PREFIX_PATH} CMAKE_PREFIX_PATH=/home/mondegrin/programs/slon/microros_ws/firmware/mcu_ws/install:/home/mondegrin/programs/slon/microros_ws/firmware/dev_ws/install/ament_lint_common:/home/mondegrin/programs/slon/microros_ws/firmware/dev_ws/install/ament_cmake_uncrustify:/home/mondegrin/programs/slon/microros_ws/firmware/dev_ws/install/uncrustify_vendor:/home/mondegrin/programs/slon/microros_ws/firmware/dev_ws/install/ament_cmake_ros:/home/mondegrin/programs/slon/microros_ws/firmware/dev_ws/install/ament_cmake_gmock:/home/mondegrin/programs/slon/microros_ws/firmware/dev_ws/install/gmock_vendor:/home/mondegrin/programs/slon/microros_ws/firmware/dev_ws/install/ament_cmake_auto:/home/mondegrin/programs/slon/microros_ws/firmware/dev_ws/install/ament_cmake_gtest:/home/mondegrin/programs/slon/microros_ws/firmware/dev_ws/install/gtest_vendor:/home/mondegrin/programs/slon/microros_ws/firmware/dev_ws/install/ament_cmake_xmllint:/home/mondegrin/programs/slon/microros_ws/firmware/dev_ws/install/ament_cmake_pyflakes:/home/mondegrin/programs/slon/microros_ws/firmware/dev_ws/install/ament_cmake_pycodestyle:/home/mondegrin/programs/slon/microros_ws/firmware/dev_ws/install/ament_cmake_pep257:/home/mondegrin/programs/slon/microros_ws/firmware/dev_ws/install/ament_cmake_pclint:/home/mondegrin/programs/slon/microros_ws/firmware/dev_ws/install/ament_lint_auto:/home/mondegrin/programs/slon/microros_ws/firmware/dev_ws/install/ament_cmake:/home/mondegrin/programs/slon/microros_ws/firmware/dev_ws/install/ament_cmake_version:/home/mondegrin/programs/slon/microros_ws/firmware/dev_ws/install/ament_cmake_vendor_package:/home/mondegrin/programs/slon/microros_ws/firmware/dev_ws/install/ament_cmake_pytest:/home/mondegrin/programs/slon/microros_ws/firmware/dev_ws/install/ament_cmake_mypy:/home/mondegrin/programs/slon/microros_ws/firmware/dev_ws/install/ament_cmake_lint_cmake:/home/mondegrin/programs/slon/microros_ws/firmware/dev_ws/install/ament_cmake_google_benchmark:/home/mondegrin/programs/slon/microros_ws/firmware/dev_ws/install/ament_cmake_flake8:/home/mondegrin/programs/slon/microros_ws/firmware/dev_ws/install/ament_cmake_cpplint:/home/mondegrin/programs/slon/microros_ws/firmware/dev_ws/install/ament_cmake_cppcheck:/home/mondegrin/programs/slon/microros_ws/firmware/dev_ws/install/ament_cmake_copyright:/home/mondegrin/programs/slon/microros_ws/firmware/dev_ws/install/ament_cmake_clang_tidy:/home/mondegrin/programs/slon/microros_ws/firmware/dev_ws/install/ament_cmake_clang_format:/home/mondegrin/programs/slon/microros_ws/firmware/dev_ws/install/ament_cmake_test:/home/mondegrin/programs/slon/microros_ws/firmware/dev_ws/install/ament_cmake_target_dependencies:/home/mondegrin/programs/slon/microros_ws/firmware/dev_ws/install/ament_cmake_python:/home/mondegrin/programs/slon/microros_ws/firmware/dev_ws/install/ament_cmake_export_dependencies:/home/mondegrin/programs/slon/microros_ws/firmware/dev_ws/install/ament_cmake_libraries:/home/mondegrin/programs/slon/microros_ws/firmware/dev_ws/install/ament_cmake_include_directories:/home/mondegrin/programs/slon/microros_ws/firmware/dev_ws/install/ament_cmake_gen_version_h:/home/mondegrin/programs/slon/microros_ws/firmware/dev_ws/install/ament_cmake_export_targets:/home/mondegrin/programs/slon/microros_ws/firmware/dev_ws/install/ament_cmake_export_link_flags:/home/mondegrin/programs/slon/microros_ws/firmware/dev_ws/install/ament_cmake_export_interfaces:/home/mondegrin/programs/slon/microros_ws/firmware/dev_ws/install/ament_cmake_export_libraries:/home/mondegrin/programs/slon/microros_ws/firmware/dev_ws/install/ament_cmake_export_include_directories:/home/mondegrin/programs/slon/microros_ws/firmware/dev_ws/install/ament_cmake_export_definitions:/home/mondegrin/programs/slon/microros_ws/firmware/dev_ws/install/ament_cmake_core:/home/mondegrin/programs/slon/microros_ws/firmware/dev_ws/install/ament_index_cpp:/home/mondegrin/programs/slon/microros_ws/firmware/dev_ws/install/ament_uncrustify:/home/mondegrin/programs/slon/microros_ws/firmware/dev_ws/install/domain_coordinator:/home/mondegrin/programs/slon/microros_ws/firmware/dev_ws/install/ament_xmllint:/home/mondegrin/programs/slon/microros_ws/firmware/dev_ws/install/ament_pyflakes:/home/mondegrin/programs/slon/microros_ws/firmware/dev_ws/install/ament_pycodestyle:/home/mondegrin/programs/slon/microros_ws/firmware/dev_ws/install/ament_pep257:/home/mondegrin/programs/slon/microros_ws/firmware/dev_ws/install/ament_pclint:/home/mondegrin/programs/slon/microros_ws/firmware/dev_ws/install/ament_package:/home/mondegrin/programs/slon/microros_ws/firmware/dev_ws/install/ament_mypy:/home/mondegrin/programs/slon/microros_ws/firmware/dev_ws/install/ament_lint_cmake:/home/mondegrin/programs/slon/microros_ws/firmware/dev_ws/install/ament_flake8:/home/mondegrin/programs/slon/microros_ws/firmware/dev_ws/install/ament_copyright:/home/mondegrin/programs/slon/microros_ws/firmware/dev_ws/install/ament_lint:/home/mondegrin/programs/slon/microros_ws/firmware/dev_ws/install/ament_index_python:/home/mondegrin/programs/slon/microros_ws/firmware/dev_ws/install/ament_cpplint:/home/mondegrin/programs/slon/microros_ws/firmware/dev_ws/install/ament_cppcheck:/home/mondegrin/programs/slon/microros_ws/firmware/dev_ws/install/ament_clang_tidy:/home/mondegrin/programs/slon/microros_ws/firmware/dev_ws/install/ament_clang_format LD_LIBRARY_PATH=/home/mondegrin/programs/slon/microros_ws/firmware/mcu_ws/install/lib:${LD_LIBRARY_PATH} PATH=/home/mondegrin/programs/slon/microros_ws/firmware/mcu_ws/install/bin:${PATH} PYTHONPATH=/home/mondegrin/programs/slon/microros_ws/firmware/mcu_ws/install/lib/python3.10/site-packages:${PYTHONPATH} /usr/bin/cmake --install /home/mondegrin/programs/slon/microros_ws/firmware/mcu_ws/build/rosgraph_msgs
