-- Found ament_cmake: 2.0.3 (/opt/ros/iron/share/ament_cmake/cmake)
-- Found rclcpp: 21.0.3 (/opt/ros/iron/share/rclcpp/cmake)
-- Found rosidl_generator_c: 4.0.1 (/opt/ros/iron/share/rosidl_generator_c/cmake)
-- Found rosidl_generator_cpp: 4.0.1 (/opt/ros/iron/share/rosidl_generator_cpp/cmake)
-- Using all available rosidl_typesupport_c: rosidl_typesupport_fastrtps_c;rosidl_typesupport_introspection_c
-- Using all available rosidl_typesupport_cpp: rosidl_typesupport_fastrtps_cpp;rosidl_typesupport_introspection_cpp
-- Found rmw_implementation_cmake: 7.1.0 (/opt/ros/iron/share/rmw_implementation_cmake/cmake)
-- Found rmw_fastrtps_cpp: 7.1.1 (/opt/ros/iron/share/rmw_fastrtps_cpp/cmake)
-- Using RMW implementation 'rmw_fastrtps_cpp' as default
-- Found std_msgs: 5.0.0 (/opt/ros/iron/share/std_msgs/cmake)
-- Found std_srvs: 5.0.0 (/opt/ros/iron/share/std_srvs/cmake)
-- Found rosidl_default_generators: 1.5.0 (/opt/ros/iron/share/rosidl_default_generators/cmake)
-- Found rosidl_adapter: 4.0.1 (/opt/ros/iron/share/rosidl_adapter/cmake)
-- Found slon: 0.0.0 (/home/mondegrin/programs/slon/ros2_ws/install/slon/share/slon/cmake)
-- Found ament_cmake_ros: 0.11.2 (/opt/ros/iron/share/ament_cmake_ros/cmake)
-- Using all available rosidl_typesupport_c: rosidl_typesupport_fastrtps_c;rosidl_typesupport_introspection_c
-- Using all available rosidl_typesupport_cpp: rosidl_typesupport_fastrtps_cpp;rosidl_typesupport_introspection_cpp
-- Found python_cmake_module: 0.10.2 (/opt/ros/iron/share/python_cmake_module/cmake)
-- Using PYTHON_EXECUTABLE: /usr/bin/python3
-- Using PYTHON_INCLUDE_DIRS: /usr/include/python3.10
-- Using PYTHON_LIBRARIES: /usr/lib/x86_64-linux-gnu/libpython3.10.so
-- Found ament_lint_auto: 0.14.2 (/opt/ros/iron/share/ament_lint_auto/cmake)
-- Added test 'cppcheck' to perform static code analysis on C / C++ code
-- Configured cppcheck include dirs: $<BUILD_INTERFACE:/home/mondegrin/programs/slon/ros2_ws/src/slon/include>
-- Configured cppcheck exclude dirs and/or files: 
-- Added test 'lint_cmake' to check CMake code style
-- Added test 'uncrustify' to check C / C++ code style
-- Configured uncrustify additional arguments: 
-- Added test 'xmllint' to check XML markup files
-- Configuring done
-- Generating done
-- Build files have been written to: /home/mondegrin/programs/slon/ros2_ws/build/slon
[35m[1mConsolidate compiler generated dependencies of target main[0m
[  2%] Built target slon__rosidl_generator_type_description
[35m[1mConsolidate compiler generated dependencies of target slon__rosidl_generator_c[0m
[  2%] Built target ament_cmake_python_copy_slon
[  5%] [32mBuilding CXX object CMakeFiles/main.dir/src/main.cpp.o[0m
[ 19%] Built target slon__rosidl_generator_c
[ 22%] Built target slon__cpp
[35m[1mConsolidate compiler generated dependencies of target slon__rosidl_typesupport_introspection_c[0m
[35m[1mConsolidate compiler generated dependencies of target slon__rosidl_typesupport_fastrtps_c[0m
[35m[1mConsolidate compiler generated dependencies of target slon__rosidl_typesupport_introspection_cpp[0m
[35m[1mConsolidate compiler generated dependencies of target slon__rosidl_typesupport_c[0m
[ 30%] Built target slon__rosidl_typesupport_introspection_c
[ 38%] Built target slon__rosidl_typesupport_introspection_cpp
[ 47%] Built target slon__rosidl_typesupport_c
[35m[1mConsolidate compiler generated dependencies of target slon__rosidl_typesupport_cpp[0m
[ 55%] Built target slon__rosidl_typesupport_fastrtps_c
[35m[1mConsolidate compiler generated dependencies of target slon__rosidl_typesupport_fastrtps_cpp[0m
[ 63%] Built target slon__rosidl_typesupport_cpp
[ 72%] Built target slon__rosidl_typesupport_fastrtps_cpp
[ 72%] Built target slon
[ 75%] Built target slon__py
[35m[1mConsolidate compiler generated dependencies of target slon__rosidl_generator_py[0m
[ 80%] Built target slon__rosidl_generator_py
[35m[1mConsolidate compiler generated dependencies of target slon__rosidl_typesupport_fastrtps_c__pyext[0m
[35m[1mConsolidate compiler generated dependencies of target slon__rosidl_typesupport_introspection_c__pyext[0m
[35m[1mConsolidate compiler generated dependencies of target slon__rosidl_typesupport_c__pyext[0m
[ 86%] Built target slon__rosidl_typesupport_fastrtps_c__pyext
[ 91%] Built target slon__rosidl_typesupport_introspection_c__pyext
[ 97%] Built target slon__rosidl_typesupport_c__pyext
running egg_info
writing slon.egg-info/PKG-INFO
writing dependency_links to slon.egg-info/dependency_links.txt
writing top-level names to slon.egg-info/top_level.txt
reading manifest file 'slon.egg-info/SOURCES.txt'
writing manifest file 'slon.egg-info/SOURCES.txt'
[ 97%] Built target ament_cmake_python_build_slon_egg
