[0.698s] Invoking command in '/home/mondegrin/programs/slon/microros_ws/firmware/mcu_ws/ros2/ros2_tracing/ros2trace': AMENT_PREFIX_PATH=/home/mondegrin/programs/slon/microros_ws/firmware/mcu_ws/install:${AMENT_PREFIX_PATH} CMAKE_PREFIX_PATH=/home/mondegrin/programs/slon/microros_ws/firmware/mcu_ws/install:${CMAKE_PREFIX_PATH} PATH=/home/mondegrin/programs/slon/microros_ws/firmware/mcu_ws/install/bin:${PATH} PYTHONPATH=/home/mondegrin/programs/slon/microros_ws/firmware/mcu_ws/build/ros2trace/prefix_override:/home/mondegrin/programs/slon/microros_ws/firmware/mcu_ws/install/lib/python3.10/site-packages:/home/mondegrin/programs/slon/microros_ws/firmware/mcu_ws/install/lib/python3.10/site-packages:${PYTHONPATH} /usr/bin/python3 setup.py egg_info --egg-base ../../../build/ros2trace build --build-base /home/mondegrin/programs/slon/microros_ws/firmware/mcu_ws/build/ros2trace/build install --record /home/mondegrin/programs/slon/microros_ws/firmware/mcu_ws/build/ros2trace/install.log --single-version-externally-managed
[0.920s] running egg_info
[0.922s] creating ../../../build/ros2trace/ros2trace.egg-info
[0.922s] writing ../../../build/ros2trace/ros2trace.egg-info/PKG-INFO
[0.922s] writing dependency_links to ../../../build/ros2trace/ros2trace.egg-info/dependency_links.txt
[0.922s] writing entry points to ../../../build/ros2trace/ros2trace.egg-info/entry_points.txt
[0.923s] writing requirements to ../../../build/ros2trace/ros2trace.egg-info/requires.txt
[0.923s] writing top-level names to ../../../build/ros2trace/ros2trace.egg-info/top_level.txt
[0.923s] writing manifest file '../../../build/ros2trace/ros2trace.egg-info/SOURCES.txt'
[0.925s] reading manifest file '../../../build/ros2trace/ros2trace.egg-info/SOURCES.txt'
[0.925s] writing manifest file '../../../build/ros2trace/ros2trace.egg-info/SOURCES.txt'
[0.925s] running build
[0.925s] running build_py
[0.926s] creating /home/mondegrin/programs/slon/microros_ws/firmware/mcu_ws/build/ros2trace/build
[0.926s] creating /home/mondegrin/programs/slon/microros_ws/firmware/mcu_ws/build/ros2trace/build/lib
[0.927s] creating /home/mondegrin/programs/slon/microros_ws/firmware/mcu_ws/build/ros2trace/build/lib/ros2trace
[0.927s] copying ros2trace/__init__.py -> /home/mondegrin/programs/slon/microros_ws/firmware/mcu_ws/build/ros2trace/build/lib/ros2trace
[0.927s] creating /home/mondegrin/programs/slon/microros_ws/firmware/mcu_ws/build/ros2trace/build/lib/ros2trace/command
[0.928s] copying ros2trace/command/trace.py -> /home/mondegrin/programs/slon/microros_ws/firmware/mcu_ws/build/ros2trace/build/lib/ros2trace/command
[0.928s] copying ros2trace/command/__init__.py -> /home/mondegrin/programs/slon/microros_ws/firmware/mcu_ws/build/ros2trace/build/lib/ros2trace/command
[0.928s] creating /home/mondegrin/programs/slon/microros_ws/firmware/mcu_ws/build/ros2trace/build/lib/ros2trace/api
[0.929s] copying ros2trace/api/__init__.py -> /home/mondegrin/programs/slon/microros_ws/firmware/mcu_ws/build/ros2trace/build/lib/ros2trace/api
[0.929s] running install
[0.929s] running install_lib
[0.930s] /usr/lib/python3/dist-packages/setuptools/command/install.py:34: SetuptoolsDeprecationWarning: setup.py install is deprecated. Use build and pip and other standards-based tools.
[0.930s]   warnings.warn(
[0.930s] creating /home/mondegrin/programs/slon/microros_ws/firmware/mcu_ws/install/lib/python3.10/site-packages/ros2trace
[0.931s] creating /home/mondegrin/programs/slon/microros_ws/firmware/mcu_ws/install/lib/python3.10/site-packages/ros2trace/command
[0.932s] copying /home/mondegrin/programs/slon/microros_ws/firmware/mcu_ws/build/ros2trace/build/lib/ros2trace/command/trace.py -> /home/mondegrin/programs/slon/microros_ws/firmware/mcu_ws/install/lib/python3.10/site-packages/ros2trace/command
[0.932s] copying /home/mondegrin/programs/slon/microros_ws/firmware/mcu_ws/build/ros2trace/build/lib/ros2trace/command/__init__.py -> /home/mondegrin/programs/slon/microros_ws/firmware/mcu_ws/install/lib/python3.10/site-packages/ros2trace/command
[0.932s] creating /home/mondegrin/programs/slon/microros_ws/firmware/mcu_ws/install/lib/python3.10/site-packages/ros2trace/api
[0.933s] copying /home/mondegrin/programs/slon/microros_ws/firmware/mcu_ws/build/ros2trace/build/lib/ros2trace/api/__init__.py -> /home/mondegrin/programs/slon/microros_ws/firmware/mcu_ws/install/lib/python3.10/site-packages/ros2trace/api
[0.933s] copying /home/mondegrin/programs/slon/microros_ws/firmware/mcu_ws/build/ros2trace/build/lib/ros2trace/__init__.py -> /home/mondegrin/programs/slon/microros_ws/firmware/mcu_ws/install/lib/python3.10/site-packages/ros2trace
[0.933s] byte-compiling /home/mondegrin/programs/slon/microros_ws/firmware/mcu_ws/install/lib/python3.10/site-packages/ros2trace/command/trace.py to trace.cpython-310.pyc
[0.933s] byte-compiling /home/mondegrin/programs/slon/microros_ws/firmware/mcu_ws/install/lib/python3.10/site-packages/ros2trace/command/__init__.py to __init__.cpython-310.pyc
[0.934s] byte-compiling /home/mondegrin/programs/slon/microros_ws/firmware/mcu_ws/install/lib/python3.10/site-packages/ros2trace/api/__init__.py to __init__.cpython-310.pyc
[0.934s] byte-compiling /home/mondegrin/programs/slon/microros_ws/firmware/mcu_ws/install/lib/python3.10/site-packages/ros2trace/__init__.py to __init__.cpython-310.pyc
[0.934s] running install_data
[0.935s] copying package.xml -> /home/mondegrin/programs/slon/microros_ws/firmware/mcu_ws/install/share/ros2trace
[0.935s] copying resource/ros2trace -> /home/mondegrin/programs/slon/microros_ws/firmware/mcu_ws/install/share/ament_index/resource_index/packages
[0.935s] running install_egg_info
[0.936s] Copying ../../../build/ros2trace/ros2trace.egg-info to /home/mondegrin/programs/slon/microros_ws/firmware/mcu_ws/install/lib/python3.10/site-packages/ros2trace-6.3.1-py3.10.egg-info
[0.936s] running install_scripts
[0.960s] writing list of installed files to '/home/mondegrin/programs/slon/microros_ws/firmware/mcu_ws/build/ros2trace/install.log'
[1.169s] Invoked command in '/home/mondegrin/programs/slon/microros_ws/firmware/mcu_ws/ros2/ros2_tracing/ros2trace' returned '0': AMENT_PREFIX_PATH=/home/mondegrin/programs/slon/microros_ws/firmware/mcu_ws/install:${AMENT_PREFIX_PATH} CMAKE_PREFIX_PATH=/home/mondegrin/programs/slon/microros_ws/firmware/mcu_ws/install:${CMAKE_PREFIX_PATH} PATH=/home/mondegrin/programs/slon/microros_ws/firmware/mcu_ws/install/bin:${PATH} PYTHONPATH=/home/mondegrin/programs/slon/microros_ws/firmware/mcu_ws/build/ros2trace/prefix_override:/home/mondegrin/programs/slon/microros_ws/firmware/mcu_ws/install/lib/python3.10/site-packages:/home/mondegrin/programs/slon/microros_ws/firmware/mcu_ws/install/lib/python3.10/site-packages:${PYTHONPATH} /usr/bin/python3 setup.py egg_info --egg-base ../../../build/ros2trace build --build-base /home/mondegrin/programs/slon/microros_ws/firmware/mcu_ws/build/ros2trace/build install --record /home/mondegrin/programs/slon/microros_ws/firmware/mcu_ws/build/ros2trace/install.log --single-version-externally-managed
