[0.334s] Invoking command in '/home/mondegrin/programs/slon/microros_ws/firmware/mcu_ws/build/rcutils': CMAKE_PREFIX_PATH=${CMAKE_PREFIX_PATH}:/home/mondegrin/programs/slon/microros_ws/firmware/dev_ws/install/ament_uncrustify:/home/mondegrin/programs/slon/microros_ws/firmware/dev_ws/install/domain_coordinator:/home/mondegrin/programs/slon/microros_ws/firmware/dev_ws/install/ament_xmllint:/home/mondegrin/programs/slon/microros_ws/firmware/dev_ws/install/ament_pyflakes:/home/mondegrin/programs/slon/microros_ws/firmware/dev_ws/install/ament_pycodestyle:/home/mondegrin/programs/slon/microros_ws/firmware/dev_ws/install/ament_pep257:/home/mondegrin/programs/slon/microros_ws/firmware/dev_ws/install/ament_pclint:/home/mondegrin/programs/slon/microros_ws/firmware/dev_ws/install/ament_package:/home/mondegrin/programs/slon/microros_ws/firmware/dev_ws/install/ament_mypy:/home/mondegrin/programs/slon/microros_ws/firmware/dev_ws/install/ament_lint_cmake:/home/mondegrin/programs/slon/microros_ws/firmware/dev_ws/install/ament_flake8:/home/mondegrin/programs/slon/microros_ws/firmware/dev_ws/install/ament_copyright:/home/mondegrin/programs/slon/microros_ws/firmware/dev_ws/install/ament_lint:/home/mondegrin/programs/slon/microros_ws/firmware/dev_ws/install/ament_index_python:/home/mondegrin/programs/slon/microros_ws/firmware/dev_ws/install/ament_cpplint:/home/mondegrin/programs/slon/microros_ws/firmware/dev_ws/install/ament_cppcheck:/home/mondegrin/programs/slon/microros_ws/firmware/dev_ws/install/ament_clang_tidy:/home/mondegrin/programs/slon/microros_ws/firmware/dev_ws/install/ament_clang_format /usr/bin/cmake --build /home/mondegrin/programs/slon/microros_ws/firmware/mcu_ws/build/rcutils -- -j16 -l16
[2.167s] gmake[4]: Entering directory '/home/mondegrin/programs/slon/microros_ws/firmware/mcu_ws/build/rcutils'
[2.171s] /usr/bin/cmake -S/home/mondegrin/programs/slon/microros_ws/firmware/mcu_ws/uros/rcutils -B/home/mondegrin/programs/slon/microros_ws/firmware/mcu_ws/build/rcutils --check-build-system CMakeFiles/Makefile.cmake 0
[2.173s] Re-run cmake file: Makefile older than: /home/mondegrin/programs/slon/microros_ws/firmware/freertos_apps/microros_esp32_extensions/esp32_toolchain.cmake
[2.174s] -- Found ament_cmake_python: 2.0.3 (/home/mondegrin/programs/slon/microros_ws/firmware/dev_ws/install/ament_cmake_python/share/ament_cmake_python/cmake)
[2.183s] -- Found ament_cmake_ros: 0.11.2 (/home/mondegrin/programs/slon/microros_ws/firmware/dev_ws/install/ament_cmake_ros/share/ament_cmake_ros/cmake)
[2.183s] -- Configuring done
[2.184s] -- Generating done
[2.184s] -- Build files have been written to: /home/mondegrin/programs/slon/microros_ws/firmware/mcu_ws/build/rcutils
[2.187s] /usr/bin/cmake -E cmake_progress_start /home/mondegrin/programs/slon/microros_ws/firmware/mcu_ws/build/rcutils/CMakeFiles /home/mondegrin/programs/slon/microros_ws/firmware/mcu_ws/build/rcutils//CMakeFiles/progress.marks
[2.188s] /usr/bin/gmake  -f CMakeFiles/Makefile2 all
[2.188s] gmake[5]: Entering directory '/home/mondegrin/programs/slon/microros_ws/firmware/mcu_ws/build/rcutils'
[2.189s] /usr/bin/gmake  -f CMakeFiles/ament_cmake_python_copy_rcutils.dir/build.make CMakeFiles/ament_cmake_python_copy_rcutils.dir/depend
[2.189s] /usr/bin/gmake  -f CMakeFiles/rcutils.dir/build.make CMakeFiles/rcutils.dir/depend
[2.190s] gmake[6]: Entering directory '/home/mondegrin/programs/slon/microros_ws/firmware/mcu_ws/build/rcutils'
[2.190s] cd /home/mondegrin/programs/slon/microros_ws/firmware/mcu_ws/build/rcutils && /usr/bin/cmake -E cmake_depends "Unix Makefiles" /home/mondegrin/programs/slon/microros_ws/firmware/mcu_ws/uros/rcutils /home/mondegrin/programs/slon/microros_ws/firmware/mcu_ws/uros/rcutils /home/mondegrin/programs/slon/microros_ws/firmware/mcu_ws/build/rcutils /home/mondegrin/programs/slon/microros_ws/firmware/mcu_ws/build/rcutils /home/mondegrin/programs/slon/microros_ws/firmware/mcu_ws/build/rcutils/CMakeFiles/ament_cmake_python_copy_rcutils.dir/DependInfo.cmake --color=
[2.190s] gmake[6]: Entering directory '/home/mondegrin/programs/slon/microros_ws/firmware/mcu_ws/build/rcutils'
[2.191s] cd /home/mondegrin/programs/slon/microros_ws/firmware/mcu_ws/build/rcutils && /usr/bin/cmake -E cmake_depends "Unix Makefiles" /home/mondegrin/programs/slon/microros_ws/firmware/mcu_ws/uros/rcutils /home/mondegrin/programs/slon/microros_ws/firmware/mcu_ws/uros/rcutils /home/mondegrin/programs/slon/microros_ws/firmware/mcu_ws/build/rcutils /home/mondegrin/programs/slon/microros_ws/firmware/mcu_ws/build/rcutils /home/mondegrin/programs/slon/microros_ws/firmware/mcu_ws/build/rcutils/CMakeFiles/rcutils.dir/DependInfo.cmake --color=
[2.191s] Dependencies file "CMakeFiles/rcutils.dir/src/allocator.c.obj.d" is newer than depends file "/home/mondegrin/programs/slon/microros_ws/firmware/mcu_ws/build/rcutils/CMakeFiles/rcutils.dir/compiler_depend.internal".
[2.192s] Dependencies file "CMakeFiles/rcutils.dir/src/array_list.c.obj.d" is newer than depends file "/home/mondegrin/programs/slon/microros_ws/firmware/mcu_ws/build/rcutils/CMakeFiles/rcutils.dir/compiler_depend.internal".
[2.193s] Dependencies file "CMakeFiles/rcutils.dir/src/atomic_64bits.c.obj.d" is newer than depends file "/home/mondegrin/programs/slon/microros_ws/firmware/mcu_ws/build/rcutils/CMakeFiles/rcutils.dir/compiler_depend.internal".
[2.194s] Dependencies file "CMakeFiles/rcutils.dir/src/char_array.c.obj.d" is newer than depends file "/home/mondegrin/programs/slon/microros_ws/firmware/mcu_ws/build/rcutils/CMakeFiles/rcutils.dir/compiler_depend.internal".
[2.198s] Dependencies file "CMakeFiles/rcutils.dir/src/cmdline_parser.c.obj.d" is newer than depends file "/home/mondegrin/programs/slon/microros_ws/firmware/mcu_ws/build/rcutils/CMakeFiles/rcutils.dir/compiler_depend.internal".
[2.204s] Dependencies file "CMakeFiles/rcutils.dir/src/env.c.obj.d" is newer than depends file "/home/mondegrin/programs/slon/microros_ws/firmware/mcu_ws/build/rcutils/CMakeFiles/rcutils.dir/compiler_depend.internal".
[2.208s] Dependencies file "CMakeFiles/rcutils.dir/src/error_handling.c.obj.d" is newer than depends file "/home/mondegrin/programs/slon/microros_ws/firmware/mcu_ws/build/rcutils/CMakeFiles/rcutils.dir/compiler_depend.internal".
[2.209s] gmake[6]: Leaving directory '/home/mondegrin/programs/slon/microros_ws/firmware/mcu_ws/build/rcutils'
[2.209s] Dependencies file "CMakeFiles/rcutils.dir/src/filesystem.c.obj.d" is newer than depends file "/home/mondegrin/programs/slon/microros_ws/firmware/mcu_ws/build/rcutils/CMakeFiles/rcutils.dir/compiler_depend.internal".
[2.210s] /usr/bin/gmake  -f CMakeFiles/ament_cmake_python_copy_rcutils.dir/build.make CMakeFiles/ament_cmake_python_copy_rcutils.dir/build
[2.210s] Dependencies file "CMakeFiles/rcutils.dir/src/find.c.obj.d" is newer than depends file "/home/mondegrin/programs/slon/microros_ws/firmware/mcu_ws/build/rcutils/CMakeFiles/rcutils.dir/compiler_depend.internal".
[2.212s] Dependencies file "CMakeFiles/rcutils.dir/src/format_string.c.obj.d" is newer than depends file "/home/mondegrin/programs/slon/microros_ws/firmware/mcu_ws/build/rcutils/CMakeFiles/rcutils.dir/compiler_depend.internal".
[2.220s] Dependencies file "CMakeFiles/rcutils.dir/src/hash_map.c.obj.d" is newer than depends file "/home/mondegrin/programs/slon/microros_ws/firmware/mcu_ws/build/rcutils/CMakeFiles/rcutils.dir/compiler_depend.internal".
[2.220s] Dependencies file "CMakeFiles/rcutils.dir/src/logging.c.obj.d" is newer than depends file "/home/mondegrin/programs/slon/microros_ws/firmware/mcu_ws/build/rcutils/CMakeFiles/rcutils.dir/compiler_depend.internal".
[2.220s] Dependencies file "CMakeFiles/rcutils.dir/src/process.c.obj.d" is newer than depends file "/home/mondegrin/programs/slon/microros_ws/firmware/mcu_ws/build/rcutils/CMakeFiles/rcutils.dir/compiler_depend.internal".
[2.220s] gmake[6]: Entering directory '/home/mondegrin/programs/slon/microros_ws/firmware/mcu_ws/build/rcutils'
[2.220s] /usr/bin/cmake -E copy_directory /home/mondegrin/programs/slon/microros_ws/firmware/mcu_ws/uros/rcutils/rcutils /home/mondegrin/programs/slon/microros_ws/firmware/mcu_ws/build/rcutils/ament_cmake_python/rcutils/rcutils
[2.221s] Dependencies file "CMakeFiles/rcutils.dir/src/qsort.c.obj.d" is newer than depends file "/home/mondegrin/programs/slon/microros_ws/firmware/mcu_ws/build/rcutils/CMakeFiles/rcutils.dir/compiler_depend.internal".
[2.221s] Dependencies file "CMakeFiles/rcutils.dir/src/repl_str.c.obj.d" is newer than depends file "/home/mondegrin/programs/slon/microros_ws/firmware/mcu_ws/build/rcutils/CMakeFiles/rcutils.dir/compiler_depend.internal".
[2.221s] Dependencies file "CMakeFiles/rcutils.dir/src/sha256.c.obj.d" is newer than depends file "/home/mondegrin/programs/slon/microros_ws/firmware/mcu_ws/build/rcutils/CMakeFiles/rcutils.dir/compiler_depend.internal".
[2.222s] Dependencies file "CMakeFiles/rcutils.dir/src/shared_library.c.obj.d" is newer than depends file "/home/mondegrin/programs/slon/microros_ws/firmware/mcu_ws/build/rcutils/CMakeFiles/rcutils.dir/compiler_depend.internal".
[2.222s] Dependencies file "CMakeFiles/rcutils.dir/src/snprintf.c.obj.d" is newer than depends file "/home/mondegrin/programs/slon/microros_ws/firmware/mcu_ws/build/rcutils/CMakeFiles/rcutils.dir/compiler_depend.internal".
[2.222s] Dependencies file "CMakeFiles/rcutils.dir/src/split.c.obj.d" is newer than depends file "/home/mondegrin/programs/slon/microros_ws/firmware/mcu_ws/build/rcutils/CMakeFiles/rcutils.dir/compiler_depend.internal".
[2.223s] Dependencies file "CMakeFiles/rcutils.dir/src/strcasecmp.c.obj.d" is newer than depends file "/home/mondegrin/programs/slon/microros_ws/firmware/mcu_ws/build/rcutils/CMakeFiles/rcutils.dir/compiler_depend.internal".
[2.223s] Dependencies file "CMakeFiles/rcutils.dir/src/strdup.c.obj.d" is newer than depends file "/home/mondegrin/programs/slon/microros_ws/firmware/mcu_ws/build/rcutils/CMakeFiles/rcutils.dir/compiler_depend.internal".
[2.223s] Dependencies file "CMakeFiles/rcutils.dir/src/strerror.c.obj.d" is newer than depends file "/home/mondegrin/programs/slon/microros_ws/firmware/mcu_ws/build/rcutils/CMakeFiles/rcutils.dir/compiler_depend.internal".
[2.223s] Dependencies file "CMakeFiles/rcutils.dir/src/string_array.c.obj.d" is newer than depends file "/home/mondegrin/programs/slon/microros_ws/firmware/mcu_ws/build/rcutils/CMakeFiles/rcutils.dir/compiler_depend.internal".
[2.224s] Dependencies file "CMakeFiles/rcutils.dir/src/string_map.c.obj.d" is newer than depends file "/home/mondegrin/programs/slon/microros_ws/firmware/mcu_ws/build/rcutils/CMakeFiles/rcutils.dir/compiler_depend.internal".
[2.224s] Dependencies file "CMakeFiles/rcutils.dir/src/testing/fault_injection.c.obj.d" is newer than depends file "/home/mondegrin/programs/slon/microros_ws/firmware/mcu_ws/build/rcutils/CMakeFiles/rcutils.dir/compiler_depend.internal".
[2.224s] Dependencies file "CMakeFiles/rcutils.dir/src/time.c.obj.d" is newer than depends file "/home/mondegrin/programs/slon/microros_ws/firmware/mcu_ws/build/rcutils/CMakeFiles/rcutils.dir/compiler_depend.internal".
[2.225s] Dependencies file "CMakeFiles/rcutils.dir/src/time_unix.c.obj.d" is newer than depends file "/home/mondegrin/programs/slon/microros_ws/firmware/mcu_ws/build/rcutils/CMakeFiles/rcutils.dir/compiler_depend.internal".
[2.225s] Dependencies file "CMakeFiles/rcutils.dir/src/uint8_array.c.obj.d" is newer than depends file "/home/mondegrin/programs/slon/microros_ws/firmware/mcu_ws/build/rcutils/CMakeFiles/rcutils.dir/compiler_depend.internal".
[2.225s] [35m[1mConsolidate compiler generated dependencies of target rcutils[0m
[2.225s] gmake[6]: Leaving directory '/home/mondegrin/programs/slon/microros_ws/firmware/mcu_ws/build/rcutils'
[2.225s] gmake[6]: Leaving directory '/home/mondegrin/programs/slon/microros_ws/firmware/mcu_ws/build/rcutils'
[2.227s] /usr/bin/gmake  -f CMakeFiles/rcutils.dir/build.make CMakeFiles/rcutils.dir/build
[2.228s] gmake[6]: Entering directory '/home/mondegrin/programs/slon/microros_ws/firmware/mcu_ws/build/rcutils'
[2.228s] gmake[6]: Nothing to be done for 'CMakeFiles/rcutils.dir/build'.
[2.229s] gmake[6]: Leaving directory '/home/mondegrin/programs/slon/microros_ws/firmware/mcu_ws/build/rcutils'
[2.235s] [  0%] Built target ament_cmake_python_copy_rcutils
[2.237s] /usr/bin/gmake  -f CMakeFiles/ament_cmake_python_build_rcutils_egg.dir/build.make CMakeFiles/ament_cmake_python_build_rcutils_egg.dir/depend
[2.239s] gmake[6]: Entering directory '/home/mondegrin/programs/slon/microros_ws/firmware/mcu_ws/build/rcutils'
[2.239s] cd /home/mondegrin/programs/slon/microros_ws/firmware/mcu_ws/build/rcutils && /usr/bin/cmake -E cmake_depends "Unix Makefiles" /home/mondegrin/programs/slon/microros_ws/firmware/mcu_ws/uros/rcutils /home/mondegrin/programs/slon/microros_ws/firmware/mcu_ws/uros/rcutils /home/mondegrin/programs/slon/microros_ws/firmware/mcu_ws/build/rcutils /home/mondegrin/programs/slon/microros_ws/firmware/mcu_ws/build/rcutils /home/mondegrin/programs/slon/microros_ws/firmware/mcu_ws/build/rcutils/CMakeFiles/ament_cmake_python_build_rcutils_egg.dir/DependInfo.cmake --color=
[2.241s] [100%] Built target rcutils
[2.242s] gmake[6]: Leaving directory '/home/mondegrin/programs/slon/microros_ws/firmware/mcu_ws/build/rcutils'
[2.242s] /usr/bin/gmake  -f CMakeFiles/ament_cmake_python_build_rcutils_egg.dir/build.make CMakeFiles/ament_cmake_python_build_rcutils_egg.dir/build
[2.242s] gmake[6]: Entering directory '/home/mondegrin/programs/slon/microros_ws/firmware/mcu_ws/build/rcutils'
[2.243s] cd /home/mondegrin/programs/slon/microros_ws/firmware/mcu_ws/build/rcutils/ament_cmake_python/rcutils && /home/mondegrin/programs/slon/microros_ws/firmware/toolchain/espressif/python_env/idf4.1_py3.10_env/bin/python3.10 setup.py egg_info
[2.244s] running egg_info
[2.246s] writing rcutils.egg-info/PKG-INFO
[2.247s] writing dependency_links to rcutils.egg-info/dependency_links.txt
[2.247s] writing top-level names to rcutils.egg-info/top_level.txt
[2.249s] reading manifest file 'rcutils.egg-info/SOURCES.txt'
[2.255s] writing manifest file 'rcutils.egg-info/SOURCES.txt'
[2.256s] gmake[6]: Leaving directory '/home/mondegrin/programs/slon/microros_ws/firmware/mcu_ws/build/rcutils'
[2.257s] [100%] Built target ament_cmake_python_build_rcutils_egg
[2.258s] gmake[5]: Leaving directory '/home/mondegrin/programs/slon/microros_ws/firmware/mcu_ws/build/rcutils'
[2.258s] /usr/bin/cmake -E cmake_progress_start /home/mondegrin/programs/slon/microros_ws/firmware/mcu_ws/build/rcutils/CMakeFiles 0
[2.258s] gmake[4]: Leaving directory '/home/mondegrin/programs/slon/microros_ws/firmware/mcu_ws/build/rcutils'
[2.296s] Invoked command in '/home/mondegrin/programs/slon/microros_ws/firmware/mcu_ws/build/rcutils' returned '0': CMAKE_PREFIX_PATH=${CMAKE_PREFIX_PATH}:/home/mondegrin/programs/slon/microros_ws/firmware/dev_ws/install/ament_uncrustify:/home/mondegrin/programs/slon/microros_ws/firmware/dev_ws/install/domain_coordinator:/home/mondegrin/programs/slon/microros_ws/firmware/dev_ws/install/ament_xmllint:/home/mondegrin/programs/slon/microros_ws/firmware/dev_ws/install/ament_pyflakes:/home/mondegrin/programs/slon/microros_ws/firmware/dev_ws/install/ament_pycodestyle:/home/mondegrin/programs/slon/microros_ws/firmware/dev_ws/install/ament_pep257:/home/mondegrin/programs/slon/microros_ws/firmware/dev_ws/install/ament_pclint:/home/mondegrin/programs/slon/microros_ws/firmware/dev_ws/install/ament_package:/home/mondegrin/programs/slon/microros_ws/firmware/dev_ws/install/ament_mypy:/home/mondegrin/programs/slon/microros_ws/firmware/dev_ws/install/ament_lint_cmake:/home/mondegrin/programs/slon/microros_ws/firmware/dev_ws/install/ament_flake8:/home/mondegrin/programs/slon/microros_ws/firmware/dev_ws/install/ament_copyright:/home/mondegrin/programs/slon/microros_ws/firmware/dev_ws/install/ament_lint:/home/mondegrin/programs/slon/microros_ws/firmware/dev_ws/install/ament_index_python:/home/mondegrin/programs/slon/microros_ws/firmware/dev_ws/install/ament_cpplint:/home/mondegrin/programs/slon/microros_ws/firmware/dev_ws/install/ament_cppcheck:/home/mondegrin/programs/slon/microros_ws/firmware/dev_ws/install/ament_clang_tidy:/home/mondegrin/programs/slon/microros_ws/firmware/dev_ws/install/ament_clang_format /usr/bin/cmake --build /home/mondegrin/programs/slon/microros_ws/firmware/mcu_ws/build/rcutils -- -j16 -l16
[3.264s] Invoking command in '/home/mondegrin/programs/slon/microros_ws/firmware/mcu_ws/build/rcutils': CMAKE_PREFIX_PATH=${CMAKE_PREFIX_PATH}:/home/mondegrin/programs/slon/microros_ws/firmware/dev_ws/install/ament_uncrustify:/home/mondegrin/programs/slon/microros_ws/firmware/dev_ws/install/domain_coordinator:/home/mondegrin/programs/slon/microros_ws/firmware/dev_ws/install/ament_xmllint:/home/mondegrin/programs/slon/microros_ws/firmware/dev_ws/install/ament_pyflakes:/home/mondegrin/programs/slon/microros_ws/firmware/dev_ws/install/ament_pycodestyle:/home/mondegrin/programs/slon/microros_ws/firmware/dev_ws/install/ament_pep257:/home/mondegrin/programs/slon/microros_ws/firmware/dev_ws/install/ament_pclint:/home/mondegrin/programs/slon/microros_ws/firmware/dev_ws/install/ament_package:/home/mondegrin/programs/slon/microros_ws/firmware/dev_ws/install/ament_mypy:/home/mondegrin/programs/slon/microros_ws/firmware/dev_ws/install/ament_lint_cmake:/home/mondegrin/programs/slon/microros_ws/firmware/dev_ws/install/ament_flake8:/home/mondegrin/programs/slon/microros_ws/firmware/dev_ws/install/ament_copyright:/home/mondegrin/programs/slon/microros_ws/firmware/dev_ws/install/ament_lint:/home/mondegrin/programs/slon/microros_ws/firmware/dev_ws/install/ament_index_python:/home/mondegrin/programs/slon/microros_ws/firmware/dev_ws/install/ament_cpplint:/home/mondegrin/programs/slon/microros_ws/firmware/dev_ws/install/ament_cppcheck:/home/mondegrin/programs/slon/microros_ws/firmware/dev_ws/install/ament_clang_tidy:/home/mondegrin/programs/slon/microros_ws/firmware/dev_ws/install/ament_clang_format /usr/bin/cmake --install /home/mondegrin/programs/slon/microros_ws/firmware/mcu_ws/build/rcutils
[3.313s] -- Install configuration: "Debug"
[3.314s] -- Up-to-date: /home/mondegrin/programs/slon/microros_ws/firmware/mcu_ws/install/share/rcutils/environment/pythonpath.sh
[3.314s] -- Up-to-date: /home/mondegrin/programs/slon/microros_ws/firmware/mcu_ws/install/share/rcutils/environment/pythonpath.dsv
[3.314s] -- Up-to-date: /home/mondegrin/programs/slon/microros_ws/firmware/mcu_ws/install/lib/python3.10/site-packages/rcutils-6.2.2-py3.10.egg-info
[3.314s] -- Installing: /home/mondegrin/programs/slon/microros_ws/firmware/mcu_ws/install/lib/python3.10/site-packages/rcutils-6.2.2-py3.10.egg-info/SOURCES.txt
[3.315s] -- Installing: /home/mondegrin/programs/slon/microros_ws/firmware/mcu_ws/install/lib/python3.10/site-packages/rcutils-6.2.2-py3.10.egg-info/top_level.txt
[3.315s] -- Installing: /home/mondegrin/programs/slon/microros_ws/firmware/mcu_ws/install/lib/python3.10/site-packages/rcutils-6.2.2-py3.10.egg-info/PKG-INFO
[3.315s] -- Installing: /home/mondegrin/programs/slon/microros_ws/firmware/mcu_ws/install/lib/python3.10/site-packages/rcutils-6.2.2-py3.10.egg-info/dependency_links.txt
[3.316s] -- Up-to-date: /home/mondegrin/programs/slon/microros_ws/firmware/mcu_ws/install/lib/python3.10/site-packages/rcutils
[3.316s] -- Up-to-date: /home/mondegrin/programs/slon/microros_ws/firmware/mcu_ws/install/lib/python3.10/site-packages/rcutils/__init__.py
[3.316s] -- Up-to-date: /home/mondegrin/programs/slon/microros_ws/firmware/mcu_ws/install/lib/python3.10/site-packages/rcutils/logging.py
[3.333s] Listing '/home/mondegrin/programs/slon/microros_ws/firmware/mcu_ws/install/lib/python3.10/site-packages/rcutils'...
[3.343s] -- Up-to-date: /home/mondegrin/programs/slon/microros_ws/firmware/mcu_ws/install/lib/librcutils.a
[3.343s] -- Up-to-date: /home/mondegrin/programs/slon/microros_ws/firmware/mcu_ws/install/share/rcutils/environment/library_path.sh
[3.344s] -- Up-to-date: /home/mondegrin/programs/slon/microros_ws/firmware/mcu_ws/install/share/rcutils/environment/library_path.dsv
[3.345s] -- Up-to-date: /home/mondegrin/programs/slon/microros_ws/firmware/mcu_ws/install/share/ament_index/resource_index/package_run_dependencies/rcutils
[3.346s] -- Up-to-date: /home/mondegrin/programs/slon/microros_ws/firmware/mcu_ws/install/share/ament_index/resource_index/parent_prefix_path/rcutils
[3.346s] -- Up-to-date: /home/mondegrin/programs/slon/microros_ws/firmware/mcu_ws/install/share/rcutils/environment/ament_prefix_path.sh
[3.347s] -- Up-to-date: /home/mondegrin/programs/slon/microros_ws/firmware/mcu_ws/install/share/rcutils/environment/ament_prefix_path.dsv
[3.348s] -- Up-to-date: /home/mondegrin/programs/slon/microros_ws/firmware/mcu_ws/install/share/rcutils/environment/path.sh
[3.348s] -- Up-to-date: /home/mondegrin/programs/slon/microros_ws/firmware/mcu_ws/install/share/rcutils/environment/path.dsv
[3.348s] -- Up-to-date: /home/mondegrin/programs/slon/microros_ws/firmware/mcu_ws/install/share/rcutils/local_setup.bash
[3.348s] -- Up-to-date: /home/mondegrin/programs/slon/microros_ws/firmware/mcu_ws/install/share/rcutils/local_setup.sh
[3.349s] -- Up-to-date: /home/mondegrin/programs/slon/microros_ws/firmware/mcu_ws/install/share/rcutils/local_setup.zsh
[3.349s] -- Up-to-date: /home/mondegrin/programs/slon/microros_ws/firmware/mcu_ws/install/share/rcutils/local_setup.dsv
[3.349s] -- Installing: /home/mondegrin/programs/slon/microros_ws/firmware/mcu_ws/install/share/rcutils/package.dsv
[3.349s] -- Up-to-date: /home/mondegrin/programs/slon/microros_ws/firmware/mcu_ws/install/share/ament_index/resource_index/packages/rcutils
[3.350s] -- Up-to-date: /home/mondegrin/programs/slon/microros_ws/firmware/mcu_ws/install/share/rcutils/cmake/rcutilsExport.cmake
[3.351s] -- Up-to-date: /home/mondegrin/programs/slon/microros_ws/firmware/mcu_ws/install/share/rcutils/cmake/rcutilsExport-debug.cmake
[3.351s] -- Up-to-date: /home/mondegrin/programs/slon/microros_ws/firmware/mcu_ws/install/share/rcutils/cmake/ament_cmake_export_include_directories-extras.cmake
[3.351s] -- Up-to-date: /home/mondegrin/programs/slon/microros_ws/firmware/mcu_ws/install/share/rcutils/cmake/ament_cmake_export_libraries-extras.cmake
[3.351s] -- Up-to-date: /home/mondegrin/programs/slon/microros_ws/firmware/mcu_ws/install/share/rcutils/cmake/ament_cmake_export_targets-extras.cmake
[3.352s] -- Up-to-date: /home/mondegrin/programs/slon/microros_ws/firmware/mcu_ws/install/share/rcutils/cmake/ament_cmake_export_dependencies-extras.cmake
[3.352s] -- Up-to-date: /home/mondegrin/programs/slon/microros_ws/firmware/mcu_ws/install/share/rcutils/cmake/rcutilsConfig.cmake
[3.352s] -- Up-to-date: /home/mondegrin/programs/slon/microros_ws/firmware/mcu_ws/install/share/rcutils/cmake/rcutilsConfig-version.cmake
[3.353s] -- Up-to-date: /home/mondegrin/programs/slon/microros_ws/firmware/mcu_ws/install/share/rcutils/package.xml
[3.353s] -- Up-to-date: /home/mondegrin/programs/slon/microros_ws/firmware/mcu_ws/install/include/rcutils
[3.353s] -- Up-to-date: /home/mondegrin/programs/slon/microros_ws/firmware/mcu_ws/install/include/rcutils/rcutils
[3.353s] -- Up-to-date: /home/mondegrin/programs/slon/microros_ws/firmware/mcu_ws/install/include/rcutils/rcutils/stdatomic_helper
[3.354s] -- Up-to-date: /home/mondegrin/programs/slon/microros_ws/firmware/mcu_ws/install/include/rcutils/rcutils/stdatomic_helper/win32
[3.354s] -- Up-to-date: /home/mondegrin/programs/slon/microros_ws/firmware/mcu_ws/install/include/rcutils/rcutils/stdatomic_helper/win32/stdatomic.h
[3.354s] -- Up-to-date: /home/mondegrin/programs/slon/microros_ws/firmware/mcu_ws/install/include/rcutils/rcutils/stdatomic_helper/gcc
[3.354s] -- Up-to-date: /home/mondegrin/programs/slon/microros_ws/firmware/mcu_ws/install/include/rcutils/rcutils/stdatomic_helper/gcc/stdatomic.h
[3.355s] -- Up-to-date: /home/mondegrin/programs/slon/microros_ws/firmware/mcu_ws/install/include/rcutils/rcutils/cmdline_parser.h
[3.355s] -- Up-to-date: /home/mondegrin/programs/slon/microros_ws/firmware/mcu_ws/install/include/rcutils/rcutils/repl_str.h
[3.355s] -- Up-to-date: /home/mondegrin/programs/slon/microros_ws/firmware/mcu_ws/install/include/rcutils/rcutils/strerror.h
[3.355s] -- Up-to-date: /home/mondegrin/programs/slon/microros_ws/firmware/mcu_ws/install/include/rcutils/rcutils/qsort.h
[3.356s] -- Up-to-date: /home/mondegrin/programs/slon/microros_ws/firmware/mcu_ws/install/include/rcutils/rcutils/testing
[3.356s] -- Up-to-date: /home/mondegrin/programs/slon/microros_ws/firmware/mcu_ws/install/include/rcutils/rcutils/testing/fault_injection.h
[3.356s] -- Up-to-date: /home/mondegrin/programs/slon/microros_ws/firmware/mcu_ws/install/include/rcutils/rcutils/stdatomic_helper.h
[3.357s] -- Up-to-date: /home/mondegrin/programs/slon/microros_ws/firmware/mcu_ws/install/include/rcutils/rcutils/types.h
[3.358s] -- Up-to-date: /home/mondegrin/programs/slon/microros_ws/firmware/mcu_ws/install/include/rcutils/rcutils/visibility_control_macros.h
[3.358s] -- Up-to-date: /home/mondegrin/programs/slon/microros_ws/firmware/mcu_ws/install/include/rcutils/rcutils/filesystem.h
[3.358s] -- Up-to-date: /home/mondegrin/programs/slon/microros_ws/firmware/mcu_ws/install/include/rcutils/rcutils/find.h
[3.358s] -- Up-to-date: /home/mondegrin/programs/slon/microros_ws/firmware/mcu_ws/install/include/rcutils/rcutils/shared_library.h
[3.359s] -- Up-to-date: /home/mondegrin/programs/slon/microros_ws/firmware/mcu_ws/install/include/rcutils/rcutils/env.h
[3.359s] -- Up-to-date: /home/mondegrin/programs/slon/microros_ws/firmware/mcu_ws/install/include/rcutils/rcutils/format_string.h
[3.359s] -- Up-to-date: /home/mondegrin/programs/slon/microros_ws/firmware/mcu_ws/install/include/rcutils/rcutils/types
[3.359s] -- Up-to-date: /home/mondegrin/programs/slon/microros_ws/firmware/mcu_ws/install/include/rcutils/rcutils/types/rcutils_ret.h
[3.360s] -- Up-to-date: /home/mondegrin/programs/slon/microros_ws/firmware/mcu_ws/install/include/rcutils/rcutils/types/string_array.h
[3.362s] -- Up-to-date: /home/mondegrin/programs/slon/microros_ws/firmware/mcu_ws/install/include/rcutils/rcutils/types/string_map.h
[3.362s] -- Up-to-date: /home/mondegrin/programs/slon/microros_ws/firmware/mcu_ws/install/include/rcutils/rcutils/types/uint8_array.h
[3.362s] -- Up-to-date: /home/mondegrin/programs/slon/microros_ws/firmware/mcu_ws/install/include/rcutils/rcutils/types/array_list.h
[3.363s] -- Up-to-date: /home/mondegrin/programs/slon/microros_ws/firmware/mcu_ws/install/include/rcutils/rcutils/types/char_array.h
[3.366s] -- Up-to-date: /home/mondegrin/programs/slon/microros_ws/firmware/mcu_ws/install/include/rcutils/rcutils/types/hash_map.h
[3.366s] -- Up-to-date: /home/mondegrin/programs/slon/microros_ws/firmware/mcu_ws/install/include/rcutils/rcutils/security_directory.h
[3.366s] -- Up-to-date: /home/mondegrin/programs/slon/microros_ws/firmware/mcu_ws/install/include/rcutils/rcutils/error_handling.h
[3.367s] -- Up-to-date: /home/mondegrin/programs/slon/microros_ws/firmware/mcu_ws/install/include/rcutils/rcutils/split.h
[3.367s] -- Up-to-date: /home/mondegrin/programs/slon/microros_ws/firmware/mcu_ws/install/include/rcutils/rcutils/visibility_control.h
[3.367s] -- Up-to-date: /home/mondegrin/programs/slon/microros_ws/firmware/mcu_ws/install/include/rcutils/rcutils/logging.h
[3.367s] -- Up-to-date: /home/mondegrin/programs/slon/microros_ws/firmware/mcu_ws/install/include/rcutils/rcutils/macros.h
[3.367s] -- Up-to-date: /home/mondegrin/programs/slon/microros_ws/firmware/mcu_ws/install/include/rcutils/rcutils/snprintf.h
[3.368s] -- Up-to-date: /home/mondegrin/programs/slon/microros_ws/firmware/mcu_ws/install/include/rcutils/rcutils/process.h
[3.368s] -- Up-to-date: /home/mondegrin/programs/slon/microros_ws/firmware/mcu_ws/install/include/rcutils/rcutils/strcasecmp.h
[3.368s] -- Up-to-date: /home/mondegrin/programs/slon/microros_ws/firmware/mcu_ws/install/include/rcutils/rcutils/sha256.h
[3.368s] -- Up-to-date: /home/mondegrin/programs/slon/microros_ws/firmware/mcu_ws/install/include/rcutils/rcutils/configuration_flags.h.in
[3.369s] -- Up-to-date: /home/mondegrin/programs/slon/microros_ws/firmware/mcu_ws/install/include/rcutils/rcutils/time.h
[3.369s] -- Up-to-date: /home/mondegrin/programs/slon/microros_ws/firmware/mcu_ws/install/include/rcutils/rcutils/strdup.h
[3.369s] -- Up-to-date: /home/mondegrin/programs/slon/microros_ws/firmware/mcu_ws/install/include/rcutils/rcutils/allocator.h
[3.369s] -- Up-to-date: /home/mondegrin/programs/slon/microros_ws/firmware/mcu_ws/install/include/rcutils/rcutils/isalnum_no_locale.h
[3.370s] -- Up-to-date: /home/mondegrin/programs/slon/microros_ws/firmware/mcu_ws/install/include/rcutils
[3.370s] -- Up-to-date: /home/mondegrin/programs/slon/microros_ws/firmware/mcu_ws/install/include/rcutils/rcutils
[3.370s] -- Up-to-date: /home/mondegrin/programs/slon/microros_ws/firmware/mcu_ws/install/include/rcutils/rcutils/logging_macros.h
[3.370s] -- Up-to-date: /home/mondegrin/programs/slon/microros_ws/firmware/mcu_ws/install/include/rcutils/rcutils/configuration_flags.h
[4.053s] Invoked command in '/home/mondegrin/programs/slon/microros_ws/firmware/mcu_ws/build/rcutils' returned '0': CMAKE_PREFIX_PATH=${CMAKE_PREFIX_PATH}:/home/mondegrin/programs/slon/microros_ws/firmware/dev_ws/install/ament_uncrustify:/home/mondegrin/programs/slon/microros_ws/firmware/dev_ws/install/domain_coordinator:/home/mondegrin/programs/slon/microros_ws/firmware/dev_ws/install/ament_xmllint:/home/mondegrin/programs/slon/microros_ws/firmware/dev_ws/install/ament_pyflakes:/home/mondegrin/programs/slon/microros_ws/firmware/dev_ws/install/ament_pycodestyle:/home/mondegrin/programs/slon/microros_ws/firmware/dev_ws/install/ament_pep257:/home/mondegrin/programs/slon/microros_ws/firmware/dev_ws/install/ament_pclint:/home/mondegrin/programs/slon/microros_ws/firmware/dev_ws/install/ament_package:/home/mondegrin/programs/slon/microros_ws/firmware/dev_ws/install/ament_mypy:/home/mondegrin/programs/slon/microros_ws/firmware/dev_ws/install/ament_lint_cmake:/home/mondegrin/programs/slon/microros_ws/firmware/dev_ws/install/ament_flake8:/home/mondegrin/programs/slon/microros_ws/firmware/dev_ws/install/ament_copyright:/home/mondegrin/programs/slon/microros_ws/firmware/dev_ws/install/ament_lint:/home/mondegrin/programs/slon/microros_ws/firmware/dev_ws/install/ament_index_python:/home/mondegrin/programs/slon/microros_ws/firmware/dev_ws/install/ament_cpplint:/home/mondegrin/programs/slon/microros_ws/firmware/dev_ws/install/ament_cppcheck:/home/mondegrin/programs/slon/microros_ws/firmware/dev_ws/install/ament_clang_tidy:/home/mondegrin/programs/slon/microros_ws/firmware/dev_ws/install/ament_clang_format /usr/bin/cmake --install /home/mondegrin/programs/slon/microros_ws/firmware/mcu_ws/build/rcutils
