[3.255s] Invoking command in '/home/mondegrin/programs/slon/microros_ws/firmware/mcu_ws/ros2/ros2_tracing/tracetools_trace': PYTHONPATH=/home/mondegrin/programs/slon/microros_ws/firmware/mcu_ws/build/tracetools_trace/prefix_override:/home/mondegrin/programs/slon/microros_ws/firmware/mcu_ws/install/lib/python3.10/site-packages:${PYTHONPATH} /usr/bin/python3 setup.py egg_info --egg-base ../../../build/tracetools_trace build --build-base /home/mondegrin/programs/slon/microros_ws/firmware/mcu_ws/build/tracetools_trace/build install --record /home/mondegrin/programs/slon/microros_ws/firmware/mcu_ws/build/tracetools_trace/install.log --single-version-externally-managed
[3.859s] /usr/lib/python3/dist-packages/setuptools/command/install.py:34: SetuptoolsDeprecationWarning: setup.py install is deprecated. Use build and pip and other standards-based tools.
[3.860s]   warnings.warn(
[3.869s] running egg_info
[3.872s] writing ../../../build/tracetools_trace/tracetools_trace.egg-info/PKG-INFO
[3.873s] writing dependency_links to ../../../build/tracetools_trace/tracetools_trace.egg-info/dependency_links.txt
[3.873s] writing entry points to ../../../build/tracetools_trace/tracetools_trace.egg-info/entry_points.txt
[3.874s] writing requirements to ../../../build/tracetools_trace/tracetools_trace.egg-info/requires.txt
[3.874s] writing top-level names to ../../../build/tracetools_trace/tracetools_trace.egg-info/top_level.txt
[3.875s] reading manifest file '../../../build/tracetools_trace/tracetools_trace.egg-info/SOURCES.txt'
[3.875s] writing manifest file '../../../build/tracetools_trace/tracetools_trace.egg-info/SOURCES.txt'
[3.875s] running build
[3.876s] running build_py
[3.876s] running install
[3.876s] running install_lib
[3.877s] running install_data
[3.877s] running install_egg_info
[3.877s] removing '/home/mondegrin/programs/slon/microros_ws/firmware/mcu_ws/install/lib/python3.10/site-packages/tracetools_trace-6.3.1-py3.10.egg-info' (and everything under it)
[3.880s] Copying ../../../build/tracetools_trace/tracetools_trace.egg-info to /home/mondegrin/programs/slon/microros_ws/firmware/mcu_ws/install/lib/python3.10/site-packages/tracetools_trace-6.3.1-py3.10.egg-info
[3.884s] running install_scripts
[3.886s] Installing trace script to /home/mondegrin/programs/slon/microros_ws/firmware/mcu_ws/install/lib/tracetools_trace
[3.886s] writing list of installed files to '/home/mondegrin/programs/slon/microros_ws/firmware/mcu_ws/build/tracetools_trace/install.log'
[4.052s] Invoked command in '/home/mondegrin/programs/slon/microros_ws/firmware/mcu_ws/ros2/ros2_tracing/tracetools_trace' returned '0': PYTHONPATH=/home/mondegrin/programs/slon/microros_ws/firmware/mcu_ws/build/tracetools_trace/prefix_override:/home/mondegrin/programs/slon/microros_ws/firmware/mcu_ws/install/lib/python3.10/site-packages:${PYTHONPATH} /usr/bin/python3 setup.py egg_info --egg-base ../../../build/tracetools_trace build --build-base /home/mondegrin/programs/slon/microros_ws/firmware/mcu_ws/build/tracetools_trace/build install --record /home/mondegrin/programs/slon/microros_ws/firmware/mcu_ws/build/tracetools_trace/install.log --single-version-externally-managed
