[0.709s] Invoking command in '/home/mondegrin/programs/slon/microros_ws/firmware/mcu_ws/ros2/ros2_tracing/tracetools_launch': AMENT_PREFIX_PATH=/home/mondegrin/programs/slon/microros_ws/firmware/mcu_ws/install:${AMENT_PREFIX_PATH} CMAKE_PREFIX_PATH=/home/mondegrin/programs/slon/microros_ws/firmware/mcu_ws/install:${CMAKE_PREFIX_PATH} PATH=/home/mondegrin/programs/slon/microros_ws/firmware/mcu_ws/install/bin:${PATH} PYTHONPATH=/home/mondegrin/programs/slon/microros_ws/firmware/mcu_ws/build/tracetools_launch/prefix_override:/home/mondegrin/programs/slon/microros_ws/firmware/mcu_ws/install/lib/python3.10/site-packages:/home/mondegrin/programs/slon/microros_ws/firmware/mcu_ws/install/lib/python3.10/site-packages:${PYTHONPATH} /usr/bin/python3 setup.py egg_info --egg-base ../../../build/tracetools_launch build --build-base /home/mondegrin/programs/slon/microros_ws/firmware/mcu_ws/build/tracetools_launch/build install --record /home/mondegrin/programs/slon/microros_ws/firmware/mcu_ws/build/tracetools_launch/install.log --single-version-externally-managed
[0.907s] running egg_info
[0.908s] creating ../../../build/tracetools_launch/tracetools_launch.egg-info
[0.909s] writing ../../../build/tracetools_launch/tracetools_launch.egg-info/PKG-INFO
[0.910s] writing dependency_links to ../../../build/tracetools_launch/tracetools_launch.egg-info/dependency_links.txt
[0.910s] writing entry points to ../../../build/tracetools_launch/tracetools_launch.egg-info/entry_points.txt
[0.911s] writing requirements to ../../../build/tracetools_launch/tracetools_launch.egg-info/requires.txt
[0.911s] writing top-level names to ../../../build/tracetools_launch/tracetools_launch.egg-info/top_level.txt
[0.911s] writing manifest file '../../../build/tracetools_launch/tracetools_launch.egg-info/SOURCES.txt'
[0.913s] reading manifest file '../../../build/tracetools_launch/tracetools_launch.egg-info/SOURCES.txt'
[0.915s] writing manifest file '../../../build/tracetools_launch/tracetools_launch.egg-info/SOURCES.txt'
[0.915s] running build
[0.915s] running build_py
[0.915s] creating /home/mondegrin/programs/slon/microros_ws/firmware/mcu_ws/build/tracetools_launch/build
[0.915s] creating /home/mondegrin/programs/slon/microros_ws/firmware/mcu_ws/build/tracetools_launch/build/lib
[0.915s] creating /home/mondegrin/programs/slon/microros_ws/firmware/mcu_ws/build/tracetools_launch/build/lib/tracetools_launch
[0.915s] copying tracetools_launch/__init__.py -> /home/mondegrin/programs/slon/microros_ws/firmware/mcu_ws/build/tracetools_launch/build/lib/tracetools_launch
[0.916s] copying tracetools_launch/action.py -> /home/mondegrin/programs/slon/microros_ws/firmware/mcu_ws/build/tracetools_launch/build/lib/tracetools_launch
[0.916s] creating /home/mondegrin/programs/slon/microros_ws/firmware/mcu_ws/build/tracetools_launch/build/lib/tracetools_launch/actions
[0.916s] copying tracetools_launch/actions/ld_preload.py -> /home/mondegrin/programs/slon/microros_ws/firmware/mcu_ws/build/tracetools_launch/build/lib/tracetools_launch/actions
[0.917s] copying tracetools_launch/actions/__init__.py -> /home/mondegrin/programs/slon/microros_ws/firmware/mcu_ws/build/tracetools_launch/build/lib/tracetools_launch/actions
[0.917s] running install
[0.917s] /usr/lib/python3/dist-packages/setuptools/command/install.py:34: SetuptoolsDeprecationWarning: setup.py install is deprecated. Use build and pip and other standards-based tools.
[0.917s]   warnings.warn(
[0.918s] running install_lib
[0.918s] creating /home/mondegrin/programs/slon/microros_ws/firmware/mcu_ws/install/lib/python3.10/site-packages/tracetools_launch
[0.919s] creating /home/mondegrin/programs/slon/microros_ws/firmware/mcu_ws/install/lib/python3.10/site-packages/tracetools_launch/actions
[0.919s] copying /home/mondegrin/programs/slon/microros_ws/firmware/mcu_ws/build/tracetools_launch/build/lib/tracetools_launch/actions/ld_preload.py -> /home/mondegrin/programs/slon/microros_ws/firmware/mcu_ws/install/lib/python3.10/site-packages/tracetools_launch/actions
[0.919s] copying /home/mondegrin/programs/slon/microros_ws/firmware/mcu_ws/build/tracetools_launch/build/lib/tracetools_launch/actions/__init__.py -> /home/mondegrin/programs/slon/microros_ws/firmware/mcu_ws/install/lib/python3.10/site-packages/tracetools_launch/actions
[0.919s] copying /home/mondegrin/programs/slon/microros_ws/firmware/mcu_ws/build/tracetools_launch/build/lib/tracetools_launch/__init__.py -> /home/mondegrin/programs/slon/microros_ws/firmware/mcu_ws/install/lib/python3.10/site-packages/tracetools_launch
[0.919s] copying /home/mondegrin/programs/slon/microros_ws/firmware/mcu_ws/build/tracetools_launch/build/lib/tracetools_launch/action.py -> /home/mondegrin/programs/slon/microros_ws/firmware/mcu_ws/install/lib/python3.10/site-packages/tracetools_launch
[0.920s] byte-compiling /home/mondegrin/programs/slon/microros_ws/firmware/mcu_ws/install/lib/python3.10/site-packages/tracetools_launch/actions/ld_preload.py to ld_preload.cpython-310.pyc
[0.921s] byte-compiling /home/mondegrin/programs/slon/microros_ws/firmware/mcu_ws/install/lib/python3.10/site-packages/tracetools_launch/actions/__init__.py to __init__.cpython-310.pyc
[0.921s] byte-compiling /home/mondegrin/programs/slon/microros_ws/firmware/mcu_ws/install/lib/python3.10/site-packages/tracetools_launch/__init__.py to __init__.cpython-310.pyc
[0.921s] byte-compiling /home/mondegrin/programs/slon/microros_ws/firmware/mcu_ws/install/lib/python3.10/site-packages/tracetools_launch/action.py to action.cpython-310.pyc
[0.924s] running install_data
[0.924s] copying package.xml -> /home/mondegrin/programs/slon/microros_ws/firmware/mcu_ws/install/share/tracetools_launch
[0.925s] creating /home/mondegrin/programs/slon/microros_ws/firmware/mcu_ws/install/share/tracetools_launch/launch
[0.925s] copying launch/example.launch.xml -> /home/mondegrin/programs/slon/microros_ws/firmware/mcu_ws/install/share/tracetools_launch/launch
[0.925s] copying launch/example.launch.yaml -> /home/mondegrin/programs/slon/microros_ws/firmware/mcu_ws/install/share/tracetools_launch/launch
[0.926s] copying launch/example.launch.py -> /home/mondegrin/programs/slon/microros_ws/firmware/mcu_ws/install/share/tracetools_launch/launch
[0.927s] copying resource/tracetools_launch -> /home/mondegrin/programs/slon/microros_ws/firmware/mcu_ws/install/share/ament_index/resource_index/packages
[0.927s] running install_egg_info
[0.928s] Copying ../../../build/tracetools_launch/tracetools_launch.egg-info to /home/mondegrin/programs/slon/microros_ws/firmware/mcu_ws/install/lib/python3.10/site-packages/tracetools_launch-6.3.1-py3.10.egg-info
[0.929s] running install_scripts
[0.956s] writing list of installed files to '/home/mondegrin/programs/slon/microros_ws/firmware/mcu_ws/build/tracetools_launch/install.log'
[1.092s] Invoked command in '/home/mondegrin/programs/slon/microros_ws/firmware/mcu_ws/ros2/ros2_tracing/tracetools_launch' returned '0': AMENT_PREFIX_PATH=/home/mondegrin/programs/slon/microros_ws/firmware/mcu_ws/install:${AMENT_PREFIX_PATH} CMAKE_PREFIX_PATH=/home/mondegrin/programs/slon/microros_ws/firmware/mcu_ws/install:${CMAKE_PREFIX_PATH} PATH=/home/mondegrin/programs/slon/microros_ws/firmware/mcu_ws/install/bin:${PATH} PYTHONPATH=/home/mondegrin/programs/slon/microros_ws/firmware/mcu_ws/build/tracetools_launch/prefix_override:/home/mondegrin/programs/slon/microros_ws/firmware/mcu_ws/install/lib/python3.10/site-packages:/home/mondegrin/programs/slon/microros_ws/firmware/mcu_ws/install/lib/python3.10/site-packages:${PYTHONPATH} /usr/bin/python3 setup.py egg_info --egg-base ../../../build/tracetools_launch build --build-base /home/mondegrin/programs/slon/microros_ws/firmware/mcu_ws/build/tracetools_launch/build install --record /home/mondegrin/programs/slon/microros_ws/firmware/mcu_ws/build/tracetools_launch/install.log --single-version-externally-managed
