[33mCMake Warning at /home/mondegrin/programs/slon/microros_ws/firmware/mcu_ws/install/share/rcutils/cmake/ament_cmake_export_libraries-extras.cmake:116 (message):
  Package 'rcutils' exports library 'dl' which couldn't be found
Call Stack (most recent call first):
  /home/mondegrin/programs/slon/microros_ws/firmware/mcu_ws/install/share/rcutils/cmake/rcutilsConfig.cmake:41 (include)
  /home/mondegrin/programs/slon/microros_ws/firmware/mcu_ws/install/share/rosidl_runtime_c/cmake/ament_cmake_export_dependencies-extras.cmake:21 (find_package)
  /home/mondegrin/programs/slon/microros_ws/firmware/mcu_ws/install/share/rosidl_runtime_c/cmake/rosidl_runtime_cConfig.cmake:41 (include)
  /home/mondegrin/programs/slon/microros_ws/firmware/mcu_ws/install/share/builtin_interfaces/cmake/ament_cmake_export_dependencies-extras.cmake:21 (find_package)
  /home/mondegrin/programs/slon/microros_ws/firmware/mcu_ws/install/share/builtin_interfaces/cmake/builtin_interfacesConfig.cmake:41 (include)
  /home/mondegrin/programs/slon/microros_ws/firmware/mcu_ws/install/share/rcl_interfaces/cmake/ament_cmake_export_dependencies-extras.cmake:21 (find_package)
  /home/mondegrin/programs/slon/microros_ws/firmware/mcu_ws/install/share/rcl_interfaces/cmake/rcl_interfacesConfig.cmake:41 (include)
  CMakeLists.txt:9 (find_package)

[0m
In file included from [01m[K/home/mondegrin/programs/slon/microros_ws/firmware/mcu_ws/uros/rcl/rcl/src/rcl/domain_id.c:17[m[K:
[01m[K/home/mondegrin/programs/slon/microros_ws/firmware/toolchain/esp-idf/components/newlib/platform_include/errno.h:18:2:[m[K [01;35m[Kwarning: [m[K#include_next is a GCC extension
 #[01;35m[Kinclude_next[m[K "errno.h"
  [01;35m[K^~~~~~~~~~~~[m[K
[01m[K/home/mondegrin/programs/slon/microros_ws/firmware/mcu_ws/uros/rcl/rcl/src/rcl/node.c:[m[K In function '[01m[Krcl_node_type_description_service_handle_request[m[K':
[01m[K/home/mondegrin/programs/slon/microros_ws/firmware/mcu_ws/uros/rcl/rcl/src/rcl/node.c:561:16:[m[K [01;35m[Kwarning: [m[Kunused parameter '[01m[Knode[m[K' [[01;35m[K-Wunused-parameter[m[K]
   [01;35m[Krcl_node_t * node[m[K,
   [01;35m[K~~~~~~~~~~~~~^~~~[m[K
[01m[K/home/mondegrin/programs/slon/microros_ws/firmware/mcu_ws/uros/rcl/rcl/src/rcl/node.c:562:28:[m[K [01;35m[Kwarning: [m[Kunused parameter '[01m[Krequest_header[m[K' [[01;35m[K-Wunused-parameter[m[K]
   [01;35m[Kconst rmw_request_id_t * request_header[m[K,
   [01;35m[K~~~~~~~~~~~~~~~~~~~~~~~~~^~~~~~~~~~~~~~[m[K
[01m[K/home/mondegrin/programs/slon/microros_ws/firmware/mcu_ws/uros/rcl/rcl/src/rcl/node.c:563:72:[m[K [01;35m[Kwarning: [m[Kunused parameter '[01m[Krequest[m[K' [[01;35m[K-Wunused-parameter[m[K]
   [01;35m[Kconst type_description_interfaces__srv__GetTypeDescription_Request * request[m[K,
   [01;35m[K~~~~~~~~~~~~~~~~~~~~~~~~~~~~~~~~~~~~~~~~~~~~~~~~~~~~~~~~~~~~~~~~~~~~~^~~~~~~[m[K
[01m[K/home/mondegrin/programs/slon/microros_ws/firmware/mcu_ws/uros/rcl/rcl/src/rcl/node.c:564:67:[m[K [01;35m[Kwarning: [m[Kunused parameter '[01m[Kresponse[m[K' [[01;35m[K-Wunused-parameter[m[K]
   [01;35m[Ktype_description_interfaces__srv__GetTypeDescription_Response * response[m[K)
   [01;35m[K~~~~~~~~~~~~~~~~~~~~~~~~~~~~~~~~~~~~~~~~~~~~~~~~~~~~~~~~~~~~~~~~^~~~~~~~[m[K
[01m[K/home/mondegrin/programs/slon/microros_ws/firmware/mcu_ws/uros/rcl/rcl/src/rcl/node_resolve_name.c:[m[K In function '[01m[Krcl_resolve_name[m[K':
[01m[K/home/mondegrin/programs/slon/microros_ws/firmware/mcu_ws/uros/rcl/rcl/src/rcl/node_resolve_name.c:33:27:[m[K [01;35m[Kwarning: [m[Kunused parameter '[01m[Klocal_args[m[K' [[01;35m[K-Wunused-parameter[m[K]
   [01;35m[Kconst rcl_arguments_t * local_args[m[K,
   [01;35m[K~~~~~~~~~~~~~~~~~~~~~~~~^~~~~~~~~~[m[K
[01m[K/home/mondegrin/programs/slon/microros_ws/firmware/mcu_ws/uros/rcl/rcl/src/rcl/node_resolve_name.c:34:27:[m[K [01;35m[Kwarning: [m[Kunused parameter '[01m[Kglobal_args[m[K' [[01;35m[K-Wunused-parameter[m[K]
   [01;35m[Kconst rcl_arguments_t * global_args[m[K,
   [01;35m[K~~~~~~~~~~~~~~~~~~~~~~~~^~~~~~~~~~~[m[K
[01m[K/home/mondegrin/programs/slon/microros_ws/firmware/mcu_ws/uros/rcl/rcl/src/rcl/node_resolve_name.c:40:8:[m[K [01;35m[Kwarning: [m[Kunused parameter '[01m[Konly_expand[m[K' [[01;35m[K-Wunused-parameter[m[K]
   bool [01;35m[Ko[m[Knly_expand,
        [01;35m[K^[m[K
