[0.037s] Invoking command in '/home/mondegrin/programs/slon/ros2_ws/build/slon': CMAKE_PREFIX_PATH=${CMAKE_PREFIX_PATH}:/opt/ros/iron /usr/bin/cmake --build /home/mondegrin/programs/slon/ros2_ws/build/slon -- -j16 -l16
[0.051s] -- Found ament_cmake: 2.0.3 (/opt/ros/iron/share/ament_cmake/cmake)
[0.155s] -- Found rclcpp: 21.0.3 (/opt/ros/iron/share/rclcpp/cmake)
[0.802s] -- Found rosidl_generator_c: 4.0.1 (/opt/ros/iron/share/rosidl_generator_c/cmake)
[0.807s] -- Found rosidl_generator_cpp: 4.0.1 (/opt/ros/iron/share/rosidl_generator_cpp/cmake)
[0.815s] -- Using all available rosidl_typesupport_c: rosidl_typesupport_fastrtps_c;rosidl_typesupport_introspection_c
[0.825s] -- Using all available rosidl_typesupport_cpp: rosidl_typesupport_fastrtps_cpp;rosidl_typesupport_introspection_cpp
[0.920s] -- Found rmw_implementation_cmake: 7.1.0 (/opt/ros/iron/share/rmw_implementation_cmake/cmake)
[0.921s] -- Found rmw_fastrtps_cpp: 7.1.1 (/opt/ros/iron/share/rmw_fastrtps_cpp/cmake)
[22.106s] -- Using RMW implementation 'rmw_fastrtps_cpp' as default
[22.206s] -- Found std_msgs: 5.0.0 (/opt/ros/iron/share/std_msgs/cmake)
[22.223s] -- Found std_srvs: 5.0.0 (/opt/ros/iron/share/std_srvs/cmake)
[22.251s] -- Found gps: 0.0.0 (/home/mondegrin/programs/slon/ros2_ws/install/gps/share/gps/cmake)
[22.263s] -- Found ament_lint_auto: 0.14.2 (/opt/ros/iron/share/ament_lint_auto/cmake)
[22.301s] -- Added test 'cppcheck' to perform static code analysis on C / C++ code
[22.301s] -- Configured cppcheck include dirs: $<BUILD_INTERFACE:/home/mondegrin/programs/slon/ros2_ws/src/slon/include>
[22.301s] -- Configured cppcheck exclude dirs and/or files: 
[22.302s] -- Added test 'lint_cmake' to check CMake code style
[22.302s] -- Added test 'uncrustify' to check C / C++ code style
[22.302s] -- Configured uncrustify additional arguments: 
[22.302s] -- Added test 'xmllint' to check XML markup files
[22.302s] -- Configuring done
[22.309s] -- Generating done
[22.310s] -- Build files have been written to: /home/mondegrin/programs/slon/ros2_ws/build/slon
[22.325s] [35m[1mConsolidate compiler generated dependencies of target main[0m
[22.334s] [100%] Built target main
[22.340s] Invoked command in '/home/mondegrin/programs/slon/ros2_ws/build/slon' returned '0': CMAKE_PREFIX_PATH=${CMAKE_PREFIX_PATH}:/opt/ros/iron /usr/bin/cmake --build /home/mondegrin/programs/slon/ros2_ws/build/slon -- -j16 -l16
[22.352s] Invoking command in '/home/mondegrin/programs/slon/ros2_ws/build/slon': CMAKE_PREFIX_PATH=${CMAKE_PREFIX_PATH}:/opt/ros/iron /usr/bin/cmake --install /home/mondegrin/programs/slon/ros2_ws/build/slon
[22.357s] -- Install configuration: ""
[22.357s] -- Up-to-date: /home/mondegrin/programs/slon/ros2_ws/install/slon/lib/slon/main
[22.357s] -- Up-to-date: /home/mondegrin/programs/slon/ros2_ws/install/slon/share/ament_index/resource_index/package_run_dependencies/slon
[22.357s] -- Up-to-date: /home/mondegrin/programs/slon/ros2_ws/install/slon/share/ament_index/resource_index/parent_prefix_path/slon
[22.357s] -- Up-to-date: /home/mondegrin/programs/slon/ros2_ws/install/slon/share/slon/environment/ament_prefix_path.sh
[22.357s] -- Up-to-date: /home/mondegrin/programs/slon/ros2_ws/install/slon/share/slon/environment/ament_prefix_path.dsv
[22.357s] -- Up-to-date: /home/mondegrin/programs/slon/ros2_ws/install/slon/share/slon/environment/path.sh
[22.357s] -- Up-to-date: /home/mondegrin/programs/slon/ros2_ws/install/slon/share/slon/environment/path.dsv
[22.357s] -- Up-to-date: /home/mondegrin/programs/slon/ros2_ws/install/slon/share/slon/local_setup.bash
[22.357s] -- Up-to-date: /home/mondegrin/programs/slon/ros2_ws/install/slon/share/slon/local_setup.sh
[22.357s] -- Up-to-date: /home/mondegrin/programs/slon/ros2_ws/install/slon/share/slon/local_setup.zsh
[22.357s] -- Up-to-date: /home/mondegrin/programs/slon/ros2_ws/install/slon/share/slon/local_setup.dsv
[22.357s] -- Installing: /home/mondegrin/programs/slon/ros2_ws/install/slon/share/slon/package.dsv
[22.358s] -- Up-to-date: /home/mondegrin/programs/slon/ros2_ws/install/slon/share/ament_index/resource_index/packages/slon
[22.358s] -- Up-to-date: /home/mondegrin/programs/slon/ros2_ws/install/slon/share/slon/cmake/slonConfig.cmake
[22.361s] -- Up-to-date: /home/mondegrin/programs/slon/ros2_ws/install/slon/share/slon/cmake/slonConfig-version.cmake
[22.361s] -- Up-to-date: /home/mondegrin/programs/slon/ros2_ws/install/slon/share/slon/package.xml
[22.362s] Invoked command in '/home/mondegrin/programs/slon/ros2_ws/build/slon' returned '0': CMAKE_PREFIX_PATH=${CMAKE_PREFIX_PATH}:/opt/ros/iron /usr/bin/cmake --install /home/mondegrin/programs/slon/ros2_ws/build/slon
