[1.909s] DEBUG:colcon:Command line arguments: ['/usr/bin/colcon', 'build']
[1.910s] DEBUG:colcon:Parsed command line arguments: Namespace(log_base=None, log_level=None, verb_name='build', build_base='build', install_base='install', merge_install=False, symlink_install=False, test_result_base=None, continue_on_error=False, executor='parallel', parallel_workers=16, event_handlers=None, ignore_user_meta=False, metas=['./colcon.meta'], base_paths=['.'], packages_ignore=None, packages_ignore_regex=None, paths=None, packages_up_to=None, packages_up_to_regex=None, packages_above=None, packages_above_and_dependencies=None, packages_above_depth=None, packages_select_by_dep=None, packages_skip_by_dep=None, packages_skip_up_to=None, packages_select_build_failed=False, packages_skip_build_finished=False, packages_select_test_failures=False, packages_skip_test_passed=False, packages_select=None, packages_skip=None, packages_select_regex=None, packages_skip_regex=None, packages_start=None, packages_end=None, allow_overriding=[], cmake_args=None, cmake_target=None, cmake_target_skip_unavailable=False, cmake_clean_cache=False, cmake_clean_first=False, cmake_force_configure=False, ament_cmake_args=None, catkin_cmake_args=None, catkin_skip_building_tests=False, verb_parser=<colcon_defaults.argument_parser.defaults.DefaultArgumentsDecorator object at 0x7f4fc09ec7c0>, verb_extension=<colcon_core.verb.build.BuildVerb object at 0x7f4fc09ee920>, main=<bound method BuildVerb.main of <colcon_core.verb.build.BuildVerb object at 0x7f4fc09ee920>>)
[1.933s] Level 1:colcon.colcon_core.package_discovery:discover_packages(colcon_meta) check parameters
[1.933s] Level 1:colcon.colcon_core.package_discovery:discover_packages(recursive) check parameters
[1.933s] Level 1:colcon.colcon_core.package_discovery:discover_packages(ignore) check parameters
[1.933s] Level 1:colcon.colcon_core.package_discovery:discover_packages(path) check parameters
[1.933s] Level 1:colcon.colcon_core.package_discovery:discover_packages(colcon_meta) discover
[1.933s] Level 1:colcon.colcon_core.package_discovery:discover_packages(recursive) discover
[1.933s] INFO:colcon.colcon_core.package_discovery:Crawling recursively for packages in '/home/mondegrin/programs/slon/ros2_ws'
[1.933s] Level 1:colcon.colcon_core.package_identification:_identify(.) by extensions ['ignore', 'ignore_ament_install']
[1.933s] Level 1:colcon.colcon_core.package_identification:_identify(.) by extension 'ignore'
[1.933s] Level 1:colcon.colcon_core.package_identification:_identify(.) by extension 'ignore_ament_install'
[1.933s] Level 1:colcon.colcon_core.package_identification:_identify(.) by extensions ['colcon_pkg']
[1.933s] Level 1:colcon.colcon_core.package_identification:_identify(.) by extension 'colcon_pkg'
[1.933s] Level 1:colcon.colcon_core.package_identification:_identify(.) by extensions ['colcon_meta']
[1.933s] Level 1:colcon.colcon_core.package_identification:_identify(.) by extension 'colcon_meta'
[1.933s] Level 1:colcon.colcon_core.package_identification:_identify(.) by extensions ['ros']
[1.933s] Level 1:colcon.colcon_core.package_identification:_identify(.) by extension 'ros'
[1.940s] Level 1:colcon.colcon_core.package_identification:_identify(.) by extensions ['cmake', 'python']
[1.940s] Level 1:colcon.colcon_core.package_identification:_identify(.) by extension 'cmake'
[1.940s] Level 1:colcon.colcon_core.package_identification:_identify(.) by extension 'python'
[1.940s] Level 1:colcon.colcon_core.package_identification:_identify(.) by extensions ['python_setup_py']
[1.940s] Level 1:colcon.colcon_core.package_identification:_identify(.) by extension 'python_setup_py'
[1.940s] Level 1:colcon.colcon_core.package_identification:_identify(build) by extensions ['ignore', 'ignore_ament_install']
[1.941s] Level 1:colcon.colcon_core.package_identification:_identify(build) by extension 'ignore'
[1.941s] Level 1:colcon.colcon_core.package_identification:_identify(build) ignored
[1.941s] Level 1:colcon.colcon_core.package_identification:_identify(install) by extensions ['ignore', 'ignore_ament_install']
[1.941s] Level 1:colcon.colcon_core.package_identification:_identify(install) by extension 'ignore'
[1.941s] Level 1:colcon.colcon_core.package_identification:_identify(install) ignored
[1.941s] Level 1:colcon.colcon_core.package_identification:_identify(log) by extensions ['ignore', 'ignore_ament_install']
[1.941s] Level 1:colcon.colcon_core.package_identification:_identify(log) by extension 'ignore'
[1.941s] Level 1:colcon.colcon_core.package_identification:_identify(log) ignored
[1.941s] Level 1:colcon.colcon_core.package_identification:_identify(src) by extensions ['ignore', 'ignore_ament_install']
[1.941s] Level 1:colcon.colcon_core.package_identification:_identify(src) by extension 'ignore'
[1.941s] Level 1:colcon.colcon_core.package_identification:_identify(src) by extension 'ignore_ament_install'
[1.941s] Level 1:colcon.colcon_core.package_identification:_identify(src) by extensions ['colcon_pkg']
[1.941s] Level 1:colcon.colcon_core.package_identification:_identify(src) by extension 'colcon_pkg'
[1.941s] Level 1:colcon.colcon_core.package_identification:_identify(src) by extensions ['colcon_meta']
[1.941s] Level 1:colcon.colcon_core.package_identification:_identify(src) by extension 'colcon_meta'
[1.941s] Level 1:colcon.colcon_core.package_identification:_identify(src) by extensions ['ros']
[1.941s] Level 1:colcon.colcon_core.package_identification:_identify(src) by extension 'ros'
[1.941s] Level 1:colcon.colcon_core.package_identification:_identify(src) by extensions ['cmake', 'python']
[1.941s] Level 1:colcon.colcon_core.package_identification:_identify(src) by extension 'cmake'
[1.941s] Level 1:colcon.colcon_core.package_identification:_identify(src) by extension 'python'
[1.941s] Level 1:colcon.colcon_core.package_identification:_identify(src) by extensions ['python_setup_py']
[1.941s] Level 1:colcon.colcon_core.package_identification:_identify(src) by extension 'python_setup_py'
[1.941s] Level 1:colcon.colcon_core.package_identification:_identify(src/gps) by extensions ['ignore', 'ignore_ament_install']
[1.942s] Level 1:colcon.colcon_core.package_identification:_identify(src/gps) by extension 'ignore'
[1.942s] Level 1:colcon.colcon_core.package_identification:_identify(src/gps) by extension 'ignore_ament_install'
[1.942s] Level 1:colcon.colcon_core.package_identification:_identify(src/gps) by extensions ['colcon_pkg']
[1.942s] Level 1:colcon.colcon_core.package_identification:_identify(src/gps) by extension 'colcon_pkg'
[1.942s] Level 1:colcon.colcon_core.package_identification:_identify(src/gps) by extensions ['colcon_meta']
[1.942s] Level 1:colcon.colcon_core.package_identification:_identify(src/gps) by extension 'colcon_meta'
[1.942s] Level 1:colcon.colcon_core.package_identification:_identify(src/gps) by extensions ['ros']
[1.942s] Level 1:colcon.colcon_core.package_identification:_identify(src/gps) by extension 'ros'
[1.943s] DEBUG:colcon.colcon_core.package_identification:Package 'src/gps' with type 'ros.ament_cmake' and name 'gps'
[1.943s] Level 1:colcon.colcon_core.package_identification:_identify(src/slon) by extensions ['ignore', 'ignore_ament_install']
[1.943s] Level 1:colcon.colcon_core.package_identification:_identify(src/slon) by extension 'ignore'
[1.943s] Level 1:colcon.colcon_core.package_identification:_identify(src/slon) by extension 'ignore_ament_install'
[1.943s] Level 1:colcon.colcon_core.package_identification:_identify(src/slon) by extensions ['colcon_pkg']
[1.943s] Level 1:colcon.colcon_core.package_identification:_identify(src/slon) by extension 'colcon_pkg'
[1.943s] Level 1:colcon.colcon_core.package_identification:_identify(src/slon) by extensions ['colcon_meta']
[1.943s] Level 1:colcon.colcon_core.package_identification:_identify(src/slon) by extension 'colcon_meta'
[1.944s] Level 1:colcon.colcon_core.package_identification:_identify(src/slon) by extensions ['ros']
[1.944s] Level 1:colcon.colcon_core.package_identification:_identify(src/slon) by extension 'ros'
[1.944s] DEBUG:colcon.colcon_core.package_identification:Package 'src/slon' with type 'ros.ament_cmake' and name 'slon'
[1.944s] Level 1:colcon.colcon_core.package_discovery:discover_packages(recursive) using defaults
[1.944s] Level 1:colcon.colcon_core.package_discovery:discover_packages(ignore) discover
[1.944s] Level 1:colcon.colcon_core.package_discovery:discover_packages(ignore) using defaults
[1.944s] Level 1:colcon.colcon_core.package_discovery:discover_packages(path) discover
[1.944s] Level 1:colcon.colcon_core.package_discovery:discover_packages(path) using defaults
[1.985s] Level 1:colcon.colcon_core.package_discovery:discover_packages(prefix_path) check parameters
[1.986s] Level 1:colcon.colcon_core.package_discovery:discover_packages(prefix_path) discover
[2.001s] DEBUG:colcon.colcon_installed_package_information.package_discovery:Found 1 installed packages in /home/mondegrin/programs/slon/ros2_ws/install
[2.008s] DEBUG:colcon.colcon_installed_package_information.package_discovery:Found 295 installed packages in /opt/ros/iron
[2.009s] Level 1:colcon.colcon_core.package_discovery:discover_packages(prefix_path) using defaults
[2.062s] Level 5:colcon.colcon_core.verb:set package 'gps' build argument 'cmake_args' from command line to 'None'
[2.062s] Level 5:colcon.colcon_core.verb:set package 'gps' build argument 'cmake_target' from command line to 'None'
[2.062s] Level 5:colcon.colcon_core.verb:set package 'gps' build argument 'cmake_target_skip_unavailable' from command line to 'False'
[2.062s] Level 5:colcon.colcon_core.verb:set package 'gps' build argument 'cmake_clean_cache' from command line to 'False'
[2.062s] Level 5:colcon.colcon_core.verb:set package 'gps' build argument 'cmake_clean_first' from command line to 'False'
[2.062s] Level 5:colcon.colcon_core.verb:set package 'gps' build argument 'cmake_force_configure' from command line to 'False'
[2.062s] Level 5:colcon.colcon_core.verb:set package 'gps' build argument 'ament_cmake_args' from command line to 'None'
[2.062s] Level 5:colcon.colcon_core.verb:set package 'gps' build argument 'catkin_cmake_args' from command line to 'None'
[2.062s] Level 5:colcon.colcon_core.verb:set package 'gps' build argument 'catkin_skip_building_tests' from command line to 'False'
[2.062s] DEBUG:colcon.colcon_core.verb:Building package 'gps' with the following arguments: {'ament_cmake_args': None, 'build_base': '/home/mondegrin/programs/slon/ros2_ws/build/gps', 'catkin_cmake_args': None, 'catkin_skip_building_tests': False, 'cmake_args': None, 'cmake_clean_cache': False, 'cmake_clean_first': False, 'cmake_force_configure': False, 'cmake_target': None, 'cmake_target_skip_unavailable': False, 'install_base': '/home/mondegrin/programs/slon/ros2_ws/install/gps', 'merge_install': False, 'path': '/home/mondegrin/programs/slon/ros2_ws/src/gps', 'symlink_install': False, 'test_result_base': None}
[2.068s] Level 5:colcon.colcon_core.verb:set package 'slon' build argument 'cmake_args' from command line to 'None'
[2.069s] Level 5:colcon.colcon_core.verb:set package 'slon' build argument 'cmake_target' from command line to 'None'
[2.069s] Level 5:colcon.colcon_core.verb:set package 'slon' build argument 'cmake_target_skip_unavailable' from command line to 'False'
[2.069s] Level 5:colcon.colcon_core.verb:set package 'slon' build argument 'cmake_clean_cache' from command line to 'False'
[2.069s] Level 5:colcon.colcon_core.verb:set package 'slon' build argument 'cmake_clean_first' from command line to 'False'
[2.069s] Level 5:colcon.colcon_core.verb:set package 'slon' build argument 'cmake_force_configure' from command line to 'False'
[2.069s] Level 5:colcon.colcon_core.verb:set package 'slon' build argument 'ament_cmake_args' from command line to 'None'
[2.069s] Level 5:colcon.colcon_core.verb:set package 'slon' build argument 'catkin_cmake_args' from command line to 'None'
[2.069s] Level 5:colcon.colcon_core.verb:set package 'slon' build argument 'catkin_skip_building_tests' from command line to 'False'
[2.069s] DEBUG:colcon.colcon_core.verb:Building package 'slon' with the following arguments: {'ament_cmake_args': None, 'build_base': '/home/mondegrin/programs/slon/ros2_ws/build/slon', 'catkin_cmake_args': None, 'catkin_skip_building_tests': False, 'cmake_args': None, 'cmake_clean_cache': False, 'cmake_clean_first': False, 'cmake_force_configure': False, 'cmake_target': None, 'cmake_target_skip_unavailable': False, 'install_base': '/home/mondegrin/programs/slon/ros2_ws/install/slon', 'merge_install': False, 'path': '/home/mondegrin/programs/slon/ros2_ws/src/slon', 'symlink_install': False, 'test_result_base': None}
[2.075s] INFO:colcon.colcon_core.executor:Executing jobs using 'parallel' executor
[2.082s] DEBUG:colcon.colcon_parallel_executor.executor.parallel:run_until_complete
[2.082s] INFO:colcon.colcon_ros.task.ament_cmake.build:Building ROS package in '/home/mondegrin/programs/slon/ros2_ws/src/gps' with build type 'ament_cmake'
[2.082s] INFO:colcon.colcon_cmake.task.cmake.build:Building CMake package in '/home/mondegrin/programs/slon/ros2_ws/src/gps'
[2.091s] INFO:colcon.colcon_core.plugin_system:Skipping extension 'colcon_core.shell.bat': Not used on non-Windows systems
[2.091s] INFO:colcon.colcon_core.shell:Skip shell extension 'powershell' for command environment: Not usable outside of PowerShell
[2.091s] DEBUG:colcon.colcon_core.shell:Skip shell extension 'dsv' for command environment
[2.113s] INFO:colcon.colcon_ros.task.ament_cmake.build:Building ROS package in '/home/mondegrin/programs/slon/ros2_ws/src/slon' with build type 'ament_cmake'
[2.113s] INFO:colcon.colcon_cmake.task.cmake.build:Building CMake package in '/home/mondegrin/programs/slon/ros2_ws/src/slon'
[2.122s] INFO:colcon.colcon_core.shell:Skip shell extension 'powershell' for command environment: Not usable outside of PowerShell
[2.122s] DEBUG:colcon.colcon_core.shell:Skip shell extension 'dsv' for command environment
[2.149s] DEBUG:colcon.colcon_core.event_handler.log_command:Invoking command in '/home/mondegrin/programs/slon/ros2_ws/build/gps': CMAKE_PREFIX_PATH=${CMAKE_PREFIX_PATH}:/opt/ros/iron /usr/bin/cmake /home/mondegrin/programs/slon/ros2_ws/src/gps -DCMAKE_INSTALL_PREFIX=/home/mondegrin/programs/slon/ros2_ws/install/gps
[2.152s] DEBUG:colcon.colcon_core.event_handler.log_command:Invoking command in '/home/mondegrin/programs/slon/ros2_ws/build/slon': CMAKE_PREFIX_PATH=${CMAKE_PREFIX_PATH}:/opt/ros/iron /usr/bin/cmake --build /home/mondegrin/programs/slon/ros2_ws/build/slon -- -j16 -l16
[15.630s] DEBUG:colcon.colcon_core.event_handler.log_command:Invoked command in '/home/mondegrin/programs/slon/ros2_ws/build/gps' returned '0': CMAKE_PREFIX_PATH=${CMAKE_PREFIX_PATH}:/opt/ros/iron /usr/bin/cmake /home/mondegrin/programs/slon/ros2_ws/src/gps -DCMAKE_INSTALL_PREFIX=/home/mondegrin/programs/slon/ros2_ws/install/gps
[15.632s] DEBUG:colcon.colcon_core.event_handler.log_command:Invoking command in '/home/mondegrin/programs/slon/ros2_ws/build/gps': CMAKE_PREFIX_PATH=${CMAKE_PREFIX_PATH}:/opt/ros/iron /usr/bin/cmake --build /home/mondegrin/programs/slon/ros2_ws/build/gps -- -j16 -l16
[19.637s] DEBUG:colcon.colcon_core.event_handler.log_command:Invoked command in '/home/mondegrin/programs/slon/ros2_ws/build/gps' returned '0': CMAKE_PREFIX_PATH=${CMAKE_PREFIX_PATH}:/opt/ros/iron /usr/bin/cmake --build /home/mondegrin/programs/slon/ros2_ws/build/gps -- -j16 -l16
[19.686s] DEBUG:colcon.colcon_core.event_handler.log_command:Invoking command in '/home/mondegrin/programs/slon/ros2_ws/build/gps': CMAKE_PREFIX_PATH=${CMAKE_PREFIX_PATH}:/opt/ros/iron /usr/bin/cmake --install /home/mondegrin/programs/slon/ros2_ws/build/gps
[19.735s] Level 1:colcon.colcon_core.environment:create_environment_scripts_only(gps)
[19.736s] DEBUG:colcon.colcon_core.event_handler.log_command:Invoked command in '/home/mondegrin/programs/slon/ros2_ws/build/gps' returned '0': CMAKE_PREFIX_PATH=${CMAKE_PREFIX_PATH}:/opt/ros/iron /usr/bin/cmake --install /home/mondegrin/programs/slon/ros2_ws/build/gps
[19.746s] Level 1:colcon.colcon_core.environment:checking '/home/mondegrin/programs/slon/ros2_ws/install/gps' for CMake module files
[19.746s] Level 1:colcon.colcon_core.environment:checking '/home/mondegrin/programs/slon/ros2_ws/install/gps' for CMake config files
[19.746s] Level 1:colcon.colcon_core.shell:create_environment_hook('gps', 'cmake_prefix_path')
[19.753s] INFO:colcon.colcon_core.shell:Creating environment hook '/home/mondegrin/programs/slon/ros2_ws/install/gps/share/gps/hook/cmake_prefix_path.ps1'
[19.754s] INFO:colcon.colcon_core.shell:Creating environment descriptor '/home/mondegrin/programs/slon/ros2_ws/install/gps/share/gps/hook/cmake_prefix_path.dsv'
[19.754s] INFO:colcon.colcon_core.shell:Creating environment hook '/home/mondegrin/programs/slon/ros2_ws/install/gps/share/gps/hook/cmake_prefix_path.sh'
[19.755s] Level 1:colcon.colcon_core.environment:checking '/home/mondegrin/programs/slon/ros2_ws/install/gps/lib'
[19.755s] Level 1:colcon.colcon_core.shell:create_environment_hook('gps', 'ld_library_path_lib')
[19.764s] INFO:colcon.colcon_core.shell:Creating environment hook '/home/mondegrin/programs/slon/ros2_ws/install/gps/share/gps/hook/ld_library_path_lib.ps1'
[19.764s] INFO:colcon.colcon_core.shell:Creating environment descriptor '/home/mondegrin/programs/slon/ros2_ws/install/gps/share/gps/hook/ld_library_path_lib.dsv'
[19.765s] INFO:colcon.colcon_core.shell:Creating environment hook '/home/mondegrin/programs/slon/ros2_ws/install/gps/share/gps/hook/ld_library_path_lib.sh'
[19.765s] Level 1:colcon.colcon_core.environment:checking '/home/mondegrin/programs/slon/ros2_ws/install/gps/bin'
[19.765s] Level 1:colcon.colcon_core.environment:checking '/home/mondegrin/programs/slon/ros2_ws/install/gps/lib/pkgconfig/gps.pc'
[19.765s] Level 1:colcon.colcon_core.environment:checking '/home/mondegrin/programs/slon/ros2_ws/install/gps/lib/python3.10/site-packages'
[19.765s] Level 1:colcon.colcon_core.shell:create_environment_hook('gps', 'pythonpath')
[19.772s] INFO:colcon.colcon_core.shell:Creating environment hook '/home/mondegrin/programs/slon/ros2_ws/install/gps/share/gps/hook/pythonpath.ps1'
[19.772s] INFO:colcon.colcon_core.shell:Creating environment descriptor '/home/mondegrin/programs/slon/ros2_ws/install/gps/share/gps/hook/pythonpath.dsv'
[19.772s] INFO:colcon.colcon_core.shell:Creating environment hook '/home/mondegrin/programs/slon/ros2_ws/install/gps/share/gps/hook/pythonpath.sh'
[19.773s] Level 1:colcon.colcon_core.environment:checking '/home/mondegrin/programs/slon/ros2_ws/install/gps/bin'
[19.780s] INFO:colcon.colcon_core.shell:Creating package script '/home/mondegrin/programs/slon/ros2_ws/install/gps/share/gps/package.ps1'
[19.780s] INFO:colcon.colcon_core.shell:Creating package descriptor '/home/mondegrin/programs/slon/ros2_ws/install/gps/share/gps/package.dsv'
[19.781s] INFO:colcon.colcon_core.shell:Creating package script '/home/mondegrin/programs/slon/ros2_ws/install/gps/share/gps/package.sh'
[19.781s] INFO:colcon.colcon_core.shell:Creating package script '/home/mondegrin/programs/slon/ros2_ws/install/gps/share/gps/package.bash'
[19.782s] INFO:colcon.colcon_core.shell:Creating package script '/home/mondegrin/programs/slon/ros2_ws/install/gps/share/gps/package.zsh'
[19.782s] Level 1:colcon.colcon_core.environment:create_file_with_runtime_dependencies(/home/mondegrin/programs/slon/ros2_ws/install/gps/share/colcon-core/packages/gps)
[19.825s] Level 1:colcon.colcon_core.environment:create_environment_scripts_only(gps)
[19.832s] Level 1:colcon.colcon_core.environment:checking '/home/mondegrin/programs/slon/ros2_ws/install/gps' for CMake module files
[19.832s] Level 1:colcon.colcon_core.environment:checking '/home/mondegrin/programs/slon/ros2_ws/install/gps' for CMake config files
[19.833s] Level 1:colcon.colcon_core.shell:create_environment_hook('gps', 'cmake_prefix_path')
[19.839s] INFO:colcon.colcon_core.shell:Creating environment hook '/home/mondegrin/programs/slon/ros2_ws/install/gps/share/gps/hook/cmake_prefix_path.ps1'
[19.840s] INFO:colcon.colcon_core.shell:Creating environment descriptor '/home/mondegrin/programs/slon/ros2_ws/install/gps/share/gps/hook/cmake_prefix_path.dsv'
[19.840s] INFO:colcon.colcon_core.shell:Creating environment hook '/home/mondegrin/programs/slon/ros2_ws/install/gps/share/gps/hook/cmake_prefix_path.sh'
[19.840s] Level 1:colcon.colcon_core.environment:checking '/home/mondegrin/programs/slon/ros2_ws/install/gps/lib'
[19.840s] Level 1:colcon.colcon_core.shell:create_environment_hook('gps', 'ld_library_path_lib')
[19.847s] INFO:colcon.colcon_core.shell:Creating environment hook '/home/mondegrin/programs/slon/ros2_ws/install/gps/share/gps/hook/ld_library_path_lib.ps1'
[19.848s] INFO:colcon.colcon_core.shell:Creating environment descriptor '/home/mondegrin/programs/slon/ros2_ws/install/gps/share/gps/hook/ld_library_path_lib.dsv'
[19.848s] INFO:colcon.colcon_core.shell:Creating environment hook '/home/mondegrin/programs/slon/ros2_ws/install/gps/share/gps/hook/ld_library_path_lib.sh'
[19.848s] Level 1:colcon.colcon_core.environment:checking '/home/mondegrin/programs/slon/ros2_ws/install/gps/bin'
[19.848s] Level 1:colcon.colcon_core.environment:checking '/home/mondegrin/programs/slon/ros2_ws/install/gps/lib/pkgconfig/gps.pc'
[19.848s] Level 1:colcon.colcon_core.environment:checking '/home/mondegrin/programs/slon/ros2_ws/install/gps/lib/python3.10/site-packages'
[19.848s] Level 1:colcon.colcon_core.shell:create_environment_hook('gps', 'pythonpath')
[19.856s] INFO:colcon.colcon_core.shell:Creating environment hook '/home/mondegrin/programs/slon/ros2_ws/install/gps/share/gps/hook/pythonpath.ps1'
[19.856s] INFO:colcon.colcon_core.shell:Creating environment descriptor '/home/mondegrin/programs/slon/ros2_ws/install/gps/share/gps/hook/pythonpath.dsv'
[19.856s] INFO:colcon.colcon_core.shell:Creating environment hook '/home/mondegrin/programs/slon/ros2_ws/install/gps/share/gps/hook/pythonpath.sh'
[19.857s] Level 1:colcon.colcon_core.environment:checking '/home/mondegrin/programs/slon/ros2_ws/install/gps/bin'
[19.866s] INFO:colcon.colcon_core.shell:Creating package script '/home/mondegrin/programs/slon/ros2_ws/install/gps/share/gps/package.ps1'
[19.866s] INFO:colcon.colcon_core.shell:Creating package descriptor '/home/mondegrin/programs/slon/ros2_ws/install/gps/share/gps/package.dsv'
[19.867s] INFO:colcon.colcon_core.shell:Creating package script '/home/mondegrin/programs/slon/ros2_ws/install/gps/share/gps/package.sh'
[19.867s] INFO:colcon.colcon_core.shell:Creating package script '/home/mondegrin/programs/slon/ros2_ws/install/gps/share/gps/package.bash'
[19.867s] INFO:colcon.colcon_core.shell:Creating package script '/home/mondegrin/programs/slon/ros2_ws/install/gps/share/gps/package.zsh'
[19.868s] Level 1:colcon.colcon_core.environment:create_file_with_runtime_dependencies(/home/mondegrin/programs/slon/ros2_ws/install/gps/share/colcon-core/packages/gps)
[32.363s] DEBUG:colcon.colcon_core.event_handler.log_command:Invoked command in '/home/mondegrin/programs/slon/ros2_ws/build/slon' returned '2': CMAKE_PREFIX_PATH=${CMAKE_PREFIX_PATH}:/opt/ros/iron /usr/bin/cmake --build /home/mondegrin/programs/slon/ros2_ws/build/slon -- -j16 -l16
[32.382s] Level 1:colcon.colcon_core.environment:create_environment_scripts_only(slon)
[32.394s] Level 1:colcon.colcon_core.environment:checking '/home/mondegrin/programs/slon/ros2_ws/install/slon' for CMake module files
[32.395s] Level 1:colcon.colcon_core.environment:checking '/home/mondegrin/programs/slon/ros2_ws/install/slon' for CMake config files
[32.395s] Level 1:colcon.colcon_core.shell:create_environment_hook('slon', 'cmake_prefix_path')
[32.402s] INFO:colcon.colcon_core.shell:Creating environment hook '/home/mondegrin/programs/slon/ros2_ws/install/slon/share/slon/hook/cmake_prefix_path.ps1'
[32.403s] INFO:colcon.colcon_core.shell:Creating environment descriptor '/home/mondegrin/programs/slon/ros2_ws/install/slon/share/slon/hook/cmake_prefix_path.dsv'
[32.403s] INFO:colcon.colcon_core.shell:Creating environment hook '/home/mondegrin/programs/slon/ros2_ws/install/slon/share/slon/hook/cmake_prefix_path.sh'
[32.403s] Level 1:colcon.colcon_core.environment:checking '/home/mondegrin/programs/slon/ros2_ws/install/slon/lib'
[32.404s] Level 1:colcon.colcon_core.shell:create_environment_hook('slon', 'ld_library_path_lib')
[32.415s] INFO:colcon.colcon_core.shell:Creating environment hook '/home/mondegrin/programs/slon/ros2_ws/install/slon/share/slon/hook/ld_library_path_lib.ps1'
[32.415s] INFO:colcon.colcon_core.shell:Creating environment descriptor '/home/mondegrin/programs/slon/ros2_ws/install/slon/share/slon/hook/ld_library_path_lib.dsv'
[32.416s] INFO:colcon.colcon_core.shell:Creating environment hook '/home/mondegrin/programs/slon/ros2_ws/install/slon/share/slon/hook/ld_library_path_lib.sh'
[32.416s] Level 1:colcon.colcon_core.environment:checking '/home/mondegrin/programs/slon/ros2_ws/install/slon/bin'
[32.416s] Level 1:colcon.colcon_core.environment:checking '/home/mondegrin/programs/slon/ros2_ws/install/slon/lib/pkgconfig/slon.pc'
[32.416s] Level 1:colcon.colcon_core.environment:checking '/home/mondegrin/programs/slon/ros2_ws/install/slon/lib/python3.10/site-packages'
[32.416s] Level 1:colcon.colcon_core.shell:create_environment_hook('slon', 'pythonpath')
[32.423s] INFO:colcon.colcon_core.shell:Creating environment hook '/home/mondegrin/programs/slon/ros2_ws/install/slon/share/slon/hook/pythonpath.ps1'
[32.423s] INFO:colcon.colcon_core.shell:Creating environment descriptor '/home/mondegrin/programs/slon/ros2_ws/install/slon/share/slon/hook/pythonpath.dsv'
[32.423s] INFO:colcon.colcon_core.shell:Creating environment hook '/home/mondegrin/programs/slon/ros2_ws/install/slon/share/slon/hook/pythonpath.sh'
[32.424s] Level 1:colcon.colcon_core.environment:checking '/home/mondegrin/programs/slon/ros2_ws/install/slon/bin'
[32.430s] INFO:colcon.colcon_core.shell:Creating package script '/home/mondegrin/programs/slon/ros2_ws/install/slon/share/slon/package.ps1'
[32.431s] INFO:colcon.colcon_core.shell:Creating package descriptor '/home/mondegrin/programs/slon/ros2_ws/install/slon/share/slon/package.dsv'
[32.431s] INFO:colcon.colcon_core.shell:Creating package script '/home/mondegrin/programs/slon/ros2_ws/install/slon/share/slon/package.sh'
[32.431s] INFO:colcon.colcon_core.shell:Creating package script '/home/mondegrin/programs/slon/ros2_ws/install/slon/share/slon/package.bash'
[32.432s] INFO:colcon.colcon_core.shell:Creating package script '/home/mondegrin/programs/slon/ros2_ws/install/slon/share/slon/package.zsh'
[32.432s] Level 1:colcon.colcon_core.environment:create_file_with_runtime_dependencies(/home/mondegrin/programs/slon/ros2_ws/install/slon/share/colcon-core/packages/slon)
[32.442s] DEBUG:colcon.colcon_parallel_executor.executor.parallel:closing loop
[32.442s] DEBUG:colcon.colcon_parallel_executor.executor.parallel:loop closed
[32.443s] DEBUG:colcon.colcon_parallel_executor.executor.parallel:run_until_complete finished with '2'
[32.443s] DEBUG:colcon.colcon_core.event_reactor:joining thread
[32.716s] INFO:colcon.colcon_core.plugin_system:Skipping extension 'colcon_notification.desktop_notification.notify_send': Could not find 'notify-send'
[32.717s] INFO:colcon.colcon_core.plugin_system:Skipping extension 'colcon_notification.desktop_notification.terminal_notifier': Not used on non-Darwin systems
[32.717s] INFO:colcon.colcon_core.plugin_system:Skipping extension 'colcon_notification.desktop_notification.win32': Not used on non-Windows systems
[32.717s] INFO:colcon.colcon_notification.desktop_notification:Sending desktop notification using 'notify2'
[32.718s] DEBUG:colcon.colcon_notification.desktop_notification.notify2:Failed to initialize notify2: org.freedesktop.DBus.Error.ServiceUnknown: The name org.freedesktop.Notifications was not provided by any .service files
[32.718s] DEBUG:colcon.colcon_core.event_reactor:joined thread
[32.726s] INFO:colcon.colcon_core.shell:Creating prefix script '/home/mondegrin/programs/slon/ros2_ws/install/local_setup.ps1'
[32.727s] INFO:colcon.colcon_core.shell:Creating prefix util module '/home/mondegrin/programs/slon/ros2_ws/install/_local_setup_util_ps1.py'
[32.728s] INFO:colcon.colcon_core.shell:Creating prefix chain script '/home/mondegrin/programs/slon/ros2_ws/install/setup.ps1'
[32.736s] INFO:colcon.colcon_core.shell:Creating prefix script '/home/mondegrin/programs/slon/ros2_ws/install/local_setup.sh'
[32.737s] INFO:colcon.colcon_core.shell:Creating prefix util module '/home/mondegrin/programs/slon/ros2_ws/install/_local_setup_util_sh.py'
[32.737s] INFO:colcon.colcon_core.shell:Creating prefix chain script '/home/mondegrin/programs/slon/ros2_ws/install/setup.sh'
[32.750s] INFO:colcon.colcon_core.shell:Creating prefix script '/home/mondegrin/programs/slon/ros2_ws/install/local_setup.bash'
[32.751s] INFO:colcon.colcon_core.shell:Creating prefix chain script '/home/mondegrin/programs/slon/ros2_ws/install/setup.bash'
[32.760s] INFO:colcon.colcon_core.shell:Creating prefix script '/home/mondegrin/programs/slon/ros2_ws/install/local_setup.zsh'
[32.760s] INFO:colcon.colcon_core.shell:Creating prefix chain script '/home/mondegrin/programs/slon/ros2_ws/install/setup.zsh'
