[1.215s] Invoking command in '/home/mondegrin/programs/slon/microros_ws/firmware/mcu_ws/ros2/rosidl/rosidl_cli': PYTHONPATH=/home/mondegrin/programs/slon/microros_ws/firmware/mcu_ws/build/rosidl_cli/prefix_override:/home/mondegrin/programs/slon/microros_ws/firmware/mcu_ws/install/lib/python3.10/site-packages:${PYTHONPATH} /usr/bin/python3 setup.py egg_info --egg-base ../../../build/rosidl_cli build --build-base /home/mondegrin/programs/slon/microros_ws/firmware/mcu_ws/build/rosidl_cli/build install --record /home/mondegrin/programs/slon/microros_ws/firmware/mcu_ws/build/rosidl_cli/install.log --single-version-externally-managed
[1.421s] running egg_info
[1.422s] creating ../../../build/rosidl_cli/rosidl_cli.egg-info
[1.422s] writing ../../../build/rosidl_cli/rosidl_cli.egg-info/PKG-INFO
[1.423s] writing dependency_links to ../../../build/rosidl_cli/rosidl_cli.egg-info/dependency_links.txt
[1.423s] writing entry points to ../../../build/rosidl_cli/rosidl_cli.egg-info/entry_points.txt
[1.423s] writing requirements to ../../../build/rosidl_cli/rosidl_cli.egg-info/requires.txt
[1.423s] writing top-level names to ../../../build/rosidl_cli/rosidl_cli.egg-info/top_level.txt
[1.423s] writing manifest file '../../../build/rosidl_cli/rosidl_cli.egg-info/SOURCES.txt'
[1.425s] reading manifest file '../../../build/rosidl_cli/rosidl_cli.egg-info/SOURCES.txt'
[1.426s] writing manifest file '../../../build/rosidl_cli/rosidl_cli.egg-info/SOURCES.txt'
[1.428s] running build
[1.428s] running build_py
[1.428s] creating /home/mondegrin/programs/slon/microros_ws/firmware/mcu_ws/build/rosidl_cli/build
[1.429s] creating /home/mondegrin/programs/slon/microros_ws/firmware/mcu_ws/build/rosidl_cli/build/lib
[1.430s] creating /home/mondegrin/programs/slon/microros_ws/firmware/mcu_ws/build/rosidl_cli/build/lib/rosidl_cli
[1.431s] copying rosidl_cli/common.py -> /home/mondegrin/programs/slon/microros_ws/firmware/mcu_ws/build/rosidl_cli/build/lib/rosidl_cli
[1.432s] copying rosidl_cli/entry_points.py -> /home/mondegrin/programs/slon/microros_ws/firmware/mcu_ws/build/rosidl_cli/build/lib/rosidl_cli
[1.433s] copying rosidl_cli/extensions.py -> /home/mondegrin/programs/slon/microros_ws/firmware/mcu_ws/build/rosidl_cli/build/lib/rosidl_cli
[1.434s] copying rosidl_cli/__init__.py -> /home/mondegrin/programs/slon/microros_ws/firmware/mcu_ws/build/rosidl_cli/build/lib/rosidl_cli
[1.435s] copying rosidl_cli/cli.py -> /home/mondegrin/programs/slon/microros_ws/firmware/mcu_ws/build/rosidl_cli/build/lib/rosidl_cli
[1.436s] creating /home/mondegrin/programs/slon/microros_ws/firmware/mcu_ws/build/rosidl_cli/build/lib/rosidl_cli/command
[1.436s] copying rosidl_cli/command/helpers.py -> /home/mondegrin/programs/slon/microros_ws/firmware/mcu_ws/build/rosidl_cli/build/lib/rosidl_cli/command
[1.437s] copying rosidl_cli/command/__init__.py -> /home/mondegrin/programs/slon/microros_ws/firmware/mcu_ws/build/rosidl_cli/build/lib/rosidl_cli/command
[1.440s] creating /home/mondegrin/programs/slon/microros_ws/firmware/mcu_ws/build/rosidl_cli/build/lib/rosidl_cli/command/generate
[1.441s] copying rosidl_cli/command/generate/extensions.py -> /home/mondegrin/programs/slon/microros_ws/firmware/mcu_ws/build/rosidl_cli/build/lib/rosidl_cli/command/generate
[1.441s] copying rosidl_cli/command/generate/api.py -> /home/mondegrin/programs/slon/microros_ws/firmware/mcu_ws/build/rosidl_cli/build/lib/rosidl_cli/command/generate
[1.442s] copying rosidl_cli/command/generate/__init__.py -> /home/mondegrin/programs/slon/microros_ws/firmware/mcu_ws/build/rosidl_cli/build/lib/rosidl_cli/command/generate
[1.443s] creating /home/mondegrin/programs/slon/microros_ws/firmware/mcu_ws/build/rosidl_cli/build/lib/rosidl_cli/command/translate
[1.443s] copying rosidl_cli/command/translate/extensions.py -> /home/mondegrin/programs/slon/microros_ws/firmware/mcu_ws/build/rosidl_cli/build/lib/rosidl_cli/command/translate
[1.443s] copying rosidl_cli/command/translate/api.py -> /home/mondegrin/programs/slon/microros_ws/firmware/mcu_ws/build/rosidl_cli/build/lib/rosidl_cli/command/translate
[1.443s] copying rosidl_cli/command/translate/__init__.py -> /home/mondegrin/programs/slon/microros_ws/firmware/mcu_ws/build/rosidl_cli/build/lib/rosidl_cli/command/translate
[1.444s] running install
[1.445s] /usr/lib/python3/dist-packages/setuptools/command/install.py:34: SetuptoolsDeprecationWarning: setup.py install is deprecated. Use build and pip and other standards-based tools.
[1.445s]   warnings.warn(
[1.447s] running install_lib
[1.448s] creating /home/mondegrin/programs/slon/microros_ws/firmware/mcu_ws/install/lib/python3.10/site-packages/rosidl_cli
[1.448s] copying /home/mondegrin/programs/slon/microros_ws/firmware/mcu_ws/build/rosidl_cli/build/lib/rosidl_cli/common.py -> /home/mondegrin/programs/slon/microros_ws/firmware/mcu_ws/install/lib/python3.10/site-packages/rosidl_cli
[1.449s] copying /home/mondegrin/programs/slon/microros_ws/firmware/mcu_ws/build/rosidl_cli/build/lib/rosidl_cli/entry_points.py -> /home/mondegrin/programs/slon/microros_ws/firmware/mcu_ws/install/lib/python3.10/site-packages/rosidl_cli
[1.450s] creating /home/mondegrin/programs/slon/microros_ws/firmware/mcu_ws/install/lib/python3.10/site-packages/rosidl_cli/command
[1.450s] copying /home/mondegrin/programs/slon/microros_ws/firmware/mcu_ws/build/rosidl_cli/build/lib/rosidl_cli/command/helpers.py -> /home/mondegrin/programs/slon/microros_ws/firmware/mcu_ws/install/lib/python3.10/site-packages/rosidl_cli/command
[1.450s] creating /home/mondegrin/programs/slon/microros_ws/firmware/mcu_ws/install/lib/python3.10/site-packages/rosidl_cli/command/generate
[1.451s] copying /home/mondegrin/programs/slon/microros_ws/firmware/mcu_ws/build/rosidl_cli/build/lib/rosidl_cli/command/generate/extensions.py -> /home/mondegrin/programs/slon/microros_ws/firmware/mcu_ws/install/lib/python3.10/site-packages/rosidl_cli/command/generate
[1.452s] copying /home/mondegrin/programs/slon/microros_ws/firmware/mcu_ws/build/rosidl_cli/build/lib/rosidl_cli/command/generate/api.py -> /home/mondegrin/programs/slon/microros_ws/firmware/mcu_ws/install/lib/python3.10/site-packages/rosidl_cli/command/generate
[1.454s] copying /home/mondegrin/programs/slon/microros_ws/firmware/mcu_ws/build/rosidl_cli/build/lib/rosidl_cli/command/generate/__init__.py -> /home/mondegrin/programs/slon/microros_ws/firmware/mcu_ws/install/lib/python3.10/site-packages/rosidl_cli/command/generate
[1.455s] copying /home/mondegrin/programs/slon/microros_ws/firmware/mcu_ws/build/rosidl_cli/build/lib/rosidl_cli/command/__init__.py -> /home/mondegrin/programs/slon/microros_ws/firmware/mcu_ws/install/lib/python3.10/site-packages/rosidl_cli/command
[1.456s] creating /home/mondegrin/programs/slon/microros_ws/firmware/mcu_ws/install/lib/python3.10/site-packages/rosidl_cli/command/translate
[1.456s] copying /home/mondegrin/programs/slon/microros_ws/firmware/mcu_ws/build/rosidl_cli/build/lib/rosidl_cli/command/translate/extensions.py -> /home/mondegrin/programs/slon/microros_ws/firmware/mcu_ws/install/lib/python3.10/site-packages/rosidl_cli/command/translate
[1.458s] copying /home/mondegrin/programs/slon/microros_ws/firmware/mcu_ws/build/rosidl_cli/build/lib/rosidl_cli/command/translate/api.py -> /home/mondegrin/programs/slon/microros_ws/firmware/mcu_ws/install/lib/python3.10/site-packages/rosidl_cli/command/translate
[1.459s] copying /home/mondegrin/programs/slon/microros_ws/firmware/mcu_ws/build/rosidl_cli/build/lib/rosidl_cli/command/translate/__init__.py -> /home/mondegrin/programs/slon/microros_ws/firmware/mcu_ws/install/lib/python3.10/site-packages/rosidl_cli/command/translate
[1.461s] copying /home/mondegrin/programs/slon/microros_ws/firmware/mcu_ws/build/rosidl_cli/build/lib/rosidl_cli/extensions.py -> /home/mondegrin/programs/slon/microros_ws/firmware/mcu_ws/install/lib/python3.10/site-packages/rosidl_cli
[1.462s] copying /home/mondegrin/programs/slon/microros_ws/firmware/mcu_ws/build/rosidl_cli/build/lib/rosidl_cli/__init__.py -> /home/mondegrin/programs/slon/microros_ws/firmware/mcu_ws/install/lib/python3.10/site-packages/rosidl_cli
[1.462s] copying /home/mondegrin/programs/slon/microros_ws/firmware/mcu_ws/build/rosidl_cli/build/lib/rosidl_cli/cli.py -> /home/mondegrin/programs/slon/microros_ws/firmware/mcu_ws/install/lib/python3.10/site-packages/rosidl_cli
[1.462s] byte-compiling /home/mondegrin/programs/slon/microros_ws/firmware/mcu_ws/install/lib/python3.10/site-packages/rosidl_cli/common.py to common.cpython-310.pyc
[1.462s] byte-compiling /home/mondegrin/programs/slon/microros_ws/firmware/mcu_ws/install/lib/python3.10/site-packages/rosidl_cli/entry_points.py to entry_points.cpython-310.pyc
[1.463s] byte-compiling /home/mondegrin/programs/slon/microros_ws/firmware/mcu_ws/install/lib/python3.10/site-packages/rosidl_cli/command/helpers.py to helpers.cpython-310.pyc
[1.463s] byte-compiling /home/mondegrin/programs/slon/microros_ws/firmware/mcu_ws/install/lib/python3.10/site-packages/rosidl_cli/command/generate/extensions.py to extensions.cpython-310.pyc
[1.463s] byte-compiling /home/mondegrin/programs/slon/microros_ws/firmware/mcu_ws/install/lib/python3.10/site-packages/rosidl_cli/command/generate/api.py to api.cpython-310.pyc
[1.465s] byte-compiling /home/mondegrin/programs/slon/microros_ws/firmware/mcu_ws/install/lib/python3.10/site-packages/rosidl_cli/command/generate/__init__.py to __init__.cpython-310.pyc
[1.467s] byte-compiling /home/mondegrin/programs/slon/microros_ws/firmware/mcu_ws/install/lib/python3.10/site-packages/rosidl_cli/command/__init__.py to __init__.cpython-310.pyc
[1.469s] byte-compiling /home/mondegrin/programs/slon/microros_ws/firmware/mcu_ws/install/lib/python3.10/site-packages/rosidl_cli/command/translate/extensions.py to extensions.cpython-310.pyc
[1.469s] byte-compiling /home/mondegrin/programs/slon/microros_ws/firmware/mcu_ws/install/lib/python3.10/site-packages/rosidl_cli/command/translate/api.py to api.cpython-310.pyc
[1.469s] byte-compiling /home/mondegrin/programs/slon/microros_ws/firmware/mcu_ws/install/lib/python3.10/site-packages/rosidl_cli/command/translate/__init__.py to __init__.cpython-310.pyc
[1.469s] byte-compiling /home/mondegrin/programs/slon/microros_ws/firmware/mcu_ws/install/lib/python3.10/site-packages/rosidl_cli/extensions.py to extensions.cpython-310.pyc
[1.470s] byte-compiling /home/mondegrin/programs/slon/microros_ws/firmware/mcu_ws/install/lib/python3.10/site-packages/rosidl_cli/__init__.py to __init__.cpython-310.pyc
[1.470s] byte-compiling /home/mondegrin/programs/slon/microros_ws/firmware/mcu_ws/install/lib/python3.10/site-packages/rosidl_cli/cli.py to cli.cpython-310.pyc
[1.470s] running install_data
[1.470s] copying resource/rosidl_cli -> /home/mondegrin/programs/slon/microros_ws/firmware/mcu_ws/install/share/ament_index/resource_index/packages
[1.470s] copying package.xml -> /home/mondegrin/programs/slon/microros_ws/firmware/mcu_ws/install/share/rosidl_cli
[1.471s] copying resource/package.dsv -> /home/mondegrin/programs/slon/microros_ws/firmware/mcu_ws/install/share/rosidl_cli
[1.471s] creating /home/mondegrin/programs/slon/microros_ws/firmware/mcu_ws/install/share/rosidl_cli/environment
[1.471s] copying completion/rosidl-argcomplete.bash -> /home/mondegrin/programs/slon/microros_ws/firmware/mcu_ws/install/share/rosidl_cli/environment
[1.471s] copying completion/rosidl-argcomplete.zsh -> /home/mondegrin/programs/slon/microros_ws/firmware/mcu_ws/install/share/rosidl_cli/environment
[1.471s] running install_egg_info
[1.472s] Copying ../../../build/rosidl_cli/rosidl_cli.egg-info to /home/mondegrin/programs/slon/microros_ws/firmware/mcu_ws/install/lib/python3.10/site-packages/rosidl_cli-4.0.1-py3.10.egg-info
[1.472s] running install_scripts
[1.489s] Installing rosidl script to /home/mondegrin/programs/slon/microros_ws/firmware/mcu_ws/install/bin
[1.493s] writing list of installed files to '/home/mondegrin/programs/slon/microros_ws/firmware/mcu_ws/build/rosidl_cli/install.log'
[1.549s] Invoked command in '/home/mondegrin/programs/slon/microros_ws/firmware/mcu_ws/ros2/rosidl/rosidl_cli' returned '0': PYTHONPATH=/home/mondegrin/programs/slon/microros_ws/firmware/mcu_ws/build/rosidl_cli/prefix_override:/home/mondegrin/programs/slon/microros_ws/firmware/mcu_ws/install/lib/python3.10/site-packages:${PYTHONPATH} /usr/bin/python3 setup.py egg_info --egg-base ../../../build/rosidl_cli build --build-base /home/mondegrin/programs/slon/microros_ws/firmware/mcu_ws/build/rosidl_cli/build install --record /home/mondegrin/programs/slon/microros_ws/firmware/mcu_ws/build/rosidl_cli/install.log --single-version-externally-managed
