[0.066s] Invoking command in '/home/mondegrin/programs/slon/ros2_ws/build/gps': CMAKE_PREFIX_PATH=${CMAKE_PREFIX_PATH}:/opt/ros/iron /usr/bin/cmake /home/mondegrin/programs/slon/ros2_ws/src/gps -DCMAKE_INSTALL_PREFIX=/home/mondegrin/programs/slon/ros2_ws/install/gps
[0.743s] -- The C compiler identification is GNU 11.4.0
[4.170s] -- The CXX compiler identification is GNU 11.4.0
[5.923s] -- Detecting C compiler ABI info
[6.461s] -- Detecting C compiler ABI info - done
[6.467s] -- Check for working C compiler: /usr/bin/cc - skipped
[6.467s] -- Detecting C compile features
[6.467s] -- Detecting C compile features - done
[6.470s] -- Detecting CXX compiler ABI info
[7.136s] -- Detecting CXX compiler ABI info - done
[7.140s] -- Check for working CXX compiler: /usr/bin/c++ - skipped
[7.140s] -- Detecting CXX compile features
[7.141s] -- Detecting CXX compile features - done
[7.145s] -- Found ament_cmake: 2.0.3 (/opt/ros/iron/share/ament_cmake/cmake)
[7.253s] -- Found Python3: /usr/bin/python3.10 (found version "3.10.12") found components: Interpreter 
[7.312s] -- Found std_msgs: 5.0.0 (/opt/ros/iron/share/std_msgs/cmake)
[7.994s] -- Found rosidl_generator_c: 4.0.1 (/opt/ros/iron/share/rosidl_generator_c/cmake)
[8.001s] -- Found rosidl_generator_cpp: 4.0.1 (/opt/ros/iron/share/rosidl_generator_cpp/cmake)
[8.013s] -- Using all available rosidl_typesupport_c: rosidl_typesupport_fastrtps_c;rosidl_typesupport_introspection_c
[8.024s] -- Using all available rosidl_typesupport_cpp: rosidl_typesupport_fastrtps_cpp;rosidl_typesupport_introspection_cpp
[8.060s] -- Found std_srvs: 5.0.0 (/opt/ros/iron/share/std_srvs/cmake)
[8.130s] -- Found rosidl_default_generators: 1.5.0 (/opt/ros/iron/share/rosidl_default_generators/cmake)
[8.137s] -- Found rosidl_adapter: 4.0.1 (/opt/ros/iron/share/rosidl_adapter/cmake)
[8.332s] -- Found ament_cmake_ros: 0.11.2 (/opt/ros/iron/share/ament_cmake_ros/cmake)
[8.538s] -- Using all available rosidl_typesupport_c: rosidl_typesupport_fastrtps_c;rosidl_typesupport_introspection_c
[8.616s] -- Using all available rosidl_typesupport_cpp: rosidl_typesupport_fastrtps_cpp;rosidl_typesupport_introspection_cpp
[9.653s] -- Found PythonInterp: /usr/bin/python3 (found suitable version "3.10.12", minimum required is "3.6") 
[9.654s] -- Found python_cmake_module: 0.10.2 (/opt/ros/iron/share/python_cmake_module/cmake)
[13.109s] -- Found PythonLibs: /usr/lib/x86_64-linux-gnu/libpython3.10.so (found suitable version "3.10.12", minimum required is "3.5") 
[13.109s] -- Using PYTHON_EXECUTABLE: /usr/bin/python3
[13.109s] -- Using PYTHON_INCLUDE_DIRS: /usr/include/python3.10
[13.109s] -- Using PYTHON_LIBRARIES: /usr/lib/x86_64-linux-gnu/libpython3.10.so
[13.125s] -- Found PythonExtra: .so  
[13.495s] -- Found ament_lint_auto: 0.14.2 (/opt/ros/iron/share/ament_lint_auto/cmake)
[13.507s] -- Added test 'lint_cmake' to check CMake code style
[13.507s] -- Added test 'xmllint' to check XML markup files
[13.511s] -- Configuring done
[13.538s] -- Generating done
[13.540s] -- Build files have been written to: /home/mondegrin/programs/slon/ros2_ws/build/gps
[13.547s] Invoked command in '/home/mondegrin/programs/slon/ros2_ws/build/gps' returned '0': CMAKE_PREFIX_PATH=${CMAKE_PREFIX_PATH}:/opt/ros/iron /usr/bin/cmake /home/mondegrin/programs/slon/ros2_ws/src/gps -DCMAKE_INSTALL_PREFIX=/home/mondegrin/programs/slon/ros2_ws/install/gps
[13.549s] Invoking command in '/home/mondegrin/programs/slon/ros2_ws/build/gps': CMAKE_PREFIX_PATH=${CMAKE_PREFIX_PATH}:/opt/ros/iron /usr/bin/cmake --build /home/mondegrin/programs/slon/ros2_ws/build/gps -- -j16 -l16
[13.584s] [  2%] [34m[1mGenerating type hashes for ROS interfaces[0m
[13.590s] [  2%] Built target ament_cmake_python_copy_gps
[13.706s] [  2%] Built target gps__rosidl_generator_type_description
[13.712s] [  5%] [34m[1mGenerating C code for ROS interfaces[0m
[13.718s] [  8%] [34m[1mGenerating C++ code for ROS interfaces[0m
[13.744s] running egg_info
[13.745s] creating gps.egg-info
[13.745s] writing gps.egg-info/PKG-INFO
[13.745s] writing dependency_links to gps.egg-info/dependency_links.txt
[13.745s] writing top-level names to gps.egg-info/top_level.txt
[13.745s] writing manifest file 'gps.egg-info/SOURCES.txt'
[13.747s] reading manifest file 'gps.egg-info/SOURCES.txt'
[13.748s] writing manifest file 'gps.egg-info/SOURCES.txt'
[13.778s] [  8%] Built target ament_cmake_python_build_gps_egg
[13.879s] [  8%] Built target gps__cpp
[13.902s] [ 11%] [32mBuilding C object CMakeFiles/gps__rosidl_generator_c.dir/rosidl_generator_c/gps/msg/detail/gps__functions.c.o[0m
[13.902s] [ 14%] [32mBuilding C object CMakeFiles/gps__rosidl_generator_c.dir/rosidl_generator_c/gps/msg/detail/gps__description.c.o[0m
[13.902s] [ 17%] [32mBuilding C object CMakeFiles/gps__rosidl_generator_c.dir/rosidl_generator_c/gps/msg/detail/gps__type_support.c.o[0m
[13.940s] [ 20%] [32m[1mLinking C shared library libgps__rosidl_generator_c.so[0m
[14.643s] [ 20%] Built target gps__rosidl_generator_c
[14.650s] [ 29%] [34m[1mGenerating C type support for eProsima Fast-RTPS[0m
[14.650s] [ 29%] [34m[1mGenerating C type support dispatch for ROS interfaces[0m
[14.650s] [ 29%] [34m[1mGenerating C++ type support for eProsima Fast-RTPS[0m
[14.652s] [ 35%] [34m[1mGenerating C++ introspection for ROS interfaces[0m
[14.652s] [ 35%] [34m[1mGenerating C++ type support dispatch for ROS interfaces[0m
[14.654s] [ 38%] [34m[1mGenerating C introspection for ROS interfaces[0m
[14.873s] [ 41%] [32mBuilding CXX object CMakeFiles/gps__rosidl_typesupport_c.dir/rosidl_typesupport_c/gps/msg/gps__type_support.cpp.o[0m
[14.878s] [ 44%] [32mBuilding CXX object CMakeFiles/gps__rosidl_typesupport_cpp.dir/rosidl_typesupport_cpp/gps/msg/gps__type_support.cpp.o[0m
[14.886s] [ 47%] [32mBuilding CXX object CMakeFiles/gps__rosidl_typesupport_fastrtps_cpp.dir/rosidl_typesupport_fastrtps_cpp/gps/msg/detail/dds_fastrtps/gps__type_support.cpp.o[0m
[14.891s] [ 50%] [32mBuilding CXX object CMakeFiles/gps__rosidl_typesupport_introspection_cpp.dir/rosidl_typesupport_introspection_cpp/gps/msg/detail/gps__type_support.cpp.o[0m
[14.891s] [ 52%] [32mBuilding CXX object CMakeFiles/gps__rosidl_typesupport_fastrtps_c.dir/rosidl_typesupport_fastrtps_c/gps/msg/detail/gps__type_support_c.cpp.o[0m
[14.906s] [ 55%] [32mBuilding C object CMakeFiles/gps__rosidl_typesupport_introspection_c.dir/rosidl_typesupport_introspection_c/gps/msg/detail/gps__type_support.c.o[0m
[14.910s] [ 58%] [32m[1mLinking CXX shared library libgps__rosidl_typesupport_c.so[0m
[14.936s] [ 61%] [32m[1mLinking C shared library libgps__rosidl_typesupport_introspection_c.so[0m
[15.240s] [ 64%] [32m[1mLinking CXX shared library libgps__rosidl_typesupport_fastrtps_c.so[0m
[15.261s] [ 67%] [32m[1mLinking CXX shared library libgps__rosidl_typesupport_cpp.so[0m
[15.262s] [ 70%] [32m[1mLinking CXX shared library libgps__rosidl_typesupport_introspection_cpp.so[0m
[15.380s] [ 73%] [32m[1mLinking CXX shared library libgps__rosidl_typesupport_fastrtps_cpp.so[0m
[15.409s] [ 73%] Built target gps__rosidl_typesupport_introspection_c
[15.410s] [ 73%] Built target gps__rosidl_typesupport_c
[15.673s] [ 73%] Built target gps__rosidl_typesupport_introspection_cpp
[15.719s] [ 73%] Built target gps__rosidl_typesupport_fastrtps_c
[15.852s] [ 73%] Built target gps__rosidl_typesupport_cpp
[15.963s] [ 73%] Built target gps__rosidl_typesupport_fastrtps_cpp
[15.977s] [ 73%] Built target gps
[15.988s] [ 76%] [34m[1mGenerating Python code for ROS interfaces[0m
[16.154s] [ 76%] Built target gps__py
[16.164s] [ 79%] [32mBuilding C object CMakeFiles/gps__rosidl_generator_py.dir/rosidl_generator_py/gps/msg/_gps_s.c.o[0m
[16.229s] [ 82%] [32m[1mLinking C shared library rosidl_generator_py/gps/libgps__rosidl_generator_py.so[0m
[16.879s] [ 82%] Built target gps__rosidl_generator_py
[16.891s] [ 85%] [32mBuilding C object CMakeFiles/gps__rosidl_typesupport_introspection_c__pyext.dir/rosidl_generator_py/gps/_gps_s.ep.rosidl_typesupport_introspection_c.c.o[0m
[16.892s] [ 88%] [32mBuilding C object CMakeFiles/gps__rosidl_typesupport_c__pyext.dir/rosidl_generator_py/gps/_gps_s.ep.rosidl_typesupport_c.c.o[0m
[16.898s] [ 91%] [32mBuilding C object CMakeFiles/gps__rosidl_typesupport_fastrtps_c__pyext.dir/rosidl_generator_py/gps/_gps_s.ep.rosidl_typesupport_fastrtps_c.c.o[0m
[16.953s] [ 94%] [32m[1mLinking C shared library rosidl_generator_py/gps/gps_s__rosidl_typesupport_c.cpython-310-x86_64-linux-gnu.so[0m
[16.953s] [ 97%] [32m[1mLinking C shared library rosidl_generator_py/gps/gps_s__rosidl_typesupport_introspection_c.cpython-310-x86_64-linux-gnu.so[0m
[16.968s] [100%] [32m[1mLinking C shared library rosidl_generator_py/gps/gps_s__rosidl_typesupport_fastrtps_c.cpython-310-x86_64-linux-gnu.so[0m
[17.404s] [100%] Built target gps__rosidl_typesupport_introspection_c__pyext
[17.414s] [100%] Built target gps__rosidl_typesupport_c__pyext
[17.547s] [100%] Built target gps__rosidl_typesupport_fastrtps_c__pyext
[17.555s] Invoked command in '/home/mondegrin/programs/slon/ros2_ws/build/gps' returned '0': CMAKE_PREFIX_PATH=${CMAKE_PREFIX_PATH}:/opt/ros/iron /usr/bin/cmake --build /home/mondegrin/programs/slon/ros2_ws/build/gps -- -j16 -l16
[17.604s] Invoking command in '/home/mondegrin/programs/slon/ros2_ws/build/gps': CMAKE_PREFIX_PATH=${CMAKE_PREFIX_PATH}:/opt/ros/iron /usr/bin/cmake --install /home/mondegrin/programs/slon/ros2_ws/build/gps
[17.608s] -- Install configuration: ""
[17.608s] -- Installing: /home/mondegrin/programs/slon/ros2_ws/install/gps/share/ament_index/resource_index/rosidl_interfaces/gps
[17.608s] -- Installing: /home/mondegrin/programs/slon/ros2_ws/install/gps/share/gps/msg/GPS.json
[17.608s] -- Installing: /home/mondegrin/programs/slon/ros2_ws/install/gps/include/gps/gps
[17.609s] -- Installing: /home/mondegrin/programs/slon/ros2_ws/install/gps/include/gps/gps/msg
[17.609s] -- Installing: /home/mondegrin/programs/slon/ros2_ws/install/gps/include/gps/gps/msg/gps.h
[17.609s] -- Installing: /home/mondegrin/programs/slon/ros2_ws/install/gps/include/gps/gps/msg/rosidl_generator_c__visibility_control.h
[17.609s] -- Installing: /home/mondegrin/programs/slon/ros2_ws/install/gps/include/gps/gps/msg/detail
[17.610s] -- Installing: /home/mondegrin/programs/slon/ros2_ws/install/gps/include/gps/gps/msg/detail/gps__type_support.h
[17.610s] -- Installing: /home/mondegrin/programs/slon/ros2_ws/install/gps/include/gps/gps/msg/detail/gps__functions.h
[17.610s] -- Installing: /home/mondegrin/programs/slon/ros2_ws/install/gps/include/gps/gps/msg/detail/gps__type_support.c
[17.610s] -- Installing: /home/mondegrin/programs/slon/ros2_ws/install/gps/include/gps/gps/msg/detail/gps__struct.h
[17.610s] -- Installing: /home/mondegrin/programs/slon/ros2_ws/install/gps/include/gps/gps/msg/detail/gps__description.c
[17.610s] -- Installing: /home/mondegrin/programs/slon/ros2_ws/install/gps/include/gps/gps/msg/detail/gps__functions.c
[17.610s] -- Installing: /home/mondegrin/programs/slon/ros2_ws/install/gps/share/gps/environment/library_path.sh
[17.610s] -- Installing: /home/mondegrin/programs/slon/ros2_ws/install/gps/share/gps/environment/library_path.dsv
[17.611s] -- Installing: /home/mondegrin/programs/slon/ros2_ws/install/gps/lib/libgps__rosidl_generator_c.so
[17.611s] -- Set runtime path of "/home/mondegrin/programs/slon/ros2_ws/install/gps/lib/libgps__rosidl_generator_c.so" to ""
[17.611s] -- Up-to-date: /home/mondegrin/programs/slon/ros2_ws/install/gps/include/gps/gps
[17.611s] -- Up-to-date: /home/mondegrin/programs/slon/ros2_ws/install/gps/include/gps/gps/msg
[17.611s] -- Installing: /home/mondegrin/programs/slon/ros2_ws/install/gps/include/gps/gps/msg/rosidl_typesupport_fastrtps_c__visibility_control.h
[17.611s] -- Up-to-date: /home/mondegrin/programs/slon/ros2_ws/install/gps/include/gps/gps/msg/detail
[17.611s] -- Installing: /home/mondegrin/programs/slon/ros2_ws/install/gps/include/gps/gps/msg/detail/gps__rosidl_typesupport_fastrtps_c.h
[17.611s] -- Installing: /home/mondegrin/programs/slon/ros2_ws/install/gps/lib/libgps__rosidl_typesupport_fastrtps_c.so
[17.612s] -- Set runtime path of "/home/mondegrin/programs/slon/ros2_ws/install/gps/lib/libgps__rosidl_typesupport_fastrtps_c.so" to ""
[17.612s] -- Up-to-date: /home/mondegrin/programs/slon/ros2_ws/install/gps/include/gps/gps
[17.612s] -- Up-to-date: /home/mondegrin/programs/slon/ros2_ws/install/gps/include/gps/gps/msg
[17.612s] -- Installing: /home/mondegrin/programs/slon/ros2_ws/install/gps/include/gps/gps/msg/gps.hpp
[17.612s] -- Up-to-date: /home/mondegrin/programs/slon/ros2_ws/install/gps/include/gps/gps/msg/detail
[17.613s] -- Installing: /home/mondegrin/programs/slon/ros2_ws/install/gps/include/gps/gps/msg/detail/gps__traits.hpp
[17.613s] -- Installing: /home/mondegrin/programs/slon/ros2_ws/install/gps/include/gps/gps/msg/detail/gps__struct.hpp
[17.613s] -- Installing: /home/mondegrin/programs/slon/ros2_ws/install/gps/include/gps/gps/msg/detail/gps__builder.hpp
[17.613s] -- Up-to-date: /home/mondegrin/programs/slon/ros2_ws/install/gps/include/gps/gps
[17.613s] -- Up-to-date: /home/mondegrin/programs/slon/ros2_ws/install/gps/include/gps/gps/msg
[17.613s] -- Installing: /home/mondegrin/programs/slon/ros2_ws/install/gps/include/gps/gps/msg/rosidl_typesupport_fastrtps_cpp__visibility_control.h
[17.613s] -- Up-to-date: /home/mondegrin/programs/slon/ros2_ws/install/gps/include/gps/gps/msg/detail
[17.614s] -- Installing: /home/mondegrin/programs/slon/ros2_ws/install/gps/include/gps/gps/msg/detail/dds_fastrtps
[17.614s] -- Installing: /home/mondegrin/programs/slon/ros2_ws/install/gps/include/gps/gps/msg/detail/gps__rosidl_typesupport_fastrtps_cpp.hpp
[17.614s] -- Installing: /home/mondegrin/programs/slon/ros2_ws/install/gps/lib/libgps__rosidl_typesupport_fastrtps_cpp.so
[17.614s] -- Set runtime path of "/home/mondegrin/programs/slon/ros2_ws/install/gps/lib/libgps__rosidl_typesupport_fastrtps_cpp.so" to ""
[17.614s] -- Up-to-date: /home/mondegrin/programs/slon/ros2_ws/install/gps/include/gps/gps
[17.614s] -- Up-to-date: /home/mondegrin/programs/slon/ros2_ws/install/gps/include/gps/gps/msg
[17.615s] -- Installing: /home/mondegrin/programs/slon/ros2_ws/install/gps/include/gps/gps/msg/rosidl_typesupport_introspection_c__visibility_control.h
[17.615s] -- Up-to-date: /home/mondegrin/programs/slon/ros2_ws/install/gps/include/gps/gps/msg/detail
[17.615s] -- Installing: /home/mondegrin/programs/slon/ros2_ws/install/gps/include/gps/gps/msg/detail/gps__type_support.c
[17.615s] -- Installing: /home/mondegrin/programs/slon/ros2_ws/install/gps/include/gps/gps/msg/detail/gps__rosidl_typesupport_introspection_c.h
[17.615s] -- Installing: /home/mondegrin/programs/slon/ros2_ws/install/gps/lib/libgps__rosidl_typesupport_introspection_c.so
[17.615s] -- Set runtime path of "/home/mondegrin/programs/slon/ros2_ws/install/gps/lib/libgps__rosidl_typesupport_introspection_c.so" to ""
[17.615s] -- Installing: /home/mondegrin/programs/slon/ros2_ws/install/gps/lib/libgps__rosidl_typesupport_c.so
[17.615s] -- Set runtime path of "/home/mondegrin/programs/slon/ros2_ws/install/gps/lib/libgps__rosidl_typesupport_c.so" to ""
[17.615s] -- Up-to-date: /home/mondegrin/programs/slon/ros2_ws/install/gps/include/gps/gps
[17.616s] -- Up-to-date: /home/mondegrin/programs/slon/ros2_ws/install/gps/include/gps/gps/msg
[17.616s] -- Up-to-date: /home/mondegrin/programs/slon/ros2_ws/install/gps/include/gps/gps/msg/detail
[17.616s] -- Installing: /home/mondegrin/programs/slon/ros2_ws/install/gps/include/gps/gps/msg/detail/gps__type_support.cpp
[17.616s] -- Installing: /home/mondegrin/programs/slon/ros2_ws/install/gps/include/gps/gps/msg/detail/gps__rosidl_typesupport_introspection_cpp.hpp
[17.616s] -- Installing: /home/mondegrin/programs/slon/ros2_ws/install/gps/lib/libgps__rosidl_typesupport_introspection_cpp.so
[17.616s] -- Set runtime path of "/home/mondegrin/programs/slon/ros2_ws/install/gps/lib/libgps__rosidl_typesupport_introspection_cpp.so" to ""
[17.617s] -- Installing: /home/mondegrin/programs/slon/ros2_ws/install/gps/lib/libgps__rosidl_typesupport_cpp.so
[17.617s] -- Set runtime path of "/home/mondegrin/programs/slon/ros2_ws/install/gps/lib/libgps__rosidl_typesupport_cpp.so" to ""
[17.617s] -- Installing: /home/mondegrin/programs/slon/ros2_ws/install/gps/share/gps/environment/pythonpath.sh
[17.617s] -- Installing: /home/mondegrin/programs/slon/ros2_ws/install/gps/share/gps/environment/pythonpath.dsv
[17.617s] -- Installing: /home/mondegrin/programs/slon/ros2_ws/install/gps/lib/python3.10/site-packages/gps-0.0.0-py3.10.egg-info
[17.617s] -- Installing: /home/mondegrin/programs/slon/ros2_ws/install/gps/lib/python3.10/site-packages/gps-0.0.0-py3.10.egg-info/SOURCES.txt
[17.617s] -- Installing: /home/mondegrin/programs/slon/ros2_ws/install/gps/lib/python3.10/site-packages/gps-0.0.0-py3.10.egg-info/top_level.txt
[17.617s] -- Installing: /home/mondegrin/programs/slon/ros2_ws/install/gps/lib/python3.10/site-packages/gps-0.0.0-py3.10.egg-info/PKG-INFO
[17.618s] -- Installing: /home/mondegrin/programs/slon/ros2_ws/install/gps/lib/python3.10/site-packages/gps-0.0.0-py3.10.egg-info/dependency_links.txt
[17.618s] -- Installing: /home/mondegrin/programs/slon/ros2_ws/install/gps/lib/python3.10/site-packages/gps
[17.618s] -- Installing: /home/mondegrin/programs/slon/ros2_ws/install/gps/lib/python3.10/site-packages/gps/gps_s__rosidl_typesupport_introspection_c.cpython-310-x86_64-linux-gnu.so
[17.619s] -- Installing: /home/mondegrin/programs/slon/ros2_ws/install/gps/lib/python3.10/site-packages/gps/msg
[17.619s] -- Installing: /home/mondegrin/programs/slon/ros2_ws/install/gps/lib/python3.10/site-packages/gps/msg/_gps_s.c
[17.619s] -- Installing: /home/mondegrin/programs/slon/ros2_ws/install/gps/lib/python3.10/site-packages/gps/msg/__init__.py
[17.619s] -- Installing: /home/mondegrin/programs/slon/ros2_ws/install/gps/lib/python3.10/site-packages/gps/msg/_gps.py
[17.619s] -- Installing: /home/mondegrin/programs/slon/ros2_ws/install/gps/lib/python3.10/site-packages/gps/libgps__rosidl_generator_py.so
[17.619s] -- Installing: /home/mondegrin/programs/slon/ros2_ws/install/gps/lib/python3.10/site-packages/gps/_gps_s.ep.rosidl_typesupport_fastrtps_c.c
[17.619s] -- Installing: /home/mondegrin/programs/slon/ros2_ws/install/gps/lib/python3.10/site-packages/gps/_gps_s.ep.rosidl_typesupport_c.c
[17.619s] -- Installing: /home/mondegrin/programs/slon/ros2_ws/install/gps/lib/python3.10/site-packages/gps/__init__.py
[17.620s] -- Installing: /home/mondegrin/programs/slon/ros2_ws/install/gps/lib/python3.10/site-packages/gps/gps_s__rosidl_typesupport_c.cpython-310-x86_64-linux-gnu.so
[17.620s] -- Installing: /home/mondegrin/programs/slon/ros2_ws/install/gps/lib/python3.10/site-packages/gps/_gps_s.ep.rosidl_typesupport_introspection_c.c
[17.620s] -- Installing: /home/mondegrin/programs/slon/ros2_ws/install/gps/lib/python3.10/site-packages/gps/gps_s__rosidl_typesupport_fastrtps_c.cpython-310-x86_64-linux-gnu.so
[17.641s] Listing '/home/mondegrin/programs/slon/ros2_ws/install/gps/lib/python3.10/site-packages/gps'...
[17.641s] Compiling '/home/mondegrin/programs/slon/ros2_ws/install/gps/lib/python3.10/site-packages/gps/__init__.py'...
[17.641s] Listing '/home/mondegrin/programs/slon/ros2_ws/install/gps/lib/python3.10/site-packages/gps/msg'...
[17.641s] Compiling '/home/mondegrin/programs/slon/ros2_ws/install/gps/lib/python3.10/site-packages/gps/msg/__init__.py'...
[17.642s] Compiling '/home/mondegrin/programs/slon/ros2_ws/install/gps/lib/python3.10/site-packages/gps/msg/_gps.py'...
[17.645s] -- Installing: /home/mondegrin/programs/slon/ros2_ws/install/gps/lib/python3.10/site-packages/gps/gps_s__rosidl_typesupport_fastrtps_c.cpython-310-x86_64-linux-gnu.so
[17.645s] -- Set runtime path of "/home/mondegrin/programs/slon/ros2_ws/install/gps/lib/python3.10/site-packages/gps/gps_s__rosidl_typesupport_fastrtps_c.cpython-310-x86_64-linux-gnu.so" to ""
[17.646s] -- Installing: /home/mondegrin/programs/slon/ros2_ws/install/gps/lib/python3.10/site-packages/gps/gps_s__rosidl_typesupport_introspection_c.cpython-310-x86_64-linux-gnu.so
[17.646s] -- Set runtime path of "/home/mondegrin/programs/slon/ros2_ws/install/gps/lib/python3.10/site-packages/gps/gps_s__rosidl_typesupport_introspection_c.cpython-310-x86_64-linux-gnu.so" to ""
[17.646s] -- Installing: /home/mondegrin/programs/slon/ros2_ws/install/gps/lib/python3.10/site-packages/gps/gps_s__rosidl_typesupport_c.cpython-310-x86_64-linux-gnu.so
[17.646s] -- Set runtime path of "/home/mondegrin/programs/slon/ros2_ws/install/gps/lib/python3.10/site-packages/gps/gps_s__rosidl_typesupport_c.cpython-310-x86_64-linux-gnu.so" to ""
[17.647s] -- Installing: /home/mondegrin/programs/slon/ros2_ws/install/gps/lib/libgps__rosidl_generator_py.so
[17.647s] -- Set runtime path of "/home/mondegrin/programs/slon/ros2_ws/install/gps/lib/libgps__rosidl_generator_py.so" to ""
[17.647s] -- Installing: /home/mondegrin/programs/slon/ros2_ws/install/gps/share/gps/msg/GPS.idl
[17.647s] -- Installing: /home/mondegrin/programs/slon/ros2_ws/install/gps/share/gps/msg/GPS.msg
[17.647s] -- Installing: /home/mondegrin/programs/slon/ros2_ws/install/gps/share/ament_index/resource_index/package_run_dependencies/gps
[17.647s] -- Installing: /home/mondegrin/programs/slon/ros2_ws/install/gps/share/ament_index/resource_index/parent_prefix_path/gps
[17.647s] -- Installing: /home/mondegrin/programs/slon/ros2_ws/install/gps/share/gps/environment/ament_prefix_path.sh
[17.647s] -- Installing: /home/mondegrin/programs/slon/ros2_ws/install/gps/share/gps/environment/ament_prefix_path.dsv
[17.647s] -- Installing: /home/mondegrin/programs/slon/ros2_ws/install/gps/share/gps/environment/path.sh
[17.647s] -- Installing: /home/mondegrin/programs/slon/ros2_ws/install/gps/share/gps/environment/path.dsv
[17.647s] -- Installing: /home/mondegrin/programs/slon/ros2_ws/install/gps/share/gps/local_setup.bash
[17.647s] -- Installing: /home/mondegrin/programs/slon/ros2_ws/install/gps/share/gps/local_setup.sh
[17.647s] -- Installing: /home/mondegrin/programs/slon/ros2_ws/install/gps/share/gps/local_setup.zsh
[17.647s] -- Installing: /home/mondegrin/programs/slon/ros2_ws/install/gps/share/gps/local_setup.dsv
[17.648s] -- Installing: /home/mondegrin/programs/slon/ros2_ws/install/gps/share/gps/package.dsv
[17.648s] -- Installing: /home/mondegrin/programs/slon/ros2_ws/install/gps/share/ament_index/resource_index/packages/gps
[17.648s] -- Installing: /home/mondegrin/programs/slon/ros2_ws/install/gps/share/gps/cmake/export_gps__rosidl_generator_cExport.cmake
[17.648s] -- Installing: /home/mondegrin/programs/slon/ros2_ws/install/gps/share/gps/cmake/export_gps__rosidl_generator_cExport-noconfig.cmake
[17.648s] -- Installing: /home/mondegrin/programs/slon/ros2_ws/install/gps/share/gps/cmake/export_gps__rosidl_typesupport_fastrtps_cExport.cmake
[17.648s] -- Installing: /home/mondegrin/programs/slon/ros2_ws/install/gps/share/gps/cmake/export_gps__rosidl_typesupport_fastrtps_cExport-noconfig.cmake
[17.649s] -- Installing: /home/mondegrin/programs/slon/ros2_ws/install/gps/share/gps/cmake/export_gps__rosidl_generator_cppExport.cmake
[17.649s] -- Installing: /home/mondegrin/programs/slon/ros2_ws/install/gps/share/gps/cmake/export_gps__rosidl_typesupport_fastrtps_cppExport.cmake
[17.649s] -- Installing: /home/mondegrin/programs/slon/ros2_ws/install/gps/share/gps/cmake/export_gps__rosidl_typesupport_fastrtps_cppExport-noconfig.cmake
[17.649s] -- Installing: /home/mondegrin/programs/slon/ros2_ws/install/gps/share/gps/cmake/gps__rosidl_typesupport_introspection_cExport.cmake
[17.650s] -- Installing: /home/mondegrin/programs/slon/ros2_ws/install/gps/share/gps/cmake/gps__rosidl_typesupport_introspection_cExport-noconfig.cmake
[17.650s] -- Installing: /home/mondegrin/programs/slon/ros2_ws/install/gps/share/gps/cmake/gps__rosidl_typesupport_cExport.cmake
[17.650s] -- Installing: /home/mondegrin/programs/slon/ros2_ws/install/gps/share/gps/cmake/gps__rosidl_typesupport_cExport-noconfig.cmake
[17.650s] -- Installing: /home/mondegrin/programs/slon/ros2_ws/install/gps/share/gps/cmake/gps__rosidl_typesupport_introspection_cppExport.cmake
[17.650s] -- Installing: /home/mondegrin/programs/slon/ros2_ws/install/gps/share/gps/cmake/gps__rosidl_typesupport_introspection_cppExport-noconfig.cmake
[17.650s] -- Installing: /home/mondegrin/programs/slon/ros2_ws/install/gps/share/gps/cmake/gps__rosidl_typesupport_cppExport.cmake
[17.650s] -- Installing: /home/mondegrin/programs/slon/ros2_ws/install/gps/share/gps/cmake/gps__rosidl_typesupport_cppExport-noconfig.cmake
[17.650s] -- Installing: /home/mondegrin/programs/slon/ros2_ws/install/gps/share/gps/cmake/export_gps__rosidl_generator_pyExport.cmake
[17.650s] -- Installing: /home/mondegrin/programs/slon/ros2_ws/install/gps/share/gps/cmake/export_gps__rosidl_generator_pyExport-noconfig.cmake
[17.651s] -- Installing: /home/mondegrin/programs/slon/ros2_ws/install/gps/share/gps/cmake/rosidl_cmake-extras.cmake
[17.651s] -- Installing: /home/mondegrin/programs/slon/ros2_ws/install/gps/share/gps/cmake/ament_cmake_export_include_directories-extras.cmake
[17.651s] -- Installing: /home/mondegrin/programs/slon/ros2_ws/install/gps/share/gps/cmake/ament_cmake_export_libraries-extras.cmake
[17.651s] -- Installing: /home/mondegrin/programs/slon/ros2_ws/install/gps/share/gps/cmake/ament_cmake_export_targets-extras.cmake
[17.651s] -- Installing: /home/mondegrin/programs/slon/ros2_ws/install/gps/share/gps/cmake/rosidl_cmake_export_typesupport_targets-extras.cmake
[17.652s] -- Installing: /home/mondegrin/programs/slon/ros2_ws/install/gps/share/gps/cmake/ament_cmake_export_dependencies-extras.cmake
[17.652s] -- Installing: /home/mondegrin/programs/slon/ros2_ws/install/gps/share/gps/cmake/rosidl_cmake_export_typesupport_libraries-extras.cmake
[17.652s] -- Installing: /home/mondegrin/programs/slon/ros2_ws/install/gps/share/gps/cmake/gpsConfig.cmake
[17.652s] -- Installing: /home/mondegrin/programs/slon/ros2_ws/install/gps/share/gps/cmake/gpsConfig-version.cmake
[17.652s] -- Installing: /home/mondegrin/programs/slon/ros2_ws/install/gps/share/gps/package.xml
[17.653s] Invoked command in '/home/mondegrin/programs/slon/ros2_ws/build/gps' returned '0': CMAKE_PREFIX_PATH=${CMAKE_PREFIX_PATH}:/opt/ros/iron /usr/bin/cmake --install /home/mondegrin/programs/slon/ros2_ws/build/gps
