[0.075s] Invoking command in '/home/mondegrin/programs/slon/ros2_ws/build/slon': CMAKE_PREFIX_PATH=${CMAKE_PREFIX_PATH}:/opt/ros/iron /usr/bin/cmake /home/mondegrin/programs/slon/ros2_ws/src/slon -DCMAKE_INSTALL_PREFIX=/home/mondegrin/programs/slon/ros2_ws/install/slon
[0.512s] -- The C compiler identification is GNU 11.4.0
[2.760s] -- The CXX compiler identification is GNU 11.4.0
[4.624s] -- Detecting C compiler ABI info
[5.234s] -- Detecting C compiler ABI info - done
[5.238s] -- Check for working C compiler: /usr/bin/cc - skipped
[5.239s] -- Detecting C compile features
[5.239s] -- Detecting C compile features - done
[5.241s] -- Detecting CXX compiler ABI info
[5.859s] -- Detecting CXX compiler ABI info - done
[5.864s] -- Check for working CXX compiler: /usr/bin/c++ - skipped
[5.864s] -- Detecting CXX compile features
[5.865s] -- Detecting CXX compile features - done
[5.865s] -- Found ament_cmake: 2.0.3 (/opt/ros/iron/share/ament_cmake/cmake)
[5.972s] -- Found Python3: /usr/bin/python3.10 (found version "3.10.12") found components: Interpreter 
[6.023s] -- Found rclcpp: 21.0.3 (/opt/ros/iron/share/rclcpp/cmake)
[6.702s] -- Found rosidl_generator_c: 4.0.1 (/opt/ros/iron/share/rosidl_generator_c/cmake)
[6.709s] -- Found rosidl_generator_cpp: 4.0.1 (/opt/ros/iron/share/rosidl_generator_cpp/cmake)
[6.718s] -- Using all available rosidl_typesupport_c: rosidl_typesupport_fastrtps_c;rosidl_typesupport_introspection_c
[6.729s] -- Using all available rosidl_typesupport_cpp: rosidl_typesupport_fastrtps_cpp;rosidl_typesupport_introspection_cpp
[6.832s] -- Found rmw_implementation_cmake: 7.1.0 (/opt/ros/iron/share/rmw_implementation_cmake/cmake)
[6.834s] -- Found rmw_fastrtps_cpp: 7.1.1 (/opt/ros/iron/share/rmw_fastrtps_cpp/cmake)
[15.220s] -- Found OpenSSL: /usr/lib/x86_64-linux-gnu/libcrypto.so (found version "3.0.2")  
[27.817s] -- Found FastRTPS: /opt/ros/iron/include  
[39.269s] -- Using RMW implementation 'rmw_fastrtps_cpp' as default
[39.371s] -- Found std_msgs: 5.0.0 (/opt/ros/iron/share/std_msgs/cmake)
[39.390s] -- Found std_srvs: 5.0.0 (/opt/ros/iron/share/std_srvs/cmake)
[39.419s] -- Found rosidl_default_generators: 1.5.0 (/opt/ros/iron/share/rosidl_default_generators/cmake)
[39.425s] -- Found rosidl_adapter: 4.0.1 (/opt/ros/iron/share/rosidl_adapter/cmake)
[39.428s] -- Found gps: 0.0.0 (/home/mondegrin/programs/slon/ros2_ws/install/gps/share/gps/cmake)
[39.438s] -- Found ament_lint_auto: 0.14.2 (/opt/ros/iron/share/ament_lint_auto/cmake)
[39.482s] -- Added test 'cppcheck' to perform static code analysis on C / C++ code
[39.483s] -- Configured cppcheck include dirs: $<BUILD_INTERFACE:/home/mondegrin/programs/slon/ros2_ws/src/slon/include>
[39.483s] -- Configured cppcheck exclude dirs and/or files: 
[39.483s] -- Added test 'lint_cmake' to check CMake code style
[39.484s] -- Added test 'uncrustify' to check C / C++ code style
[39.484s] -- Configured uncrustify additional arguments: 
[39.484s] -- Added test 'xmllint' to check XML markup files
[39.485s] -- Configuring done
[39.495s] -- Generating done
[39.496s] -- Build files have been written to: /home/mondegrin/programs/slon/ros2_ws/build/slon
[39.503s] Invoked command in '/home/mondegrin/programs/slon/ros2_ws/build/slon' returned '0': CMAKE_PREFIX_PATH=${CMAKE_PREFIX_PATH}:/opt/ros/iron /usr/bin/cmake /home/mondegrin/programs/slon/ros2_ws/src/slon -DCMAKE_INSTALL_PREFIX=/home/mondegrin/programs/slon/ros2_ws/install/slon
[39.505s] Invoking command in '/home/mondegrin/programs/slon/ros2_ws/build/slon': CMAKE_PREFIX_PATH=${CMAKE_PREFIX_PATH}:/opt/ros/iron /usr/bin/cmake --build /home/mondegrin/programs/slon/ros2_ws/build/slon -- -j16 -l16
[39.531s] [ 50%] [32mBuilding CXX object CMakeFiles/main.dir/src/main.cpp.o[0m
[44.102s] [100%] [32m[1mLinking CXX executable main[0m
[44.765s] [100%] Built target main
[44.772s] Invoked command in '/home/mondegrin/programs/slon/ros2_ws/build/slon' returned '0': CMAKE_PREFIX_PATH=${CMAKE_PREFIX_PATH}:/opt/ros/iron /usr/bin/cmake --build /home/mondegrin/programs/slon/ros2_ws/build/slon -- -j16 -l16
[44.788s] Invoking command in '/home/mondegrin/programs/slon/ros2_ws/build/slon': CMAKE_PREFIX_PATH=${CMAKE_PREFIX_PATH}:/opt/ros/iron /usr/bin/cmake --install /home/mondegrin/programs/slon/ros2_ws/build/slon
[44.792s] -- Install configuration: ""
[44.793s] -- Installing: /home/mondegrin/programs/slon/ros2_ws/install/slon/lib/slon/main
[44.796s] -- Set runtime path of "/home/mondegrin/programs/slon/ros2_ws/install/slon/lib/slon/main" to ""
[44.796s] -- Installing: /home/mondegrin/programs/slon/ros2_ws/install/slon/share/ament_index/resource_index/package_run_dependencies/slon
[44.797s] -- Installing: /home/mondegrin/programs/slon/ros2_ws/install/slon/share/ament_index/resource_index/parent_prefix_path/slon
[44.797s] -- Installing: /home/mondegrin/programs/slon/ros2_ws/install/slon/share/slon/environment/ament_prefix_path.sh
[44.797s] -- Installing: /home/mondegrin/programs/slon/ros2_ws/install/slon/share/slon/environment/ament_prefix_path.dsv
[44.798s] -- Installing: /home/mondegrin/programs/slon/ros2_ws/install/slon/share/slon/environment/path.sh
[44.798s] -- Installing: /home/mondegrin/programs/slon/ros2_ws/install/slon/share/slon/environment/path.dsv
[44.798s] -- Installing: /home/mondegrin/programs/slon/ros2_ws/install/slon/share/slon/local_setup.bash
[44.798s] -- Installing: /home/mondegrin/programs/slon/ros2_ws/install/slon/share/slon/local_setup.sh
[44.798s] -- Installing: /home/mondegrin/programs/slon/ros2_ws/install/slon/share/slon/local_setup.zsh
[44.798s] -- Installing: /home/mondegrin/programs/slon/ros2_ws/install/slon/share/slon/local_setup.dsv
[44.798s] -- Installing: /home/mondegrin/programs/slon/ros2_ws/install/slon/share/slon/package.dsv
[44.798s] -- Installing: /home/mondegrin/programs/slon/ros2_ws/install/slon/share/ament_index/resource_index/packages/slon
[44.798s] -- Installing: /home/mondegrin/programs/slon/ros2_ws/install/slon/share/slon/cmake/slonConfig.cmake
[44.799s] -- Installing: /home/mondegrin/programs/slon/ros2_ws/install/slon/share/slon/cmake/slonConfig-version.cmake
[44.799s] -- Installing: /home/mondegrin/programs/slon/ros2_ws/install/slon/share/slon/package.xml
[44.801s] Invoked command in '/home/mondegrin/programs/slon/ros2_ws/build/slon' returned '0': CMAKE_PREFIX_PATH=${CMAKE_PREFIX_PATH}:/opt/ros/iron /usr/bin/cmake --install /home/mondegrin/programs/slon/ros2_ws/build/slon
