[0.394s] Invoking command in '/home/mondegrin/programs/slon/microros_ws/firmware/mcu_ws/build/tracetools': CMAKE_PREFIX_PATH=${CMAKE_PREFIX_PATH}:/home/mondegrin/programs/slon/microros_ws/firmware/dev_ws/install/ament_uncrustify:/home/mondegrin/programs/slon/microros_ws/firmware/dev_ws/install/domain_coordinator:/home/mondegrin/programs/slon/microros_ws/firmware/dev_ws/install/ament_xmllint:/home/mondegrin/programs/slon/microros_ws/firmware/dev_ws/install/ament_pyflakes:/home/mondegrin/programs/slon/microros_ws/firmware/dev_ws/install/ament_pycodestyle:/home/mondegrin/programs/slon/microros_ws/firmware/dev_ws/install/ament_pep257:/home/mondegrin/programs/slon/microros_ws/firmware/dev_ws/install/ament_pclint:/home/mondegrin/programs/slon/microros_ws/firmware/dev_ws/install/ament_package:/home/mondegrin/programs/slon/microros_ws/firmware/dev_ws/install/ament_mypy:/home/mondegrin/programs/slon/microros_ws/firmware/dev_ws/install/ament_lint_cmake:/home/mondegrin/programs/slon/microros_ws/firmware/dev_ws/install/ament_flake8:/home/mondegrin/programs/slon/microros_ws/firmware/dev_ws/install/ament_copyright:/home/mondegrin/programs/slon/microros_ws/firmware/dev_ws/install/ament_lint:/home/mondegrin/programs/slon/microros_ws/firmware/dev_ws/install/ament_index_python:/home/mondegrin/programs/slon/microros_ws/firmware/dev_ws/install/ament_cpplint:/home/mondegrin/programs/slon/microros_ws/firmware/dev_ws/install/ament_cppcheck:/home/mondegrin/programs/slon/microros_ws/firmware/dev_ws/install/ament_clang_tidy:/home/mondegrin/programs/slon/microros_ws/firmware/dev_ws/install/ament_clang_format /usr/bin/cmake --build /home/mondegrin/programs/slon/microros_ws/firmware/mcu_ws/build/tracetools -- -j16 -l16
[1.421s] gmake[4]: Entering directory '/home/mondegrin/programs/slon/microros_ws/firmware/mcu_ws/build/tracetools'
[1.421s] /usr/bin/cmake -S/home/mondegrin/programs/slon/microros_ws/firmware/mcu_ws/ros2/ros2_tracing/tracetools -B/home/mondegrin/programs/slon/microros_ws/firmware/mcu_ws/build/tracetools --check-build-system CMakeFiles/Makefile.cmake 0
[1.421s] Re-run cmake file: Makefile older than: /home/mondegrin/programs/slon/microros_ws/firmware/freertos_apps/microros_esp32_extensions/esp32_toolchain.cmake
[1.422s] -- Found ament_cmake_ros: 0.11.2 (/home/mondegrin/programs/slon/microros_ws/firmware/dev_ws/install/ament_cmake_ros/share/ament_cmake_ros/cmake)
[1.424s] -- Configuring done
[1.424s] -- Generating done
[1.460s] -- Build files have been written to: /home/mondegrin/programs/slon/microros_ws/firmware/mcu_ws/build/tracetools
[1.464s] /usr/bin/cmake -E cmake_progress_start /home/mondegrin/programs/slon/microros_ws/firmware/mcu_ws/build/tracetools/CMakeFiles /home/mondegrin/programs/slon/microros_ws/firmware/mcu_ws/build/tracetools//CMakeFiles/progress.marks
[1.486s] /usr/bin/gmake  -f CMakeFiles/Makefile2 all
[1.488s] gmake[5]: Entering directory '/home/mondegrin/programs/slon/microros_ws/firmware/mcu_ws/build/tracetools'
[1.488s] gmake[5]: Nothing to be done for 'all'.
[1.488s] gmake[5]: Leaving directory '/home/mondegrin/programs/slon/microros_ws/firmware/mcu_ws/build/tracetools'
[1.488s] /usr/bin/cmake -E cmake_progress_start /home/mondegrin/programs/slon/microros_ws/firmware/mcu_ws/build/tracetools/CMakeFiles 0
[1.490s] gmake[4]: Leaving directory '/home/mondegrin/programs/slon/microros_ws/firmware/mcu_ws/build/tracetools'
[2.285s] Invoked command in '/home/mondegrin/programs/slon/microros_ws/firmware/mcu_ws/build/tracetools' returned '0': CMAKE_PREFIX_PATH=${CMAKE_PREFIX_PATH}:/home/mondegrin/programs/slon/microros_ws/firmware/dev_ws/install/ament_uncrustify:/home/mondegrin/programs/slon/microros_ws/firmware/dev_ws/install/domain_coordinator:/home/mondegrin/programs/slon/microros_ws/firmware/dev_ws/install/ament_xmllint:/home/mondegrin/programs/slon/microros_ws/firmware/dev_ws/install/ament_pyflakes:/home/mondegrin/programs/slon/microros_ws/firmware/dev_ws/install/ament_pycodestyle:/home/mondegrin/programs/slon/microros_ws/firmware/dev_ws/install/ament_pep257:/home/mondegrin/programs/slon/microros_ws/firmware/dev_ws/install/ament_pclint:/home/mondegrin/programs/slon/microros_ws/firmware/dev_ws/install/ament_package:/home/mondegrin/programs/slon/microros_ws/firmware/dev_ws/install/ament_mypy:/home/mondegrin/programs/slon/microros_ws/firmware/dev_ws/install/ament_lint_cmake:/home/mondegrin/programs/slon/microros_ws/firmware/dev_ws/install/ament_flake8:/home/mondegrin/programs/slon/microros_ws/firmware/dev_ws/install/ament_copyright:/home/mondegrin/programs/slon/microros_ws/firmware/dev_ws/install/ament_lint:/home/mondegrin/programs/slon/microros_ws/firmware/dev_ws/install/ament_index_python:/home/mondegrin/programs/slon/microros_ws/firmware/dev_ws/install/ament_cpplint:/home/mondegrin/programs/slon/microros_ws/firmware/dev_ws/install/ament_cppcheck:/home/mondegrin/programs/slon/microros_ws/firmware/dev_ws/install/ament_clang_tidy:/home/mondegrin/programs/slon/microros_ws/firmware/dev_ws/install/ament_clang_format /usr/bin/cmake --build /home/mondegrin/programs/slon/microros_ws/firmware/mcu_ws/build/tracetools -- -j16 -l16
[2.953s] Invoking command in '/home/mondegrin/programs/slon/microros_ws/firmware/mcu_ws/build/tracetools': CMAKE_PREFIX_PATH=${CMAKE_PREFIX_PATH}:/home/mondegrin/programs/slon/microros_ws/firmware/dev_ws/install/ament_uncrustify:/home/mondegrin/programs/slon/microros_ws/firmware/dev_ws/install/domain_coordinator:/home/mondegrin/programs/slon/microros_ws/firmware/dev_ws/install/ament_xmllint:/home/mondegrin/programs/slon/microros_ws/firmware/dev_ws/install/ament_pyflakes:/home/mondegrin/programs/slon/microros_ws/firmware/dev_ws/install/ament_pycodestyle:/home/mondegrin/programs/slon/microros_ws/firmware/dev_ws/install/ament_pep257:/home/mondegrin/programs/slon/microros_ws/firmware/dev_ws/install/ament_pclint:/home/mondegrin/programs/slon/microros_ws/firmware/dev_ws/install/ament_package:/home/mondegrin/programs/slon/microros_ws/firmware/dev_ws/install/ament_mypy:/home/mondegrin/programs/slon/microros_ws/firmware/dev_ws/install/ament_lint_cmake:/home/mondegrin/programs/slon/microros_ws/firmware/dev_ws/install/ament_flake8:/home/mondegrin/programs/slon/microros_ws/firmware/dev_ws/install/ament_copyright:/home/mondegrin/programs/slon/microros_ws/firmware/dev_ws/install/ament_lint:/home/mondegrin/programs/slon/microros_ws/firmware/dev_ws/install/ament_index_python:/home/mondegrin/programs/slon/microros_ws/firmware/dev_ws/install/ament_cpplint:/home/mondegrin/programs/slon/microros_ws/firmware/dev_ws/install/ament_cppcheck:/home/mondegrin/programs/slon/microros_ws/firmware/dev_ws/install/ament_clang_tidy:/home/mondegrin/programs/slon/microros_ws/firmware/dev_ws/install/ament_clang_format /usr/bin/cmake --install /home/mondegrin/programs/slon/microros_ws/firmware/mcu_ws/build/tracetools
[3.107s] -- Install configuration: "Debug"
[3.108s] -- Up-to-date: /home/mondegrin/programs/slon/microros_ws/firmware/mcu_ws/install/include/tracetools
[3.109s] -- Up-to-date: /home/mondegrin/programs/slon/microros_ws/firmware/mcu_ws/install/include/tracetools/tracetools
[3.109s] -- Up-to-date: /home/mondegrin/programs/slon/microros_ws/firmware/mcu_ws/install/include/tracetools/tracetools/config.h
[3.110s] -- Up-to-date: /home/mondegrin/programs/slon/microros_ws/firmware/mcu_ws/install/include/tracetools/tracetools/visibility_control.hpp
[3.111s] -- Up-to-date: /home/mondegrin/programs/slon/microros_ws/firmware/mcu_ws/install/include/tracetools/tracetools/utils.hpp
[3.112s] -- Up-to-date: /home/mondegrin/programs/slon/microros_ws/firmware/mcu_ws/install/include/tracetools/tracetools/tracetools.h
[3.113s] -- Up-to-date: /home/mondegrin/programs/slon/microros_ws/firmware/mcu_ws/install/share/ament_index/resource_index/package_run_dependencies/tracetools
[3.114s] -- Up-to-date: /home/mondegrin/programs/slon/microros_ws/firmware/mcu_ws/install/share/ament_index/resource_index/parent_prefix_path/tracetools
[3.115s] -- Up-to-date: /home/mondegrin/programs/slon/microros_ws/firmware/mcu_ws/install/share/tracetools/environment/ament_prefix_path.sh
[3.115s] -- Up-to-date: /home/mondegrin/programs/slon/microros_ws/firmware/mcu_ws/install/share/tracetools/environment/ament_prefix_path.dsv
[3.116s] -- Up-to-date: /home/mondegrin/programs/slon/microros_ws/firmware/mcu_ws/install/share/tracetools/environment/path.sh
[3.117s] -- Up-to-date: /home/mondegrin/programs/slon/microros_ws/firmware/mcu_ws/install/share/tracetools/environment/path.dsv
[3.118s] -- Up-to-date: /home/mondegrin/programs/slon/microros_ws/firmware/mcu_ws/install/share/tracetools/local_setup.bash
[3.120s] -- Up-to-date: /home/mondegrin/programs/slon/microros_ws/firmware/mcu_ws/install/share/tracetools/local_setup.sh
[3.120s] -- Up-to-date: /home/mondegrin/programs/slon/microros_ws/firmware/mcu_ws/install/share/tracetools/local_setup.zsh
[3.121s] -- Up-to-date: /home/mondegrin/programs/slon/microros_ws/firmware/mcu_ws/install/share/tracetools/local_setup.dsv
[3.122s] -- Installing: /home/mondegrin/programs/slon/microros_ws/firmware/mcu_ws/install/share/tracetools/package.dsv
[3.122s] -- Up-to-date: /home/mondegrin/programs/slon/microros_ws/firmware/mcu_ws/install/share/ament_index/resource_index/packages/tracetools
[3.122s] -- Up-to-date: /home/mondegrin/programs/slon/microros_ws/firmware/mcu_ws/install/share/tracetools/cmake/tracetools_exportExport.cmake
[3.123s] -- Up-to-date: /home/mondegrin/programs/slon/microros_ws/firmware/mcu_ws/install/share/tracetools/cmake/ament_cmake_export_targets-extras.cmake
[3.132s] -- Up-to-date: /home/mondegrin/programs/slon/microros_ws/firmware/mcu_ws/install/share/tracetools/cmake/ament_cmake_export_include_directories-extras.cmake
[3.135s] -- Up-to-date: /home/mondegrin/programs/slon/microros_ws/firmware/mcu_ws/install/share/tracetools/cmake/tracetoolsConfig.cmake
[3.136s] -- Up-to-date: /home/mondegrin/programs/slon/microros_ws/firmware/mcu_ws/install/share/tracetools/cmake/tracetoolsConfig-version.cmake
[3.136s] -- Up-to-date: /home/mondegrin/programs/slon/microros_ws/firmware/mcu_ws/install/share/tracetools/package.xml
[3.299s] Invoked command in '/home/mondegrin/programs/slon/microros_ws/firmware/mcu_ws/build/tracetools' returned '0': CMAKE_PREFIX_PATH=${CMAKE_PREFIX_PATH}:/home/mondegrin/programs/slon/microros_ws/firmware/dev_ws/install/ament_uncrustify:/home/mondegrin/programs/slon/microros_ws/firmware/dev_ws/install/domain_coordinator:/home/mondegrin/programs/slon/microros_ws/firmware/dev_ws/install/ament_xmllint:/home/mondegrin/programs/slon/microros_ws/firmware/dev_ws/install/ament_pyflakes:/home/mondegrin/programs/slon/microros_ws/firmware/dev_ws/install/ament_pycodestyle:/home/mondegrin/programs/slon/microros_ws/firmware/dev_ws/install/ament_pep257:/home/mondegrin/programs/slon/microros_ws/firmware/dev_ws/install/ament_pclint:/home/mondegrin/programs/slon/microros_ws/firmware/dev_ws/install/ament_package:/home/mondegrin/programs/slon/microros_ws/firmware/dev_ws/install/ament_mypy:/home/mondegrin/programs/slon/microros_ws/firmware/dev_ws/install/ament_lint_cmake:/home/mondegrin/programs/slon/microros_ws/firmware/dev_ws/install/ament_flake8:/home/mondegrin/programs/slon/microros_ws/firmware/dev_ws/install/ament_copyright:/home/mondegrin/programs/slon/microros_ws/firmware/dev_ws/install/ament_lint:/home/mondegrin/programs/slon/microros_ws/firmware/dev_ws/install/ament_index_python:/home/mondegrin/programs/slon/microros_ws/firmware/dev_ws/install/ament_cpplint:/home/mondegrin/programs/slon/microros_ws/firmware/dev_ws/install/ament_cppcheck:/home/mondegrin/programs/slon/microros_ws/firmware/dev_ws/install/ament_clang_tidy:/home/mondegrin/programs/slon/microros_ws/firmware/dev_ws/install/ament_clang_format /usr/bin/cmake --install /home/mondegrin/programs/slon/microros_ws/firmware/mcu_ws/build/tracetools
