[0.472s] Invoking command in '/home/mondegrin/programs/slon/microros_ws/firmware/mcu_ws/build/microcdr': /usr/bin/cmake --build /home/mondegrin/programs/slon/microros_ws/firmware/mcu_ws/build/microcdr -- -j16 -l16
[1.988s] gmake[4]: Entering directory '/home/mondegrin/programs/slon/microros_ws/firmware/mcu_ws/build/microcdr'
[1.988s] /usr/bin/cmake -S/home/mondegrin/programs/slon/microros_ws/firmware/mcu_ws/eProsima/Micro-CDR -B/home/mondegrin/programs/slon/microros_ws/firmware/mcu_ws/build/microcdr --check-build-system CMakeFiles/Makefile.cmake 0
[1.989s] Re-run cmake file: Makefile older than: /home/mondegrin/programs/slon/microros_ws/firmware/freertos_apps/microros_esp32_extensions/esp32_toolchain.cmake
[1.989s] -- Configuring done
[2.011s] -- Generating done
[2.014s] -- Build files have been written to: /home/mondegrin/programs/slon/microros_ws/firmware/mcu_ws/build/microcdr
[2.019s] /usr/bin/cmake -E cmake_progress_start /home/mondegrin/programs/slon/microros_ws/firmware/mcu_ws/build/microcdr/CMakeFiles /home/mondegrin/programs/slon/microros_ws/firmware/mcu_ws/build/microcdr//CMakeFiles/progress.marks
[2.023s] /usr/bin/gmake  -f CMakeFiles/Makefile2 all
[2.026s] gmake[5]: Entering directory '/home/mondegrin/programs/slon/microros_ws/firmware/mcu_ws/build/microcdr'
[2.031s] /usr/bin/gmake  -f CMakeFiles/microcdr.dir/build.make CMakeFiles/microcdr.dir/depend
[2.054s] gmake[6]: Entering directory '/home/mondegrin/programs/slon/microros_ws/firmware/mcu_ws/build/microcdr'
[2.055s] cd /home/mondegrin/programs/slon/microros_ws/firmware/mcu_ws/build/microcdr && /usr/bin/cmake -E cmake_depends "Unix Makefiles" /home/mondegrin/programs/slon/microros_ws/firmware/mcu_ws/eProsima/Micro-CDR /home/mondegrin/programs/slon/microros_ws/firmware/mcu_ws/eProsima/Micro-CDR /home/mondegrin/programs/slon/microros_ws/firmware/mcu_ws/build/microcdr /home/mondegrin/programs/slon/microros_ws/firmware/mcu_ws/build/microcdr /home/mondegrin/programs/slon/microros_ws/firmware/mcu_ws/build/microcdr/CMakeFiles/microcdr.dir/DependInfo.cmake --color=
[2.056s] Dependencies file "CMakeFiles/microcdr.dir/src/c/common.c.obj.d" is newer than depends file "/home/mondegrin/programs/slon/microros_ws/firmware/mcu_ws/build/microcdr/CMakeFiles/microcdr.dir/compiler_depend.internal".
[2.057s] Dependencies file "CMakeFiles/microcdr.dir/src/c/types/array.c.obj.d" is newer than depends file "/home/mondegrin/programs/slon/microros_ws/firmware/mcu_ws/build/microcdr/CMakeFiles/microcdr.dir/compiler_depend.internal".
[2.058s] Dependencies file "CMakeFiles/microcdr.dir/src/c/types/basic.c.obj.d" is newer than depends file "/home/mondegrin/programs/slon/microros_ws/firmware/mcu_ws/build/microcdr/CMakeFiles/microcdr.dir/compiler_depend.internal".
[2.058s] Dependencies file "CMakeFiles/microcdr.dir/src/c/types/sequence.c.obj.d" is newer than depends file "/home/mondegrin/programs/slon/microros_ws/firmware/mcu_ws/build/microcdr/CMakeFiles/microcdr.dir/compiler_depend.internal".
[2.059s] Dependencies file "CMakeFiles/microcdr.dir/src/c/types/string.c.obj.d" is newer than depends file "/home/mondegrin/programs/slon/microros_ws/firmware/mcu_ws/build/microcdr/CMakeFiles/microcdr.dir/compiler_depend.internal".
[2.059s] [35m[1mConsolidate compiler generated dependencies of target microcdr[0m
[2.059s] gmake[6]: Leaving directory '/home/mondegrin/programs/slon/microros_ws/firmware/mcu_ws/build/microcdr'
[2.060s] /usr/bin/gmake  -f CMakeFiles/microcdr.dir/build.make CMakeFiles/microcdr.dir/build
[2.060s] gmake[6]: Entering directory '/home/mondegrin/programs/slon/microros_ws/firmware/mcu_ws/build/microcdr'
[2.060s] gmake[6]: Nothing to be done for 'CMakeFiles/microcdr.dir/build'.
[2.061s] gmake[6]: Leaving directory '/home/mondegrin/programs/slon/microros_ws/firmware/mcu_ws/build/microcdr'
[2.064s] [100%] Built target microcdr
[2.065s] gmake[5]: Leaving directory '/home/mondegrin/programs/slon/microros_ws/firmware/mcu_ws/build/microcdr'
[2.065s] /usr/bin/cmake -E cmake_progress_start /home/mondegrin/programs/slon/microros_ws/firmware/mcu_ws/build/microcdr/CMakeFiles 0
[2.066s] gmake[4]: Leaving directory '/home/mondegrin/programs/slon/microros_ws/firmware/mcu_ws/build/microcdr'
[2.215s] Invoked command in '/home/mondegrin/programs/slon/microros_ws/firmware/mcu_ws/build/microcdr' returned '0': /usr/bin/cmake --build /home/mondegrin/programs/slon/microros_ws/firmware/mcu_ws/build/microcdr -- -j16 -l16
[2.586s] Invoking command in '/home/mondegrin/programs/slon/microros_ws/firmware/mcu_ws/build/microcdr': /usr/bin/cmake --install /home/mondegrin/programs/slon/microros_ws/firmware/mcu_ws/build/microcdr
[2.723s] -- Install configuration: "Debug"
[2.723s] -- Up-to-date: /home/mondegrin/programs/slon/microros_ws/firmware/mcu_ws/install/lib/libmicrocdr.a
[2.724s] -- Up-to-date: /home/mondegrin/programs/slon/microros_ws/firmware/mcu_ws/install/include/ucdr
[2.725s] -- Up-to-date: /home/mondegrin/programs/slon/microros_ws/firmware/mcu_ws/install/include/ucdr/visibility.h
[2.727s] -- Up-to-date: /home/mondegrin/programs/slon/microros_ws/firmware/mcu_ws/install/include/ucdr/microcdr.h
[2.727s] -- Up-to-date: /home/mondegrin/programs/slon/microros_ws/firmware/mcu_ws/install/include/ucdr/config.h
[2.728s] -- Up-to-date: /home/mondegrin/programs/slon/microros_ws/firmware/mcu_ws/install/share/microcdr/cmake/microcdrTargets.cmake
[2.728s] -- Up-to-date: /home/mondegrin/programs/slon/microros_ws/firmware/mcu_ws/install/share/microcdr/cmake/microcdrTargets-debug.cmake
[2.728s] -- Up-to-date: /home/mondegrin/programs/slon/microros_ws/firmware/mcu_ws/install/share/microcdr/cmake/microcdrConfig.cmake
[2.728s] -- Up-to-date: /home/mondegrin/programs/slon/microros_ws/firmware/mcu_ws/install/share/microcdr/cmake/microcdrConfigVersion.cmake
[3.379s] Invoked command in '/home/mondegrin/programs/slon/microros_ws/firmware/mcu_ws/build/microcdr' returned '0': /usr/bin/cmake --install /home/mondegrin/programs/slon/microros_ws/firmware/mcu_ws/build/microcdr
