[0.949s] DEBUG:colcon:Command line arguments: ['/usr/bin/colcon', 'build']
[0.949s] DEBUG:colcon:Parsed command line arguments: Namespace(log_base=None, log_level=None, verb_name='build', build_base='build', install_base='install', merge_install=False, symlink_install=False, test_result_base=None, continue_on_error=False, executor='parallel', parallel_workers=16, event_handlers=None, ignore_user_meta=False, metas=['./colcon.meta'], base_paths=['.'], packages_ignore=None, packages_ignore_regex=None, paths=None, packages_up_to=None, packages_up_to_regex=None, packages_above=None, packages_above_and_dependencies=None, packages_above_depth=None, packages_select_by_dep=None, packages_skip_by_dep=None, packages_skip_up_to=None, packages_select_build_failed=False, packages_skip_build_finished=False, packages_select_test_failures=False, packages_skip_test_passed=False, packages_select=None, packages_skip=None, packages_select_regex=None, packages_skip_regex=None, packages_start=None, packages_end=None, allow_overriding=[], cmake_args=None, cmake_target=None, cmake_target_skip_unavailable=False, cmake_clean_cache=False, cmake_clean_first=False, cmake_force_configure=False, ament_cmake_args=None, catkin_cmake_args=None, catkin_skip_building_tests=False, verb_parser=<colcon_defaults.argument_parser.defaults.DefaultArgumentsDecorator object at 0x7ff26b53efe0>, verb_extension=<colcon_core.verb.build.BuildVerb object at 0x7ff26b54bd60>, main=<bound method BuildVerb.main of <colcon_core.verb.build.BuildVerb object at 0x7ff26b54bd60>>)
[0.973s] Level 1:colcon.colcon_core.package_discovery:discover_packages(colcon_meta) check parameters
[0.973s] Level 1:colcon.colcon_core.package_discovery:discover_packages(recursive) check parameters
[0.973s] Level 1:colcon.colcon_core.package_discovery:discover_packages(ignore) check parameters
[0.973s] Level 1:colcon.colcon_core.package_discovery:discover_packages(path) check parameters
[0.973s] Level 1:colcon.colcon_core.package_discovery:discover_packages(colcon_meta) discover
[0.973s] Level 1:colcon.colcon_core.package_discovery:discover_packages(recursive) discover
[0.973s] INFO:colcon.colcon_core.package_discovery:Crawling recursively for packages in '/home/mondegrin/programs/slon/ros2_ws'
[0.973s] Level 1:colcon.colcon_core.package_identification:_identify(.) by extensions ['ignore', 'ignore_ament_install']
[0.973s] Level 1:colcon.colcon_core.package_identification:_identify(.) by extension 'ignore'
[0.973s] Level 1:colcon.colcon_core.package_identification:_identify(.) by extension 'ignore_ament_install'
[0.973s] Level 1:colcon.colcon_core.package_identification:_identify(.) by extensions ['colcon_pkg']
[0.973s] Level 1:colcon.colcon_core.package_identification:_identify(.) by extension 'colcon_pkg'
[0.973s] Level 1:colcon.colcon_core.package_identification:_identify(.) by extensions ['colcon_meta']
[0.973s] Level 1:colcon.colcon_core.package_identification:_identify(.) by extension 'colcon_meta'
[0.973s] Level 1:colcon.colcon_core.package_identification:_identify(.) by extensions ['ros']
[0.973s] Level 1:colcon.colcon_core.package_identification:_identify(.) by extension 'ros'
[0.979s] Level 1:colcon.colcon_core.package_identification:_identify(.) by extensions ['cmake', 'python']
[0.980s] Level 1:colcon.colcon_core.package_identification:_identify(.) by extension 'cmake'
[0.980s] Level 1:colcon.colcon_core.package_identification:_identify(.) by extension 'python'
[0.980s] Level 1:colcon.colcon_core.package_identification:_identify(.) by extensions ['python_setup_py']
[0.980s] Level 1:colcon.colcon_core.package_identification:_identify(.) by extension 'python_setup_py'
[0.980s] Level 1:colcon.colcon_core.package_identification:_identify(build) by extensions ['ignore', 'ignore_ament_install']
[0.980s] Level 1:colcon.colcon_core.package_identification:_identify(build) by extension 'ignore'
[0.980s] Level 1:colcon.colcon_core.package_identification:_identify(build) ignored
[0.980s] Level 1:colcon.colcon_core.package_identification:_identify(install) by extensions ['ignore', 'ignore_ament_install']
[0.980s] Level 1:colcon.colcon_core.package_identification:_identify(install) by extension 'ignore'
[0.980s] Level 1:colcon.colcon_core.package_identification:_identify(install) ignored
[0.980s] Level 1:colcon.colcon_core.package_identification:_identify(log) by extensions ['ignore', 'ignore_ament_install']
[0.980s] Level 1:colcon.colcon_core.package_identification:_identify(log) by extension 'ignore'
[0.980s] Level 1:colcon.colcon_core.package_identification:_identify(log) ignored
[0.980s] Level 1:colcon.colcon_core.package_identification:_identify(src) by extensions ['ignore', 'ignore_ament_install']
[0.980s] Level 1:colcon.colcon_core.package_identification:_identify(src) by extension 'ignore'
[0.980s] Level 1:colcon.colcon_core.package_identification:_identify(src) by extension 'ignore_ament_install'
[0.980s] Level 1:colcon.colcon_core.package_identification:_identify(src) by extensions ['colcon_pkg']
[0.980s] Level 1:colcon.colcon_core.package_identification:_identify(src) by extension 'colcon_pkg'
[0.980s] Level 1:colcon.colcon_core.package_identification:_identify(src) by extensions ['colcon_meta']
[0.980s] Level 1:colcon.colcon_core.package_identification:_identify(src) by extension 'colcon_meta'
[0.980s] Level 1:colcon.colcon_core.package_identification:_identify(src) by extensions ['ros']
[0.980s] Level 1:colcon.colcon_core.package_identification:_identify(src) by extension 'ros'
[0.980s] Level 1:colcon.colcon_core.package_identification:_identify(src) by extensions ['cmake', 'python']
[0.980s] Level 1:colcon.colcon_core.package_identification:_identify(src) by extension 'cmake'
[0.980s] Level 1:colcon.colcon_core.package_identification:_identify(src) by extension 'python'
[0.980s] Level 1:colcon.colcon_core.package_identification:_identify(src) by extensions ['python_setup_py']
[0.981s] Level 1:colcon.colcon_core.package_identification:_identify(src) by extension 'python_setup_py'
[0.981s] Level 1:colcon.colcon_core.package_identification:_identify(src/gps) by extensions ['ignore', 'ignore_ament_install']
[0.981s] Level 1:colcon.colcon_core.package_identification:_identify(src/gps) by extension 'ignore'
[0.981s] Level 1:colcon.colcon_core.package_identification:_identify(src/gps) by extension 'ignore_ament_install'
[0.981s] Level 1:colcon.colcon_core.package_identification:_identify(src/gps) by extensions ['colcon_pkg']
[0.981s] Level 1:colcon.colcon_core.package_identification:_identify(src/gps) by extension 'colcon_pkg'
[0.981s] Level 1:colcon.colcon_core.package_identification:_identify(src/gps) by extensions ['colcon_meta']
[0.981s] Level 1:colcon.colcon_core.package_identification:_identify(src/gps) by extension 'colcon_meta'
[0.981s] Level 1:colcon.colcon_core.package_identification:_identify(src/gps) by extensions ['ros']
[0.981s] Level 1:colcon.colcon_core.package_identification:_identify(src/gps) by extension 'ros'
[0.982s] DEBUG:colcon.colcon_core.package_identification:Package 'src/gps' with type 'ros.ament_cmake' and name 'gps'
[0.982s] Level 1:colcon.colcon_core.package_identification:_identify(src/slon) by extensions ['ignore', 'ignore_ament_install']
[0.982s] Level 1:colcon.colcon_core.package_identification:_identify(src/slon) by extension 'ignore'
[0.982s] Level 1:colcon.colcon_core.package_identification:_identify(src/slon) by extension 'ignore_ament_install'
[0.982s] Level 1:colcon.colcon_core.package_identification:_identify(src/slon) by extensions ['colcon_pkg']
[0.982s] Level 1:colcon.colcon_core.package_identification:_identify(src/slon) by extension 'colcon_pkg'
[0.982s] Level 1:colcon.colcon_core.package_identification:_identify(src/slon) by extensions ['colcon_meta']
[0.983s] Level 1:colcon.colcon_core.package_identification:_identify(src/slon) by extension 'colcon_meta'
[0.983s] Level 1:colcon.colcon_core.package_identification:_identify(src/slon) by extensions ['ros']
[0.983s] Level 1:colcon.colcon_core.package_identification:_identify(src/slon) by extension 'ros'
[0.983s] DEBUG:colcon.colcon_core.package_identification:Package 'src/slon' with type 'ros.ament_cmake' and name 'slon'
[0.983s] Level 1:colcon.colcon_core.package_discovery:discover_packages(recursive) using defaults
[0.983s] Level 1:colcon.colcon_core.package_discovery:discover_packages(ignore) discover
[0.983s] Level 1:colcon.colcon_core.package_discovery:discover_packages(ignore) using defaults
[0.983s] Level 1:colcon.colcon_core.package_discovery:discover_packages(path) discover
[0.983s] Level 1:colcon.colcon_core.package_discovery:discover_packages(path) using defaults
[1.027s] Level 1:colcon.colcon_core.package_discovery:discover_packages(prefix_path) check parameters
[1.027s] Level 1:colcon.colcon_core.package_discovery:discover_packages(prefix_path) discover
[1.040s] DEBUG:colcon.colcon_installed_package_information.package_discovery:Found 2 installed packages in /home/mondegrin/programs/slon/ros2_ws/install
[1.047s] DEBUG:colcon.colcon_installed_package_information.package_discovery:Found 295 installed packages in /opt/ros/iron
[1.048s] Level 1:colcon.colcon_core.package_discovery:discover_packages(prefix_path) using defaults
[1.101s] Level 5:colcon.colcon_core.verb:set package 'gps' build argument 'cmake_args' from command line to 'None'
[1.101s] Level 5:colcon.colcon_core.verb:set package 'gps' build argument 'cmake_target' from command line to 'None'
[1.101s] Level 5:colcon.colcon_core.verb:set package 'gps' build argument 'cmake_target_skip_unavailable' from command line to 'False'
[1.101s] Level 5:colcon.colcon_core.verb:set package 'gps' build argument 'cmake_clean_cache' from command line to 'False'
[1.101s] Level 5:colcon.colcon_core.verb:set package 'gps' build argument 'cmake_clean_first' from command line to 'False'
[1.101s] Level 5:colcon.colcon_core.verb:set package 'gps' build argument 'cmake_force_configure' from command line to 'False'
[1.101s] Level 5:colcon.colcon_core.verb:set package 'gps' build argument 'ament_cmake_args' from command line to 'None'
[1.101s] Level 5:colcon.colcon_core.verb:set package 'gps' build argument 'catkin_cmake_args' from command line to 'None'
[1.101s] Level 5:colcon.colcon_core.verb:set package 'gps' build argument 'catkin_skip_building_tests' from command line to 'False'
[1.101s] DEBUG:colcon.colcon_core.verb:Building package 'gps' with the following arguments: {'ament_cmake_args': None, 'build_base': '/home/mondegrin/programs/slon/ros2_ws/build/gps', 'catkin_cmake_args': None, 'catkin_skip_building_tests': False, 'cmake_args': None, 'cmake_clean_cache': False, 'cmake_clean_first': False, 'cmake_force_configure': False, 'cmake_target': None, 'cmake_target_skip_unavailable': False, 'install_base': '/home/mondegrin/programs/slon/ros2_ws/install/gps', 'merge_install': False, 'path': '/home/mondegrin/programs/slon/ros2_ws/src/gps', 'symlink_install': False, 'test_result_base': None}
[1.108s] Level 5:colcon.colcon_core.verb:set package 'slon' build argument 'cmake_args' from command line to 'None'
[1.108s] Level 5:colcon.colcon_core.verb:set package 'slon' build argument 'cmake_target' from command line to 'None'
[1.108s] Level 5:colcon.colcon_core.verb:set package 'slon' build argument 'cmake_target_skip_unavailable' from command line to 'False'
[1.108s] Level 5:colcon.colcon_core.verb:set package 'slon' build argument 'cmake_clean_cache' from command line to 'False'
[1.108s] Level 5:colcon.colcon_core.verb:set package 'slon' build argument 'cmake_clean_first' from command line to 'False'
[1.108s] Level 5:colcon.colcon_core.verb:set package 'slon' build argument 'cmake_force_configure' from command line to 'False'
[1.108s] Level 5:colcon.colcon_core.verb:set package 'slon' build argument 'ament_cmake_args' from command line to 'None'
[1.108s] Level 5:colcon.colcon_core.verb:set package 'slon' build argument 'catkin_cmake_args' from command line to 'None'
[1.108s] Level 5:colcon.colcon_core.verb:set package 'slon' build argument 'catkin_skip_building_tests' from command line to 'False'
[1.108s] DEBUG:colcon.colcon_core.verb:Building package 'slon' with the following arguments: {'ament_cmake_args': None, 'build_base': '/home/mondegrin/programs/slon/ros2_ws/build/slon', 'catkin_cmake_args': None, 'catkin_skip_building_tests': False, 'cmake_args': None, 'cmake_clean_cache': False, 'cmake_clean_first': False, 'cmake_force_configure': False, 'cmake_target': None, 'cmake_target_skip_unavailable': False, 'install_base': '/home/mondegrin/programs/slon/ros2_ws/install/slon', 'merge_install': False, 'path': '/home/mondegrin/programs/slon/ros2_ws/src/slon', 'symlink_install': False, 'test_result_base': None}
[1.114s] INFO:colcon.colcon_core.executor:Executing jobs using 'parallel' executor
[1.121s] DEBUG:colcon.colcon_parallel_executor.executor.parallel:run_until_complete
[1.121s] INFO:colcon.colcon_ros.task.ament_cmake.build:Building ROS package in '/home/mondegrin/programs/slon/ros2_ws/src/gps' with build type 'ament_cmake'
[1.121s] INFO:colcon.colcon_cmake.task.cmake.build:Building CMake package in '/home/mondegrin/programs/slon/ros2_ws/src/gps'
[1.130s] INFO:colcon.colcon_core.plugin_system:Skipping extension 'colcon_core.shell.bat': Not used on non-Windows systems
[1.130s] INFO:colcon.colcon_core.shell:Skip shell extension 'powershell' for command environment: Not usable outside of PowerShell
[1.130s] DEBUG:colcon.colcon_core.shell:Skip shell extension 'dsv' for command environment
[1.151s] INFO:colcon.colcon_ros.task.ament_cmake.build:Building ROS package in '/home/mondegrin/programs/slon/ros2_ws/src/slon' with build type 'ament_cmake'
[1.151s] INFO:colcon.colcon_cmake.task.cmake.build:Building CMake package in '/home/mondegrin/programs/slon/ros2_ws/src/slon'
[1.160s] INFO:colcon.colcon_core.shell:Skip shell extension 'powershell' for command environment: Not usable outside of PowerShell
[1.160s] DEBUG:colcon.colcon_core.shell:Skip shell extension 'dsv' for command environment
[1.185s] DEBUG:colcon.colcon_core.event_handler.log_command:Invoking command in '/home/mondegrin/programs/slon/ros2_ws/build/gps': CMAKE_PREFIX_PATH=${CMAKE_PREFIX_PATH}:/opt/ros/iron /usr/bin/cmake --build /home/mondegrin/programs/slon/ros2_ws/build/gps -- -j16 -l16
[1.189s] DEBUG:colcon.colcon_core.event_handler.log_command:Invoking command in '/home/mondegrin/programs/slon/ros2_ws/build/slon': CMAKE_PREFIX_PATH=${CMAKE_PREFIX_PATH}:/opt/ros/iron /usr/bin/cmake --build /home/mondegrin/programs/slon/ros2_ws/build/slon -- -j16 -l16
[1.393s] DEBUG:colcon.colcon_core.event_handler.log_command:Invoked command in '/home/mondegrin/programs/slon/ros2_ws/build/gps' returned '0': CMAKE_PREFIX_PATH=${CMAKE_PREFIX_PATH}:/opt/ros/iron /usr/bin/cmake --build /home/mondegrin/programs/slon/ros2_ws/build/gps -- -j16 -l16
[1.444s] DEBUG:colcon.colcon_core.event_handler.log_command:Invoking command in '/home/mondegrin/programs/slon/ros2_ws/build/gps': CMAKE_PREFIX_PATH=${CMAKE_PREFIX_PATH}:/opt/ros/iron /usr/bin/cmake --install /home/mondegrin/programs/slon/ros2_ws/build/gps
[1.477s] Level 1:colcon.colcon_core.environment:create_environment_scripts_only(gps)
[1.477s] DEBUG:colcon.colcon_core.event_handler.log_command:Invoked command in '/home/mondegrin/programs/slon/ros2_ws/build/gps' returned '0': CMAKE_PREFIX_PATH=${CMAKE_PREFIX_PATH}:/opt/ros/iron /usr/bin/cmake --install /home/mondegrin/programs/slon/ros2_ws/build/gps
[1.486s] Level 1:colcon.colcon_core.environment:checking '/home/mondegrin/programs/slon/ros2_ws/install/gps' for CMake module files
[1.486s] Level 1:colcon.colcon_core.environment:checking '/home/mondegrin/programs/slon/ros2_ws/install/gps' for CMake config files
[1.486s] Level 1:colcon.colcon_core.shell:create_environment_hook('gps', 'cmake_prefix_path')
[1.493s] INFO:colcon.colcon_core.shell:Creating environment hook '/home/mondegrin/programs/slon/ros2_ws/install/gps/share/gps/hook/cmake_prefix_path.ps1'
[1.494s] INFO:colcon.colcon_core.shell:Creating environment descriptor '/home/mondegrin/programs/slon/ros2_ws/install/gps/share/gps/hook/cmake_prefix_path.dsv'
[1.494s] INFO:colcon.colcon_core.shell:Creating environment hook '/home/mondegrin/programs/slon/ros2_ws/install/gps/share/gps/hook/cmake_prefix_path.sh'
[1.495s] Level 1:colcon.colcon_core.environment:checking '/home/mondegrin/programs/slon/ros2_ws/install/gps/lib'
[1.495s] Level 1:colcon.colcon_core.shell:create_environment_hook('gps', 'ld_library_path_lib')
[1.502s] INFO:colcon.colcon_core.shell:Creating environment hook '/home/mondegrin/programs/slon/ros2_ws/install/gps/share/gps/hook/ld_library_path_lib.ps1'
[1.503s] INFO:colcon.colcon_core.shell:Creating environment descriptor '/home/mondegrin/programs/slon/ros2_ws/install/gps/share/gps/hook/ld_library_path_lib.dsv'
[1.503s] INFO:colcon.colcon_core.shell:Creating environment hook '/home/mondegrin/programs/slon/ros2_ws/install/gps/share/gps/hook/ld_library_path_lib.sh'
[1.503s] Level 1:colcon.colcon_core.environment:checking '/home/mondegrin/programs/slon/ros2_ws/install/gps/bin'
[1.503s] Level 1:colcon.colcon_core.environment:checking '/home/mondegrin/programs/slon/ros2_ws/install/gps/lib/pkgconfig/gps.pc'
[1.503s] Level 1:colcon.colcon_core.environment:checking '/home/mondegrin/programs/slon/ros2_ws/install/gps/lib/python3.10/site-packages'
[1.503s] Level 1:colcon.colcon_core.shell:create_environment_hook('gps', 'pythonpath')
[1.510s] INFO:colcon.colcon_core.shell:Creating environment hook '/home/mondegrin/programs/slon/ros2_ws/install/gps/share/gps/hook/pythonpath.ps1'
[1.511s] INFO:colcon.colcon_core.shell:Creating environment descriptor '/home/mondegrin/programs/slon/ros2_ws/install/gps/share/gps/hook/pythonpath.dsv'
[1.511s] INFO:colcon.colcon_core.shell:Creating environment hook '/home/mondegrin/programs/slon/ros2_ws/install/gps/share/gps/hook/pythonpath.sh'
[1.512s] Level 1:colcon.colcon_core.environment:checking '/home/mondegrin/programs/slon/ros2_ws/install/gps/bin'
[1.519s] INFO:colcon.colcon_core.shell:Creating package script '/home/mondegrin/programs/slon/ros2_ws/install/gps/share/gps/package.ps1'
[1.520s] INFO:colcon.colcon_core.shell:Creating package descriptor '/home/mondegrin/programs/slon/ros2_ws/install/gps/share/gps/package.dsv'
[1.520s] INFO:colcon.colcon_core.shell:Creating package script '/home/mondegrin/programs/slon/ros2_ws/install/gps/share/gps/package.sh'
[1.521s] INFO:colcon.colcon_core.shell:Creating package script '/home/mondegrin/programs/slon/ros2_ws/install/gps/share/gps/package.bash'
[1.521s] INFO:colcon.colcon_core.shell:Creating package script '/home/mondegrin/programs/slon/ros2_ws/install/gps/share/gps/package.zsh'
[1.522s] Level 1:colcon.colcon_core.environment:create_file_with_runtime_dependencies(/home/mondegrin/programs/slon/ros2_ws/install/gps/share/colcon-core/packages/gps)
[1.579s] Level 1:colcon.colcon_core.environment:create_environment_scripts_only(gps)
[1.586s] Level 1:colcon.colcon_core.environment:checking '/home/mondegrin/programs/slon/ros2_ws/install/gps' for CMake module files
[1.587s] Level 1:colcon.colcon_core.environment:checking '/home/mondegrin/programs/slon/ros2_ws/install/gps' for CMake config files
[1.587s] Level 1:colcon.colcon_core.shell:create_environment_hook('gps', 'cmake_prefix_path')
[1.594s] INFO:colcon.colcon_core.shell:Creating environment hook '/home/mondegrin/programs/slon/ros2_ws/install/gps/share/gps/hook/cmake_prefix_path.ps1'
[1.595s] INFO:colcon.colcon_core.shell:Creating environment descriptor '/home/mondegrin/programs/slon/ros2_ws/install/gps/share/gps/hook/cmake_prefix_path.dsv'
[1.595s] INFO:colcon.colcon_core.shell:Creating environment hook '/home/mondegrin/programs/slon/ros2_ws/install/gps/share/gps/hook/cmake_prefix_path.sh'
[1.595s] Level 1:colcon.colcon_core.environment:checking '/home/mondegrin/programs/slon/ros2_ws/install/gps/lib'
[1.595s] Level 1:colcon.colcon_core.shell:create_environment_hook('gps', 'ld_library_path_lib')
[1.603s] INFO:colcon.colcon_core.shell:Creating environment hook '/home/mondegrin/programs/slon/ros2_ws/install/gps/share/gps/hook/ld_library_path_lib.ps1'
[1.604s] INFO:colcon.colcon_core.shell:Creating environment descriptor '/home/mondegrin/programs/slon/ros2_ws/install/gps/share/gps/hook/ld_library_path_lib.dsv'
[1.604s] INFO:colcon.colcon_core.shell:Creating environment hook '/home/mondegrin/programs/slon/ros2_ws/install/gps/share/gps/hook/ld_library_path_lib.sh'
[1.604s] Level 1:colcon.colcon_core.environment:checking '/home/mondegrin/programs/slon/ros2_ws/install/gps/bin'
[1.604s] Level 1:colcon.colcon_core.environment:checking '/home/mondegrin/programs/slon/ros2_ws/install/gps/lib/pkgconfig/gps.pc'
[1.605s] Level 1:colcon.colcon_core.environment:checking '/home/mondegrin/programs/slon/ros2_ws/install/gps/lib/python3.10/site-packages'
[1.605s] Level 1:colcon.colcon_core.shell:create_environment_hook('gps', 'pythonpath')
[1.612s] INFO:colcon.colcon_core.shell:Creating environment hook '/home/mondegrin/programs/slon/ros2_ws/install/gps/share/gps/hook/pythonpath.ps1'
[1.613s] INFO:colcon.colcon_core.shell:Creating environment descriptor '/home/mondegrin/programs/slon/ros2_ws/install/gps/share/gps/hook/pythonpath.dsv'
[1.613s] INFO:colcon.colcon_core.shell:Creating environment hook '/home/mondegrin/programs/slon/ros2_ws/install/gps/share/gps/hook/pythonpath.sh'
[1.613s] Level 1:colcon.colcon_core.environment:checking '/home/mondegrin/programs/slon/ros2_ws/install/gps/bin'
[1.621s] INFO:colcon.colcon_core.shell:Creating package script '/home/mondegrin/programs/slon/ros2_ws/install/gps/share/gps/package.ps1'
[1.622s] INFO:colcon.colcon_core.shell:Creating package descriptor '/home/mondegrin/programs/slon/ros2_ws/install/gps/share/gps/package.dsv'
[1.623s] INFO:colcon.colcon_core.shell:Creating package script '/home/mondegrin/programs/slon/ros2_ws/install/gps/share/gps/package.sh'
[1.623s] INFO:colcon.colcon_core.shell:Creating package script '/home/mondegrin/programs/slon/ros2_ws/install/gps/share/gps/package.bash'
[1.623s] INFO:colcon.colcon_core.shell:Creating package script '/home/mondegrin/programs/slon/ros2_ws/install/gps/share/gps/package.zsh'
[1.624s] Level 1:colcon.colcon_core.environment:create_file_with_runtime_dependencies(/home/mondegrin/programs/slon/ros2_ws/install/gps/share/colcon-core/packages/gps)
[7.159s] DEBUG:colcon.colcon_core.event_handler.log_command:Invoked command in '/home/mondegrin/programs/slon/ros2_ws/build/slon' returned '0': CMAKE_PREFIX_PATH=${CMAKE_PREFIX_PATH}:/opt/ros/iron /usr/bin/cmake --build /home/mondegrin/programs/slon/ros2_ws/build/slon -- -j16 -l16
[7.177s] DEBUG:colcon.colcon_core.event_handler.log_command:Invoking command in '/home/mondegrin/programs/slon/ros2_ws/build/slon': CMAKE_PREFIX_PATH=${CMAKE_PREFIX_PATH}:/opt/ros/iron /usr/bin/cmake --install /home/mondegrin/programs/slon/ros2_ws/build/slon
[7.187s] Level 1:colcon.colcon_core.environment:create_environment_scripts_only(slon)
[7.187s] DEBUG:colcon.colcon_core.event_handler.log_command:Invoked command in '/home/mondegrin/programs/slon/ros2_ws/build/slon' returned '0': CMAKE_PREFIX_PATH=${CMAKE_PREFIX_PATH}:/opt/ros/iron /usr/bin/cmake --install /home/mondegrin/programs/slon/ros2_ws/build/slon
[7.196s] Level 1:colcon.colcon_core.environment:checking '/home/mondegrin/programs/slon/ros2_ws/install/slon' for CMake module files
[7.196s] Level 1:colcon.colcon_core.environment:checking '/home/mondegrin/programs/slon/ros2_ws/install/slon' for CMake config files
[7.197s] Level 1:colcon.colcon_core.shell:create_environment_hook('slon', 'cmake_prefix_path')
[7.203s] INFO:colcon.colcon_core.shell:Creating environment hook '/home/mondegrin/programs/slon/ros2_ws/install/slon/share/slon/hook/cmake_prefix_path.ps1'
[7.203s] INFO:colcon.colcon_core.shell:Creating environment descriptor '/home/mondegrin/programs/slon/ros2_ws/install/slon/share/slon/hook/cmake_prefix_path.dsv'
[7.204s] INFO:colcon.colcon_core.shell:Creating environment hook '/home/mondegrin/programs/slon/ros2_ws/install/slon/share/slon/hook/cmake_prefix_path.sh'
[7.204s] Level 1:colcon.colcon_core.environment:checking '/home/mondegrin/programs/slon/ros2_ws/install/slon/lib'
[7.204s] Level 1:colcon.colcon_core.environment:checking '/home/mondegrin/programs/slon/ros2_ws/install/slon/bin'
[7.205s] Level 1:colcon.colcon_core.environment:checking '/home/mondegrin/programs/slon/ros2_ws/install/slon/lib/pkgconfig/slon.pc'
[7.205s] Level 1:colcon.colcon_core.environment:checking '/home/mondegrin/programs/slon/ros2_ws/install/slon/lib/python3.10/site-packages'
[7.205s] Level 1:colcon.colcon_core.environment:checking '/home/mondegrin/programs/slon/ros2_ws/install/slon/bin'
[7.211s] INFO:colcon.colcon_core.shell:Creating package script '/home/mondegrin/programs/slon/ros2_ws/install/slon/share/slon/package.ps1'
[7.212s] INFO:colcon.colcon_core.shell:Creating package descriptor '/home/mondegrin/programs/slon/ros2_ws/install/slon/share/slon/package.dsv'
[7.212s] INFO:colcon.colcon_core.shell:Creating package script '/home/mondegrin/programs/slon/ros2_ws/install/slon/share/slon/package.sh'
[7.212s] INFO:colcon.colcon_core.shell:Creating package script '/home/mondegrin/programs/slon/ros2_ws/install/slon/share/slon/package.bash'
[7.212s] INFO:colcon.colcon_core.shell:Creating package script '/home/mondegrin/programs/slon/ros2_ws/install/slon/share/slon/package.zsh'
[7.213s] Level 1:colcon.colcon_core.environment:create_file_with_runtime_dependencies(/home/mondegrin/programs/slon/ros2_ws/install/slon/share/colcon-core/packages/slon)
[7.234s] Level 1:colcon.colcon_core.environment:create_environment_scripts_only(slon)
[7.240s] Level 1:colcon.colcon_core.environment:checking '/home/mondegrin/programs/slon/ros2_ws/install/slon' for CMake module files
[7.241s] Level 1:colcon.colcon_core.environment:checking '/home/mondegrin/programs/slon/ros2_ws/install/slon' for CMake config files
[7.241s] Level 1:colcon.colcon_core.shell:create_environment_hook('slon', 'cmake_prefix_path')
[7.247s] INFO:colcon.colcon_core.shell:Creating environment hook '/home/mondegrin/programs/slon/ros2_ws/install/slon/share/slon/hook/cmake_prefix_path.ps1'
[7.248s] INFO:colcon.colcon_core.shell:Creating environment descriptor '/home/mondegrin/programs/slon/ros2_ws/install/slon/share/slon/hook/cmake_prefix_path.dsv'
[7.248s] INFO:colcon.colcon_core.shell:Creating environment hook '/home/mondegrin/programs/slon/ros2_ws/install/slon/share/slon/hook/cmake_prefix_path.sh'
[7.248s] Level 1:colcon.colcon_core.environment:checking '/home/mondegrin/programs/slon/ros2_ws/install/slon/lib'
[7.248s] Level 1:colcon.colcon_core.environment:checking '/home/mondegrin/programs/slon/ros2_ws/install/slon/bin'
[7.248s] Level 1:colcon.colcon_core.environment:checking '/home/mondegrin/programs/slon/ros2_ws/install/slon/lib/pkgconfig/slon.pc'
[7.248s] Level 1:colcon.colcon_core.environment:checking '/home/mondegrin/programs/slon/ros2_ws/install/slon/lib/python3.10/site-packages'
[7.249s] Level 1:colcon.colcon_core.environment:checking '/home/mondegrin/programs/slon/ros2_ws/install/slon/bin'
[7.256s] INFO:colcon.colcon_core.shell:Creating package script '/home/mondegrin/programs/slon/ros2_ws/install/slon/share/slon/package.ps1'
[7.256s] INFO:colcon.colcon_core.shell:Creating package descriptor '/home/mondegrin/programs/slon/ros2_ws/install/slon/share/slon/package.dsv'
[7.256s] INFO:colcon.colcon_core.shell:Creating package script '/home/mondegrin/programs/slon/ros2_ws/install/slon/share/slon/package.sh'
[7.257s] INFO:colcon.colcon_core.shell:Creating package script '/home/mondegrin/programs/slon/ros2_ws/install/slon/share/slon/package.bash'
[7.257s] INFO:colcon.colcon_core.shell:Creating package script '/home/mondegrin/programs/slon/ros2_ws/install/slon/share/slon/package.zsh'
[7.257s] Level 1:colcon.colcon_core.environment:create_file_with_runtime_dependencies(/home/mondegrin/programs/slon/ros2_ws/install/slon/share/colcon-core/packages/slon)
[7.257s] DEBUG:colcon.colcon_parallel_executor.executor.parallel:closing loop
[7.258s] DEBUG:colcon.colcon_parallel_executor.executor.parallel:loop closed
[7.258s] DEBUG:colcon.colcon_parallel_executor.executor.parallel:run_until_complete finished with '0'
[7.258s] DEBUG:colcon.colcon_core.event_reactor:joining thread
[7.454s] INFO:colcon.colcon_core.plugin_system:Skipping extension 'colcon_notification.desktop_notification.notify_send': Could not find 'notify-send'
[7.454s] INFO:colcon.colcon_core.plugin_system:Skipping extension 'colcon_notification.desktop_notification.terminal_notifier': Not used on non-Darwin systems
[7.454s] INFO:colcon.colcon_core.plugin_system:Skipping extension 'colcon_notification.desktop_notification.win32': Not used on non-Windows systems
[7.455s] INFO:colcon.colcon_notification.desktop_notification:Sending desktop notification using 'notify2'
[7.455s] DEBUG:colcon.colcon_notification.desktop_notification.notify2:Failed to initialize notify2: org.freedesktop.DBus.Error.ServiceUnknown: The name org.freedesktop.Notifications was not provided by any .service files
[7.456s] DEBUG:colcon.colcon_core.event_reactor:joined thread
[7.463s] INFO:colcon.colcon_core.shell:Creating prefix script '/home/mondegrin/programs/slon/ros2_ws/install/local_setup.ps1'
[7.463s] INFO:colcon.colcon_core.shell:Creating prefix util module '/home/mondegrin/programs/slon/ros2_ws/install/_local_setup_util_ps1.py'
[7.464s] INFO:colcon.colcon_core.shell:Creating prefix chain script '/home/mondegrin/programs/slon/ros2_ws/install/setup.ps1'
[7.471s] INFO:colcon.colcon_core.shell:Creating prefix script '/home/mondegrin/programs/slon/ros2_ws/install/local_setup.sh'
[7.471s] INFO:colcon.colcon_core.shell:Creating prefix util module '/home/mondegrin/programs/slon/ros2_ws/install/_local_setup_util_sh.py'
[7.472s] INFO:colcon.colcon_core.shell:Creating prefix chain script '/home/mondegrin/programs/slon/ros2_ws/install/setup.sh'
[7.479s] INFO:colcon.colcon_core.shell:Creating prefix script '/home/mondegrin/programs/slon/ros2_ws/install/local_setup.bash'
[7.479s] INFO:colcon.colcon_core.shell:Creating prefix chain script '/home/mondegrin/programs/slon/ros2_ws/install/setup.bash'
[7.486s] INFO:colcon.colcon_core.shell:Creating prefix script '/home/mondegrin/programs/slon/ros2_ws/install/local_setup.zsh'
[7.487s] INFO:colcon.colcon_core.shell:Creating prefix chain script '/home/mondegrin/programs/slon/ros2_ws/install/setup.zsh'
