[0.067s] Invoking command in '/home/mondegrin/programs/slon/ros2_ws/build/gps': CMAKE_PREFIX_PATH=${CMAKE_PREFIX_PATH}:/opt/ros/iron /usr/bin/cmake --build /home/mondegrin/programs/slon/ros2_ws/build/gps -- -j16 -l16
[0.096s] [  2%] Built target gps__rosidl_generator_type_description
[0.098s] [  2%] Built target ament_cmake_python_copy_gps
[0.110s] [  5%] Built target gps__cpp
[0.112s] [ 20%] Built target gps__rosidl_generator_c
[0.129s] [ 29%] Built target gps__rosidl_typesupport_c
[0.131s] [ 41%] Built target gps__rosidl_typesupport_fastrtps_cpp
[0.131s] [ 52%] Built target gps__rosidl_typesupport_introspection_c
[0.131s] [ 55%] Built target gps__rosidl_typesupport_cpp
[0.132s] [ 64%] Built target gps__rosidl_typesupport_fastrtps_c
[0.134s] [ 73%] Built target gps__rosidl_typesupport_introspection_cpp
[0.149s] [ 73%] Built target gps
[0.165s] [ 76%] Built target gps__py
[0.180s] [ 82%] Built target gps__rosidl_generator_py
[0.197s] [ 88%] Built target gps__rosidl_typesupport_c__pyext
[0.199s] [ 94%] Built target gps__rosidl_typesupport_fastrtps_c__pyext
[0.200s] [100%] Built target gps__rosidl_typesupport_introspection_c__pyext
[0.266s] running egg_info
[0.266s] writing gps.egg-info/PKG-INFO
[0.266s] writing dependency_links to gps.egg-info/dependency_links.txt
[0.267s] writing top-level names to gps.egg-info/top_level.txt
[0.267s] reading manifest file 'gps.egg-info/SOURCES.txt'
[0.267s] writing manifest file 'gps.egg-info/SOURCES.txt'
[0.286s] [100%] Built target ament_cmake_python_build_gps_egg
