[3.550s] Invoking command in '/home/mondegrin/programs/slon/microros_ws/firmware/mcu_ws/ros2/ros2_tracing/tracetools_trace': PYTHONPATH=/home/mondegrin/programs/slon/microros_ws/firmware/mcu_ws/build/tracetools_trace/prefix_override:/home/mondegrin/programs/slon/microros_ws/firmware/mcu_ws/install/lib/python3.10/site-packages:${PYTHONPATH} /usr/bin/python3 setup.py egg_info --egg-base ../../../build/tracetools_trace build --build-base /home/mondegrin/programs/slon/microros_ws/firmware/mcu_ws/build/tracetools_trace/build install --record /home/mondegrin/programs/slon/microros_ws/firmware/mcu_ws/build/tracetools_trace/install.log --single-version-externally-managed
[4.061s] running egg_info
[4.069s] writing ../../../build/tracetools_trace/tracetools_trace.egg-info/PKG-INFO
[4.075s] writing dependency_links to ../../../build/tracetools_trace/tracetools_trace.egg-info/dependency_links.txt
[4.079s] writing entry points to ../../../build/tracetools_trace/tracetools_trace.egg-info/entry_points.txt
[4.080s] writing requirements to ../../../build/tracetools_trace/tracetools_trace.egg-info/requires.txt
[4.081s] writing top-level names to ../../../build/tracetools_trace/tracetools_trace.egg-info/top_level.txt
[4.089s] reading manifest file '../../../build/tracetools_trace/tracetools_trace.egg-info/SOURCES.txt'
[4.090s] writing manifest file '../../../build/tracetools_trace/tracetools_trace.egg-info/SOURCES.txt'
[4.090s] running build
[4.091s] running build_py
[4.091s] /usr/lib/python3/dist-packages/setuptools/command/install.py:34: SetuptoolsDeprecationWarning: setup.py install is deprecated. Use build and pip and other standards-based tools.
[4.091s]   warnings.warn(
[4.091s] running install
[4.093s] running install_lib
[4.104s] running install_data
[4.104s] running install_egg_info
[4.116s] removing '/home/mondegrin/programs/slon/microros_ws/firmware/mcu_ws/install/lib/python3.10/site-packages/tracetools_trace-6.3.1-py3.10.egg-info' (and everything under it)
[4.117s] Copying ../../../build/tracetools_trace/tracetools_trace.egg-info to /home/mondegrin/programs/slon/microros_ws/firmware/mcu_ws/install/lib/python3.10/site-packages/tracetools_trace-6.3.1-py3.10.egg-info
[4.117s] running install_scripts
[4.127s] Installing trace script to /home/mondegrin/programs/slon/microros_ws/firmware/mcu_ws/install/lib/tracetools_trace
[4.134s] writing list of installed files to '/home/mondegrin/programs/slon/microros_ws/firmware/mcu_ws/build/tracetools_trace/install.log'
[4.621s] Invoked command in '/home/mondegrin/programs/slon/microros_ws/firmware/mcu_ws/ros2/ros2_tracing/tracetools_trace' returned '0': PYTHONPATH=/home/mondegrin/programs/slon/microros_ws/firmware/mcu_ws/build/tracetools_trace/prefix_override:/home/mondegrin/programs/slon/microros_ws/firmware/mcu_ws/install/lib/python3.10/site-packages:${PYTHONPATH} /usr/bin/python3 setup.py egg_info --egg-base ../../../build/tracetools_trace build --build-base /home/mondegrin/programs/slon/microros_ws/firmware/mcu_ws/build/tracetools_trace/build install --record /home/mondegrin/programs/slon/microros_ws/firmware/mcu_ws/build/tracetools_trace/install.log --single-version-externally-managed
