[0.038s] Invoking command in '/home/mondegrin/programs/slon/ros2_ws/build/slon': CMAKE_PREFIX_PATH=${CMAKE_PREFIX_PATH}:/opt/ros/iron /usr/bin/cmake --build /home/mondegrin/programs/slon/ros2_ws/build/slon -- -j16 -l16
[0.051s] -- Found ament_cmake: 2.0.3 (/opt/ros/iron/share/ament_cmake/cmake)
[0.146s] -- Found rclcpp: 21.0.3 (/opt/ros/iron/share/rclcpp/cmake)
[0.920s] -- Found rosidl_generator_c: 4.0.1 (/opt/ros/iron/share/rosidl_generator_c/cmake)
[0.927s] -- Found rosidl_generator_cpp: 4.0.1 (/opt/ros/iron/share/rosidl_generator_cpp/cmake)
[0.935s] -- Using all available rosidl_typesupport_c: rosidl_typesupport_fastrtps_c;rosidl_typesupport_introspection_c
[0.947s] -- Using all available rosidl_typesupport_cpp: rosidl_typesupport_fastrtps_cpp;rosidl_typesupport_introspection_cpp
[1.046s] -- Found rmw_implementation_cmake: 7.1.0 (/opt/ros/iron/share/rmw_implementation_cmake/cmake)
[1.046s] -- Found rmw_fastrtps_cpp: 7.1.1 (/opt/ros/iron/share/rmw_fastrtps_cpp/cmake)
[29.923s] -- Using RMW implementation 'rmw_fastrtps_cpp' as default
[30.024s] -- Found std_msgs: 5.0.0 (/opt/ros/iron/share/std_msgs/cmake)
[30.039s] -- Found std_srvs: 5.0.0 (/opt/ros/iron/share/std_srvs/cmake)
[30.067s] -- Found ament_lint_auto: 0.14.2 (/opt/ros/iron/share/ament_lint_auto/cmake)
[30.108s] -- Added test 'cppcheck' to perform static code analysis on C / C++ code
[30.108s] -- Configured cppcheck include dirs: $<BUILD_INTERFACE:/home/mondegrin/programs/slon/ros2_ws/src/slon/include>
[30.108s] -- Configured cppcheck exclude dirs and/or files: 
[30.108s] -- Added test 'lint_cmake' to check CMake code style
[30.109s] -- Added test 'uncrustify' to check C / C++ code style
[30.109s] -- Configured uncrustify additional arguments: 
[30.109s] -- Added test 'xmllint' to check XML markup files
[30.109s] -- Configuring done
[30.115s] -- Generating done
[30.116s] -- Build files have been written to: /home/mondegrin/programs/slon/ros2_ws/build/slon
[30.132s] [35m[1mConsolidate compiler generated dependencies of target main[0m
[30.141s] [ 50%] [32mBuilding CXX object CMakeFiles/main.dir/src/main.cpp.o[0m
[30.246s] [01m[K/home/mondegrin/programs/slon/ros2_ws/src/slon/src/main.cpp:4:10:[m[K [01;31m[Kfatal error: [m[Kgps/msg/gps.hpp: No such file or directory
[30.246s]     4 | #include [01;31m[K"gps/msg/gps.hpp"[m[K
[30.246s]       |          [01;31m[K^~~~~~~~~~~~~~~~~[m[K
[30.246s] compilation terminated.
[30.247s] gmake[2]: *** [CMakeFiles/main.dir/build.make:76: CMakeFiles/main.dir/src/main.cpp.o] Error 1
[30.247s] gmake[1]: *** [CMakeFiles/Makefile2:137: CMakeFiles/main.dir/all] Error 2
[30.248s] gmake: *** [Makefile:146: all] Error 2
[30.250s] Invoked command in '/home/mondegrin/programs/slon/ros2_ws/build/slon' returned '2': CMAKE_PREFIX_PATH=${CMAKE_PREFIX_PATH}:/opt/ros/iron /usr/bin/cmake --build /home/mondegrin/programs/slon/ros2_ws/build/slon -- -j16 -l16
