[0.060s] Invoking command in '/home/mondegrin/programs/slon/ros2_ws/build/gps': CMAKE_PREFIX_PATH=${CMAKE_PREFIX_PATH}:/opt/ros/iron /usr/bin/cmake --build /home/mondegrin/programs/slon/ros2_ws/build/gps -- -j16 -l16
[0.090s] [  2%] Built target gps__rosidl_generator_type_description
[0.096s] [  2%] Built target ament_cmake_python_copy_gps
[0.103s] [ 17%] Built target gps__rosidl_generator_c
[0.106s] [ 20%] Built target gps__cpp
[0.117s] [ 38%] Built target gps__rosidl_typesupport_fastrtps_c
[0.117s] [ 38%] Built target gps__rosidl_typesupport_introspection_c
[0.119s] [ 47%] Built target gps__rosidl_typesupport_c
[0.122s] [ 55%] Built target gps__rosidl_typesupport_cpp
[0.123s] [ 64%] Built target gps__rosidl_typesupport_fastrtps_cpp
[0.125s] [ 73%] Built target gps__rosidl_typesupport_introspection_cpp
[0.139s] [ 73%] Built target gps
[0.155s] [ 76%] Built target gps__py
[0.169s] [ 82%] Built target gps__rosidl_generator_py
[0.185s] [ 88%] Built target gps__rosidl_typesupport_fastrtps_c__pyext
[0.187s] [ 94%] Built target gps__rosidl_typesupport_introspection_c__pyext
[0.187s] [100%] Built target gps__rosidl_typesupport_c__pyext
[0.239s] running egg_info
[0.240s] writing gps.egg-info/PKG-INFO
[0.240s] writing dependency_links to gps.egg-info/dependency_links.txt
[0.240s] writing top-level names to gps.egg-info/top_level.txt
[0.242s] reading manifest file 'gps.egg-info/SOURCES.txt'
[0.242s] writing manifest file 'gps.egg-info/SOURCES.txt'
[0.259s] [100%] Built target ament_cmake_python_build_gps_egg
[0.266s] Invoked command in '/home/mondegrin/programs/slon/ros2_ws/build/gps' returned '0': CMAKE_PREFIX_PATH=${CMAKE_PREFIX_PATH}:/opt/ros/iron /usr/bin/cmake --build /home/mondegrin/programs/slon/ros2_ws/build/gps -- -j16 -l16
[0.305s] Invoking command in '/home/mondegrin/programs/slon/ros2_ws/build/gps': CMAKE_PREFIX_PATH=${CMAKE_PREFIX_PATH}:/opt/ros/iron /usr/bin/cmake --install /home/mondegrin/programs/slon/ros2_ws/build/gps
[0.310s] -- Install configuration: ""
[0.310s] -- Installing: /home/mondegrin/programs/slon/ros2_ws/install/gps/share/ament_index/resource_index/rosidl_interfaces/gps
[0.311s] -- Installing: /home/mondegrin/programs/slon/ros2_ws/install/gps/share/gps/msg/GPS.json
[0.311s] -- Installing: /home/mondegrin/programs/slon/ros2_ws/install/gps/include/gps/gps
[0.311s] -- Installing: /home/mondegrin/programs/slon/ros2_ws/install/gps/include/gps/gps/msg
[0.311s] -- Installing: /home/mondegrin/programs/slon/ros2_ws/install/gps/include/gps/gps/msg/gps.h
[0.311s] -- Installing: /home/mondegrin/programs/slon/ros2_ws/install/gps/include/gps/gps/msg/rosidl_generator_c__visibility_control.h
[0.311s] -- Installing: /home/mondegrin/programs/slon/ros2_ws/install/gps/include/gps/gps/msg/detail
[0.311s] -- Installing: /home/mondegrin/programs/slon/ros2_ws/install/gps/include/gps/gps/msg/detail/gps__type_support.h
[0.312s] -- Installing: /home/mondegrin/programs/slon/ros2_ws/install/gps/include/gps/gps/msg/detail/gps__functions.h
[0.312s] -- Installing: /home/mondegrin/programs/slon/ros2_ws/install/gps/include/gps/gps/msg/detail/gps__type_support.c
[0.312s] -- Installing: /home/mondegrin/programs/slon/ros2_ws/install/gps/include/gps/gps/msg/detail/gps__struct.h
[0.312s] -- Installing: /home/mondegrin/programs/slon/ros2_ws/install/gps/include/gps/gps/msg/detail/gps__description.c
[0.312s] -- Installing: /home/mondegrin/programs/slon/ros2_ws/install/gps/include/gps/gps/msg/detail/gps__functions.c
[0.312s] -- Installing: /home/mondegrin/programs/slon/ros2_ws/install/gps/share/gps/environment/library_path.sh
[0.312s] -- Installing: /home/mondegrin/programs/slon/ros2_ws/install/gps/share/gps/environment/library_path.dsv
[0.312s] -- Installing: /home/mondegrin/programs/slon/ros2_ws/install/gps/lib/libgps__rosidl_generator_c.so
[0.312s] -- Set runtime path of "/home/mondegrin/programs/slon/ros2_ws/install/gps/lib/libgps__rosidl_generator_c.so" to ""
[0.313s] -- Up-to-date: /home/mondegrin/programs/slon/ros2_ws/install/gps/include/gps/gps
[0.313s] -- Up-to-date: /home/mondegrin/programs/slon/ros2_ws/install/gps/include/gps/gps/msg
[0.313s] -- Installing: /home/mondegrin/programs/slon/ros2_ws/install/gps/include/gps/gps/msg/rosidl_typesupport_fastrtps_c__visibility_control.h
[0.313s] -- Up-to-date: /home/mondegrin/programs/slon/ros2_ws/install/gps/include/gps/gps/msg/detail
[0.313s] -- Installing: /home/mondegrin/programs/slon/ros2_ws/install/gps/include/gps/gps/msg/detail/gps__rosidl_typesupport_fastrtps_c.h
[0.313s] -- Installing: /home/mondegrin/programs/slon/ros2_ws/install/gps/lib/libgps__rosidl_typesupport_fastrtps_c.so
[0.313s] -- Set runtime path of "/home/mondegrin/programs/slon/ros2_ws/install/gps/lib/libgps__rosidl_typesupport_fastrtps_c.so" to ""
[0.313s] -- Up-to-date: /home/mondegrin/programs/slon/ros2_ws/install/gps/include/gps/gps
[0.313s] -- Up-to-date: /home/mondegrin/programs/slon/ros2_ws/install/gps/include/gps/gps/msg
[0.313s] -- Installing: /home/mondegrin/programs/slon/ros2_ws/install/gps/include/gps/gps/msg/gps.hpp
[0.313s] -- Up-to-date: /home/mondegrin/programs/slon/ros2_ws/install/gps/include/gps/gps/msg/detail
[0.313s] -- Installing: /home/mondegrin/programs/slon/ros2_ws/install/gps/include/gps/gps/msg/detail/gps__traits.hpp
[0.313s] -- Installing: /home/mondegrin/programs/slon/ros2_ws/install/gps/include/gps/gps/msg/detail/gps__struct.hpp
[0.313s] -- Installing: /home/mondegrin/programs/slon/ros2_ws/install/gps/include/gps/gps/msg/detail/gps__builder.hpp
[0.313s] -- Up-to-date: /home/mondegrin/programs/slon/ros2_ws/install/gps/include/gps/gps
[0.313s] -- Up-to-date: /home/mondegrin/programs/slon/ros2_ws/install/gps/include/gps/gps/msg
[0.313s] -- Installing: /home/mondegrin/programs/slon/ros2_ws/install/gps/include/gps/gps/msg/rosidl_typesupport_fastrtps_cpp__visibility_control.h
[0.314s] -- Up-to-date: /home/mondegrin/programs/slon/ros2_ws/install/gps/include/gps/gps/msg/detail
[0.314s] -- Installing: /home/mondegrin/programs/slon/ros2_ws/install/gps/include/gps/gps/msg/detail/dds_fastrtps
[0.314s] -- Installing: /home/mondegrin/programs/slon/ros2_ws/install/gps/include/gps/gps/msg/detail/gps__rosidl_typesupport_fastrtps_cpp.hpp
[0.314s] -- Installing: /home/mondegrin/programs/slon/ros2_ws/install/gps/lib/libgps__rosidl_typesupport_fastrtps_cpp.so
[0.314s] -- Set runtime path of "/home/mondegrin/programs/slon/ros2_ws/install/gps/lib/libgps__rosidl_typesupport_fastrtps_cpp.so" to ""
[0.314s] -- Up-to-date: /home/mondegrin/programs/slon/ros2_ws/install/gps/include/gps/gps
[0.314s] -- Up-to-date: /home/mondegrin/programs/slon/ros2_ws/install/gps/include/gps/gps/msg
[0.314s] -- Installing: /home/mondegrin/programs/slon/ros2_ws/install/gps/include/gps/gps/msg/rosidl_typesupport_introspection_c__visibility_control.h
[0.314s] -- Up-to-date: /home/mondegrin/programs/slon/ros2_ws/install/gps/include/gps/gps/msg/detail
[0.314s] -- Installing: /home/mondegrin/programs/slon/ros2_ws/install/gps/include/gps/gps/msg/detail/gps__type_support.c
[0.314s] -- Installing: /home/mondegrin/programs/slon/ros2_ws/install/gps/include/gps/gps/msg/detail/gps__rosidl_typesupport_introspection_c.h
[0.314s] -- Installing: /home/mondegrin/programs/slon/ros2_ws/install/gps/lib/libgps__rosidl_typesupport_introspection_c.so
[0.315s] -- Set runtime path of "/home/mondegrin/programs/slon/ros2_ws/install/gps/lib/libgps__rosidl_typesupport_introspection_c.so" to ""
[0.315s] -- Installing: /home/mondegrin/programs/slon/ros2_ws/install/gps/lib/libgps__rosidl_typesupport_c.so
[0.315s] -- Set runtime path of "/home/mondegrin/programs/slon/ros2_ws/install/gps/lib/libgps__rosidl_typesupport_c.so" to ""
[0.315s] -- Up-to-date: /home/mondegrin/programs/slon/ros2_ws/install/gps/include/gps/gps
[0.315s] -- Up-to-date: /home/mondegrin/programs/slon/ros2_ws/install/gps/include/gps/gps/msg
[0.315s] -- Up-to-date: /home/mondegrin/programs/slon/ros2_ws/install/gps/include/gps/gps/msg/detail
[0.315s] -- Installing: /home/mondegrin/programs/slon/ros2_ws/install/gps/include/gps/gps/msg/detail/gps__type_support.cpp
[0.315s] -- Installing: /home/mondegrin/programs/slon/ros2_ws/install/gps/include/gps/gps/msg/detail/gps__rosidl_typesupport_introspection_cpp.hpp
[0.315s] -- Installing: /home/mondegrin/programs/slon/ros2_ws/install/gps/lib/libgps__rosidl_typesupport_introspection_cpp.so
[0.315s] -- Set runtime path of "/home/mondegrin/programs/slon/ros2_ws/install/gps/lib/libgps__rosidl_typesupport_introspection_cpp.so" to ""
[0.315s] -- Installing: /home/mondegrin/programs/slon/ros2_ws/install/gps/lib/libgps__rosidl_typesupport_cpp.so
[0.316s] -- Set runtime path of "/home/mondegrin/programs/slon/ros2_ws/install/gps/lib/libgps__rosidl_typesupport_cpp.so" to ""
[0.316s] -- Installing: /home/mondegrin/programs/slon/ros2_ws/install/gps/share/gps/environment/pythonpath.sh
[0.316s] -- Installing: /home/mondegrin/programs/slon/ros2_ws/install/gps/share/gps/environment/pythonpath.dsv
[0.316s] -- Installing: /home/mondegrin/programs/slon/ros2_ws/install/gps/lib/python3.10/site-packages/gps-0.0.0-py3.10.egg-info
[0.316s] -- Installing: /home/mondegrin/programs/slon/ros2_ws/install/gps/lib/python3.10/site-packages/gps-0.0.0-py3.10.egg-info/SOURCES.txt
[0.316s] -- Installing: /home/mondegrin/programs/slon/ros2_ws/install/gps/lib/python3.10/site-packages/gps-0.0.0-py3.10.egg-info/top_level.txt
[0.316s] -- Installing: /home/mondegrin/programs/slon/ros2_ws/install/gps/lib/python3.10/site-packages/gps-0.0.0-py3.10.egg-info/PKG-INFO
[0.316s] -- Installing: /home/mondegrin/programs/slon/ros2_ws/install/gps/lib/python3.10/site-packages/gps-0.0.0-py3.10.egg-info/dependency_links.txt
[0.316s] -- Installing: /home/mondegrin/programs/slon/ros2_ws/install/gps/lib/python3.10/site-packages/gps
[0.316s] -- Installing: /home/mondegrin/programs/slon/ros2_ws/install/gps/lib/python3.10/site-packages/gps/gps_s__rosidl_typesupport_introspection_c.cpython-310-x86_64-linux-gnu.so
[0.316s] -- Installing: /home/mondegrin/programs/slon/ros2_ws/install/gps/lib/python3.10/site-packages/gps/msg
[0.316s] -- Installing: /home/mondegrin/programs/slon/ros2_ws/install/gps/lib/python3.10/site-packages/gps/msg/_gps_s.c
[0.316s] -- Installing: /home/mondegrin/programs/slon/ros2_ws/install/gps/lib/python3.10/site-packages/gps/msg/__init__.py
[0.316s] -- Installing: /home/mondegrin/programs/slon/ros2_ws/install/gps/lib/python3.10/site-packages/gps/msg/_gps.py
[0.317s] -- Installing: /home/mondegrin/programs/slon/ros2_ws/install/gps/lib/python3.10/site-packages/gps/libgps__rosidl_generator_py.so
[0.317s] -- Installing: /home/mondegrin/programs/slon/ros2_ws/install/gps/lib/python3.10/site-packages/gps/_gps_s.ep.rosidl_typesupport_fastrtps_c.c
[0.317s] -- Installing: /home/mondegrin/programs/slon/ros2_ws/install/gps/lib/python3.10/site-packages/gps/_gps_s.ep.rosidl_typesupport_c.c
[0.317s] -- Installing: /home/mondegrin/programs/slon/ros2_ws/install/gps/lib/python3.10/site-packages/gps/__init__.py
[0.317s] -- Installing: /home/mondegrin/programs/slon/ros2_ws/install/gps/lib/python3.10/site-packages/gps/gps_s__rosidl_typesupport_c.cpython-310-x86_64-linux-gnu.so
[0.317s] -- Installing: /home/mondegrin/programs/slon/ros2_ws/install/gps/lib/python3.10/site-packages/gps/_gps_s.ep.rosidl_typesupport_introspection_c.c
[0.317s] -- Installing: /home/mondegrin/programs/slon/ros2_ws/install/gps/lib/python3.10/site-packages/gps/gps_s__rosidl_typesupport_fastrtps_c.cpython-310-x86_64-linux-gnu.so
[0.338s] Listing '/home/mondegrin/programs/slon/ros2_ws/install/gps/lib/python3.10/site-packages/gps'...
[0.338s] Compiling '/home/mondegrin/programs/slon/ros2_ws/install/gps/lib/python3.10/site-packages/gps/__init__.py'...
[0.338s] Listing '/home/mondegrin/programs/slon/ros2_ws/install/gps/lib/python3.10/site-packages/gps/msg'...
[0.338s] Compiling '/home/mondegrin/programs/slon/ros2_ws/install/gps/lib/python3.10/site-packages/gps/msg/__init__.py'...
[0.338s] Compiling '/home/mondegrin/programs/slon/ros2_ws/install/gps/lib/python3.10/site-packages/gps/msg/_gps.py'...
[0.341s] -- Installing: /home/mondegrin/programs/slon/ros2_ws/install/gps/lib/python3.10/site-packages/gps/gps_s__rosidl_typesupport_fastrtps_c.cpython-310-x86_64-linux-gnu.so
[0.341s] -- Set runtime path of "/home/mondegrin/programs/slon/ros2_ws/install/gps/lib/python3.10/site-packages/gps/gps_s__rosidl_typesupport_fastrtps_c.cpython-310-x86_64-linux-gnu.so" to ""
[0.341s] -- Installing: /home/mondegrin/programs/slon/ros2_ws/install/gps/lib/python3.10/site-packages/gps/gps_s__rosidl_typesupport_introspection_c.cpython-310-x86_64-linux-gnu.so
[0.342s] -- Set runtime path of "/home/mondegrin/programs/slon/ros2_ws/install/gps/lib/python3.10/site-packages/gps/gps_s__rosidl_typesupport_introspection_c.cpython-310-x86_64-linux-gnu.so" to ""
[0.342s] -- Installing: /home/mondegrin/programs/slon/ros2_ws/install/gps/lib/python3.10/site-packages/gps/gps_s__rosidl_typesupport_c.cpython-310-x86_64-linux-gnu.so
[0.342s] -- Set runtime path of "/home/mondegrin/programs/slon/ros2_ws/install/gps/lib/python3.10/site-packages/gps/gps_s__rosidl_typesupport_c.cpython-310-x86_64-linux-gnu.so" to ""
[0.342s] -- Installing: /home/mondegrin/programs/slon/ros2_ws/install/gps/lib/libgps__rosidl_generator_py.so
[0.342s] -- Set runtime path of "/home/mondegrin/programs/slon/ros2_ws/install/gps/lib/libgps__rosidl_generator_py.so" to ""
[0.342s] -- Installing: /home/mondegrin/programs/slon/ros2_ws/install/gps/share/gps/msg/GPS.idl
[0.342s] -- Installing: /home/mondegrin/programs/slon/ros2_ws/install/gps/share/gps/msg/GPS.msg
[0.342s] -- Installing: /home/mondegrin/programs/slon/ros2_ws/install/gps/share/ament_index/resource_index/package_run_dependencies/gps
[0.343s] -- Installing: /home/mondegrin/programs/slon/ros2_ws/install/gps/share/ament_index/resource_index/parent_prefix_path/gps
[0.343s] -- Installing: /home/mondegrin/programs/slon/ros2_ws/install/gps/share/gps/environment/ament_prefix_path.sh
[0.343s] -- Installing: /home/mondegrin/programs/slon/ros2_ws/install/gps/share/gps/environment/ament_prefix_path.dsv
[0.343s] -- Installing: /home/mondegrin/programs/slon/ros2_ws/install/gps/share/gps/environment/path.sh
[0.343s] -- Installing: /home/mondegrin/programs/slon/ros2_ws/install/gps/share/gps/environment/path.dsv
[0.343s] -- Installing: /home/mondegrin/programs/slon/ros2_ws/install/gps/share/gps/local_setup.bash
[0.343s] -- Installing: /home/mondegrin/programs/slon/ros2_ws/install/gps/share/gps/local_setup.sh
[0.343s] -- Installing: /home/mondegrin/programs/slon/ros2_ws/install/gps/share/gps/local_setup.zsh
[0.343s] -- Installing: /home/mondegrin/programs/slon/ros2_ws/install/gps/share/gps/local_setup.dsv
[0.344s] -- Installing: /home/mondegrin/programs/slon/ros2_ws/install/gps/share/gps/package.dsv
[0.344s] -- Installing: /home/mondegrin/programs/slon/ros2_ws/install/gps/share/ament_index/resource_index/packages/gps
[0.344s] -- Installing: /home/mondegrin/programs/slon/ros2_ws/install/gps/share/gps/cmake/export_gps__rosidl_generator_cExport.cmake
[0.344s] -- Installing: /home/mondegrin/programs/slon/ros2_ws/install/gps/share/gps/cmake/export_gps__rosidl_generator_cExport-noconfig.cmake
[0.344s] -- Installing: /home/mondegrin/programs/slon/ros2_ws/install/gps/share/gps/cmake/export_gps__rosidl_typesupport_fastrtps_cExport.cmake
[0.344s] -- Installing: /home/mondegrin/programs/slon/ros2_ws/install/gps/share/gps/cmake/export_gps__rosidl_typesupport_fastrtps_cExport-noconfig.cmake
[0.344s] -- Installing: /home/mondegrin/programs/slon/ros2_ws/install/gps/share/gps/cmake/export_gps__rosidl_generator_cppExport.cmake
[0.344s] -- Installing: /home/mondegrin/programs/slon/ros2_ws/install/gps/share/gps/cmake/export_gps__rosidl_typesupport_fastrtps_cppExport.cmake
[0.345s] -- Installing: /home/mondegrin/programs/slon/ros2_ws/install/gps/share/gps/cmake/export_gps__rosidl_typesupport_fastrtps_cppExport-noconfig.cmake
[0.345s] -- Installing: /home/mondegrin/programs/slon/ros2_ws/install/gps/share/gps/cmake/gps__rosidl_typesupport_introspection_cExport.cmake
[0.345s] -- Installing: /home/mondegrin/programs/slon/ros2_ws/install/gps/share/gps/cmake/gps__rosidl_typesupport_introspection_cExport-noconfig.cmake
[0.345s] -- Installing: /home/mondegrin/programs/slon/ros2_ws/install/gps/share/gps/cmake/gps__rosidl_typesupport_cExport.cmake
[0.345s] -- Installing: /home/mondegrin/programs/slon/ros2_ws/install/gps/share/gps/cmake/gps__rosidl_typesupport_cExport-noconfig.cmake
[0.345s] -- Installing: /home/mondegrin/programs/slon/ros2_ws/install/gps/share/gps/cmake/gps__rosidl_typesupport_introspection_cppExport.cmake
[0.345s] -- Installing: /home/mondegrin/programs/slon/ros2_ws/install/gps/share/gps/cmake/gps__rosidl_typesupport_introspection_cppExport-noconfig.cmake
[0.345s] -- Installing: /home/mondegrin/programs/slon/ros2_ws/install/gps/share/gps/cmake/gps__rosidl_typesupport_cppExport.cmake
[0.345s] -- Installing: /home/mondegrin/programs/slon/ros2_ws/install/gps/share/gps/cmake/gps__rosidl_typesupport_cppExport-noconfig.cmake
[0.345s] -- Installing: /home/mondegrin/programs/slon/ros2_ws/install/gps/share/gps/cmake/export_gps__rosidl_generator_pyExport.cmake
[0.345s] -- Installing: /home/mondegrin/programs/slon/ros2_ws/install/gps/share/gps/cmake/export_gps__rosidl_generator_pyExport-noconfig.cmake
[0.345s] -- Installing: /home/mondegrin/programs/slon/ros2_ws/install/gps/share/gps/cmake/rosidl_cmake-extras.cmake
[0.346s] -- Installing: /home/mondegrin/programs/slon/ros2_ws/install/gps/share/gps/cmake/ament_cmake_export_include_directories-extras.cmake
[0.346s] -- Installing: /home/mondegrin/programs/slon/ros2_ws/install/gps/share/gps/cmake/ament_cmake_export_libraries-extras.cmake
[0.346s] -- Installing: /home/mondegrin/programs/slon/ros2_ws/install/gps/share/gps/cmake/ament_cmake_export_targets-extras.cmake
[0.346s] -- Installing: /home/mondegrin/programs/slon/ros2_ws/install/gps/share/gps/cmake/rosidl_cmake_export_typesupport_targets-extras.cmake
[0.346s] -- Installing: /home/mondegrin/programs/slon/ros2_ws/install/gps/share/gps/cmake/ament_cmake_export_dependencies-extras.cmake
[0.346s] -- Installing: /home/mondegrin/programs/slon/ros2_ws/install/gps/share/gps/cmake/rosidl_cmake_export_typesupport_libraries-extras.cmake
[0.346s] -- Installing: /home/mondegrin/programs/slon/ros2_ws/install/gps/share/gps/cmake/gpsConfig.cmake
[0.346s] -- Installing: /home/mondegrin/programs/slon/ros2_ws/install/gps/share/gps/cmake/gpsConfig-version.cmake
[0.346s] -- Installing: /home/mondegrin/programs/slon/ros2_ws/install/gps/share/gps/package.xml
[0.347s] Invoked command in '/home/mondegrin/programs/slon/ros2_ws/build/gps' returned '0': CMAKE_PREFIX_PATH=${CMAKE_PREFIX_PATH}:/opt/ros/iron /usr/bin/cmake --install /home/mondegrin/programs/slon/ros2_ws/build/gps
