[3.216s] Invoking command in '/home/mondegrin/programs/slon/microros_ws/firmware/mcu_ws/ros2/ros2_tracing/tracetools_launch': AMENT_PREFIX_PATH=/home/mondegrin/programs/slon/microros_ws/firmware/mcu_ws/install:${AMENT_PREFIX_PATH} CMAKE_PREFIX_PATH=/home/mondegrin/programs/slon/microros_ws/firmware/mcu_ws/install:${CMAKE_PREFIX_PATH} PATH=/home/mondegrin/programs/slon/microros_ws/firmware/mcu_ws/install/bin:${PATH} PYTHONPATH=/home/mondegrin/programs/slon/microros_ws/firmware/mcu_ws/build/tracetools_launch/prefix_override:/home/mondegrin/programs/slon/microros_ws/firmware/mcu_ws/install/lib/python3.10/site-packages:/home/mondegrin/programs/slon/microros_ws/firmware/mcu_ws/install/lib/python3.10/site-packages:${PYTHONPATH} /usr/bin/python3 setup.py egg_info --egg-base ../../../build/tracetools_launch build --build-base /home/mondegrin/programs/slon/microros_ws/firmware/mcu_ws/build/tracetools_launch/build install --record /home/mondegrin/programs/slon/microros_ws/firmware/mcu_ws/build/tracetools_launch/install.log --single-version-externally-managed
[4.219s] running egg_info
[4.224s] writing ../../../build/tracetools_launch/tracetools_launch.egg-info/PKG-INFO
[4.227s] writing dependency_links to ../../../build/tracetools_launch/tracetools_launch.egg-info/dependency_links.txt
[4.228s] writing entry points to ../../../build/tracetools_launch/tracetools_launch.egg-info/entry_points.txt
[4.229s] writing requirements to ../../../build/tracetools_launch/tracetools_launch.egg-info/requires.txt
[4.229s] writing top-level names to ../../../build/tracetools_launch/tracetools_launch.egg-info/top_level.txt
[4.231s] reading manifest file '../../../build/tracetools_launch/tracetools_launch.egg-info/SOURCES.txt'
[4.232s] /usr/lib/python3/dist-packages/setuptools/command/install.py:34: SetuptoolsDeprecationWarning: setup.py install is deprecated. Use build and pip and other standards-based tools.
[4.234s]   warnings.warn(
[4.238s] writing manifest file '../../../build/tracetools_launch/tracetools_launch.egg-info/SOURCES.txt'
[4.239s] running build
[4.240s] running build_py
[4.241s] running install
[4.241s] running install_lib
[4.242s] running install_data
[4.243s] running install_egg_info
[4.245s] removing '/home/mondegrin/programs/slon/microros_ws/firmware/mcu_ws/install/lib/python3.10/site-packages/tracetools_launch-6.3.1-py3.10.egg-info' (and everything under it)
[4.252s] Copying ../../../build/tracetools_launch/tracetools_launch.egg-info to /home/mondegrin/programs/slon/microros_ws/firmware/mcu_ws/install/lib/python3.10/site-packages/tracetools_launch-6.3.1-py3.10.egg-info
[4.252s] running install_scripts
[4.311s] writing list of installed files to '/home/mondegrin/programs/slon/microros_ws/firmware/mcu_ws/build/tracetools_launch/install.log'
[4.474s] Invoked command in '/home/mondegrin/programs/slon/microros_ws/firmware/mcu_ws/ros2/ros2_tracing/tracetools_launch' returned '0': AMENT_PREFIX_PATH=/home/mondegrin/programs/slon/microros_ws/firmware/mcu_ws/install:${AMENT_PREFIX_PATH} CMAKE_PREFIX_PATH=/home/mondegrin/programs/slon/microros_ws/firmware/mcu_ws/install:${CMAKE_PREFIX_PATH} PATH=/home/mondegrin/programs/slon/microros_ws/firmware/mcu_ws/install/bin:${PATH} PYTHONPATH=/home/mondegrin/programs/slon/microros_ws/firmware/mcu_ws/build/tracetools_launch/prefix_override:/home/mondegrin/programs/slon/microros_ws/firmware/mcu_ws/install/lib/python3.10/site-packages:/home/mondegrin/programs/slon/microros_ws/firmware/mcu_ws/install/lib/python3.10/site-packages:${PYTHONPATH} /usr/bin/python3 setup.py egg_info --egg-base ../../../build/tracetools_launch build --build-base /home/mondegrin/programs/slon/microros_ws/firmware/mcu_ws/build/tracetools_launch/build install --record /home/mondegrin/programs/slon/microros_ws/firmware/mcu_ws/build/tracetools_launch/install.log --single-version-externally-managed
