[0.441s] Invoking command in '/home/mondegrin/programs/slon/microros_ws/firmware/mcu_ws/build/tracetools': CMAKE_PREFIX_PATH=${CMAKE_PREFIX_PATH}:/home/mondegrin/programs/slon/microros_ws/firmware/dev_ws/install/ament_uncrustify:/home/mondegrin/programs/slon/microros_ws/firmware/dev_ws/install/domain_coordinator:/home/mondegrin/programs/slon/microros_ws/firmware/dev_ws/install/ament_xmllint:/home/mondegrin/programs/slon/microros_ws/firmware/dev_ws/install/ament_pyflakes:/home/mondegrin/programs/slon/microros_ws/firmware/dev_ws/install/ament_pycodestyle:/home/mondegrin/programs/slon/microros_ws/firmware/dev_ws/install/ament_pep257:/home/mondegrin/programs/slon/microros_ws/firmware/dev_ws/install/ament_pclint:/home/mondegrin/programs/slon/microros_ws/firmware/dev_ws/install/ament_package:/home/mondegrin/programs/slon/microros_ws/firmware/dev_ws/install/ament_mypy:/home/mondegrin/programs/slon/microros_ws/firmware/dev_ws/install/ament_lint_cmake:/home/mondegrin/programs/slon/microros_ws/firmware/dev_ws/install/ament_flake8:/home/mondegrin/programs/slon/microros_ws/firmware/dev_ws/install/ament_copyright:/home/mondegrin/programs/slon/microros_ws/firmware/dev_ws/install/ament_lint:/home/mondegrin/programs/slon/microros_ws/firmware/dev_ws/install/ament_index_python:/home/mondegrin/programs/slon/microros_ws/firmware/dev_ws/install/ament_cpplint:/home/mondegrin/programs/slon/microros_ws/firmware/dev_ws/install/ament_cppcheck:/home/mondegrin/programs/slon/microros_ws/firmware/dev_ws/install/ament_clang_tidy:/home/mondegrin/programs/slon/microros_ws/firmware/dev_ws/install/ament_clang_format /usr/bin/cmake --build /home/mondegrin/programs/slon/microros_ws/firmware/mcu_ws/build/tracetools -- -j16 -l16
[2.072s] gmake[4]: Entering directory '/home/mondegrin/programs/slon/microros_ws/firmware/mcu_ws/build/tracetools'
[2.072s] /usr/bin/cmake -S/home/mondegrin/programs/slon/microros_ws/firmware/mcu_ws/ros2/ros2_tracing/tracetools -B/home/mondegrin/programs/slon/microros_ws/firmware/mcu_ws/build/tracetools --check-build-system CMakeFiles/Makefile.cmake 0
[2.073s] Re-run cmake file: Makefile older than: /home/mondegrin/programs/slon/microros_ws/firmware/freertos_apps/microros_esp32_extensions/esp32_toolchain.cmake
[2.073s] -- Found ament_cmake_ros: 0.11.2 (/home/mondegrin/programs/slon/microros_ws/firmware/dev_ws/install/ament_cmake_ros/share/ament_cmake_ros/cmake)
[2.074s] -- Configuring done
[2.074s] -- Generating done
[2.074s] -- Build files have been written to: /home/mondegrin/programs/slon/microros_ws/firmware/mcu_ws/build/tracetools
[2.075s] /usr/bin/cmake -E cmake_progress_start /home/mondegrin/programs/slon/microros_ws/firmware/mcu_ws/build/tracetools/CMakeFiles /home/mondegrin/programs/slon/microros_ws/firmware/mcu_ws/build/tracetools//CMakeFiles/progress.marks
[2.075s] /usr/bin/gmake  -f CMakeFiles/Makefile2 all
[2.076s] gmake[5]: Entering directory '/home/mondegrin/programs/slon/microros_ws/firmware/mcu_ws/build/tracetools'
[2.076s] gmake[5]: Nothing to be done for 'all'.
[2.077s] gmake[5]: Leaving directory '/home/mondegrin/programs/slon/microros_ws/firmware/mcu_ws/build/tracetools'
[2.114s] /usr/bin/cmake -E cmake_progress_start /home/mondegrin/programs/slon/microros_ws/firmware/mcu_ws/build/tracetools/CMakeFiles 0
[2.114s] gmake[4]: Leaving directory '/home/mondegrin/programs/slon/microros_ws/firmware/mcu_ws/build/tracetools'
[2.205s] Invoked command in '/home/mondegrin/programs/slon/microros_ws/firmware/mcu_ws/build/tracetools' returned '0': CMAKE_PREFIX_PATH=${CMAKE_PREFIX_PATH}:/home/mondegrin/programs/slon/microros_ws/firmware/dev_ws/install/ament_uncrustify:/home/mondegrin/programs/slon/microros_ws/firmware/dev_ws/install/domain_coordinator:/home/mondegrin/programs/slon/microros_ws/firmware/dev_ws/install/ament_xmllint:/home/mondegrin/programs/slon/microros_ws/firmware/dev_ws/install/ament_pyflakes:/home/mondegrin/programs/slon/microros_ws/firmware/dev_ws/install/ament_pycodestyle:/home/mondegrin/programs/slon/microros_ws/firmware/dev_ws/install/ament_pep257:/home/mondegrin/programs/slon/microros_ws/firmware/dev_ws/install/ament_pclint:/home/mondegrin/programs/slon/microros_ws/firmware/dev_ws/install/ament_package:/home/mondegrin/programs/slon/microros_ws/firmware/dev_ws/install/ament_mypy:/home/mondegrin/programs/slon/microros_ws/firmware/dev_ws/install/ament_lint_cmake:/home/mondegrin/programs/slon/microros_ws/firmware/dev_ws/install/ament_flake8:/home/mondegrin/programs/slon/microros_ws/firmware/dev_ws/install/ament_copyright:/home/mondegrin/programs/slon/microros_ws/firmware/dev_ws/install/ament_lint:/home/mondegrin/programs/slon/microros_ws/firmware/dev_ws/install/ament_index_python:/home/mondegrin/programs/slon/microros_ws/firmware/dev_ws/install/ament_cpplint:/home/mondegrin/programs/slon/microros_ws/firmware/dev_ws/install/ament_cppcheck:/home/mondegrin/programs/slon/microros_ws/firmware/dev_ws/install/ament_clang_tidy:/home/mondegrin/programs/slon/microros_ws/firmware/dev_ws/install/ament_clang_format /usr/bin/cmake --build /home/mondegrin/programs/slon/microros_ws/firmware/mcu_ws/build/tracetools -- -j16 -l16
[2.495s] Invoking command in '/home/mondegrin/programs/slon/microros_ws/firmware/mcu_ws/build/tracetools': CMAKE_PREFIX_PATH=${CMAKE_PREFIX_PATH}:/home/mondegrin/programs/slon/microros_ws/firmware/dev_ws/install/ament_uncrustify:/home/mondegrin/programs/slon/microros_ws/firmware/dev_ws/install/domain_coordinator:/home/mondegrin/programs/slon/microros_ws/firmware/dev_ws/install/ament_xmllint:/home/mondegrin/programs/slon/microros_ws/firmware/dev_ws/install/ament_pyflakes:/home/mondegrin/programs/slon/microros_ws/firmware/dev_ws/install/ament_pycodestyle:/home/mondegrin/programs/slon/microros_ws/firmware/dev_ws/install/ament_pep257:/home/mondegrin/programs/slon/microros_ws/firmware/dev_ws/install/ament_pclint:/home/mondegrin/programs/slon/microros_ws/firmware/dev_ws/install/ament_package:/home/mondegrin/programs/slon/microros_ws/firmware/dev_ws/install/ament_mypy:/home/mondegrin/programs/slon/microros_ws/firmware/dev_ws/install/ament_lint_cmake:/home/mondegrin/programs/slon/microros_ws/firmware/dev_ws/install/ament_flake8:/home/mondegrin/programs/slon/microros_ws/firmware/dev_ws/install/ament_copyright:/home/mondegrin/programs/slon/microros_ws/firmware/dev_ws/install/ament_lint:/home/mondegrin/programs/slon/microros_ws/firmware/dev_ws/install/ament_index_python:/home/mondegrin/programs/slon/microros_ws/firmware/dev_ws/install/ament_cpplint:/home/mondegrin/programs/slon/microros_ws/firmware/dev_ws/install/ament_cppcheck:/home/mondegrin/programs/slon/microros_ws/firmware/dev_ws/install/ament_clang_tidy:/home/mondegrin/programs/slon/microros_ws/firmware/dev_ws/install/ament_clang_format /usr/bin/cmake --install /home/mondegrin/programs/slon/microros_ws/firmware/mcu_ws/build/tracetools
[2.538s] -- Install configuration: "Debug"
[2.539s] -- Up-to-date: /home/mondegrin/programs/slon/microros_ws/firmware/mcu_ws/install/include/tracetools
[2.539s] -- Up-to-date: /home/mondegrin/programs/slon/microros_ws/firmware/mcu_ws/install/include/tracetools/tracetools
[2.544s] -- Up-to-date: /home/mondegrin/programs/slon/microros_ws/firmware/mcu_ws/install/include/tracetools/tracetools/config.h
[2.547s] -- Up-to-date: /home/mondegrin/programs/slon/microros_ws/firmware/mcu_ws/install/include/tracetools/tracetools/visibility_control.hpp
[2.551s] -- Up-to-date: /home/mondegrin/programs/slon/microros_ws/firmware/mcu_ws/install/include/tracetools/tracetools/utils.hpp
[2.553s] -- Up-to-date: /home/mondegrin/programs/slon/microros_ws/firmware/mcu_ws/install/include/tracetools/tracetools/tracetools.h
[2.554s] -- Up-to-date: /home/mondegrin/programs/slon/microros_ws/firmware/mcu_ws/install/share/ament_index/resource_index/package_run_dependencies/tracetools
[2.556s] -- Up-to-date: /home/mondegrin/programs/slon/microros_ws/firmware/mcu_ws/install/share/ament_index/resource_index/parent_prefix_path/tracetools
[2.557s] -- Up-to-date: /home/mondegrin/programs/slon/microros_ws/firmware/mcu_ws/install/share/tracetools/environment/ament_prefix_path.sh
[2.558s] -- Up-to-date: /home/mondegrin/programs/slon/microros_ws/firmware/mcu_ws/install/share/tracetools/environment/ament_prefix_path.dsv
[2.562s] -- Up-to-date: /home/mondegrin/programs/slon/microros_ws/firmware/mcu_ws/install/share/tracetools/environment/path.sh
[2.564s] -- Up-to-date: /home/mondegrin/programs/slon/microros_ws/firmware/mcu_ws/install/share/tracetools/environment/path.dsv
[2.565s] -- Up-to-date: /home/mondegrin/programs/slon/microros_ws/firmware/mcu_ws/install/share/tracetools/local_setup.bash
[2.570s] -- Up-to-date: /home/mondegrin/programs/slon/microros_ws/firmware/mcu_ws/install/share/tracetools/local_setup.sh
[2.572s] -- Up-to-date: /home/mondegrin/programs/slon/microros_ws/firmware/mcu_ws/install/share/tracetools/local_setup.zsh
[2.578s] -- Up-to-date: /home/mondegrin/programs/slon/microros_ws/firmware/mcu_ws/install/share/tracetools/local_setup.dsv
[2.579s] -- Installing: /home/mondegrin/programs/slon/microros_ws/firmware/mcu_ws/install/share/tracetools/package.dsv
[2.667s] -- Up-to-date: /home/mondegrin/programs/slon/microros_ws/firmware/mcu_ws/install/share/ament_index/resource_index/packages/tracetools
[2.667s] -- Up-to-date: /home/mondegrin/programs/slon/microros_ws/firmware/mcu_ws/install/share/tracetools/cmake/tracetools_exportExport.cmake
[2.668s] -- Up-to-date: /home/mondegrin/programs/slon/microros_ws/firmware/mcu_ws/install/share/tracetools/cmake/ament_cmake_export_targets-extras.cmake
[2.670s] -- Up-to-date: /home/mondegrin/programs/slon/microros_ws/firmware/mcu_ws/install/share/tracetools/cmake/ament_cmake_export_include_directories-extras.cmake
[2.670s] -- Up-to-date: /home/mondegrin/programs/slon/microros_ws/firmware/mcu_ws/install/share/tracetools/cmake/tracetoolsConfig.cmake
[2.671s] -- Up-to-date: /home/mondegrin/programs/slon/microros_ws/firmware/mcu_ws/install/share/tracetools/cmake/tracetoolsConfig-version.cmake
[2.672s] -- Up-to-date: /home/mondegrin/programs/slon/microros_ws/firmware/mcu_ws/install/share/tracetools/package.xml
[2.911s] Invoked command in '/home/mondegrin/programs/slon/microros_ws/firmware/mcu_ws/build/tracetools' returned '0': CMAKE_PREFIX_PATH=${CMAKE_PREFIX_PATH}:/home/mondegrin/programs/slon/microros_ws/firmware/dev_ws/install/ament_uncrustify:/home/mondegrin/programs/slon/microros_ws/firmware/dev_ws/install/domain_coordinator:/home/mondegrin/programs/slon/microros_ws/firmware/dev_ws/install/ament_xmllint:/home/mondegrin/programs/slon/microros_ws/firmware/dev_ws/install/ament_pyflakes:/home/mondegrin/programs/slon/microros_ws/firmware/dev_ws/install/ament_pycodestyle:/home/mondegrin/programs/slon/microros_ws/firmware/dev_ws/install/ament_pep257:/home/mondegrin/programs/slon/microros_ws/firmware/dev_ws/install/ament_pclint:/home/mondegrin/programs/slon/microros_ws/firmware/dev_ws/install/ament_package:/home/mondegrin/programs/slon/microros_ws/firmware/dev_ws/install/ament_mypy:/home/mondegrin/programs/slon/microros_ws/firmware/dev_ws/install/ament_lint_cmake:/home/mondegrin/programs/slon/microros_ws/firmware/dev_ws/install/ament_flake8:/home/mondegrin/programs/slon/microros_ws/firmware/dev_ws/install/ament_copyright:/home/mondegrin/programs/slon/microros_ws/firmware/dev_ws/install/ament_lint:/home/mondegrin/programs/slon/microros_ws/firmware/dev_ws/install/ament_index_python:/home/mondegrin/programs/slon/microros_ws/firmware/dev_ws/install/ament_cpplint:/home/mondegrin/programs/slon/microros_ws/firmware/dev_ws/install/ament_cppcheck:/home/mondegrin/programs/slon/microros_ws/firmware/dev_ws/install/ament_clang_tidy:/home/mondegrin/programs/slon/microros_ws/firmware/dev_ws/install/ament_clang_format /usr/bin/cmake --install /home/mondegrin/programs/slon/microros_ws/firmware/mcu_ws/build/tracetools
