gmake[4]: Entering directory '/home/mondegrin/programs/slon/microros_ws/firmware/mcu_ws/build/rosidl_dynamic_typesupport'
/usr/bin/cmake -S/home/mondegrin/programs/slon/microros_ws/firmware/mcu_ws/ros2/rosidl_dynamic_typesupport -B/home/mondegrin/programs/slon/microros_ws/firmware/mcu_ws/build/rosidl_dynamic_typesupport --check-build-system CMakeFiles/Makefile.cmake 0
Re-run cmake file: Makefile older than: /home/mondegrin/programs/slon/microros_ws/firmware/freertos_apps/microros_esp32_extensions/esp32_toolchain.cmake
-- Found ament_cmake_ros: 0.11.2 (/home/mondegrin/programs/slon/microros_ws/firmware/dev_ws/install/ament_cmake_ros/share/ament_cmake_ros/cmake)
-- Found rcutils: 6.2.2 (/home/mondegrin/programs/slon/microros_ws/firmware/mcu_ws/install/share/rcutils/cmake)
[33mCMake Warning at /home/mondegrin/programs/slon/microros_ws/firmware/mcu_ws/install/share/rcutils/cmake/ament_cmake_export_libraries-extras.cmake:116 (message):
  Package 'rcutils' exports library 'dl' which couldn't be found
Call Stack (most recent call first):
  /home/mondegrin/programs/slon/microros_ws/firmware/mcu_ws/install/share/rcutils/cmake/rcutilsConfig.cmake:41 (include)
  CMakeLists.txt:26 (find_package)

[0m
-- Found rosidl_runtime_c: 4.0.1 (/home/mondegrin/programs/slon/microros_ws/firmware/mcu_ws/install/share/rosidl_runtime_c/cmake)
-- Configuring done
-- Generating done
-- Build files have been written to: /home/mondegrin/programs/slon/microros_ws/firmware/mcu_ws/build/rosidl_dynamic_typesupport
/usr/bin/cmake -E cmake_progress_start /home/mondegrin/programs/slon/microros_ws/firmware/mcu_ws/build/rosidl_dynamic_typesupport/CMakeFiles /home/mondegrin/programs/slon/microros_ws/firmware/mcu_ws/build/rosidl_dynamic_typesupport//CMakeFiles/progress.marks
/usr/bin/gmake  -f CMakeFiles/Makefile2 all
gmake[5]: Entering directory '/home/mondegrin/programs/slon/microros_ws/firmware/mcu_ws/build/rosidl_dynamic_typesupport'
/usr/bin/gmake  -f CMakeFiles/rosidl_dynamic_typesupport.dir/build.make CMakeFiles/rosidl_dynamic_typesupport.dir/depend
gmake[6]: Entering directory '/home/mondegrin/programs/slon/microros_ws/firmware/mcu_ws/build/rosidl_dynamic_typesupport'
cd /home/mondegrin/programs/slon/microros_ws/firmware/mcu_ws/build/rosidl_dynamic_typesupport && /usr/bin/cmake -E cmake_depends "Unix Makefiles" /home/mondegrin/programs/slon/microros_ws/firmware/mcu_ws/ros2/rosidl_dynamic_typesupport /home/mondegrin/programs/slon/microros_ws/firmware/mcu_ws/ros2/rosidl_dynamic_typesupport /home/mondegrin/programs/slon/microros_ws/firmware/mcu_ws/build/rosidl_dynamic_typesupport /home/mondegrin/programs/slon/microros_ws/firmware/mcu_ws/build/rosidl_dynamic_typesupport /home/mondegrin/programs/slon/microros_ws/firmware/mcu_ws/build/rosidl_dynamic_typesupport/CMakeFiles/rosidl_dynamic_typesupport.dir/DependInfo.cmake --color=
Dependencies file "CMakeFiles/rosidl_dynamic_typesupport.dir/src/api/dynamic_data.c.obj.d" is newer than depends file "/home/mondegrin/programs/slon/microros_ws/firmware/mcu_ws/build/rosidl_dynamic_typesupport/CMakeFiles/rosidl_dynamic_typesupport.dir/compiler_depend.internal".
Dependencies file "CMakeFiles/rosidl_dynamic_typesupport.dir/src/api/dynamic_type.c.obj.d" is newer than depends file "/home/mondegrin/programs/slon/microros_ws/firmware/mcu_ws/build/rosidl_dynamic_typesupport/CMakeFiles/rosidl_dynamic_typesupport.dir/compiler_depend.internal".
Dependencies file "CMakeFiles/rosidl_dynamic_typesupport.dir/src/api/serialization_support.c.obj.d" is newer than depends file "/home/mondegrin/programs/slon/microros_ws/firmware/mcu_ws/build/rosidl_dynamic_typesupport/CMakeFiles/rosidl_dynamic_typesupport.dir/compiler_depend.internal".
Dependencies file "CMakeFiles/rosidl_dynamic_typesupport.dir/src/dynamic_message_type_support_struct.c.obj.d" is newer than depends file "/home/mondegrin/programs/slon/microros_ws/firmware/mcu_ws/build/rosidl_dynamic_typesupport/CMakeFiles/rosidl_dynamic_typesupport.dir/compiler_depend.internal".
Dependencies file "CMakeFiles/rosidl_dynamic_typesupport.dir/src/identifier.c.obj.d" is newer than depends file "/home/mondegrin/programs/slon/microros_ws/firmware/mcu_ws/build/rosidl_dynamic_typesupport/CMakeFiles/rosidl_dynamic_typesupport.dir/compiler_depend.internal".
[35m[1mConsolidate compiler generated dependencies of target rosidl_dynamic_typesupport[0m
gmake[6]: Leaving directory '/home/mondegrin/programs/slon/microros_ws/firmware/mcu_ws/build/rosidl_dynamic_typesupport'
/usr/bin/gmake  -f CMakeFiles/rosidl_dynamic_typesupport.dir/build.make CMakeFiles/rosidl_dynamic_typesupport.dir/build
gmake[6]: Entering directory '/home/mondegrin/programs/slon/microros_ws/firmware/mcu_ws/build/rosidl_dynamic_typesupport'
gmake[6]: Nothing to be done for 'CMakeFiles/rosidl_dynamic_typesupport.dir/build'.
gmake[6]: Leaving directory '/home/mondegrin/programs/slon/microros_ws/firmware/mcu_ws/build/rosidl_dynamic_typesupport'
[100%] Built target rosidl_dynamic_typesupport
gmake[5]: Leaving directory '/home/mondegrin/programs/slon/microros_ws/firmware/mcu_ws/build/rosidl_dynamic_typesupport'
/usr/bin/cmake -E cmake_progress_start /home/mondegrin/programs/slon/microros_ws/firmware/mcu_ws/build/rosidl_dynamic_typesupport/CMakeFiles 0
gmake[4]: Leaving directory '/home/mondegrin/programs/slon/microros_ws/firmware/mcu_ws/build/rosidl_dynamic_typesupport'
-- Install configuration: "Debug"
-- Up-to-date: /home/mondegrin/programs/slon/microros_ws/firmware/mcu_ws/install/lib/librosidl_dynamic_typesupport.a
-- Up-to-date: /home/mondegrin/programs/slon/microros_ws/firmware/mcu_ws/install/include/rosidl_dynamic_typesupport
-- Up-to-date: /home/mondegrin/programs/slon/microros_ws/firmware/mcu_ws/install/include/rosidl_dynamic_typesupport/rosidl_dynamic_typesupport
-- Up-to-date: /home/mondegrin/programs/slon/microros_ws/firmware/mcu_ws/install/include/rosidl_dynamic_typesupport/rosidl_dynamic_typesupport/identifier.h
-- Up-to-date: /home/mondegrin/programs/slon/microros_ws/firmware/mcu_ws/install/include/rosidl_dynamic_typesupport/rosidl_dynamic_typesupport/dynamic_message_type_support_struct.h
-- Up-to-date: /home/mondegrin/programs/slon/microros_ws/firmware/mcu_ws/install/include/rosidl_dynamic_typesupport/rosidl_dynamic_typesupport/types.h
-- Up-to-date: /home/mondegrin/programs/slon/microros_ws/firmware/mcu_ws/install/include/rosidl_dynamic_typesupport/rosidl_dynamic_typesupport/uchar.h
-- Up-to-date: /home/mondegrin/programs/slon/microros_ws/firmware/mcu_ws/install/include/rosidl_dynamic_typesupport/rosidl_dynamic_typesupport/api
-- Up-to-date: /home/mondegrin/programs/slon/microros_ws/firmware/mcu_ws/install/include/rosidl_dynamic_typesupport/rosidl_dynamic_typesupport/api/dynamic_data.h
-- Up-to-date: /home/mondegrin/programs/slon/microros_ws/firmware/mcu_ws/install/include/rosidl_dynamic_typesupport/rosidl_dynamic_typesupport/api/serialization_support.h
-- Up-to-date: /home/mondegrin/programs/slon/microros_ws/firmware/mcu_ws/install/include/rosidl_dynamic_typesupport/rosidl_dynamic_typesupport/api/dynamic_type.h
-- Up-to-date: /home/mondegrin/programs/slon/microros_ws/firmware/mcu_ws/install/include/rosidl_dynamic_typesupport/rosidl_dynamic_typesupport/api/serialization_support_interface.h
-- Up-to-date: /home/mondegrin/programs/slon/microros_ws/firmware/mcu_ws/install/include/rosidl_dynamic_typesupport/rosidl_dynamic_typesupport/visibility_control.h
-- Up-to-date: /home/mondegrin/programs/slon/microros_ws/firmware/mcu_ws/install/include/rosidl_dynamic_typesupport/rosidl_dynamic_typesupport/macros.h
-- Up-to-date: /home/mondegrin/programs/slon/microros_ws/firmware/mcu_ws/install/share/rosidl_dynamic_typesupport/environment/library_path.sh
-- Up-to-date: /home/mondegrin/programs/slon/microros_ws/firmware/mcu_ws/install/share/rosidl_dynamic_typesupport/environment/library_path.dsv
-- Up-to-date: /home/mondegrin/programs/slon/microros_ws/firmware/mcu_ws/install/share/ament_index/resource_index/package_run_dependencies/rosidl_dynamic_typesupport
-- Up-to-date: /home/mondegrin/programs/slon/microros_ws/firmware/mcu_ws/install/share/ament_index/resource_index/parent_prefix_path/rosidl_dynamic_typesupport
-- Up-to-date: /home/mondegrin/programs/slon/microros_ws/firmware/mcu_ws/install/share/rosidl_dynamic_typesupport/environment/ament_prefix_path.sh
-- Up-to-date: /home/mondegrin/programs/slon/microros_ws/firmware/mcu_ws/install/share/rosidl_dynamic_typesupport/environment/ament_prefix_path.dsv
-- Up-to-date: /home/mondegrin/programs/slon/microros_ws/firmware/mcu_ws/install/share/rosidl_dynamic_typesupport/environment/path.sh
-- Up-to-date: /home/mondegrin/programs/slon/microros_ws/firmware/mcu_ws/install/share/rosidl_dynamic_typesupport/environment/path.dsv
-- Up-to-date: /home/mondegrin/programs/slon/microros_ws/firmware/mcu_ws/install/share/rosidl_dynamic_typesupport/local_setup.bash
-- Up-to-date: /home/mondegrin/programs/slon/microros_ws/firmware/mcu_ws/install/share/rosidl_dynamic_typesupport/local_setup.sh
-- Up-to-date: /home/mondegrin/programs/slon/microros_ws/firmware/mcu_ws/install/share/rosidl_dynamic_typesupport/local_setup.zsh
-- Up-to-date: /home/mondegrin/programs/slon/microros_ws/firmware/mcu_ws/install/share/rosidl_dynamic_typesupport/local_setup.dsv
-- Up-to-date: /home/mondegrin/programs/slon/microros_ws/firmware/mcu_ws/install/share/rosidl_dynamic_typesupport/package.dsv
-- Up-to-date: /home/mondegrin/programs/slon/microros_ws/firmware/mcu_ws/install/share/ament_index/resource_index/packages/rosidl_dynamic_typesupport
-- Up-to-date: /home/mondegrin/programs/slon/microros_ws/firmware/mcu_ws/install/share/rosidl_dynamic_typesupport/cmake/rosidl_dynamic_typesupport-exportExport.cmake
-- Up-to-date: /home/mondegrin/programs/slon/microros_ws/firmware/mcu_ws/install/share/rosidl_dynamic_typesupport/cmake/rosidl_dynamic_typesupport-exportExport-debug.cmake
-- Up-to-date: /home/mondegrin/programs/slon/microros_ws/firmware/mcu_ws/install/share/rosidl_dynamic_typesupport/cmake/ament_cmake_export_targets-extras.cmake
-- Up-to-date: /home/mondegrin/programs/slon/microros_ws/firmware/mcu_ws/install/share/rosidl_dynamic_typesupport/cmake/ament_cmake_export_dependencies-extras.cmake
-- Up-to-date: /home/mondegrin/programs/slon/microros_ws/firmware/mcu_ws/install/share/rosidl_dynamic_typesupport/cmake/rosidl_dynamic_typesupportConfig.cmake
-- Up-to-date: /home/mondegrin/programs/slon/microros_ws/firmware/mcu_ws/install/share/rosidl_dynamic_typesupport/cmake/rosidl_dynamic_typesupportConfig-version.cmake
-- Up-to-date: /home/mondegrin/programs/slon/microros_ws/firmware/mcu_ws/install/share/rosidl_dynamic_typesupport/package.xml
