[0.062s] Invoking command in '/home/mondegrin/programs/slon/ros2_ws/build/gps': CMAKE_PREFIX_PATH=${CMAKE_PREFIX_PATH}:/opt/ros/iron /usr/bin/cmake --build /home/mondegrin/programs/slon/ros2_ws/build/gps -- -j16 -l16
[0.089s] [  2%] Built target gps__rosidl_generator_type_description
[0.092s] [  2%] Built target ament_cmake_python_copy_gps
[0.100s] [  5%] Built target gps__cpp
[0.103s] [ 20%] Built target gps__rosidl_generator_c
[0.119s] [ 29%] Built target gps__rosidl_typesupport_fastrtps_c
[0.119s] [ 38%] Built target gps__rosidl_typesupport_cpp
[0.120s] [ 47%] Built target gps__rosidl_typesupport_c
[0.122s] [ 64%] Built target gps__rosidl_typesupport_introspection_cpp
[0.123s] [ 64%] Built target gps__rosidl_typesupport_fastrtps_cpp
[0.123s] [ 73%] Built target gps__rosidl_typesupport_introspection_c
[0.135s] [ 73%] Built target gps
[0.146s] [ 76%] Built target gps__py
[0.159s] [ 82%] Built target gps__rosidl_generator_py
[0.172s] [ 88%] Built target gps__rosidl_typesupport_fastrtps_c__pyext
[0.173s] [ 94%] Built target gps__rosidl_typesupport_c__pyext
[0.175s] [100%] Built target gps__rosidl_typesupport_introspection_c__pyext
[0.232s] running egg_info
[0.233s] writing gps.egg-info/PKG-INFO
[0.234s] writing dependency_links to gps.egg-info/dependency_links.txt
[0.234s] writing top-level names to gps.egg-info/top_level.txt
[0.234s] reading manifest file 'gps.egg-info/SOURCES.txt'
[0.234s] writing manifest file 'gps.egg-info/SOURCES.txt'
[0.251s] [100%] Built target ament_cmake_python_build_gps_egg
