[1.084s] Invoking command in '/home/mondegrin/programs/slon/microros_ws/firmware/mcu_ws/ros2/ros2_tracing/tracetools_read': PYTHONPATH=/home/mondegrin/programs/slon/microros_ws/firmware/mcu_ws/build/tracetools_read/prefix_override:/home/mondegrin/programs/slon/microros_ws/firmware/mcu_ws/install/lib/python3.10/site-packages:${PYTHONPATH} /usr/bin/python3 setup.py egg_info --egg-base ../../../build/tracetools_read build --build-base /home/mondegrin/programs/slon/microros_ws/firmware/mcu_ws/build/tracetools_read/build install --record /home/mondegrin/programs/slon/microros_ws/firmware/mcu_ws/build/tracetools_read/install.log --single-version-externally-managed
[1.199s] running egg_info
[1.220s] writing ../../../build/tracetools_read/tracetools_read.egg-info/PKG-INFO
[1.221s] writing dependency_links to ../../../build/tracetools_read/tracetools_read.egg-info/dependency_links.txt
[1.221s] writing requirements to ../../../build/tracetools_read/tracetools_read.egg-info/requires.txt
[1.221s] writing top-level names to ../../../build/tracetools_read/tracetools_read.egg-info/top_level.txt
[1.222s] reading manifest file '../../../build/tracetools_read/tracetools_read.egg-info/SOURCES.txt'
[1.222s] writing manifest file '../../../build/tracetools_read/tracetools_read.egg-info/SOURCES.txt'
[1.222s] running build
[1.223s] running build_py
[1.223s] running install
[1.223s] running install_lib
[1.225s] /usr/lib/python3/dist-packages/setuptools/command/install.py:34: SetuptoolsDeprecationWarning: setup.py install is deprecated. Use build and pip and other standards-based tools.
[1.225s]   warnings.warn(
[1.225s] running install_data
[1.226s] running install_egg_info
[1.228s] removing '/home/mondegrin/programs/slon/microros_ws/firmware/mcu_ws/install/lib/python3.10/site-packages/tracetools_read-6.3.1-py3.10.egg-info' (and everything under it)
[1.231s] Copying ../../../build/tracetools_read/tracetools_read.egg-info to /home/mondegrin/programs/slon/microros_ws/firmware/mcu_ws/install/lib/python3.10/site-packages/tracetools_read-6.3.1-py3.10.egg-info
[1.233s] running install_scripts
[1.239s] writing list of installed files to '/home/mondegrin/programs/slon/microros_ws/firmware/mcu_ws/build/tracetools_read/install.log'
[1.386s] Invoked command in '/home/mondegrin/programs/slon/microros_ws/firmware/mcu_ws/ros2/ros2_tracing/tracetools_read' returned '0': PYTHONPATH=/home/mondegrin/programs/slon/microros_ws/firmware/mcu_ws/build/tracetools_read/prefix_override:/home/mondegrin/programs/slon/microros_ws/firmware/mcu_ws/install/lib/python3.10/site-packages:${PYTHONPATH} /usr/bin/python3 setup.py egg_info --egg-base ../../../build/tracetools_read build --build-base /home/mondegrin/programs/slon/microros_ws/firmware/mcu_ws/build/tracetools_read/build install --record /home/mondegrin/programs/slon/microros_ws/firmware/mcu_ws/build/tracetools_read/install.log --single-version-externally-managed
