running egg_info
writing ../../../build/rosidl_pycommon/rosidl_pycommon.egg-info/PKG-INFO
writing dependency_links to ../../../build/rosidl_pycommon/rosidl_pycommon.egg-info/dependency_links.txt
writing entry points to ../../../build/rosidl_pycommon/rosidl_pycommon.egg-info/entry_points.txt
writing requirements to ../../../build/rosidl_pycommon/rosidl_pycommon.egg-info/requires.txt
writing top-level names to ../../../build/rosidl_pycommon/rosidl_pycommon.egg-info/top_level.txt
reading manifest file '../../../build/rosidl_pycommon/rosidl_pycommon.egg-info/SOURCES.txt'
writing manifest file '../../../build/rosidl_pycommon/rosidl_pycommon.egg-info/SOURCES.txt'
running build
running build_py
running install
/usr/lib/python3/dist-packages/setuptools/command/install.py:34: SetuptoolsDeprecationWarning: setup.py install is deprecated. Use build and pip and other standards-based tools.
  warnings.warn(
running install_lib
running install_data
running install_egg_info
removing '/home/mondegrin/programs/slon/microros_ws/firmware/mcu_ws/install/lib/python3.10/site-packages/rosidl_pycommon-4.0.1-py3.10.egg-info' (and everything under it)
Copying ../../../build/rosidl_pycommon/rosidl_pycommon.egg-info to /home/mondegrin/programs/slon/microros_ws/firmware/mcu_ws/install/lib/python3.10/site-packages/rosidl_pycommon-4.0.1-py3.10.egg-info
running install_scripts
writing list of installed files to '/home/mondegrin/programs/slon/microros_ws/firmware/mcu_ws/build/rosidl_pycommon/install.log'
