Not searching for unused variables given on the command line.
-- Found ament_cmake: 2.0.3 (/home/mondegrin/programs/slon/microros_ws/firmware/dev_ws/install/ament_cmake/share/ament_cmake/cmake)
-- Found Python3: /home/mondegrin/programs/slon/microros_ws/firmware/toolchain/espressif/python_env/idf4.1_py3.10_env/bin/python3.10 (found version "3.10.12") found components: Interpreter 
-- Configuring done
-- Generating done
-- Build files have been written to: /home/mondegrin/programs/slon/microros_ws/firmware/mcu_ws/build/rosidl_core_generators
gmake[4]: Entering directory '/home/mondegrin/programs/slon/microros_ws/firmware/mcu_ws/build/rosidl_core_generators'
/usr/bin/cmake -S/home/mondegrin/programs/slon/microros_ws/firmware/mcu_ws/ros2/rosidl_core/rosidl_core_generators -B/home/mondegrin/programs/slon/microros_ws/firmware/mcu_ws/build/rosidl_core_generators --check-build-system CMakeFiles/Makefile.cmake 0
/usr/bin/cmake -E cmake_progress_start /home/mondegrin/programs/slon/microros_ws/firmware/mcu_ws/build/rosidl_core_generators/CMakeFiles /home/mondegrin/programs/slon/microros_ws/firmware/mcu_ws/build/rosidl_core_generators//CMakeFiles/progress.marks
/usr/bin/gmake  -f CMakeFiles/Makefile2 all
gmake[5]: Entering directory '/home/mondegrin/programs/slon/microros_ws/firmware/mcu_ws/build/rosidl_core_generators'
gmake[5]: Nothing to be done for 'all'.
gmake[5]: Leaving directory '/home/mondegrin/programs/slon/microros_ws/firmware/mcu_ws/build/rosidl_core_generators'
/usr/bin/cmake -E cmake_progress_start /home/mondegrin/programs/slon/microros_ws/firmware/mcu_ws/build/rosidl_core_generators/CMakeFiles 0
gmake[4]: Leaving directory '/home/mondegrin/programs/slon/microros_ws/firmware/mcu_ws/build/rosidl_core_generators'
-- Install configuration: "Debug"
-- Installing: /home/mondegrin/programs/slon/microros_ws/firmware/mcu_ws/install/share/ament_index/resource_index/package_run_dependencies/rosidl_core_generators
-- Installing: /home/mondegrin/programs/slon/microros_ws/firmware/mcu_ws/install/share/ament_index/resource_index/parent_prefix_path/rosidl_core_generators
-- Installing: /home/mondegrin/programs/slon/microros_ws/firmware/mcu_ws/install/share/rosidl_core_generators/environment/ament_prefix_path.sh
-- Installing: /home/mondegrin/programs/slon/microros_ws/firmware/mcu_ws/install/share/rosidl_core_generators/environment/ament_prefix_path.dsv
-- Installing: /home/mondegrin/programs/slon/microros_ws/firmware/mcu_ws/install/share/rosidl_core_generators/environment/path.sh
-- Installing: /home/mondegrin/programs/slon/microros_ws/firmware/mcu_ws/install/share/rosidl_core_generators/environment/path.dsv
-- Installing: /home/mondegrin/programs/slon/microros_ws/firmware/mcu_ws/install/share/rosidl_core_generators/local_setup.bash
-- Installing: /home/mondegrin/programs/slon/microros_ws/firmware/mcu_ws/install/share/rosidl_core_generators/local_setup.sh
-- Installing: /home/mondegrin/programs/slon/microros_ws/firmware/mcu_ws/install/share/rosidl_core_generators/local_setup.zsh
-- Installing: /home/mondegrin/programs/slon/microros_ws/firmware/mcu_ws/install/share/rosidl_core_generators/local_setup.dsv
-- Installing: /home/mondegrin/programs/slon/microros_ws/firmware/mcu_ws/install/share/rosidl_core_generators/package.dsv
-- Installing: /home/mondegrin/programs/slon/microros_ws/firmware/mcu_ws/install/share/ament_index/resource_index/packages/rosidl_core_generators
-- Installing: /home/mondegrin/programs/slon/microros_ws/firmware/mcu_ws/install/share/rosidl_core_generators/cmake/rosidl_core_generators-extras.cmake
-- Installing: /home/mondegrin/programs/slon/microros_ws/firmware/mcu_ws/install/share/rosidl_core_generators/cmake/ament_cmake_export_dependencies-extras.cmake
-- Installing: /home/mondegrin/programs/slon/microros_ws/firmware/mcu_ws/install/share/rosidl_core_generators/cmake/rosidl_core_generatorsConfig.cmake
-- Installing: /home/mondegrin/programs/slon/microros_ws/firmware/mcu_ws/install/share/rosidl_core_generators/cmake/rosidl_core_generatorsConfig-version.cmake
-- Installing: /home/mondegrin/programs/slon/microros_ws/firmware/mcu_ws/install/share/rosidl_core_generators/package.xml
