[4.444s] Invoking command in '/home/mondegrin/programs/slon/microros_ws/firmware/mcu_ws/ros2/ros2_tracing/tracetools_read': PYTHONPATH=/home/mondegrin/programs/slon/microros_ws/firmware/mcu_ws/build/tracetools_read/prefix_override:/home/mondegrin/programs/slon/microros_ws/firmware/mcu_ws/install/lib/python3.10/site-packages:${PYTHONPATH} /usr/bin/python3 setup.py egg_info --egg-base ../../../build/tracetools_read build --build-base /home/mondegrin/programs/slon/microros_ws/firmware/mcu_ws/build/tracetools_read/build install --record /home/mondegrin/programs/slon/microros_ws/firmware/mcu_ws/build/tracetools_read/install.log --single-version-externally-managed
[5.025s] running egg_info
[5.031s] writing ../../../build/tracetools_read/tracetools_read.egg-info/PKG-INFO
[5.033s] writing dependency_links to ../../../build/tracetools_read/tracetools_read.egg-info/dependency_links.txt
[5.034s] writing requirements to ../../../build/tracetools_read/tracetools_read.egg-info/requires.txt
[5.034s] writing top-level names to ../../../build/tracetools_read/tracetools_read.egg-info/top_level.txt
[5.044s] reading manifest file '../../../build/tracetools_read/tracetools_read.egg-info/SOURCES.txt'
[5.047s] writing manifest file '../../../build/tracetools_read/tracetools_read.egg-info/SOURCES.txt'
[5.048s] running build
[5.048s] running build_py
[5.050s] running install
[5.050s] /usr/lib/python3/dist-packages/setuptools/command/install.py:34: SetuptoolsDeprecationWarning: setup.py install is deprecated. Use build and pip and other standards-based tools.
[5.051s]   warnings.warn(
[5.051s] running install_lib
[5.061s] running install_data
[5.065s] running install_egg_info
[5.071s] removing '/home/mondegrin/programs/slon/microros_ws/firmware/mcu_ws/install/lib/python3.10/site-packages/tracetools_read-6.3.1-py3.10.egg-info' (and everything under it)
[5.073s] Copying ../../../build/tracetools_read/tracetools_read.egg-info to /home/mondegrin/programs/slon/microros_ws/firmware/mcu_ws/install/lib/python3.10/site-packages/tracetools_read-6.3.1-py3.10.egg-info
[5.077s] running install_scripts
[5.292s] writing list of installed files to '/home/mondegrin/programs/slon/microros_ws/firmware/mcu_ws/build/tracetools_read/install.log'
[5.565s] Invoked command in '/home/mondegrin/programs/slon/microros_ws/firmware/mcu_ws/ros2/ros2_tracing/tracetools_read' returned '0': PYTHONPATH=/home/mondegrin/programs/slon/microros_ws/firmware/mcu_ws/build/tracetools_read/prefix_override:/home/mondegrin/programs/slon/microros_ws/firmware/mcu_ws/install/lib/python3.10/site-packages:${PYTHONPATH} /usr/bin/python3 setup.py egg_info --egg-base ../../../build/tracetools_read build --build-base /home/mondegrin/programs/slon/microros_ws/firmware/mcu_ws/build/tracetools_read/build install --record /home/mondegrin/programs/slon/microros_ws/firmware/mcu_ws/build/tracetools_read/install.log --single-version-externally-managed
