[0.039s] Invoking command in '/home/mondegrin/programs/slon/ros2_ws/build/slon': CMAKE_PREFIX_PATH=${CMAKE_PREFIX_PATH}:/opt/ros/iron /usr/bin/cmake --build /home/mondegrin/programs/slon/ros2_ws/build/slon -- -j16 -l16
[0.062s] [35m[1mConsolidate compiler generated dependencies of target main[0m
[0.072s] [ 50%] [32mBuilding CXX object CMakeFiles/main.dir/src/main.cpp.o[0m
[3.018s] [100%] [32m[1mLinking CXX executable main[0m
[3.475s] [100%] Built target main
[3.483s] Invoked command in '/home/mondegrin/programs/slon/ros2_ws/build/slon' returned '0': CMAKE_PREFIX_PATH=${CMAKE_PREFIX_PATH}:/opt/ros/iron /usr/bin/cmake --build /home/mondegrin/programs/slon/ros2_ws/build/slon -- -j16 -l16
[3.499s] Invoking command in '/home/mondegrin/programs/slon/ros2_ws/build/slon': CMAKE_PREFIX_PATH=${CMAKE_PREFIX_PATH}:/opt/ros/iron /usr/bin/cmake --install /home/mondegrin/programs/slon/ros2_ws/build/slon
[3.503s] -- Install configuration: ""
[3.503s] -- Installing: /home/mondegrin/programs/slon/ros2_ws/install/slon/lib/slon/main
[3.503s] -- Set runtime path of "/home/mondegrin/programs/slon/ros2_ws/install/slon/lib/slon/main" to ""
[3.504s] -- Up-to-date: /home/mondegrin/programs/slon/ros2_ws/install/slon/share/ament_index/resource_index/package_run_dependencies/slon
[3.504s] -- Up-to-date: /home/mondegrin/programs/slon/ros2_ws/install/slon/share/ament_index/resource_index/parent_prefix_path/slon
[3.504s] -- Up-to-date: /home/mondegrin/programs/slon/ros2_ws/install/slon/share/slon/environment/ament_prefix_path.sh
[3.504s] -- Up-to-date: /home/mondegrin/programs/slon/ros2_ws/install/slon/share/slon/environment/ament_prefix_path.dsv
[3.504s] -- Up-to-date: /home/mondegrin/programs/slon/ros2_ws/install/slon/share/slon/environment/path.sh
[3.504s] -- Up-to-date: /home/mondegrin/programs/slon/ros2_ws/install/slon/share/slon/environment/path.dsv
[3.504s] -- Up-to-date: /home/mondegrin/programs/slon/ros2_ws/install/slon/share/slon/local_setup.bash
[3.505s] -- Up-to-date: /home/mondegrin/programs/slon/ros2_ws/install/slon/share/slon/local_setup.sh
[3.505s] -- Up-to-date: /home/mondegrin/programs/slon/ros2_ws/install/slon/share/slon/local_setup.zsh
[3.505s] -- Up-to-date: /home/mondegrin/programs/slon/ros2_ws/install/slon/share/slon/local_setup.dsv
[3.505s] -- Installing: /home/mondegrin/programs/slon/ros2_ws/install/slon/share/slon/package.dsv
[3.506s] -- Up-to-date: /home/mondegrin/programs/slon/ros2_ws/install/slon/share/ament_index/resource_index/packages/slon
[3.506s] -- Up-to-date: /home/mondegrin/programs/slon/ros2_ws/install/slon/share/slon/cmake/slonConfig.cmake
[3.506s] -- Up-to-date: /home/mondegrin/programs/slon/ros2_ws/install/slon/share/slon/cmake/slonConfig-version.cmake
[3.506s] -- Up-to-date: /home/mondegrin/programs/slon/ros2_ws/install/slon/share/slon/package.xml
[3.507s] Invoked command in '/home/mondegrin/programs/slon/ros2_ws/build/slon' returned '0': CMAKE_PREFIX_PATH=${CMAKE_PREFIX_PATH}:/opt/ros/iron /usr/bin/cmake --install /home/mondegrin/programs/slon/ros2_ws/build/slon
