[1.650s] Invoking command in '/home/mondegrin/programs/slon/microros_ws/firmware/mcu_ws/ros2/ros2_tracing/tracetools_trace': PYTHONPATH=/home/mondegrin/programs/slon/microros_ws/firmware/mcu_ws/build/tracetools_trace/prefix_override:/home/mondegrin/programs/slon/microros_ws/firmware/mcu_ws/install/lib/python3.10/site-packages:${PYTHONPATH} /usr/bin/python3 setup.py egg_info --egg-base ../../../build/tracetools_trace build --build-base /home/mondegrin/programs/slon/microros_ws/firmware/mcu_ws/build/tracetools_trace/build install --record /home/mondegrin/programs/slon/microros_ws/firmware/mcu_ws/build/tracetools_trace/install.log --single-version-externally-managed
[2.040s] running egg_info
[2.042s] writing ../../../build/tracetools_trace/tracetools_trace.egg-info/PKG-INFO
[2.042s] writing dependency_links to ../../../build/tracetools_trace/tracetools_trace.egg-info/dependency_links.txt
[2.043s] writing entry points to ../../../build/tracetools_trace/tracetools_trace.egg-info/entry_points.txt
[2.043s] writing requirements to ../../../build/tracetools_trace/tracetools_trace.egg-info/requires.txt
[2.043s] writing top-level names to ../../../build/tracetools_trace/tracetools_trace.egg-info/top_level.txt
[2.050s] reading manifest file '../../../build/tracetools_trace/tracetools_trace.egg-info/SOURCES.txt'
[2.052s] writing manifest file '../../../build/tracetools_trace/tracetools_trace.egg-info/SOURCES.txt'
[2.052s] running build
[2.052s] running build_py
[2.052s] running install
[2.052s] /usr/lib/python3/dist-packages/setuptools/command/install.py:34: SetuptoolsDeprecationWarning: setup.py install is deprecated. Use build and pip and other standards-based tools.
[2.052s]   warnings.warn(
[2.052s] running install_lib
[2.056s] running install_data
[2.067s] running install_egg_info
[2.083s] removing '/home/mondegrin/programs/slon/microros_ws/firmware/mcu_ws/install/lib/python3.10/site-packages/tracetools_trace-6.3.1-py3.10.egg-info' (and everything under it)
[2.084s] Copying ../../../build/tracetools_trace/tracetools_trace.egg-info to /home/mondegrin/programs/slon/microros_ws/firmware/mcu_ws/install/lib/python3.10/site-packages/tracetools_trace-6.3.1-py3.10.egg-info
[2.095s] running install_scripts
[2.123s] Installing trace script to /home/mondegrin/programs/slon/microros_ws/firmware/mcu_ws/install/lib/tracetools_trace
[2.125s] writing list of installed files to '/home/mondegrin/programs/slon/microros_ws/firmware/mcu_ws/build/tracetools_trace/install.log'
[2.231s] Invoked command in '/home/mondegrin/programs/slon/microros_ws/firmware/mcu_ws/ros2/ros2_tracing/tracetools_trace' returned '0': PYTHONPATH=/home/mondegrin/programs/slon/microros_ws/firmware/mcu_ws/build/tracetools_trace/prefix_override:/home/mondegrin/programs/slon/microros_ws/firmware/mcu_ws/install/lib/python3.10/site-packages:${PYTHONPATH} /usr/bin/python3 setup.py egg_info --egg-base ../../../build/tracetools_trace build --build-base /home/mondegrin/programs/slon/microros_ws/firmware/mcu_ws/build/tracetools_trace/build install --record /home/mondegrin/programs/slon/microros_ws/firmware/mcu_ws/build/tracetools_trace/install.log --single-version-externally-managed
