[4.429s] Invoking command in '/home/mondegrin/programs/slon/microros_ws/firmware/mcu_ws/ros2/ros2_tracing/tracetools_trace': PYTHONPATH=/home/mondegrin/programs/slon/microros_ws/firmware/mcu_ws/build/tracetools_trace/prefix_override:/home/mondegrin/programs/slon/microros_ws/firmware/mcu_ws/install/lib/python3.10/site-packages:${PYTHONPATH} /usr/bin/python3 setup.py egg_info --egg-base ../../../build/tracetools_trace build --build-base /home/mondegrin/programs/slon/microros_ws/firmware/mcu_ws/build/tracetools_trace/build install --record /home/mondegrin/programs/slon/microros_ws/firmware/mcu_ws/build/tracetools_trace/install.log --single-version-externally-managed
[5.038s] running egg_info
[5.038s] writing ../../../build/tracetools_trace/tracetools_trace.egg-info/PKG-INFO
[5.039s] writing dependency_links to ../../../build/tracetools_trace/tracetools_trace.egg-info/dependency_links.txt
[5.039s] writing entry points to ../../../build/tracetools_trace/tracetools_trace.egg-info/entry_points.txt
[5.040s] writing requirements to ../../../build/tracetools_trace/tracetools_trace.egg-info/requires.txt
[5.040s] writing top-level names to ../../../build/tracetools_trace/tracetools_trace.egg-info/top_level.txt
[5.040s] reading manifest file '../../../build/tracetools_trace/tracetools_trace.egg-info/SOURCES.txt'
[5.044s] writing manifest file '../../../build/tracetools_trace/tracetools_trace.egg-info/SOURCES.txt'
[5.044s] running build
[5.045s] running build_py
[5.046s] running install
[5.046s] /usr/lib/python3/dist-packages/setuptools/command/install.py:34: SetuptoolsDeprecationWarning: setup.py install is deprecated. Use build and pip and other standards-based tools.
[5.048s]   warnings.warn(
[5.055s] running install_lib
[5.055s] running install_data
[5.055s] running install_egg_info
[5.057s] removing '/home/mondegrin/programs/slon/microros_ws/firmware/mcu_ws/install/lib/python3.10/site-packages/tracetools_trace-6.3.1-py3.10.egg-info' (and everything under it)
[5.058s] Copying ../../../build/tracetools_trace/tracetools_trace.egg-info to /home/mondegrin/programs/slon/microros_ws/firmware/mcu_ws/install/lib/python3.10/site-packages/tracetools_trace-6.3.1-py3.10.egg-info
[5.062s] running install_scripts
[5.115s] Installing trace script to /home/mondegrin/programs/slon/microros_ws/firmware/mcu_ws/install/lib/tracetools_trace
[5.117s] writing list of installed files to '/home/mondegrin/programs/slon/microros_ws/firmware/mcu_ws/build/tracetools_trace/install.log'
[5.480s] Invoked command in '/home/mondegrin/programs/slon/microros_ws/firmware/mcu_ws/ros2/ros2_tracing/tracetools_trace' returned '0': PYTHONPATH=/home/mondegrin/programs/slon/microros_ws/firmware/mcu_ws/build/tracetools_trace/prefix_override:/home/mondegrin/programs/slon/microros_ws/firmware/mcu_ws/install/lib/python3.10/site-packages:${PYTHONPATH} /usr/bin/python3 setup.py egg_info --egg-base ../../../build/tracetools_trace build --build-base /home/mondegrin/programs/slon/microros_ws/firmware/mcu_ws/build/tracetools_trace/build install --record /home/mondegrin/programs/slon/microros_ws/firmware/mcu_ws/build/tracetools_trace/install.log --single-version-externally-managed
