[  2%] Built target gps__rosidl_generator_type_description
[  2%] Built target ament_cmake_python_copy_gps
[  8%] Built target gps__cpp
[ 20%] Built target gps__rosidl_generator_c
[ 29%] Built target gps__rosidl_typesupport_introspection_c
[ 38%] Built target gps__rosidl_typesupport_cpp
[ 61%] Built target gps__rosidl_typesupport_introspection_cpp
[ 58%] Built target gps__rosidl_typesupport_c
[ 64%] Built target gps__rosidl_typesupport_fastrtps_cpp
[ 73%] Built target gps__rosidl_typesupport_fastrtps_c
[ 73%] Built target gps
[ 76%] Built target gps__py
[ 82%] Built target gps__rosidl_generator_py
[ 88%] Built target gps__rosidl_typesupport_introspection_c__pyext
[ 94%] Built target gps__rosidl_typesupport_fastrtps_c__pyext
[100%] Built target gps__rosidl_typesupport_c__pyext
running egg_info
writing gps.egg-info/PKG-INFO
writing dependency_links to gps.egg-info/dependency_links.txt
writing top-level names to gps.egg-info/top_level.txt
reading manifest file 'gps.egg-info/SOURCES.txt'
writing manifest file 'gps.egg-info/SOURCES.txt'
[100%] Built target ament_cmake_python_build_gps_egg
-- Install configuration: ""
-- Up-to-date: /home/mondegrin/programs/slon/ros2_ws/install/gps/share/ament_index/resource_index/rosidl_interfaces/gps
-- Up-to-date: /home/mondegrin/programs/slon/ros2_ws/install/gps/share/gps/msg/GPS.json
-- Up-to-date: /home/mondegrin/programs/slon/ros2_ws/install/gps/include/gps/gps
-- Up-to-date: /home/mondegrin/programs/slon/ros2_ws/install/gps/include/gps/gps/msg
-- Up-to-date: /home/mondegrin/programs/slon/ros2_ws/install/gps/include/gps/gps/msg/gps.h
-- Up-to-date: /home/mondegrin/programs/slon/ros2_ws/install/gps/include/gps/gps/msg/rosidl_generator_c__visibility_control.h
-- Up-to-date: /home/mondegrin/programs/slon/ros2_ws/install/gps/include/gps/gps/msg/detail
-- Up-to-date: /home/mondegrin/programs/slon/ros2_ws/install/gps/include/gps/gps/msg/detail/gps__type_support.h
-- Up-to-date: /home/mondegrin/programs/slon/ros2_ws/install/gps/include/gps/gps/msg/detail/gps__functions.h
-- Up-to-date: /home/mondegrin/programs/slon/ros2_ws/install/gps/include/gps/gps/msg/detail/gps__type_support.c
-- Up-to-date: /home/mondegrin/programs/slon/ros2_ws/install/gps/include/gps/gps/msg/detail/gps__struct.h
-- Up-to-date: /home/mondegrin/programs/slon/ros2_ws/install/gps/include/gps/gps/msg/detail/gps__description.c
-- Up-to-date: /home/mondegrin/programs/slon/ros2_ws/install/gps/include/gps/gps/msg/detail/gps__functions.c
-- Up-to-date: /home/mondegrin/programs/slon/ros2_ws/install/gps/share/gps/environment/library_path.sh
-- Up-to-date: /home/mondegrin/programs/slon/ros2_ws/install/gps/share/gps/environment/library_path.dsv
-- Up-to-date: /home/mondegrin/programs/slon/ros2_ws/install/gps/lib/libgps__rosidl_generator_c.so
-- Up-to-date: /home/mondegrin/programs/slon/ros2_ws/install/gps/include/gps/gps
-- Up-to-date: /home/mondegrin/programs/slon/ros2_ws/install/gps/include/gps/gps/msg
-- Up-to-date: /home/mondegrin/programs/slon/ros2_ws/install/gps/include/gps/gps/msg/rosidl_typesupport_fastrtps_c__visibility_control.h
-- Up-to-date: /home/mondegrin/programs/slon/ros2_ws/install/gps/include/gps/gps/msg/detail
-- Up-to-date: /home/mondegrin/programs/slon/ros2_ws/install/gps/include/gps/gps/msg/detail/gps__rosidl_typesupport_fastrtps_c.h
-- Up-to-date: /home/mondegrin/programs/slon/ros2_ws/install/gps/lib/libgps__rosidl_typesupport_fastrtps_c.so
-- Up-to-date: /home/mondegrin/programs/slon/ros2_ws/install/gps/include/gps/gps
-- Up-to-date: /home/mondegrin/programs/slon/ros2_ws/install/gps/include/gps/gps/msg
-- Up-to-date: /home/mondegrin/programs/slon/ros2_ws/install/gps/include/gps/gps/msg/gps.hpp
-- Up-to-date: /home/mondegrin/programs/slon/ros2_ws/install/gps/include/gps/gps/msg/detail
-- Up-to-date: /home/mondegrin/programs/slon/ros2_ws/install/gps/include/gps/gps/msg/detail/gps__traits.hpp
-- Up-to-date: /home/mondegrin/programs/slon/ros2_ws/install/gps/include/gps/gps/msg/detail/gps__struct.hpp
-- Up-to-date: /home/mondegrin/programs/slon/ros2_ws/install/gps/include/gps/gps/msg/detail/gps__builder.hpp
-- Up-to-date: /home/mondegrin/programs/slon/ros2_ws/install/gps/include/gps/gps
-- Up-to-date: /home/mondegrin/programs/slon/ros2_ws/install/gps/include/gps/gps/msg
-- Up-to-date: /home/mondegrin/programs/slon/ros2_ws/install/gps/include/gps/gps/msg/rosidl_typesupport_fastrtps_cpp__visibility_control.h
-- Up-to-date: /home/mondegrin/programs/slon/ros2_ws/install/gps/include/gps/gps/msg/detail
-- Up-to-date: /home/mondegrin/programs/slon/ros2_ws/install/gps/include/gps/gps/msg/detail/dds_fastrtps
-- Up-to-date: /home/mondegrin/programs/slon/ros2_ws/install/gps/include/gps/gps/msg/detail/gps__rosidl_typesupport_fastrtps_cpp.hpp
-- Up-to-date: /home/mondegrin/programs/slon/ros2_ws/install/gps/lib/libgps__rosidl_typesupport_fastrtps_cpp.so
-- Up-to-date: /home/mondegrin/programs/slon/ros2_ws/install/gps/include/gps/gps
-- Up-to-date: /home/mondegrin/programs/slon/ros2_ws/install/gps/include/gps/gps/msg
-- Up-to-date: /home/mondegrin/programs/slon/ros2_ws/install/gps/include/gps/gps/msg/rosidl_typesupport_introspection_c__visibility_control.h
-- Up-to-date: /home/mondegrin/programs/slon/ros2_ws/install/gps/include/gps/gps/msg/detail
-- Up-to-date: /home/mondegrin/programs/slon/ros2_ws/install/gps/include/gps/gps/msg/detail/gps__type_support.c
-- Up-to-date: /home/mondegrin/programs/slon/ros2_ws/install/gps/include/gps/gps/msg/detail/gps__rosidl_typesupport_introspection_c.h
-- Up-to-date: /home/mondegrin/programs/slon/ros2_ws/install/gps/lib/libgps__rosidl_typesupport_introspection_c.so
-- Up-to-date: /home/mondegrin/programs/slon/ros2_ws/install/gps/lib/libgps__rosidl_typesupport_c.so
-- Up-to-date: /home/mondegrin/programs/slon/ros2_ws/install/gps/include/gps/gps
-- Up-to-date: /home/mondegrin/programs/slon/ros2_ws/install/gps/include/gps/gps/msg
-- Up-to-date: /home/mondegrin/programs/slon/ros2_ws/install/gps/include/gps/gps/msg/detail
-- Up-to-date: /home/mondegrin/programs/slon/ros2_ws/install/gps/include/gps/gps/msg/detail/gps__type_support.cpp
-- Up-to-date: /home/mondegrin/programs/slon/ros2_ws/install/gps/include/gps/gps/msg/detail/gps__rosidl_typesupport_introspection_cpp.hpp
-- Up-to-date: /home/mondegrin/programs/slon/ros2_ws/install/gps/lib/libgps__rosidl_typesupport_introspection_cpp.so
-- Up-to-date: /home/mondegrin/programs/slon/ros2_ws/install/gps/lib/libgps__rosidl_typesupport_cpp.so
-- Up-to-date: /home/mondegrin/programs/slon/ros2_ws/install/gps/share/gps/environment/pythonpath.sh
-- Up-to-date: /home/mondegrin/programs/slon/ros2_ws/install/gps/share/gps/environment/pythonpath.dsv
-- Up-to-date: /home/mondegrin/programs/slon/ros2_ws/install/gps/lib/python3.10/site-packages/gps-0.0.0-py3.10.egg-info
-- Installing: /home/mondegrin/programs/slon/ros2_ws/install/gps/lib/python3.10/site-packages/gps-0.0.0-py3.10.egg-info/SOURCES.txt
-- Installing: /home/mondegrin/programs/slon/ros2_ws/install/gps/lib/python3.10/site-packages/gps-0.0.0-py3.10.egg-info/top_level.txt
-- Installing: /home/mondegrin/programs/slon/ros2_ws/install/gps/lib/python3.10/site-packages/gps-0.0.0-py3.10.egg-info/PKG-INFO
-- Installing: /home/mondegrin/programs/slon/ros2_ws/install/gps/lib/python3.10/site-packages/gps-0.0.0-py3.10.egg-info/dependency_links.txt
-- Up-to-date: /home/mondegrin/programs/slon/ros2_ws/install/gps/lib/python3.10/site-packages/gps
-- Up-to-date: /home/mondegrin/programs/slon/ros2_ws/install/gps/lib/python3.10/site-packages/gps/gps_s__rosidl_typesupport_introspection_c.cpython-310-x86_64-linux-gnu.so
-- Up-to-date: /home/mondegrin/programs/slon/ros2_ws/install/gps/lib/python3.10/site-packages/gps/msg
-- Up-to-date: /home/mondegrin/programs/slon/ros2_ws/install/gps/lib/python3.10/site-packages/gps/msg/_gps_s.c
-- Up-to-date: /home/mondegrin/programs/slon/ros2_ws/install/gps/lib/python3.10/site-packages/gps/msg/__init__.py
-- Up-to-date: /home/mondegrin/programs/slon/ros2_ws/install/gps/lib/python3.10/site-packages/gps/msg/_gps.py
-- Up-to-date: /home/mondegrin/programs/slon/ros2_ws/install/gps/lib/python3.10/site-packages/gps/libgps__rosidl_generator_py.so
-- Up-to-date: /home/mondegrin/programs/slon/ros2_ws/install/gps/lib/python3.10/site-packages/gps/_gps_s.ep.rosidl_typesupport_fastrtps_c.c
-- Up-to-date: /home/mondegrin/programs/slon/ros2_ws/install/gps/lib/python3.10/site-packages/gps/_gps_s.ep.rosidl_typesupport_c.c
-- Up-to-date: /home/mondegrin/programs/slon/ros2_ws/install/gps/lib/python3.10/site-packages/gps/__init__.py
-- Up-to-date: /home/mondegrin/programs/slon/ros2_ws/install/gps/lib/python3.10/site-packages/gps/gps_s__rosidl_typesupport_c.cpython-310-x86_64-linux-gnu.so
-- Up-to-date: /home/mondegrin/programs/slon/ros2_ws/install/gps/lib/python3.10/site-packages/gps/_gps_s.ep.rosidl_typesupport_introspection_c.c
-- Up-to-date: /home/mondegrin/programs/slon/ros2_ws/install/gps/lib/python3.10/site-packages/gps/gps_s__rosidl_typesupport_fastrtps_c.cpython-310-x86_64-linux-gnu.so
Listing '/home/mondegrin/programs/slon/ros2_ws/install/gps/lib/python3.10/site-packages/gps'...
Listing '/home/mondegrin/programs/slon/ros2_ws/install/gps/lib/python3.10/site-packages/gps/msg'...
-- Up-to-date: /home/mondegrin/programs/slon/ros2_ws/install/gps/lib/python3.10/site-packages/gps/gps_s__rosidl_typesupport_fastrtps_c.cpython-310-x86_64-linux-gnu.so
-- Up-to-date: /home/mondegrin/programs/slon/ros2_ws/install/gps/lib/python3.10/site-packages/gps/gps_s__rosidl_typesupport_introspection_c.cpython-310-x86_64-linux-gnu.so
-- Up-to-date: /home/mondegrin/programs/slon/ros2_ws/install/gps/lib/python3.10/site-packages/gps/gps_s__rosidl_typesupport_c.cpython-310-x86_64-linux-gnu.so
-- Up-to-date: /home/mondegrin/programs/slon/ros2_ws/install/gps/lib/libgps__rosidl_generator_py.so
-- Up-to-date: /home/mondegrin/programs/slon/ros2_ws/install/gps/share/gps/msg/GPS.idl
-- Up-to-date: /home/mondegrin/programs/slon/ros2_ws/install/gps/share/gps/msg/GPS.msg
-- Up-to-date: /home/mondegrin/programs/slon/ros2_ws/install/gps/share/ament_index/resource_index/package_run_dependencies/gps
-- Up-to-date: /home/mondegrin/programs/slon/ros2_ws/install/gps/share/ament_index/resource_index/parent_prefix_path/gps
-- Up-to-date: /home/mondegrin/programs/slon/ros2_ws/install/gps/share/gps/environment/ament_prefix_path.sh
-- Up-to-date: /home/mondegrin/programs/slon/ros2_ws/install/gps/share/gps/environment/ament_prefix_path.dsv
-- Up-to-date: /home/mondegrin/programs/slon/ros2_ws/install/gps/share/gps/environment/path.sh
-- Up-to-date: /home/mondegrin/programs/slon/ros2_ws/install/gps/share/gps/environment/path.dsv
-- Up-to-date: /home/mondegrin/programs/slon/ros2_ws/install/gps/share/gps/local_setup.bash
-- Up-to-date: /home/mondegrin/programs/slon/ros2_ws/install/gps/share/gps/local_setup.sh
-- Up-to-date: /home/mondegrin/programs/slon/ros2_ws/install/gps/share/gps/local_setup.zsh
-- Up-to-date: /home/mondegrin/programs/slon/ros2_ws/install/gps/share/gps/local_setup.dsv
-- Installing: /home/mondegrin/programs/slon/ros2_ws/install/gps/share/gps/package.dsv
-- Up-to-date: /home/mondegrin/programs/slon/ros2_ws/install/gps/share/ament_index/resource_index/packages/gps
-- Up-to-date: /home/mondegrin/programs/slon/ros2_ws/install/gps/share/gps/cmake/export_gps__rosidl_generator_cExport.cmake
-- Up-to-date: /home/mondegrin/programs/slon/ros2_ws/install/gps/share/gps/cmake/export_gps__rosidl_generator_cExport-noconfig.cmake
-- Up-to-date: /home/mondegrin/programs/slon/ros2_ws/install/gps/share/gps/cmake/export_gps__rosidl_typesupport_fastrtps_cExport.cmake
-- Up-to-date: /home/mondegrin/programs/slon/ros2_ws/install/gps/share/gps/cmake/export_gps__rosidl_typesupport_fastrtps_cExport-noconfig.cmake
-- Up-to-date: /home/mondegrin/programs/slon/ros2_ws/install/gps/share/gps/cmake/export_gps__rosidl_generator_cppExport.cmake
-- Up-to-date: /home/mondegrin/programs/slon/ros2_ws/install/gps/share/gps/cmake/export_gps__rosidl_typesupport_fastrtps_cppExport.cmake
-- Up-to-date: /home/mondegrin/programs/slon/ros2_ws/install/gps/share/gps/cmake/export_gps__rosidl_typesupport_fastrtps_cppExport-noconfig.cmake
-- Up-to-date: /home/mondegrin/programs/slon/ros2_ws/install/gps/share/gps/cmake/gps__rosidl_typesupport_introspection_cExport.cmake
-- Up-to-date: /home/mondegrin/programs/slon/ros2_ws/install/gps/share/gps/cmake/gps__rosidl_typesupport_introspection_cExport-noconfig.cmake
-- Up-to-date: /home/mondegrin/programs/slon/ros2_ws/install/gps/share/gps/cmake/gps__rosidl_typesupport_cExport.cmake
-- Up-to-date: /home/mondegrin/programs/slon/ros2_ws/install/gps/share/gps/cmake/gps__rosidl_typesupport_cExport-noconfig.cmake
-- Up-to-date: /home/mondegrin/programs/slon/ros2_ws/install/gps/share/gps/cmake/gps__rosidl_typesupport_introspection_cppExport.cmake
-- Up-to-date: /home/mondegrin/programs/slon/ros2_ws/install/gps/share/gps/cmake/gps__rosidl_typesupport_introspection_cppExport-noconfig.cmake
-- Up-to-date: /home/mondegrin/programs/slon/ros2_ws/install/gps/share/gps/cmake/gps__rosidl_typesupport_cppExport.cmake
-- Up-to-date: /home/mondegrin/programs/slon/ros2_ws/install/gps/share/gps/cmake/gps__rosidl_typesupport_cppExport-noconfig.cmake
-- Up-to-date: /home/mondegrin/programs/slon/ros2_ws/install/gps/share/gps/cmake/export_gps__rosidl_generator_pyExport.cmake
-- Up-to-date: /home/mondegrin/programs/slon/ros2_ws/install/gps/share/gps/cmake/export_gps__rosidl_generator_pyExport-noconfig.cmake
-- Up-to-date: /home/mondegrin/programs/slon/ros2_ws/install/gps/share/gps/cmake/rosidl_cmake-extras.cmake
-- Up-to-date: /home/mondegrin/programs/slon/ros2_ws/install/gps/share/gps/cmake/ament_cmake_export_include_directories-extras.cmake
-- Up-to-date: /home/mondegrin/programs/slon/ros2_ws/install/gps/share/gps/cmake/ament_cmake_export_libraries-extras.cmake
-- Up-to-date: /home/mondegrin/programs/slon/ros2_ws/install/gps/share/gps/cmake/ament_cmake_export_targets-extras.cmake
-- Up-to-date: /home/mondegrin/programs/slon/ros2_ws/install/gps/share/gps/cmake/rosidl_cmake_export_typesupport_targets-extras.cmake
-- Up-to-date: /home/mondegrin/programs/slon/ros2_ws/install/gps/share/gps/cmake/ament_cmake_export_dependencies-extras.cmake
-- Up-to-date: /home/mondegrin/programs/slon/ros2_ws/install/gps/share/gps/cmake/rosidl_cmake_export_typesupport_libraries-extras.cmake
-- Up-to-date: /home/mondegrin/programs/slon/ros2_ws/install/gps/share/gps/cmake/gpsConfig.cmake
-- Up-to-date: /home/mondegrin/programs/slon/ros2_ws/install/gps/share/gps/cmake/gpsConfig-version.cmake
-- Up-to-date: /home/mondegrin/programs/slon/ros2_ws/install/gps/share/gps/package.xml
