[0.064s] Invoking command in '/home/mondegrin/programs/slon/ros2_ws/build/gps': CMAKE_PREFIX_PATH=${CMAKE_PREFIX_PATH}:/opt/ros/iron /usr/bin/cmake --build /home/mondegrin/programs/slon/ros2_ws/build/gps -- -j16 -l16
[0.093s] [  2%] Built target gps__rosidl_generator_type_description
[0.099s] [  2%] Built target ament_cmake_python_copy_gps
[0.105s] [  5%] Built target gps__cpp
[0.106s] [ 20%] Built target gps__rosidl_generator_c
[0.122s] [ 29%] Built target gps__rosidl_typesupport_fastrtps_c
[0.124s] [ 38%] Built target gps__rosidl_typesupport_c
[0.125s] [ 47%] Built target gps__rosidl_typesupport_fastrtps_cpp
[0.126s] [ 64%] Built target gps__rosidl_typesupport_cpp
[0.126s] [ 64%] Built target gps__rosidl_typesupport_introspection_c
[0.130s] [ 73%] Built target gps__rosidl_typesupport_introspection_cpp
[0.144s] [ 73%] Built target gps
[0.161s] [ 76%] Built target gps__py
[0.174s] [ 82%] Built target gps__rosidl_generator_py
[0.190s] [ 88%] Built target gps__rosidl_typesupport_introspection_c__pyext
[0.191s] [ 97%] Built target gps__rosidl_typesupport_fastrtps_c__pyext
[0.191s] [100%] Built target gps__rosidl_typesupport_c__pyext
[0.248s] running egg_info
[0.249s] writing gps.egg-info/PKG-INFO
[0.249s] writing dependency_links to gps.egg-info/dependency_links.txt
[0.249s] writing top-level names to gps.egg-info/top_level.txt
[0.251s] reading manifest file 'gps.egg-info/SOURCES.txt'
[0.251s] writing manifest file 'gps.egg-info/SOURCES.txt'
[0.268s] [100%] Built target ament_cmake_python_build_gps_egg
