[1.722s] Invoking command in '/home/mondegrin/programs/slon/microros_ws/firmware/mcu_ws/ros2/rosidl/rosidl_cli': PYTHONPATH=/home/mondegrin/programs/slon/microros_ws/firmware/mcu_ws/build/rosidl_cli/prefix_override:/home/mondegrin/programs/slon/microros_ws/firmware/mcu_ws/install/lib/python3.10/site-packages:${PYTHONPATH} /usr/bin/python3 setup.py egg_info --egg-base ../../../build/rosidl_cli build --build-base /home/mondegrin/programs/slon/microros_ws/firmware/mcu_ws/build/rosidl_cli/build install --record /home/mondegrin/programs/slon/microros_ws/firmware/mcu_ws/build/rosidl_cli/install.log --single-version-externally-managed
[2.141s] running egg_info
[2.151s] writing ../../../build/rosidl_cli/rosidl_cli.egg-info/PKG-INFO
[2.153s] writing dependency_links to ../../../build/rosidl_cli/rosidl_cli.egg-info/dependency_links.txt
[2.153s] writing entry points to ../../../build/rosidl_cli/rosidl_cli.egg-info/entry_points.txt
[2.154s] writing requirements to ../../../build/rosidl_cli/rosidl_cli.egg-info/requires.txt
[2.155s] writing top-level names to ../../../build/rosidl_cli/rosidl_cli.egg-info/top_level.txt
[2.155s] reading manifest file '../../../build/rosidl_cli/rosidl_cli.egg-info/SOURCES.txt'
[2.180s] writing manifest file '../../../build/rosidl_cli/rosidl_cli.egg-info/SOURCES.txt'
[2.180s] running build
[2.181s] running build_py
[2.181s] running install
[2.181s] running install_lib
[2.183s] /usr/lib/python3/dist-packages/setuptools/command/install.py:34: SetuptoolsDeprecationWarning: setup.py install is deprecated. Use build and pip and other standards-based tools.
[2.183s]   warnings.warn(
[2.185s] running install_data
[2.188s] running install_egg_info
[2.188s] removing '/home/mondegrin/programs/slon/microros_ws/firmware/mcu_ws/install/lib/python3.10/site-packages/rosidl_cli-4.0.1-py3.10.egg-info' (and everything under it)
[2.188s] Copying ../../../build/rosidl_cli/rosidl_cli.egg-info to /home/mondegrin/programs/slon/microros_ws/firmware/mcu_ws/install/lib/python3.10/site-packages/rosidl_cli-4.0.1-py3.10.egg-info
[2.189s] running install_scripts
[2.219s] Installing rosidl script to /home/mondegrin/programs/slon/microros_ws/firmware/mcu_ws/install/bin
[2.226s] writing list of installed files to '/home/mondegrin/programs/slon/microros_ws/firmware/mcu_ws/build/rosidl_cli/install.log'
[2.488s] Invoked command in '/home/mondegrin/programs/slon/microros_ws/firmware/mcu_ws/ros2/rosidl/rosidl_cli' returned '0': PYTHONPATH=/home/mondegrin/programs/slon/microros_ws/firmware/mcu_ws/build/rosidl_cli/prefix_override:/home/mondegrin/programs/slon/microros_ws/firmware/mcu_ws/install/lib/python3.10/site-packages:${PYTHONPATH} /usr/bin/python3 setup.py egg_info --egg-base ../../../build/rosidl_cli build --build-base /home/mondegrin/programs/slon/microros_ws/firmware/mcu_ws/build/rosidl_cli/build install --record /home/mondegrin/programs/slon/microros_ws/firmware/mcu_ws/build/rosidl_cli/install.log --single-version-externally-managed
