[0.061s] Invoking command in '/home/mondegrin/programs/slon/ros2_ws/build/gps': CMAKE_PREFIX_PATH=${CMAKE_PREFIX_PATH}:/opt/ros/iron /usr/bin/cmake --build /home/mondegrin/programs/slon/ros2_ws/build/gps -- -j16 -l16
[0.088s] [  2%] Built target gps__rosidl_generator_type_description
[0.093s] [  2%] Built target ament_cmake_python_copy_gps
[0.101s] [ 17%] Built target gps__rosidl_generator_c
[0.102s] [ 20%] Built target gps__cpp
[0.117s] [ 38%] Built target gps__rosidl_typesupport_c
[0.117s] [ 38%] Built target gps__rosidl_typesupport_fastrtps_c
[0.119s] [ 47%] Built target gps__rosidl_typesupport_introspection_c
[0.123s] [ 55%] Built target gps__rosidl_typesupport_introspection_cpp
[0.134s] [ 64%] Built target gps__rosidl_typesupport_fastrtps_cpp
[0.135s] [ 73%] Built target gps__rosidl_typesupport_cpp
[0.148s] [ 73%] Built target gps
[0.162s] [ 76%] Built target gps__py
[0.177s] [ 82%] Built target gps__rosidl_generator_py
[0.192s] [ 88%] Built target gps__rosidl_typesupport_introspection_c__pyext
[0.193s] [ 94%] Built target gps__rosidl_typesupport_fastrtps_c__pyext
[0.193s] [100%] Built target gps__rosidl_typesupport_c__pyext
[0.233s] running egg_info
[0.234s] writing gps.egg-info/PKG-INFO
[0.234s] writing dependency_links to gps.egg-info/dependency_links.txt
[0.234s] writing top-level names to gps.egg-info/top_level.txt
[0.236s] reading manifest file 'gps.egg-info/SOURCES.txt'
[0.236s] writing manifest file 'gps.egg-info/SOURCES.txt'
[0.253s] [100%] Built target ament_cmake_python_build_gps_egg
[0.260s] Invoked command in '/home/mondegrin/programs/slon/ros2_ws/build/gps' returned '0': CMAKE_PREFIX_PATH=${CMAKE_PREFIX_PATH}:/opt/ros/iron /usr/bin/cmake --build /home/mondegrin/programs/slon/ros2_ws/build/gps -- -j16 -l16
[0.301s] Invoking command in '/home/mondegrin/programs/slon/ros2_ws/build/gps': CMAKE_PREFIX_PATH=${CMAKE_PREFIX_PATH}:/opt/ros/iron /usr/bin/cmake --install /home/mondegrin/programs/slon/ros2_ws/build/gps
[0.305s] -- Install configuration: ""
[0.305s] -- Up-to-date: /home/mondegrin/programs/slon/ros2_ws/install/gps/share/ament_index/resource_index/rosidl_interfaces/gps
[0.305s] -- Up-to-date: /home/mondegrin/programs/slon/ros2_ws/install/gps/share/gps/msg/GPS.json
[0.305s] -- Up-to-date: /home/mondegrin/programs/slon/ros2_ws/install/gps/include/gps/gps
[0.305s] -- Up-to-date: /home/mondegrin/programs/slon/ros2_ws/install/gps/include/gps/gps/msg
[0.305s] -- Up-to-date: /home/mondegrin/programs/slon/ros2_ws/install/gps/include/gps/gps/msg/gps.h
[0.305s] -- Up-to-date: /home/mondegrin/programs/slon/ros2_ws/install/gps/include/gps/gps/msg/rosidl_generator_c__visibility_control.h
[0.305s] -- Up-to-date: /home/mondegrin/programs/slon/ros2_ws/install/gps/include/gps/gps/msg/detail
[0.306s] -- Up-to-date: /home/mondegrin/programs/slon/ros2_ws/install/gps/include/gps/gps/msg/detail/gps__type_support.h
[0.306s] -- Up-to-date: /home/mondegrin/programs/slon/ros2_ws/install/gps/include/gps/gps/msg/detail/gps__functions.h
[0.306s] -- Up-to-date: /home/mondegrin/programs/slon/ros2_ws/install/gps/include/gps/gps/msg/detail/gps__type_support.c
[0.306s] -- Up-to-date: /home/mondegrin/programs/slon/ros2_ws/install/gps/include/gps/gps/msg/detail/gps__struct.h
[0.306s] -- Up-to-date: /home/mondegrin/programs/slon/ros2_ws/install/gps/include/gps/gps/msg/detail/gps__description.c
[0.306s] -- Up-to-date: /home/mondegrin/programs/slon/ros2_ws/install/gps/include/gps/gps/msg/detail/gps__functions.c
[0.306s] -- Up-to-date: /home/mondegrin/programs/slon/ros2_ws/install/gps/share/gps/environment/library_path.sh
[0.306s] -- Up-to-date: /home/mondegrin/programs/slon/ros2_ws/install/gps/share/gps/environment/library_path.dsv
[0.306s] -- Up-to-date: /home/mondegrin/programs/slon/ros2_ws/install/gps/lib/libgps__rosidl_generator_c.so
[0.306s] -- Up-to-date: /home/mondegrin/programs/slon/ros2_ws/install/gps/include/gps/gps
[0.306s] -- Up-to-date: /home/mondegrin/programs/slon/ros2_ws/install/gps/include/gps/gps/msg
[0.306s] -- Up-to-date: /home/mondegrin/programs/slon/ros2_ws/install/gps/include/gps/gps/msg/rosidl_typesupport_fastrtps_c__visibility_control.h
[0.307s] -- Up-to-date: /home/mondegrin/programs/slon/ros2_ws/install/gps/include/gps/gps/msg/detail
[0.307s] -- Up-to-date: /home/mondegrin/programs/slon/ros2_ws/install/gps/include/gps/gps/msg/detail/gps__rosidl_typesupport_fastrtps_c.h
[0.307s] -- Up-to-date: /home/mondegrin/programs/slon/ros2_ws/install/gps/lib/libgps__rosidl_typesupport_fastrtps_c.so
[0.307s] -- Up-to-date: /home/mondegrin/programs/slon/ros2_ws/install/gps/include/gps/gps
[0.307s] -- Up-to-date: /home/mondegrin/programs/slon/ros2_ws/install/gps/include/gps/gps/msg
[0.307s] -- Up-to-date: /home/mondegrin/programs/slon/ros2_ws/install/gps/include/gps/gps/msg/gps.hpp
[0.307s] -- Up-to-date: /home/mondegrin/programs/slon/ros2_ws/install/gps/include/gps/gps/msg/detail
[0.307s] -- Up-to-date: /home/mondegrin/programs/slon/ros2_ws/install/gps/include/gps/gps/msg/detail/gps__traits.hpp
[0.307s] -- Up-to-date: /home/mondegrin/programs/slon/ros2_ws/install/gps/include/gps/gps/msg/detail/gps__struct.hpp
[0.307s] -- Up-to-date: /home/mondegrin/programs/slon/ros2_ws/install/gps/include/gps/gps/msg/detail/gps__builder.hpp
[0.307s] -- Up-to-date: /home/mondegrin/programs/slon/ros2_ws/install/gps/include/gps/gps
[0.307s] -- Up-to-date: /home/mondegrin/programs/slon/ros2_ws/install/gps/include/gps/gps/msg
[0.307s] -- Up-to-date: /home/mondegrin/programs/slon/ros2_ws/install/gps/include/gps/gps/msg/rosidl_typesupport_fastrtps_cpp__visibility_control.h
[0.307s] -- Up-to-date: /home/mondegrin/programs/slon/ros2_ws/install/gps/include/gps/gps/msg/detail
[0.307s] -- Up-to-date: /home/mondegrin/programs/slon/ros2_ws/install/gps/include/gps/gps/msg/detail/dds_fastrtps
[0.307s] -- Up-to-date: /home/mondegrin/programs/slon/ros2_ws/install/gps/include/gps/gps/msg/detail/gps__rosidl_typesupport_fastrtps_cpp.hpp
[0.307s] -- Up-to-date: /home/mondegrin/programs/slon/ros2_ws/install/gps/lib/libgps__rosidl_typesupport_fastrtps_cpp.so
[0.307s] -- Up-to-date: /home/mondegrin/programs/slon/ros2_ws/install/gps/include/gps/gps
[0.307s] -- Up-to-date: /home/mondegrin/programs/slon/ros2_ws/install/gps/include/gps/gps/msg
[0.308s] -- Up-to-date: /home/mondegrin/programs/slon/ros2_ws/install/gps/include/gps/gps/msg/rosidl_typesupport_introspection_c__visibility_control.h
[0.308s] -- Up-to-date: /home/mondegrin/programs/slon/ros2_ws/install/gps/include/gps/gps/msg/detail
[0.308s] -- Up-to-date: /home/mondegrin/programs/slon/ros2_ws/install/gps/include/gps/gps/msg/detail/gps__type_support.c
[0.308s] -- Up-to-date: /home/mondegrin/programs/slon/ros2_ws/install/gps/include/gps/gps/msg/detail/gps__rosidl_typesupport_introspection_c.h
[0.308s] -- Up-to-date: /home/mondegrin/programs/slon/ros2_ws/install/gps/lib/libgps__rosidl_typesupport_introspection_c.so
[0.308s] -- Up-to-date: /home/mondegrin/programs/slon/ros2_ws/install/gps/lib/libgps__rosidl_typesupport_c.so
[0.308s] -- Up-to-date: /home/mondegrin/programs/slon/ros2_ws/install/gps/include/gps/gps
[0.308s] -- Up-to-date: /home/mondegrin/programs/slon/ros2_ws/install/gps/include/gps/gps/msg
[0.308s] -- Up-to-date: /home/mondegrin/programs/slon/ros2_ws/install/gps/include/gps/gps/msg/detail
[0.308s] -- Up-to-date: /home/mondegrin/programs/slon/ros2_ws/install/gps/include/gps/gps/msg/detail/gps__type_support.cpp
[0.308s] -- Up-to-date: /home/mondegrin/programs/slon/ros2_ws/install/gps/include/gps/gps/msg/detail/gps__rosidl_typesupport_introspection_cpp.hpp
[0.308s] -- Up-to-date: /home/mondegrin/programs/slon/ros2_ws/install/gps/lib/libgps__rosidl_typesupport_introspection_cpp.so
[0.308s] -- Up-to-date: /home/mondegrin/programs/slon/ros2_ws/install/gps/lib/libgps__rosidl_typesupport_cpp.so
[0.308s] -- Up-to-date: /home/mondegrin/programs/slon/ros2_ws/install/gps/share/gps/environment/pythonpath.sh
[0.308s] -- Up-to-date: /home/mondegrin/programs/slon/ros2_ws/install/gps/share/gps/environment/pythonpath.dsv
[0.308s] -- Up-to-date: /home/mondegrin/programs/slon/ros2_ws/install/gps/lib/python3.10/site-packages/gps-0.0.0-py3.10.egg-info
[0.308s] -- Installing: /home/mondegrin/programs/slon/ros2_ws/install/gps/lib/python3.10/site-packages/gps-0.0.0-py3.10.egg-info/SOURCES.txt
[0.308s] -- Installing: /home/mondegrin/programs/slon/ros2_ws/install/gps/lib/python3.10/site-packages/gps-0.0.0-py3.10.egg-info/top_level.txt
[0.308s] -- Installing: /home/mondegrin/programs/slon/ros2_ws/install/gps/lib/python3.10/site-packages/gps-0.0.0-py3.10.egg-info/PKG-INFO
[0.308s] -- Installing: /home/mondegrin/programs/slon/ros2_ws/install/gps/lib/python3.10/site-packages/gps-0.0.0-py3.10.egg-info/dependency_links.txt
[0.308s] -- Up-to-date: /home/mondegrin/programs/slon/ros2_ws/install/gps/lib/python3.10/site-packages/gps
[0.308s] -- Up-to-date: /home/mondegrin/programs/slon/ros2_ws/install/gps/lib/python3.10/site-packages/gps/gps_s__rosidl_typesupport_introspection_c.cpython-310-x86_64-linux-gnu.so
[0.308s] -- Up-to-date: /home/mondegrin/programs/slon/ros2_ws/install/gps/lib/python3.10/site-packages/gps/msg
[0.308s] -- Up-to-date: /home/mondegrin/programs/slon/ros2_ws/install/gps/lib/python3.10/site-packages/gps/msg/_gps_s.c
[0.308s] -- Up-to-date: /home/mondegrin/programs/slon/ros2_ws/install/gps/lib/python3.10/site-packages/gps/msg/__init__.py
[0.308s] -- Up-to-date: /home/mondegrin/programs/slon/ros2_ws/install/gps/lib/python3.10/site-packages/gps/msg/_gps.py
[0.308s] -- Up-to-date: /home/mondegrin/programs/slon/ros2_ws/install/gps/lib/python3.10/site-packages/gps/libgps__rosidl_generator_py.so
[0.308s] -- Up-to-date: /home/mondegrin/programs/slon/ros2_ws/install/gps/lib/python3.10/site-packages/gps/_gps_s.ep.rosidl_typesupport_fastrtps_c.c
[0.308s] -- Up-to-date: /home/mondegrin/programs/slon/ros2_ws/install/gps/lib/python3.10/site-packages/gps/_gps_s.ep.rosidl_typesupport_c.c
[0.309s] -- Up-to-date: /home/mondegrin/programs/slon/ros2_ws/install/gps/lib/python3.10/site-packages/gps/__init__.py
[0.309s] -- Up-to-date: /home/mondegrin/programs/slon/ros2_ws/install/gps/lib/python3.10/site-packages/gps/gps_s__rosidl_typesupport_c.cpython-310-x86_64-linux-gnu.so
[0.309s] -- Up-to-date: /home/mondegrin/programs/slon/ros2_ws/install/gps/lib/python3.10/site-packages/gps/_gps_s.ep.rosidl_typesupport_introspection_c.c
[0.309s] -- Up-to-date: /home/mondegrin/programs/slon/ros2_ws/install/gps/lib/python3.10/site-packages/gps/gps_s__rosidl_typesupport_fastrtps_c.cpython-310-x86_64-linux-gnu.so
[0.325s] Listing '/home/mondegrin/programs/slon/ros2_ws/install/gps/lib/python3.10/site-packages/gps'...
[0.325s] Listing '/home/mondegrin/programs/slon/ros2_ws/install/gps/lib/python3.10/site-packages/gps/msg'...
[0.328s] -- Up-to-date: /home/mondegrin/programs/slon/ros2_ws/install/gps/lib/python3.10/site-packages/gps/gps_s__rosidl_typesupport_fastrtps_c.cpython-310-x86_64-linux-gnu.so
[0.328s] -- Up-to-date: /home/mondegrin/programs/slon/ros2_ws/install/gps/lib/python3.10/site-packages/gps/gps_s__rosidl_typesupport_introspection_c.cpython-310-x86_64-linux-gnu.so
[0.329s] -- Up-to-date: /home/mondegrin/programs/slon/ros2_ws/install/gps/lib/python3.10/site-packages/gps/gps_s__rosidl_typesupport_c.cpython-310-x86_64-linux-gnu.so
[0.329s] -- Up-to-date: /home/mondegrin/programs/slon/ros2_ws/install/gps/lib/libgps__rosidl_generator_py.so
[0.329s] -- Up-to-date: /home/mondegrin/programs/slon/ros2_ws/install/gps/share/gps/msg/GPS.idl
[0.329s] -- Up-to-date: /home/mondegrin/programs/slon/ros2_ws/install/gps/share/gps/msg/GPS.msg
[0.329s] -- Up-to-date: /home/mondegrin/programs/slon/ros2_ws/install/gps/share/ament_index/resource_index/package_run_dependencies/gps
[0.329s] -- Up-to-date: /home/mondegrin/programs/slon/ros2_ws/install/gps/share/ament_index/resource_index/parent_prefix_path/gps
[0.330s] -- Up-to-date: /home/mondegrin/programs/slon/ros2_ws/install/gps/share/gps/environment/ament_prefix_path.sh
[0.330s] -- Up-to-date: /home/mondegrin/programs/slon/ros2_ws/install/gps/share/gps/environment/ament_prefix_path.dsv
[0.330s] -- Up-to-date: /home/mondegrin/programs/slon/ros2_ws/install/gps/share/gps/environment/path.sh
[0.330s] -- Up-to-date: /home/mondegrin/programs/slon/ros2_ws/install/gps/share/gps/environment/path.dsv
[0.330s] -- Up-to-date: /home/mondegrin/programs/slon/ros2_ws/install/gps/share/gps/local_setup.bash
[0.330s] -- Up-to-date: /home/mondegrin/programs/slon/ros2_ws/install/gps/share/gps/local_setup.sh
[0.330s] -- Up-to-date: /home/mondegrin/programs/slon/ros2_ws/install/gps/share/gps/local_setup.zsh
[0.330s] -- Up-to-date: /home/mondegrin/programs/slon/ros2_ws/install/gps/share/gps/local_setup.dsv
[0.330s] -- Installing: /home/mondegrin/programs/slon/ros2_ws/install/gps/share/gps/package.dsv
[0.330s] -- Up-to-date: /home/mondegrin/programs/slon/ros2_ws/install/gps/share/ament_index/resource_index/packages/gps
[0.331s] -- Up-to-date: /home/mondegrin/programs/slon/ros2_ws/install/gps/share/gps/cmake/export_gps__rosidl_generator_cExport.cmake
[0.331s] -- Up-to-date: /home/mondegrin/programs/slon/ros2_ws/install/gps/share/gps/cmake/export_gps__rosidl_generator_cExport-noconfig.cmake
[0.331s] -- Up-to-date: /home/mondegrin/programs/slon/ros2_ws/install/gps/share/gps/cmake/export_gps__rosidl_typesupport_fastrtps_cExport.cmake
[0.331s] -- Up-to-date: /home/mondegrin/programs/slon/ros2_ws/install/gps/share/gps/cmake/export_gps__rosidl_typesupport_fastrtps_cExport-noconfig.cmake
[0.331s] -- Up-to-date: /home/mondegrin/programs/slon/ros2_ws/install/gps/share/gps/cmake/export_gps__rosidl_generator_cppExport.cmake
[0.331s] -- Up-to-date: /home/mondegrin/programs/slon/ros2_ws/install/gps/share/gps/cmake/export_gps__rosidl_typesupport_fastrtps_cppExport.cmake
[0.331s] -- Up-to-date: /home/mondegrin/programs/slon/ros2_ws/install/gps/share/gps/cmake/export_gps__rosidl_typesupport_fastrtps_cppExport-noconfig.cmake
[0.331s] -- Up-to-date: /home/mondegrin/programs/slon/ros2_ws/install/gps/share/gps/cmake/gps__rosidl_typesupport_introspection_cExport.cmake
[0.331s] -- Up-to-date: /home/mondegrin/programs/slon/ros2_ws/install/gps/share/gps/cmake/gps__rosidl_typesupport_introspection_cExport-noconfig.cmake
[0.331s] -- Up-to-date: /home/mondegrin/programs/slon/ros2_ws/install/gps/share/gps/cmake/gps__rosidl_typesupport_cExport.cmake
[0.331s] -- Up-to-date: /home/mondegrin/programs/slon/ros2_ws/install/gps/share/gps/cmake/gps__rosidl_typesupport_cExport-noconfig.cmake
[0.331s] -- Up-to-date: /home/mondegrin/programs/slon/ros2_ws/install/gps/share/gps/cmake/gps__rosidl_typesupport_introspection_cppExport.cmake
[0.331s] -- Up-to-date: /home/mondegrin/programs/slon/ros2_ws/install/gps/share/gps/cmake/gps__rosidl_typesupport_introspection_cppExport-noconfig.cmake
[0.331s] -- Up-to-date: /home/mondegrin/programs/slon/ros2_ws/install/gps/share/gps/cmake/gps__rosidl_typesupport_cppExport.cmake
[0.331s] -- Up-to-date: /home/mondegrin/programs/slon/ros2_ws/install/gps/share/gps/cmake/gps__rosidl_typesupport_cppExport-noconfig.cmake
[0.331s] -- Up-to-date: /home/mondegrin/programs/slon/ros2_ws/install/gps/share/gps/cmake/export_gps__rosidl_generator_pyExport.cmake
[0.331s] -- Up-to-date: /home/mondegrin/programs/slon/ros2_ws/install/gps/share/gps/cmake/export_gps__rosidl_generator_pyExport-noconfig.cmake
[0.331s] -- Up-to-date: /home/mondegrin/programs/slon/ros2_ws/install/gps/share/gps/cmake/rosidl_cmake-extras.cmake
[0.331s] -- Up-to-date: /home/mondegrin/programs/slon/ros2_ws/install/gps/share/gps/cmake/ament_cmake_export_include_directories-extras.cmake
[0.331s] -- Up-to-date: /home/mondegrin/programs/slon/ros2_ws/install/gps/share/gps/cmake/ament_cmake_export_libraries-extras.cmake
[0.331s] -- Up-to-date: /home/mondegrin/programs/slon/ros2_ws/install/gps/share/gps/cmake/ament_cmake_export_targets-extras.cmake
[0.331s] -- Up-to-date: /home/mondegrin/programs/slon/ros2_ws/install/gps/share/gps/cmake/rosidl_cmake_export_typesupport_targets-extras.cmake
[0.331s] -- Up-to-date: /home/mondegrin/programs/slon/ros2_ws/install/gps/share/gps/cmake/ament_cmake_export_dependencies-extras.cmake
[0.331s] -- Up-to-date: /home/mondegrin/programs/slon/ros2_ws/install/gps/share/gps/cmake/rosidl_cmake_export_typesupport_libraries-extras.cmake
[0.331s] -- Up-to-date: /home/mondegrin/programs/slon/ros2_ws/install/gps/share/gps/cmake/gpsConfig.cmake
[0.331s] -- Up-to-date: /home/mondegrin/programs/slon/ros2_ws/install/gps/share/gps/cmake/gpsConfig-version.cmake
[0.331s] -- Up-to-date: /home/mondegrin/programs/slon/ros2_ws/install/gps/share/gps/package.xml
[0.332s] Invoked command in '/home/mondegrin/programs/slon/ros2_ws/build/gps' returned '0': CMAKE_PREFIX_PATH=${CMAKE_PREFIX_PATH}:/opt/ros/iron /usr/bin/cmake --install /home/mondegrin/programs/slon/ros2_ws/build/gps
