[0.605s] Invoking command in '/home/mondegrin/programs/slon/microros_ws/firmware/mcu_ws/build/nav_msgs': AMENT_PREFIX_PATH=/home/mondegrin/programs/slon/microros_ws/firmware/mcu_ws/install:${AMENT_PREFIX_PATH} CMAKE_PREFIX_PATH=/home/mondegrin/programs/slon/microros_ws/firmware/mcu_ws/install:/home/mondegrin/programs/slon/microros_ws/firmware/dev_ws/install/ament_lint_common:/home/mondegrin/programs/slon/microros_ws/firmware/dev_ws/install/ament_cmake_uncrustify:/home/mondegrin/programs/slon/microros_ws/firmware/dev_ws/install/uncrustify_vendor:/home/mondegrin/programs/slon/microros_ws/firmware/dev_ws/install/ament_cmake_ros:/home/mondegrin/programs/slon/microros_ws/firmware/dev_ws/install/ament_cmake_gmock:/home/mondegrin/programs/slon/microros_ws/firmware/dev_ws/install/gmock_vendor:/home/mondegrin/programs/slon/microros_ws/firmware/dev_ws/install/ament_cmake_auto:/home/mondegrin/programs/slon/microros_ws/firmware/dev_ws/install/ament_cmake_gtest:/home/mondegrin/programs/slon/microros_ws/firmware/dev_ws/install/gtest_vendor:/home/mondegrin/programs/slon/microros_ws/firmware/dev_ws/install/ament_cmake_xmllint:/home/mondegrin/programs/slon/microros_ws/firmware/dev_ws/install/ament_cmake_pyflakes:/home/mondegrin/programs/slon/microros_ws/firmware/dev_ws/install/ament_cmake_pycodestyle:/home/mondegrin/programs/slon/microros_ws/firmware/dev_ws/install/ament_cmake_pep257:/home/mondegrin/programs/slon/microros_ws/firmware/dev_ws/install/ament_cmake_pclint:/home/mondegrin/programs/slon/microros_ws/firmware/dev_ws/install/ament_lint_auto:/home/mondegrin/programs/slon/microros_ws/firmware/dev_ws/install/ament_cmake:/home/mondegrin/programs/slon/microros_ws/firmware/dev_ws/install/ament_cmake_version:/home/mondegrin/programs/slon/microros_ws/firmware/dev_ws/install/ament_cmake_vendor_package:/home/mondegrin/programs/slon/microros_ws/firmware/dev_ws/install/ament_cmake_pytest:/home/mondegrin/programs/slon/microros_ws/firmware/dev_ws/install/ament_cmake_mypy:/home/mondegrin/programs/slon/microros_ws/firmware/dev_ws/install/ament_cmake_lint_cmake:/home/mondegrin/programs/slon/microros_ws/firmware/dev_ws/install/ament_cmake_google_benchmark:/home/mondegrin/programs/slon/microros_ws/firmware/dev_ws/install/ament_cmake_flake8:/home/mondegrin/programs/slon/microros_ws/firmware/dev_ws/install/ament_cmake_cpplint:/home/mondegrin/programs/slon/microros_ws/firmware/dev_ws/install/ament_cmake_cppcheck:/home/mondegrin/programs/slon/microros_ws/firmware/dev_ws/install/ament_cmake_copyright:/home/mondegrin/programs/slon/microros_ws/firmware/dev_ws/install/ament_cmake_clang_tidy:/home/mondegrin/programs/slon/microros_ws/firmware/dev_ws/install/ament_cmake_clang_format:/home/mondegrin/programs/slon/microros_ws/firmware/dev_ws/install/ament_cmake_test:/home/mondegrin/programs/slon/microros_ws/firmware/dev_ws/install/ament_cmake_target_dependencies:/home/mondegrin/programs/slon/microros_ws/firmware/dev_ws/install/ament_cmake_python:/home/mondegrin/programs/slon/microros_ws/firmware/dev_ws/install/ament_cmake_export_dependencies:/home/mondegrin/programs/slon/microros_ws/firmware/dev_ws/install/ament_cmake_libraries:/home/mondegrin/programs/slon/microros_ws/firmware/dev_ws/install/ament_cmake_include_directories:/home/mondegrin/programs/slon/microros_ws/firmware/dev_ws/install/ament_cmake_gen_version_h:/home/mondegrin/programs/slon/microros_ws/firmware/dev_ws/install/ament_cmake_export_targets:/home/mondegrin/programs/slon/microros_ws/firmware/dev_ws/install/ament_cmake_export_link_flags:/home/mondegrin/programs/slon/microros_ws/firmware/dev_ws/install/ament_cmake_export_interfaces:/home/mondegrin/programs/slon/microros_ws/firmware/dev_ws/install/ament_cmake_export_libraries:/home/mondegrin/programs/slon/microros_ws/firmware/dev_ws/install/ament_cmake_export_include_directories:/home/mondegrin/programs/slon/microros_ws/firmware/dev_ws/install/ament_cmake_export_definitions:/home/mondegrin/programs/slon/microros_ws/firmware/dev_ws/install/ament_cmake_core:/home/mondegrin/programs/slon/microros_ws/firmware/dev_ws/install/ament_index_cpp:/home/mondegrin/programs/slon/microros_ws/firmware/dev_ws/install/ament_uncrustify:/home/mondegrin/programs/slon/microros_ws/firmware/dev_ws/install/domain_coordinator:/home/mondegrin/programs/slon/microros_ws/firmware/dev_ws/install/ament_xmllint:/home/mondegrin/programs/slon/microros_ws/firmware/dev_ws/install/ament_pyflakes:/home/mondegrin/programs/slon/microros_ws/firmware/dev_ws/install/ament_pycodestyle:/home/mondegrin/programs/slon/microros_ws/firmware/dev_ws/install/ament_pep257:/home/mondegrin/programs/slon/microros_ws/firmware/dev_ws/install/ament_pclint:/home/mondegrin/programs/slon/microros_ws/firmware/dev_ws/install/ament_package:/home/mondegrin/programs/slon/microros_ws/firmware/dev_ws/install/ament_mypy:/home/mondegrin/programs/slon/microros_ws/firmware/dev_ws/install/ament_lint_cmake:/home/mondegrin/programs/slon/microros_ws/firmware/dev_ws/install/ament_flake8:/home/mondegrin/programs/slon/microros_ws/firmware/dev_ws/install/ament_copyright:/home/mondegrin/programs/slon/microros_ws/firmware/dev_ws/install/ament_lint:/home/mondegrin/programs/slon/microros_ws/firmware/dev_ws/install/ament_index_python:/home/mondegrin/programs/slon/microros_ws/firmware/dev_ws/install/ament_cpplint:/home/mondegrin/programs/slon/microros_ws/firmware/dev_ws/install/ament_cppcheck:/home/mondegrin/programs/slon/microros_ws/firmware/dev_ws/install/ament_clang_tidy:/home/mondegrin/programs/slon/microros_ws/firmware/dev_ws/install/ament_clang_format LD_LIBRARY_PATH=/home/mondegrin/programs/slon/microros_ws/firmware/mcu_ws/install/lib:${LD_LIBRARY_PATH} PATH=/home/mondegrin/programs/slon/microros_ws/firmware/mcu_ws/install/bin:${PATH} PYTHONPATH=/home/mondegrin/programs/slon/microros_ws/firmware/mcu_ws/install/lib/python3.10/site-packages:${PYTHONPATH} /usr/bin/cmake --build /home/mondegrin/programs/slon/microros_ws/firmware/mcu_ws/build/nav_msgs -- -j16 -l16
[0.624s] gmake[4]: Entering directory '/home/mondegrin/programs/slon/microros_ws/firmware/mcu_ws/build/nav_msgs'
[0.624s] /usr/bin/cmake -S/home/mondegrin/programs/slon/microros_ws/firmware/mcu_ws/ros2/common_interfaces/nav_msgs -B/home/mondegrin/programs/slon/microros_ws/firmware/mcu_ws/build/nav_msgs --check-build-system CMakeFiles/Makefile.cmake 0
[0.644s] Re-run cmake file: Makefile older than: /home/mondegrin/programs/slon/microros_ws/firmware/freertos_apps/microros_esp32_extensions/esp32_toolchain.cmake
[0.659s] -- Found ament_cmake: 2.0.3 (/home/mondegrin/programs/slon/microros_ws/firmware/dev_ws/install/ament_cmake/share/ament_cmake/cmake)
[1.218s] -- Found builtin_interfaces: 1.6.0 (/home/mondegrin/programs/slon/microros_ws/firmware/mcu_ws/install/share/builtin_interfaces/cmake)
[1.286s] [33mCMake Warning at /home/mondegrin/programs/slon/microros_ws/firmware/mcu_ws/install/share/rcutils/cmake/ament_cmake_export_libraries-extras.cmake:116 (message):
[1.286s]   Package 'rcutils' exports library 'dl' which couldn't be found
[1.287s] Call Stack (most recent call first):
[1.287s]   /home/mondegrin/programs/slon/microros_ws/firmware/mcu_ws/install/share/rcutils/cmake/rcutilsConfig.cmake:41 (include)
[1.287s]   /home/mondegrin/programs/slon/microros_ws/firmware/mcu_ws/install/share/rosidl_runtime_c/cmake/ament_cmake_export_dependencies-extras.cmake:21 (find_package)
[1.288s]   /home/mondegrin/programs/slon/microros_ws/firmware/mcu_ws/install/share/rosidl_runtime_c/cmake/rosidl_runtime_cConfig.cmake:41 (include)
[1.288s]   /home/mondegrin/programs/slon/microros_ws/firmware/mcu_ws/install/share/builtin_interfaces/cmake/ament_cmake_export_dependencies-extras.cmake:21 (find_package)
[1.288s]   /home/mondegrin/programs/slon/microros_ws/firmware/mcu_ws/install/share/builtin_interfaces/cmake/builtin_interfacesConfig.cmake:41 (include)
[1.289s]   CMakeLists.txt:15 (find_package)
[1.289s] 
[1.289s] [0m
[1.328s] -- Using all available rosidl_typesupport_c: rosidl_typesupport_introspection_c;rosidl_typesupport_microxrcedds_c
[1.441s] -- Found rosidl_adapter: 4.0.1 (/home/mondegrin/programs/slon/microros_ws/firmware/mcu_ws/install/share/rosidl_adapter/cmake)
[1.517s] -- Found geometry_msgs: 5.0.0 (/home/mondegrin/programs/slon/microros_ws/firmware/mcu_ws/install/share/geometry_msgs/cmake)
[1.578s] -- Found rosidl_default_generators: 1.5.0 (/home/mondegrin/programs/slon/microros_ws/firmware/mcu_ws/install/share/rosidl_default_generators/cmake)
[3.656s] -- Found ament_cmake_ros: 0.11.2 (/home/mondegrin/programs/slon/microros_ws/firmware/dev_ws/install/ament_cmake_ros/share/ament_cmake_ros/cmake)
[4.349s] -- Using all available rosidl_typesupport_c: rosidl_typesupport_introspection_c;rosidl_typesupport_microxrcedds_c
[4.386s] -- Configuring done
[4.526s] -- Generating done
[4.539s] -- Build files have been written to: /home/mondegrin/programs/slon/microros_ws/firmware/mcu_ws/build/nav_msgs
[4.557s] /usr/bin/cmake -E cmake_progress_start /home/mondegrin/programs/slon/microros_ws/firmware/mcu_ws/build/nav_msgs/CMakeFiles /home/mondegrin/programs/slon/microros_ws/firmware/mcu_ws/build/nav_msgs//CMakeFiles/progress.marks
[4.582s] /usr/bin/gmake  -f CMakeFiles/Makefile2 all
[4.589s] gmake[5]: Entering directory '/home/mondegrin/programs/slon/microros_ws/firmware/mcu_ws/build/nav_msgs'
[4.590s] /usr/bin/gmake  -f CMakeFiles/nav_msgs__rosidl_generator_type_description.dir/build.make CMakeFiles/nav_msgs__rosidl_generator_type_description.dir/depend
[4.599s] gmake[6]: Entering directory '/home/mondegrin/programs/slon/microros_ws/firmware/mcu_ws/build/nav_msgs'
[4.600s] cd /home/mondegrin/programs/slon/microros_ws/firmware/mcu_ws/build/nav_msgs && /usr/bin/cmake -E cmake_depends "Unix Makefiles" /home/mondegrin/programs/slon/microros_ws/firmware/mcu_ws/ros2/common_interfaces/nav_msgs /home/mondegrin/programs/slon/microros_ws/firmware/mcu_ws/ros2/common_interfaces/nav_msgs /home/mondegrin/programs/slon/microros_ws/firmware/mcu_ws/build/nav_msgs /home/mondegrin/programs/slon/microros_ws/firmware/mcu_ws/build/nav_msgs /home/mondegrin/programs/slon/microros_ws/firmware/mcu_ws/build/nav_msgs/CMakeFiles/nav_msgs__rosidl_generator_type_description.dir/DependInfo.cmake --color=
[4.640s] gmake[6]: Leaving directory '/home/mondegrin/programs/slon/microros_ws/firmware/mcu_ws/build/nav_msgs'
[4.640s] /usr/bin/gmake  -f CMakeFiles/nav_msgs__rosidl_generator_type_description.dir/build.make CMakeFiles/nav_msgs__rosidl_generator_type_description.dir/build
[4.641s] gmake[6]: Entering directory '/home/mondegrin/programs/slon/microros_ws/firmware/mcu_ws/build/nav_msgs'
[4.642s] gmake[6]: Nothing to be done for 'CMakeFiles/nav_msgs__rosidl_generator_type_description.dir/build'.
[4.642s] gmake[6]: Leaving directory '/home/mondegrin/programs/slon/microros_ws/firmware/mcu_ws/build/nav_msgs'
[4.654s] [  1%] Built target nav_msgs__rosidl_generator_type_description
[4.658s] /usr/bin/gmake  -f CMakeFiles/nav_msgs__rosidl_generator_c.dir/build.make CMakeFiles/nav_msgs__rosidl_generator_c.dir/depend
[4.666s] gmake[6]: Entering directory '/home/mondegrin/programs/slon/microros_ws/firmware/mcu_ws/build/nav_msgs'
[4.667s] cd /home/mondegrin/programs/slon/microros_ws/firmware/mcu_ws/build/nav_msgs && /usr/bin/cmake -E cmake_depends "Unix Makefiles" /home/mondegrin/programs/slon/microros_ws/firmware/mcu_ws/ros2/common_interfaces/nav_msgs /home/mondegrin/programs/slon/microros_ws/firmware/mcu_ws/ros2/common_interfaces/nav_msgs /home/mondegrin/programs/slon/microros_ws/firmware/mcu_ws/build/nav_msgs /home/mondegrin/programs/slon/microros_ws/firmware/mcu_ws/build/nav_msgs /home/mondegrin/programs/slon/microros_ws/firmware/mcu_ws/build/nav_msgs/CMakeFiles/nav_msgs__rosidl_generator_c.dir/DependInfo.cmake --color=
[4.689s] Dependencies file "CMakeFiles/nav_msgs__rosidl_generator_c.dir/rosidl_generator_c/nav_msgs/msg/detail/grid_cells__description.c.obj.d" is newer than depends file "/home/mondegrin/programs/slon/microros_ws/firmware/mcu_ws/build/nav_msgs/CMakeFiles/nav_msgs__rosidl_generator_c.dir/compiler_depend.internal".
[4.690s] Dependencies file "CMakeFiles/nav_msgs__rosidl_generator_c.dir/rosidl_generator_c/nav_msgs/msg/detail/grid_cells__functions.c.obj.d" is newer than depends file "/home/mondegrin/programs/slon/microros_ws/firmware/mcu_ws/build/nav_msgs/CMakeFiles/nav_msgs__rosidl_generator_c.dir/compiler_depend.internal".
[4.695s] Dependencies file "CMakeFiles/nav_msgs__rosidl_generator_c.dir/rosidl_generator_c/nav_msgs/msg/detail/grid_cells__type_support.c.obj.d" is newer than depends file "/home/mondegrin/programs/slon/microros_ws/firmware/mcu_ws/build/nav_msgs/CMakeFiles/nav_msgs__rosidl_generator_c.dir/compiler_depend.internal".
[4.696s] Dependencies file "CMakeFiles/nav_msgs__rosidl_generator_c.dir/rosidl_generator_c/nav_msgs/msg/detail/map_meta_data__description.c.obj.d" is newer than depends file "/home/mondegrin/programs/slon/microros_ws/firmware/mcu_ws/build/nav_msgs/CMakeFiles/nav_msgs__rosidl_generator_c.dir/compiler_depend.internal".
[4.701s] Dependencies file "CMakeFiles/nav_msgs__rosidl_generator_c.dir/rosidl_generator_c/nav_msgs/msg/detail/map_meta_data__functions.c.obj.d" is newer than depends file "/home/mondegrin/programs/slon/microros_ws/firmware/mcu_ws/build/nav_msgs/CMakeFiles/nav_msgs__rosidl_generator_c.dir/compiler_depend.internal".
[4.702s] Dependencies file "CMakeFiles/nav_msgs__rosidl_generator_c.dir/rosidl_generator_c/nav_msgs/msg/detail/map_meta_data__type_support.c.obj.d" is newer than depends file "/home/mondegrin/programs/slon/microros_ws/firmware/mcu_ws/build/nav_msgs/CMakeFiles/nav_msgs__rosidl_generator_c.dir/compiler_depend.internal".
[4.702s] Dependencies file "CMakeFiles/nav_msgs__rosidl_generator_c.dir/rosidl_generator_c/nav_msgs/msg/detail/occupancy_grid__description.c.obj.d" is newer than depends file "/home/mondegrin/programs/slon/microros_ws/firmware/mcu_ws/build/nav_msgs/CMakeFiles/nav_msgs__rosidl_generator_c.dir/compiler_depend.internal".
[4.705s] Dependencies file "CMakeFiles/nav_msgs__rosidl_generator_c.dir/rosidl_generator_c/nav_msgs/msg/detail/occupancy_grid__functions.c.obj.d" is newer than depends file "/home/mondegrin/programs/slon/microros_ws/firmware/mcu_ws/build/nav_msgs/CMakeFiles/nav_msgs__rosidl_generator_c.dir/compiler_depend.internal".
[4.707s] Dependencies file "CMakeFiles/nav_msgs__rosidl_generator_c.dir/rosidl_generator_c/nav_msgs/msg/detail/occupancy_grid__type_support.c.obj.d" is newer than depends file "/home/mondegrin/programs/slon/microros_ws/firmware/mcu_ws/build/nav_msgs/CMakeFiles/nav_msgs__rosidl_generator_c.dir/compiler_depend.internal".
[4.707s] Dependencies file "CMakeFiles/nav_msgs__rosidl_generator_c.dir/rosidl_generator_c/nav_msgs/msg/detail/odometry__description.c.obj.d" is newer than depends file "/home/mondegrin/programs/slon/microros_ws/firmware/mcu_ws/build/nav_msgs/CMakeFiles/nav_msgs__rosidl_generator_c.dir/compiler_depend.internal".
[4.708s] Dependencies file "CMakeFiles/nav_msgs__rosidl_generator_c.dir/rosidl_generator_c/nav_msgs/msg/detail/odometry__functions.c.obj.d" is newer than depends file "/home/mondegrin/programs/slon/microros_ws/firmware/mcu_ws/build/nav_msgs/CMakeFiles/nav_msgs__rosidl_generator_c.dir/compiler_depend.internal".
[4.709s] Dependencies file "CMakeFiles/nav_msgs__rosidl_generator_c.dir/rosidl_generator_c/nav_msgs/msg/detail/odometry__type_support.c.obj.d" is newer than depends file "/home/mondegrin/programs/slon/microros_ws/firmware/mcu_ws/build/nav_msgs/CMakeFiles/nav_msgs__rosidl_generator_c.dir/compiler_depend.internal".
[4.710s] Dependencies file "CMakeFiles/nav_msgs__rosidl_generator_c.dir/rosidl_generator_c/nav_msgs/msg/detail/path__description.c.obj.d" is newer than depends file "/home/mondegrin/programs/slon/microros_ws/firmware/mcu_ws/build/nav_msgs/CMakeFiles/nav_msgs__rosidl_generator_c.dir/compiler_depend.internal".
[4.711s] Dependencies file "CMakeFiles/nav_msgs__rosidl_generator_c.dir/rosidl_generator_c/nav_msgs/msg/detail/path__functions.c.obj.d" is newer than depends file "/home/mondegrin/programs/slon/microros_ws/firmware/mcu_ws/build/nav_msgs/CMakeFiles/nav_msgs__rosidl_generator_c.dir/compiler_depend.internal".
[4.715s] Dependencies file "CMakeFiles/nav_msgs__rosidl_generator_c.dir/rosidl_generator_c/nav_msgs/msg/detail/path__type_support.c.obj.d" is newer than depends file "/home/mondegrin/programs/slon/microros_ws/firmware/mcu_ws/build/nav_msgs/CMakeFiles/nav_msgs__rosidl_generator_c.dir/compiler_depend.internal".
[4.715s] Dependencies file "CMakeFiles/nav_msgs__rosidl_generator_c.dir/rosidl_generator_c/nav_msgs/srv/detail/get_map__description.c.obj.d" is newer than depends file "/home/mondegrin/programs/slon/microros_ws/firmware/mcu_ws/build/nav_msgs/CMakeFiles/nav_msgs__rosidl_generator_c.dir/compiler_depend.internal".
[4.716s] Dependencies file "CMakeFiles/nav_msgs__rosidl_generator_c.dir/rosidl_generator_c/nav_msgs/srv/detail/get_map__functions.c.obj.d" is newer than depends file "/home/mondegrin/programs/slon/microros_ws/firmware/mcu_ws/build/nav_msgs/CMakeFiles/nav_msgs__rosidl_generator_c.dir/compiler_depend.internal".
[4.716s] Dependencies file "CMakeFiles/nav_msgs__rosidl_generator_c.dir/rosidl_generator_c/nav_msgs/srv/detail/get_map__type_support.c.obj.d" is newer than depends file "/home/mondegrin/programs/slon/microros_ws/firmware/mcu_ws/build/nav_msgs/CMakeFiles/nav_msgs__rosidl_generator_c.dir/compiler_depend.internal".
[4.717s] Dependencies file "CMakeFiles/nav_msgs__rosidl_generator_c.dir/rosidl_generator_c/nav_msgs/srv/detail/get_plan__description.c.obj.d" is newer than depends file "/home/mondegrin/programs/slon/microros_ws/firmware/mcu_ws/build/nav_msgs/CMakeFiles/nav_msgs__rosidl_generator_c.dir/compiler_depend.internal".
[4.717s] Dependencies file "CMakeFiles/nav_msgs__rosidl_generator_c.dir/rosidl_generator_c/nav_msgs/srv/detail/get_plan__functions.c.obj.d" is newer than depends file "/home/mondegrin/programs/slon/microros_ws/firmware/mcu_ws/build/nav_msgs/CMakeFiles/nav_msgs__rosidl_generator_c.dir/compiler_depend.internal".
[4.717s] Dependencies file "CMakeFiles/nav_msgs__rosidl_generator_c.dir/rosidl_generator_c/nav_msgs/srv/detail/get_plan__type_support.c.obj.d" is newer than depends file "/home/mondegrin/programs/slon/microros_ws/firmware/mcu_ws/build/nav_msgs/CMakeFiles/nav_msgs__rosidl_generator_c.dir/compiler_depend.internal".
[4.718s] Dependencies file "CMakeFiles/nav_msgs__rosidl_generator_c.dir/rosidl_generator_c/nav_msgs/srv/detail/load_map__description.c.obj.d" is newer than depends file "/home/mondegrin/programs/slon/microros_ws/firmware/mcu_ws/build/nav_msgs/CMakeFiles/nav_msgs__rosidl_generator_c.dir/compiler_depend.internal".
[4.718s] Dependencies file "CMakeFiles/nav_msgs__rosidl_generator_c.dir/rosidl_generator_c/nav_msgs/srv/detail/load_map__functions.c.obj.d" is newer than depends file "/home/mondegrin/programs/slon/microros_ws/firmware/mcu_ws/build/nav_msgs/CMakeFiles/nav_msgs__rosidl_generator_c.dir/compiler_depend.internal".
[4.718s] Dependencies file "CMakeFiles/nav_msgs__rosidl_generator_c.dir/rosidl_generator_c/nav_msgs/srv/detail/load_map__type_support.c.obj.d" is newer than depends file "/home/mondegrin/programs/slon/microros_ws/firmware/mcu_ws/build/nav_msgs/CMakeFiles/nav_msgs__rosidl_generator_c.dir/compiler_depend.internal".
[4.719s] Dependencies file "CMakeFiles/nav_msgs__rosidl_generator_c.dir/rosidl_generator_c/nav_msgs/srv/detail/set_map__description.c.obj.d" is newer than depends file "/home/mondegrin/programs/slon/microros_ws/firmware/mcu_ws/build/nav_msgs/CMakeFiles/nav_msgs__rosidl_generator_c.dir/compiler_depend.internal".
[4.720s] Dependencies file "CMakeFiles/nav_msgs__rosidl_generator_c.dir/rosidl_generator_c/nav_msgs/srv/detail/set_map__functions.c.obj.d" is newer than depends file "/home/mondegrin/programs/slon/microros_ws/firmware/mcu_ws/build/nav_msgs/CMakeFiles/nav_msgs__rosidl_generator_c.dir/compiler_depend.internal".
[4.721s] Dependencies file "CMakeFiles/nav_msgs__rosidl_generator_c.dir/rosidl_generator_c/nav_msgs/srv/detail/set_map__type_support.c.obj.d" is newer than depends file "/home/mondegrin/programs/slon/microros_ws/firmware/mcu_ws/build/nav_msgs/CMakeFiles/nav_msgs__rosidl_generator_c.dir/compiler_depend.internal".
[4.721s] [35m[1mConsolidate compiler generated dependencies of target nav_msgs__rosidl_generator_c[0m
[4.730s] gmake[6]: Leaving directory '/home/mondegrin/programs/slon/microros_ws/firmware/mcu_ws/build/nav_msgs'
[4.731s] /usr/bin/gmake  -f CMakeFiles/nav_msgs__rosidl_generator_c.dir/build.make CMakeFiles/nav_msgs__rosidl_generator_c.dir/build
[4.749s] gmake[6]: Entering directory '/home/mondegrin/programs/slon/microros_ws/firmware/mcu_ws/build/nav_msgs'
[4.750s] gmake[6]: Nothing to be done for 'CMakeFiles/nav_msgs__rosidl_generator_c.dir/build'.
[4.750s] gmake[6]: Leaving directory '/home/mondegrin/programs/slon/microros_ws/firmware/mcu_ws/build/nav_msgs'
[4.774s] [ 47%] Built target nav_msgs__rosidl_generator_c
[4.776s] /usr/bin/gmake  -f CMakeFiles/nav_msgs__rosidl_typesupport_c.dir/build.make CMakeFiles/nav_msgs__rosidl_typesupport_c.dir/depend
[4.777s] /usr/bin/gmake  -f CMakeFiles/nav_msgs__rosidl_typesupport_introspection_c.dir/build.make CMakeFiles/nav_msgs__rosidl_typesupport_introspection_c.dir/depend
[4.778s] /usr/bin/gmake  -f CMakeFiles/nav_msgs__rosidl_typesupport_microxrcedds_c.dir/build.make CMakeFiles/nav_msgs__rosidl_typesupport_microxrcedds_c.dir/depend
[4.787s] gmake[6]: Entering directory '/home/mondegrin/programs/slon/microros_ws/firmware/mcu_ws/build/nav_msgs'
[4.788s] cd /home/mondegrin/programs/slon/microros_ws/firmware/mcu_ws/build/nav_msgs && /usr/bin/cmake -E cmake_depends "Unix Makefiles" /home/mondegrin/programs/slon/microros_ws/firmware/mcu_ws/ros2/common_interfaces/nav_msgs /home/mondegrin/programs/slon/microros_ws/firmware/mcu_ws/ros2/common_interfaces/nav_msgs /home/mondegrin/programs/slon/microros_ws/firmware/mcu_ws/build/nav_msgs /home/mondegrin/programs/slon/microros_ws/firmware/mcu_ws/build/nav_msgs /home/mondegrin/programs/slon/microros_ws/firmware/mcu_ws/build/nav_msgs/CMakeFiles/nav_msgs__rosidl_typesupport_c.dir/DependInfo.cmake --color=
[4.793s] gmake[6]: Entering directory '/home/mondegrin/programs/slon/microros_ws/firmware/mcu_ws/build/nav_msgs'
[4.794s] cd /home/mondegrin/programs/slon/microros_ws/firmware/mcu_ws/build/nav_msgs && /usr/bin/cmake -E cmake_depends "Unix Makefiles" /home/mondegrin/programs/slon/microros_ws/firmware/mcu_ws/ros2/common_interfaces/nav_msgs /home/mondegrin/programs/slon/microros_ws/firmware/mcu_ws/ros2/common_interfaces/nav_msgs /home/mondegrin/programs/slon/microros_ws/firmware/mcu_ws/build/nav_msgs /home/mondegrin/programs/slon/microros_ws/firmware/mcu_ws/build/nav_msgs /home/mondegrin/programs/slon/microros_ws/firmware/mcu_ws/build/nav_msgs/CMakeFiles/nav_msgs__rosidl_typesupport_introspection_c.dir/DependInfo.cmake --color=
[4.794s] gmake[6]: Entering directory '/home/mondegrin/programs/slon/microros_ws/firmware/mcu_ws/build/nav_msgs'
[4.794s] cd /home/mondegrin/programs/slon/microros_ws/firmware/mcu_ws/build/nav_msgs && /usr/bin/cmake -E cmake_depends "Unix Makefiles" /home/mondegrin/programs/slon/microros_ws/firmware/mcu_ws/ros2/common_interfaces/nav_msgs /home/mondegrin/programs/slon/microros_ws/firmware/mcu_ws/ros2/common_interfaces/nav_msgs /home/mondegrin/programs/slon/microros_ws/firmware/mcu_ws/build/nav_msgs /home/mondegrin/programs/slon/microros_ws/firmware/mcu_ws/build/nav_msgs /home/mondegrin/programs/slon/microros_ws/firmware/mcu_ws/build/nav_msgs/CMakeFiles/nav_msgs__rosidl_typesupport_microxrcedds_c.dir/DependInfo.cmake --color=
[4.811s] Dependencies file "CMakeFiles/nav_msgs__rosidl_typesupport_c.dir/rosidl_typesupport_c/nav_msgs/msg/grid_cells__type_support.cpp.obj.d" is newer than depends file "/home/mondegrin/programs/slon/microros_ws/firmware/mcu_ws/build/nav_msgs/CMakeFiles/nav_msgs__rosidl_typesupport_c.dir/compiler_depend.internal".
[4.813s] Dependencies file "CMakeFiles/nav_msgs__rosidl_typesupport_c.dir/rosidl_typesupport_c/nav_msgs/msg/map_meta_data__type_support.cpp.obj.d" is newer than depends file "/home/mondegrin/programs/slon/microros_ws/firmware/mcu_ws/build/nav_msgs/CMakeFiles/nav_msgs__rosidl_typesupport_c.dir/compiler_depend.internal".
[4.813s] Dependencies file "CMakeFiles/nav_msgs__rosidl_typesupport_c.dir/rosidl_typesupport_c/nav_msgs/msg/occupancy_grid__type_support.cpp.obj.d" is newer than depends file "/home/mondegrin/programs/slon/microros_ws/firmware/mcu_ws/build/nav_msgs/CMakeFiles/nav_msgs__rosidl_typesupport_c.dir/compiler_depend.internal".
[4.813s] Dependencies file "CMakeFiles/nav_msgs__rosidl_typesupport_c.dir/rosidl_typesupport_c/nav_msgs/msg/odometry__type_support.cpp.obj.d" is newer than depends file "/home/mondegrin/programs/slon/microros_ws/firmware/mcu_ws/build/nav_msgs/CMakeFiles/nav_msgs__rosidl_typesupport_c.dir/compiler_depend.internal".
[4.814s] Dependencies file "CMakeFiles/nav_msgs__rosidl_typesupport_c.dir/rosidl_typesupport_c/nav_msgs/msg/path__type_support.cpp.obj.d" is newer than depends file "/home/mondegrin/programs/slon/microros_ws/firmware/mcu_ws/build/nav_msgs/CMakeFiles/nav_msgs__rosidl_typesupport_c.dir/compiler_depend.internal".
[4.817s] Dependencies file "CMakeFiles/nav_msgs__rosidl_typesupport_c.dir/rosidl_typesupport_c/nav_msgs/srv/get_map__type_support.cpp.obj.d" is newer than depends file "/home/mondegrin/programs/slon/microros_ws/firmware/mcu_ws/build/nav_msgs/CMakeFiles/nav_msgs__rosidl_typesupport_c.dir/compiler_depend.internal".
[4.817s] Dependencies file "CMakeFiles/nav_msgs__rosidl_typesupport_c.dir/rosidl_typesupport_c/nav_msgs/srv/get_plan__type_support.cpp.obj.d" is newer than depends file "/home/mondegrin/programs/slon/microros_ws/firmware/mcu_ws/build/nav_msgs/CMakeFiles/nav_msgs__rosidl_typesupport_c.dir/compiler_depend.internal".
[4.828s] Dependencies file "CMakeFiles/nav_msgs__rosidl_typesupport_introspection_c.dir/rosidl_typesupport_introspection_c/nav_msgs/msg/detail/grid_cells__type_support.c.obj.d" is newer than depends file "/home/mondegrin/programs/slon/microros_ws/firmware/mcu_ws/build/nav_msgs/CMakeFiles/nav_msgs__rosidl_typesupport_introspection_c.dir/compiler_depend.internal".
[4.843s] Dependencies file "CMakeFiles/nav_msgs__rosidl_typesupport_c.dir/rosidl_typesupport_c/nav_msgs/srv/load_map__type_support.cpp.obj.d" is newer than depends file "/home/mondegrin/programs/slon/microros_ws/firmware/mcu_ws/build/nav_msgs/CMakeFiles/nav_msgs__rosidl_typesupport_c.dir/compiler_depend.internal".
[5.041s] Dependencies file "CMakeFiles/nav_msgs__rosidl_typesupport_microxrcedds_c.dir/rosidl_typesupport_microxrcedds_c/nav_msgs/msg/detail/microxrcedds/grid_cells__type_support_c.c.obj.d" is newer than depends file "/home/mondegrin/programs/slon/microros_ws/firmware/mcu_ws/build/nav_msgs/CMakeFiles/nav_msgs__rosidl_typesupport_microxrcedds_c.dir/compiler_depend.internal".
[5.041s] Dependencies file "CMakeFiles/nav_msgs__rosidl_typesupport_introspection_c.dir/rosidl_typesupport_introspection_c/nav_msgs/msg/detail/map_meta_data__type_support.c.obj.d" is newer than depends file "/home/mondegrin/programs/slon/microros_ws/firmware/mcu_ws/build/nav_msgs/CMakeFiles/nav_msgs__rosidl_typesupport_introspection_c.dir/compiler_depend.internal".
[5.042s] Dependencies file "CMakeFiles/nav_msgs__rosidl_typesupport_introspection_c.dir/rosidl_typesupport_introspection_c/nav_msgs/msg/detail/occupancy_grid__type_support.c.obj.d" is newer than depends file "/home/mondegrin/programs/slon/microros_ws/firmware/mcu_ws/build/nav_msgs/CMakeFiles/nav_msgs__rosidl_typesupport_introspection_c.dir/compiler_depend.internal".
[5.044s] Dependencies file "CMakeFiles/nav_msgs__rosidl_typesupport_c.dir/rosidl_typesupport_c/nav_msgs/srv/set_map__type_support.cpp.obj.d" is newer than depends file "/home/mondegrin/programs/slon/microros_ws/firmware/mcu_ws/build/nav_msgs/CMakeFiles/nav_msgs__rosidl_typesupport_c.dir/compiler_depend.internal".
[5.045s] Dependencies file "CMakeFiles/nav_msgs__rosidl_typesupport_microxrcedds_c.dir/rosidl_typesupport_microxrcedds_c/nav_msgs/msg/detail/microxrcedds/map_meta_data__type_support_c.c.obj.d" is newer than depends file "/home/mondegrin/programs/slon/microros_ws/firmware/mcu_ws/build/nav_msgs/CMakeFiles/nav_msgs__rosidl_typesupport_microxrcedds_c.dir/compiler_depend.internal".
[5.047s] Dependencies file "CMakeFiles/nav_msgs__rosidl_typesupport_introspection_c.dir/rosidl_typesupport_introspection_c/nav_msgs/msg/detail/odometry__type_support.c.obj.d" is newer than depends file "/home/mondegrin/programs/slon/microros_ws/firmware/mcu_ws/build/nav_msgs/CMakeFiles/nav_msgs__rosidl_typesupport_introspection_c.dir/compiler_depend.internal".
[5.047s] [35m[1mConsolidate compiler generated dependencies of target nav_msgs__rosidl_typesupport_c[0m
[5.047s] Dependencies file "CMakeFiles/nav_msgs__rosidl_typesupport_microxrcedds_c.dir/rosidl_typesupport_microxrcedds_c/nav_msgs/msg/detail/microxrcedds/occupancy_grid__type_support_c.c.obj.d" is newer than depends file "/home/mondegrin/programs/slon/microros_ws/firmware/mcu_ws/build/nav_msgs/CMakeFiles/nav_msgs__rosidl_typesupport_microxrcedds_c.dir/compiler_depend.internal".
[5.047s] Dependencies file "CMakeFiles/nav_msgs__rosidl_typesupport_introspection_c.dir/rosidl_typesupport_introspection_c/nav_msgs/msg/detail/path__type_support.c.obj.d" is newer than depends file "/home/mondegrin/programs/slon/microros_ws/firmware/mcu_ws/build/nav_msgs/CMakeFiles/nav_msgs__rosidl_typesupport_introspection_c.dir/compiler_depend.internal".
[5.048s] Dependencies file "CMakeFiles/nav_msgs__rosidl_typesupport_introspection_c.dir/rosidl_typesupport_introspection_c/nav_msgs/srv/detail/get_map__type_support.c.obj.d" is newer than depends file "/home/mondegrin/programs/slon/microros_ws/firmware/mcu_ws/build/nav_msgs/CMakeFiles/nav_msgs__rosidl_typesupport_introspection_c.dir/compiler_depend.internal".
[5.048s] Dependencies file "CMakeFiles/nav_msgs__rosidl_typesupport_microxrcedds_c.dir/rosidl_typesupport_microxrcedds_c/nav_msgs/msg/detail/microxrcedds/odometry__type_support_c.c.obj.d" is newer than depends file "/home/mondegrin/programs/slon/microros_ws/firmware/mcu_ws/build/nav_msgs/CMakeFiles/nav_msgs__rosidl_typesupport_microxrcedds_c.dir/compiler_depend.internal".
[5.049s] Dependencies file "CMakeFiles/nav_msgs__rosidl_typesupport_introspection_c.dir/rosidl_typesupport_introspection_c/nav_msgs/srv/detail/get_plan__type_support.c.obj.d" is newer than depends file "/home/mondegrin/programs/slon/microros_ws/firmware/mcu_ws/build/nav_msgs/CMakeFiles/nav_msgs__rosidl_typesupport_introspection_c.dir/compiler_depend.internal".
[5.049s] Dependencies file "CMakeFiles/nav_msgs__rosidl_typesupport_microxrcedds_c.dir/rosidl_typesupport_microxrcedds_c/nav_msgs/msg/detail/microxrcedds/path__type_support_c.c.obj.d" is newer than depends file "/home/mondegrin/programs/slon/microros_ws/firmware/mcu_ws/build/nav_msgs/CMakeFiles/nav_msgs__rosidl_typesupport_microxrcedds_c.dir/compiler_depend.internal".
[5.050s] Dependencies file "CMakeFiles/nav_msgs__rosidl_typesupport_introspection_c.dir/rosidl_typesupport_introspection_c/nav_msgs/srv/detail/load_map__type_support.c.obj.d" is newer than depends file "/home/mondegrin/programs/slon/microros_ws/firmware/mcu_ws/build/nav_msgs/CMakeFiles/nav_msgs__rosidl_typesupport_introspection_c.dir/compiler_depend.internal".
[5.051s] Dependencies file "CMakeFiles/nav_msgs__rosidl_typesupport_introspection_c.dir/rosidl_typesupport_introspection_c/nav_msgs/srv/detail/set_map__type_support.c.obj.d" is newer than depends file "/home/mondegrin/programs/slon/microros_ws/firmware/mcu_ws/build/nav_msgs/CMakeFiles/nav_msgs__rosidl_typesupport_introspection_c.dir/compiler_depend.internal".
[5.051s] Dependencies file "CMakeFiles/nav_msgs__rosidl_typesupport_microxrcedds_c.dir/rosidl_typesupport_microxrcedds_c/nav_msgs/srv/detail/microxrcedds/get_map__type_support_c.c.obj.d" is newer than depends file "/home/mondegrin/programs/slon/microros_ws/firmware/mcu_ws/build/nav_msgs/CMakeFiles/nav_msgs__rosidl_typesupport_microxrcedds_c.dir/compiler_depend.internal".
[5.052s] [35m[1mConsolidate compiler generated dependencies of target nav_msgs__rosidl_typesupport_introspection_c[0m
[5.054s] Dependencies file "CMakeFiles/nav_msgs__rosidl_typesupport_microxrcedds_c.dir/rosidl_typesupport_microxrcedds_c/nav_msgs/srv/detail/microxrcedds/get_plan__type_support_c.c.obj.d" is newer than depends file "/home/mondegrin/programs/slon/microros_ws/firmware/mcu_ws/build/nav_msgs/CMakeFiles/nav_msgs__rosidl_typesupport_microxrcedds_c.dir/compiler_depend.internal".
[5.054s] Dependencies file "CMakeFiles/nav_msgs__rosidl_typesupport_microxrcedds_c.dir/rosidl_typesupport_microxrcedds_c/nav_msgs/srv/detail/microxrcedds/load_map__type_support_c.c.obj.d" is newer than depends file "/home/mondegrin/programs/slon/microros_ws/firmware/mcu_ws/build/nav_msgs/CMakeFiles/nav_msgs__rosidl_typesupport_microxrcedds_c.dir/compiler_depend.internal".
[5.061s] Dependencies file "CMakeFiles/nav_msgs__rosidl_typesupport_microxrcedds_c.dir/rosidl_typesupport_microxrcedds_c/nav_msgs/srv/detail/microxrcedds/set_map__type_support_c.c.obj.d" is newer than depends file "/home/mondegrin/programs/slon/microros_ws/firmware/mcu_ws/build/nav_msgs/CMakeFiles/nav_msgs__rosidl_typesupport_microxrcedds_c.dir/compiler_depend.internal".
[5.064s] [35m[1mConsolidate compiler generated dependencies of target nav_msgs__rosidl_typesupport_microxrcedds_c[0m
[5.065s] gmake[6]: Leaving directory '/home/mondegrin/programs/slon/microros_ws/firmware/mcu_ws/build/nav_msgs'
[5.065s] /usr/bin/gmake  -f CMakeFiles/nav_msgs__rosidl_typesupport_c.dir/build.make CMakeFiles/nav_msgs__rosidl_typesupport_c.dir/build
[5.065s] gmake[6]: Leaving directory '/home/mondegrin/programs/slon/microros_ws/firmware/mcu_ws/build/nav_msgs'
[5.065s] /usr/bin/gmake  -f CMakeFiles/nav_msgs__rosidl_typesupport_microxrcedds_c.dir/build.make CMakeFiles/nav_msgs__rosidl_typesupport_microxrcedds_c.dir/build
[5.066s] gmake[6]: Leaving directory '/home/mondegrin/programs/slon/microros_ws/firmware/mcu_ws/build/nav_msgs'
[5.066s] /usr/bin/gmake  -f CMakeFiles/nav_msgs__rosidl_typesupport_introspection_c.dir/build.make CMakeFiles/nav_msgs__rosidl_typesupport_introspection_c.dir/build
[5.066s] gmake[6]: Entering directory '/home/mondegrin/programs/slon/microros_ws/firmware/mcu_ws/build/nav_msgs'
[5.066s] gmake[6]: Nothing to be done for 'CMakeFiles/nav_msgs__rosidl_typesupport_c.dir/build'.
[5.066s] gmake[6]: Leaving directory '/home/mondegrin/programs/slon/microros_ws/firmware/mcu_ws/build/nav_msgs'
[5.067s] gmake[6]: Entering directory '/home/mondegrin/programs/slon/microros_ws/firmware/mcu_ws/build/nav_msgs'
[5.067s] gmake[6]: Nothing to be done for 'CMakeFiles/nav_msgs__rosidl_typesupport_microxrcedds_c.dir/build'.
[5.068s] gmake[6]: Leaving directory '/home/mondegrin/programs/slon/microros_ws/firmware/mcu_ws/build/nav_msgs'
[5.068s] gmake[6]: Entering directory '/home/mondegrin/programs/slon/microros_ws/firmware/mcu_ws/build/nav_msgs'
[5.069s] gmake[6]: Nothing to be done for 'CMakeFiles/nav_msgs__rosidl_typesupport_introspection_c.dir/build'.
[5.070s] gmake[6]: Leaving directory '/home/mondegrin/programs/slon/microros_ws/firmware/mcu_ws/build/nav_msgs'
[5.090s] [ 65%] Built target nav_msgs__rosidl_typesupport_c
[5.090s] [ 82%] Built target nav_msgs__rosidl_typesupport_microxrcedds_c
[5.090s] [100%] Built target nav_msgs__rosidl_typesupport_introspection_c
[5.090s] /usr/bin/gmake  -f CMakeFiles/nav_msgs.dir/build.make CMakeFiles/nav_msgs.dir/depend
[5.184s] gmake[6]: Entering directory '/home/mondegrin/programs/slon/microros_ws/firmware/mcu_ws/build/nav_msgs'
[5.184s] cd /home/mondegrin/programs/slon/microros_ws/firmware/mcu_ws/build/nav_msgs && /usr/bin/cmake -E cmake_depends "Unix Makefiles" /home/mondegrin/programs/slon/microros_ws/firmware/mcu_ws/ros2/common_interfaces/nav_msgs /home/mondegrin/programs/slon/microros_ws/firmware/mcu_ws/ros2/common_interfaces/nav_msgs /home/mondegrin/programs/slon/microros_ws/firmware/mcu_ws/build/nav_msgs /home/mondegrin/programs/slon/microros_ws/firmware/mcu_ws/build/nav_msgs /home/mondegrin/programs/slon/microros_ws/firmware/mcu_ws/build/nav_msgs/CMakeFiles/nav_msgs.dir/DependInfo.cmake --color=
[5.198s] gmake[6]: Leaving directory '/home/mondegrin/programs/slon/microros_ws/firmware/mcu_ws/build/nav_msgs'
[5.199s] /usr/bin/gmake  -f CMakeFiles/nav_msgs.dir/build.make CMakeFiles/nav_msgs.dir/build
[5.199s] gmake[6]: Entering directory '/home/mondegrin/programs/slon/microros_ws/firmware/mcu_ws/build/nav_msgs'
[5.199s] gmake[6]: Nothing to be done for 'CMakeFiles/nav_msgs.dir/build'.
[5.199s] gmake[6]: Leaving directory '/home/mondegrin/programs/slon/microros_ws/firmware/mcu_ws/build/nav_msgs'
[5.199s] [100%] Built target nav_msgs
[5.199s] gmake[5]: Leaving directory '/home/mondegrin/programs/slon/microros_ws/firmware/mcu_ws/build/nav_msgs'
[5.200s] /usr/bin/cmake -E cmake_progress_start /home/mondegrin/programs/slon/microros_ws/firmware/mcu_ws/build/nav_msgs/CMakeFiles 0
[5.200s] gmake[4]: Leaving directory '/home/mondegrin/programs/slon/microros_ws/firmware/mcu_ws/build/nav_msgs'
[6.708s] Invoked command in '/home/mondegrin/programs/slon/microros_ws/firmware/mcu_ws/build/nav_msgs' returned '0': AMENT_PREFIX_PATH=/home/mondegrin/programs/slon/microros_ws/firmware/mcu_ws/install:${AMENT_PREFIX_PATH} CMAKE_PREFIX_PATH=/home/mondegrin/programs/slon/microros_ws/firmware/mcu_ws/install:/home/mondegrin/programs/slon/microros_ws/firmware/dev_ws/install/ament_lint_common:/home/mondegrin/programs/slon/microros_ws/firmware/dev_ws/install/ament_cmake_uncrustify:/home/mondegrin/programs/slon/microros_ws/firmware/dev_ws/install/uncrustify_vendor:/home/mondegrin/programs/slon/microros_ws/firmware/dev_ws/install/ament_cmake_ros:/home/mondegrin/programs/slon/microros_ws/firmware/dev_ws/install/ament_cmake_gmock:/home/mondegrin/programs/slon/microros_ws/firmware/dev_ws/install/gmock_vendor:/home/mondegrin/programs/slon/microros_ws/firmware/dev_ws/install/ament_cmake_auto:/home/mondegrin/programs/slon/microros_ws/firmware/dev_ws/install/ament_cmake_gtest:/home/mondegrin/programs/slon/microros_ws/firmware/dev_ws/install/gtest_vendor:/home/mondegrin/programs/slon/microros_ws/firmware/dev_ws/install/ament_cmake_xmllint:/home/mondegrin/programs/slon/microros_ws/firmware/dev_ws/install/ament_cmake_pyflakes:/home/mondegrin/programs/slon/microros_ws/firmware/dev_ws/install/ament_cmake_pycodestyle:/home/mondegrin/programs/slon/microros_ws/firmware/dev_ws/install/ament_cmake_pep257:/home/mondegrin/programs/slon/microros_ws/firmware/dev_ws/install/ament_cmake_pclint:/home/mondegrin/programs/slon/microros_ws/firmware/dev_ws/install/ament_lint_auto:/home/mondegrin/programs/slon/microros_ws/firmware/dev_ws/install/ament_cmake:/home/mondegrin/programs/slon/microros_ws/firmware/dev_ws/install/ament_cmake_version:/home/mondegrin/programs/slon/microros_ws/firmware/dev_ws/install/ament_cmake_vendor_package:/home/mondegrin/programs/slon/microros_ws/firmware/dev_ws/install/ament_cmake_pytest:/home/mondegrin/programs/slon/microros_ws/firmware/dev_ws/install/ament_cmake_mypy:/home/mondegrin/programs/slon/microros_ws/firmware/dev_ws/install/ament_cmake_lint_cmake:/home/mondegrin/programs/slon/microros_ws/firmware/dev_ws/install/ament_cmake_google_benchmark:/home/mondegrin/programs/slon/microros_ws/firmware/dev_ws/install/ament_cmake_flake8:/home/mondegrin/programs/slon/microros_ws/firmware/dev_ws/install/ament_cmake_cpplint:/home/mondegrin/programs/slon/microros_ws/firmware/dev_ws/install/ament_cmake_cppcheck:/home/mondegrin/programs/slon/microros_ws/firmware/dev_ws/install/ament_cmake_copyright:/home/mondegrin/programs/slon/microros_ws/firmware/dev_ws/install/ament_cmake_clang_tidy:/home/mondegrin/programs/slon/microros_ws/firmware/dev_ws/install/ament_cmake_clang_format:/home/mondegrin/programs/slon/microros_ws/firmware/dev_ws/install/ament_cmake_test:/home/mondegrin/programs/slon/microros_ws/firmware/dev_ws/install/ament_cmake_target_dependencies:/home/mondegrin/programs/slon/microros_ws/firmware/dev_ws/install/ament_cmake_python:/home/mondegrin/programs/slon/microros_ws/firmware/dev_ws/install/ament_cmake_export_dependencies:/home/mondegrin/programs/slon/microros_ws/firmware/dev_ws/install/ament_cmake_libraries:/home/mondegrin/programs/slon/microros_ws/firmware/dev_ws/install/ament_cmake_include_directories:/home/mondegrin/programs/slon/microros_ws/firmware/dev_ws/install/ament_cmake_gen_version_h:/home/mondegrin/programs/slon/microros_ws/firmware/dev_ws/install/ament_cmake_export_targets:/home/mondegrin/programs/slon/microros_ws/firmware/dev_ws/install/ament_cmake_export_link_flags:/home/mondegrin/programs/slon/microros_ws/firmware/dev_ws/install/ament_cmake_export_interfaces:/home/mondegrin/programs/slon/microros_ws/firmware/dev_ws/install/ament_cmake_export_libraries:/home/mondegrin/programs/slon/microros_ws/firmware/dev_ws/install/ament_cmake_export_include_directories:/home/mondegrin/programs/slon/microros_ws/firmware/dev_ws/install/ament_cmake_export_definitions:/home/mondegrin/programs/slon/microros_ws/firmware/dev_ws/install/ament_cmake_core:/home/mondegrin/programs/slon/microros_ws/firmware/dev_ws/install/ament_index_cpp:/home/mondegrin/programs/slon/microros_ws/firmware/dev_ws/install/ament_uncrustify:/home/mondegrin/programs/slon/microros_ws/firmware/dev_ws/install/domain_coordinator:/home/mondegrin/programs/slon/microros_ws/firmware/dev_ws/install/ament_xmllint:/home/mondegrin/programs/slon/microros_ws/firmware/dev_ws/install/ament_pyflakes:/home/mondegrin/programs/slon/microros_ws/firmware/dev_ws/install/ament_pycodestyle:/home/mondegrin/programs/slon/microros_ws/firmware/dev_ws/install/ament_pep257:/home/mondegrin/programs/slon/microros_ws/firmware/dev_ws/install/ament_pclint:/home/mondegrin/programs/slon/microros_ws/firmware/dev_ws/install/ament_package:/home/mondegrin/programs/slon/microros_ws/firmware/dev_ws/install/ament_mypy:/home/mondegrin/programs/slon/microros_ws/firmware/dev_ws/install/ament_lint_cmake:/home/mondegrin/programs/slon/microros_ws/firmware/dev_ws/install/ament_flake8:/home/mondegrin/programs/slon/microros_ws/firmware/dev_ws/install/ament_copyright:/home/mondegrin/programs/slon/microros_ws/firmware/dev_ws/install/ament_lint:/home/mondegrin/programs/slon/microros_ws/firmware/dev_ws/install/ament_index_python:/home/mondegrin/programs/slon/microros_ws/firmware/dev_ws/install/ament_cpplint:/home/mondegrin/programs/slon/microros_ws/firmware/dev_ws/install/ament_cppcheck:/home/mondegrin/programs/slon/microros_ws/firmware/dev_ws/install/ament_clang_tidy:/home/mondegrin/programs/slon/microros_ws/firmware/dev_ws/install/ament_clang_format LD_LIBRARY_PATH=/home/mondegrin/programs/slon/microros_ws/firmware/mcu_ws/install/lib:${LD_LIBRARY_PATH} PATH=/home/mondegrin/programs/slon/microros_ws/firmware/mcu_ws/install/bin:${PATH} PYTHONPATH=/home/mondegrin/programs/slon/microros_ws/firmware/mcu_ws/install/lib/python3.10/site-packages:${PYTHONPATH} /usr/bin/cmake --build /home/mondegrin/programs/slon/microros_ws/firmware/mcu_ws/build/nav_msgs -- -j16 -l16
[7.805s] Invoking command in '/home/mondegrin/programs/slon/microros_ws/firmware/mcu_ws/build/nav_msgs': AMENT_PREFIX_PATH=/home/mondegrin/programs/slon/microros_ws/firmware/mcu_ws/install:${AMENT_PREFIX_PATH} CMAKE_PREFIX_PATH=/home/mondegrin/programs/slon/microros_ws/firmware/mcu_ws/install:/home/mondegrin/programs/slon/microros_ws/firmware/dev_ws/install/ament_lint_common:/home/mondegrin/programs/slon/microros_ws/firmware/dev_ws/install/ament_cmake_uncrustify:/home/mondegrin/programs/slon/microros_ws/firmware/dev_ws/install/uncrustify_vendor:/home/mondegrin/programs/slon/microros_ws/firmware/dev_ws/install/ament_cmake_ros:/home/mondegrin/programs/slon/microros_ws/firmware/dev_ws/install/ament_cmake_gmock:/home/mondegrin/programs/slon/microros_ws/firmware/dev_ws/install/gmock_vendor:/home/mondegrin/programs/slon/microros_ws/firmware/dev_ws/install/ament_cmake_auto:/home/mondegrin/programs/slon/microros_ws/firmware/dev_ws/install/ament_cmake_gtest:/home/mondegrin/programs/slon/microros_ws/firmware/dev_ws/install/gtest_vendor:/home/mondegrin/programs/slon/microros_ws/firmware/dev_ws/install/ament_cmake_xmllint:/home/mondegrin/programs/slon/microros_ws/firmware/dev_ws/install/ament_cmake_pyflakes:/home/mondegrin/programs/slon/microros_ws/firmware/dev_ws/install/ament_cmake_pycodestyle:/home/mondegrin/programs/slon/microros_ws/firmware/dev_ws/install/ament_cmake_pep257:/home/mondegrin/programs/slon/microros_ws/firmware/dev_ws/install/ament_cmake_pclint:/home/mondegrin/programs/slon/microros_ws/firmware/dev_ws/install/ament_lint_auto:/home/mondegrin/programs/slon/microros_ws/firmware/dev_ws/install/ament_cmake:/home/mondegrin/programs/slon/microros_ws/firmware/dev_ws/install/ament_cmake_version:/home/mondegrin/programs/slon/microros_ws/firmware/dev_ws/install/ament_cmake_vendor_package:/home/mondegrin/programs/slon/microros_ws/firmware/dev_ws/install/ament_cmake_pytest:/home/mondegrin/programs/slon/microros_ws/firmware/dev_ws/install/ament_cmake_mypy:/home/mondegrin/programs/slon/microros_ws/firmware/dev_ws/install/ament_cmake_lint_cmake:/home/mondegrin/programs/slon/microros_ws/firmware/dev_ws/install/ament_cmake_google_benchmark:/home/mondegrin/programs/slon/microros_ws/firmware/dev_ws/install/ament_cmake_flake8:/home/mondegrin/programs/slon/microros_ws/firmware/dev_ws/install/ament_cmake_cpplint:/home/mondegrin/programs/slon/microros_ws/firmware/dev_ws/install/ament_cmake_cppcheck:/home/mondegrin/programs/slon/microros_ws/firmware/dev_ws/install/ament_cmake_copyright:/home/mondegrin/programs/slon/microros_ws/firmware/dev_ws/install/ament_cmake_clang_tidy:/home/mondegrin/programs/slon/microros_ws/firmware/dev_ws/install/ament_cmake_clang_format:/home/mondegrin/programs/slon/microros_ws/firmware/dev_ws/install/ament_cmake_test:/home/mondegrin/programs/slon/microros_ws/firmware/dev_ws/install/ament_cmake_target_dependencies:/home/mondegrin/programs/slon/microros_ws/firmware/dev_ws/install/ament_cmake_python:/home/mondegrin/programs/slon/microros_ws/firmware/dev_ws/install/ament_cmake_export_dependencies:/home/mondegrin/programs/slon/microros_ws/firmware/dev_ws/install/ament_cmake_libraries:/home/mondegrin/programs/slon/microros_ws/firmware/dev_ws/install/ament_cmake_include_directories:/home/mondegrin/programs/slon/microros_ws/firmware/dev_ws/install/ament_cmake_gen_version_h:/home/mondegrin/programs/slon/microros_ws/firmware/dev_ws/install/ament_cmake_export_targets:/home/mondegrin/programs/slon/microros_ws/firmware/dev_ws/install/ament_cmake_export_link_flags:/home/mondegrin/programs/slon/microros_ws/firmware/dev_ws/install/ament_cmake_export_interfaces:/home/mondegrin/programs/slon/microros_ws/firmware/dev_ws/install/ament_cmake_export_libraries:/home/mondegrin/programs/slon/microros_ws/firmware/dev_ws/install/ament_cmake_export_include_directories:/home/mondegrin/programs/slon/microros_ws/firmware/dev_ws/install/ament_cmake_export_definitions:/home/mondegrin/programs/slon/microros_ws/firmware/dev_ws/install/ament_cmake_core:/home/mondegrin/programs/slon/microros_ws/firmware/dev_ws/install/ament_index_cpp:/home/mondegrin/programs/slon/microros_ws/firmware/dev_ws/install/ament_uncrustify:/home/mondegrin/programs/slon/microros_ws/firmware/dev_ws/install/domain_coordinator:/home/mondegrin/programs/slon/microros_ws/firmware/dev_ws/install/ament_xmllint:/home/mondegrin/programs/slon/microros_ws/firmware/dev_ws/install/ament_pyflakes:/home/mondegrin/programs/slon/microros_ws/firmware/dev_ws/install/ament_pycodestyle:/home/mondegrin/programs/slon/microros_ws/firmware/dev_ws/install/ament_pep257:/home/mondegrin/programs/slon/microros_ws/firmware/dev_ws/install/ament_pclint:/home/mondegrin/programs/slon/microros_ws/firmware/dev_ws/install/ament_package:/home/mondegrin/programs/slon/microros_ws/firmware/dev_ws/install/ament_mypy:/home/mondegrin/programs/slon/microros_ws/firmware/dev_ws/install/ament_lint_cmake:/home/mondegrin/programs/slon/microros_ws/firmware/dev_ws/install/ament_flake8:/home/mondegrin/programs/slon/microros_ws/firmware/dev_ws/install/ament_copyright:/home/mondegrin/programs/slon/microros_ws/firmware/dev_ws/install/ament_lint:/home/mondegrin/programs/slon/microros_ws/firmware/dev_ws/install/ament_index_python:/home/mondegrin/programs/slon/microros_ws/firmware/dev_ws/install/ament_cpplint:/home/mondegrin/programs/slon/microros_ws/firmware/dev_ws/install/ament_cppcheck:/home/mondegrin/programs/slon/microros_ws/firmware/dev_ws/install/ament_clang_tidy:/home/mondegrin/programs/slon/microros_ws/firmware/dev_ws/install/ament_clang_format LD_LIBRARY_PATH=/home/mondegrin/programs/slon/microros_ws/firmware/mcu_ws/install/lib:${LD_LIBRARY_PATH} PATH=/home/mondegrin/programs/slon/microros_ws/firmware/mcu_ws/install/bin:${PATH} PYTHONPATH=/home/mondegrin/programs/slon/microros_ws/firmware/mcu_ws/install/lib/python3.10/site-packages:${PYTHONPATH} /usr/bin/cmake --install /home/mondegrin/programs/slon/microros_ws/firmware/mcu_ws/build/nav_msgs
[8.066s] -- Install configuration: "Debug"
[8.067s] -- Up-to-date: /home/mondegrin/programs/slon/microros_ws/firmware/mcu_ws/install/share/ament_index/resource_index/rosidl_interfaces/nav_msgs
[8.069s] -- Up-to-date: /home/mondegrin/programs/slon/microros_ws/firmware/mcu_ws/install/share/nav_msgs/msg/GridCells.json
[8.072s] -- Up-to-date: /home/mondegrin/programs/slon/microros_ws/firmware/mcu_ws/install/share/nav_msgs/msg/MapMetaData.json
[8.073s] -- Up-to-date: /home/mondegrin/programs/slon/microros_ws/firmware/mcu_ws/install/share/nav_msgs/msg/OccupancyGrid.json
[8.075s] -- Up-to-date: /home/mondegrin/programs/slon/microros_ws/firmware/mcu_ws/install/share/nav_msgs/msg/Odometry.json
[8.077s] -- Up-to-date: /home/mondegrin/programs/slon/microros_ws/firmware/mcu_ws/install/share/nav_msgs/msg/Path.json
[8.079s] -- Up-to-date: /home/mondegrin/programs/slon/microros_ws/firmware/mcu_ws/install/share/nav_msgs/srv/GetMap.json
[8.081s] -- Up-to-date: /home/mondegrin/programs/slon/microros_ws/firmware/mcu_ws/install/share/nav_msgs/srv/GetPlan.json
[8.081s] -- Up-to-date: /home/mondegrin/programs/slon/microros_ws/firmware/mcu_ws/install/share/nav_msgs/srv/LoadMap.json
[8.085s] -- Up-to-date: /home/mondegrin/programs/slon/microros_ws/firmware/mcu_ws/install/share/nav_msgs/srv/SetMap.json
[8.086s] -- Up-to-date: /home/mondegrin/programs/slon/microros_ws/firmware/mcu_ws/install/include/nav_msgs/nav_msgs
[8.089s] -- Up-to-date: /home/mondegrin/programs/slon/microros_ws/firmware/mcu_ws/install/include/nav_msgs/nav_msgs/msg
[8.093s] -- Up-to-date: /home/mondegrin/programs/slon/microros_ws/firmware/mcu_ws/install/include/nav_msgs/nav_msgs/msg/occupancy_grid.h
[8.093s] -- Up-to-date: /home/mondegrin/programs/slon/microros_ws/firmware/mcu_ws/install/include/nav_msgs/nav_msgs/msg/path.h
[8.094s] -- Up-to-date: /home/mondegrin/programs/slon/microros_ws/firmware/mcu_ws/install/include/nav_msgs/nav_msgs/msg/rosidl_generator_c__visibility_control.h
[8.094s] -- Up-to-date: /home/mondegrin/programs/slon/microros_ws/firmware/mcu_ws/install/include/nav_msgs/nav_msgs/msg/map_meta_data.h
[8.094s] -- Up-to-date: /home/mondegrin/programs/slon/microros_ws/firmware/mcu_ws/install/include/nav_msgs/nav_msgs/msg/grid_cells.h
[8.094s] -- Up-to-date: /home/mondegrin/programs/slon/microros_ws/firmware/mcu_ws/install/include/nav_msgs/nav_msgs/msg/detail
[8.095s] -- Up-to-date: /home/mondegrin/programs/slon/microros_ws/firmware/mcu_ws/install/include/nav_msgs/nav_msgs/msg/detail/path__struct.h
[8.095s] -- Up-to-date: /home/mondegrin/programs/slon/microros_ws/firmware/mcu_ws/install/include/nav_msgs/nav_msgs/msg/detail/map_meta_data__struct.h
[8.095s] -- Up-to-date: /home/mondegrin/programs/slon/microros_ws/firmware/mcu_ws/install/include/nav_msgs/nav_msgs/msg/detail/map_meta_data__functions.h
[8.096s] -- Up-to-date: /home/mondegrin/programs/slon/microros_ws/firmware/mcu_ws/install/include/nav_msgs/nav_msgs/msg/detail/path__functions.c
[8.097s] -- Up-to-date: /home/mondegrin/programs/slon/microros_ws/firmware/mcu_ws/install/include/nav_msgs/nav_msgs/msg/detail/grid_cells__functions.h
[8.098s] -- Up-to-date: /home/mondegrin/programs/slon/microros_ws/firmware/mcu_ws/install/include/nav_msgs/nav_msgs/msg/detail/occupancy_grid__type_support.c
[8.098s] -- Up-to-date: /home/mondegrin/programs/slon/microros_ws/firmware/mcu_ws/install/include/nav_msgs/nav_msgs/msg/detail/grid_cells__functions.c
[8.098s] -- Up-to-date: /home/mondegrin/programs/slon/microros_ws/firmware/mcu_ws/install/include/nav_msgs/nav_msgs/msg/detail/map_meta_data__functions.c
[8.099s] -- Up-to-date: /home/mondegrin/programs/slon/microros_ws/firmware/mcu_ws/install/include/nav_msgs/nav_msgs/msg/detail/map_meta_data__description.c
[8.099s] -- Up-to-date: /home/mondegrin/programs/slon/microros_ws/firmware/mcu_ws/install/include/nav_msgs/nav_msgs/msg/detail/occupancy_grid__description.c
[8.099s] -- Up-to-date: /home/mondegrin/programs/slon/microros_ws/firmware/mcu_ws/install/include/nav_msgs/nav_msgs/msg/detail/grid_cells__type_support.c
[8.100s] -- Up-to-date: /home/mondegrin/programs/slon/microros_ws/firmware/mcu_ws/install/include/nav_msgs/nav_msgs/msg/detail/occupancy_grid__functions.c
[8.100s] -- Up-to-date: /home/mondegrin/programs/slon/microros_ws/firmware/mcu_ws/install/include/nav_msgs/nav_msgs/msg/detail/path__functions.h
[8.100s] -- Up-to-date: /home/mondegrin/programs/slon/microros_ws/firmware/mcu_ws/install/include/nav_msgs/nav_msgs/msg/detail/odometry__functions.h
[8.102s] -- Up-to-date: /home/mondegrin/programs/slon/microros_ws/firmware/mcu_ws/install/include/nav_msgs/nav_msgs/msg/detail/grid_cells__type_support.h
[8.102s] -- Up-to-date: /home/mondegrin/programs/slon/microros_ws/firmware/mcu_ws/install/include/nav_msgs/nav_msgs/msg/detail/path__description.c
[8.103s] -- Up-to-date: /home/mondegrin/programs/slon/microros_ws/firmware/mcu_ws/install/include/nav_msgs/nav_msgs/msg/detail/path__type_support.h
[8.103s] -- Up-to-date: /home/mondegrin/programs/slon/microros_ws/firmware/mcu_ws/install/include/nav_msgs/nav_msgs/msg/detail/map_meta_data__type_support.c
[8.105s] -- Up-to-date: /home/mondegrin/programs/slon/microros_ws/firmware/mcu_ws/install/include/nav_msgs/nav_msgs/msg/detail/odometry__struct.h
[8.105s] -- Up-to-date: /home/mondegrin/programs/slon/microros_ws/firmware/mcu_ws/install/include/nav_msgs/nav_msgs/msg/detail/occupancy_grid__functions.h
[8.106s] -- Up-to-date: /home/mondegrin/programs/slon/microros_ws/firmware/mcu_ws/install/include/nav_msgs/nav_msgs/msg/detail/odometry__functions.c
[8.107s] -- Up-to-date: /home/mondegrin/programs/slon/microros_ws/firmware/mcu_ws/install/include/nav_msgs/nav_msgs/msg/detail/grid_cells__description.c
[8.108s] -- Up-to-date: /home/mondegrin/programs/slon/microros_ws/firmware/mcu_ws/install/include/nav_msgs/nav_msgs/msg/detail/path__type_support.c
[8.110s] -- Up-to-date: /home/mondegrin/programs/slon/microros_ws/firmware/mcu_ws/install/include/nav_msgs/nav_msgs/msg/detail/odometry__type_support.c
[8.114s] -- Up-to-date: /home/mondegrin/programs/slon/microros_ws/firmware/mcu_ws/install/include/nav_msgs/nav_msgs/msg/detail/occupancy_grid__type_support.h
[8.115s] -- Up-to-date: /home/mondegrin/programs/slon/microros_ws/firmware/mcu_ws/install/include/nav_msgs/nav_msgs/msg/detail/grid_cells__struct.h
[8.115s] -- Up-to-date: /home/mondegrin/programs/slon/microros_ws/firmware/mcu_ws/install/include/nav_msgs/nav_msgs/msg/detail/occupancy_grid__struct.h
[8.115s] -- Up-to-date: /home/mondegrin/programs/slon/microros_ws/firmware/mcu_ws/install/include/nav_msgs/nav_msgs/msg/detail/odometry__description.c
[8.117s] -- Up-to-date: /home/mondegrin/programs/slon/microros_ws/firmware/mcu_ws/install/include/nav_msgs/nav_msgs/msg/detail/odometry__type_support.h
[8.123s] -- Up-to-date: /home/mondegrin/programs/slon/microros_ws/firmware/mcu_ws/install/include/nav_msgs/nav_msgs/msg/detail/map_meta_data__type_support.h
[8.124s] -- Up-to-date: /home/mondegrin/programs/slon/microros_ws/firmware/mcu_ws/install/include/nav_msgs/nav_msgs/msg/odometry.h
[8.124s] -- Up-to-date: /home/mondegrin/programs/slon/microros_ws/firmware/mcu_ws/install/include/nav_msgs/nav_msgs/srv
[8.125s] -- Up-to-date: /home/mondegrin/programs/slon/microros_ws/firmware/mcu_ws/install/include/nav_msgs/nav_msgs/srv/set_map.h
[8.125s] -- Up-to-date: /home/mondegrin/programs/slon/microros_ws/firmware/mcu_ws/install/include/nav_msgs/nav_msgs/srv/detail
[8.127s] -- Up-to-date: /home/mondegrin/programs/slon/microros_ws/firmware/mcu_ws/install/include/nav_msgs/nav_msgs/srv/detail/get_map__functions.c
[8.128s] -- Up-to-date: /home/mondegrin/programs/slon/microros_ws/firmware/mcu_ws/install/include/nav_msgs/nav_msgs/srv/detail/load_map__description.c
[8.129s] -- Up-to-date: /home/mondegrin/programs/slon/microros_ws/firmware/mcu_ws/install/include/nav_msgs/nav_msgs/srv/detail/get_map__type_support.h
[8.129s] -- Up-to-date: /home/mondegrin/programs/slon/microros_ws/firmware/mcu_ws/install/include/nav_msgs/nav_msgs/srv/detail/get_plan__functions.c
[8.129s] -- Up-to-date: /home/mondegrin/programs/slon/microros_ws/firmware/mcu_ws/install/include/nav_msgs/nav_msgs/srv/detail/load_map__functions.h
[8.130s] -- Up-to-date: /home/mondegrin/programs/slon/microros_ws/firmware/mcu_ws/install/include/nav_msgs/nav_msgs/srv/detail/get_map__struct.h
[8.130s] -- Up-to-date: /home/mondegrin/programs/slon/microros_ws/firmware/mcu_ws/install/include/nav_msgs/nav_msgs/srv/detail/get_plan__functions.h
[8.130s] -- Up-to-date: /home/mondegrin/programs/slon/microros_ws/firmware/mcu_ws/install/include/nav_msgs/nav_msgs/srv/detail/load_map__struct.h
[8.130s] -- Up-to-date: /home/mondegrin/programs/slon/microros_ws/firmware/mcu_ws/install/include/nav_msgs/nav_msgs/srv/detail/set_map__struct.h
[8.131s] -- Up-to-date: /home/mondegrin/programs/slon/microros_ws/firmware/mcu_ws/install/include/nav_msgs/nav_msgs/srv/detail/set_map__type_support.h
[8.131s] -- Up-to-date: /home/mondegrin/programs/slon/microros_ws/firmware/mcu_ws/install/include/nav_msgs/nav_msgs/srv/detail/get_plan__description.c
[8.132s] -- Up-to-date: /home/mondegrin/programs/slon/microros_ws/firmware/mcu_ws/install/include/nav_msgs/nav_msgs/srv/detail/get_plan__type_support.c
[8.135s] -- Up-to-date: /home/mondegrin/programs/slon/microros_ws/firmware/mcu_ws/install/include/nav_msgs/nav_msgs/srv/detail/set_map__functions.c
[8.136s] -- Up-to-date: /home/mondegrin/programs/slon/microros_ws/firmware/mcu_ws/install/include/nav_msgs/nav_msgs/srv/detail/load_map__type_support.c
[8.136s] -- Up-to-date: /home/mondegrin/programs/slon/microros_ws/firmware/mcu_ws/install/include/nav_msgs/nav_msgs/srv/detail/set_map__functions.h
[8.136s] -- Up-to-date: /home/mondegrin/programs/slon/microros_ws/firmware/mcu_ws/install/include/nav_msgs/nav_msgs/srv/detail/set_map__description.c
[8.137s] -- Up-to-date: /home/mondegrin/programs/slon/microros_ws/firmware/mcu_ws/install/include/nav_msgs/nav_msgs/srv/detail/get_map__functions.h
[8.138s] -- Up-to-date: /home/mondegrin/programs/slon/microros_ws/firmware/mcu_ws/install/include/nav_msgs/nav_msgs/srv/detail/load_map__type_support.h
[8.138s] -- Up-to-date: /home/mondegrin/programs/slon/microros_ws/firmware/mcu_ws/install/include/nav_msgs/nav_msgs/srv/detail/get_map__description.c
[8.139s] -- Up-to-date: /home/mondegrin/programs/slon/microros_ws/firmware/mcu_ws/install/include/nav_msgs/nav_msgs/srv/detail/get_plan__type_support.h
[8.139s] -- Up-to-date: /home/mondegrin/programs/slon/microros_ws/firmware/mcu_ws/install/include/nav_msgs/nav_msgs/srv/detail/get_map__type_support.c
[8.139s] -- Up-to-date: /home/mondegrin/programs/slon/microros_ws/firmware/mcu_ws/install/include/nav_msgs/nav_msgs/srv/detail/get_plan__struct.h
[8.140s] -- Up-to-date: /home/mondegrin/programs/slon/microros_ws/firmware/mcu_ws/install/include/nav_msgs/nav_msgs/srv/detail/set_map__type_support.c
[8.140s] -- Up-to-date: /home/mondegrin/programs/slon/microros_ws/firmware/mcu_ws/install/include/nav_msgs/nav_msgs/srv/detail/load_map__functions.c
[8.141s] -- Up-to-date: /home/mondegrin/programs/slon/microros_ws/firmware/mcu_ws/install/include/nav_msgs/nav_msgs/srv/load_map.h
[8.141s] -- Up-to-date: /home/mondegrin/programs/slon/microros_ws/firmware/mcu_ws/install/include/nav_msgs/nav_msgs/srv/get_map.h
[8.141s] -- Up-to-date: /home/mondegrin/programs/slon/microros_ws/firmware/mcu_ws/install/include/nav_msgs/nav_msgs/srv/get_plan.h
[8.142s] -- Up-to-date: /home/mondegrin/programs/slon/microros_ws/firmware/mcu_ws/install/share/nav_msgs/environment/library_path.sh
[8.142s] -- Up-to-date: /home/mondegrin/programs/slon/microros_ws/firmware/mcu_ws/install/share/nav_msgs/environment/library_path.dsv
[8.142s] -- Up-to-date: /home/mondegrin/programs/slon/microros_ws/firmware/mcu_ws/install/lib/libnav_msgs__rosidl_generator_c.a
[8.143s] -- Up-to-date: /home/mondegrin/programs/slon/microros_ws/firmware/mcu_ws/install/include/nav_msgs/nav_msgs
[8.144s] -- Up-to-date: /home/mondegrin/programs/slon/microros_ws/firmware/mcu_ws/install/include/nav_msgs/nav_msgs/msg
[8.144s] -- Up-to-date: /home/mondegrin/programs/slon/microros_ws/firmware/mcu_ws/install/include/nav_msgs/nav_msgs/msg/rosidl_typesupport_introspection_c__visibility_control.h
[8.144s] -- Up-to-date: /home/mondegrin/programs/slon/microros_ws/firmware/mcu_ws/install/include/nav_msgs/nav_msgs/msg/detail
[8.145s] -- Up-to-date: /home/mondegrin/programs/slon/microros_ws/firmware/mcu_ws/install/include/nav_msgs/nav_msgs/msg/detail/grid_cells__rosidl_typesupport_introspection_c.h
[8.145s] -- Up-to-date: /home/mondegrin/programs/slon/microros_ws/firmware/mcu_ws/install/include/nav_msgs/nav_msgs/msg/detail/path__rosidl_typesupport_introspection_c.h
[8.146s] -- Up-to-date: /home/mondegrin/programs/slon/microros_ws/firmware/mcu_ws/install/include/nav_msgs/nav_msgs/msg/detail/occupancy_grid__rosidl_typesupport_introspection_c.h
[8.146s] -- Up-to-date: /home/mondegrin/programs/slon/microros_ws/firmware/mcu_ws/install/include/nav_msgs/nav_msgs/msg/detail/occupancy_grid__type_support.c
[8.146s] -- Up-to-date: /home/mondegrin/programs/slon/microros_ws/firmware/mcu_ws/install/include/nav_msgs/nav_msgs/msg/detail/grid_cells__type_support.c
[8.147s] -- Up-to-date: /home/mondegrin/programs/slon/microros_ws/firmware/mcu_ws/install/include/nav_msgs/nav_msgs/msg/detail/map_meta_data__type_support.c
[8.147s] -- Up-to-date: /home/mondegrin/programs/slon/microros_ws/firmware/mcu_ws/install/include/nav_msgs/nav_msgs/msg/detail/map_meta_data__rosidl_typesupport_introspection_c.h
[8.148s] -- Up-to-date: /home/mondegrin/programs/slon/microros_ws/firmware/mcu_ws/install/include/nav_msgs/nav_msgs/msg/detail/odometry__rosidl_typesupport_introspection_c.h
[8.148s] -- Up-to-date: /home/mondegrin/programs/slon/microros_ws/firmware/mcu_ws/install/include/nav_msgs/nav_msgs/msg/detail/path__type_support.c
[8.149s] -- Up-to-date: /home/mondegrin/programs/slon/microros_ws/firmware/mcu_ws/install/include/nav_msgs/nav_msgs/msg/detail/odometry__type_support.c
[8.149s] -- Up-to-date: /home/mondegrin/programs/slon/microros_ws/firmware/mcu_ws/install/include/nav_msgs/nav_msgs/srv
[8.150s] -- Up-to-date: /home/mondegrin/programs/slon/microros_ws/firmware/mcu_ws/install/include/nav_msgs/nav_msgs/srv/detail
[8.150s] -- Up-to-date: /home/mondegrin/programs/slon/microros_ws/firmware/mcu_ws/install/include/nav_msgs/nav_msgs/srv/detail/get_map__rosidl_typesupport_introspection_c.h
[8.150s] -- Up-to-date: /home/mondegrin/programs/slon/microros_ws/firmware/mcu_ws/install/include/nav_msgs/nav_msgs/srv/detail/get_plan__rosidl_typesupport_introspection_c.h
[8.151s] -- Up-to-date: /home/mondegrin/programs/slon/microros_ws/firmware/mcu_ws/install/include/nav_msgs/nav_msgs/srv/detail/get_plan__type_support.c
[8.151s] -- Up-to-date: /home/mondegrin/programs/slon/microros_ws/firmware/mcu_ws/install/include/nav_msgs/nav_msgs/srv/detail/load_map__type_support.c
[8.151s] -- Up-to-date: /home/mondegrin/programs/slon/microros_ws/firmware/mcu_ws/install/include/nav_msgs/nav_msgs/srv/detail/load_map__rosidl_typesupport_introspection_c.h
[8.152s] -- Up-to-date: /home/mondegrin/programs/slon/microros_ws/firmware/mcu_ws/install/include/nav_msgs/nav_msgs/srv/detail/set_map__rosidl_typesupport_introspection_c.h
[8.152s] -- Up-to-date: /home/mondegrin/programs/slon/microros_ws/firmware/mcu_ws/install/include/nav_msgs/nav_msgs/srv/detail/get_map__type_support.c
[8.152s] -- Up-to-date: /home/mondegrin/programs/slon/microros_ws/firmware/mcu_ws/install/include/nav_msgs/nav_msgs/srv/detail/set_map__type_support.c
[8.153s] -- Up-to-date: /home/mondegrin/programs/slon/microros_ws/firmware/mcu_ws/install/lib/libnav_msgs__rosidl_typesupport_introspection_c.a
[8.154s] -- Up-to-date: /home/mondegrin/programs/slon/microros_ws/firmware/mcu_ws/install/include/nav_msgs
[8.154s] -- Up-to-date: /home/mondegrin/programs/slon/microros_ws/firmware/mcu_ws/install/include/nav_msgs/msg
[8.155s] -- Up-to-date: /home/mondegrin/programs/slon/microros_ws/firmware/mcu_ws/install/include/nav_msgs/msg/rosidl_typesupport_microxrcedds_c__visibility_control.h
[8.155s] -- Up-to-date: /home/mondegrin/programs/slon/microros_ws/firmware/mcu_ws/install/include/nav_msgs/msg/detail
[8.156s] -- Up-to-date: /home/mondegrin/programs/slon/microros_ws/firmware/mcu_ws/install/include/nav_msgs/msg/detail/microxrcedds
[8.156s] -- Up-to-date: /home/mondegrin/programs/slon/microros_ws/firmware/mcu_ws/install/include/nav_msgs/msg/detail/path__rosidl_typesupport_microxrcedds_c.h
[8.156s] -- Up-to-date: /home/mondegrin/programs/slon/microros_ws/firmware/mcu_ws/install/include/nav_msgs/msg/detail/occupancy_grid__rosidl_typesupport_microxrcedds_c.h
[8.157s] -- Up-to-date: /home/mondegrin/programs/slon/microros_ws/firmware/mcu_ws/install/include/nav_msgs/msg/detail/grid_cells__rosidl_typesupport_microxrcedds_c.h
[8.157s] -- Up-to-date: /home/mondegrin/programs/slon/microros_ws/firmware/mcu_ws/install/include/nav_msgs/msg/detail/map_meta_data__rosidl_typesupport_microxrcedds_c.h
[8.157s] -- Up-to-date: /home/mondegrin/programs/slon/microros_ws/firmware/mcu_ws/install/include/nav_msgs/msg/detail/odometry__rosidl_typesupport_microxrcedds_c.h
[8.158s] -- Up-to-date: /home/mondegrin/programs/slon/microros_ws/firmware/mcu_ws/install/include/nav_msgs/srv
[8.159s] -- Up-to-date: /home/mondegrin/programs/slon/microros_ws/firmware/mcu_ws/install/include/nav_msgs/srv/detail
[8.159s] -- Up-to-date: /home/mondegrin/programs/slon/microros_ws/firmware/mcu_ws/install/include/nav_msgs/srv/detail/load_map__rosidl_typesupport_microxrcedds_c.h
[8.160s] -- Up-to-date: /home/mondegrin/programs/slon/microros_ws/firmware/mcu_ws/install/include/nav_msgs/srv/detail/set_map__rosidl_typesupport_microxrcedds_c.h
[8.160s] -- Up-to-date: /home/mondegrin/programs/slon/microros_ws/firmware/mcu_ws/install/include/nav_msgs/srv/detail/get_plan__rosidl_typesupport_microxrcedds_c.h
[8.160s] -- Up-to-date: /home/mondegrin/programs/slon/microros_ws/firmware/mcu_ws/install/include/nav_msgs/srv/detail/microxrcedds
[8.161s] -- Up-to-date: /home/mondegrin/programs/slon/microros_ws/firmware/mcu_ws/install/include/nav_msgs/srv/detail/get_map__rosidl_typesupport_microxrcedds_c.h
[8.161s] -- Up-to-date: /home/mondegrin/programs/slon/microros_ws/firmware/mcu_ws/install/lib/libnav_msgs__rosidl_typesupport_microxrcedds_c.a
[8.162s] -- Up-to-date: /home/mondegrin/programs/slon/microros_ws/firmware/mcu_ws/install/lib/libnav_msgs__rosidl_typesupport_c.a
[8.165s] -- Up-to-date: /home/mondegrin/programs/slon/microros_ws/firmware/mcu_ws/install/share/nav_msgs/msg/GridCells.idl
[8.166s] -- Up-to-date: /home/mondegrin/programs/slon/microros_ws/firmware/mcu_ws/install/share/nav_msgs/msg/MapMetaData.idl
[8.167s] -- Up-to-date: /home/mondegrin/programs/slon/microros_ws/firmware/mcu_ws/install/share/nav_msgs/msg/OccupancyGrid.idl
[8.167s] -- Up-to-date: /home/mondegrin/programs/slon/microros_ws/firmware/mcu_ws/install/share/nav_msgs/msg/Odometry.idl
[8.168s] -- Up-to-date: /home/mondegrin/programs/slon/microros_ws/firmware/mcu_ws/install/share/nav_msgs/msg/Path.idl
[8.169s] -- Up-to-date: /home/mondegrin/programs/slon/microros_ws/firmware/mcu_ws/install/share/nav_msgs/srv/GetMap.idl
[8.170s] -- Up-to-date: /home/mondegrin/programs/slon/microros_ws/firmware/mcu_ws/install/share/nav_msgs/srv/GetPlan.idl
[8.170s] -- Up-to-date: /home/mondegrin/programs/slon/microros_ws/firmware/mcu_ws/install/share/nav_msgs/srv/LoadMap.idl
[8.171s] -- Up-to-date: /home/mondegrin/programs/slon/microros_ws/firmware/mcu_ws/install/share/nav_msgs/srv/SetMap.idl
[8.171s] -- Up-to-date: /home/mondegrin/programs/slon/microros_ws/firmware/mcu_ws/install/share/nav_msgs/msg/GridCells.msg
[8.171s] -- Up-to-date: /home/mondegrin/programs/slon/microros_ws/firmware/mcu_ws/install/share/nav_msgs/msg/MapMetaData.msg
[8.172s] -- Up-to-date: /home/mondegrin/programs/slon/microros_ws/firmware/mcu_ws/install/share/nav_msgs/msg/OccupancyGrid.msg
[8.179s] -- Up-to-date: /home/mondegrin/programs/slon/microros_ws/firmware/mcu_ws/install/share/nav_msgs/msg/Odometry.msg
[8.180s] -- Up-to-date: /home/mondegrin/programs/slon/microros_ws/firmware/mcu_ws/install/share/nav_msgs/msg/Path.msg
[8.180s] -- Up-to-date: /home/mondegrin/programs/slon/microros_ws/firmware/mcu_ws/install/share/nav_msgs/srv/GetMap.srv
[8.181s] -- Up-to-date: /home/mondegrin/programs/slon/microros_ws/firmware/mcu_ws/install/share/nav_msgs/srv/GetMap_Request.msg
[8.181s] -- Up-to-date: /home/mondegrin/programs/slon/microros_ws/firmware/mcu_ws/install/share/nav_msgs/srv/GetMap_Response.msg
[8.182s] -- Up-to-date: /home/mondegrin/programs/slon/microros_ws/firmware/mcu_ws/install/share/nav_msgs/srv/GetPlan.srv
[8.184s] -- Up-to-date: /home/mondegrin/programs/slon/microros_ws/firmware/mcu_ws/install/share/nav_msgs/srv/GetPlan_Request.msg
[8.185s] -- Up-to-date: /home/mondegrin/programs/slon/microros_ws/firmware/mcu_ws/install/share/nav_msgs/srv/GetPlan_Response.msg
[8.185s] -- Up-to-date: /home/mondegrin/programs/slon/microros_ws/firmware/mcu_ws/install/share/nav_msgs/srv/LoadMap.srv
[8.186s] -- Up-to-date: /home/mondegrin/programs/slon/microros_ws/firmware/mcu_ws/install/share/nav_msgs/srv/LoadMap_Request.msg
[8.187s] -- Up-to-date: /home/mondegrin/programs/slon/microros_ws/firmware/mcu_ws/install/share/nav_msgs/srv/LoadMap_Response.msg
[8.187s] -- Up-to-date: /home/mondegrin/programs/slon/microros_ws/firmware/mcu_ws/install/share/nav_msgs/srv/SetMap.srv
[8.188s] -- Up-to-date: /home/mondegrin/programs/slon/microros_ws/firmware/mcu_ws/install/share/nav_msgs/srv/SetMap_Request.msg
[8.189s] -- Up-to-date: /home/mondegrin/programs/slon/microros_ws/firmware/mcu_ws/install/share/nav_msgs/srv/SetMap_Response.msg
[8.193s] -- Up-to-date: /home/mondegrin/programs/slon/microros_ws/firmware/mcu_ws/install/share/ament_index/resource_index/package_run_dependencies/nav_msgs
[8.194s] -- Up-to-date: /home/mondegrin/programs/slon/microros_ws/firmware/mcu_ws/install/share/ament_index/resource_index/parent_prefix_path/nav_msgs
[8.194s] -- Up-to-date: /home/mondegrin/programs/slon/microros_ws/firmware/mcu_ws/install/share/nav_msgs/environment/ament_prefix_path.sh
[8.195s] -- Up-to-date: /home/mondegrin/programs/slon/microros_ws/firmware/mcu_ws/install/share/nav_msgs/environment/ament_prefix_path.dsv
[8.195s] -- Up-to-date: /home/mondegrin/programs/slon/microros_ws/firmware/mcu_ws/install/share/nav_msgs/environment/path.sh
[8.195s] -- Up-to-date: /home/mondegrin/programs/slon/microros_ws/firmware/mcu_ws/install/share/nav_msgs/environment/path.dsv
[8.196s] -- Up-to-date: /home/mondegrin/programs/slon/microros_ws/firmware/mcu_ws/install/share/nav_msgs/local_setup.bash
[8.198s] -- Up-to-date: /home/mondegrin/programs/slon/microros_ws/firmware/mcu_ws/install/share/nav_msgs/local_setup.sh
[8.198s] -- Up-to-date: /home/mondegrin/programs/slon/microros_ws/firmware/mcu_ws/install/share/nav_msgs/local_setup.zsh
[8.199s] -- Up-to-date: /home/mondegrin/programs/slon/microros_ws/firmware/mcu_ws/install/share/nav_msgs/local_setup.dsv
[8.200s] -- Installing: /home/mondegrin/programs/slon/microros_ws/firmware/mcu_ws/install/share/nav_msgs/package.dsv
[8.201s] -- Up-to-date: /home/mondegrin/programs/slon/microros_ws/firmware/mcu_ws/install/share/ament_index/resource_index/packages/nav_msgs
[8.201s] -- Up-to-date: /home/mondegrin/programs/slon/microros_ws/firmware/mcu_ws/install/share/nav_msgs/cmake/export_nav_msgs__rosidl_generator_cExport.cmake
[8.202s] -- Up-to-date: /home/mondegrin/programs/slon/microros_ws/firmware/mcu_ws/install/share/nav_msgs/cmake/export_nav_msgs__rosidl_generator_cExport-debug.cmake
[8.203s] -- Up-to-date: /home/mondegrin/programs/slon/microros_ws/firmware/mcu_ws/install/share/nav_msgs/cmake/nav_msgs__rosidl_typesupport_introspection_cExport.cmake
[8.206s] -- Up-to-date: /home/mondegrin/programs/slon/microros_ws/firmware/mcu_ws/install/share/nav_msgs/cmake/nav_msgs__rosidl_typesupport_introspection_cExport-debug.cmake
[8.210s] -- Up-to-date: /home/mondegrin/programs/slon/microros_ws/firmware/mcu_ws/install/share/nav_msgs/cmake/nav_msgs__rosidl_typesupport_cExport.cmake
[8.214s] -- Up-to-date: /home/mondegrin/programs/slon/microros_ws/firmware/mcu_ws/install/share/nav_msgs/cmake/nav_msgs__rosidl_typesupport_cExport-debug.cmake
[8.215s] -- Up-to-date: /home/mondegrin/programs/slon/microros_ws/firmware/mcu_ws/install/share/nav_msgs/cmake/rosidl_cmake-extras.cmake
[8.216s] -- Up-to-date: /home/mondegrin/programs/slon/microros_ws/firmware/mcu_ws/install/share/nav_msgs/cmake/ament_cmake_export_dependencies-extras.cmake
[8.216s] -- Up-to-date: /home/mondegrin/programs/slon/microros_ws/firmware/mcu_ws/install/share/nav_msgs/cmake/ament_cmake_export_include_directories-extras.cmake
[8.217s] -- Up-to-date: /home/mondegrin/programs/slon/microros_ws/firmware/mcu_ws/install/share/nav_msgs/cmake/ament_cmake_export_libraries-extras.cmake
[8.218s] -- Up-to-date: /home/mondegrin/programs/slon/microros_ws/firmware/mcu_ws/install/share/nav_msgs/cmake/ament_cmake_export_targets-extras.cmake
[8.218s] -- Up-to-date: /home/mondegrin/programs/slon/microros_ws/firmware/mcu_ws/install/share/nav_msgs/cmake/rosidl_cmake_export_typesupport_targets-extras.cmake
[8.219s] -- Up-to-date: /home/mondegrin/programs/slon/microros_ws/firmware/mcu_ws/install/share/nav_msgs/cmake/rosidl_cmake_export_typesupport_libraries-extras.cmake
[8.219s] -- Up-to-date: /home/mondegrin/programs/slon/microros_ws/firmware/mcu_ws/install/share/nav_msgs/cmake/nav_msgsConfig.cmake
[8.220s] -- Up-to-date: /home/mondegrin/programs/slon/microros_ws/firmware/mcu_ws/install/share/nav_msgs/cmake/nav_msgsConfig-version.cmake
[8.221s] -- Up-to-date: /home/mondegrin/programs/slon/microros_ws/firmware/mcu_ws/install/share/nav_msgs/package.xml
[8.264s] Invoked command in '/home/mondegrin/programs/slon/microros_ws/firmware/mcu_ws/build/nav_msgs' returned '0': AMENT_PREFIX_PATH=/home/mondegrin/programs/slon/microros_ws/firmware/mcu_ws/install:${AMENT_PREFIX_PATH} CMAKE_PREFIX_PATH=/home/mondegrin/programs/slon/microros_ws/firmware/mcu_ws/install:/home/mondegrin/programs/slon/microros_ws/firmware/dev_ws/install/ament_lint_common:/home/mondegrin/programs/slon/microros_ws/firmware/dev_ws/install/ament_cmake_uncrustify:/home/mondegrin/programs/slon/microros_ws/firmware/dev_ws/install/uncrustify_vendor:/home/mondegrin/programs/slon/microros_ws/firmware/dev_ws/install/ament_cmake_ros:/home/mondegrin/programs/slon/microros_ws/firmware/dev_ws/install/ament_cmake_gmock:/home/mondegrin/programs/slon/microros_ws/firmware/dev_ws/install/gmock_vendor:/home/mondegrin/programs/slon/microros_ws/firmware/dev_ws/install/ament_cmake_auto:/home/mondegrin/programs/slon/microros_ws/firmware/dev_ws/install/ament_cmake_gtest:/home/mondegrin/programs/slon/microros_ws/firmware/dev_ws/install/gtest_vendor:/home/mondegrin/programs/slon/microros_ws/firmware/dev_ws/install/ament_cmake_xmllint:/home/mondegrin/programs/slon/microros_ws/firmware/dev_ws/install/ament_cmake_pyflakes:/home/mondegrin/programs/slon/microros_ws/firmware/dev_ws/install/ament_cmake_pycodestyle:/home/mondegrin/programs/slon/microros_ws/firmware/dev_ws/install/ament_cmake_pep257:/home/mondegrin/programs/slon/microros_ws/firmware/dev_ws/install/ament_cmake_pclint:/home/mondegrin/programs/slon/microros_ws/firmware/dev_ws/install/ament_lint_auto:/home/mondegrin/programs/slon/microros_ws/firmware/dev_ws/install/ament_cmake:/home/mondegrin/programs/slon/microros_ws/firmware/dev_ws/install/ament_cmake_version:/home/mondegrin/programs/slon/microros_ws/firmware/dev_ws/install/ament_cmake_vendor_package:/home/mondegrin/programs/slon/microros_ws/firmware/dev_ws/install/ament_cmake_pytest:/home/mondegrin/programs/slon/microros_ws/firmware/dev_ws/install/ament_cmake_mypy:/home/mondegrin/programs/slon/microros_ws/firmware/dev_ws/install/ament_cmake_lint_cmake:/home/mondegrin/programs/slon/microros_ws/firmware/dev_ws/install/ament_cmake_google_benchmark:/home/mondegrin/programs/slon/microros_ws/firmware/dev_ws/install/ament_cmake_flake8:/home/mondegrin/programs/slon/microros_ws/firmware/dev_ws/install/ament_cmake_cpplint:/home/mondegrin/programs/slon/microros_ws/firmware/dev_ws/install/ament_cmake_cppcheck:/home/mondegrin/programs/slon/microros_ws/firmware/dev_ws/install/ament_cmake_copyright:/home/mondegrin/programs/slon/microros_ws/firmware/dev_ws/install/ament_cmake_clang_tidy:/home/mondegrin/programs/slon/microros_ws/firmware/dev_ws/install/ament_cmake_clang_format:/home/mondegrin/programs/slon/microros_ws/firmware/dev_ws/install/ament_cmake_test:/home/mondegrin/programs/slon/microros_ws/firmware/dev_ws/install/ament_cmake_target_dependencies:/home/mondegrin/programs/slon/microros_ws/firmware/dev_ws/install/ament_cmake_python:/home/mondegrin/programs/slon/microros_ws/firmware/dev_ws/install/ament_cmake_export_dependencies:/home/mondegrin/programs/slon/microros_ws/firmware/dev_ws/install/ament_cmake_libraries:/home/mondegrin/programs/slon/microros_ws/firmware/dev_ws/install/ament_cmake_include_directories:/home/mondegrin/programs/slon/microros_ws/firmware/dev_ws/install/ament_cmake_gen_version_h:/home/mondegrin/programs/slon/microros_ws/firmware/dev_ws/install/ament_cmake_export_targets:/home/mondegrin/programs/slon/microros_ws/firmware/dev_ws/install/ament_cmake_export_link_flags:/home/mondegrin/programs/slon/microros_ws/firmware/dev_ws/install/ament_cmake_export_interfaces:/home/mondegrin/programs/slon/microros_ws/firmware/dev_ws/install/ament_cmake_export_libraries:/home/mondegrin/programs/slon/microros_ws/firmware/dev_ws/install/ament_cmake_export_include_directories:/home/mondegrin/programs/slon/microros_ws/firmware/dev_ws/install/ament_cmake_export_definitions:/home/mondegrin/programs/slon/microros_ws/firmware/dev_ws/install/ament_cmake_core:/home/mondegrin/programs/slon/microros_ws/firmware/dev_ws/install/ament_index_cpp:/home/mondegrin/programs/slon/microros_ws/firmware/dev_ws/install/ament_uncrustify:/home/mondegrin/programs/slon/microros_ws/firmware/dev_ws/install/domain_coordinator:/home/mondegrin/programs/slon/microros_ws/firmware/dev_ws/install/ament_xmllint:/home/mondegrin/programs/slon/microros_ws/firmware/dev_ws/install/ament_pyflakes:/home/mondegrin/programs/slon/microros_ws/firmware/dev_ws/install/ament_pycodestyle:/home/mondegrin/programs/slon/microros_ws/firmware/dev_ws/install/ament_pep257:/home/mondegrin/programs/slon/microros_ws/firmware/dev_ws/install/ament_pclint:/home/mondegrin/programs/slon/microros_ws/firmware/dev_ws/install/ament_package:/home/mondegrin/programs/slon/microros_ws/firmware/dev_ws/install/ament_mypy:/home/mondegrin/programs/slon/microros_ws/firmware/dev_ws/install/ament_lint_cmake:/home/mondegrin/programs/slon/microros_ws/firmware/dev_ws/install/ament_flake8:/home/mondegrin/programs/slon/microros_ws/firmware/dev_ws/install/ament_copyright:/home/mondegrin/programs/slon/microros_ws/firmware/dev_ws/install/ament_lint:/home/mondegrin/programs/slon/microros_ws/firmware/dev_ws/install/ament_index_python:/home/mondegrin/programs/slon/microros_ws/firmware/dev_ws/install/ament_cpplint:/home/mondegrin/programs/slon/microros_ws/firmware/dev_ws/install/ament_cppcheck:/home/mondegrin/programs/slon/microros_ws/firmware/dev_ws/install/ament_clang_tidy:/home/mondegrin/programs/slon/microros_ws/firmware/dev_ws/install/ament_clang_format LD_LIBRARY_PATH=/home/mondegrin/programs/slon/microros_ws/firmware/mcu_ws/install/lib:${LD_LIBRARY_PATH} PATH=/home/mondegrin/programs/slon/microros_ws/firmware/mcu_ws/install/bin:${PATH} PYTHONPATH=/home/mondegrin/programs/slon/microros_ws/firmware/mcu_ws/install/lib/python3.10/site-packages:${PYTHONPATH} /usr/bin/cmake --install /home/mondegrin/programs/slon/microros_ws/firmware/mcu_ws/build/nav_msgs
