[0.031s] Invoking command in '/home/mondegrin/programs/slon/ros2_ws/build/slon': CMAKE_PREFIX_PATH=/opt/ros/iron /usr/bin/cmake --build /home/mondegrin/programs/slon/ros2_ws/build/slon -- -j16 -l16
[0.053s] [35m[1mConsolidate compiler generated dependencies of target main[0m
[0.059s] [  2%] Built target slon__rosidl_generator_type_description
[0.063s] [  5%] [32mBuilding CXX object CMakeFiles/main.dir/src/main.cpp.o[0m
[0.064s] [  5%] Built target ament_cmake_python_copy_slon
[0.064s] [35m[1mConsolidate compiler generated dependencies of target slon__rosidl_generator_c[0m
[0.071s] [  8%] Built target slon__cpp
[0.073s] [ 22%] Built target slon__rosidl_generator_c
[0.081s] [35m[1mConsolidate compiler generated dependencies of target slon__rosidl_typesupport_fastrtps_c[0m
[0.081s] [35m[1mConsolidate compiler generated dependencies of target slon__rosidl_typesupport_fastrtps_cpp[0m
[0.082s] [35m[1mConsolidate compiler generated dependencies of target slon__rosidl_typesupport_introspection_c[0m
[0.082s] [35m[1mConsolidate compiler generated dependencies of target slon__rosidl_typesupport_cpp[0m
[0.083s] [35m[1mConsolidate compiler generated dependencies of target slon__rosidl_typesupport_introspection_cpp[0m
[0.084s] [35m[1mConsolidate compiler generated dependencies of target slon__rosidl_typesupport_c[0m
[0.092s] [ 30%] Built target slon__rosidl_typesupport_introspection_c
[0.092s] [ 38%] Built target slon__rosidl_typesupport_fastrtps_cpp
[0.095s] [ 47%] Built target slon__rosidl_typesupport_cpp
[0.095s] [ 63%] Built target slon__rosidl_typesupport_c
[0.095s] [ 63%] Built target slon__rosidl_typesupport_introspection_cpp
[0.099s] [ 72%] Built target slon__rosidl_typesupport_fastrtps_c
[0.114s] [ 72%] Built target slon
[0.130s] [ 75%] Built target slon__py
[0.137s] [35m[1mConsolidate compiler generated dependencies of target slon__rosidl_generator_py[0m
[0.147s] [ 80%] Built target slon__rosidl_generator_py
[0.154s] [35m[1mConsolidate compiler generated dependencies of target slon__rosidl_typesupport_fastrtps_c__pyext[0m
[0.155s] [35m[1mConsolidate compiler generated dependencies of target slon__rosidl_typesupport_c__pyext[0m
[0.156s] [35m[1mConsolidate compiler generated dependencies of target slon__rosidl_typesupport_introspection_c__pyext[0m
[0.163s] [ 86%] Built target slon__rosidl_typesupport_c__pyext
[0.164s] [ 91%] Built target slon__rosidl_typesupport_fastrtps_c__pyext
[0.165s] [ 97%] Built target slon__rosidl_typesupport_introspection_c__pyext
[0.199s] [01m[K/home/mondegrin/programs/slon/ros2_ws/src/slon/src/main.cpp:4:10:[m[K [01;31m[Kfatal error: [m[Kslon/msg/GPS.hpp: No such file or directory
[0.199s]     4 | #include [01;31m[K"slon/msg/GPS.hpp"[m[K
[0.199s]       |          [01;31m[K^~~~~~~~~~~~~~~~~~[m[K
[0.199s] compilation terminated.
[0.218s] running egg_info
[0.218s] writing slon.egg-info/PKG-INFO
[0.218s] writing dependency_links to slon.egg-info/dependency_links.txt
[0.218s] writing top-level names to slon.egg-info/top_level.txt
[0.219s] reading manifest file 'slon.egg-info/SOURCES.txt'
[0.220s] writing manifest file 'slon.egg-info/SOURCES.txt'
[0.223s] gmake[2]: *** [CMakeFiles/main.dir/build.make:76: CMakeFiles/main.dir/src/main.cpp.o] Error 1
[0.223s] gmake[1]: *** [CMakeFiles/Makefile2:623: CMakeFiles/main.dir/all] Error 2
[0.224s] gmake[1]: *** Waiting for unfinished jobs....
[0.236s] [ 97%] Built target ament_cmake_python_build_slon_egg
[0.237s] gmake: *** [Makefile:146: all] Error 2
[0.240s] Invoked command in '/home/mondegrin/programs/slon/ros2_ws/build/slon' returned '2': CMAKE_PREFIX_PATH=/opt/ros/iron /usr/bin/cmake --build /home/mondegrin/programs/slon/ros2_ws/build/slon -- -j16 -l16
