[3.540s] Invoking command in '/home/mondegrin/programs/slon/microros_ws/firmware/mcu_ws/ros2/ros2_tracing/tracetools_read': PYTHONPATH=/home/mondegrin/programs/slon/microros_ws/firmware/mcu_ws/build/tracetools_read/prefix_override:/home/mondegrin/programs/slon/microros_ws/firmware/mcu_ws/install/lib/python3.10/site-packages:${PYTHONPATH} /usr/bin/python3 setup.py egg_info --egg-base ../../../build/tracetools_read build --build-base /home/mondegrin/programs/slon/microros_ws/firmware/mcu_ws/build/tracetools_read/build install --record /home/mondegrin/programs/slon/microros_ws/firmware/mcu_ws/build/tracetools_read/install.log --single-version-externally-managed
[4.179s] running egg_info
[4.189s] writing ../../../build/tracetools_read/tracetools_read.egg-info/PKG-INFO
[4.189s] writing dependency_links to ../../../build/tracetools_read/tracetools_read.egg-info/dependency_links.txt
[4.189s] writing requirements to ../../../build/tracetools_read/tracetools_read.egg-info/requires.txt
[4.189s] writing top-level names to ../../../build/tracetools_read/tracetools_read.egg-info/top_level.txt
[4.193s] reading manifest file '../../../build/tracetools_read/tracetools_read.egg-info/SOURCES.txt'
[4.194s] writing manifest file '../../../build/tracetools_read/tracetools_read.egg-info/SOURCES.txt'
[4.195s] running build
[4.195s] running build_py
[4.196s] running install
[4.196s] /usr/lib/python3/dist-packages/setuptools/command/install.py:34: SetuptoolsDeprecationWarning: setup.py install is deprecated. Use build and pip and other standards-based tools.
[4.197s]   warnings.warn(
[4.200s] running install_lib
[4.204s] running install_data
[4.204s] running install_egg_info
[4.205s] removing '/home/mondegrin/programs/slon/microros_ws/firmware/mcu_ws/install/lib/python3.10/site-packages/tracetools_read-6.3.1-py3.10.egg-info' (and everything under it)
[4.206s] Copying ../../../build/tracetools_read/tracetools_read.egg-info to /home/mondegrin/programs/slon/microros_ws/firmware/mcu_ws/install/lib/python3.10/site-packages/tracetools_read-6.3.1-py3.10.egg-info
[4.206s] running install_scripts
[4.289s] writing list of installed files to '/home/mondegrin/programs/slon/microros_ws/firmware/mcu_ws/build/tracetools_read/install.log'
[4.827s] Invoked command in '/home/mondegrin/programs/slon/microros_ws/firmware/mcu_ws/ros2/ros2_tracing/tracetools_read' returned '0': PYTHONPATH=/home/mondegrin/programs/slon/microros_ws/firmware/mcu_ws/build/tracetools_read/prefix_override:/home/mondegrin/programs/slon/microros_ws/firmware/mcu_ws/install/lib/python3.10/site-packages:${PYTHONPATH} /usr/bin/python3 setup.py egg_info --egg-base ../../../build/tracetools_read build --build-base /home/mondegrin/programs/slon/microros_ws/firmware/mcu_ws/build/tracetools_read/build install --record /home/mondegrin/programs/slon/microros_ws/firmware/mcu_ws/build/tracetools_read/install.log --single-version-externally-managed
