[0.034s] Invoking command in '/home/mondegrin/programs/slon/microros_ws/build/micro_ros_msgs': CMAKE_PREFIX_PATH=${CMAKE_PREFIX_PATH}:/opt/ros/iron /usr/bin/cmake --build /home/mondegrin/programs/slon/microros_ws/build/micro_ros_msgs -- -j16 -l16
[0.082s] [  1%] Built target micro_ros_msgs__rosidl_generator_type_description
[0.097s] [  1%] Built target ament_cmake_python_copy_micro_ros_msgs
[0.098s] [  3%] Built target micro_ros_msgs__cpp
[0.099s] [ 24%] Built target micro_ros_msgs__rosidl_generator_c
[0.118s] [ 33%] Built target micro_ros_msgs__rosidl_typesupport_introspection_c
[0.118s] [ 42%] Built target micro_ros_msgs__rosidl_typesupport_fastrtps_cpp
[0.118s] [ 51%] Built target micro_ros_msgs__rosidl_typesupport_c
[0.119s] [ 61%] Built target micro_ros_msgs__rosidl_typesupport_cpp
[0.121s] [ 70%] Built target micro_ros_msgs__rosidl_typesupport_fastrtps_c
[0.123s] [ 79%] Built target micro_ros_msgs__rosidl_typesupport_introspection_cpp
[0.138s] [ 79%] Built target micro_ros_msgs
[0.154s] [ 81%] Built target micro_ros_msgs__py
[0.172s] [ 88%] Built target micro_ros_msgs__rosidl_generator_py
[0.189s] [ 92%] Built target micro_ros_msgs__rosidl_typesupport_introspection_c__pyext
[0.189s] [ 96%] Built target micro_ros_msgs__rosidl_typesupport_c__pyext
[0.190s] [100%] Built target micro_ros_msgs__rosidl_typesupport_fastrtps_c__pyext
[0.241s] running egg_info
[0.242s] writing micro_ros_msgs.egg-info/PKG-INFO
[0.242s] writing dependency_links to micro_ros_msgs.egg-info/dependency_links.txt
[0.242s] writing top-level names to micro_ros_msgs.egg-info/top_level.txt
[0.243s] reading manifest file 'micro_ros_msgs.egg-info/SOURCES.txt'
[0.244s] writing manifest file 'micro_ros_msgs.egg-info/SOURCES.txt'
[0.260s] [100%] Built target ament_cmake_python_build_micro_ros_msgs_egg
[0.267s] Invoked command in '/home/mondegrin/programs/slon/microros_ws/build/micro_ros_msgs' returned '0': CMAKE_PREFIX_PATH=${CMAKE_PREFIX_PATH}:/opt/ros/iron /usr/bin/cmake --build /home/mondegrin/programs/slon/microros_ws/build/micro_ros_msgs -- -j16 -l16
[0.332s] Invoking command in '/home/mondegrin/programs/slon/microros_ws/build/micro_ros_msgs': CMAKE_PREFIX_PATH=${CMAKE_PREFIX_PATH}:/opt/ros/iron /usr/bin/cmake --install /home/mondegrin/programs/slon/microros_ws/build/micro_ros_msgs
[0.336s] -- Install configuration: ""
[0.337s] -- Up-to-date: /home/mondegrin/programs/slon/microros_ws/install/micro_ros_msgs/share/ament_index/resource_index/rosidl_interfaces/micro_ros_msgs
[0.337s] -- Up-to-date: /home/mondegrin/programs/slon/microros_ws/install/micro_ros_msgs/share/micro_ros_msgs/msg/Graph.json
[0.337s] -- Up-to-date: /home/mondegrin/programs/slon/microros_ws/install/micro_ros_msgs/share/micro_ros_msgs/msg/Node.json
[0.337s] -- Up-to-date: /home/mondegrin/programs/slon/microros_ws/install/micro_ros_msgs/share/micro_ros_msgs/msg/Entity.json
[0.337s] -- Up-to-date: /home/mondegrin/programs/slon/microros_ws/install/micro_ros_msgs/include/micro_ros_msgs/micro_ros_msgs
[0.337s] -- Up-to-date: /home/mondegrin/programs/slon/microros_ws/install/micro_ros_msgs/include/micro_ros_msgs/micro_ros_msgs/msg
[0.337s] -- Up-to-date: /home/mondegrin/programs/slon/microros_ws/install/micro_ros_msgs/include/micro_ros_msgs/micro_ros_msgs/msg/rosidl_generator_c__visibility_control.h
[0.337s] -- Up-to-date: /home/mondegrin/programs/slon/microros_ws/install/micro_ros_msgs/include/micro_ros_msgs/micro_ros_msgs/msg/node.h
[0.337s] -- Up-to-date: /home/mondegrin/programs/slon/microros_ws/install/micro_ros_msgs/include/micro_ros_msgs/micro_ros_msgs/msg/entity.h
[0.337s] -- Up-to-date: /home/mondegrin/programs/slon/microros_ws/install/micro_ros_msgs/include/micro_ros_msgs/micro_ros_msgs/msg/graph.h
[0.337s] -- Up-to-date: /home/mondegrin/programs/slon/microros_ws/install/micro_ros_msgs/include/micro_ros_msgs/micro_ros_msgs/msg/detail
[0.337s] -- Up-to-date: /home/mondegrin/programs/slon/microros_ws/install/micro_ros_msgs/include/micro_ros_msgs/micro_ros_msgs/msg/detail/node__description.c
[0.337s] -- Installing: /home/mondegrin/programs/slon/microros_ws/install/micro_ros_msgs/include/micro_ros_msgs/micro_ros_msgs/msg/detail/node__type_support.c
[0.337s] -- Up-to-date: /home/mondegrin/programs/slon/microros_ws/install/micro_ros_msgs/include/micro_ros_msgs/micro_ros_msgs/msg/detail/graph__description.c
[0.337s] -- Up-to-date: /home/mondegrin/programs/slon/microros_ws/install/micro_ros_msgs/include/micro_ros_msgs/micro_ros_msgs/msg/detail/graph__type_support.h
[0.338s] -- Up-to-date: /home/mondegrin/programs/slon/microros_ws/install/micro_ros_msgs/include/micro_ros_msgs/micro_ros_msgs/msg/detail/node__struct.h
[0.338s] -- Up-to-date: /home/mondegrin/programs/slon/microros_ws/install/micro_ros_msgs/include/micro_ros_msgs/micro_ros_msgs/msg/detail/entity__description.c
[0.338s] -- Up-to-date: /home/mondegrin/programs/slon/microros_ws/install/micro_ros_msgs/include/micro_ros_msgs/micro_ros_msgs/msg/detail/entity__functions.h
[0.338s] -- Up-to-date: /home/mondegrin/programs/slon/microros_ws/install/micro_ros_msgs/include/micro_ros_msgs/micro_ros_msgs/msg/detail/entity__type_support.h
[0.338s] -- Installing: /home/mondegrin/programs/slon/microros_ws/install/micro_ros_msgs/include/micro_ros_msgs/micro_ros_msgs/msg/detail/entity__type_support.c
[0.338s] -- Up-to-date: /home/mondegrin/programs/slon/microros_ws/install/micro_ros_msgs/include/micro_ros_msgs/micro_ros_msgs/msg/detail/node__functions.c
[0.338s] -- Up-to-date: /home/mondegrin/programs/slon/microros_ws/install/micro_ros_msgs/include/micro_ros_msgs/micro_ros_msgs/msg/detail/graph__functions.c
[0.338s] -- Up-to-date: /home/mondegrin/programs/slon/microros_ws/install/micro_ros_msgs/include/micro_ros_msgs/micro_ros_msgs/msg/detail/entity__struct.h
[0.338s] -- Up-to-date: /home/mondegrin/programs/slon/microros_ws/install/micro_ros_msgs/include/micro_ros_msgs/micro_ros_msgs/msg/detail/entity__functions.c
[0.338s] -- Up-to-date: /home/mondegrin/programs/slon/microros_ws/install/micro_ros_msgs/include/micro_ros_msgs/micro_ros_msgs/msg/detail/graph__struct.h
[0.338s] -- Up-to-date: /home/mondegrin/programs/slon/microros_ws/install/micro_ros_msgs/include/micro_ros_msgs/micro_ros_msgs/msg/detail/graph__functions.h
[0.338s] -- Up-to-date: /home/mondegrin/programs/slon/microros_ws/install/micro_ros_msgs/include/micro_ros_msgs/micro_ros_msgs/msg/detail/node__functions.h
[0.339s] -- Up-to-date: /home/mondegrin/programs/slon/microros_ws/install/micro_ros_msgs/include/micro_ros_msgs/micro_ros_msgs/msg/detail/node__type_support.h
[0.339s] -- Installing: /home/mondegrin/programs/slon/microros_ws/install/micro_ros_msgs/include/micro_ros_msgs/micro_ros_msgs/msg/detail/graph__type_support.c
[0.339s] -- Up-to-date: /home/mondegrin/programs/slon/microros_ws/install/micro_ros_msgs/share/micro_ros_msgs/environment/library_path.sh
[0.339s] -- Up-to-date: /home/mondegrin/programs/slon/microros_ws/install/micro_ros_msgs/share/micro_ros_msgs/environment/library_path.dsv
[0.339s] -- Up-to-date: /home/mondegrin/programs/slon/microros_ws/install/micro_ros_msgs/lib/libmicro_ros_msgs__rosidl_generator_c.so
[0.339s] -- Up-to-date: /home/mondegrin/programs/slon/microros_ws/install/micro_ros_msgs/include/micro_ros_msgs/micro_ros_msgs
[0.339s] -- Up-to-date: /home/mondegrin/programs/slon/microros_ws/install/micro_ros_msgs/include/micro_ros_msgs/micro_ros_msgs/msg
[0.339s] -- Up-to-date: /home/mondegrin/programs/slon/microros_ws/install/micro_ros_msgs/include/micro_ros_msgs/micro_ros_msgs/msg/rosidl_typesupport_fastrtps_c__visibility_control.h
[0.339s] -- Up-to-date: /home/mondegrin/programs/slon/microros_ws/install/micro_ros_msgs/include/micro_ros_msgs/micro_ros_msgs/msg/detail
[0.339s] -- Up-to-date: /home/mondegrin/programs/slon/microros_ws/install/micro_ros_msgs/include/micro_ros_msgs/micro_ros_msgs/msg/detail/node__rosidl_typesupport_fastrtps_c.h
[0.339s] -- Up-to-date: /home/mondegrin/programs/slon/microros_ws/install/micro_ros_msgs/include/micro_ros_msgs/micro_ros_msgs/msg/detail/entity__rosidl_typesupport_fastrtps_c.h
[0.339s] -- Up-to-date: /home/mondegrin/programs/slon/microros_ws/install/micro_ros_msgs/include/micro_ros_msgs/micro_ros_msgs/msg/detail/graph__rosidl_typesupport_fastrtps_c.h
[0.340s] -- Up-to-date: /home/mondegrin/programs/slon/microros_ws/install/micro_ros_msgs/lib/libmicro_ros_msgs__rosidl_typesupport_fastrtps_c.so
[0.340s] -- Up-to-date: /home/mondegrin/programs/slon/microros_ws/install/micro_ros_msgs/include/micro_ros_msgs/micro_ros_msgs
[0.340s] -- Up-to-date: /home/mondegrin/programs/slon/microros_ws/install/micro_ros_msgs/include/micro_ros_msgs/micro_ros_msgs/msg
[0.340s] -- Up-to-date: /home/mondegrin/programs/slon/microros_ws/install/micro_ros_msgs/include/micro_ros_msgs/micro_ros_msgs/msg/rosidl_typesupport_introspection_c__visibility_control.h
[0.340s] -- Up-to-date: /home/mondegrin/programs/slon/microros_ws/install/micro_ros_msgs/include/micro_ros_msgs/micro_ros_msgs/msg/detail
[0.340s] -- Up-to-date: /home/mondegrin/programs/slon/microros_ws/install/micro_ros_msgs/include/micro_ros_msgs/micro_ros_msgs/msg/detail/node__rosidl_typesupport_introspection_c.h
[0.340s] -- Installing: /home/mondegrin/programs/slon/microros_ws/install/micro_ros_msgs/include/micro_ros_msgs/micro_ros_msgs/msg/detail/node__type_support.c
[0.340s] -- Up-to-date: /home/mondegrin/programs/slon/microros_ws/install/micro_ros_msgs/include/micro_ros_msgs/micro_ros_msgs/msg/detail/graph__rosidl_typesupport_introspection_c.h
[0.340s] -- Installing: /home/mondegrin/programs/slon/microros_ws/install/micro_ros_msgs/include/micro_ros_msgs/micro_ros_msgs/msg/detail/entity__type_support.c
[0.341s] -- Up-to-date: /home/mondegrin/programs/slon/microros_ws/install/micro_ros_msgs/include/micro_ros_msgs/micro_ros_msgs/msg/detail/entity__rosidl_typesupport_introspection_c.h
[0.341s] -- Installing: /home/mondegrin/programs/slon/microros_ws/install/micro_ros_msgs/include/micro_ros_msgs/micro_ros_msgs/msg/detail/graph__type_support.c
[0.341s] -- Up-to-date: /home/mondegrin/programs/slon/microros_ws/install/micro_ros_msgs/lib/libmicro_ros_msgs__rosidl_typesupport_introspection_c.so
[0.342s] -- Up-to-date: /home/mondegrin/programs/slon/microros_ws/install/micro_ros_msgs/lib/libmicro_ros_msgs__rosidl_typesupport_c.so
[0.342s] -- Up-to-date: /home/mondegrin/programs/slon/microros_ws/install/micro_ros_msgs/include/micro_ros_msgs/micro_ros_msgs
[0.342s] -- Up-to-date: /home/mondegrin/programs/slon/microros_ws/install/micro_ros_msgs/include/micro_ros_msgs/micro_ros_msgs/msg
[0.342s] -- Up-to-date: /home/mondegrin/programs/slon/microros_ws/install/micro_ros_msgs/include/micro_ros_msgs/micro_ros_msgs/msg/node.hpp
[0.342s] -- Up-to-date: /home/mondegrin/programs/slon/microros_ws/install/micro_ros_msgs/include/micro_ros_msgs/micro_ros_msgs/msg/graph.hpp
[0.342s] -- Up-to-date: /home/mondegrin/programs/slon/microros_ws/install/micro_ros_msgs/include/micro_ros_msgs/micro_ros_msgs/msg/detail
[0.343s] -- Up-to-date: /home/mondegrin/programs/slon/microros_ws/install/micro_ros_msgs/include/micro_ros_msgs/micro_ros_msgs/msg/detail/graph__traits.hpp
[0.343s] -- Up-to-date: /home/mondegrin/programs/slon/microros_ws/install/micro_ros_msgs/include/micro_ros_msgs/micro_ros_msgs/msg/detail/entity__traits.hpp
[0.343s] -- Up-to-date: /home/mondegrin/programs/slon/microros_ws/install/micro_ros_msgs/include/micro_ros_msgs/micro_ros_msgs/msg/detail/entity__builder.hpp
[0.343s] -- Up-to-date: /home/mondegrin/programs/slon/microros_ws/install/micro_ros_msgs/include/micro_ros_msgs/micro_ros_msgs/msg/detail/node__struct.hpp
[0.343s] -- Up-to-date: /home/mondegrin/programs/slon/microros_ws/install/micro_ros_msgs/include/micro_ros_msgs/micro_ros_msgs/msg/detail/entity__struct.hpp
[0.343s] -- Up-to-date: /home/mondegrin/programs/slon/microros_ws/install/micro_ros_msgs/include/micro_ros_msgs/micro_ros_msgs/msg/detail/graph__struct.hpp
[0.343s] -- Up-to-date: /home/mondegrin/programs/slon/microros_ws/install/micro_ros_msgs/include/micro_ros_msgs/micro_ros_msgs/msg/detail/graph__builder.hpp
[0.343s] -- Up-to-date: /home/mondegrin/programs/slon/microros_ws/install/micro_ros_msgs/include/micro_ros_msgs/micro_ros_msgs/msg/detail/node__builder.hpp
[0.343s] -- Up-to-date: /home/mondegrin/programs/slon/microros_ws/install/micro_ros_msgs/include/micro_ros_msgs/micro_ros_msgs/msg/detail/node__traits.hpp
[0.343s] -- Up-to-date: /home/mondegrin/programs/slon/microros_ws/install/micro_ros_msgs/include/micro_ros_msgs/micro_ros_msgs/msg/entity.hpp
[0.343s] -- Up-to-date: /home/mondegrin/programs/slon/microros_ws/install/micro_ros_msgs/include/micro_ros_msgs/micro_ros_msgs
[0.343s] -- Up-to-date: /home/mondegrin/programs/slon/microros_ws/install/micro_ros_msgs/include/micro_ros_msgs/micro_ros_msgs/msg
[0.343s] -- Up-to-date: /home/mondegrin/programs/slon/microros_ws/install/micro_ros_msgs/include/micro_ros_msgs/micro_ros_msgs/msg/rosidl_typesupport_fastrtps_cpp__visibility_control.h
[0.343s] -- Up-to-date: /home/mondegrin/programs/slon/microros_ws/install/micro_ros_msgs/include/micro_ros_msgs/micro_ros_msgs/msg/detail
[0.343s] -- Up-to-date: /home/mondegrin/programs/slon/microros_ws/install/micro_ros_msgs/include/micro_ros_msgs/micro_ros_msgs/msg/detail/dds_fastrtps
[0.343s] -- Up-to-date: /home/mondegrin/programs/slon/microros_ws/install/micro_ros_msgs/include/micro_ros_msgs/micro_ros_msgs/msg/detail/entity__rosidl_typesupport_fastrtps_cpp.hpp
[0.344s] -- Up-to-date: /home/mondegrin/programs/slon/microros_ws/install/micro_ros_msgs/include/micro_ros_msgs/micro_ros_msgs/msg/detail/graph__rosidl_typesupport_fastrtps_cpp.hpp
[0.344s] -- Up-to-date: /home/mondegrin/programs/slon/microros_ws/install/micro_ros_msgs/include/micro_ros_msgs/micro_ros_msgs/msg/detail/node__rosidl_typesupport_fastrtps_cpp.hpp
[0.344s] -- Up-to-date: /home/mondegrin/programs/slon/microros_ws/install/micro_ros_msgs/lib/libmicro_ros_msgs__rosidl_typesupport_fastrtps_cpp.so
[0.344s] -- Up-to-date: /home/mondegrin/programs/slon/microros_ws/install/micro_ros_msgs/include/micro_ros_msgs/micro_ros_msgs
[0.344s] -- Up-to-date: /home/mondegrin/programs/slon/microros_ws/install/micro_ros_msgs/include/micro_ros_msgs/micro_ros_msgs/msg
[0.344s] -- Up-to-date: /home/mondegrin/programs/slon/microros_ws/install/micro_ros_msgs/include/micro_ros_msgs/micro_ros_msgs/msg/detail
[0.344s] -- Up-to-date: /home/mondegrin/programs/slon/microros_ws/install/micro_ros_msgs/include/micro_ros_msgs/micro_ros_msgs/msg/detail/node__type_support.cpp
[0.344s] -- Up-to-date: /home/mondegrin/programs/slon/microros_ws/install/micro_ros_msgs/include/micro_ros_msgs/micro_ros_msgs/msg/detail/entity__type_support.cpp
[0.344s] -- Up-to-date: /home/mondegrin/programs/slon/microros_ws/install/micro_ros_msgs/include/micro_ros_msgs/micro_ros_msgs/msg/detail/node__rosidl_typesupport_introspection_cpp.hpp
[0.344s] -- Up-to-date: /home/mondegrin/programs/slon/microros_ws/install/micro_ros_msgs/include/micro_ros_msgs/micro_ros_msgs/msg/detail/graph__type_support.cpp
[0.344s] -- Up-to-date: /home/mondegrin/programs/slon/microros_ws/install/micro_ros_msgs/include/micro_ros_msgs/micro_ros_msgs/msg/detail/entity__rosidl_typesupport_introspection_cpp.hpp
[0.344s] -- Up-to-date: /home/mondegrin/programs/slon/microros_ws/install/micro_ros_msgs/include/micro_ros_msgs/micro_ros_msgs/msg/detail/graph__rosidl_typesupport_introspection_cpp.hpp
[0.345s] -- Up-to-date: /home/mondegrin/programs/slon/microros_ws/install/micro_ros_msgs/lib/libmicro_ros_msgs__rosidl_typesupport_introspection_cpp.so
[0.345s] -- Up-to-date: /home/mondegrin/programs/slon/microros_ws/install/micro_ros_msgs/lib/libmicro_ros_msgs__rosidl_typesupport_cpp.so
[0.345s] -- Up-to-date: /home/mondegrin/programs/slon/microros_ws/install/micro_ros_msgs/share/micro_ros_msgs/environment/pythonpath.sh
[0.345s] -- Up-to-date: /home/mondegrin/programs/slon/microros_ws/install/micro_ros_msgs/share/micro_ros_msgs/environment/pythonpath.dsv
[0.345s] -- Up-to-date: /home/mondegrin/programs/slon/microros_ws/install/micro_ros_msgs/lib/python3.10/site-packages/micro_ros_msgs-4.0.0-py3.10.egg-info
[0.346s] -- Installing: /home/mondegrin/programs/slon/microros_ws/install/micro_ros_msgs/lib/python3.10/site-packages/micro_ros_msgs-4.0.0-py3.10.egg-info/SOURCES.txt
[0.346s] -- Installing: /home/mondegrin/programs/slon/microros_ws/install/micro_ros_msgs/lib/python3.10/site-packages/micro_ros_msgs-4.0.0-py3.10.egg-info/top_level.txt
[0.346s] -- Installing: /home/mondegrin/programs/slon/microros_ws/install/micro_ros_msgs/lib/python3.10/site-packages/micro_ros_msgs-4.0.0-py3.10.egg-info/PKG-INFO
[0.346s] -- Installing: /home/mondegrin/programs/slon/microros_ws/install/micro_ros_msgs/lib/python3.10/site-packages/micro_ros_msgs-4.0.0-py3.10.egg-info/dependency_links.txt
[0.346s] -- Up-to-date: /home/mondegrin/programs/slon/microros_ws/install/micro_ros_msgs/lib/python3.10/site-packages/micro_ros_msgs
[0.346s] -- Up-to-date: /home/mondegrin/programs/slon/microros_ws/install/micro_ros_msgs/lib/python3.10/site-packages/micro_ros_msgs/micro_ros_msgs_s__rosidl_typesupport_c.cpython-310-x86_64-linux-gnu.so
[0.346s] -- Up-to-date: /home/mondegrin/programs/slon/microros_ws/install/micro_ros_msgs/lib/python3.10/site-packages/micro_ros_msgs/msg
[0.346s] -- Up-to-date: /home/mondegrin/programs/slon/microros_ws/install/micro_ros_msgs/lib/python3.10/site-packages/micro_ros_msgs/msg/_graph.py
[0.346s] -- Up-to-date: /home/mondegrin/programs/slon/microros_ws/install/micro_ros_msgs/lib/python3.10/site-packages/micro_ros_msgs/msg/__init__.py
[0.346s] -- Up-to-date: /home/mondegrin/programs/slon/microros_ws/install/micro_ros_msgs/lib/python3.10/site-packages/micro_ros_msgs/msg/_entity.py
[0.346s] -- Up-to-date: /home/mondegrin/programs/slon/microros_ws/install/micro_ros_msgs/lib/python3.10/site-packages/micro_ros_msgs/msg/_graph_s.c
[0.346s] -- Up-to-date: /home/mondegrin/programs/slon/microros_ws/install/micro_ros_msgs/lib/python3.10/site-packages/micro_ros_msgs/msg/_node.py
[0.346s] -- Up-to-date: /home/mondegrin/programs/slon/microros_ws/install/micro_ros_msgs/lib/python3.10/site-packages/micro_ros_msgs/msg/_node_s.c
[0.346s] -- Up-to-date: /home/mondegrin/programs/slon/microros_ws/install/micro_ros_msgs/lib/python3.10/site-packages/micro_ros_msgs/msg/_entity_s.c
[0.346s] -- Up-to-date: /home/mondegrin/programs/slon/microros_ws/install/micro_ros_msgs/lib/python3.10/site-packages/micro_ros_msgs/_micro_ros_msgs_s.ep.rosidl_typesupport_fastrtps_c.c
[0.346s] -- Up-to-date: /home/mondegrin/programs/slon/microros_ws/install/micro_ros_msgs/lib/python3.10/site-packages/micro_ros_msgs/libmicro_ros_msgs__rosidl_generator_py.so
[0.346s] -- Up-to-date: /home/mondegrin/programs/slon/microros_ws/install/micro_ros_msgs/lib/python3.10/site-packages/micro_ros_msgs/micro_ros_msgs_s__rosidl_typesupport_introspection_c.cpython-310-x86_64-linux-gnu.so
[0.346s] -- Up-to-date: /home/mondegrin/programs/slon/microros_ws/install/micro_ros_msgs/lib/python3.10/site-packages/micro_ros_msgs/micro_ros_msgs_s__rosidl_typesupport_fastrtps_c.cpython-310-x86_64-linux-gnu.so
[0.346s] -- Up-to-date: /home/mondegrin/programs/slon/microros_ws/install/micro_ros_msgs/lib/python3.10/site-packages/micro_ros_msgs/__init__.py
[0.346s] -- Up-to-date: /home/mondegrin/programs/slon/microros_ws/install/micro_ros_msgs/lib/python3.10/site-packages/micro_ros_msgs/_micro_ros_msgs_s.ep.rosidl_typesupport_c.c
[0.346s] -- Up-to-date: /home/mondegrin/programs/slon/microros_ws/install/micro_ros_msgs/lib/python3.10/site-packages/micro_ros_msgs/_micro_ros_msgs_s.ep.rosidl_typesupport_introspection_c.c
[0.366s] Listing '/home/mondegrin/programs/slon/microros_ws/install/micro_ros_msgs/lib/python3.10/site-packages/micro_ros_msgs'...
[0.366s] Listing '/home/mondegrin/programs/slon/microros_ws/install/micro_ros_msgs/lib/python3.10/site-packages/micro_ros_msgs/msg'...
[0.370s] -- Up-to-date: /home/mondegrin/programs/slon/microros_ws/install/micro_ros_msgs/lib/python3.10/site-packages/micro_ros_msgs/micro_ros_msgs_s__rosidl_typesupport_fastrtps_c.cpython-310-x86_64-linux-gnu.so
[0.371s] -- Up-to-date: /home/mondegrin/programs/slon/microros_ws/install/micro_ros_msgs/lib/python3.10/site-packages/micro_ros_msgs/micro_ros_msgs_s__rosidl_typesupport_introspection_c.cpython-310-x86_64-linux-gnu.so
[0.371s] -- Up-to-date: /home/mondegrin/programs/slon/microros_ws/install/micro_ros_msgs/lib/python3.10/site-packages/micro_ros_msgs/micro_ros_msgs_s__rosidl_typesupport_c.cpython-310-x86_64-linux-gnu.so
[0.372s] -- Up-to-date: /home/mondegrin/programs/slon/microros_ws/install/micro_ros_msgs/lib/libmicro_ros_msgs__rosidl_generator_py.so
[0.372s] -- Up-to-date: /home/mondegrin/programs/slon/microros_ws/install/micro_ros_msgs/share/micro_ros_msgs/msg/Graph.idl
[0.372s] -- Up-to-date: /home/mondegrin/programs/slon/microros_ws/install/micro_ros_msgs/share/micro_ros_msgs/msg/Node.idl
[0.372s] -- Up-to-date: /home/mondegrin/programs/slon/microros_ws/install/micro_ros_msgs/share/micro_ros_msgs/msg/Entity.idl
[0.373s] -- Up-to-date: /home/mondegrin/programs/slon/microros_ws/install/micro_ros_msgs/share/micro_ros_msgs/msg/Graph.msg
[0.373s] -- Up-to-date: /home/mondegrin/programs/slon/microros_ws/install/micro_ros_msgs/share/micro_ros_msgs/msg/Node.msg
[0.373s] -- Up-to-date: /home/mondegrin/programs/slon/microros_ws/install/micro_ros_msgs/share/micro_ros_msgs/msg/Entity.msg
[0.373s] -- Up-to-date: /home/mondegrin/programs/slon/microros_ws/install/micro_ros_msgs/share/ament_index/resource_index/package_run_dependencies/micro_ros_msgs
[0.373s] -- Up-to-date: /home/mondegrin/programs/slon/microros_ws/install/micro_ros_msgs/share/ament_index/resource_index/parent_prefix_path/micro_ros_msgs
[0.373s] -- Up-to-date: /home/mondegrin/programs/slon/microros_ws/install/micro_ros_msgs/share/micro_ros_msgs/environment/ament_prefix_path.sh
[0.373s] -- Up-to-date: /home/mondegrin/programs/slon/microros_ws/install/micro_ros_msgs/share/micro_ros_msgs/environment/ament_prefix_path.dsv
[0.373s] -- Up-to-date: /home/mondegrin/programs/slon/microros_ws/install/micro_ros_msgs/share/micro_ros_msgs/environment/path.sh
[0.373s] -- Up-to-date: /home/mondegrin/programs/slon/microros_ws/install/micro_ros_msgs/share/micro_ros_msgs/environment/path.dsv
[0.374s] -- Up-to-date: /home/mondegrin/programs/slon/microros_ws/install/micro_ros_msgs/share/micro_ros_msgs/local_setup.bash
[0.374s] -- Up-to-date: /home/mondegrin/programs/slon/microros_ws/install/micro_ros_msgs/share/micro_ros_msgs/local_setup.sh
[0.374s] -- Up-to-date: /home/mondegrin/programs/slon/microros_ws/install/micro_ros_msgs/share/micro_ros_msgs/local_setup.zsh
[0.374s] -- Up-to-date: /home/mondegrin/programs/slon/microros_ws/install/micro_ros_msgs/share/micro_ros_msgs/local_setup.dsv
[0.374s] -- Installing: /home/mondegrin/programs/slon/microros_ws/install/micro_ros_msgs/share/micro_ros_msgs/package.dsv
[0.374s] -- Up-to-date: /home/mondegrin/programs/slon/microros_ws/install/micro_ros_msgs/share/ament_index/resource_index/packages/micro_ros_msgs
[0.374s] -- Up-to-date: /home/mondegrin/programs/slon/microros_ws/install/micro_ros_msgs/share/micro_ros_msgs/cmake/export_micro_ros_msgs__rosidl_generator_cExport.cmake
[0.374s] -- Up-to-date: /home/mondegrin/programs/slon/microros_ws/install/micro_ros_msgs/share/micro_ros_msgs/cmake/export_micro_ros_msgs__rosidl_generator_cExport-noconfig.cmake
[0.375s] -- Up-to-date: /home/mondegrin/programs/slon/microros_ws/install/micro_ros_msgs/share/micro_ros_msgs/cmake/export_micro_ros_msgs__rosidl_typesupport_fastrtps_cExport.cmake
[0.375s] -- Up-to-date: /home/mondegrin/programs/slon/microros_ws/install/micro_ros_msgs/share/micro_ros_msgs/cmake/export_micro_ros_msgs__rosidl_typesupport_fastrtps_cExport-noconfig.cmake
[0.375s] -- Up-to-date: /home/mondegrin/programs/slon/microros_ws/install/micro_ros_msgs/share/micro_ros_msgs/cmake/micro_ros_msgs__rosidl_typesupport_introspection_cExport.cmake
[0.375s] -- Up-to-date: /home/mondegrin/programs/slon/microros_ws/install/micro_ros_msgs/share/micro_ros_msgs/cmake/micro_ros_msgs__rosidl_typesupport_introspection_cExport-noconfig.cmake
[0.376s] -- Up-to-date: /home/mondegrin/programs/slon/microros_ws/install/micro_ros_msgs/share/micro_ros_msgs/cmake/micro_ros_msgs__rosidl_typesupport_cExport.cmake
[0.376s] -- Up-to-date: /home/mondegrin/programs/slon/microros_ws/install/micro_ros_msgs/share/micro_ros_msgs/cmake/micro_ros_msgs__rosidl_typesupport_cExport-noconfig.cmake
[0.376s] -- Up-to-date: /home/mondegrin/programs/slon/microros_ws/install/micro_ros_msgs/share/micro_ros_msgs/cmake/export_micro_ros_msgs__rosidl_generator_cppExport.cmake
[0.377s] -- Up-to-date: /home/mondegrin/programs/slon/microros_ws/install/micro_ros_msgs/share/micro_ros_msgs/cmake/export_micro_ros_msgs__rosidl_typesupport_fastrtps_cppExport.cmake
[0.377s] -- Up-to-date: /home/mondegrin/programs/slon/microros_ws/install/micro_ros_msgs/share/micro_ros_msgs/cmake/export_micro_ros_msgs__rosidl_typesupport_fastrtps_cppExport-noconfig.cmake
[0.377s] -- Up-to-date: /home/mondegrin/programs/slon/microros_ws/install/micro_ros_msgs/share/micro_ros_msgs/cmake/micro_ros_msgs__rosidl_typesupport_introspection_cppExport.cmake
[0.378s] -- Up-to-date: /home/mondegrin/programs/slon/microros_ws/install/micro_ros_msgs/share/micro_ros_msgs/cmake/micro_ros_msgs__rosidl_typesupport_introspection_cppExport-noconfig.cmake
[0.378s] -- Up-to-date: /home/mondegrin/programs/slon/microros_ws/install/micro_ros_msgs/share/micro_ros_msgs/cmake/micro_ros_msgs__rosidl_typesupport_cppExport.cmake
[0.378s] -- Up-to-date: /home/mondegrin/programs/slon/microros_ws/install/micro_ros_msgs/share/micro_ros_msgs/cmake/micro_ros_msgs__rosidl_typesupport_cppExport-noconfig.cmake
[0.378s] -- Up-to-date: /home/mondegrin/programs/slon/microros_ws/install/micro_ros_msgs/share/micro_ros_msgs/cmake/export_micro_ros_msgs__rosidl_generator_pyExport.cmake
[0.379s] -- Up-to-date: /home/mondegrin/programs/slon/microros_ws/install/micro_ros_msgs/share/micro_ros_msgs/cmake/export_micro_ros_msgs__rosidl_generator_pyExport-noconfig.cmake
[0.379s] -- Up-to-date: /home/mondegrin/programs/slon/microros_ws/install/micro_ros_msgs/share/micro_ros_msgs/cmake/rosidl_cmake-extras.cmake
[0.379s] -- Up-to-date: /home/mondegrin/programs/slon/microros_ws/install/micro_ros_msgs/share/micro_ros_msgs/cmake/ament_cmake_export_include_directories-extras.cmake
[0.379s] -- Up-to-date: /home/mondegrin/programs/slon/microros_ws/install/micro_ros_msgs/share/micro_ros_msgs/cmake/ament_cmake_export_libraries-extras.cmake
[0.379s] -- Up-to-date: /home/mondegrin/programs/slon/microros_ws/install/micro_ros_msgs/share/micro_ros_msgs/cmake/ament_cmake_export_targets-extras.cmake
[0.379s] -- Up-to-date: /home/mondegrin/programs/slon/microros_ws/install/micro_ros_msgs/share/micro_ros_msgs/cmake/rosidl_cmake_export_typesupport_targets-extras.cmake
[0.379s] -- Up-to-date: /home/mondegrin/programs/slon/microros_ws/install/micro_ros_msgs/share/micro_ros_msgs/cmake/ament_cmake_export_dependencies-extras.cmake
[0.379s] -- Up-to-date: /home/mondegrin/programs/slon/microros_ws/install/micro_ros_msgs/share/micro_ros_msgs/cmake/rosidl_cmake_export_typesupport_libraries-extras.cmake
[0.379s] -- Up-to-date: /home/mondegrin/programs/slon/microros_ws/install/micro_ros_msgs/share/micro_ros_msgs/cmake/micro_ros_msgsConfig.cmake
[0.379s] -- Up-to-date: /home/mondegrin/programs/slon/microros_ws/install/micro_ros_msgs/share/micro_ros_msgs/cmake/micro_ros_msgsConfig-version.cmake
[0.379s] -- Up-to-date: /home/mondegrin/programs/slon/microros_ws/install/micro_ros_msgs/share/micro_ros_msgs/package.xml
[0.381s] Invoked command in '/home/mondegrin/programs/slon/microros_ws/build/micro_ros_msgs' returned '0': CMAKE_PREFIX_PATH=${CMAKE_PREFIX_PATH}:/opt/ros/iron /usr/bin/cmake --install /home/mondegrin/programs/slon/microros_ws/build/micro_ros_msgs
