gmake[4]: Entering directory '/home/mondegrin/programs/slon/microros_ws/firmware/mcu_ws/build/type_description_interfaces'
/usr/bin/cmake -S/home/mondegrin/programs/slon/microros_ws/firmware/mcu_ws/ros2/rcl_interfaces/type_description_interfaces -B/home/mondegrin/programs/slon/microros_ws/firmware/mcu_ws/build/type_description_interfaces --check-build-system CMakeFiles/Makefile.cmake 0
Re-run cmake file: Makefile older than: /home/mondegrin/programs/slon/microros_ws/firmware/freertos_apps/microros_esp32_extensions/esp32_toolchain.cmake
-- Found ament_cmake: 2.0.3 (/home/mondegrin/programs/slon/microros_ws/firmware/dev_ws/install/ament_cmake/share/ament_cmake/cmake)
-- Found rosidl_core_generators: 0.1.1 (/home/mondegrin/programs/slon/microros_ws/firmware/mcu_ws/install/share/rosidl_core_generators/cmake)
-- Using all available rosidl_typesupport_c: rosidl_typesupport_introspection_c;rosidl_typesupport_microxrcedds_c
[33mCMake Warning at /home/mondegrin/programs/slon/microros_ws/firmware/mcu_ws/install/share/rcutils/cmake/ament_cmake_export_libraries-extras.cmake:116 (message):
  Package 'rcutils' exports library 'dl' which couldn't be found
Call Stack (most recent call first):
  /home/mondegrin/programs/slon/microros_ws/firmware/mcu_ws/install/share/rcutils/cmake/rcutilsConfig.cmake:41 (include)
  /home/mondegrin/programs/slon/microros_ws/firmware/mcu_ws/install/share/rosidl_runtime_c/cmake/ament_cmake_export_dependencies-extras.cmake:21 (find_package)
  /home/mondegrin/programs/slon/microros_ws/firmware/mcu_ws/install/share/rosidl_runtime_c/cmake/rosidl_runtime_cConfig.cmake:41 (include)
  /home/mondegrin/programs/slon/microros_ws/firmware/mcu_ws/install/share/rosidl_typesupport_introspection_c/cmake/ament_cmake_export_dependencies-extras.cmake:21 (find_package)
  /home/mondegrin/programs/slon/microros_ws/firmware/mcu_ws/install/share/rosidl_typesupport_introspection_c/cmake/rosidl_typesupport_introspection_cConfig.cmake:41 (include)
  /home/mondegrin/programs/slon/microros_ws/firmware/mcu_ws/install/share/rosidl_typesupport_c/cmake/rosidl_typesupport_c-extras.cmake:13 (find_package)
  /home/mondegrin/programs/slon/microros_ws/firmware/mcu_ws/install/share/rosidl_typesupport_c/cmake/rosidl_typesupport_cConfig.cmake:41 (include)
  /home/mondegrin/programs/slon/microros_ws/firmware/mcu_ws/install/share/rosidl_core_generators/cmake/rosidl_core_generators-extras.cmake:21 (find_package)
  /home/mondegrin/programs/slon/microros_ws/firmware/mcu_ws/install/share/rosidl_core_generators/cmake/rosidl_core_generatorsConfig.cmake:41 (include)
  CMakeLists.txt:16 (find_package)

[0m
-- Found rosidl_adapter: 4.0.1 (/home/mondegrin/programs/slon/microros_ws/firmware/mcu_ws/install/share/rosidl_adapter/cmake)
-- Found ament_cmake_ros: 0.11.2 (/home/mondegrin/programs/slon/microros_ws/firmware/dev_ws/install/ament_cmake_ros/share/ament_cmake_ros/cmake)
-- Using all available rosidl_typesupport_c: rosidl_typesupport_introspection_c;rosidl_typesupport_microxrcedds_c
-- Configuring done
-- Generating done
-- Build files have been written to: /home/mondegrin/programs/slon/microros_ws/firmware/mcu_ws/build/type_description_interfaces
/usr/bin/cmake -E cmake_progress_start /home/mondegrin/programs/slon/microros_ws/firmware/mcu_ws/build/type_description_interfaces/CMakeFiles /home/mondegrin/programs/slon/microros_ws/firmware/mcu_ws/build/type_description_interfaces//CMakeFiles/progress.marks
/usr/bin/gmake  -f CMakeFiles/Makefile2 all
gmake[5]: Entering directory '/home/mondegrin/programs/slon/microros_ws/firmware/mcu_ws/build/type_description_interfaces'
/usr/bin/gmake  -f CMakeFiles/type_description_interfaces__rosidl_generator_type_description.dir/build.make CMakeFiles/type_description_interfaces__rosidl_generator_type_description.dir/depend
gmake[6]: Entering directory '/home/mondegrin/programs/slon/microros_ws/firmware/mcu_ws/build/type_description_interfaces'
cd /home/mondegrin/programs/slon/microros_ws/firmware/mcu_ws/build/type_description_interfaces && /usr/bin/cmake -E cmake_depends "Unix Makefiles" /home/mondegrin/programs/slon/microros_ws/firmware/mcu_ws/ros2/rcl_interfaces/type_description_interfaces /home/mondegrin/programs/slon/microros_ws/firmware/mcu_ws/ros2/rcl_interfaces/type_description_interfaces /home/mondegrin/programs/slon/microros_ws/firmware/mcu_ws/build/type_description_interfaces /home/mondegrin/programs/slon/microros_ws/firmware/mcu_ws/build/type_description_interfaces /home/mondegrin/programs/slon/microros_ws/firmware/mcu_ws/build/type_description_interfaces/CMakeFiles/type_description_interfaces__rosidl_generator_type_description.dir/DependInfo.cmake --color=
gmake[6]: Leaving directory '/home/mondegrin/programs/slon/microros_ws/firmware/mcu_ws/build/type_description_interfaces'
/usr/bin/gmake  -f CMakeFiles/type_description_interfaces__rosidl_generator_type_description.dir/build.make CMakeFiles/type_description_interfaces__rosidl_generator_type_description.dir/build
gmake[6]: Entering directory '/home/mondegrin/programs/slon/microros_ws/firmware/mcu_ws/build/type_description_interfaces'
gmake[6]: Nothing to be done for 'CMakeFiles/type_description_interfaces__rosidl_generator_type_description.dir/build'.
gmake[6]: Leaving directory '/home/mondegrin/programs/slon/microros_ws/firmware/mcu_ws/build/type_description_interfaces'
[  1%] Built target type_description_interfaces__rosidl_generator_type_description
/usr/bin/gmake  -f CMakeFiles/type_description_interfaces__rosidl_generator_c.dir/build.make CMakeFiles/type_description_interfaces__rosidl_generator_c.dir/depend
gmake[6]: Entering directory '/home/mondegrin/programs/slon/microros_ws/firmware/mcu_ws/build/type_description_interfaces'
cd /home/mondegrin/programs/slon/microros_ws/firmware/mcu_ws/build/type_description_interfaces && /usr/bin/cmake -E cmake_depends "Unix Makefiles" /home/mondegrin/programs/slon/microros_ws/firmware/mcu_ws/ros2/rcl_interfaces/type_description_interfaces /home/mondegrin/programs/slon/microros_ws/firmware/mcu_ws/ros2/rcl_interfaces/type_description_interfaces /home/mondegrin/programs/slon/microros_ws/firmware/mcu_ws/build/type_description_interfaces /home/mondegrin/programs/slon/microros_ws/firmware/mcu_ws/build/type_description_interfaces /home/mondegrin/programs/slon/microros_ws/firmware/mcu_ws/build/type_description_interfaces/CMakeFiles/type_description_interfaces__rosidl_generator_c.dir/DependInfo.cmake --color=
Dependencies file "CMakeFiles/type_description_interfaces__rosidl_generator_c.dir/rosidl_generator_c/type_description_interfaces/msg/detail/field__description.c.obj.d" is newer than depends file "/home/mondegrin/programs/slon/microros_ws/firmware/mcu_ws/build/type_description_interfaces/CMakeFiles/type_description_interfaces__rosidl_generator_c.dir/compiler_depend.internal".
Dependencies file "CMakeFiles/type_description_interfaces__rosidl_generator_c.dir/rosidl_generator_c/type_description_interfaces/msg/detail/field__functions.c.obj.d" is newer than depends file "/home/mondegrin/programs/slon/microros_ws/firmware/mcu_ws/build/type_description_interfaces/CMakeFiles/type_description_interfaces__rosidl_generator_c.dir/compiler_depend.internal".
Dependencies file "CMakeFiles/type_description_interfaces__rosidl_generator_c.dir/rosidl_generator_c/type_description_interfaces/msg/detail/field__type_support.c.obj.d" is newer than depends file "/home/mondegrin/programs/slon/microros_ws/firmware/mcu_ws/build/type_description_interfaces/CMakeFiles/type_description_interfaces__rosidl_generator_c.dir/compiler_depend.internal".
Dependencies file "CMakeFiles/type_description_interfaces__rosidl_generator_c.dir/rosidl_generator_c/type_description_interfaces/msg/detail/field_type__description.c.obj.d" is newer than depends file "/home/mondegrin/programs/slon/microros_ws/firmware/mcu_ws/build/type_description_interfaces/CMakeFiles/type_description_interfaces__rosidl_generator_c.dir/compiler_depend.internal".
Dependencies file "CMakeFiles/type_description_interfaces__rosidl_generator_c.dir/rosidl_generator_c/type_description_interfaces/msg/detail/field_type__functions.c.obj.d" is newer than depends file "/home/mondegrin/programs/slon/microros_ws/firmware/mcu_ws/build/type_description_interfaces/CMakeFiles/type_description_interfaces__rosidl_generator_c.dir/compiler_depend.internal".
Dependencies file "CMakeFiles/type_description_interfaces__rosidl_generator_c.dir/rosidl_generator_c/type_description_interfaces/msg/detail/field_type__type_support.c.obj.d" is newer than depends file "/home/mondegrin/programs/slon/microros_ws/firmware/mcu_ws/build/type_description_interfaces/CMakeFiles/type_description_interfaces__rosidl_generator_c.dir/compiler_depend.internal".
Dependencies file "CMakeFiles/type_description_interfaces__rosidl_generator_c.dir/rosidl_generator_c/type_description_interfaces/msg/detail/individual_type_description__description.c.obj.d" is newer than depends file "/home/mondegrin/programs/slon/microros_ws/firmware/mcu_ws/build/type_description_interfaces/CMakeFiles/type_description_interfaces__rosidl_generator_c.dir/compiler_depend.internal".
Dependencies file "CMakeFiles/type_description_interfaces__rosidl_generator_c.dir/rosidl_generator_c/type_description_interfaces/msg/detail/individual_type_description__functions.c.obj.d" is newer than depends file "/home/mondegrin/programs/slon/microros_ws/firmware/mcu_ws/build/type_description_interfaces/CMakeFiles/type_description_interfaces__rosidl_generator_c.dir/compiler_depend.internal".
Dependencies file "CMakeFiles/type_description_interfaces__rosidl_generator_c.dir/rosidl_generator_c/type_description_interfaces/msg/detail/individual_type_description__type_support.c.obj.d" is newer than depends file "/home/mondegrin/programs/slon/microros_ws/firmware/mcu_ws/build/type_description_interfaces/CMakeFiles/type_description_interfaces__rosidl_generator_c.dir/compiler_depend.internal".
Dependencies file "CMakeFiles/type_description_interfaces__rosidl_generator_c.dir/rosidl_generator_c/type_description_interfaces/msg/detail/key_value__description.c.obj.d" is newer than depends file "/home/mondegrin/programs/slon/microros_ws/firmware/mcu_ws/build/type_description_interfaces/CMakeFiles/type_description_interfaces__rosidl_generator_c.dir/compiler_depend.internal".
Dependencies file "CMakeFiles/type_description_interfaces__rosidl_generator_c.dir/rosidl_generator_c/type_description_interfaces/msg/detail/key_value__functions.c.obj.d" is newer than depends file "/home/mondegrin/programs/slon/microros_ws/firmware/mcu_ws/build/type_description_interfaces/CMakeFiles/type_description_interfaces__rosidl_generator_c.dir/compiler_depend.internal".
Dependencies file "CMakeFiles/type_description_interfaces__rosidl_generator_c.dir/rosidl_generator_c/type_description_interfaces/msg/detail/key_value__type_support.c.obj.d" is newer than depends file "/home/mondegrin/programs/slon/microros_ws/firmware/mcu_ws/build/type_description_interfaces/CMakeFiles/type_description_interfaces__rosidl_generator_c.dir/compiler_depend.internal".
Dependencies file "CMakeFiles/type_description_interfaces__rosidl_generator_c.dir/rosidl_generator_c/type_description_interfaces/msg/detail/type_description__description.c.obj.d" is newer than depends file "/home/mondegrin/programs/slon/microros_ws/firmware/mcu_ws/build/type_description_interfaces/CMakeFiles/type_description_interfaces__rosidl_generator_c.dir/compiler_depend.internal".
Dependencies file "CMakeFiles/type_description_interfaces__rosidl_generator_c.dir/rosidl_generator_c/type_description_interfaces/msg/detail/type_description__functions.c.obj.d" is newer than depends file "/home/mondegrin/programs/slon/microros_ws/firmware/mcu_ws/build/type_description_interfaces/CMakeFiles/type_description_interfaces__rosidl_generator_c.dir/compiler_depend.internal".
Dependencies file "CMakeFiles/type_description_interfaces__rosidl_generator_c.dir/rosidl_generator_c/type_description_interfaces/msg/detail/type_description__type_support.c.obj.d" is newer than depends file "/home/mondegrin/programs/slon/microros_ws/firmware/mcu_ws/build/type_description_interfaces/CMakeFiles/type_description_interfaces__rosidl_generator_c.dir/compiler_depend.internal".
Dependencies file "CMakeFiles/type_description_interfaces__rosidl_generator_c.dir/rosidl_generator_c/type_description_interfaces/msg/detail/type_source__description.c.obj.d" is newer than depends file "/home/mondegrin/programs/slon/microros_ws/firmware/mcu_ws/build/type_description_interfaces/CMakeFiles/type_description_interfaces__rosidl_generator_c.dir/compiler_depend.internal".
Dependencies file "CMakeFiles/type_description_interfaces__rosidl_generator_c.dir/rosidl_generator_c/type_description_interfaces/msg/detail/type_source__functions.c.obj.d" is newer than depends file "/home/mondegrin/programs/slon/microros_ws/firmware/mcu_ws/build/type_description_interfaces/CMakeFiles/type_description_interfaces__rosidl_generator_c.dir/compiler_depend.internal".
Dependencies file "CMakeFiles/type_description_interfaces__rosidl_generator_c.dir/rosidl_generator_c/type_description_interfaces/msg/detail/type_source__type_support.c.obj.d" is newer than depends file "/home/mondegrin/programs/slon/microros_ws/firmware/mcu_ws/build/type_description_interfaces/CMakeFiles/type_description_interfaces__rosidl_generator_c.dir/compiler_depend.internal".
Dependencies file "CMakeFiles/type_description_interfaces__rosidl_generator_c.dir/rosidl_generator_c/type_description_interfaces/srv/detail/get_type_description__description.c.obj.d" is newer than depends file "/home/mondegrin/programs/slon/microros_ws/firmware/mcu_ws/build/type_description_interfaces/CMakeFiles/type_description_interfaces__rosidl_generator_c.dir/compiler_depend.internal".
Dependencies file "CMakeFiles/type_description_interfaces__rosidl_generator_c.dir/rosidl_generator_c/type_description_interfaces/srv/detail/get_type_description__functions.c.obj.d" is newer than depends file "/home/mondegrin/programs/slon/microros_ws/firmware/mcu_ws/build/type_description_interfaces/CMakeFiles/type_description_interfaces__rosidl_generator_c.dir/compiler_depend.internal".
Dependencies file "CMakeFiles/type_description_interfaces__rosidl_generator_c.dir/rosidl_generator_c/type_description_interfaces/srv/detail/get_type_description__type_support.c.obj.d" is newer than depends file "/home/mondegrin/programs/slon/microros_ws/firmware/mcu_ws/build/type_description_interfaces/CMakeFiles/type_description_interfaces__rosidl_generator_c.dir/compiler_depend.internal".
[35m[1mConsolidate compiler generated dependencies of target type_description_interfaces__rosidl_generator_c[0m
gmake[6]: Leaving directory '/home/mondegrin/programs/slon/microros_ws/firmware/mcu_ws/build/type_description_interfaces'
/usr/bin/gmake  -f CMakeFiles/type_description_interfaces__rosidl_generator_c.dir/build.make CMakeFiles/type_description_interfaces__rosidl_generator_c.dir/build
gmake[6]: Entering directory '/home/mondegrin/programs/slon/microros_ws/firmware/mcu_ws/build/type_description_interfaces'
gmake[6]: Nothing to be done for 'CMakeFiles/type_description_interfaces__rosidl_generator_c.dir/build'.
gmake[6]: Leaving directory '/home/mondegrin/programs/slon/microros_ws/firmware/mcu_ws/build/type_description_interfaces'
[ 47%] Built target type_description_interfaces__rosidl_generator_c
/usr/bin/gmake  -f CMakeFiles/type_description_interfaces__rosidl_typesupport_microxrcedds_c.dir/build.make CMakeFiles/type_description_interfaces__rosidl_typesupport_microxrcedds_c.dir/depend
/usr/bin/gmake  -f CMakeFiles/type_description_interfaces__rosidl_typesupport_introspection_c.dir/build.make CMakeFiles/type_description_interfaces__rosidl_typesupport_introspection_c.dir/depend
/usr/bin/gmake  -f CMakeFiles/type_description_interfaces__rosidl_typesupport_c.dir/build.make CMakeFiles/type_description_interfaces__rosidl_typesupport_c.dir/depend
gmake[6]: Entering directory '/home/mondegrin/programs/slon/microros_ws/firmware/mcu_ws/build/type_description_interfaces'
cd /home/mondegrin/programs/slon/microros_ws/firmware/mcu_ws/build/type_description_interfaces && /usr/bin/cmake -E cmake_depends "Unix Makefiles" /home/mondegrin/programs/slon/microros_ws/firmware/mcu_ws/ros2/rcl_interfaces/type_description_interfaces /home/mondegrin/programs/slon/microros_ws/firmware/mcu_ws/ros2/rcl_interfaces/type_description_interfaces /home/mondegrin/programs/slon/microros_ws/firmware/mcu_ws/build/type_description_interfaces /home/mondegrin/programs/slon/microros_ws/firmware/mcu_ws/build/type_description_interfaces /home/mondegrin/programs/slon/microros_ws/firmware/mcu_ws/build/type_description_interfaces/CMakeFiles/type_description_interfaces__rosidl_typesupport_c.dir/DependInfo.cmake --color=
gmake[6]: Entering directory '/home/mondegrin/programs/slon/microros_ws/firmware/mcu_ws/build/type_description_interfaces'
gmake[6]: Entering directory '/home/mondegrin/programs/slon/microros_ws/firmware/mcu_ws/build/type_description_interfaces'
cd /home/mondegrin/programs/slon/microros_ws/firmware/mcu_ws/build/type_description_interfaces && /usr/bin/cmake -E cmake_depends "Unix Makefiles" /home/mondegrin/programs/slon/microros_ws/firmware/mcu_ws/ros2/rcl_interfaces/type_description_interfaces /home/mondegrin/programs/slon/microros_ws/firmware/mcu_ws/ros2/rcl_interfaces/type_description_interfaces /home/mondegrin/programs/slon/microros_ws/firmware/mcu_ws/build/type_description_interfaces /home/mondegrin/programs/slon/microros_ws/firmware/mcu_ws/build/type_description_interfaces /home/mondegrin/programs/slon/microros_ws/firmware/mcu_ws/build/type_description_interfaces/CMakeFiles/type_description_interfaces__rosidl_typesupport_microxrcedds_c.dir/DependInfo.cmake --color=
cd /home/mondegrin/programs/slon/microros_ws/firmware/mcu_ws/build/type_description_interfaces && /usr/bin/cmake -E cmake_depends "Unix Makefiles" /home/mondegrin/programs/slon/microros_ws/firmware/mcu_ws/ros2/rcl_interfaces/type_description_interfaces /home/mondegrin/programs/slon/microros_ws/firmware/mcu_ws/ros2/rcl_interfaces/type_description_interfaces /home/mondegrin/programs/slon/microros_ws/firmware/mcu_ws/build/type_description_interfaces /home/mondegrin/programs/slon/microros_ws/firmware/mcu_ws/build/type_description_interfaces /home/mondegrin/programs/slon/microros_ws/firmware/mcu_ws/build/type_description_interfaces/CMakeFiles/type_description_interfaces__rosidl_typesupport_introspection_c.dir/DependInfo.cmake --color=
Dependencies file "CMakeFiles/type_description_interfaces__rosidl_typesupport_microxrcedds_c.dir/rosidl_typesupport_microxrcedds_c/type_description_interfaces/msg/detail/microxrcedds/field__type_support_c.c.obj.d" is newer than depends file "/home/mondegrin/programs/slon/microros_ws/firmware/mcu_ws/build/type_description_interfaces/CMakeFiles/type_description_interfaces__rosidl_typesupport_microxrcedds_c.dir/compiler_depend.internal".
Dependencies file "CMakeFiles/type_description_interfaces__rosidl_typesupport_microxrcedds_c.dir/rosidl_typesupport_microxrcedds_c/type_description_interfaces/msg/detail/microxrcedds/field_type__type_support_c.c.obj.d" is newer than depends file "/home/mondegrin/programs/slon/microros_ws/firmware/mcu_ws/build/type_description_interfaces/CMakeFiles/type_description_interfaces__rosidl_typesupport_microxrcedds_c.dir/compiler_depend.internal".
Dependencies file "CMakeFiles/type_description_interfaces__rosidl_typesupport_introspection_c.dir/rosidl_typesupport_introspection_c/type_description_interfaces/msg/detail/field__type_support.c.obj.d" is newer than depends file "/home/mondegrin/programs/slon/microros_ws/firmware/mcu_ws/build/type_description_interfaces/CMakeFiles/type_description_interfaces__rosidl_typesupport_introspection_c.dir/compiler_depend.internal".
Dependencies file "CMakeFiles/type_description_interfaces__rosidl_typesupport_c.dir/rosidl_typesupport_c/type_description_interfaces/msg/field__type_support.cpp.obj.d" is newer than depends file "/home/mondegrin/programs/slon/microros_ws/firmware/mcu_ws/build/type_description_interfaces/CMakeFiles/type_description_interfaces__rosidl_typesupport_c.dir/compiler_depend.internal".
Dependencies file "CMakeFiles/type_description_interfaces__rosidl_typesupport_microxrcedds_c.dir/rosidl_typesupport_microxrcedds_c/type_description_interfaces/msg/detail/microxrcedds/individual_type_description__type_support_c.c.obj.d" is newer than depends file "/home/mondegrin/programs/slon/microros_ws/firmware/mcu_ws/build/type_description_interfaces/CMakeFiles/type_description_interfaces__rosidl_typesupport_microxrcedds_c.dir/compiler_depend.internal".
Dependencies file "CMakeFiles/type_description_interfaces__rosidl_typesupport_introspection_c.dir/rosidl_typesupport_introspection_c/type_description_interfaces/msg/detail/field_type__type_support.c.obj.d" is newer than depends file "/home/mondegrin/programs/slon/microros_ws/firmware/mcu_ws/build/type_description_interfaces/CMakeFiles/type_description_interfaces__rosidl_typesupport_introspection_c.dir/compiler_depend.internal".
Dependencies file "CMakeFiles/type_description_interfaces__rosidl_typesupport_c.dir/rosidl_typesupport_c/type_description_interfaces/msg/field_type__type_support.cpp.obj.d" is newer than depends file "/home/mondegrin/programs/slon/microros_ws/firmware/mcu_ws/build/type_description_interfaces/CMakeFiles/type_description_interfaces__rosidl_typesupport_c.dir/compiler_depend.internal".
Dependencies file "CMakeFiles/type_description_interfaces__rosidl_typesupport_introspection_c.dir/rosidl_typesupport_introspection_c/type_description_interfaces/msg/detail/individual_type_description__type_support.c.obj.d" is newer than depends file "/home/mondegrin/programs/slon/microros_ws/firmware/mcu_ws/build/type_description_interfaces/CMakeFiles/type_description_interfaces__rosidl_typesupport_introspection_c.dir/compiler_depend.internal".
Dependencies file "CMakeFiles/type_description_interfaces__rosidl_typesupport_microxrcedds_c.dir/rosidl_typesupport_microxrcedds_c/type_description_interfaces/msg/detail/microxrcedds/key_value__type_support_c.c.obj.d" is newer than depends file "/home/mondegrin/programs/slon/microros_ws/firmware/mcu_ws/build/type_description_interfaces/CMakeFiles/type_description_interfaces__rosidl_typesupport_microxrcedds_c.dir/compiler_depend.internal".
Dependencies file "CMakeFiles/type_description_interfaces__rosidl_typesupport_c.dir/rosidl_typesupport_c/type_description_interfaces/msg/individual_type_description__type_support.cpp.obj.d" is newer than depends file "/home/mondegrin/programs/slon/microros_ws/firmware/mcu_ws/build/type_description_interfaces/CMakeFiles/type_description_interfaces__rosidl_typesupport_c.dir/compiler_depend.internal".
Dependencies file "CMakeFiles/type_description_interfaces__rosidl_typesupport_introspection_c.dir/rosidl_typesupport_introspection_c/type_description_interfaces/msg/detail/key_value__type_support.c.obj.d" is newer than depends file "/home/mondegrin/programs/slon/microros_ws/firmware/mcu_ws/build/type_description_interfaces/CMakeFiles/type_description_interfaces__rosidl_typesupport_introspection_c.dir/compiler_depend.internal".
Dependencies file "CMakeFiles/type_description_interfaces__rosidl_typesupport_microxrcedds_c.dir/rosidl_typesupport_microxrcedds_c/type_description_interfaces/msg/detail/microxrcedds/type_description__type_support_c.c.obj.d" is newer than depends file "/home/mondegrin/programs/slon/microros_ws/firmware/mcu_ws/build/type_description_interfaces/CMakeFiles/type_description_interfaces__rosidl_typesupport_microxrcedds_c.dir/compiler_depend.internal".
Dependencies file "CMakeFiles/type_description_interfaces__rosidl_typesupport_introspection_c.dir/rosidl_typesupport_introspection_c/type_description_interfaces/msg/detail/type_description__type_support.c.obj.d" is newer than depends file "/home/mondegrin/programs/slon/microros_ws/firmware/mcu_ws/build/type_description_interfaces/CMakeFiles/type_description_interfaces__rosidl_typesupport_introspection_c.dir/compiler_depend.internal".
Dependencies file "CMakeFiles/type_description_interfaces__rosidl_typesupport_c.dir/rosidl_typesupport_c/type_description_interfaces/msg/key_value__type_support.cpp.obj.d" is newer than depends file "/home/mondegrin/programs/slon/microros_ws/firmware/mcu_ws/build/type_description_interfaces/CMakeFiles/type_description_interfaces__rosidl_typesupport_c.dir/compiler_depend.internal".
Dependencies file "CMakeFiles/type_description_interfaces__rosidl_typesupport_introspection_c.dir/rosidl_typesupport_introspection_c/type_description_interfaces/msg/detail/type_source__type_support.c.obj.d" is newer than depends file "/home/mondegrin/programs/slon/microros_ws/firmware/mcu_ws/build/type_description_interfaces/CMakeFiles/type_description_interfaces__rosidl_typesupport_introspection_c.dir/compiler_depend.internal".
Dependencies file "CMakeFiles/type_description_interfaces__rosidl_typesupport_microxrcedds_c.dir/rosidl_typesupport_microxrcedds_c/type_description_interfaces/msg/detail/microxrcedds/type_source__type_support_c.c.obj.d" is newer than depends file "/home/mondegrin/programs/slon/microros_ws/firmware/mcu_ws/build/type_description_interfaces/CMakeFiles/type_description_interfaces__rosidl_typesupport_microxrcedds_c.dir/compiler_depend.internal".
Dependencies file "CMakeFiles/type_description_interfaces__rosidl_typesupport_c.dir/rosidl_typesupport_c/type_description_interfaces/msg/type_description__type_support.cpp.obj.d" is newer than depends file "/home/mondegrin/programs/slon/microros_ws/firmware/mcu_ws/build/type_description_interfaces/CMakeFiles/type_description_interfaces__rosidl_typesupport_c.dir/compiler_depend.internal".
Dependencies file "CMakeFiles/type_description_interfaces__rosidl_typesupport_introspection_c.dir/rosidl_typesupport_introspection_c/type_description_interfaces/srv/detail/get_type_description__type_support.c.obj.d" is newer than depends file "/home/mondegrin/programs/slon/microros_ws/firmware/mcu_ws/build/type_description_interfaces/CMakeFiles/type_description_interfaces__rosidl_typesupport_introspection_c.dir/compiler_depend.internal".
Dependencies file "CMakeFiles/type_description_interfaces__rosidl_typesupport_microxrcedds_c.dir/rosidl_typesupport_microxrcedds_c/type_description_interfaces/srv/detail/microxrcedds/get_type_description__type_support_c.c.obj.d" is newer than depends file "/home/mondegrin/programs/slon/microros_ws/firmware/mcu_ws/build/type_description_interfaces/CMakeFiles/type_description_interfaces__rosidl_typesupport_microxrcedds_c.dir/compiler_depend.internal".
Dependencies file "CMakeFiles/type_description_interfaces__rosidl_typesupport_c.dir/rosidl_typesupport_c/type_description_interfaces/msg/type_source__type_support.cpp.obj.d" is newer than depends file "/home/mondegrin/programs/slon/microros_ws/firmware/mcu_ws/build/type_description_interfaces/CMakeFiles/type_description_interfaces__rosidl_typesupport_c.dir/compiler_depend.internal".
[35m[1mConsolidate compiler generated dependencies of target type_description_interfaces__rosidl_typesupport_introspection_c[0m
Dependencies file "CMakeFiles/type_description_interfaces__rosidl_typesupport_c.dir/rosidl_typesupport_c/type_description_interfaces/srv/get_type_description__type_support.cpp.obj.d" is newer than depends file "/home/mondegrin/programs/slon/microros_ws/firmware/mcu_ws/build/type_description_interfaces/CMakeFiles/type_description_interfaces__rosidl_typesupport_c.dir/compiler_depend.internal".
[35m[1mConsolidate compiler generated dependencies of target type_description_interfaces__rosidl_typesupport_microxrcedds_c[0m
[35m[1mConsolidate compiler generated dependencies of target type_description_interfaces__rosidl_typesupport_c[0m
gmake[6]: Leaving directory '/home/mondegrin/programs/slon/microros_ws/firmware/mcu_ws/build/type_description_interfaces'
/usr/bin/gmake  -f CMakeFiles/type_description_interfaces__rosidl_typesupport_introspection_c.dir/build.make CMakeFiles/type_description_interfaces__rosidl_typesupport_introspection_c.dir/build
gmake[6]: Leaving directory '/home/mondegrin/programs/slon/microros_ws/firmware/mcu_ws/build/type_description_interfaces'
/usr/bin/gmake  -f CMakeFiles/type_description_interfaces__rosidl_typesupport_c.dir/build.make CMakeFiles/type_description_interfaces__rosidl_typesupport_c.dir/build
gmake[6]: Leaving directory '/home/mondegrin/programs/slon/microros_ws/firmware/mcu_ws/build/type_description_interfaces'
/usr/bin/gmake  -f CMakeFiles/type_description_interfaces__rosidl_typesupport_microxrcedds_c.dir/build.make CMakeFiles/type_description_interfaces__rosidl_typesupport_microxrcedds_c.dir/build
gmake[6]: Entering directory '/home/mondegrin/programs/slon/microros_ws/firmware/mcu_ws/build/type_description_interfaces'
gmake[6]: Nothing to be done for 'CMakeFiles/type_description_interfaces__rosidl_typesupport_introspection_c.dir/build'.
gmake[6]: Leaving directory '/home/mondegrin/programs/slon/microros_ws/firmware/mcu_ws/build/type_description_interfaces'
gmake[6]: Entering directory '/home/mondegrin/programs/slon/microros_ws/firmware/mcu_ws/build/type_description_interfaces'
gmake[6]: Nothing to be done for 'CMakeFiles/type_description_interfaces__rosidl_typesupport_c.dir/build'.
gmake[6]: Leaving directory '/home/mondegrin/programs/slon/microros_ws/firmware/mcu_ws/build/type_description_interfaces'
gmake[6]: Entering directory '/home/mondegrin/programs/slon/microros_ws/firmware/mcu_ws/build/type_description_interfaces'
gmake[6]: Nothing to be done for 'CMakeFiles/type_description_interfaces__rosidl_typesupport_microxrcedds_c.dir/build'.
gmake[6]: Leaving directory '/home/mondegrin/programs/slon/microros_ws/firmware/mcu_ws/build/type_description_interfaces'
[ 64%] Built target type_description_interfaces__rosidl_typesupport_introspection_c
[ 82%] Built target type_description_interfaces__rosidl_typesupport_microxrcedds_c
[100%] Built target type_description_interfaces__rosidl_typesupport_c
/usr/bin/gmake  -f CMakeFiles/type_description_interfaces.dir/build.make CMakeFiles/type_description_interfaces.dir/depend
gmake[6]: Entering directory '/home/mondegrin/programs/slon/microros_ws/firmware/mcu_ws/build/type_description_interfaces'
cd /home/mondegrin/programs/slon/microros_ws/firmware/mcu_ws/build/type_description_interfaces && /usr/bin/cmake -E cmake_depends "Unix Makefiles" /home/mondegrin/programs/slon/microros_ws/firmware/mcu_ws/ros2/rcl_interfaces/type_description_interfaces /home/mondegrin/programs/slon/microros_ws/firmware/mcu_ws/ros2/rcl_interfaces/type_description_interfaces /home/mondegrin/programs/slon/microros_ws/firmware/mcu_ws/build/type_description_interfaces /home/mondegrin/programs/slon/microros_ws/firmware/mcu_ws/build/type_description_interfaces /home/mondegrin/programs/slon/microros_ws/firmware/mcu_ws/build/type_description_interfaces/CMakeFiles/type_description_interfaces.dir/DependInfo.cmake --color=
gmake[6]: Leaving directory '/home/mondegrin/programs/slon/microros_ws/firmware/mcu_ws/build/type_description_interfaces'
/usr/bin/gmake  -f CMakeFiles/type_description_interfaces.dir/build.make CMakeFiles/type_description_interfaces.dir/build
gmake[6]: Entering directory '/home/mondegrin/programs/slon/microros_ws/firmware/mcu_ws/build/type_description_interfaces'
gmake[6]: Nothing to be done for 'CMakeFiles/type_description_interfaces.dir/build'.
gmake[6]: Leaving directory '/home/mondegrin/programs/slon/microros_ws/firmware/mcu_ws/build/type_description_interfaces'
[100%] Built target type_description_interfaces
gmake[5]: Leaving directory '/home/mondegrin/programs/slon/microros_ws/firmware/mcu_ws/build/type_description_interfaces'
/usr/bin/cmake -E cmake_progress_start /home/mondegrin/programs/slon/microros_ws/firmware/mcu_ws/build/type_description_interfaces/CMakeFiles 0
gmake[4]: Leaving directory '/home/mondegrin/programs/slon/microros_ws/firmware/mcu_ws/build/type_description_interfaces'
-- Install configuration: "Debug"
-- Up-to-date: /home/mondegrin/programs/slon/microros_ws/firmware/mcu_ws/install/share/ament_index/resource_index/rosidl_interfaces/type_description_interfaces
-- Up-to-date: /home/mondegrin/programs/slon/microros_ws/firmware/mcu_ws/install/share/type_description_interfaces/msg/Field.json
-- Up-to-date: /home/mondegrin/programs/slon/microros_ws/firmware/mcu_ws/install/share/type_description_interfaces/msg/FieldType.json
-- Up-to-date: /home/mondegrin/programs/slon/microros_ws/firmware/mcu_ws/install/share/type_description_interfaces/msg/IndividualTypeDescription.json
-- Up-to-date: /home/mondegrin/programs/slon/microros_ws/firmware/mcu_ws/install/share/type_description_interfaces/msg/KeyValue.json
-- Up-to-date: /home/mondegrin/programs/slon/microros_ws/firmware/mcu_ws/install/share/type_description_interfaces/msg/TypeDescription.json
-- Up-to-date: /home/mondegrin/programs/slon/microros_ws/firmware/mcu_ws/install/share/type_description_interfaces/msg/TypeSource.json
-- Up-to-date: /home/mondegrin/programs/slon/microros_ws/firmware/mcu_ws/install/share/type_description_interfaces/srv/GetTypeDescription.json
-- Up-to-date: /home/mondegrin/programs/slon/microros_ws/firmware/mcu_ws/install/include/type_description_interfaces/type_description_interfaces
-- Up-to-date: /home/mondegrin/programs/slon/microros_ws/firmware/mcu_ws/install/include/type_description_interfaces/type_description_interfaces/msg
-- Up-to-date: /home/mondegrin/programs/slon/microros_ws/firmware/mcu_ws/install/include/type_description_interfaces/type_description_interfaces/msg/type_source.h
-- Up-to-date: /home/mondegrin/programs/slon/microros_ws/firmware/mcu_ws/install/include/type_description_interfaces/type_description_interfaces/msg/key_value.h
-- Up-to-date: /home/mondegrin/programs/slon/microros_ws/firmware/mcu_ws/install/include/type_description_interfaces/type_description_interfaces/msg/individual_type_description.h
-- Up-to-date: /home/mondegrin/programs/slon/microros_ws/firmware/mcu_ws/install/include/type_description_interfaces/type_description_interfaces/msg/field_type.h
-- Up-to-date: /home/mondegrin/programs/slon/microros_ws/firmware/mcu_ws/install/include/type_description_interfaces/type_description_interfaces/msg/rosidl_generator_c__visibility_control.h
-- Up-to-date: /home/mondegrin/programs/slon/microros_ws/firmware/mcu_ws/install/include/type_description_interfaces/type_description_interfaces/msg/field.h
-- Up-to-date: /home/mondegrin/programs/slon/microros_ws/firmware/mcu_ws/install/include/type_description_interfaces/type_description_interfaces/msg/detail
-- Up-to-date: /home/mondegrin/programs/slon/microros_ws/firmware/mcu_ws/install/include/type_description_interfaces/type_description_interfaces/msg/detail/key_value__functions.c
-- Up-to-date: /home/mondegrin/programs/slon/microros_ws/firmware/mcu_ws/install/include/type_description_interfaces/type_description_interfaces/msg/detail/type_description__functions.c
-- Up-to-date: /home/mondegrin/programs/slon/microros_ws/firmware/mcu_ws/install/include/type_description_interfaces/type_description_interfaces/msg/detail/field__type_support.h
-- Up-to-date: /home/mondegrin/programs/slon/microros_ws/firmware/mcu_ws/install/include/type_description_interfaces/type_description_interfaces/msg/detail/type_description__type_support.c
-- Up-to-date: /home/mondegrin/programs/slon/microros_ws/firmware/mcu_ws/install/include/type_description_interfaces/type_description_interfaces/msg/detail/field_type__functions.c
-- Up-to-date: /home/mondegrin/programs/slon/microros_ws/firmware/mcu_ws/install/include/type_description_interfaces/type_description_interfaces/msg/detail/individual_type_description__struct.h
-- Up-to-date: /home/mondegrin/programs/slon/microros_ws/firmware/mcu_ws/install/include/type_description_interfaces/type_description_interfaces/msg/detail/field_type__type_support.c
-- Up-to-date: /home/mondegrin/programs/slon/microros_ws/firmware/mcu_ws/install/include/type_description_interfaces/type_description_interfaces/msg/detail/type_description__description.c
-- Up-to-date: /home/mondegrin/programs/slon/microros_ws/firmware/mcu_ws/install/include/type_description_interfaces/type_description_interfaces/msg/detail/key_value__struct.h
-- Up-to-date: /home/mondegrin/programs/slon/microros_ws/firmware/mcu_ws/install/include/type_description_interfaces/type_description_interfaces/msg/detail/type_source__type_support.h
-- Up-to-date: /home/mondegrin/programs/slon/microros_ws/firmware/mcu_ws/install/include/type_description_interfaces/type_description_interfaces/msg/detail/individual_type_description__type_support.c
-- Up-to-date: /home/mondegrin/programs/slon/microros_ws/firmware/mcu_ws/install/include/type_description_interfaces/type_description_interfaces/msg/detail/type_source__type_support.c
-- Up-to-date: /home/mondegrin/programs/slon/microros_ws/firmware/mcu_ws/install/include/type_description_interfaces/type_description_interfaces/msg/detail/key_value__functions.h
-- Up-to-date: /home/mondegrin/programs/slon/microros_ws/firmware/mcu_ws/install/include/type_description_interfaces/type_description_interfaces/msg/detail/type_description__type_support.h
-- Up-to-date: /home/mondegrin/programs/slon/microros_ws/firmware/mcu_ws/install/include/type_description_interfaces/type_description_interfaces/msg/detail/field__type_support.c
-- Up-to-date: /home/mondegrin/programs/slon/microros_ws/firmware/mcu_ws/install/include/type_description_interfaces/type_description_interfaces/msg/detail/type_description__struct.h
-- Up-to-date: /home/mondegrin/programs/slon/microros_ws/firmware/mcu_ws/install/include/type_description_interfaces/type_description_interfaces/msg/detail/field__description.c
-- Up-to-date: /home/mondegrin/programs/slon/microros_ws/firmware/mcu_ws/install/include/type_description_interfaces/type_description_interfaces/msg/detail/key_value__type_support.h
-- Up-to-date: /home/mondegrin/programs/slon/microros_ws/firmware/mcu_ws/install/include/type_description_interfaces/type_description_interfaces/msg/detail/type_source__struct.h
-- Up-to-date: /home/mondegrin/programs/slon/microros_ws/firmware/mcu_ws/install/include/type_description_interfaces/type_description_interfaces/msg/detail/field_type__description.c
-- Up-to-date: /home/mondegrin/programs/slon/microros_ws/firmware/mcu_ws/install/include/type_description_interfaces/type_description_interfaces/msg/detail/type_source__functions.c
-- Up-to-date: /home/mondegrin/programs/slon/microros_ws/firmware/mcu_ws/install/include/type_description_interfaces/type_description_interfaces/msg/detail/individual_type_description__description.c
-- Up-to-date: /home/mondegrin/programs/slon/microros_ws/firmware/mcu_ws/install/include/type_description_interfaces/type_description_interfaces/msg/detail/field__functions.h
-- Up-to-date: /home/mondegrin/programs/slon/microros_ws/firmware/mcu_ws/install/include/type_description_interfaces/type_description_interfaces/msg/detail/individual_type_description__functions.h
-- Up-to-date: /home/mondegrin/programs/slon/microros_ws/firmware/mcu_ws/install/include/type_description_interfaces/type_description_interfaces/msg/detail/field_type__functions.h
-- Up-to-date: /home/mondegrin/programs/slon/microros_ws/firmware/mcu_ws/install/include/type_description_interfaces/type_description_interfaces/msg/detail/key_value__description.c
-- Up-to-date: /home/mondegrin/programs/slon/microros_ws/firmware/mcu_ws/install/include/type_description_interfaces/type_description_interfaces/msg/detail/key_value__type_support.c
-- Up-to-date: /home/mondegrin/programs/slon/microros_ws/firmware/mcu_ws/install/include/type_description_interfaces/type_description_interfaces/msg/detail/field__struct.h
-- Up-to-date: /home/mondegrin/programs/slon/microros_ws/firmware/mcu_ws/install/include/type_description_interfaces/type_description_interfaces/msg/detail/type_source__functions.h
-- Up-to-date: /home/mondegrin/programs/slon/microros_ws/firmware/mcu_ws/install/include/type_description_interfaces/type_description_interfaces/msg/detail/field_type__type_support.h
-- Up-to-date: /home/mondegrin/programs/slon/microros_ws/firmware/mcu_ws/install/include/type_description_interfaces/type_description_interfaces/msg/detail/field__functions.c
-- Up-to-date: /home/mondegrin/programs/slon/microros_ws/firmware/mcu_ws/install/include/type_description_interfaces/type_description_interfaces/msg/detail/individual_type_description__functions.c
-- Up-to-date: /home/mondegrin/programs/slon/microros_ws/firmware/mcu_ws/install/include/type_description_interfaces/type_description_interfaces/msg/detail/type_source__description.c
-- Up-to-date: /home/mondegrin/programs/slon/microros_ws/firmware/mcu_ws/install/include/type_description_interfaces/type_description_interfaces/msg/detail/individual_type_description__type_support.h
-- Up-to-date: /home/mondegrin/programs/slon/microros_ws/firmware/mcu_ws/install/include/type_description_interfaces/type_description_interfaces/msg/detail/type_description__functions.h
-- Up-to-date: /home/mondegrin/programs/slon/microros_ws/firmware/mcu_ws/install/include/type_description_interfaces/type_description_interfaces/msg/detail/field_type__struct.h
-- Up-to-date: /home/mondegrin/programs/slon/microros_ws/firmware/mcu_ws/install/include/type_description_interfaces/type_description_interfaces/msg/type_description.h
-- Up-to-date: /home/mondegrin/programs/slon/microros_ws/firmware/mcu_ws/install/include/type_description_interfaces/type_description_interfaces/srv
-- Up-to-date: /home/mondegrin/programs/slon/microros_ws/firmware/mcu_ws/install/include/type_description_interfaces/type_description_interfaces/srv/get_type_description.h
-- Up-to-date: /home/mondegrin/programs/slon/microros_ws/firmware/mcu_ws/install/include/type_description_interfaces/type_description_interfaces/srv/detail
-- Up-to-date: /home/mondegrin/programs/slon/microros_ws/firmware/mcu_ws/install/include/type_description_interfaces/type_description_interfaces/srv/detail/get_type_description__description.c
-- Up-to-date: /home/mondegrin/programs/slon/microros_ws/firmware/mcu_ws/install/include/type_description_interfaces/type_description_interfaces/srv/detail/get_type_description__type_support.h
-- Up-to-date: /home/mondegrin/programs/slon/microros_ws/firmware/mcu_ws/install/include/type_description_interfaces/type_description_interfaces/srv/detail/get_type_description__type_support.c
-- Up-to-date: /home/mondegrin/programs/slon/microros_ws/firmware/mcu_ws/install/include/type_description_interfaces/type_description_interfaces/srv/detail/get_type_description__functions.h
-- Up-to-date: /home/mondegrin/programs/slon/microros_ws/firmware/mcu_ws/install/include/type_description_interfaces/type_description_interfaces/srv/detail/get_type_description__struct.h
-- Up-to-date: /home/mondegrin/programs/slon/microros_ws/firmware/mcu_ws/install/include/type_description_interfaces/type_description_interfaces/srv/detail/get_type_description__functions.c
-- Up-to-date: /home/mondegrin/programs/slon/microros_ws/firmware/mcu_ws/install/share/type_description_interfaces/environment/library_path.sh
-- Up-to-date: /home/mondegrin/programs/slon/microros_ws/firmware/mcu_ws/install/share/type_description_interfaces/environment/library_path.dsv
-- Up-to-date: /home/mondegrin/programs/slon/microros_ws/firmware/mcu_ws/install/lib/libtype_description_interfaces__rosidl_generator_c.a
-- Up-to-date: /home/mondegrin/programs/slon/microros_ws/firmware/mcu_ws/install/include/type_description_interfaces/type_description_interfaces
-- Up-to-date: /home/mondegrin/programs/slon/microros_ws/firmware/mcu_ws/install/include/type_description_interfaces/type_description_interfaces/msg
-- Up-to-date: /home/mondegrin/programs/slon/microros_ws/firmware/mcu_ws/install/include/type_description_interfaces/type_description_interfaces/msg/rosidl_typesupport_introspection_c__visibility_control.h
-- Up-to-date: /home/mondegrin/programs/slon/microros_ws/firmware/mcu_ws/install/include/type_description_interfaces/type_description_interfaces/msg/detail
-- Up-to-date: /home/mondegrin/programs/slon/microros_ws/firmware/mcu_ws/install/include/type_description_interfaces/type_description_interfaces/msg/detail/key_value__rosidl_typesupport_introspection_c.h
-- Up-to-date: /home/mondegrin/programs/slon/microros_ws/firmware/mcu_ws/install/include/type_description_interfaces/type_description_interfaces/msg/detail/type_description__type_support.c
-- Up-to-date: /home/mondegrin/programs/slon/microros_ws/firmware/mcu_ws/install/include/type_description_interfaces/type_description_interfaces/msg/detail/type_description__rosidl_typesupport_introspection_c.h
-- Up-to-date: /home/mondegrin/programs/slon/microros_ws/firmware/mcu_ws/install/include/type_description_interfaces/type_description_interfaces/msg/detail/field_type__type_support.c
-- Up-to-date: /home/mondegrin/programs/slon/microros_ws/firmware/mcu_ws/install/include/type_description_interfaces/type_description_interfaces/msg/detail/individual_type_description__type_support.c
-- Up-to-date: /home/mondegrin/programs/slon/microros_ws/firmware/mcu_ws/install/include/type_description_interfaces/type_description_interfaces/msg/detail/type_source__type_support.c
-- Up-to-date: /home/mondegrin/programs/slon/microros_ws/firmware/mcu_ws/install/include/type_description_interfaces/type_description_interfaces/msg/detail/field__type_support.c
-- Up-to-date: /home/mondegrin/programs/slon/microros_ws/firmware/mcu_ws/install/include/type_description_interfaces/type_description_interfaces/msg/detail/field__rosidl_typesupport_introspection_c.h
-- Up-to-date: /home/mondegrin/programs/slon/microros_ws/firmware/mcu_ws/install/include/type_description_interfaces/type_description_interfaces/msg/detail/type_source__rosidl_typesupport_introspection_c.h
-- Up-to-date: /home/mondegrin/programs/slon/microros_ws/firmware/mcu_ws/install/include/type_description_interfaces/type_description_interfaces/msg/detail/key_value__type_support.c
-- Up-to-date: /home/mondegrin/programs/slon/microros_ws/firmware/mcu_ws/install/include/type_description_interfaces/type_description_interfaces/msg/detail/individual_type_description__rosidl_typesupport_introspection_c.h
-- Up-to-date: /home/mondegrin/programs/slon/microros_ws/firmware/mcu_ws/install/include/type_description_interfaces/type_description_interfaces/msg/detail/field_type__rosidl_typesupport_introspection_c.h
-- Up-to-date: /home/mondegrin/programs/slon/microros_ws/firmware/mcu_ws/install/include/type_description_interfaces/type_description_interfaces/srv
-- Up-to-date: /home/mondegrin/programs/slon/microros_ws/firmware/mcu_ws/install/include/type_description_interfaces/type_description_interfaces/srv/detail
-- Up-to-date: /home/mondegrin/programs/slon/microros_ws/firmware/mcu_ws/install/include/type_description_interfaces/type_description_interfaces/srv/detail/get_type_description__type_support.c
-- Up-to-date: /home/mondegrin/programs/slon/microros_ws/firmware/mcu_ws/install/include/type_description_interfaces/type_description_interfaces/srv/detail/get_type_description__rosidl_typesupport_introspection_c.h
-- Up-to-date: /home/mondegrin/programs/slon/microros_ws/firmware/mcu_ws/install/lib/libtype_description_interfaces__rosidl_typesupport_introspection_c.a
-- Up-to-date: /home/mondegrin/programs/slon/microros_ws/firmware/mcu_ws/install/include/type_description_interfaces
-- Up-to-date: /home/mondegrin/programs/slon/microros_ws/firmware/mcu_ws/install/include/type_description_interfaces/msg
-- Up-to-date: /home/mondegrin/programs/slon/microros_ws/firmware/mcu_ws/install/include/type_description_interfaces/msg/rosidl_typesupport_microxrcedds_c__visibility_control.h
-- Up-to-date: /home/mondegrin/programs/slon/microros_ws/firmware/mcu_ws/install/include/type_description_interfaces/msg/detail
-- Up-to-date: /home/mondegrin/programs/slon/microros_ws/firmware/mcu_ws/install/include/type_description_interfaces/msg/detail/type_source__rosidl_typesupport_microxrcedds_c.h
-- Up-to-date: /home/mondegrin/programs/slon/microros_ws/firmware/mcu_ws/install/include/type_description_interfaces/msg/detail/microxrcedds
-- Up-to-date: /home/mondegrin/programs/slon/microros_ws/firmware/mcu_ws/install/include/type_description_interfaces/msg/detail/field__rosidl_typesupport_microxrcedds_c.h
-- Up-to-date: /home/mondegrin/programs/slon/microros_ws/firmware/mcu_ws/install/include/type_description_interfaces/msg/detail/key_value__rosidl_typesupport_microxrcedds_c.h
-- Up-to-date: /home/mondegrin/programs/slon/microros_ws/firmware/mcu_ws/install/include/type_description_interfaces/msg/detail/type_description__rosidl_typesupport_microxrcedds_c.h
-- Up-to-date: /home/mondegrin/programs/slon/microros_ws/firmware/mcu_ws/install/include/type_description_interfaces/msg/detail/individual_type_description__rosidl_typesupport_microxrcedds_c.h
-- Up-to-date: /home/mondegrin/programs/slon/microros_ws/firmware/mcu_ws/install/include/type_description_interfaces/msg/detail/field_type__rosidl_typesupport_microxrcedds_c.h
-- Up-to-date: /home/mondegrin/programs/slon/microros_ws/firmware/mcu_ws/install/include/type_description_interfaces/srv
-- Up-to-date: /home/mondegrin/programs/slon/microros_ws/firmware/mcu_ws/install/include/type_description_interfaces/srv/detail
-- Up-to-date: /home/mondegrin/programs/slon/microros_ws/firmware/mcu_ws/install/include/type_description_interfaces/srv/detail/microxrcedds
-- Up-to-date: /home/mondegrin/programs/slon/microros_ws/firmware/mcu_ws/install/include/type_description_interfaces/srv/detail/get_type_description__rosidl_typesupport_microxrcedds_c.h
-- Up-to-date: /home/mondegrin/programs/slon/microros_ws/firmware/mcu_ws/install/lib/libtype_description_interfaces__rosidl_typesupport_microxrcedds_c.a
-- Up-to-date: /home/mondegrin/programs/slon/microros_ws/firmware/mcu_ws/install/lib/libtype_description_interfaces__rosidl_typesupport_c.a
-- Up-to-date: /home/mondegrin/programs/slon/microros_ws/firmware/mcu_ws/install/share/type_description_interfaces/msg/Field.idl
-- Up-to-date: /home/mondegrin/programs/slon/microros_ws/firmware/mcu_ws/install/share/type_description_interfaces/msg/FieldType.idl
-- Up-to-date: /home/mondegrin/programs/slon/microros_ws/firmware/mcu_ws/install/share/type_description_interfaces/msg/IndividualTypeDescription.idl
-- Up-to-date: /home/mondegrin/programs/slon/microros_ws/firmware/mcu_ws/install/share/type_description_interfaces/msg/KeyValue.idl
-- Up-to-date: /home/mondegrin/programs/slon/microros_ws/firmware/mcu_ws/install/share/type_description_interfaces/msg/TypeDescription.idl
-- Up-to-date: /home/mondegrin/programs/slon/microros_ws/firmware/mcu_ws/install/share/type_description_interfaces/msg/TypeSource.idl
-- Up-to-date: /home/mondegrin/programs/slon/microros_ws/firmware/mcu_ws/install/share/type_description_interfaces/srv/GetTypeDescription.idl
-- Up-to-date: /home/mondegrin/programs/slon/microros_ws/firmware/mcu_ws/install/share/type_description_interfaces/msg/Field.msg
-- Up-to-date: /home/mondegrin/programs/slon/microros_ws/firmware/mcu_ws/install/share/type_description_interfaces/msg/FieldType.msg
-- Up-to-date: /home/mondegrin/programs/slon/microros_ws/firmware/mcu_ws/install/share/type_description_interfaces/msg/IndividualTypeDescription.msg
-- Up-to-date: /home/mondegrin/programs/slon/microros_ws/firmware/mcu_ws/install/share/type_description_interfaces/msg/KeyValue.msg
-- Up-to-date: /home/mondegrin/programs/slon/microros_ws/firmware/mcu_ws/install/share/type_description_interfaces/msg/TypeDescription.msg
-- Up-to-date: /home/mondegrin/programs/slon/microros_ws/firmware/mcu_ws/install/share/type_description_interfaces/msg/TypeSource.msg
-- Up-to-date: /home/mondegrin/programs/slon/microros_ws/firmware/mcu_ws/install/share/type_description_interfaces/srv/GetTypeDescription.srv
-- Up-to-date: /home/mondegrin/programs/slon/microros_ws/firmware/mcu_ws/install/share/type_description_interfaces/srv/GetTypeDescription_Request.msg
-- Up-to-date: /home/mondegrin/programs/slon/microros_ws/firmware/mcu_ws/install/share/type_description_interfaces/srv/GetTypeDescription_Response.msg
-- Up-to-date: /home/mondegrin/programs/slon/microros_ws/firmware/mcu_ws/install/share/ament_index/resource_index/package_run_dependencies/type_description_interfaces
-- Up-to-date: /home/mondegrin/programs/slon/microros_ws/firmware/mcu_ws/install/share/ament_index/resource_index/parent_prefix_path/type_description_interfaces
-- Up-to-date: /home/mondegrin/programs/slon/microros_ws/firmware/mcu_ws/install/share/type_description_interfaces/environment/ament_prefix_path.sh
-- Up-to-date: /home/mondegrin/programs/slon/microros_ws/firmware/mcu_ws/install/share/type_description_interfaces/environment/ament_prefix_path.dsv
-- Up-to-date: /home/mondegrin/programs/slon/microros_ws/firmware/mcu_ws/install/share/type_description_interfaces/environment/path.sh
-- Up-to-date: /home/mondegrin/programs/slon/microros_ws/firmware/mcu_ws/install/share/type_description_interfaces/environment/path.dsv
-- Up-to-date: /home/mondegrin/programs/slon/microros_ws/firmware/mcu_ws/install/share/type_description_interfaces/local_setup.bash
-- Up-to-date: /home/mondegrin/programs/slon/microros_ws/firmware/mcu_ws/install/share/type_description_interfaces/local_setup.sh
-- Up-to-date: /home/mondegrin/programs/slon/microros_ws/firmware/mcu_ws/install/share/type_description_interfaces/local_setup.zsh
-- Up-to-date: /home/mondegrin/programs/slon/microros_ws/firmware/mcu_ws/install/share/type_description_interfaces/local_setup.dsv
-- Installing: /home/mondegrin/programs/slon/microros_ws/firmware/mcu_ws/install/share/type_description_interfaces/package.dsv
-- Up-to-date: /home/mondegrin/programs/slon/microros_ws/firmware/mcu_ws/install/share/ament_index/resource_index/packages/type_description_interfaces
-- Up-to-date: /home/mondegrin/programs/slon/microros_ws/firmware/mcu_ws/install/share/type_description_interfaces/cmake/export_type_description_interfaces__rosidl_generator_cExport.cmake
-- Up-to-date: /home/mondegrin/programs/slon/microros_ws/firmware/mcu_ws/install/share/type_description_interfaces/cmake/export_type_description_interfaces__rosidl_generator_cExport-debug.cmake
-- Up-to-date: /home/mondegrin/programs/slon/microros_ws/firmware/mcu_ws/install/share/type_description_interfaces/cmake/type_description_interfaces__rosidl_typesupport_introspection_cExport.cmake
-- Up-to-date: /home/mondegrin/programs/slon/microros_ws/firmware/mcu_ws/install/share/type_description_interfaces/cmake/type_description_interfaces__rosidl_typesupport_introspection_cExport-debug.cmake
-- Up-to-date: /home/mondegrin/programs/slon/microros_ws/firmware/mcu_ws/install/share/type_description_interfaces/cmake/type_description_interfaces__rosidl_typesupport_cExport.cmake
-- Up-to-date: /home/mondegrin/programs/slon/microros_ws/firmware/mcu_ws/install/share/type_description_interfaces/cmake/type_description_interfaces__rosidl_typesupport_cExport-debug.cmake
-- Up-to-date: /home/mondegrin/programs/slon/microros_ws/firmware/mcu_ws/install/share/type_description_interfaces/cmake/rosidl_cmake-extras.cmake
-- Up-to-date: /home/mondegrin/programs/slon/microros_ws/firmware/mcu_ws/install/share/type_description_interfaces/cmake/ament_cmake_export_dependencies-extras.cmake
-- Up-to-date: /home/mondegrin/programs/slon/microros_ws/firmware/mcu_ws/install/share/type_description_interfaces/cmake/ament_cmake_export_include_directories-extras.cmake
-- Up-to-date: /home/mondegrin/programs/slon/microros_ws/firmware/mcu_ws/install/share/type_description_interfaces/cmake/ament_cmake_export_libraries-extras.cmake
-- Up-to-date: /home/mondegrin/programs/slon/microros_ws/firmware/mcu_ws/install/share/type_description_interfaces/cmake/ament_cmake_export_targets-extras.cmake
-- Up-to-date: /home/mondegrin/programs/slon/microros_ws/firmware/mcu_ws/install/share/type_description_interfaces/cmake/rosidl_cmake_export_typesupport_targets-extras.cmake
-- Up-to-date: /home/mondegrin/programs/slon/microros_ws/firmware/mcu_ws/install/share/type_description_interfaces/cmake/rosidl_cmake_export_typesupport_libraries-extras.cmake
-- Up-to-date: /home/mondegrin/programs/slon/microros_ws/firmware/mcu_ws/install/share/type_description_interfaces/cmake/type_description_interfacesConfig.cmake
-- Up-to-date: /home/mondegrin/programs/slon/microros_ws/firmware/mcu_ws/install/share/type_description_interfaces/cmake/type_description_interfacesConfig-version.cmake
-- Up-to-date: /home/mondegrin/programs/slon/microros_ws/firmware/mcu_ws/install/share/type_description_interfaces/package.xml
