[0.262s] Invoking command in '/home/mondegrin/programs/slon/microros_ws/firmware/mcu_ws/build/type_description_interfaces': AMENT_PREFIX_PATH=/home/mondegrin/programs/slon/microros_ws/firmware/mcu_ws/install:${AMENT_PREFIX_PATH} CMAKE_PREFIX_PATH=/home/mondegrin/programs/slon/microros_ws/firmware/mcu_ws/install:/home/mondegrin/programs/slon/microros_ws/firmware/dev_ws/install/ament_lint_common:/home/mondegrin/programs/slon/microros_ws/firmware/dev_ws/install/ament_cmake_uncrustify:/home/mondegrin/programs/slon/microros_ws/firmware/dev_ws/install/uncrustify_vendor:/home/mondegrin/programs/slon/microros_ws/firmware/dev_ws/install/ament_cmake_ros:/home/mondegrin/programs/slon/microros_ws/firmware/dev_ws/install/ament_cmake_gmock:/home/mondegrin/programs/slon/microros_ws/firmware/dev_ws/install/gmock_vendor:/home/mondegrin/programs/slon/microros_ws/firmware/dev_ws/install/ament_cmake_auto:/home/mondegrin/programs/slon/microros_ws/firmware/dev_ws/install/ament_cmake_gtest:/home/mondegrin/programs/slon/microros_ws/firmware/dev_ws/install/gtest_vendor:/home/mondegrin/programs/slon/microros_ws/firmware/dev_ws/install/ament_cmake_xmllint:/home/mondegrin/programs/slon/microros_ws/firmware/dev_ws/install/ament_cmake_pyflakes:/home/mondegrin/programs/slon/microros_ws/firmware/dev_ws/install/ament_cmake_pycodestyle:/home/mondegrin/programs/slon/microros_ws/firmware/dev_ws/install/ament_cmake_pep257:/home/mondegrin/programs/slon/microros_ws/firmware/dev_ws/install/ament_cmake_pclint:/home/mondegrin/programs/slon/microros_ws/firmware/dev_ws/install/ament_lint_auto:/home/mondegrin/programs/slon/microros_ws/firmware/dev_ws/install/ament_cmake:/home/mondegrin/programs/slon/microros_ws/firmware/dev_ws/install/ament_cmake_version:/home/mondegrin/programs/slon/microros_ws/firmware/dev_ws/install/ament_cmake_vendor_package:/home/mondegrin/programs/slon/microros_ws/firmware/dev_ws/install/ament_cmake_pytest:/home/mondegrin/programs/slon/microros_ws/firmware/dev_ws/install/ament_cmake_mypy:/home/mondegrin/programs/slon/microros_ws/firmware/dev_ws/install/ament_cmake_lint_cmake:/home/mondegrin/programs/slon/microros_ws/firmware/dev_ws/install/ament_cmake_google_benchmark:/home/mondegrin/programs/slon/microros_ws/firmware/dev_ws/install/ament_cmake_flake8:/home/mondegrin/programs/slon/microros_ws/firmware/dev_ws/install/ament_cmake_cpplint:/home/mondegrin/programs/slon/microros_ws/firmware/dev_ws/install/ament_cmake_cppcheck:/home/mondegrin/programs/slon/microros_ws/firmware/dev_ws/install/ament_cmake_copyright:/home/mondegrin/programs/slon/microros_ws/firmware/dev_ws/install/ament_cmake_clang_tidy:/home/mondegrin/programs/slon/microros_ws/firmware/dev_ws/install/ament_cmake_clang_format:/home/mondegrin/programs/slon/microros_ws/firmware/dev_ws/install/ament_cmake_test:/home/mondegrin/programs/slon/microros_ws/firmware/dev_ws/install/ament_cmake_target_dependencies:/home/mondegrin/programs/slon/microros_ws/firmware/dev_ws/install/ament_cmake_python:/home/mondegrin/programs/slon/microros_ws/firmware/dev_ws/install/ament_cmake_export_dependencies:/home/mondegrin/programs/slon/microros_ws/firmware/dev_ws/install/ament_cmake_libraries:/home/mondegrin/programs/slon/microros_ws/firmware/dev_ws/install/ament_cmake_include_directories:/home/mondegrin/programs/slon/microros_ws/firmware/dev_ws/install/ament_cmake_gen_version_h:/home/mondegrin/programs/slon/microros_ws/firmware/dev_ws/install/ament_cmake_export_targets:/home/mondegrin/programs/slon/microros_ws/firmware/dev_ws/install/ament_cmake_export_link_flags:/home/mondegrin/programs/slon/microros_ws/firmware/dev_ws/install/ament_cmake_export_interfaces:/home/mondegrin/programs/slon/microros_ws/firmware/dev_ws/install/ament_cmake_export_libraries:/home/mondegrin/programs/slon/microros_ws/firmware/dev_ws/install/ament_cmake_export_include_directories:/home/mondegrin/programs/slon/microros_ws/firmware/dev_ws/install/ament_cmake_export_definitions:/home/mondegrin/programs/slon/microros_ws/firmware/dev_ws/install/ament_cmake_core:/home/mondegrin/programs/slon/microros_ws/firmware/dev_ws/install/ament_index_cpp:/home/mondegrin/programs/slon/microros_ws/firmware/dev_ws/install/ament_uncrustify:/home/mondegrin/programs/slon/microros_ws/firmware/dev_ws/install/domain_coordinator:/home/mondegrin/programs/slon/microros_ws/firmware/dev_ws/install/ament_xmllint:/home/mondegrin/programs/slon/microros_ws/firmware/dev_ws/install/ament_pyflakes:/home/mondegrin/programs/slon/microros_ws/firmware/dev_ws/install/ament_pycodestyle:/home/mondegrin/programs/slon/microros_ws/firmware/dev_ws/install/ament_pep257:/home/mondegrin/programs/slon/microros_ws/firmware/dev_ws/install/ament_pclint:/home/mondegrin/programs/slon/microros_ws/firmware/dev_ws/install/ament_package:/home/mondegrin/programs/slon/microros_ws/firmware/dev_ws/install/ament_mypy:/home/mondegrin/programs/slon/microros_ws/firmware/dev_ws/install/ament_lint_cmake:/home/mondegrin/programs/slon/microros_ws/firmware/dev_ws/install/ament_flake8:/home/mondegrin/programs/slon/microros_ws/firmware/dev_ws/install/ament_copyright:/home/mondegrin/programs/slon/microros_ws/firmware/dev_ws/install/ament_lint:/home/mondegrin/programs/slon/microros_ws/firmware/dev_ws/install/ament_index_python:/home/mondegrin/programs/slon/microros_ws/firmware/dev_ws/install/ament_cpplint:/home/mondegrin/programs/slon/microros_ws/firmware/dev_ws/install/ament_cppcheck:/home/mondegrin/programs/slon/microros_ws/firmware/dev_ws/install/ament_clang_tidy:/home/mondegrin/programs/slon/microros_ws/firmware/dev_ws/install/ament_clang_format LD_LIBRARY_PATH=/home/mondegrin/programs/slon/microros_ws/firmware/mcu_ws/install/lib:${LD_LIBRARY_PATH} PATH=/home/mondegrin/programs/slon/microros_ws/firmware/mcu_ws/install/bin:${PATH} PYTHONPATH=/home/mondegrin/programs/slon/microros_ws/firmware/mcu_ws/install/lib/python3.10/site-packages:${PYTHONPATH} /usr/bin/cmake --build /home/mondegrin/programs/slon/microros_ws/firmware/mcu_ws/build/type_description_interfaces -- -j16 -l16
[0.284s] gmake[4]: Entering directory '/home/mondegrin/programs/slon/microros_ws/firmware/mcu_ws/build/type_description_interfaces'
[0.285s] /usr/bin/cmake -S/home/mondegrin/programs/slon/microros_ws/firmware/mcu_ws/ros2/rcl_interfaces/type_description_interfaces -B/home/mondegrin/programs/slon/microros_ws/firmware/mcu_ws/build/type_description_interfaces --check-build-system CMakeFiles/Makefile.cmake 0
[0.300s] Re-run cmake file: Makefile older than: /home/mondegrin/programs/slon/microros_ws/firmware/freertos_apps/microros_esp32_extensions/esp32_toolchain.cmake
[0.308s] -- Found ament_cmake: 2.0.3 (/home/mondegrin/programs/slon/microros_ws/firmware/dev_ws/install/ament_cmake/share/ament_cmake/cmake)
[0.631s] -- Found rosidl_core_generators: 0.1.1 (/home/mondegrin/programs/slon/microros_ws/firmware/mcu_ws/install/share/rosidl_core_generators/cmake)
[0.653s] -- Using all available rosidl_typesupport_c: rosidl_typesupport_introspection_c;rosidl_typesupport_microxrcedds_c
[0.691s] [33mCMake Warning at /home/mondegrin/programs/slon/microros_ws/firmware/mcu_ws/install/share/rcutils/cmake/ament_cmake_export_libraries-extras.cmake:116 (message):
[0.692s]   Package 'rcutils' exports library 'dl' which couldn't be found
[0.692s] Call Stack (most recent call first):
[0.692s]   /home/mondegrin/programs/slon/microros_ws/firmware/mcu_ws/install/share/rcutils/cmake/rcutilsConfig.cmake:41 (include)
[0.692s]   /home/mondegrin/programs/slon/microros_ws/firmware/mcu_ws/install/share/rosidl_runtime_c/cmake/ament_cmake_export_dependencies-extras.cmake:21 (find_package)
[0.692s]   /home/mondegrin/programs/slon/microros_ws/firmware/mcu_ws/install/share/rosidl_runtime_c/cmake/rosidl_runtime_cConfig.cmake:41 (include)
[0.693s]   /home/mondegrin/programs/slon/microros_ws/firmware/mcu_ws/install/share/rosidl_typesupport_introspection_c/cmake/ament_cmake_export_dependencies-extras.cmake:21 (find_package)
[0.693s]   /home/mondegrin/programs/slon/microros_ws/firmware/mcu_ws/install/share/rosidl_typesupport_introspection_c/cmake/rosidl_typesupport_introspection_cConfig.cmake:41 (include)
[0.693s]   /home/mondegrin/programs/slon/microros_ws/firmware/mcu_ws/install/share/rosidl_typesupport_c/cmake/rosidl_typesupport_c-extras.cmake:13 (find_package)
[0.693s]   /home/mondegrin/programs/slon/microros_ws/firmware/mcu_ws/install/share/rosidl_typesupport_c/cmake/rosidl_typesupport_cConfig.cmake:41 (include)
[0.693s]   /home/mondegrin/programs/slon/microros_ws/firmware/mcu_ws/install/share/rosidl_core_generators/cmake/rosidl_core_generators-extras.cmake:21 (find_package)
[0.694s]   /home/mondegrin/programs/slon/microros_ws/firmware/mcu_ws/install/share/rosidl_core_generators/cmake/rosidl_core_generatorsConfig.cmake:41 (include)
[0.694s]   CMakeLists.txt:16 (find_package)
[0.694s] 
[0.694s] [0m
[0.719s] -- Found rosidl_adapter: 4.0.1 (/home/mondegrin/programs/slon/microros_ws/firmware/mcu_ws/install/share/rosidl_adapter/cmake)
[1.713s] -- Found ament_cmake_ros: 0.11.2 (/home/mondegrin/programs/slon/microros_ws/firmware/dev_ws/install/ament_cmake_ros/share/ament_cmake_ros/cmake)
[1.954s] -- Using all available rosidl_typesupport_c: rosidl_typesupport_introspection_c;rosidl_typesupport_microxrcedds_c
[1.969s] -- Configuring done
[2.011s] -- Generating done
[2.015s] -- Build files have been written to: /home/mondegrin/programs/slon/microros_ws/firmware/mcu_ws/build/type_description_interfaces
[2.021s] /usr/bin/cmake -E cmake_progress_start /home/mondegrin/programs/slon/microros_ws/firmware/mcu_ws/build/type_description_interfaces/CMakeFiles /home/mondegrin/programs/slon/microros_ws/firmware/mcu_ws/build/type_description_interfaces//CMakeFiles/progress.marks
[2.033s] /usr/bin/gmake  -f CMakeFiles/Makefile2 all
[2.036s] gmake[5]: Entering directory '/home/mondegrin/programs/slon/microros_ws/firmware/mcu_ws/build/type_description_interfaces'
[2.036s] /usr/bin/gmake  -f CMakeFiles/type_description_interfaces__rosidl_generator_type_description.dir/build.make CMakeFiles/type_description_interfaces__rosidl_generator_type_description.dir/depend
[2.038s] gmake[6]: Entering directory '/home/mondegrin/programs/slon/microros_ws/firmware/mcu_ws/build/type_description_interfaces'
[2.039s] cd /home/mondegrin/programs/slon/microros_ws/firmware/mcu_ws/build/type_description_interfaces && /usr/bin/cmake -E cmake_depends "Unix Makefiles" /home/mondegrin/programs/slon/microros_ws/firmware/mcu_ws/ros2/rcl_interfaces/type_description_interfaces /home/mondegrin/programs/slon/microros_ws/firmware/mcu_ws/ros2/rcl_interfaces/type_description_interfaces /home/mondegrin/programs/slon/microros_ws/firmware/mcu_ws/build/type_description_interfaces /home/mondegrin/programs/slon/microros_ws/firmware/mcu_ws/build/type_description_interfaces /home/mondegrin/programs/slon/microros_ws/firmware/mcu_ws/build/type_description_interfaces/CMakeFiles/type_description_interfaces__rosidl_generator_type_description.dir/DependInfo.cmake --color=
[2.053s] gmake[6]: Leaving directory '/home/mondegrin/programs/slon/microros_ws/firmware/mcu_ws/build/type_description_interfaces'
[2.053s] /usr/bin/gmake  -f CMakeFiles/type_description_interfaces__rosidl_generator_type_description.dir/build.make CMakeFiles/type_description_interfaces__rosidl_generator_type_description.dir/build
[2.056s] gmake[6]: Entering directory '/home/mondegrin/programs/slon/microros_ws/firmware/mcu_ws/build/type_description_interfaces'
[2.056s] gmake[6]: Nothing to be done for 'CMakeFiles/type_description_interfaces__rosidl_generator_type_description.dir/build'.
[2.056s] gmake[6]: Leaving directory '/home/mondegrin/programs/slon/microros_ws/firmware/mcu_ws/build/type_description_interfaces'
[2.070s] [  1%] Built target type_description_interfaces__rosidl_generator_type_description
[2.070s] /usr/bin/gmake  -f CMakeFiles/type_description_interfaces__rosidl_generator_c.dir/build.make CMakeFiles/type_description_interfaces__rosidl_generator_c.dir/depend
[2.074s] gmake[6]: Entering directory '/home/mondegrin/programs/slon/microros_ws/firmware/mcu_ws/build/type_description_interfaces'
[2.075s] cd /home/mondegrin/programs/slon/microros_ws/firmware/mcu_ws/build/type_description_interfaces && /usr/bin/cmake -E cmake_depends "Unix Makefiles" /home/mondegrin/programs/slon/microros_ws/firmware/mcu_ws/ros2/rcl_interfaces/type_description_interfaces /home/mondegrin/programs/slon/microros_ws/firmware/mcu_ws/ros2/rcl_interfaces/type_description_interfaces /home/mondegrin/programs/slon/microros_ws/firmware/mcu_ws/build/type_description_interfaces /home/mondegrin/programs/slon/microros_ws/firmware/mcu_ws/build/type_description_interfaces /home/mondegrin/programs/slon/microros_ws/firmware/mcu_ws/build/type_description_interfaces/CMakeFiles/type_description_interfaces__rosidl_generator_c.dir/DependInfo.cmake --color=
[2.090s] Dependencies file "CMakeFiles/type_description_interfaces__rosidl_generator_c.dir/rosidl_generator_c/type_description_interfaces/msg/detail/field__description.c.obj.d" is newer than depends file "/home/mondegrin/programs/slon/microros_ws/firmware/mcu_ws/build/type_description_interfaces/CMakeFiles/type_description_interfaces__rosidl_generator_c.dir/compiler_depend.internal".
[2.091s] Dependencies file "CMakeFiles/type_description_interfaces__rosidl_generator_c.dir/rosidl_generator_c/type_description_interfaces/msg/detail/field__functions.c.obj.d" is newer than depends file "/home/mondegrin/programs/slon/microros_ws/firmware/mcu_ws/build/type_description_interfaces/CMakeFiles/type_description_interfaces__rosidl_generator_c.dir/compiler_depend.internal".
[2.092s] Dependencies file "CMakeFiles/type_description_interfaces__rosidl_generator_c.dir/rosidl_generator_c/type_description_interfaces/msg/detail/field__type_support.c.obj.d" is newer than depends file "/home/mondegrin/programs/slon/microros_ws/firmware/mcu_ws/build/type_description_interfaces/CMakeFiles/type_description_interfaces__rosidl_generator_c.dir/compiler_depend.internal".
[2.092s] Dependencies file "CMakeFiles/type_description_interfaces__rosidl_generator_c.dir/rosidl_generator_c/type_description_interfaces/msg/detail/field_type__description.c.obj.d" is newer than depends file "/home/mondegrin/programs/slon/microros_ws/firmware/mcu_ws/build/type_description_interfaces/CMakeFiles/type_description_interfaces__rosidl_generator_c.dir/compiler_depend.internal".
[2.093s] Dependencies file "CMakeFiles/type_description_interfaces__rosidl_generator_c.dir/rosidl_generator_c/type_description_interfaces/msg/detail/field_type__functions.c.obj.d" is newer than depends file "/home/mondegrin/programs/slon/microros_ws/firmware/mcu_ws/build/type_description_interfaces/CMakeFiles/type_description_interfaces__rosidl_generator_c.dir/compiler_depend.internal".
[2.093s] Dependencies file "CMakeFiles/type_description_interfaces__rosidl_generator_c.dir/rosidl_generator_c/type_description_interfaces/msg/detail/field_type__type_support.c.obj.d" is newer than depends file "/home/mondegrin/programs/slon/microros_ws/firmware/mcu_ws/build/type_description_interfaces/CMakeFiles/type_description_interfaces__rosidl_generator_c.dir/compiler_depend.internal".
[2.094s] Dependencies file "CMakeFiles/type_description_interfaces__rosidl_generator_c.dir/rosidl_generator_c/type_description_interfaces/msg/detail/individual_type_description__description.c.obj.d" is newer than depends file "/home/mondegrin/programs/slon/microros_ws/firmware/mcu_ws/build/type_description_interfaces/CMakeFiles/type_description_interfaces__rosidl_generator_c.dir/compiler_depend.internal".
[2.095s] Dependencies file "CMakeFiles/type_description_interfaces__rosidl_generator_c.dir/rosidl_generator_c/type_description_interfaces/msg/detail/individual_type_description__functions.c.obj.d" is newer than depends file "/home/mondegrin/programs/slon/microros_ws/firmware/mcu_ws/build/type_description_interfaces/CMakeFiles/type_description_interfaces__rosidl_generator_c.dir/compiler_depend.internal".
[2.096s] Dependencies file "CMakeFiles/type_description_interfaces__rosidl_generator_c.dir/rosidl_generator_c/type_description_interfaces/msg/detail/individual_type_description__type_support.c.obj.d" is newer than depends file "/home/mondegrin/programs/slon/microros_ws/firmware/mcu_ws/build/type_description_interfaces/CMakeFiles/type_description_interfaces__rosidl_generator_c.dir/compiler_depend.internal".
[2.097s] Dependencies file "CMakeFiles/type_description_interfaces__rosidl_generator_c.dir/rosidl_generator_c/type_description_interfaces/msg/detail/key_value__description.c.obj.d" is newer than depends file "/home/mondegrin/programs/slon/microros_ws/firmware/mcu_ws/build/type_description_interfaces/CMakeFiles/type_description_interfaces__rosidl_generator_c.dir/compiler_depend.internal".
[2.097s] Dependencies file "CMakeFiles/type_description_interfaces__rosidl_generator_c.dir/rosidl_generator_c/type_description_interfaces/msg/detail/key_value__functions.c.obj.d" is newer than depends file "/home/mondegrin/programs/slon/microros_ws/firmware/mcu_ws/build/type_description_interfaces/CMakeFiles/type_description_interfaces__rosidl_generator_c.dir/compiler_depend.internal".
[2.098s] Dependencies file "CMakeFiles/type_description_interfaces__rosidl_generator_c.dir/rosidl_generator_c/type_description_interfaces/msg/detail/key_value__type_support.c.obj.d" is newer than depends file "/home/mondegrin/programs/slon/microros_ws/firmware/mcu_ws/build/type_description_interfaces/CMakeFiles/type_description_interfaces__rosidl_generator_c.dir/compiler_depend.internal".
[2.098s] Dependencies file "CMakeFiles/type_description_interfaces__rosidl_generator_c.dir/rosidl_generator_c/type_description_interfaces/msg/detail/type_description__description.c.obj.d" is newer than depends file "/home/mondegrin/programs/slon/microros_ws/firmware/mcu_ws/build/type_description_interfaces/CMakeFiles/type_description_interfaces__rosidl_generator_c.dir/compiler_depend.internal".
[2.099s] Dependencies file "CMakeFiles/type_description_interfaces__rosidl_generator_c.dir/rosidl_generator_c/type_description_interfaces/msg/detail/type_description__functions.c.obj.d" is newer than depends file "/home/mondegrin/programs/slon/microros_ws/firmware/mcu_ws/build/type_description_interfaces/CMakeFiles/type_description_interfaces__rosidl_generator_c.dir/compiler_depend.internal".
[2.099s] Dependencies file "CMakeFiles/type_description_interfaces__rosidl_generator_c.dir/rosidl_generator_c/type_description_interfaces/msg/detail/type_description__type_support.c.obj.d" is newer than depends file "/home/mondegrin/programs/slon/microros_ws/firmware/mcu_ws/build/type_description_interfaces/CMakeFiles/type_description_interfaces__rosidl_generator_c.dir/compiler_depend.internal".
[2.099s] Dependencies file "CMakeFiles/type_description_interfaces__rosidl_generator_c.dir/rosidl_generator_c/type_description_interfaces/msg/detail/type_source__description.c.obj.d" is newer than depends file "/home/mondegrin/programs/slon/microros_ws/firmware/mcu_ws/build/type_description_interfaces/CMakeFiles/type_description_interfaces__rosidl_generator_c.dir/compiler_depend.internal".
[2.099s] Dependencies file "CMakeFiles/type_description_interfaces__rosidl_generator_c.dir/rosidl_generator_c/type_description_interfaces/msg/detail/type_source__functions.c.obj.d" is newer than depends file "/home/mondegrin/programs/slon/microros_ws/firmware/mcu_ws/build/type_description_interfaces/CMakeFiles/type_description_interfaces__rosidl_generator_c.dir/compiler_depend.internal".
[2.099s] Dependencies file "CMakeFiles/type_description_interfaces__rosidl_generator_c.dir/rosidl_generator_c/type_description_interfaces/msg/detail/type_source__type_support.c.obj.d" is newer than depends file "/home/mondegrin/programs/slon/microros_ws/firmware/mcu_ws/build/type_description_interfaces/CMakeFiles/type_description_interfaces__rosidl_generator_c.dir/compiler_depend.internal".
[2.099s] Dependencies file "CMakeFiles/type_description_interfaces__rosidl_generator_c.dir/rosidl_generator_c/type_description_interfaces/srv/detail/get_type_description__description.c.obj.d" is newer than depends file "/home/mondegrin/programs/slon/microros_ws/firmware/mcu_ws/build/type_description_interfaces/CMakeFiles/type_description_interfaces__rosidl_generator_c.dir/compiler_depend.internal".
[2.099s] Dependencies file "CMakeFiles/type_description_interfaces__rosidl_generator_c.dir/rosidl_generator_c/type_description_interfaces/srv/detail/get_type_description__functions.c.obj.d" is newer than depends file "/home/mondegrin/programs/slon/microros_ws/firmware/mcu_ws/build/type_description_interfaces/CMakeFiles/type_description_interfaces__rosidl_generator_c.dir/compiler_depend.internal".
[2.099s] Dependencies file "CMakeFiles/type_description_interfaces__rosidl_generator_c.dir/rosidl_generator_c/type_description_interfaces/srv/detail/get_type_description__type_support.c.obj.d" is newer than depends file "/home/mondegrin/programs/slon/microros_ws/firmware/mcu_ws/build/type_description_interfaces/CMakeFiles/type_description_interfaces__rosidl_generator_c.dir/compiler_depend.internal".
[2.100s] [35m[1mConsolidate compiler generated dependencies of target type_description_interfaces__rosidl_generator_c[0m
[2.109s] gmake[6]: Leaving directory '/home/mondegrin/programs/slon/microros_ws/firmware/mcu_ws/build/type_description_interfaces'
[2.110s] /usr/bin/gmake  -f CMakeFiles/type_description_interfaces__rosidl_generator_c.dir/build.make CMakeFiles/type_description_interfaces__rosidl_generator_c.dir/build
[2.119s] gmake[6]: Entering directory '/home/mondegrin/programs/slon/microros_ws/firmware/mcu_ws/build/type_description_interfaces'
[2.119s] gmake[6]: Nothing to be done for 'CMakeFiles/type_description_interfaces__rosidl_generator_c.dir/build'.
[2.119s] gmake[6]: Leaving directory '/home/mondegrin/programs/slon/microros_ws/firmware/mcu_ws/build/type_description_interfaces'
[2.135s] [ 47%] Built target type_description_interfaces__rosidl_generator_c
[2.137s] /usr/bin/gmake  -f CMakeFiles/type_description_interfaces__rosidl_typesupport_microxrcedds_c.dir/build.make CMakeFiles/type_description_interfaces__rosidl_typesupport_microxrcedds_c.dir/depend
[2.138s] /usr/bin/gmake  -f CMakeFiles/type_description_interfaces__rosidl_typesupport_introspection_c.dir/build.make CMakeFiles/type_description_interfaces__rosidl_typesupport_introspection_c.dir/depend
[2.139s] /usr/bin/gmake  -f CMakeFiles/type_description_interfaces__rosidl_typesupport_c.dir/build.make CMakeFiles/type_description_interfaces__rosidl_typesupport_c.dir/depend
[2.143s] gmake[6]: Entering directory '/home/mondegrin/programs/slon/microros_ws/firmware/mcu_ws/build/type_description_interfaces'
[2.144s] cd /home/mondegrin/programs/slon/microros_ws/firmware/mcu_ws/build/type_description_interfaces && /usr/bin/cmake -E cmake_depends "Unix Makefiles" /home/mondegrin/programs/slon/microros_ws/firmware/mcu_ws/ros2/rcl_interfaces/type_description_interfaces /home/mondegrin/programs/slon/microros_ws/firmware/mcu_ws/ros2/rcl_interfaces/type_description_interfaces /home/mondegrin/programs/slon/microros_ws/firmware/mcu_ws/build/type_description_interfaces /home/mondegrin/programs/slon/microros_ws/firmware/mcu_ws/build/type_description_interfaces /home/mondegrin/programs/slon/microros_ws/firmware/mcu_ws/build/type_description_interfaces/CMakeFiles/type_description_interfaces__rosidl_typesupport_c.dir/DependInfo.cmake --color=
[2.144s] gmake[6]: Entering directory '/home/mondegrin/programs/slon/microros_ws/firmware/mcu_ws/build/type_description_interfaces'
[2.144s] gmake[6]: Entering directory '/home/mondegrin/programs/slon/microros_ws/firmware/mcu_ws/build/type_description_interfaces'
[2.144s] cd /home/mondegrin/programs/slon/microros_ws/firmware/mcu_ws/build/type_description_interfaces && /usr/bin/cmake -E cmake_depends "Unix Makefiles" /home/mondegrin/programs/slon/microros_ws/firmware/mcu_ws/ros2/rcl_interfaces/type_description_interfaces /home/mondegrin/programs/slon/microros_ws/firmware/mcu_ws/ros2/rcl_interfaces/type_description_interfaces /home/mondegrin/programs/slon/microros_ws/firmware/mcu_ws/build/type_description_interfaces /home/mondegrin/programs/slon/microros_ws/firmware/mcu_ws/build/type_description_interfaces /home/mondegrin/programs/slon/microros_ws/firmware/mcu_ws/build/type_description_interfaces/CMakeFiles/type_description_interfaces__rosidl_typesupport_microxrcedds_c.dir/DependInfo.cmake --color=
[2.145s] cd /home/mondegrin/programs/slon/microros_ws/firmware/mcu_ws/build/type_description_interfaces && /usr/bin/cmake -E cmake_depends "Unix Makefiles" /home/mondegrin/programs/slon/microros_ws/firmware/mcu_ws/ros2/rcl_interfaces/type_description_interfaces /home/mondegrin/programs/slon/microros_ws/firmware/mcu_ws/ros2/rcl_interfaces/type_description_interfaces /home/mondegrin/programs/slon/microros_ws/firmware/mcu_ws/build/type_description_interfaces /home/mondegrin/programs/slon/microros_ws/firmware/mcu_ws/build/type_description_interfaces /home/mondegrin/programs/slon/microros_ws/firmware/mcu_ws/build/type_description_interfaces/CMakeFiles/type_description_interfaces__rosidl_typesupport_introspection_c.dir/DependInfo.cmake --color=
[2.159s] Dependencies file "CMakeFiles/type_description_interfaces__rosidl_typesupport_microxrcedds_c.dir/rosidl_typesupport_microxrcedds_c/type_description_interfaces/msg/detail/microxrcedds/field__type_support_c.c.obj.d" is newer than depends file "/home/mondegrin/programs/slon/microros_ws/firmware/mcu_ws/build/type_description_interfaces/CMakeFiles/type_description_interfaces__rosidl_typesupport_microxrcedds_c.dir/compiler_depend.internal".
[2.160s] Dependencies file "CMakeFiles/type_description_interfaces__rosidl_typesupport_microxrcedds_c.dir/rosidl_typesupport_microxrcedds_c/type_description_interfaces/msg/detail/microxrcedds/field_type__type_support_c.c.obj.d" is newer than depends file "/home/mondegrin/programs/slon/microros_ws/firmware/mcu_ws/build/type_description_interfaces/CMakeFiles/type_description_interfaces__rosidl_typesupport_microxrcedds_c.dir/compiler_depend.internal".
[2.161s] Dependencies file "CMakeFiles/type_description_interfaces__rosidl_typesupport_introspection_c.dir/rosidl_typesupport_introspection_c/type_description_interfaces/msg/detail/field__type_support.c.obj.d" is newer than depends file "/home/mondegrin/programs/slon/microros_ws/firmware/mcu_ws/build/type_description_interfaces/CMakeFiles/type_description_interfaces__rosidl_typesupport_introspection_c.dir/compiler_depend.internal".
[2.161s] Dependencies file "CMakeFiles/type_description_interfaces__rosidl_typesupport_c.dir/rosidl_typesupport_c/type_description_interfaces/msg/field__type_support.cpp.obj.d" is newer than depends file "/home/mondegrin/programs/slon/microros_ws/firmware/mcu_ws/build/type_description_interfaces/CMakeFiles/type_description_interfaces__rosidl_typesupport_c.dir/compiler_depend.internal".
[2.162s] Dependencies file "CMakeFiles/type_description_interfaces__rosidl_typesupport_microxrcedds_c.dir/rosidl_typesupport_microxrcedds_c/type_description_interfaces/msg/detail/microxrcedds/individual_type_description__type_support_c.c.obj.d" is newer than depends file "/home/mondegrin/programs/slon/microros_ws/firmware/mcu_ws/build/type_description_interfaces/CMakeFiles/type_description_interfaces__rosidl_typesupport_microxrcedds_c.dir/compiler_depend.internal".
[2.162s] Dependencies file "CMakeFiles/type_description_interfaces__rosidl_typesupport_introspection_c.dir/rosidl_typesupport_introspection_c/type_description_interfaces/msg/detail/field_type__type_support.c.obj.d" is newer than depends file "/home/mondegrin/programs/slon/microros_ws/firmware/mcu_ws/build/type_description_interfaces/CMakeFiles/type_description_interfaces__rosidl_typesupport_introspection_c.dir/compiler_depend.internal".
[2.163s] Dependencies file "CMakeFiles/type_description_interfaces__rosidl_typesupport_c.dir/rosidl_typesupport_c/type_description_interfaces/msg/field_type__type_support.cpp.obj.d" is newer than depends file "/home/mondegrin/programs/slon/microros_ws/firmware/mcu_ws/build/type_description_interfaces/CMakeFiles/type_description_interfaces__rosidl_typesupport_c.dir/compiler_depend.internal".
[2.163s] Dependencies file "CMakeFiles/type_description_interfaces__rosidl_typesupport_introspection_c.dir/rosidl_typesupport_introspection_c/type_description_interfaces/msg/detail/individual_type_description__type_support.c.obj.d" is newer than depends file "/home/mondegrin/programs/slon/microros_ws/firmware/mcu_ws/build/type_description_interfaces/CMakeFiles/type_description_interfaces__rosidl_typesupport_introspection_c.dir/compiler_depend.internal".
[2.163s] Dependencies file "CMakeFiles/type_description_interfaces__rosidl_typesupport_microxrcedds_c.dir/rosidl_typesupport_microxrcedds_c/type_description_interfaces/msg/detail/microxrcedds/key_value__type_support_c.c.obj.d" is newer than depends file "/home/mondegrin/programs/slon/microros_ws/firmware/mcu_ws/build/type_description_interfaces/CMakeFiles/type_description_interfaces__rosidl_typesupport_microxrcedds_c.dir/compiler_depend.internal".
[2.164s] Dependencies file "CMakeFiles/type_description_interfaces__rosidl_typesupport_c.dir/rosidl_typesupport_c/type_description_interfaces/msg/individual_type_description__type_support.cpp.obj.d" is newer than depends file "/home/mondegrin/programs/slon/microros_ws/firmware/mcu_ws/build/type_description_interfaces/CMakeFiles/type_description_interfaces__rosidl_typesupport_c.dir/compiler_depend.internal".
[2.164s] Dependencies file "CMakeFiles/type_description_interfaces__rosidl_typesupport_introspection_c.dir/rosidl_typesupport_introspection_c/type_description_interfaces/msg/detail/key_value__type_support.c.obj.d" is newer than depends file "/home/mondegrin/programs/slon/microros_ws/firmware/mcu_ws/build/type_description_interfaces/CMakeFiles/type_description_interfaces__rosidl_typesupport_introspection_c.dir/compiler_depend.internal".
[2.164s] Dependencies file "CMakeFiles/type_description_interfaces__rosidl_typesupport_microxrcedds_c.dir/rosidl_typesupport_microxrcedds_c/type_description_interfaces/msg/detail/microxrcedds/type_description__type_support_c.c.obj.d" is newer than depends file "/home/mondegrin/programs/slon/microros_ws/firmware/mcu_ws/build/type_description_interfaces/CMakeFiles/type_description_interfaces__rosidl_typesupport_microxrcedds_c.dir/compiler_depend.internal".
[2.164s] Dependencies file "CMakeFiles/type_description_interfaces__rosidl_typesupport_introspection_c.dir/rosidl_typesupport_introspection_c/type_description_interfaces/msg/detail/type_description__type_support.c.obj.d" is newer than depends file "/home/mondegrin/programs/slon/microros_ws/firmware/mcu_ws/build/type_description_interfaces/CMakeFiles/type_description_interfaces__rosidl_typesupport_introspection_c.dir/compiler_depend.internal".
[2.164s] Dependencies file "CMakeFiles/type_description_interfaces__rosidl_typesupport_c.dir/rosidl_typesupport_c/type_description_interfaces/msg/key_value__type_support.cpp.obj.d" is newer than depends file "/home/mondegrin/programs/slon/microros_ws/firmware/mcu_ws/build/type_description_interfaces/CMakeFiles/type_description_interfaces__rosidl_typesupport_c.dir/compiler_depend.internal".
[2.164s] Dependencies file "CMakeFiles/type_description_interfaces__rosidl_typesupport_introspection_c.dir/rosidl_typesupport_introspection_c/type_description_interfaces/msg/detail/type_source__type_support.c.obj.d" is newer than depends file "/home/mondegrin/programs/slon/microros_ws/firmware/mcu_ws/build/type_description_interfaces/CMakeFiles/type_description_interfaces__rosidl_typesupport_introspection_c.dir/compiler_depend.internal".
[2.165s] Dependencies file "CMakeFiles/type_description_interfaces__rosidl_typesupport_microxrcedds_c.dir/rosidl_typesupport_microxrcedds_c/type_description_interfaces/msg/detail/microxrcedds/type_source__type_support_c.c.obj.d" is newer than depends file "/home/mondegrin/programs/slon/microros_ws/firmware/mcu_ws/build/type_description_interfaces/CMakeFiles/type_description_interfaces__rosidl_typesupport_microxrcedds_c.dir/compiler_depend.internal".
[2.165s] Dependencies file "CMakeFiles/type_description_interfaces__rosidl_typesupport_c.dir/rosidl_typesupport_c/type_description_interfaces/msg/type_description__type_support.cpp.obj.d" is newer than depends file "/home/mondegrin/programs/slon/microros_ws/firmware/mcu_ws/build/type_description_interfaces/CMakeFiles/type_description_interfaces__rosidl_typesupport_c.dir/compiler_depend.internal".
[2.165s] Dependencies file "CMakeFiles/type_description_interfaces__rosidl_typesupport_introspection_c.dir/rosidl_typesupport_introspection_c/type_description_interfaces/srv/detail/get_type_description__type_support.c.obj.d" is newer than depends file "/home/mondegrin/programs/slon/microros_ws/firmware/mcu_ws/build/type_description_interfaces/CMakeFiles/type_description_interfaces__rosidl_typesupport_introspection_c.dir/compiler_depend.internal".
[2.165s] Dependencies file "CMakeFiles/type_description_interfaces__rosidl_typesupport_microxrcedds_c.dir/rosidl_typesupport_microxrcedds_c/type_description_interfaces/srv/detail/microxrcedds/get_type_description__type_support_c.c.obj.d" is newer than depends file "/home/mondegrin/programs/slon/microros_ws/firmware/mcu_ws/build/type_description_interfaces/CMakeFiles/type_description_interfaces__rosidl_typesupport_microxrcedds_c.dir/compiler_depend.internal".
[2.165s] Dependencies file "CMakeFiles/type_description_interfaces__rosidl_typesupport_c.dir/rosidl_typesupport_c/type_description_interfaces/msg/type_source__type_support.cpp.obj.d" is newer than depends file "/home/mondegrin/programs/slon/microros_ws/firmware/mcu_ws/build/type_description_interfaces/CMakeFiles/type_description_interfaces__rosidl_typesupport_c.dir/compiler_depend.internal".
[2.165s] [35m[1mConsolidate compiler generated dependencies of target type_description_interfaces__rosidl_typesupport_introspection_c[0m
[2.165s] Dependencies file "CMakeFiles/type_description_interfaces__rosidl_typesupport_c.dir/rosidl_typesupport_c/type_description_interfaces/srv/get_type_description__type_support.cpp.obj.d" is newer than depends file "/home/mondegrin/programs/slon/microros_ws/firmware/mcu_ws/build/type_description_interfaces/CMakeFiles/type_description_interfaces__rosidl_typesupport_c.dir/compiler_depend.internal".
[2.165s] [35m[1mConsolidate compiler generated dependencies of target type_description_interfaces__rosidl_typesupport_microxrcedds_c[0m
[2.165s] [35m[1mConsolidate compiler generated dependencies of target type_description_interfaces__rosidl_typesupport_c[0m
[2.169s] gmake[6]: Leaving directory '/home/mondegrin/programs/slon/microros_ws/firmware/mcu_ws/build/type_description_interfaces'
[2.170s] /usr/bin/gmake  -f CMakeFiles/type_description_interfaces__rosidl_typesupport_introspection_c.dir/build.make CMakeFiles/type_description_interfaces__rosidl_typesupport_introspection_c.dir/build
[2.172s] gmake[6]: Leaving directory '/home/mondegrin/programs/slon/microros_ws/firmware/mcu_ws/build/type_description_interfaces'
[2.173s] /usr/bin/gmake  -f CMakeFiles/type_description_interfaces__rosidl_typesupport_c.dir/build.make CMakeFiles/type_description_interfaces__rosidl_typesupport_c.dir/build
[2.174s] gmake[6]: Leaving directory '/home/mondegrin/programs/slon/microros_ws/firmware/mcu_ws/build/type_description_interfaces'
[2.175s] /usr/bin/gmake  -f CMakeFiles/type_description_interfaces__rosidl_typesupport_microxrcedds_c.dir/build.make CMakeFiles/type_description_interfaces__rosidl_typesupport_microxrcedds_c.dir/build
[2.177s] gmake[6]: Entering directory '/home/mondegrin/programs/slon/microros_ws/firmware/mcu_ws/build/type_description_interfaces'
[2.177s] gmake[6]: Nothing to be done for 'CMakeFiles/type_description_interfaces__rosidl_typesupport_introspection_c.dir/build'.
[2.178s] gmake[6]: Leaving directory '/home/mondegrin/programs/slon/microros_ws/firmware/mcu_ws/build/type_description_interfaces'
[2.179s] gmake[6]: Entering directory '/home/mondegrin/programs/slon/microros_ws/firmware/mcu_ws/build/type_description_interfaces'
[2.180s] gmake[6]: Nothing to be done for 'CMakeFiles/type_description_interfaces__rosidl_typesupport_c.dir/build'.
[2.180s] gmake[6]: Leaving directory '/home/mondegrin/programs/slon/microros_ws/firmware/mcu_ws/build/type_description_interfaces'
[2.181s] gmake[6]: Entering directory '/home/mondegrin/programs/slon/microros_ws/firmware/mcu_ws/build/type_description_interfaces'
[2.181s] gmake[6]: Nothing to be done for 'CMakeFiles/type_description_interfaces__rosidl_typesupport_microxrcedds_c.dir/build'.
[2.182s] gmake[6]: Leaving directory '/home/mondegrin/programs/slon/microros_ws/firmware/mcu_ws/build/type_description_interfaces'
[2.194s] [ 64%] Built target type_description_interfaces__rosidl_typesupport_introspection_c
[2.196s] [ 82%] Built target type_description_interfaces__rosidl_typesupport_microxrcedds_c
[2.197s] [100%] Built target type_description_interfaces__rosidl_typesupport_c
[2.199s] /usr/bin/gmake  -f CMakeFiles/type_description_interfaces.dir/build.make CMakeFiles/type_description_interfaces.dir/depend
[2.202s] gmake[6]: Entering directory '/home/mondegrin/programs/slon/microros_ws/firmware/mcu_ws/build/type_description_interfaces'
[2.202s] cd /home/mondegrin/programs/slon/microros_ws/firmware/mcu_ws/build/type_description_interfaces && /usr/bin/cmake -E cmake_depends "Unix Makefiles" /home/mondegrin/programs/slon/microros_ws/firmware/mcu_ws/ros2/rcl_interfaces/type_description_interfaces /home/mondegrin/programs/slon/microros_ws/firmware/mcu_ws/ros2/rcl_interfaces/type_description_interfaces /home/mondegrin/programs/slon/microros_ws/firmware/mcu_ws/build/type_description_interfaces /home/mondegrin/programs/slon/microros_ws/firmware/mcu_ws/build/type_description_interfaces /home/mondegrin/programs/slon/microros_ws/firmware/mcu_ws/build/type_description_interfaces/CMakeFiles/type_description_interfaces.dir/DependInfo.cmake --color=
[2.221s] gmake[6]: Leaving directory '/home/mondegrin/programs/slon/microros_ws/firmware/mcu_ws/build/type_description_interfaces'
[2.223s] /usr/bin/gmake  -f CMakeFiles/type_description_interfaces.dir/build.make CMakeFiles/type_description_interfaces.dir/build
[2.226s] gmake[6]: Entering directory '/home/mondegrin/programs/slon/microros_ws/firmware/mcu_ws/build/type_description_interfaces'
[2.229s] gmake[6]: Nothing to be done for 'CMakeFiles/type_description_interfaces.dir/build'.
[2.232s] gmake[6]: Leaving directory '/home/mondegrin/programs/slon/microros_ws/firmware/mcu_ws/build/type_description_interfaces'
[2.239s] [100%] Built target type_description_interfaces
[2.240s] gmake[5]: Leaving directory '/home/mondegrin/programs/slon/microros_ws/firmware/mcu_ws/build/type_description_interfaces'
[2.241s] /usr/bin/cmake -E cmake_progress_start /home/mondegrin/programs/slon/microros_ws/firmware/mcu_ws/build/type_description_interfaces/CMakeFiles 0
[2.253s] gmake[4]: Leaving directory '/home/mondegrin/programs/slon/microros_ws/firmware/mcu_ws/build/type_description_interfaces'
[2.260s] Invoked command in '/home/mondegrin/programs/slon/microros_ws/firmware/mcu_ws/build/type_description_interfaces' returned '0': AMENT_PREFIX_PATH=/home/mondegrin/programs/slon/microros_ws/firmware/mcu_ws/install:${AMENT_PREFIX_PATH} CMAKE_PREFIX_PATH=/home/mondegrin/programs/slon/microros_ws/firmware/mcu_ws/install:/home/mondegrin/programs/slon/microros_ws/firmware/dev_ws/install/ament_lint_common:/home/mondegrin/programs/slon/microros_ws/firmware/dev_ws/install/ament_cmake_uncrustify:/home/mondegrin/programs/slon/microros_ws/firmware/dev_ws/install/uncrustify_vendor:/home/mondegrin/programs/slon/microros_ws/firmware/dev_ws/install/ament_cmake_ros:/home/mondegrin/programs/slon/microros_ws/firmware/dev_ws/install/ament_cmake_gmock:/home/mondegrin/programs/slon/microros_ws/firmware/dev_ws/install/gmock_vendor:/home/mondegrin/programs/slon/microros_ws/firmware/dev_ws/install/ament_cmake_auto:/home/mondegrin/programs/slon/microros_ws/firmware/dev_ws/install/ament_cmake_gtest:/home/mondegrin/programs/slon/microros_ws/firmware/dev_ws/install/gtest_vendor:/home/mondegrin/programs/slon/microros_ws/firmware/dev_ws/install/ament_cmake_xmllint:/home/mondegrin/programs/slon/microros_ws/firmware/dev_ws/install/ament_cmake_pyflakes:/home/mondegrin/programs/slon/microros_ws/firmware/dev_ws/install/ament_cmake_pycodestyle:/home/mondegrin/programs/slon/microros_ws/firmware/dev_ws/install/ament_cmake_pep257:/home/mondegrin/programs/slon/microros_ws/firmware/dev_ws/install/ament_cmake_pclint:/home/mondegrin/programs/slon/microros_ws/firmware/dev_ws/install/ament_lint_auto:/home/mondegrin/programs/slon/microros_ws/firmware/dev_ws/install/ament_cmake:/home/mondegrin/programs/slon/microros_ws/firmware/dev_ws/install/ament_cmake_version:/home/mondegrin/programs/slon/microros_ws/firmware/dev_ws/install/ament_cmake_vendor_package:/home/mondegrin/programs/slon/microros_ws/firmware/dev_ws/install/ament_cmake_pytest:/home/mondegrin/programs/slon/microros_ws/firmware/dev_ws/install/ament_cmake_mypy:/home/mondegrin/programs/slon/microros_ws/firmware/dev_ws/install/ament_cmake_lint_cmake:/home/mondegrin/programs/slon/microros_ws/firmware/dev_ws/install/ament_cmake_google_benchmark:/home/mondegrin/programs/slon/microros_ws/firmware/dev_ws/install/ament_cmake_flake8:/home/mondegrin/programs/slon/microros_ws/firmware/dev_ws/install/ament_cmake_cpplint:/home/mondegrin/programs/slon/microros_ws/firmware/dev_ws/install/ament_cmake_cppcheck:/home/mondegrin/programs/slon/microros_ws/firmware/dev_ws/install/ament_cmake_copyright:/home/mondegrin/programs/slon/microros_ws/firmware/dev_ws/install/ament_cmake_clang_tidy:/home/mondegrin/programs/slon/microros_ws/firmware/dev_ws/install/ament_cmake_clang_format:/home/mondegrin/programs/slon/microros_ws/firmware/dev_ws/install/ament_cmake_test:/home/mondegrin/programs/slon/microros_ws/firmware/dev_ws/install/ament_cmake_target_dependencies:/home/mondegrin/programs/slon/microros_ws/firmware/dev_ws/install/ament_cmake_python:/home/mondegrin/programs/slon/microros_ws/firmware/dev_ws/install/ament_cmake_export_dependencies:/home/mondegrin/programs/slon/microros_ws/firmware/dev_ws/install/ament_cmake_libraries:/home/mondegrin/programs/slon/microros_ws/firmware/dev_ws/install/ament_cmake_include_directories:/home/mondegrin/programs/slon/microros_ws/firmware/dev_ws/install/ament_cmake_gen_version_h:/home/mondegrin/programs/slon/microros_ws/firmware/dev_ws/install/ament_cmake_export_targets:/home/mondegrin/programs/slon/microros_ws/firmware/dev_ws/install/ament_cmake_export_link_flags:/home/mondegrin/programs/slon/microros_ws/firmware/dev_ws/install/ament_cmake_export_interfaces:/home/mondegrin/programs/slon/microros_ws/firmware/dev_ws/install/ament_cmake_export_libraries:/home/mondegrin/programs/slon/microros_ws/firmware/dev_ws/install/ament_cmake_export_include_directories:/home/mondegrin/programs/slon/microros_ws/firmware/dev_ws/install/ament_cmake_export_definitions:/home/mondegrin/programs/slon/microros_ws/firmware/dev_ws/install/ament_cmake_core:/home/mondegrin/programs/slon/microros_ws/firmware/dev_ws/install/ament_index_cpp:/home/mondegrin/programs/slon/microros_ws/firmware/dev_ws/install/ament_uncrustify:/home/mondegrin/programs/slon/microros_ws/firmware/dev_ws/install/domain_coordinator:/home/mondegrin/programs/slon/microros_ws/firmware/dev_ws/install/ament_xmllint:/home/mondegrin/programs/slon/microros_ws/firmware/dev_ws/install/ament_pyflakes:/home/mondegrin/programs/slon/microros_ws/firmware/dev_ws/install/ament_pycodestyle:/home/mondegrin/programs/slon/microros_ws/firmware/dev_ws/install/ament_pep257:/home/mondegrin/programs/slon/microros_ws/firmware/dev_ws/install/ament_pclint:/home/mondegrin/programs/slon/microros_ws/firmware/dev_ws/install/ament_package:/home/mondegrin/programs/slon/microros_ws/firmware/dev_ws/install/ament_mypy:/home/mondegrin/programs/slon/microros_ws/firmware/dev_ws/install/ament_lint_cmake:/home/mondegrin/programs/slon/microros_ws/firmware/dev_ws/install/ament_flake8:/home/mondegrin/programs/slon/microros_ws/firmware/dev_ws/install/ament_copyright:/home/mondegrin/programs/slon/microros_ws/firmware/dev_ws/install/ament_lint:/home/mondegrin/programs/slon/microros_ws/firmware/dev_ws/install/ament_index_python:/home/mondegrin/programs/slon/microros_ws/firmware/dev_ws/install/ament_cpplint:/home/mondegrin/programs/slon/microros_ws/firmware/dev_ws/install/ament_cppcheck:/home/mondegrin/programs/slon/microros_ws/firmware/dev_ws/install/ament_clang_tidy:/home/mondegrin/programs/slon/microros_ws/firmware/dev_ws/install/ament_clang_format LD_LIBRARY_PATH=/home/mondegrin/programs/slon/microros_ws/firmware/mcu_ws/install/lib:${LD_LIBRARY_PATH} PATH=/home/mondegrin/programs/slon/microros_ws/firmware/mcu_ws/install/bin:${PATH} PYTHONPATH=/home/mondegrin/programs/slon/microros_ws/firmware/mcu_ws/install/lib/python3.10/site-packages:${PYTHONPATH} /usr/bin/cmake --build /home/mondegrin/programs/slon/microros_ws/firmware/mcu_ws/build/type_description_interfaces -- -j16 -l16
[2.587s] Invoking command in '/home/mondegrin/programs/slon/microros_ws/firmware/mcu_ws/build/type_description_interfaces': AMENT_PREFIX_PATH=/home/mondegrin/programs/slon/microros_ws/firmware/mcu_ws/install:${AMENT_PREFIX_PATH} CMAKE_PREFIX_PATH=/home/mondegrin/programs/slon/microros_ws/firmware/mcu_ws/install:/home/mondegrin/programs/slon/microros_ws/firmware/dev_ws/install/ament_lint_common:/home/mondegrin/programs/slon/microros_ws/firmware/dev_ws/install/ament_cmake_uncrustify:/home/mondegrin/programs/slon/microros_ws/firmware/dev_ws/install/uncrustify_vendor:/home/mondegrin/programs/slon/microros_ws/firmware/dev_ws/install/ament_cmake_ros:/home/mondegrin/programs/slon/microros_ws/firmware/dev_ws/install/ament_cmake_gmock:/home/mondegrin/programs/slon/microros_ws/firmware/dev_ws/install/gmock_vendor:/home/mondegrin/programs/slon/microros_ws/firmware/dev_ws/install/ament_cmake_auto:/home/mondegrin/programs/slon/microros_ws/firmware/dev_ws/install/ament_cmake_gtest:/home/mondegrin/programs/slon/microros_ws/firmware/dev_ws/install/gtest_vendor:/home/mondegrin/programs/slon/microros_ws/firmware/dev_ws/install/ament_cmake_xmllint:/home/mondegrin/programs/slon/microros_ws/firmware/dev_ws/install/ament_cmake_pyflakes:/home/mondegrin/programs/slon/microros_ws/firmware/dev_ws/install/ament_cmake_pycodestyle:/home/mondegrin/programs/slon/microros_ws/firmware/dev_ws/install/ament_cmake_pep257:/home/mondegrin/programs/slon/microros_ws/firmware/dev_ws/install/ament_cmake_pclint:/home/mondegrin/programs/slon/microros_ws/firmware/dev_ws/install/ament_lint_auto:/home/mondegrin/programs/slon/microros_ws/firmware/dev_ws/install/ament_cmake:/home/mondegrin/programs/slon/microros_ws/firmware/dev_ws/install/ament_cmake_version:/home/mondegrin/programs/slon/microros_ws/firmware/dev_ws/install/ament_cmake_vendor_package:/home/mondegrin/programs/slon/microros_ws/firmware/dev_ws/install/ament_cmake_pytest:/home/mondegrin/programs/slon/microros_ws/firmware/dev_ws/install/ament_cmake_mypy:/home/mondegrin/programs/slon/microros_ws/firmware/dev_ws/install/ament_cmake_lint_cmake:/home/mondegrin/programs/slon/microros_ws/firmware/dev_ws/install/ament_cmake_google_benchmark:/home/mondegrin/programs/slon/microros_ws/firmware/dev_ws/install/ament_cmake_flake8:/home/mondegrin/programs/slon/microros_ws/firmware/dev_ws/install/ament_cmake_cpplint:/home/mondegrin/programs/slon/microros_ws/firmware/dev_ws/install/ament_cmake_cppcheck:/home/mondegrin/programs/slon/microros_ws/firmware/dev_ws/install/ament_cmake_copyright:/home/mondegrin/programs/slon/microros_ws/firmware/dev_ws/install/ament_cmake_clang_tidy:/home/mondegrin/programs/slon/microros_ws/firmware/dev_ws/install/ament_cmake_clang_format:/home/mondegrin/programs/slon/microros_ws/firmware/dev_ws/install/ament_cmake_test:/home/mondegrin/programs/slon/microros_ws/firmware/dev_ws/install/ament_cmake_target_dependencies:/home/mondegrin/programs/slon/microros_ws/firmware/dev_ws/install/ament_cmake_python:/home/mondegrin/programs/slon/microros_ws/firmware/dev_ws/install/ament_cmake_export_dependencies:/home/mondegrin/programs/slon/microros_ws/firmware/dev_ws/install/ament_cmake_libraries:/home/mondegrin/programs/slon/microros_ws/firmware/dev_ws/install/ament_cmake_include_directories:/home/mondegrin/programs/slon/microros_ws/firmware/dev_ws/install/ament_cmake_gen_version_h:/home/mondegrin/programs/slon/microros_ws/firmware/dev_ws/install/ament_cmake_export_targets:/home/mondegrin/programs/slon/microros_ws/firmware/dev_ws/install/ament_cmake_export_link_flags:/home/mondegrin/programs/slon/microros_ws/firmware/dev_ws/install/ament_cmake_export_interfaces:/home/mondegrin/programs/slon/microros_ws/firmware/dev_ws/install/ament_cmake_export_libraries:/home/mondegrin/programs/slon/microros_ws/firmware/dev_ws/install/ament_cmake_export_include_directories:/home/mondegrin/programs/slon/microros_ws/firmware/dev_ws/install/ament_cmake_export_definitions:/home/mondegrin/programs/slon/microros_ws/firmware/dev_ws/install/ament_cmake_core:/home/mondegrin/programs/slon/microros_ws/firmware/dev_ws/install/ament_index_cpp:/home/mondegrin/programs/slon/microros_ws/firmware/dev_ws/install/ament_uncrustify:/home/mondegrin/programs/slon/microros_ws/firmware/dev_ws/install/domain_coordinator:/home/mondegrin/programs/slon/microros_ws/firmware/dev_ws/install/ament_xmllint:/home/mondegrin/programs/slon/microros_ws/firmware/dev_ws/install/ament_pyflakes:/home/mondegrin/programs/slon/microros_ws/firmware/dev_ws/install/ament_pycodestyle:/home/mondegrin/programs/slon/microros_ws/firmware/dev_ws/install/ament_pep257:/home/mondegrin/programs/slon/microros_ws/firmware/dev_ws/install/ament_pclint:/home/mondegrin/programs/slon/microros_ws/firmware/dev_ws/install/ament_package:/home/mondegrin/programs/slon/microros_ws/firmware/dev_ws/install/ament_mypy:/home/mondegrin/programs/slon/microros_ws/firmware/dev_ws/install/ament_lint_cmake:/home/mondegrin/programs/slon/microros_ws/firmware/dev_ws/install/ament_flake8:/home/mondegrin/programs/slon/microros_ws/firmware/dev_ws/install/ament_copyright:/home/mondegrin/programs/slon/microros_ws/firmware/dev_ws/install/ament_lint:/home/mondegrin/programs/slon/microros_ws/firmware/dev_ws/install/ament_index_python:/home/mondegrin/programs/slon/microros_ws/firmware/dev_ws/install/ament_cpplint:/home/mondegrin/programs/slon/microros_ws/firmware/dev_ws/install/ament_cppcheck:/home/mondegrin/programs/slon/microros_ws/firmware/dev_ws/install/ament_clang_tidy:/home/mondegrin/programs/slon/microros_ws/firmware/dev_ws/install/ament_clang_format LD_LIBRARY_PATH=/home/mondegrin/programs/slon/microros_ws/firmware/mcu_ws/install/lib:${LD_LIBRARY_PATH} PATH=/home/mondegrin/programs/slon/microros_ws/firmware/mcu_ws/install/bin:${PATH} PYTHONPATH=/home/mondegrin/programs/slon/microros_ws/firmware/mcu_ws/install/lib/python3.10/site-packages:${PYTHONPATH} /usr/bin/cmake --install /home/mondegrin/programs/slon/microros_ws/firmware/mcu_ws/build/type_description_interfaces
[2.600s] -- Install configuration: "Debug"
[2.601s] -- Up-to-date: /home/mondegrin/programs/slon/microros_ws/firmware/mcu_ws/install/share/ament_index/resource_index/rosidl_interfaces/type_description_interfaces
[2.602s] -- Up-to-date: /home/mondegrin/programs/slon/microros_ws/firmware/mcu_ws/install/share/type_description_interfaces/msg/Field.json
[2.603s] -- Up-to-date: /home/mondegrin/programs/slon/microros_ws/firmware/mcu_ws/install/share/type_description_interfaces/msg/FieldType.json
[2.604s] -- Up-to-date: /home/mondegrin/programs/slon/microros_ws/firmware/mcu_ws/install/share/type_description_interfaces/msg/IndividualTypeDescription.json
[2.606s] -- Up-to-date: /home/mondegrin/programs/slon/microros_ws/firmware/mcu_ws/install/share/type_description_interfaces/msg/KeyValue.json
[2.606s] -- Up-to-date: /home/mondegrin/programs/slon/microros_ws/firmware/mcu_ws/install/share/type_description_interfaces/msg/TypeDescription.json
[2.607s] -- Up-to-date: /home/mondegrin/programs/slon/microros_ws/firmware/mcu_ws/install/share/type_description_interfaces/msg/TypeSource.json
[2.609s] -- Up-to-date: /home/mondegrin/programs/slon/microros_ws/firmware/mcu_ws/install/share/type_description_interfaces/srv/GetTypeDescription.json
[2.609s] -- Up-to-date: /home/mondegrin/programs/slon/microros_ws/firmware/mcu_ws/install/include/type_description_interfaces/type_description_interfaces
[2.610s] -- Up-to-date: /home/mondegrin/programs/slon/microros_ws/firmware/mcu_ws/install/include/type_description_interfaces/type_description_interfaces/msg
[2.610s] -- Up-to-date: /home/mondegrin/programs/slon/microros_ws/firmware/mcu_ws/install/include/type_description_interfaces/type_description_interfaces/msg/type_source.h
[2.612s] -- Up-to-date: /home/mondegrin/programs/slon/microros_ws/firmware/mcu_ws/install/include/type_description_interfaces/type_description_interfaces/msg/key_value.h
[2.614s] -- Up-to-date: /home/mondegrin/programs/slon/microros_ws/firmware/mcu_ws/install/include/type_description_interfaces/type_description_interfaces/msg/individual_type_description.h
[2.614s] -- Up-to-date: /home/mondegrin/programs/slon/microros_ws/firmware/mcu_ws/install/include/type_description_interfaces/type_description_interfaces/msg/field_type.h
[2.615s] -- Up-to-date: /home/mondegrin/programs/slon/microros_ws/firmware/mcu_ws/install/include/type_description_interfaces/type_description_interfaces/msg/rosidl_generator_c__visibility_control.h
[2.616s] -- Up-to-date: /home/mondegrin/programs/slon/microros_ws/firmware/mcu_ws/install/include/type_description_interfaces/type_description_interfaces/msg/field.h
[2.616s] -- Up-to-date: /home/mondegrin/programs/slon/microros_ws/firmware/mcu_ws/install/include/type_description_interfaces/type_description_interfaces/msg/detail
[2.617s] -- Up-to-date: /home/mondegrin/programs/slon/microros_ws/firmware/mcu_ws/install/include/type_description_interfaces/type_description_interfaces/msg/detail/key_value__functions.c
[2.617s] -- Up-to-date: /home/mondegrin/programs/slon/microros_ws/firmware/mcu_ws/install/include/type_description_interfaces/type_description_interfaces/msg/detail/type_description__functions.c
[2.618s] -- Up-to-date: /home/mondegrin/programs/slon/microros_ws/firmware/mcu_ws/install/include/type_description_interfaces/type_description_interfaces/msg/detail/field__type_support.h
[2.620s] -- Up-to-date: /home/mondegrin/programs/slon/microros_ws/firmware/mcu_ws/install/include/type_description_interfaces/type_description_interfaces/msg/detail/type_description__type_support.c
[2.620s] -- Up-to-date: /home/mondegrin/programs/slon/microros_ws/firmware/mcu_ws/install/include/type_description_interfaces/type_description_interfaces/msg/detail/field_type__functions.c
[2.620s] -- Up-to-date: /home/mondegrin/programs/slon/microros_ws/firmware/mcu_ws/install/include/type_description_interfaces/type_description_interfaces/msg/detail/individual_type_description__struct.h
[2.621s] -- Up-to-date: /home/mondegrin/programs/slon/microros_ws/firmware/mcu_ws/install/include/type_description_interfaces/type_description_interfaces/msg/detail/field_type__type_support.c
[2.622s] -- Up-to-date: /home/mondegrin/programs/slon/microros_ws/firmware/mcu_ws/install/include/type_description_interfaces/type_description_interfaces/msg/detail/type_description__description.c
[2.623s] -- Up-to-date: /home/mondegrin/programs/slon/microros_ws/firmware/mcu_ws/install/include/type_description_interfaces/type_description_interfaces/msg/detail/key_value__struct.h
[2.623s] -- Up-to-date: /home/mondegrin/programs/slon/microros_ws/firmware/mcu_ws/install/include/type_description_interfaces/type_description_interfaces/msg/detail/type_source__type_support.h
[2.625s] -- Up-to-date: /home/mondegrin/programs/slon/microros_ws/firmware/mcu_ws/install/include/type_description_interfaces/type_description_interfaces/msg/detail/individual_type_description__type_support.c
[2.628s] -- Up-to-date: /home/mondegrin/programs/slon/microros_ws/firmware/mcu_ws/install/include/type_description_interfaces/type_description_interfaces/msg/detail/type_source__type_support.c
[2.629s] -- Up-to-date: /home/mondegrin/programs/slon/microros_ws/firmware/mcu_ws/install/include/type_description_interfaces/type_description_interfaces/msg/detail/key_value__functions.h
[2.630s] -- Up-to-date: /home/mondegrin/programs/slon/microros_ws/firmware/mcu_ws/install/include/type_description_interfaces/type_description_interfaces/msg/detail/type_description__type_support.h
[2.632s] -- Up-to-date: /home/mondegrin/programs/slon/microros_ws/firmware/mcu_ws/install/include/type_description_interfaces/type_description_interfaces/msg/detail/field__type_support.c
[2.632s] -- Up-to-date: /home/mondegrin/programs/slon/microros_ws/firmware/mcu_ws/install/include/type_description_interfaces/type_description_interfaces/msg/detail/type_description__struct.h
[2.633s] -- Up-to-date: /home/mondegrin/programs/slon/microros_ws/firmware/mcu_ws/install/include/type_description_interfaces/type_description_interfaces/msg/detail/field__description.c
[2.633s] -- Up-to-date: /home/mondegrin/programs/slon/microros_ws/firmware/mcu_ws/install/include/type_description_interfaces/type_description_interfaces/msg/detail/key_value__type_support.h
[2.633s] -- Up-to-date: /home/mondegrin/programs/slon/microros_ws/firmware/mcu_ws/install/include/type_description_interfaces/type_description_interfaces/msg/detail/type_source__struct.h
[2.634s] -- Up-to-date: /home/mondegrin/programs/slon/microros_ws/firmware/mcu_ws/install/include/type_description_interfaces/type_description_interfaces/msg/detail/field_type__description.c
[2.637s] -- Up-to-date: /home/mondegrin/programs/slon/microros_ws/firmware/mcu_ws/install/include/type_description_interfaces/type_description_interfaces/msg/detail/type_source__functions.c
[2.638s] -- Up-to-date: /home/mondegrin/programs/slon/microros_ws/firmware/mcu_ws/install/include/type_description_interfaces/type_description_interfaces/msg/detail/individual_type_description__description.c
[2.638s] -- Up-to-date: /home/mondegrin/programs/slon/microros_ws/firmware/mcu_ws/install/include/type_description_interfaces/type_description_interfaces/msg/detail/field__functions.h
[2.639s] -- Up-to-date: /home/mondegrin/programs/slon/microros_ws/firmware/mcu_ws/install/include/type_description_interfaces/type_description_interfaces/msg/detail/individual_type_description__functions.h
[2.639s] -- Up-to-date: /home/mondegrin/programs/slon/microros_ws/firmware/mcu_ws/install/include/type_description_interfaces/type_description_interfaces/msg/detail/field_type__functions.h
[2.640s] -- Up-to-date: /home/mondegrin/programs/slon/microros_ws/firmware/mcu_ws/install/include/type_description_interfaces/type_description_interfaces/msg/detail/key_value__description.c
[2.640s] -- Up-to-date: /home/mondegrin/programs/slon/microros_ws/firmware/mcu_ws/install/include/type_description_interfaces/type_description_interfaces/msg/detail/key_value__type_support.c
[2.640s] -- Up-to-date: /home/mondegrin/programs/slon/microros_ws/firmware/mcu_ws/install/include/type_description_interfaces/type_description_interfaces/msg/detail/field__struct.h
[2.641s] -- Up-to-date: /home/mondegrin/programs/slon/microros_ws/firmware/mcu_ws/install/include/type_description_interfaces/type_description_interfaces/msg/detail/type_source__functions.h
[2.641s] -- Up-to-date: /home/mondegrin/programs/slon/microros_ws/firmware/mcu_ws/install/include/type_description_interfaces/type_description_interfaces/msg/detail/field_type__type_support.h
[2.641s] -- Up-to-date: /home/mondegrin/programs/slon/microros_ws/firmware/mcu_ws/install/include/type_description_interfaces/type_description_interfaces/msg/detail/field__functions.c
[2.641s] -- Up-to-date: /home/mondegrin/programs/slon/microros_ws/firmware/mcu_ws/install/include/type_description_interfaces/type_description_interfaces/msg/detail/individual_type_description__functions.c
[2.642s] -- Up-to-date: /home/mondegrin/programs/slon/microros_ws/firmware/mcu_ws/install/include/type_description_interfaces/type_description_interfaces/msg/detail/type_source__description.c
[2.642s] -- Up-to-date: /home/mondegrin/programs/slon/microros_ws/firmware/mcu_ws/install/include/type_description_interfaces/type_description_interfaces/msg/detail/individual_type_description__type_support.h
[2.644s] -- Up-to-date: /home/mondegrin/programs/slon/microros_ws/firmware/mcu_ws/install/include/type_description_interfaces/type_description_interfaces/msg/detail/type_description__functions.h
[2.647s] -- Up-to-date: /home/mondegrin/programs/slon/microros_ws/firmware/mcu_ws/install/include/type_description_interfaces/type_description_interfaces/msg/detail/field_type__struct.h
[2.653s] -- Up-to-date: /home/mondegrin/programs/slon/microros_ws/firmware/mcu_ws/install/include/type_description_interfaces/type_description_interfaces/msg/type_description.h
[2.653s] -- Up-to-date: /home/mondegrin/programs/slon/microros_ws/firmware/mcu_ws/install/include/type_description_interfaces/type_description_interfaces/srv
[2.654s] -- Up-to-date: /home/mondegrin/programs/slon/microros_ws/firmware/mcu_ws/install/include/type_description_interfaces/type_description_interfaces/srv/get_type_description.h
[2.654s] -- Up-to-date: /home/mondegrin/programs/slon/microros_ws/firmware/mcu_ws/install/include/type_description_interfaces/type_description_interfaces/srv/detail
[2.655s] -- Up-to-date: /home/mondegrin/programs/slon/microros_ws/firmware/mcu_ws/install/include/type_description_interfaces/type_description_interfaces/srv/detail/get_type_description__description.c
[2.655s] -- Up-to-date: /home/mondegrin/programs/slon/microros_ws/firmware/mcu_ws/install/include/type_description_interfaces/type_description_interfaces/srv/detail/get_type_description__type_support.h
[2.655s] -- Up-to-date: /home/mondegrin/programs/slon/microros_ws/firmware/mcu_ws/install/include/type_description_interfaces/type_description_interfaces/srv/detail/get_type_description__type_support.c
[2.655s] -- Up-to-date: /home/mondegrin/programs/slon/microros_ws/firmware/mcu_ws/install/include/type_description_interfaces/type_description_interfaces/srv/detail/get_type_description__functions.h
[2.656s] -- Up-to-date: /home/mondegrin/programs/slon/microros_ws/firmware/mcu_ws/install/include/type_description_interfaces/type_description_interfaces/srv/detail/get_type_description__struct.h
[2.656s] -- Up-to-date: /home/mondegrin/programs/slon/microros_ws/firmware/mcu_ws/install/include/type_description_interfaces/type_description_interfaces/srv/detail/get_type_description__functions.c
[2.656s] -- Up-to-date: /home/mondegrin/programs/slon/microros_ws/firmware/mcu_ws/install/share/type_description_interfaces/environment/library_path.sh
[2.657s] -- Up-to-date: /home/mondegrin/programs/slon/microros_ws/firmware/mcu_ws/install/share/type_description_interfaces/environment/library_path.dsv
[2.657s] -- Up-to-date: /home/mondegrin/programs/slon/microros_ws/firmware/mcu_ws/install/lib/libtype_description_interfaces__rosidl_generator_c.a
[2.657s] -- Up-to-date: /home/mondegrin/programs/slon/microros_ws/firmware/mcu_ws/install/include/type_description_interfaces/type_description_interfaces
[2.658s] -- Up-to-date: /home/mondegrin/programs/slon/microros_ws/firmware/mcu_ws/install/include/type_description_interfaces/type_description_interfaces/msg
[2.658s] -- Up-to-date: /home/mondegrin/programs/slon/microros_ws/firmware/mcu_ws/install/include/type_description_interfaces/type_description_interfaces/msg/rosidl_typesupport_introspection_c__visibility_control.h
[2.658s] -- Up-to-date: /home/mondegrin/programs/slon/microros_ws/firmware/mcu_ws/install/include/type_description_interfaces/type_description_interfaces/msg/detail
[2.658s] -- Up-to-date: /home/mondegrin/programs/slon/microros_ws/firmware/mcu_ws/install/include/type_description_interfaces/type_description_interfaces/msg/detail/key_value__rosidl_typesupport_introspection_c.h
[2.659s] -- Up-to-date: /home/mondegrin/programs/slon/microros_ws/firmware/mcu_ws/install/include/type_description_interfaces/type_description_interfaces/msg/detail/type_description__type_support.c
[2.659s] -- Up-to-date: /home/mondegrin/programs/slon/microros_ws/firmware/mcu_ws/install/include/type_description_interfaces/type_description_interfaces/msg/detail/type_description__rosidl_typesupport_introspection_c.h
[2.660s] -- Up-to-date: /home/mondegrin/programs/slon/microros_ws/firmware/mcu_ws/install/include/type_description_interfaces/type_description_interfaces/msg/detail/field_type__type_support.c
[2.660s] -- Up-to-date: /home/mondegrin/programs/slon/microros_ws/firmware/mcu_ws/install/include/type_description_interfaces/type_description_interfaces/msg/detail/individual_type_description__type_support.c
[2.661s] -- Up-to-date: /home/mondegrin/programs/slon/microros_ws/firmware/mcu_ws/install/include/type_description_interfaces/type_description_interfaces/msg/detail/type_source__type_support.c
[2.662s] -- Up-to-date: /home/mondegrin/programs/slon/microros_ws/firmware/mcu_ws/install/include/type_description_interfaces/type_description_interfaces/msg/detail/field__type_support.c
[2.662s] -- Up-to-date: /home/mondegrin/programs/slon/microros_ws/firmware/mcu_ws/install/include/type_description_interfaces/type_description_interfaces/msg/detail/field__rosidl_typesupport_introspection_c.h
[2.662s] -- Up-to-date: /home/mondegrin/programs/slon/microros_ws/firmware/mcu_ws/install/include/type_description_interfaces/type_description_interfaces/msg/detail/type_source__rosidl_typesupport_introspection_c.h
[2.662s] -- Up-to-date: /home/mondegrin/programs/slon/microros_ws/firmware/mcu_ws/install/include/type_description_interfaces/type_description_interfaces/msg/detail/key_value__type_support.c
[2.663s] -- Up-to-date: /home/mondegrin/programs/slon/microros_ws/firmware/mcu_ws/install/include/type_description_interfaces/type_description_interfaces/msg/detail/individual_type_description__rosidl_typesupport_introspection_c.h
[2.663s] -- Up-to-date: /home/mondegrin/programs/slon/microros_ws/firmware/mcu_ws/install/include/type_description_interfaces/type_description_interfaces/msg/detail/field_type__rosidl_typesupport_introspection_c.h
[2.663s] -- Up-to-date: /home/mondegrin/programs/slon/microros_ws/firmware/mcu_ws/install/include/type_description_interfaces/type_description_interfaces/srv
[2.664s] -- Up-to-date: /home/mondegrin/programs/slon/microros_ws/firmware/mcu_ws/install/include/type_description_interfaces/type_description_interfaces/srv/detail
[2.664s] -- Up-to-date: /home/mondegrin/programs/slon/microros_ws/firmware/mcu_ws/install/include/type_description_interfaces/type_description_interfaces/srv/detail/get_type_description__type_support.c
[2.673s] -- Up-to-date: /home/mondegrin/programs/slon/microros_ws/firmware/mcu_ws/install/include/type_description_interfaces/type_description_interfaces/srv/detail/get_type_description__rosidl_typesupport_introspection_c.h
[2.675s] -- Up-to-date: /home/mondegrin/programs/slon/microros_ws/firmware/mcu_ws/install/lib/libtype_description_interfaces__rosidl_typesupport_introspection_c.a
[2.675s] -- Up-to-date: /home/mondegrin/programs/slon/microros_ws/firmware/mcu_ws/install/include/type_description_interfaces
[2.675s] -- Up-to-date: /home/mondegrin/programs/slon/microros_ws/firmware/mcu_ws/install/include/type_description_interfaces/msg
[2.676s] -- Up-to-date: /home/mondegrin/programs/slon/microros_ws/firmware/mcu_ws/install/include/type_description_interfaces/msg/rosidl_typesupport_microxrcedds_c__visibility_control.h
[2.676s] -- Up-to-date: /home/mondegrin/programs/slon/microros_ws/firmware/mcu_ws/install/include/type_description_interfaces/msg/detail
[2.676s] -- Up-to-date: /home/mondegrin/programs/slon/microros_ws/firmware/mcu_ws/install/include/type_description_interfaces/msg/detail/type_source__rosidl_typesupport_microxrcedds_c.h
[2.676s] -- Up-to-date: /home/mondegrin/programs/slon/microros_ws/firmware/mcu_ws/install/include/type_description_interfaces/msg/detail/microxrcedds
[2.677s] -- Up-to-date: /home/mondegrin/programs/slon/microros_ws/firmware/mcu_ws/install/include/type_description_interfaces/msg/detail/field__rosidl_typesupport_microxrcedds_c.h
[2.677s] -- Up-to-date: /home/mondegrin/programs/slon/microros_ws/firmware/mcu_ws/install/include/type_description_interfaces/msg/detail/key_value__rosidl_typesupport_microxrcedds_c.h
[2.677s] -- Up-to-date: /home/mondegrin/programs/slon/microros_ws/firmware/mcu_ws/install/include/type_description_interfaces/msg/detail/type_description__rosidl_typesupport_microxrcedds_c.h
[2.677s] -- Up-to-date: /home/mondegrin/programs/slon/microros_ws/firmware/mcu_ws/install/include/type_description_interfaces/msg/detail/individual_type_description__rosidl_typesupport_microxrcedds_c.h
[2.678s] -- Up-to-date: /home/mondegrin/programs/slon/microros_ws/firmware/mcu_ws/install/include/type_description_interfaces/msg/detail/field_type__rosidl_typesupport_microxrcedds_c.h
[2.678s] -- Up-to-date: /home/mondegrin/programs/slon/microros_ws/firmware/mcu_ws/install/include/type_description_interfaces/srv
[2.678s] -- Up-to-date: /home/mondegrin/programs/slon/microros_ws/firmware/mcu_ws/install/include/type_description_interfaces/srv/detail
[2.678s] -- Up-to-date: /home/mondegrin/programs/slon/microros_ws/firmware/mcu_ws/install/include/type_description_interfaces/srv/detail/microxrcedds
[2.679s] -- Up-to-date: /home/mondegrin/programs/slon/microros_ws/firmware/mcu_ws/install/include/type_description_interfaces/srv/detail/get_type_description__rosidl_typesupport_microxrcedds_c.h
[2.679s] -- Up-to-date: /home/mondegrin/programs/slon/microros_ws/firmware/mcu_ws/install/lib/libtype_description_interfaces__rosidl_typesupport_microxrcedds_c.a
[2.679s] -- Up-to-date: /home/mondegrin/programs/slon/microros_ws/firmware/mcu_ws/install/lib/libtype_description_interfaces__rosidl_typesupport_c.a
[2.680s] -- Up-to-date: /home/mondegrin/programs/slon/microros_ws/firmware/mcu_ws/install/share/type_description_interfaces/msg/Field.idl
[2.680s] -- Up-to-date: /home/mondegrin/programs/slon/microros_ws/firmware/mcu_ws/install/share/type_description_interfaces/msg/FieldType.idl
[2.680s] -- Up-to-date: /home/mondegrin/programs/slon/microros_ws/firmware/mcu_ws/install/share/type_description_interfaces/msg/IndividualTypeDescription.idl
[2.680s] -- Up-to-date: /home/mondegrin/programs/slon/microros_ws/firmware/mcu_ws/install/share/type_description_interfaces/msg/KeyValue.idl
[2.681s] -- Up-to-date: /home/mondegrin/programs/slon/microros_ws/firmware/mcu_ws/install/share/type_description_interfaces/msg/TypeDescription.idl
[2.681s] -- Up-to-date: /home/mondegrin/programs/slon/microros_ws/firmware/mcu_ws/install/share/type_description_interfaces/msg/TypeSource.idl
[2.682s] -- Up-to-date: /home/mondegrin/programs/slon/microros_ws/firmware/mcu_ws/install/share/type_description_interfaces/srv/GetTypeDescription.idl
[2.683s] -- Up-to-date: /home/mondegrin/programs/slon/microros_ws/firmware/mcu_ws/install/share/type_description_interfaces/msg/Field.msg
[2.683s] -- Up-to-date: /home/mondegrin/programs/slon/microros_ws/firmware/mcu_ws/install/share/type_description_interfaces/msg/FieldType.msg
[2.683s] -- Up-to-date: /home/mondegrin/programs/slon/microros_ws/firmware/mcu_ws/install/share/type_description_interfaces/msg/IndividualTypeDescription.msg
[2.683s] -- Up-to-date: /home/mondegrin/programs/slon/microros_ws/firmware/mcu_ws/install/share/type_description_interfaces/msg/KeyValue.msg
[2.684s] -- Up-to-date: /home/mondegrin/programs/slon/microros_ws/firmware/mcu_ws/install/share/type_description_interfaces/msg/TypeDescription.msg
[2.684s] -- Up-to-date: /home/mondegrin/programs/slon/microros_ws/firmware/mcu_ws/install/share/type_description_interfaces/msg/TypeSource.msg
[2.685s] -- Up-to-date: /home/mondegrin/programs/slon/microros_ws/firmware/mcu_ws/install/share/type_description_interfaces/srv/GetTypeDescription.srv
[2.685s] -- Up-to-date: /home/mondegrin/programs/slon/microros_ws/firmware/mcu_ws/install/share/type_description_interfaces/srv/GetTypeDescription_Request.msg
[2.685s] -- Up-to-date: /home/mondegrin/programs/slon/microros_ws/firmware/mcu_ws/install/share/type_description_interfaces/srv/GetTypeDescription_Response.msg
[2.685s] -- Up-to-date: /home/mondegrin/programs/slon/microros_ws/firmware/mcu_ws/install/share/ament_index/resource_index/package_run_dependencies/type_description_interfaces
[2.686s] -- Up-to-date: /home/mondegrin/programs/slon/microros_ws/firmware/mcu_ws/install/share/ament_index/resource_index/parent_prefix_path/type_description_interfaces
[2.686s] -- Up-to-date: /home/mondegrin/programs/slon/microros_ws/firmware/mcu_ws/install/share/type_description_interfaces/environment/ament_prefix_path.sh
[2.686s] -- Up-to-date: /home/mondegrin/programs/slon/microros_ws/firmware/mcu_ws/install/share/type_description_interfaces/environment/ament_prefix_path.dsv
[2.686s] -- Up-to-date: /home/mondegrin/programs/slon/microros_ws/firmware/mcu_ws/install/share/type_description_interfaces/environment/path.sh
[2.687s] -- Up-to-date: /home/mondegrin/programs/slon/microros_ws/firmware/mcu_ws/install/share/type_description_interfaces/environment/path.dsv
[2.687s] -- Up-to-date: /home/mondegrin/programs/slon/microros_ws/firmware/mcu_ws/install/share/type_description_interfaces/local_setup.bash
[2.687s] -- Up-to-date: /home/mondegrin/programs/slon/microros_ws/firmware/mcu_ws/install/share/type_description_interfaces/local_setup.sh
[2.688s] -- Up-to-date: /home/mondegrin/programs/slon/microros_ws/firmware/mcu_ws/install/share/type_description_interfaces/local_setup.zsh
[2.690s] -- Up-to-date: /home/mondegrin/programs/slon/microros_ws/firmware/mcu_ws/install/share/type_description_interfaces/local_setup.dsv
[2.690s] -- Installing: /home/mondegrin/programs/slon/microros_ws/firmware/mcu_ws/install/share/type_description_interfaces/package.dsv
[2.698s] -- Up-to-date: /home/mondegrin/programs/slon/microros_ws/firmware/mcu_ws/install/share/ament_index/resource_index/packages/type_description_interfaces
[2.699s] -- Up-to-date: /home/mondegrin/programs/slon/microros_ws/firmware/mcu_ws/install/share/type_description_interfaces/cmake/export_type_description_interfaces__rosidl_generator_cExport.cmake
[2.700s] -- Up-to-date: /home/mondegrin/programs/slon/microros_ws/firmware/mcu_ws/install/share/type_description_interfaces/cmake/export_type_description_interfaces__rosidl_generator_cExport-debug.cmake
[2.701s] -- Up-to-date: /home/mondegrin/programs/slon/microros_ws/firmware/mcu_ws/install/share/type_description_interfaces/cmake/type_description_interfaces__rosidl_typesupport_introspection_cExport.cmake
[2.701s] -- Up-to-date: /home/mondegrin/programs/slon/microros_ws/firmware/mcu_ws/install/share/type_description_interfaces/cmake/type_description_interfaces__rosidl_typesupport_introspection_cExport-debug.cmake
[2.701s] -- Up-to-date: /home/mondegrin/programs/slon/microros_ws/firmware/mcu_ws/install/share/type_description_interfaces/cmake/type_description_interfaces__rosidl_typesupport_cExport.cmake
[2.701s] -- Up-to-date: /home/mondegrin/programs/slon/microros_ws/firmware/mcu_ws/install/share/type_description_interfaces/cmake/type_description_interfaces__rosidl_typesupport_cExport-debug.cmake
[2.702s] -- Up-to-date: /home/mondegrin/programs/slon/microros_ws/firmware/mcu_ws/install/share/type_description_interfaces/cmake/rosidl_cmake-extras.cmake
[2.702s] -- Up-to-date: /home/mondegrin/programs/slon/microros_ws/firmware/mcu_ws/install/share/type_description_interfaces/cmake/ament_cmake_export_dependencies-extras.cmake
[2.702s] -- Up-to-date: /home/mondegrin/programs/slon/microros_ws/firmware/mcu_ws/install/share/type_description_interfaces/cmake/ament_cmake_export_include_directories-extras.cmake
[2.704s] -- Up-to-date: /home/mondegrin/programs/slon/microros_ws/firmware/mcu_ws/install/share/type_description_interfaces/cmake/ament_cmake_export_libraries-extras.cmake
[2.704s] -- Up-to-date: /home/mondegrin/programs/slon/microros_ws/firmware/mcu_ws/install/share/type_description_interfaces/cmake/ament_cmake_export_targets-extras.cmake
[2.705s] -- Up-to-date: /home/mondegrin/programs/slon/microros_ws/firmware/mcu_ws/install/share/type_description_interfaces/cmake/rosidl_cmake_export_typesupport_targets-extras.cmake
[2.705s] -- Up-to-date: /home/mondegrin/programs/slon/microros_ws/firmware/mcu_ws/install/share/type_description_interfaces/cmake/rosidl_cmake_export_typesupport_libraries-extras.cmake
[2.705s] -- Up-to-date: /home/mondegrin/programs/slon/microros_ws/firmware/mcu_ws/install/share/type_description_interfaces/cmake/type_description_interfacesConfig.cmake
[2.706s] -- Up-to-date: /home/mondegrin/programs/slon/microros_ws/firmware/mcu_ws/install/share/type_description_interfaces/cmake/type_description_interfacesConfig-version.cmake
[2.706s] -- Up-to-date: /home/mondegrin/programs/slon/microros_ws/firmware/mcu_ws/install/share/type_description_interfaces/package.xml
[2.706s] Invoked command in '/home/mondegrin/programs/slon/microros_ws/firmware/mcu_ws/build/type_description_interfaces' returned '0': AMENT_PREFIX_PATH=/home/mondegrin/programs/slon/microros_ws/firmware/mcu_ws/install:${AMENT_PREFIX_PATH} CMAKE_PREFIX_PATH=/home/mondegrin/programs/slon/microros_ws/firmware/mcu_ws/install:/home/mondegrin/programs/slon/microros_ws/firmware/dev_ws/install/ament_lint_common:/home/mondegrin/programs/slon/microros_ws/firmware/dev_ws/install/ament_cmake_uncrustify:/home/mondegrin/programs/slon/microros_ws/firmware/dev_ws/install/uncrustify_vendor:/home/mondegrin/programs/slon/microros_ws/firmware/dev_ws/install/ament_cmake_ros:/home/mondegrin/programs/slon/microros_ws/firmware/dev_ws/install/ament_cmake_gmock:/home/mondegrin/programs/slon/microros_ws/firmware/dev_ws/install/gmock_vendor:/home/mondegrin/programs/slon/microros_ws/firmware/dev_ws/install/ament_cmake_auto:/home/mondegrin/programs/slon/microros_ws/firmware/dev_ws/install/ament_cmake_gtest:/home/mondegrin/programs/slon/microros_ws/firmware/dev_ws/install/gtest_vendor:/home/mondegrin/programs/slon/microros_ws/firmware/dev_ws/install/ament_cmake_xmllint:/home/mondegrin/programs/slon/microros_ws/firmware/dev_ws/install/ament_cmake_pyflakes:/home/mondegrin/programs/slon/microros_ws/firmware/dev_ws/install/ament_cmake_pycodestyle:/home/mondegrin/programs/slon/microros_ws/firmware/dev_ws/install/ament_cmake_pep257:/home/mondegrin/programs/slon/microros_ws/firmware/dev_ws/install/ament_cmake_pclint:/home/mondegrin/programs/slon/microros_ws/firmware/dev_ws/install/ament_lint_auto:/home/mondegrin/programs/slon/microros_ws/firmware/dev_ws/install/ament_cmake:/home/mondegrin/programs/slon/microros_ws/firmware/dev_ws/install/ament_cmake_version:/home/mondegrin/programs/slon/microros_ws/firmware/dev_ws/install/ament_cmake_vendor_package:/home/mondegrin/programs/slon/microros_ws/firmware/dev_ws/install/ament_cmake_pytest:/home/mondegrin/programs/slon/microros_ws/firmware/dev_ws/install/ament_cmake_mypy:/home/mondegrin/programs/slon/microros_ws/firmware/dev_ws/install/ament_cmake_lint_cmake:/home/mondegrin/programs/slon/microros_ws/firmware/dev_ws/install/ament_cmake_google_benchmark:/home/mondegrin/programs/slon/microros_ws/firmware/dev_ws/install/ament_cmake_flake8:/home/mondegrin/programs/slon/microros_ws/firmware/dev_ws/install/ament_cmake_cpplint:/home/mondegrin/programs/slon/microros_ws/firmware/dev_ws/install/ament_cmake_cppcheck:/home/mondegrin/programs/slon/microros_ws/firmware/dev_ws/install/ament_cmake_copyright:/home/mondegrin/programs/slon/microros_ws/firmware/dev_ws/install/ament_cmake_clang_tidy:/home/mondegrin/programs/slon/microros_ws/firmware/dev_ws/install/ament_cmake_clang_format:/home/mondegrin/programs/slon/microros_ws/firmware/dev_ws/install/ament_cmake_test:/home/mondegrin/programs/slon/microros_ws/firmware/dev_ws/install/ament_cmake_target_dependencies:/home/mondegrin/programs/slon/microros_ws/firmware/dev_ws/install/ament_cmake_python:/home/mondegrin/programs/slon/microros_ws/firmware/dev_ws/install/ament_cmake_export_dependencies:/home/mondegrin/programs/slon/microros_ws/firmware/dev_ws/install/ament_cmake_libraries:/home/mondegrin/programs/slon/microros_ws/firmware/dev_ws/install/ament_cmake_include_directories:/home/mondegrin/programs/slon/microros_ws/firmware/dev_ws/install/ament_cmake_gen_version_h:/home/mondegrin/programs/slon/microros_ws/firmware/dev_ws/install/ament_cmake_export_targets:/home/mondegrin/programs/slon/microros_ws/firmware/dev_ws/install/ament_cmake_export_link_flags:/home/mondegrin/programs/slon/microros_ws/firmware/dev_ws/install/ament_cmake_export_interfaces:/home/mondegrin/programs/slon/microros_ws/firmware/dev_ws/install/ament_cmake_export_libraries:/home/mondegrin/programs/slon/microros_ws/firmware/dev_ws/install/ament_cmake_export_include_directories:/home/mondegrin/programs/slon/microros_ws/firmware/dev_ws/install/ament_cmake_export_definitions:/home/mondegrin/programs/slon/microros_ws/firmware/dev_ws/install/ament_cmake_core:/home/mondegrin/programs/slon/microros_ws/firmware/dev_ws/install/ament_index_cpp:/home/mondegrin/programs/slon/microros_ws/firmware/dev_ws/install/ament_uncrustify:/home/mondegrin/programs/slon/microros_ws/firmware/dev_ws/install/domain_coordinator:/home/mondegrin/programs/slon/microros_ws/firmware/dev_ws/install/ament_xmllint:/home/mondegrin/programs/slon/microros_ws/firmware/dev_ws/install/ament_pyflakes:/home/mondegrin/programs/slon/microros_ws/firmware/dev_ws/install/ament_pycodestyle:/home/mondegrin/programs/slon/microros_ws/firmware/dev_ws/install/ament_pep257:/home/mondegrin/programs/slon/microros_ws/firmware/dev_ws/install/ament_pclint:/home/mondegrin/programs/slon/microros_ws/firmware/dev_ws/install/ament_package:/home/mondegrin/programs/slon/microros_ws/firmware/dev_ws/install/ament_mypy:/home/mondegrin/programs/slon/microros_ws/firmware/dev_ws/install/ament_lint_cmake:/home/mondegrin/programs/slon/microros_ws/firmware/dev_ws/install/ament_flake8:/home/mondegrin/programs/slon/microros_ws/firmware/dev_ws/install/ament_copyright:/home/mondegrin/programs/slon/microros_ws/firmware/dev_ws/install/ament_lint:/home/mondegrin/programs/slon/microros_ws/firmware/dev_ws/install/ament_index_python:/home/mondegrin/programs/slon/microros_ws/firmware/dev_ws/install/ament_cpplint:/home/mondegrin/programs/slon/microros_ws/firmware/dev_ws/install/ament_cppcheck:/home/mondegrin/programs/slon/microros_ws/firmware/dev_ws/install/ament_clang_tidy:/home/mondegrin/programs/slon/microros_ws/firmware/dev_ws/install/ament_clang_format LD_LIBRARY_PATH=/home/mondegrin/programs/slon/microros_ws/firmware/mcu_ws/install/lib:${LD_LIBRARY_PATH} PATH=/home/mondegrin/programs/slon/microros_ws/firmware/mcu_ws/install/bin:${PATH} PYTHONPATH=/home/mondegrin/programs/slon/microros_ws/firmware/mcu_ws/install/lib/python3.10/site-packages:${PYTHONPATH} /usr/bin/cmake --install /home/mondegrin/programs/slon/microros_ws/firmware/mcu_ws/build/type_description_interfaces
