gmake[4]: Entering directory '/home/mondegrin/programs/slon/microros_ws/firmware/mcu_ws/build/gps'
/usr/bin/cmake -S/home/mondegrin/programs/slon/microros_ws/firmware/mcu_ws/gps -B/home/mondegrin/programs/slon/microros_ws/firmware/mcu_ws/build/gps --check-build-system CMakeFiles/Makefile.cmake 0
Re-run cmake file: Makefile older than: /home/mondegrin/programs/slon/microros_ws/firmware/freertos_apps/microros_esp32_extensions/esp32_toolchain.cmake
-- Found ament_cmake: 2.0.3 (/home/mondegrin/programs/slon/microros_ws/firmware/dev_ws/install/ament_cmake/share/ament_cmake/cmake)
-- Found std_msgs: 5.0.0 (/home/mondegrin/programs/slon/microros_ws/firmware/mcu_ws/install/share/std_msgs/cmake)
-- Using all available rosidl_typesupport_c: rosidl_typesupport_introspection_c;rosidl_typesupport_microxrcedds_c
-- Found rosidl_adapter: 4.0.1 (/home/mondegrin/programs/slon/microros_ws/firmware/mcu_ws/install/share/rosidl_adapter/cmake)
-- Found std_srvs: 5.0.0 (/home/mondegrin/programs/slon/microros_ws/firmware/mcu_ws/install/share/std_srvs/cmake)
-- Found rosidl_default_generators: 1.5.0 (/home/mondegrin/programs/slon/microros_ws/firmware/mcu_ws/install/share/rosidl_default_generators/cmake)
-- Found ament_cmake_ros: 0.11.2 (/home/mondegrin/programs/slon/microros_ws/firmware/dev_ws/install/ament_cmake_ros/share/ament_cmake_ros/cmake)
-- Using all available rosidl_typesupport_c: rosidl_typesupport_introspection_c;rosidl_typesupport_microxrcedds_c
-- Configuring done
-- Generating done
-- Build files have been written to: /home/mondegrin/programs/slon/microros_ws/firmware/mcu_ws/build/gps
/usr/bin/cmake -E cmake_progress_start /home/mondegrin/programs/slon/microros_ws/firmware/mcu_ws/build/gps/CMakeFiles /home/mondegrin/programs/slon/microros_ws/firmware/mcu_ws/build/gps//CMakeFiles/progress.marks
/usr/bin/gmake  -f CMakeFiles/Makefile2 all
gmake[5]: Entering directory '/home/mondegrin/programs/slon/microros_ws/firmware/mcu_ws/build/gps'
/usr/bin/gmake  -f CMakeFiles/gps__rosidl_generator_type_description.dir/build.make CMakeFiles/gps__rosidl_generator_type_description.dir/depend
gmake[6]: Entering directory '/home/mondegrin/programs/slon/microros_ws/firmware/mcu_ws/build/gps'
cd /home/mondegrin/programs/slon/microros_ws/firmware/mcu_ws/build/gps && /usr/bin/cmake -E cmake_depends "Unix Makefiles" /home/mondegrin/programs/slon/microros_ws/firmware/mcu_ws/gps /home/mondegrin/programs/slon/microros_ws/firmware/mcu_ws/gps /home/mondegrin/programs/slon/microros_ws/firmware/mcu_ws/build/gps /home/mondegrin/programs/slon/microros_ws/firmware/mcu_ws/build/gps /home/mondegrin/programs/slon/microros_ws/firmware/mcu_ws/build/gps/CMakeFiles/gps__rosidl_generator_type_description.dir/DependInfo.cmake --color=
gmake[6]: Leaving directory '/home/mondegrin/programs/slon/microros_ws/firmware/mcu_ws/build/gps'
/usr/bin/gmake  -f CMakeFiles/gps__rosidl_generator_type_description.dir/build.make CMakeFiles/gps__rosidl_generator_type_description.dir/build
gmake[6]: Entering directory '/home/mondegrin/programs/slon/microros_ws/firmware/mcu_ws/build/gps'
gmake[6]: Nothing to be done for 'CMakeFiles/gps__rosidl_generator_type_description.dir/build'.
gmake[6]: Leaving directory '/home/mondegrin/programs/slon/microros_ws/firmware/mcu_ws/build/gps'
[  6%] Built target gps__rosidl_generator_type_description
/usr/bin/gmake  -f CMakeFiles/gps__rosidl_generator_c.dir/build.make CMakeFiles/gps__rosidl_generator_c.dir/depend
gmake[6]: Entering directory '/home/mondegrin/programs/slon/microros_ws/firmware/mcu_ws/build/gps'
cd /home/mondegrin/programs/slon/microros_ws/firmware/mcu_ws/build/gps && /usr/bin/cmake -E cmake_depends "Unix Makefiles" /home/mondegrin/programs/slon/microros_ws/firmware/mcu_ws/gps /home/mondegrin/programs/slon/microros_ws/firmware/mcu_ws/gps /home/mondegrin/programs/slon/microros_ws/firmware/mcu_ws/build/gps /home/mondegrin/programs/slon/microros_ws/firmware/mcu_ws/build/gps /home/mondegrin/programs/slon/microros_ws/firmware/mcu_ws/build/gps/CMakeFiles/gps__rosidl_generator_c.dir/DependInfo.cmake --color=
Dependencies file "CMakeFiles/gps__rosidl_generator_c.dir/rosidl_generator_c/gps/msg/detail/gps__description.c.obj.d" is newer than depends file "/home/mondegrin/programs/slon/microros_ws/firmware/mcu_ws/build/gps/CMakeFiles/gps__rosidl_generator_c.dir/compiler_depend.internal".
Dependencies file "CMakeFiles/gps__rosidl_generator_c.dir/rosidl_generator_c/gps/msg/detail/gps__functions.c.obj.d" is newer than depends file "/home/mondegrin/programs/slon/microros_ws/firmware/mcu_ws/build/gps/CMakeFiles/gps__rosidl_generator_c.dir/compiler_depend.internal".
Dependencies file "CMakeFiles/gps__rosidl_generator_c.dir/rosidl_generator_c/gps/msg/detail/gps__type_support.c.obj.d" is newer than depends file "/home/mondegrin/programs/slon/microros_ws/firmware/mcu_ws/build/gps/CMakeFiles/gps__rosidl_generator_c.dir/compiler_depend.internal".
[35m[1mConsolidate compiler generated dependencies of target gps__rosidl_generator_c[0m
gmake[6]: Leaving directory '/home/mondegrin/programs/slon/microros_ws/firmware/mcu_ws/build/gps'
/usr/bin/gmake  -f CMakeFiles/gps__rosidl_generator_c.dir/build.make CMakeFiles/gps__rosidl_generator_c.dir/build
gmake[6]: Entering directory '/home/mondegrin/programs/slon/microros_ws/firmware/mcu_ws/build/gps'
[ 13%] [32mBuilding C object CMakeFiles/gps__rosidl_generator_c.dir/rosidl_generator_c/gps/msg/detail/gps__description.c.obj[0m
/home/mondegrin/programs/slon/microros_ws/firmware/toolchain/espressif/tools/xtensa-esp32-elf/esp-2020r2-8.2.0/xtensa-esp32-elf/bin/xtensa-esp32-elf-gcc -DLWIP_IPV4 -DLWIP_IPV6 -DROS_PACKAGE_NAME=\"gps\" -I/home/mondegrin/programs/slon/microros_ws/firmware/freertos_apps/microros_esp32_extensions/build/config -I/home/mondegrin/programs/slon/microros_ws/firmware/toolchain/esp-idf/components/newlib/platform_include -I/home/mondegrin/programs/slon/microros_ws/firmware/toolchain/esp-idf/components/protocomm/include -I/home/mondegrin/programs/slon/microros_ws/firmware/toolchain/esp-idf/components/esp_rom/include -I/home/mondegrin/programs/slon/microros_ws/firmware/toolchain/esp-idf/components/driver/include -I/home/mondegrin/programs/slon/microros_ws/firmware/toolchain/esp-idf/components/wear_levelling/include -I/home/mondegrin/programs/slon/microros_ws/firmware/toolchain/esp-idf/components/vfs/include -I/home/mondegrin/programs/slon/microros_ws/firmware/toolchain/esp-idf/components/log/include -I/home/mondegrin/programs/slon/microros_ws/firmware/toolchain/esp-idf/components/freertos/include -I/home/mondegrin/programs/slon/microros_ws/firmware/toolchain/esp-idf/components/wifi_provisioning/include -I/home/mondegrin/programs/slon/microros_ws/firmware/toolchain/esp-idf/components/pthread/include -I/home/mondegrin/programs/slon/microros_ws/firmware/toolchain/esp-idf/components/libsodium/libsodium/src/libsodium/include -I/home/mondegrin/programs/slon/microros_ws/firmware/toolchain/esp-idf/components/coap/port/include -I/home/mondegrin/programs/slon/microros_ws/firmware/toolchain/esp-idf/components/coap/libcoap/include -I/home/mondegrin/programs/slon/microros_ws/firmware/toolchain/esp-idf/components/tcp_transport/include -I/home/mondegrin/programs/slon/microros_ws/firmware/toolchain/esp-idf/components/unity/include -I/home/mondegrin/programs/slon/microros_ws/firmware/toolchain/esp-idf/components/esp32/include -I/home/mondegrin/programs/slon/microros_ws/firmware/toolchain/esp-idf/components/asio/port/include -I/home/mondegrin/programs/slon/microros_ws/firmware/toolchain/esp-idf/components/asio/asio/asio/include -I/home/mondegrin/programs/slon/microros_ws/firmware/toolchain/esp-idf/components/app_update/include -I/home/mondegrin/programs/slon/microros_ws/firmware/toolchain/esp-idf/components/esp_ringbuf/include -I/home/mondegrin/programs/slon/microros_ws/firmware/toolchain/esp-idf/components/soc/esp32/include -I/home/mondegrin/programs/slon/microros_ws/firmware/toolchain/esp-idf/components/soc/include -I/home/mondegrin/programs/slon/microros_ws/firmware/toolchain/esp-idf/components/efuse/test/include -I/home/mondegrin/programs/slon/microros_ws/firmware/toolchain/esp-idf/components/efuse/esp32/include -I/home/mondegrin/programs/slon/microros_ws/firmware/toolchain/esp-idf/components/efuse/include -I/home/mondegrin/programs/slon/microros_ws/firmware/toolchain/esp-idf/components/mbedtls/port/include -I/home/mondegrin/programs/slon/microros_ws/firmware/toolchain/esp-idf/components/mbedtls/mbedtls/include -I/home/mondegrin/programs/slon/microros_ws/firmware/toolchain/esp-idf/components/xtensa/esp32/include -I/home/mondegrin/programs/slon/microros_ws/firmware/toolchain/esp-idf/components/xtensa/include -I/home/mondegrin/programs/slon/microros_ws/firmware/toolchain/esp-idf/components/app_trace/include -I/home/mondegrin/programs/slon/microros_ws/firmware/toolchain/esp-idf/components/nvs_flash/include -I/home/mondegrin/programs/slon/microros_ws/firmware/toolchain/esp-idf/components/jsmn/include -I/home/mondegrin/programs/slon/microros_ws/firmware/toolchain/esp-idf/components/esp_eth/include -I/home/mondegrin/programs/slon/microros_ws/firmware/toolchain/esp-idf/components/spiffs/include -I/home/mondegrin/programs/slon/microros_ws/firmware/toolchain/esp-idf/components/ulp/include -I/home/mondegrin/programs/slon/microros_ws/firmware/toolchain/esp-idf/components/mdns/include -I/home/mondegrin/programs/slon/microros_ws/firmware/toolchain/esp-idf/components/freemodbus/modbus/include -I/home/mondegrin/programs/slon/microros_ws/firmware/toolchain/esp-idf/components/freemodbus/common/include -I/home/mondegrin/programs/slon/microros_ws/firmware/toolchain/esp-idf/components/esp_event/include -I/home/mondegrin/programs/slon/microros_ws/firmware/toolchain/esp-idf/components/expat/port/include -I/home/mondegrin/programs/slon/microros_ws/firmware/toolchain/esp-idf/components/bootloader_support/include -I/home/mondegrin/programs/slon/microros_ws/firmware/toolchain/esp-idf/components/heap/include -I/home/mondegrin/programs/slon/microros_ws/firmware/toolchain/esp-idf/components/wpa_supplicant/port/include -I/home/mondegrin/programs/slon/microros_ws/firmware/toolchain/esp-idf/components/wpa_supplicant/include -I/home/mondegrin/programs/slon/microros_ws/firmware/toolchain/esp-idf/components/tcpip_adapter/include -I/home/mondegrin/programs/slon/microros_ws/firmware/toolchain/esp-idf/components/openssl/include -I/home/mondegrin/programs/slon/microros_ws/firmware/toolchain/esp-idf/components/sdmmc/include -I/home/mondegrin/programs/slon/microros_ws/firmware/toolchain/esp-idf/components/esp_local_ctrl/include -I/home/mondegrin/programs/slon/microros_ws/firmware/toolchain/esp-idf/components/esp_common/include -I/home/mondegrin/programs/slon/microros_ws/firmware/toolchain/esp-idf/components/lwip/lwip/src/include/lwip/apps -I/home/mondegrin/programs/slon/microros_ws/firmware/toolchain/esp-idf/components/lwip/lwip/src/include/compat/posix -I/home/mondegrin/programs/slon/microros_ws/firmware/toolchain/esp-idf/components/lwip/lwip/src/include -I/home/mondegrin/programs/slon/microros_ws/firmware/toolchain/esp-idf/components/lwip/port/esp32/include -I/home/mondegrin/programs/slon/microros_ws/firmware/mcu_ws/build/gps/rosidl_generator_c -isystem /home/mondegrin/programs/slon/microros_ws/firmware/mcu_ws/install/include/rosidl_runtime_c -isystem /home/mondegrin/programs/slon/microros_ws/firmware/mcu_ws/install/include/rcutils -isystem /home/mondegrin/programs/slon/microros_ws/firmware/mcu_ws/install/include/rosidl_typesupport_interface -mlongcalls -Wno-frame-address -mlongcalls -Wno-frame-address -g -Wall -std=gnu11 -MD -MT CMakeFiles/gps__rosidl_generator_c.dir/rosidl_generator_c/gps/msg/detail/gps__description.c.obj -MF CMakeFiles/gps__rosidl_generator_c.dir/rosidl_generator_c/gps/msg/detail/gps__description.c.obj.d -o CMakeFiles/gps__rosidl_generator_c.dir/rosidl_generator_c/gps/msg/detail/gps__description.c.obj -c /home/mondegrin/programs/slon/microros_ws/firmware/mcu_ws/build/gps/rosidl_generator_c/gps/msg/detail/gps__description.c
[ 20%] [32mBuilding C object CMakeFiles/gps__rosidl_generator_c.dir/rosidl_generator_c/gps/msg/detail/gps__functions.c.obj[0m
/home/mondegrin/programs/slon/microros_ws/firmware/toolchain/espressif/tools/xtensa-esp32-elf/esp-2020r2-8.2.0/xtensa-esp32-elf/bin/xtensa-esp32-elf-gcc -DLWIP_IPV4 -DLWIP_IPV6 -DROS_PACKAGE_NAME=\"gps\" -I/home/mondegrin/programs/slon/microros_ws/firmware/freertos_apps/microros_esp32_extensions/build/config -I/home/mondegrin/programs/slon/microros_ws/firmware/toolchain/esp-idf/components/newlib/platform_include -I/home/mondegrin/programs/slon/microros_ws/firmware/toolchain/esp-idf/components/protocomm/include -I/home/mondegrin/programs/slon/microros_ws/firmware/toolchain/esp-idf/components/esp_rom/include -I/home/mondegrin/programs/slon/microros_ws/firmware/toolchain/esp-idf/components/driver/include -I/home/mondegrin/programs/slon/microros_ws/firmware/toolchain/esp-idf/components/wear_levelling/include -I/home/mondegrin/programs/slon/microros_ws/firmware/toolchain/esp-idf/components/vfs/include -I/home/mondegrin/programs/slon/microros_ws/firmware/toolchain/esp-idf/components/log/include -I/home/mondegrin/programs/slon/microros_ws/firmware/toolchain/esp-idf/components/freertos/include -I/home/mondegrin/programs/slon/microros_ws/firmware/toolchain/esp-idf/components/wifi_provisioning/include -I/home/mondegrin/programs/slon/microros_ws/firmware/toolchain/esp-idf/components/pthread/include -I/home/mondegrin/programs/slon/microros_ws/firmware/toolchain/esp-idf/components/libsodium/libsodium/src/libsodium/include -I/home/mondegrin/programs/slon/microros_ws/firmware/toolchain/esp-idf/components/coap/port/include -I/home/mondegrin/programs/slon/microros_ws/firmware/toolchain/esp-idf/components/coap/libcoap/include -I/home/mondegrin/programs/slon/microros_ws/firmware/toolchain/esp-idf/components/tcp_transport/include -I/home/mondegrin/programs/slon/microros_ws/firmware/toolchain/esp-idf/components/unity/include -I/home/mondegrin/programs/slon/microros_ws/firmware/toolchain/esp-idf/components/esp32/include -I/home/mondegrin/programs/slon/microros_ws/firmware/toolchain/esp-idf/components/asio/port/include -I/home/mondegrin/programs/slon/microros_ws/firmware/toolchain/esp-idf/components/asio/asio/asio/include -I/home/mondegrin/programs/slon/microros_ws/firmware/toolchain/esp-idf/components/app_update/include -I/home/mondegrin/programs/slon/microros_ws/firmware/toolchain/esp-idf/components/esp_ringbuf/include -I/home/mondegrin/programs/slon/microros_ws/firmware/toolchain/esp-idf/components/soc/esp32/include -I/home/mondegrin/programs/slon/microros_ws/firmware/toolchain/esp-idf/components/soc/include -I/home/mondegrin/programs/slon/microros_ws/firmware/toolchain/esp-idf/components/efuse/test/include -I/home/mondegrin/programs/slon/microros_ws/firmware/toolchain/esp-idf/components/efuse/esp32/include -I/home/mondegrin/programs/slon/microros_ws/firmware/toolchain/esp-idf/components/efuse/include -I/home/mondegrin/programs/slon/microros_ws/firmware/toolchain/esp-idf/components/mbedtls/port/include -I/home/mondegrin/programs/slon/microros_ws/firmware/toolchain/esp-idf/components/mbedtls/mbedtls/include -I/home/mondegrin/programs/slon/microros_ws/firmware/toolchain/esp-idf/components/xtensa/esp32/include -I/home/mondegrin/programs/slon/microros_ws/firmware/toolchain/esp-idf/components/xtensa/include -I/home/mondegrin/programs/slon/microros_ws/firmware/toolchain/esp-idf/components/app_trace/include -I/home/mondegrin/programs/slon/microros_ws/firmware/toolchain/esp-idf/components/nvs_flash/include -I/home/mondegrin/programs/slon/microros_ws/firmware/toolchain/esp-idf/components/jsmn/include -I/home/mondegrin/programs/slon/microros_ws/firmware/toolchain/esp-idf/components/esp_eth/include -I/home/mondegrin/programs/slon/microros_ws/firmware/toolchain/esp-idf/components/spiffs/include -I/home/mondegrin/programs/slon/microros_ws/firmware/toolchain/esp-idf/components/ulp/include -I/home/mondegrin/programs/slon/microros_ws/firmware/toolchain/esp-idf/components/mdns/include -I/home/mondegrin/programs/slon/microros_ws/firmware/toolchain/esp-idf/components/freemodbus/modbus/include -I/home/mondegrin/programs/slon/microros_ws/firmware/toolchain/esp-idf/components/freemodbus/common/include -I/home/mondegrin/programs/slon/microros_ws/firmware/toolchain/esp-idf/components/esp_event/include -I/home/mondegrin/programs/slon/microros_ws/firmware/toolchain/esp-idf/components/expat/port/include -I/home/mondegrin/programs/slon/microros_ws/firmware/toolchain/esp-idf/components/bootloader_support/include -I/home/mondegrin/programs/slon/microros_ws/firmware/toolchain/esp-idf/components/heap/include -I/home/mondegrin/programs/slon/microros_ws/firmware/toolchain/esp-idf/components/wpa_supplicant/port/include -I/home/mondegrin/programs/slon/microros_ws/firmware/toolchain/esp-idf/components/wpa_supplicant/include -I/home/mondegrin/programs/slon/microros_ws/firmware/toolchain/esp-idf/components/tcpip_adapter/include -I/home/mondegrin/programs/slon/microros_ws/firmware/toolchain/esp-idf/components/openssl/include -I/home/mondegrin/programs/slon/microros_ws/firmware/toolchain/esp-idf/components/sdmmc/include -I/home/mondegrin/programs/slon/microros_ws/firmware/toolchain/esp-idf/components/esp_local_ctrl/include -I/home/mondegrin/programs/slon/microros_ws/firmware/toolchain/esp-idf/components/esp_common/include -I/home/mondegrin/programs/slon/microros_ws/firmware/toolchain/esp-idf/components/lwip/lwip/src/include/lwip/apps -I/home/mondegrin/programs/slon/microros_ws/firmware/toolchain/esp-idf/components/lwip/lwip/src/include/compat/posix -I/home/mondegrin/programs/slon/microros_ws/firmware/toolchain/esp-idf/components/lwip/lwip/src/include -I/home/mondegrin/programs/slon/microros_ws/firmware/toolchain/esp-idf/components/lwip/port/esp32/include -I/home/mondegrin/programs/slon/microros_ws/firmware/mcu_ws/build/gps/rosidl_generator_c -isystem /home/mondegrin/programs/slon/microros_ws/firmware/mcu_ws/install/include/rosidl_runtime_c -isystem /home/mondegrin/programs/slon/microros_ws/firmware/mcu_ws/install/include/rcutils -isystem /home/mondegrin/programs/slon/microros_ws/firmware/mcu_ws/install/include/rosidl_typesupport_interface -mlongcalls -Wno-frame-address -mlongcalls -Wno-frame-address -g -Wall -std=gnu11 -MD -MT CMakeFiles/gps__rosidl_generator_c.dir/rosidl_generator_c/gps/msg/detail/gps__functions.c.obj -MF CMakeFiles/gps__rosidl_generator_c.dir/rosidl_generator_c/gps/msg/detail/gps__functions.c.obj.d -o CMakeFiles/gps__rosidl_generator_c.dir/rosidl_generator_c/gps/msg/detail/gps__functions.c.obj -c /home/mondegrin/programs/slon/microros_ws/firmware/mcu_ws/build/gps/rosidl_generator_c/gps/msg/detail/gps__functions.c
[ 26%] [32m[1mLinking C static library libgps__rosidl_generator_c.a[0m
/usr/bin/cmake -P CMakeFiles/gps__rosidl_generator_c.dir/cmake_clean_target.cmake
/usr/bin/cmake -E cmake_link_script CMakeFiles/gps__rosidl_generator_c.dir/link.txt --verbose=1
/home/mondegrin/programs/slon/microros_ws/firmware/toolchain/espressif/tools/xtensa-esp32-elf/esp-2020r2-8.2.0/xtensa-esp32-elf/bin/xtensa-esp32-elf-ar qc libgps__rosidl_generator_c.a CMakeFiles/gps__rosidl_generator_c.dir/rosidl_generator_c/gps/msg/detail/gps__description.c.obj CMakeFiles/gps__rosidl_generator_c.dir/rosidl_generator_c/gps/msg/detail/gps__functions.c.obj CMakeFiles/gps__rosidl_generator_c.dir/rosidl_generator_c/gps/msg/detail/gps__type_support.c.obj
/home/mondegrin/programs/slon/microros_ws/firmware/toolchain/espressif/tools/xtensa-esp32-elf/esp-2020r2-8.2.0/xtensa-esp32-elf/bin/xtensa-esp32-elf-ranlib libgps__rosidl_generator_c.a
gmake[6]: Leaving directory '/home/mondegrin/programs/slon/microros_ws/firmware/mcu_ws/build/gps'
[ 40%] Built target gps__rosidl_generator_c
/usr/bin/gmake  -f CMakeFiles/gps__rosidl_typesupport_introspection_c.dir/build.make CMakeFiles/gps__rosidl_typesupport_introspection_c.dir/depend
/usr/bin/gmake  -f CMakeFiles/gps__rosidl_typesupport_microxrcedds_c.dir/build.make CMakeFiles/gps__rosidl_typesupport_microxrcedds_c.dir/depend
/usr/bin/gmake  -f CMakeFiles/gps__rosidl_typesupport_c.dir/build.make CMakeFiles/gps__rosidl_typesupport_c.dir/depend
gmake[6]: Entering directory '/home/mondegrin/programs/slon/microros_ws/firmware/mcu_ws/build/gps'
gmake[6]: Entering directory '/home/mondegrin/programs/slon/microros_ws/firmware/mcu_ws/build/gps'
cd /home/mondegrin/programs/slon/microros_ws/firmware/mcu_ws/build/gps && /usr/bin/cmake -E cmake_depends "Unix Makefiles" /home/mondegrin/programs/slon/microros_ws/firmware/mcu_ws/gps /home/mondegrin/programs/slon/microros_ws/firmware/mcu_ws/gps /home/mondegrin/programs/slon/microros_ws/firmware/mcu_ws/build/gps /home/mondegrin/programs/slon/microros_ws/firmware/mcu_ws/build/gps /home/mondegrin/programs/slon/microros_ws/firmware/mcu_ws/build/gps/CMakeFiles/gps__rosidl_typesupport_introspection_c.dir/DependInfo.cmake --color=
cd /home/mondegrin/programs/slon/microros_ws/firmware/mcu_ws/build/gps && /usr/bin/cmake -E cmake_depends "Unix Makefiles" /home/mondegrin/programs/slon/microros_ws/firmware/mcu_ws/gps /home/mondegrin/programs/slon/microros_ws/firmware/mcu_ws/gps /home/mondegrin/programs/slon/microros_ws/firmware/mcu_ws/build/gps /home/mondegrin/programs/slon/microros_ws/firmware/mcu_ws/build/gps /home/mondegrin/programs/slon/microros_ws/firmware/mcu_ws/build/gps/CMakeFiles/gps__rosidl_typesupport_microxrcedds_c.dir/DependInfo.cmake --color=
gmake[6]: Entering directory '/home/mondegrin/programs/slon/microros_ws/firmware/mcu_ws/build/gps'
cd /home/mondegrin/programs/slon/microros_ws/firmware/mcu_ws/build/gps && /usr/bin/cmake -E cmake_depends "Unix Makefiles" /home/mondegrin/programs/slon/microros_ws/firmware/mcu_ws/gps /home/mondegrin/programs/slon/microros_ws/firmware/mcu_ws/gps /home/mondegrin/programs/slon/microros_ws/firmware/mcu_ws/build/gps /home/mondegrin/programs/slon/microros_ws/firmware/mcu_ws/build/gps /home/mondegrin/programs/slon/microros_ws/firmware/mcu_ws/build/gps/CMakeFiles/gps__rosidl_typesupport_c.dir/DependInfo.cmake --color=
Dependencies file "CMakeFiles/gps__rosidl_typesupport_introspection_c.dir/rosidl_typesupport_introspection_c/gps/msg/detail/gps__type_support.c.obj.d" is newer than depends file "/home/mondegrin/programs/slon/microros_ws/firmware/mcu_ws/build/gps/CMakeFiles/gps__rosidl_typesupport_introspection_c.dir/compiler_depend.internal".
[35m[1mConsolidate compiler generated dependencies of target gps__rosidl_typesupport_introspection_c[0m
Dependencies file "CMakeFiles/gps__rosidl_typesupport_microxrcedds_c.dir/rosidl_typesupport_microxrcedds_c/gps/msg/detail/microxrcedds/gps__type_support_c.c.obj.d" is newer than depends file "/home/mondegrin/programs/slon/microros_ws/firmware/mcu_ws/build/gps/CMakeFiles/gps__rosidl_typesupport_microxrcedds_c.dir/compiler_depend.internal".
[35m[1mConsolidate compiler generated dependencies of target gps__rosidl_typesupport_microxrcedds_c[0m
gmake[6]: Leaving directory '/home/mondegrin/programs/slon/microros_ws/firmware/mcu_ws/build/gps'
/usr/bin/gmake  -f CMakeFiles/gps__rosidl_typesupport_introspection_c.dir/build.make CMakeFiles/gps__rosidl_typesupport_introspection_c.dir/build
Dependencies file "CMakeFiles/gps__rosidl_typesupport_c.dir/rosidl_typesupport_c/gps/msg/gps__type_support.cpp.obj.d" is newer than depends file "/home/mondegrin/programs/slon/microros_ws/firmware/mcu_ws/build/gps/CMakeFiles/gps__rosidl_typesupport_c.dir/compiler_depend.internal".
[35m[1mConsolidate compiler generated dependencies of target gps__rosidl_typesupport_c[0m
gmake[6]: Leaving directory '/home/mondegrin/programs/slon/microros_ws/firmware/mcu_ws/build/gps'
/usr/bin/gmake  -f CMakeFiles/gps__rosidl_typesupport_microxrcedds_c.dir/build.make CMakeFiles/gps__rosidl_typesupport_microxrcedds_c.dir/build
gmake[6]: Entering directory '/home/mondegrin/programs/slon/microros_ws/firmware/mcu_ws/build/gps'
gmake[6]: Nothing to be done for 'CMakeFiles/gps__rosidl_typesupport_introspection_c.dir/build'.
gmake[6]: Leaving directory '/home/mondegrin/programs/slon/microros_ws/firmware/mcu_ws/build/gps'
gmake[6]: Leaving directory '/home/mondegrin/programs/slon/microros_ws/firmware/mcu_ws/build/gps'
gmake[6]: Entering directory '/home/mondegrin/programs/slon/microros_ws/firmware/mcu_ws/build/gps'
gmake[6]: Nothing to be done for 'CMakeFiles/gps__rosidl_typesupport_microxrcedds_c.dir/build'.
gmake[6]: Leaving directory '/home/mondegrin/programs/slon/microros_ws/firmware/mcu_ws/build/gps'
/usr/bin/gmake  -f CMakeFiles/gps__rosidl_typesupport_c.dir/build.make CMakeFiles/gps__rosidl_typesupport_c.dir/build
gmake[6]: Entering directory '/home/mondegrin/programs/slon/microros_ws/firmware/mcu_ws/build/gps'
gmake[6]: Nothing to be done for 'CMakeFiles/gps__rosidl_typesupport_c.dir/build'.
gmake[6]: Leaving directory '/home/mondegrin/programs/slon/microros_ws/firmware/mcu_ws/build/gps'
[ 60%] Built target gps__rosidl_typesupport_introspection_c
[ 80%] Built target gps__rosidl_typesupport_microxrcedds_c
[100%] Built target gps__rosidl_typesupport_c
/usr/bin/gmake  -f CMakeFiles/gps.dir/build.make CMakeFiles/gps.dir/depend
gmake[6]: Entering directory '/home/mondegrin/programs/slon/microros_ws/firmware/mcu_ws/build/gps'
cd /home/mondegrin/programs/slon/microros_ws/firmware/mcu_ws/build/gps && /usr/bin/cmake -E cmake_depends "Unix Makefiles" /home/mondegrin/programs/slon/microros_ws/firmware/mcu_ws/gps /home/mondegrin/programs/slon/microros_ws/firmware/mcu_ws/gps /home/mondegrin/programs/slon/microros_ws/firmware/mcu_ws/build/gps /home/mondegrin/programs/slon/microros_ws/firmware/mcu_ws/build/gps /home/mondegrin/programs/slon/microros_ws/firmware/mcu_ws/build/gps/CMakeFiles/gps.dir/DependInfo.cmake --color=
gmake[6]: Leaving directory '/home/mondegrin/programs/slon/microros_ws/firmware/mcu_ws/build/gps'
/usr/bin/gmake  -f CMakeFiles/gps.dir/build.make CMakeFiles/gps.dir/build
gmake[6]: Entering directory '/home/mondegrin/programs/slon/microros_ws/firmware/mcu_ws/build/gps'
gmake[6]: Nothing to be done for 'CMakeFiles/gps.dir/build'.
gmake[6]: Leaving directory '/home/mondegrin/programs/slon/microros_ws/firmware/mcu_ws/build/gps'
[100%] Built target gps
gmake[5]: Leaving directory '/home/mondegrin/programs/slon/microros_ws/firmware/mcu_ws/build/gps'
/usr/bin/cmake -E cmake_progress_start /home/mondegrin/programs/slon/microros_ws/firmware/mcu_ws/build/gps/CMakeFiles 0
gmake[4]: Leaving directory '/home/mondegrin/programs/slon/microros_ws/firmware/mcu_ws/build/gps'
-- Install configuration: "Debug"
-- Up-to-date: /home/mondegrin/programs/slon/microros_ws/firmware/mcu_ws/install/share/ament_index/resource_index/rosidl_interfaces/gps
-- Up-to-date: /home/mondegrin/programs/slon/microros_ws/firmware/mcu_ws/install/share/gps/msg/GPS.json
-- Up-to-date: /home/mondegrin/programs/slon/microros_ws/firmware/mcu_ws/install/include/gps/gps
-- Up-to-date: /home/mondegrin/programs/slon/microros_ws/firmware/mcu_ws/install/include/gps/gps/msg
-- Up-to-date: /home/mondegrin/programs/slon/microros_ws/firmware/mcu_ws/install/include/gps/gps/msg/gps.h
-- Up-to-date: /home/mondegrin/programs/slon/microros_ws/firmware/mcu_ws/install/include/gps/gps/msg/rosidl_generator_c__visibility_control.h
-- Up-to-date: /home/mondegrin/programs/slon/microros_ws/firmware/mcu_ws/install/include/gps/gps/msg/detail
-- Up-to-date: /home/mondegrin/programs/slon/microros_ws/firmware/mcu_ws/install/include/gps/gps/msg/detail/gps__type_support.h
-- Up-to-date: /home/mondegrin/programs/slon/microros_ws/firmware/mcu_ws/install/include/gps/gps/msg/detail/gps__functions.h
-- Installing: /home/mondegrin/programs/slon/microros_ws/firmware/mcu_ws/install/include/gps/gps/msg/detail/gps__type_support.c
-- Up-to-date: /home/mondegrin/programs/slon/microros_ws/firmware/mcu_ws/install/include/gps/gps/msg/detail/gps__struct.h
-- Up-to-date: /home/mondegrin/programs/slon/microros_ws/firmware/mcu_ws/install/include/gps/gps/msg/detail/gps__description.c
-- Up-to-date: /home/mondegrin/programs/slon/microros_ws/firmware/mcu_ws/install/include/gps/gps/msg/detail/gps__functions.c
-- Up-to-date: /home/mondegrin/programs/slon/microros_ws/firmware/mcu_ws/install/share/gps/environment/library_path.sh
-- Up-to-date: /home/mondegrin/programs/slon/microros_ws/firmware/mcu_ws/install/share/gps/environment/library_path.dsv
-- Installing: /home/mondegrin/programs/slon/microros_ws/firmware/mcu_ws/install/lib/libgps__rosidl_generator_c.a
-- Up-to-date: /home/mondegrin/programs/slon/microros_ws/firmware/mcu_ws/install/include/gps/gps
-- Up-to-date: /home/mondegrin/programs/slon/microros_ws/firmware/mcu_ws/install/include/gps/gps/msg
-- Up-to-date: /home/mondegrin/programs/slon/microros_ws/firmware/mcu_ws/install/include/gps/gps/msg/rosidl_typesupport_introspection_c__visibility_control.h
-- Up-to-date: /home/mondegrin/programs/slon/microros_ws/firmware/mcu_ws/install/include/gps/gps/msg/detail
-- Installing: /home/mondegrin/programs/slon/microros_ws/firmware/mcu_ws/install/include/gps/gps/msg/detail/gps__type_support.c
-- Up-to-date: /home/mondegrin/programs/slon/microros_ws/firmware/mcu_ws/install/include/gps/gps/msg/detail/gps__rosidl_typesupport_introspection_c.h
-- Up-to-date: /home/mondegrin/programs/slon/microros_ws/firmware/mcu_ws/install/lib/libgps__rosidl_typesupport_introspection_c.a
-- Up-to-date: /home/mondegrin/programs/slon/microros_ws/firmware/mcu_ws/install/include/gps
-- Up-to-date: /home/mondegrin/programs/slon/microros_ws/firmware/mcu_ws/install/include/gps/msg
-- Up-to-date: /home/mondegrin/programs/slon/microros_ws/firmware/mcu_ws/install/include/gps/msg/rosidl_typesupport_microxrcedds_c__visibility_control.h
-- Up-to-date: /home/mondegrin/programs/slon/microros_ws/firmware/mcu_ws/install/include/gps/msg/detail
-- Up-to-date: /home/mondegrin/programs/slon/microros_ws/firmware/mcu_ws/install/include/gps/msg/detail/microxrcedds
-- Up-to-date: /home/mondegrin/programs/slon/microros_ws/firmware/mcu_ws/install/include/gps/msg/detail/gps__rosidl_typesupport_microxrcedds_c.h
-- Up-to-date: /home/mondegrin/programs/slon/microros_ws/firmware/mcu_ws/install/lib/libgps__rosidl_typesupport_microxrcedds_c.a
-- Up-to-date: /home/mondegrin/programs/slon/microros_ws/firmware/mcu_ws/install/lib/libgps__rosidl_typesupport_c.a
-- Up-to-date: /home/mondegrin/programs/slon/microros_ws/firmware/mcu_ws/install/share/gps/msg/GPS.idl
-- Up-to-date: /home/mondegrin/programs/slon/microros_ws/firmware/mcu_ws/install/share/gps/msg/GPS.msg
-- Up-to-date: /home/mondegrin/programs/slon/microros_ws/firmware/mcu_ws/install/share/ament_index/resource_index/package_run_dependencies/gps
-- Up-to-date: /home/mondegrin/programs/slon/microros_ws/firmware/mcu_ws/install/share/ament_index/resource_index/parent_prefix_path/gps
-- Up-to-date: /home/mondegrin/programs/slon/microros_ws/firmware/mcu_ws/install/share/gps/environment/ament_prefix_path.sh
-- Up-to-date: /home/mondegrin/programs/slon/microros_ws/firmware/mcu_ws/install/share/gps/environment/ament_prefix_path.dsv
-- Up-to-date: /home/mondegrin/programs/slon/microros_ws/firmware/mcu_ws/install/share/gps/environment/path.sh
-- Up-to-date: /home/mondegrin/programs/slon/microros_ws/firmware/mcu_ws/install/share/gps/environment/path.dsv
-- Up-to-date: /home/mondegrin/programs/slon/microros_ws/firmware/mcu_ws/install/share/gps/local_setup.bash
-- Up-to-date: /home/mondegrin/programs/slon/microros_ws/firmware/mcu_ws/install/share/gps/local_setup.sh
-- Up-to-date: /home/mondegrin/programs/slon/microros_ws/firmware/mcu_ws/install/share/gps/local_setup.zsh
-- Up-to-date: /home/mondegrin/programs/slon/microros_ws/firmware/mcu_ws/install/share/gps/local_setup.dsv
-- Installing: /home/mondegrin/programs/slon/microros_ws/firmware/mcu_ws/install/share/gps/package.dsv
-- Up-to-date: /home/mondegrin/programs/slon/microros_ws/firmware/mcu_ws/install/share/ament_index/resource_index/packages/gps
-- Up-to-date: /home/mondegrin/programs/slon/microros_ws/firmware/mcu_ws/install/share/gps/cmake/export_gps__rosidl_generator_cExport.cmake
-- Up-to-date: /home/mondegrin/programs/slon/microros_ws/firmware/mcu_ws/install/share/gps/cmake/export_gps__rosidl_generator_cExport-debug.cmake
-- Up-to-date: /home/mondegrin/programs/slon/microros_ws/firmware/mcu_ws/install/share/gps/cmake/gps__rosidl_typesupport_introspection_cExport.cmake
-- Up-to-date: /home/mondegrin/programs/slon/microros_ws/firmware/mcu_ws/install/share/gps/cmake/gps__rosidl_typesupport_introspection_cExport-debug.cmake
-- Up-to-date: /home/mondegrin/programs/slon/microros_ws/firmware/mcu_ws/install/share/gps/cmake/gps__rosidl_typesupport_cExport.cmake
-- Up-to-date: /home/mondegrin/programs/slon/microros_ws/firmware/mcu_ws/install/share/gps/cmake/gps__rosidl_typesupport_cExport-debug.cmake
-- Up-to-date: /home/mondegrin/programs/slon/microros_ws/firmware/mcu_ws/install/share/gps/cmake/rosidl_cmake-extras.cmake
-- Up-to-date: /home/mondegrin/programs/slon/microros_ws/firmware/mcu_ws/install/share/gps/cmake/ament_cmake_export_include_directories-extras.cmake
-- Up-to-date: /home/mondegrin/programs/slon/microros_ws/firmware/mcu_ws/install/share/gps/cmake/ament_cmake_export_libraries-extras.cmake
-- Up-to-date: /home/mondegrin/programs/slon/microros_ws/firmware/mcu_ws/install/share/gps/cmake/ament_cmake_export_targets-extras.cmake
-- Up-to-date: /home/mondegrin/programs/slon/microros_ws/firmware/mcu_ws/install/share/gps/cmake/rosidl_cmake_export_typesupport_targets-extras.cmake
-- Up-to-date: /home/mondegrin/programs/slon/microros_ws/firmware/mcu_ws/install/share/gps/cmake/ament_cmake_export_dependencies-extras.cmake
-- Up-to-date: /home/mondegrin/programs/slon/microros_ws/firmware/mcu_ws/install/share/gps/cmake/rosidl_cmake_export_typesupport_libraries-extras.cmake
-- Up-to-date: /home/mondegrin/programs/slon/microros_ws/firmware/mcu_ws/install/share/gps/cmake/gpsConfig.cmake
-- Up-to-date: /home/mondegrin/programs/slon/microros_ws/firmware/mcu_ws/install/share/gps/cmake/gpsConfig-version.cmake
-- Up-to-date: /home/mondegrin/programs/slon/microros_ws/firmware/mcu_ws/install/share/gps/package.xml
