[0.069s] Invoking command in '/home/mondegrin/programs/slon/ros2_ws/build/gps': CMAKE_PREFIX_PATH=${CMAKE_PREFIX_PATH}:/opt/ros/iron /usr/bin/cmake /home/mondegrin/programs/slon/ros2_ws/src/gps -DCMAKE_INSTALL_PREFIX=/home/mondegrin/programs/slon/ros2_ws/install/gps
[0.521s] -- The C compiler identification is GNU 11.4.0
[3.436s] -- The CXX compiler identification is GNU 11.4.0
[5.787s] -- Detecting C compiler ABI info
[6.365s] -- Detecting C compiler ABI info - done
[6.370s] -- Check for working C compiler: /usr/bin/cc - skipped
[6.370s] -- Detecting C compile features
[6.370s] -- Detecting C compile features - done
[6.372s] -- Detecting CXX compiler ABI info
[7.009s] -- Detecting CXX compiler ABI info - done
[7.013s] -- Check for working CXX compiler: /usr/bin/c++ - skipped
[7.014s] -- Detecting CXX compile features
[7.014s] -- Detecting CXX compile features - done
[7.015s] -- Found ament_cmake: 2.0.3 (/opt/ros/iron/share/ament_cmake/cmake)
[7.122s] -- Found Python3: /usr/bin/python3.10 (found version "3.10.12") found components: Interpreter 
[7.177s] -- Found std_msgs: 5.0.0 (/opt/ros/iron/share/std_msgs/cmake)
[7.619s] -- Found rosidl_generator_c: 4.0.1 (/opt/ros/iron/share/rosidl_generator_c/cmake)
[7.626s] -- Found rosidl_generator_cpp: 4.0.1 (/opt/ros/iron/share/rosidl_generator_cpp/cmake)
[7.636s] -- Using all available rosidl_typesupport_c: rosidl_typesupport_fastrtps_c;rosidl_typesupport_introspection_c
[7.647s] -- Using all available rosidl_typesupport_cpp: rosidl_typesupport_fastrtps_cpp;rosidl_typesupport_introspection_cpp
[7.687s] -- Found std_srvs: 5.0.0 (/opt/ros/iron/share/std_srvs/cmake)
[7.762s] -- Found rosidl_default_generators: 1.5.0 (/opt/ros/iron/share/rosidl_default_generators/cmake)
[7.769s] -- Found rosidl_adapter: 4.0.1 (/opt/ros/iron/share/rosidl_adapter/cmake)
[7.962s] -- Found ament_cmake_ros: 0.11.2 (/opt/ros/iron/share/ament_cmake_ros/cmake)
[8.158s] -- Using all available rosidl_typesupport_c: rosidl_typesupport_fastrtps_c;rosidl_typesupport_introspection_c
[8.244s] -- Using all available rosidl_typesupport_cpp: rosidl_typesupport_fastrtps_cpp;rosidl_typesupport_introspection_cpp
[9.133s] -- Found PythonInterp: /usr/bin/python3 (found suitable version "3.10.12", minimum required is "3.6") 
[9.134s] -- Found python_cmake_module: 0.10.2 (/opt/ros/iron/share/python_cmake_module/cmake)
[11.167s] -- Found PythonLibs: /usr/lib/x86_64-linux-gnu/libpython3.10.so (found suitable version "3.10.12", minimum required is "3.5") 
[11.167s] -- Using PYTHON_EXECUTABLE: /usr/bin/python3
[11.167s] -- Using PYTHON_INCLUDE_DIRS: /usr/include/python3.10
[11.167s] -- Using PYTHON_LIBRARIES: /usr/lib/x86_64-linux-gnu/libpython3.10.so
[11.181s] -- Found PythonExtra: .so  
[11.339s] -- Found ament_lint_auto: 0.14.2 (/opt/ros/iron/share/ament_lint_auto/cmake)
[11.350s] -- Added test 'lint_cmake' to check CMake code style
[11.351s] -- Added test 'xmllint' to check XML markup files
[11.353s] -- Configuring done
[11.375s] -- Generating done
[11.376s] -- Build files have been written to: /home/mondegrin/programs/slon/ros2_ws/build/gps
[11.385s] Invoked command in '/home/mondegrin/programs/slon/ros2_ws/build/gps' returned '0': CMAKE_PREFIX_PATH=${CMAKE_PREFIX_PATH}:/opt/ros/iron /usr/bin/cmake /home/mondegrin/programs/slon/ros2_ws/src/gps -DCMAKE_INSTALL_PREFIX=/home/mondegrin/programs/slon/ros2_ws/install/gps
[11.388s] Invoking command in '/home/mondegrin/programs/slon/ros2_ws/build/gps': CMAKE_PREFIX_PATH=${CMAKE_PREFIX_PATH}:/opt/ros/iron /usr/bin/cmake --build /home/mondegrin/programs/slon/ros2_ws/build/gps -- -j16 -l16
[11.416s] [  2%] [34m[1mGenerating type hashes for ROS interfaces[0m
[11.422s] [  2%] Built target ament_cmake_python_copy_gps
[11.550s] [  2%] Built target gps__rosidl_generator_type_description
[11.556s] [  5%] [34m[1mGenerating C code for ROS interfaces[0m
[11.564s] [  8%] [34m[1mGenerating C++ code for ROS interfaces[0m
[11.606s] running egg_info
[11.606s] creating gps.egg-info
[11.607s] writing gps.egg-info/PKG-INFO
[11.607s] writing dependency_links to gps.egg-info/dependency_links.txt
[11.607s] writing top-level names to gps.egg-info/top_level.txt
[11.608s] writing manifest file 'gps.egg-info/SOURCES.txt'
[11.612s] reading manifest file 'gps.egg-info/SOURCES.txt'
[11.612s] writing manifest file 'gps.egg-info/SOURCES.txt'
[11.636s] [  8%] Built target ament_cmake_python_build_gps_egg
[11.716s] [  8%] Built target gps__cpp
[11.738s] [ 11%] [32mBuilding C object CMakeFiles/gps__rosidl_generator_c.dir/rosidl_generator_c/gps/msg/detail/gps__functions.c.o[0m
[11.739s] [ 14%] [32mBuilding C object CMakeFiles/gps__rosidl_generator_c.dir/rosidl_generator_c/gps/msg/detail/gps__description.c.o[0m
[11.739s] [ 17%] [32mBuilding C object CMakeFiles/gps__rosidl_generator_c.dir/rosidl_generator_c/gps/msg/detail/gps__type_support.c.o[0m
[11.767s] [ 20%] [32m[1mLinking C shared library libgps__rosidl_generator_c.so[0m
[12.432s] [ 20%] Built target gps__rosidl_generator_c
[12.438s] [ 26%] [34m[1mGenerating C++ type support dispatch for ROS interfaces[0m
[12.438s] [ 26%] [34m[1mGenerating C type support for eProsima Fast-RTPS[0m
[12.438s] [ 29%] [34m[1mGenerating C++ type support for eProsima Fast-RTPS[0m
[12.442s] [ 32%] [34m[1mGenerating C++ introspection for ROS interfaces[0m
[12.442s] [ 35%] [34m[1mGenerating C type support dispatch for ROS interfaces[0m
[12.444s] [ 38%] [34m[1mGenerating C introspection for ROS interfaces[0m
[12.609s] [ 41%] [32mBuilding CXX object CMakeFiles/gps__rosidl_typesupport_c.dir/rosidl_typesupport_c/gps/msg/gps__type_support.cpp.o[0m
[12.614s] [ 44%] [32mBuilding CXX object CMakeFiles/gps__rosidl_typesupport_fastrtps_c.dir/rosidl_typesupport_fastrtps_c/gps/msg/detail/gps__type_support_c.cpp.o[0m
[12.626s] [ 47%] [32mBuilding C object CMakeFiles/gps__rosidl_typesupport_introspection_c.dir/rosidl_typesupport_introspection_c/gps/msg/detail/gps__type_support.c.o[0m
[12.628s] [ 50%] [32mBuilding CXX object CMakeFiles/gps__rosidl_typesupport_cpp.dir/rosidl_typesupport_cpp/gps/msg/gps__type_support.cpp.o[0m
[12.636s] [ 52%] [32mBuilding CXX object CMakeFiles/gps__rosidl_typesupport_fastrtps_cpp.dir/rosidl_typesupport_fastrtps_cpp/gps/msg/detail/dds_fastrtps/gps__type_support.cpp.o[0m
[12.640s] [ 55%] [32m[1mLinking CXX shared library libgps__rosidl_typesupport_c.so[0m
[12.644s] [ 58%] [32mBuilding CXX object CMakeFiles/gps__rosidl_typesupport_introspection_cpp.dir/rosidl_typesupport_introspection_cpp/gps/msg/detail/gps__type_support.cpp.o[0m
[12.652s] [ 61%] [32m[1mLinking C shared library libgps__rosidl_typesupport_introspection_c.so[0m
[12.924s] [ 64%] [32m[1mLinking CXX shared library libgps__rosidl_typesupport_fastrtps_c.so[0m
[12.986s] [ 67%] [32m[1mLinking CXX shared library libgps__rosidl_typesupport_cpp.so[0m
[13.001s] [ 70%] [32m[1mLinking CXX shared library libgps__rosidl_typesupport_introspection_cpp.so[0m
[13.097s] [ 70%] Built target gps__rosidl_typesupport_c
[13.110s] [ 70%] Built target gps__rosidl_typesupport_introspection_c
[13.114s] [ 73%] [32m[1mLinking CXX shared library libgps__rosidl_typesupport_fastrtps_cpp.so[0m
[13.374s] [ 73%] Built target gps__rosidl_typesupport_cpp
[13.380s] [ 73%] Built target gps__rosidl_typesupport_fastrtps_c
[13.521s] [ 73%] Built target gps__rosidl_typesupport_introspection_cpp
[13.673s] [ 73%] Built target gps__rosidl_typesupport_fastrtps_cpp
[13.685s] [ 73%] Built target gps
[13.696s] [ 76%] [34m[1mGenerating Python code for ROS interfaces[0m
[13.911s] [ 76%] Built target gps__py
[13.922s] [ 79%] [32mBuilding C object CMakeFiles/gps__rosidl_generator_py.dir/rosidl_generator_py/gps/msg/_gps_s.c.o[0m
[13.985s] [ 82%] [32m[1mLinking C shared library rosidl_generator_py/gps/libgps__rosidl_generator_py.so[0m
[14.578s] [ 82%] Built target gps__rosidl_generator_py
[14.591s] [ 85%] [32mBuilding C object CMakeFiles/gps__rosidl_typesupport_c__pyext.dir/rosidl_generator_py/gps/_gps_s.ep.rosidl_typesupport_c.c.o[0m
[14.591s] [ 88%] [32mBuilding C object CMakeFiles/gps__rosidl_typesupport_introspection_c__pyext.dir/rosidl_generator_py/gps/_gps_s.ep.rosidl_typesupport_introspection_c.c.o[0m
[14.593s] [ 91%] [32mBuilding C object CMakeFiles/gps__rosidl_typesupport_fastrtps_c__pyext.dir/rosidl_generator_py/gps/_gps_s.ep.rosidl_typesupport_fastrtps_c.c.o[0m
[14.644s] [ 94%] [32m[1mLinking C shared library rosidl_generator_py/gps/gps_s__rosidl_typesupport_c.cpython-310-x86_64-linux-gnu.so[0m
[14.645s] [ 97%] [32m[1mLinking C shared library rosidl_generator_py/gps/gps_s__rosidl_typesupport_introspection_c.cpython-310-x86_64-linux-gnu.so[0m
[14.647s] [100%] [32m[1mLinking C shared library rosidl_generator_py/gps/gps_s__rosidl_typesupport_fastrtps_c.cpython-310-x86_64-linux-gnu.so[0m
[15.080s] [100%] Built target gps__rosidl_typesupport_introspection_c__pyext
[15.084s] [100%] Built target gps__rosidl_typesupport_c__pyext
[15.262s] [100%] Built target gps__rosidl_typesupport_fastrtps_c__pyext
[15.270s] Invoked command in '/home/mondegrin/programs/slon/ros2_ws/build/gps' returned '0': CMAKE_PREFIX_PATH=${CMAKE_PREFIX_PATH}:/opt/ros/iron /usr/bin/cmake --build /home/mondegrin/programs/slon/ros2_ws/build/gps -- -j16 -l16
[15.314s] Invoking command in '/home/mondegrin/programs/slon/ros2_ws/build/gps': CMAKE_PREFIX_PATH=${CMAKE_PREFIX_PATH}:/opt/ros/iron /usr/bin/cmake --install /home/mondegrin/programs/slon/ros2_ws/build/gps
[15.319s] -- Install configuration: ""
[15.319s] -- Installing: /home/mondegrin/programs/slon/ros2_ws/install/gps/share/ament_index/resource_index/rosidl_interfaces/gps
[15.320s] -- Installing: /home/mondegrin/programs/slon/ros2_ws/install/gps/share/gps/msg/GPS.json
[15.320s] -- Installing: /home/mondegrin/programs/slon/ros2_ws/install/gps/include/gps/gps
[15.320s] -- Installing: /home/mondegrin/programs/slon/ros2_ws/install/gps/include/gps/gps/msg
[15.320s] -- Installing: /home/mondegrin/programs/slon/ros2_ws/install/gps/include/gps/gps/msg/gps.h
[15.320s] -- Installing: /home/mondegrin/programs/slon/ros2_ws/install/gps/include/gps/gps/msg/rosidl_generator_c__visibility_control.h
[15.320s] -- Installing: /home/mondegrin/programs/slon/ros2_ws/install/gps/include/gps/gps/msg/detail
[15.320s] -- Installing: /home/mondegrin/programs/slon/ros2_ws/install/gps/include/gps/gps/msg/detail/gps__type_support.h
[15.320s] -- Installing: /home/mondegrin/programs/slon/ros2_ws/install/gps/include/gps/gps/msg/detail/gps__functions.h
[15.320s] -- Installing: /home/mondegrin/programs/slon/ros2_ws/install/gps/include/gps/gps/msg/detail/gps__type_support.c
[15.320s] -- Installing: /home/mondegrin/programs/slon/ros2_ws/install/gps/include/gps/gps/msg/detail/gps__struct.h
[15.321s] -- Installing: /home/mondegrin/programs/slon/ros2_ws/install/gps/include/gps/gps/msg/detail/gps__description.c
[15.321s] -- Installing: /home/mondegrin/programs/slon/ros2_ws/install/gps/include/gps/gps/msg/detail/gps__functions.c
[15.321s] -- Installing: /home/mondegrin/programs/slon/ros2_ws/install/gps/share/gps/environment/library_path.sh
[15.322s] -- Installing: /home/mondegrin/programs/slon/ros2_ws/install/gps/share/gps/environment/library_path.dsv
[15.322s] -- Installing: /home/mondegrin/programs/slon/ros2_ws/install/gps/lib/libgps__rosidl_generator_c.so
[15.322s] -- Set runtime path of "/home/mondegrin/programs/slon/ros2_ws/install/gps/lib/libgps__rosidl_generator_c.so" to ""
[15.322s] -- Up-to-date: /home/mondegrin/programs/slon/ros2_ws/install/gps/include/gps/gps
[15.323s] -- Up-to-date: /home/mondegrin/programs/slon/ros2_ws/install/gps/include/gps/gps/msg
[15.323s] -- Installing: /home/mondegrin/programs/slon/ros2_ws/install/gps/include/gps/gps/msg/rosidl_typesupport_fastrtps_c__visibility_control.h
[15.323s] -- Up-to-date: /home/mondegrin/programs/slon/ros2_ws/install/gps/include/gps/gps/msg/detail
[15.323s] -- Installing: /home/mondegrin/programs/slon/ros2_ws/install/gps/include/gps/gps/msg/detail/gps__rosidl_typesupport_fastrtps_c.h
[15.323s] -- Installing: /home/mondegrin/programs/slon/ros2_ws/install/gps/lib/libgps__rosidl_typesupport_fastrtps_c.so
[15.323s] -- Set runtime path of "/home/mondegrin/programs/slon/ros2_ws/install/gps/lib/libgps__rosidl_typesupport_fastrtps_c.so" to ""
[15.323s] -- Up-to-date: /home/mondegrin/programs/slon/ros2_ws/install/gps/include/gps/gps
[15.324s] -- Up-to-date: /home/mondegrin/programs/slon/ros2_ws/install/gps/include/gps/gps/msg
[15.324s] -- Installing: /home/mondegrin/programs/slon/ros2_ws/install/gps/include/gps/gps/msg/gps.hpp
[15.325s] -- Up-to-date: /home/mondegrin/programs/slon/ros2_ws/install/gps/include/gps/gps/msg/detail
[15.325s] -- Installing: /home/mondegrin/programs/slon/ros2_ws/install/gps/include/gps/gps/msg/detail/gps__traits.hpp
[15.325s] -- Installing: /home/mondegrin/programs/slon/ros2_ws/install/gps/include/gps/gps/msg/detail/gps__struct.hpp
[15.325s] -- Installing: /home/mondegrin/programs/slon/ros2_ws/install/gps/include/gps/gps/msg/detail/gps__builder.hpp
[15.325s] -- Up-to-date: /home/mondegrin/programs/slon/ros2_ws/install/gps/include/gps/gps
[15.325s] -- Up-to-date: /home/mondegrin/programs/slon/ros2_ws/install/gps/include/gps/gps/msg
[15.325s] -- Installing: /home/mondegrin/programs/slon/ros2_ws/install/gps/include/gps/gps/msg/rosidl_typesupport_fastrtps_cpp__visibility_control.h
[15.326s] -- Up-to-date: /home/mondegrin/programs/slon/ros2_ws/install/gps/include/gps/gps/msg/detail
[15.326s] -- Installing: /home/mondegrin/programs/slon/ros2_ws/install/gps/include/gps/gps/msg/detail/dds_fastrtps
[15.326s] -- Installing: /home/mondegrin/programs/slon/ros2_ws/install/gps/include/gps/gps/msg/detail/gps__rosidl_typesupport_fastrtps_cpp.hpp
[15.326s] -- Installing: /home/mondegrin/programs/slon/ros2_ws/install/gps/lib/libgps__rosidl_typesupport_fastrtps_cpp.so
[15.326s] -- Set runtime path of "/home/mondegrin/programs/slon/ros2_ws/install/gps/lib/libgps__rosidl_typesupport_fastrtps_cpp.so" to ""
[15.326s] -- Up-to-date: /home/mondegrin/programs/slon/ros2_ws/install/gps/include/gps/gps
[15.326s] -- Up-to-date: /home/mondegrin/programs/slon/ros2_ws/install/gps/include/gps/gps/msg
[15.326s] -- Installing: /home/mondegrin/programs/slon/ros2_ws/install/gps/include/gps/gps/msg/rosidl_typesupport_introspection_c__visibility_control.h
[15.326s] -- Up-to-date: /home/mondegrin/programs/slon/ros2_ws/install/gps/include/gps/gps/msg/detail
[15.326s] -- Installing: /home/mondegrin/programs/slon/ros2_ws/install/gps/include/gps/gps/msg/detail/gps__type_support.c
[15.327s] -- Installing: /home/mondegrin/programs/slon/ros2_ws/install/gps/include/gps/gps/msg/detail/gps__rosidl_typesupport_introspection_c.h
[15.327s] -- Installing: /home/mondegrin/programs/slon/ros2_ws/install/gps/lib/libgps__rosidl_typesupport_introspection_c.so
[15.327s] -- Set runtime path of "/home/mondegrin/programs/slon/ros2_ws/install/gps/lib/libgps__rosidl_typesupport_introspection_c.so" to ""
[15.327s] -- Installing: /home/mondegrin/programs/slon/ros2_ws/install/gps/lib/libgps__rosidl_typesupport_c.so
[15.327s] -- Set runtime path of "/home/mondegrin/programs/slon/ros2_ws/install/gps/lib/libgps__rosidl_typesupport_c.so" to ""
[15.327s] -- Up-to-date: /home/mondegrin/programs/slon/ros2_ws/install/gps/include/gps/gps
[15.327s] -- Up-to-date: /home/mondegrin/programs/slon/ros2_ws/install/gps/include/gps/gps/msg
[15.327s] -- Up-to-date: /home/mondegrin/programs/slon/ros2_ws/install/gps/include/gps/gps/msg/detail
[15.327s] -- Installing: /home/mondegrin/programs/slon/ros2_ws/install/gps/include/gps/gps/msg/detail/gps__type_support.cpp
[15.327s] -- Installing: /home/mondegrin/programs/slon/ros2_ws/install/gps/include/gps/gps/msg/detail/gps__rosidl_typesupport_introspection_cpp.hpp
[15.328s] -- Installing: /home/mondegrin/programs/slon/ros2_ws/install/gps/lib/libgps__rosidl_typesupport_introspection_cpp.so
[15.328s] -- Set runtime path of "/home/mondegrin/programs/slon/ros2_ws/install/gps/lib/libgps__rosidl_typesupport_introspection_cpp.so" to ""
[15.328s] -- Installing: /home/mondegrin/programs/slon/ros2_ws/install/gps/lib/libgps__rosidl_typesupport_cpp.so
[15.328s] -- Set runtime path of "/home/mondegrin/programs/slon/ros2_ws/install/gps/lib/libgps__rosidl_typesupport_cpp.so" to ""
[15.328s] -- Installing: /home/mondegrin/programs/slon/ros2_ws/install/gps/share/gps/environment/pythonpath.sh
[15.328s] -- Installing: /home/mondegrin/programs/slon/ros2_ws/install/gps/share/gps/environment/pythonpath.dsv
[15.328s] -- Installing: /home/mondegrin/programs/slon/ros2_ws/install/gps/lib/python3.10/site-packages/gps-0.0.0-py3.10.egg-info
[15.329s] -- Installing: /home/mondegrin/programs/slon/ros2_ws/install/gps/lib/python3.10/site-packages/gps-0.0.0-py3.10.egg-info/SOURCES.txt
[15.329s] -- Installing: /home/mondegrin/programs/slon/ros2_ws/install/gps/lib/python3.10/site-packages/gps-0.0.0-py3.10.egg-info/top_level.txt
[15.329s] -- Installing: /home/mondegrin/programs/slon/ros2_ws/install/gps/lib/python3.10/site-packages/gps-0.0.0-py3.10.egg-info/PKG-INFO
[15.329s] -- Installing: /home/mondegrin/programs/slon/ros2_ws/install/gps/lib/python3.10/site-packages/gps-0.0.0-py3.10.egg-info/dependency_links.txt
[15.329s] -- Installing: /home/mondegrin/programs/slon/ros2_ws/install/gps/lib/python3.10/site-packages/gps
[15.329s] -- Installing: /home/mondegrin/programs/slon/ros2_ws/install/gps/lib/python3.10/site-packages/gps/gps_s__rosidl_typesupport_introspection_c.cpython-310-x86_64-linux-gnu.so
[15.329s] -- Installing: /home/mondegrin/programs/slon/ros2_ws/install/gps/lib/python3.10/site-packages/gps/msg
[15.329s] -- Installing: /home/mondegrin/programs/slon/ros2_ws/install/gps/lib/python3.10/site-packages/gps/msg/_gps_s.c
[15.329s] -- Installing: /home/mondegrin/programs/slon/ros2_ws/install/gps/lib/python3.10/site-packages/gps/msg/__init__.py
[15.329s] -- Installing: /home/mondegrin/programs/slon/ros2_ws/install/gps/lib/python3.10/site-packages/gps/msg/_gps.py
[15.329s] -- Installing: /home/mondegrin/programs/slon/ros2_ws/install/gps/lib/python3.10/site-packages/gps/libgps__rosidl_generator_py.so
[15.330s] -- Installing: /home/mondegrin/programs/slon/ros2_ws/install/gps/lib/python3.10/site-packages/gps/_gps_s.ep.rosidl_typesupport_fastrtps_c.c
[15.330s] -- Installing: /home/mondegrin/programs/slon/ros2_ws/install/gps/lib/python3.10/site-packages/gps/_gps_s.ep.rosidl_typesupport_c.c
[15.330s] -- Installing: /home/mondegrin/programs/slon/ros2_ws/install/gps/lib/python3.10/site-packages/gps/__init__.py
[15.330s] -- Installing: /home/mondegrin/programs/slon/ros2_ws/install/gps/lib/python3.10/site-packages/gps/gps_s__rosidl_typesupport_c.cpython-310-x86_64-linux-gnu.so
[15.330s] -- Installing: /home/mondegrin/programs/slon/ros2_ws/install/gps/lib/python3.10/site-packages/gps/_gps_s.ep.rosidl_typesupport_introspection_c.c
[15.330s] -- Installing: /home/mondegrin/programs/slon/ros2_ws/install/gps/lib/python3.10/site-packages/gps/gps_s__rosidl_typesupport_fastrtps_c.cpython-310-x86_64-linux-gnu.so
[15.350s] Listing '/home/mondegrin/programs/slon/ros2_ws/install/gps/lib/python3.10/site-packages/gps'...
[15.350s] Compiling '/home/mondegrin/programs/slon/ros2_ws/install/gps/lib/python3.10/site-packages/gps/__init__.py'...
[15.350s] Listing '/home/mondegrin/programs/slon/ros2_ws/install/gps/lib/python3.10/site-packages/gps/msg'...
[15.350s] Compiling '/home/mondegrin/programs/slon/ros2_ws/install/gps/lib/python3.10/site-packages/gps/msg/__init__.py'...
[15.350s] Compiling '/home/mondegrin/programs/slon/ros2_ws/install/gps/lib/python3.10/site-packages/gps/msg/_gps.py'...
[15.353s] -- Installing: /home/mondegrin/programs/slon/ros2_ws/install/gps/lib/python3.10/site-packages/gps/gps_s__rosidl_typesupport_fastrtps_c.cpython-310-x86_64-linux-gnu.so
[15.354s] -- Set runtime path of "/home/mondegrin/programs/slon/ros2_ws/install/gps/lib/python3.10/site-packages/gps/gps_s__rosidl_typesupport_fastrtps_c.cpython-310-x86_64-linux-gnu.so" to ""
[15.354s] -- Installing: /home/mondegrin/programs/slon/ros2_ws/install/gps/lib/python3.10/site-packages/gps/gps_s__rosidl_typesupport_introspection_c.cpython-310-x86_64-linux-gnu.so
[15.354s] -- Set runtime path of "/home/mondegrin/programs/slon/ros2_ws/install/gps/lib/python3.10/site-packages/gps/gps_s__rosidl_typesupport_introspection_c.cpython-310-x86_64-linux-gnu.so" to ""
[15.354s] -- Installing: /home/mondegrin/programs/slon/ros2_ws/install/gps/lib/python3.10/site-packages/gps/gps_s__rosidl_typesupport_c.cpython-310-x86_64-linux-gnu.so
[15.354s] -- Set runtime path of "/home/mondegrin/programs/slon/ros2_ws/install/gps/lib/python3.10/site-packages/gps/gps_s__rosidl_typesupport_c.cpython-310-x86_64-linux-gnu.so" to ""
[15.354s] -- Installing: /home/mondegrin/programs/slon/ros2_ws/install/gps/lib/libgps__rosidl_generator_py.so
[15.355s] -- Set runtime path of "/home/mondegrin/programs/slon/ros2_ws/install/gps/lib/libgps__rosidl_generator_py.so" to ""
[15.355s] -- Installing: /home/mondegrin/programs/slon/ros2_ws/install/gps/share/gps/msg/GPS.idl
[15.355s] -- Installing: /home/mondegrin/programs/slon/ros2_ws/install/gps/share/gps/msg/GPS.msg
[15.355s] -- Installing: /home/mondegrin/programs/slon/ros2_ws/install/gps/share/ament_index/resource_index/package_run_dependencies/gps
[15.355s] -- Installing: /home/mondegrin/programs/slon/ros2_ws/install/gps/share/ament_index/resource_index/parent_prefix_path/gps
[15.355s] -- Installing: /home/mondegrin/programs/slon/ros2_ws/install/gps/share/gps/environment/ament_prefix_path.sh
[15.355s] -- Installing: /home/mondegrin/programs/slon/ros2_ws/install/gps/share/gps/environment/ament_prefix_path.dsv
[15.355s] -- Installing: /home/mondegrin/programs/slon/ros2_ws/install/gps/share/gps/environment/path.sh
[15.356s] -- Installing: /home/mondegrin/programs/slon/ros2_ws/install/gps/share/gps/environment/path.dsv
[15.356s] -- Installing: /home/mondegrin/programs/slon/ros2_ws/install/gps/share/gps/local_setup.bash
[15.356s] -- Installing: /home/mondegrin/programs/slon/ros2_ws/install/gps/share/gps/local_setup.sh
[15.356s] -- Installing: /home/mondegrin/programs/slon/ros2_ws/install/gps/share/gps/local_setup.zsh
[15.356s] -- Installing: /home/mondegrin/programs/slon/ros2_ws/install/gps/share/gps/local_setup.dsv
[15.357s] -- Installing: /home/mondegrin/programs/slon/ros2_ws/install/gps/share/gps/package.dsv
[15.357s] -- Installing: /home/mondegrin/programs/slon/ros2_ws/install/gps/share/ament_index/resource_index/packages/gps
[15.357s] -- Installing: /home/mondegrin/programs/slon/ros2_ws/install/gps/share/gps/cmake/export_gps__rosidl_generator_cExport.cmake
[15.357s] -- Installing: /home/mondegrin/programs/slon/ros2_ws/install/gps/share/gps/cmake/export_gps__rosidl_generator_cExport-noconfig.cmake
[15.357s] -- Installing: /home/mondegrin/programs/slon/ros2_ws/install/gps/share/gps/cmake/export_gps__rosidl_typesupport_fastrtps_cExport.cmake
[15.357s] -- Installing: /home/mondegrin/programs/slon/ros2_ws/install/gps/share/gps/cmake/export_gps__rosidl_typesupport_fastrtps_cExport-noconfig.cmake
[15.357s] -- Installing: /home/mondegrin/programs/slon/ros2_ws/install/gps/share/gps/cmake/export_gps__rosidl_generator_cppExport.cmake
[15.357s] -- Installing: /home/mondegrin/programs/slon/ros2_ws/install/gps/share/gps/cmake/export_gps__rosidl_typesupport_fastrtps_cppExport.cmake
[15.357s] -- Installing: /home/mondegrin/programs/slon/ros2_ws/install/gps/share/gps/cmake/export_gps__rosidl_typesupport_fastrtps_cppExport-noconfig.cmake
[15.357s] -- Installing: /home/mondegrin/programs/slon/ros2_ws/install/gps/share/gps/cmake/gps__rosidl_typesupport_introspection_cExport.cmake
[15.358s] -- Installing: /home/mondegrin/programs/slon/ros2_ws/install/gps/share/gps/cmake/gps__rosidl_typesupport_introspection_cExport-noconfig.cmake
[15.358s] -- Installing: /home/mondegrin/programs/slon/ros2_ws/install/gps/share/gps/cmake/gps__rosidl_typesupport_cExport.cmake
[15.358s] -- Installing: /home/mondegrin/programs/slon/ros2_ws/install/gps/share/gps/cmake/gps__rosidl_typesupport_cExport-noconfig.cmake
[15.358s] -- Installing: /home/mondegrin/programs/slon/ros2_ws/install/gps/share/gps/cmake/gps__rosidl_typesupport_introspection_cppExport.cmake
[15.358s] -- Installing: /home/mondegrin/programs/slon/ros2_ws/install/gps/share/gps/cmake/gps__rosidl_typesupport_introspection_cppExport-noconfig.cmake
[15.358s] -- Installing: /home/mondegrin/programs/slon/ros2_ws/install/gps/share/gps/cmake/gps__rosidl_typesupport_cppExport.cmake
[15.358s] -- Installing: /home/mondegrin/programs/slon/ros2_ws/install/gps/share/gps/cmake/gps__rosidl_typesupport_cppExport-noconfig.cmake
[15.358s] -- Installing: /home/mondegrin/programs/slon/ros2_ws/install/gps/share/gps/cmake/export_gps__rosidl_generator_pyExport.cmake
[15.358s] -- Installing: /home/mondegrin/programs/slon/ros2_ws/install/gps/share/gps/cmake/export_gps__rosidl_generator_pyExport-noconfig.cmake
[15.358s] -- Installing: /home/mondegrin/programs/slon/ros2_ws/install/gps/share/gps/cmake/rosidl_cmake-extras.cmake
[15.358s] -- Installing: /home/mondegrin/programs/slon/ros2_ws/install/gps/share/gps/cmake/ament_cmake_export_include_directories-extras.cmake
[15.358s] -- Installing: /home/mondegrin/programs/slon/ros2_ws/install/gps/share/gps/cmake/ament_cmake_export_libraries-extras.cmake
[15.358s] -- Installing: /home/mondegrin/programs/slon/ros2_ws/install/gps/share/gps/cmake/ament_cmake_export_targets-extras.cmake
[15.358s] -- Installing: /home/mondegrin/programs/slon/ros2_ws/install/gps/share/gps/cmake/rosidl_cmake_export_typesupport_targets-extras.cmake
[15.358s] -- Installing: /home/mondegrin/programs/slon/ros2_ws/install/gps/share/gps/cmake/ament_cmake_export_dependencies-extras.cmake
[15.358s] -- Installing: /home/mondegrin/programs/slon/ros2_ws/install/gps/share/gps/cmake/rosidl_cmake_export_typesupport_libraries-extras.cmake
[15.358s] -- Installing: /home/mondegrin/programs/slon/ros2_ws/install/gps/share/gps/cmake/gpsConfig.cmake
[15.359s] -- Installing: /home/mondegrin/programs/slon/ros2_ws/install/gps/share/gps/cmake/gpsConfig-version.cmake
[15.359s] -- Installing: /home/mondegrin/programs/slon/ros2_ws/install/gps/share/gps/package.xml
[15.359s] Invoked command in '/home/mondegrin/programs/slon/ros2_ws/build/gps' returned '0': CMAKE_PREFIX_PATH=${CMAKE_PREFIX_PATH}:/opt/ros/iron /usr/bin/cmake --install /home/mondegrin/programs/slon/ros2_ws/build/gps
