[0.251s] Invoking command in '/home/mondegrin/programs/slon/microros_ws/firmware/mcu_ws/build/tracetools': CMAKE_PREFIX_PATH=${CMAKE_PREFIX_PATH}:/home/mondegrin/programs/slon/microros_ws/firmware/dev_ws/install/ament_uncrustify:/home/mondegrin/programs/slon/microros_ws/firmware/dev_ws/install/domain_coordinator:/home/mondegrin/programs/slon/microros_ws/firmware/dev_ws/install/ament_xmllint:/home/mondegrin/programs/slon/microros_ws/firmware/dev_ws/install/ament_pyflakes:/home/mondegrin/programs/slon/microros_ws/firmware/dev_ws/install/ament_pycodestyle:/home/mondegrin/programs/slon/microros_ws/firmware/dev_ws/install/ament_pep257:/home/mondegrin/programs/slon/microros_ws/firmware/dev_ws/install/ament_pclint:/home/mondegrin/programs/slon/microros_ws/firmware/dev_ws/install/ament_package:/home/mondegrin/programs/slon/microros_ws/firmware/dev_ws/install/ament_mypy:/home/mondegrin/programs/slon/microros_ws/firmware/dev_ws/install/ament_lint_cmake:/home/mondegrin/programs/slon/microros_ws/firmware/dev_ws/install/ament_flake8:/home/mondegrin/programs/slon/microros_ws/firmware/dev_ws/install/ament_copyright:/home/mondegrin/programs/slon/microros_ws/firmware/dev_ws/install/ament_lint:/home/mondegrin/programs/slon/microros_ws/firmware/dev_ws/install/ament_index_python:/home/mondegrin/programs/slon/microros_ws/firmware/dev_ws/install/ament_cpplint:/home/mondegrin/programs/slon/microros_ws/firmware/dev_ws/install/ament_cppcheck:/home/mondegrin/programs/slon/microros_ws/firmware/dev_ws/install/ament_clang_tidy:/home/mondegrin/programs/slon/microros_ws/firmware/dev_ws/install/ament_clang_format /usr/bin/cmake /home/mondegrin/programs/slon/microros_ws/firmware/mcu_ws/ros2/ros2_tracing/tracetools --no-warn-unused-cli -DCMAKE_POSITION_INDEPENDENT_CODE:BOOL=OFF -DTHIRDPARTY=ON -DBUILD_SHARED_LIBS=OFF -DBUILD_TESTING=OFF -DCMAKE_BUILD_TYPE=Debug -DCMAKE_TOOLCHAIN_FILE=/home/mondegrin/programs/slon/microros_ws/firmware/freertos_apps/microros_esp32_extensions/esp32_toolchain.cmake -DCMAKE_VERBOSE_MAKEFILE=ON -DTRACETOOLS_DISABLED=ON -DTRACETOOLS_STATUS_CHECKING_TOOL=OFF -DCMAKE_INSTALL_PREFIX=/home/mondegrin/programs/slon/microros_ws/firmware/mcu_ws/install
[0.739s] Not searching for unused variables given on the command line.
[0.740s] -- The C compiler identification is GNU 8.2.0
[0.741s] -- The CXX compiler identification is GNU 8.2.0
[0.741s] -- Detecting C compiler ABI info
[0.741s] -- Detecting C compiler ABI info - done
[0.741s] -- Check for working C compiler: /home/mondegrin/programs/slon/microros_ws/firmware/toolchain/espressif/tools/xtensa-esp32-elf/esp-2020r2-8.2.0/xtensa-esp32-elf/bin/xtensa-esp32-elf-gcc - skipped
[0.741s] -- Detecting C compile features
[0.743s] -- Detecting C compile features - done
[0.743s] -- Detecting CXX compiler ABI info
[0.743s] -- Detecting CXX compiler ABI info - done
[0.743s] -- Check for working CXX compiler: /home/mondegrin/programs/slon/microros_ws/firmware/toolchain/espressif/tools/xtensa-esp32-elf/esp-2020r2-8.2.0/xtensa-esp32-elf/bin/xtensa-esp32-elf-g++ - skipped
[0.744s] -- Detecting CXX compile features
[0.744s] -- Detecting CXX compile features - done
[0.744s] -- Found ament_cmake_ros: 0.11.2 (/home/mondegrin/programs/slon/microros_ws/firmware/dev_ws/install/ament_cmake_ros/share/ament_cmake_ros/cmake)
[0.744s] -- Found Python3: /home/mondegrin/programs/slon/microros_ws/firmware/toolchain/espressif/python_env/idf4.1_py3.10_env/bin/python3.10 (found version "3.10.12") found components: Interpreter 
[0.877s] -- Configuring done
[0.882s] -- Generating done
[0.882s] -- Build files have been written to: /home/mondegrin/programs/slon/microros_ws/firmware/mcu_ws/build/tracetools
[0.959s] Invoked command in '/home/mondegrin/programs/slon/microros_ws/firmware/mcu_ws/build/tracetools' returned '0': CMAKE_PREFIX_PATH=${CMAKE_PREFIX_PATH}:/home/mondegrin/programs/slon/microros_ws/firmware/dev_ws/install/ament_uncrustify:/home/mondegrin/programs/slon/microros_ws/firmware/dev_ws/install/domain_coordinator:/home/mondegrin/programs/slon/microros_ws/firmware/dev_ws/install/ament_xmllint:/home/mondegrin/programs/slon/microros_ws/firmware/dev_ws/install/ament_pyflakes:/home/mondegrin/programs/slon/microros_ws/firmware/dev_ws/install/ament_pycodestyle:/home/mondegrin/programs/slon/microros_ws/firmware/dev_ws/install/ament_pep257:/home/mondegrin/programs/slon/microros_ws/firmware/dev_ws/install/ament_pclint:/home/mondegrin/programs/slon/microros_ws/firmware/dev_ws/install/ament_package:/home/mondegrin/programs/slon/microros_ws/firmware/dev_ws/install/ament_mypy:/home/mondegrin/programs/slon/microros_ws/firmware/dev_ws/install/ament_lint_cmake:/home/mondegrin/programs/slon/microros_ws/firmware/dev_ws/install/ament_flake8:/home/mondegrin/programs/slon/microros_ws/firmware/dev_ws/install/ament_copyright:/home/mondegrin/programs/slon/microros_ws/firmware/dev_ws/install/ament_lint:/home/mondegrin/programs/slon/microros_ws/firmware/dev_ws/install/ament_index_python:/home/mondegrin/programs/slon/microros_ws/firmware/dev_ws/install/ament_cpplint:/home/mondegrin/programs/slon/microros_ws/firmware/dev_ws/install/ament_cppcheck:/home/mondegrin/programs/slon/microros_ws/firmware/dev_ws/install/ament_clang_tidy:/home/mondegrin/programs/slon/microros_ws/firmware/dev_ws/install/ament_clang_format /usr/bin/cmake /home/mondegrin/programs/slon/microros_ws/firmware/mcu_ws/ros2/ros2_tracing/tracetools --no-warn-unused-cli -DCMAKE_POSITION_INDEPENDENT_CODE:BOOL=OFF -DTHIRDPARTY=ON -DBUILD_SHARED_LIBS=OFF -DBUILD_TESTING=OFF -DCMAKE_BUILD_TYPE=Debug -DCMAKE_TOOLCHAIN_FILE=/home/mondegrin/programs/slon/microros_ws/firmware/freertos_apps/microros_esp32_extensions/esp32_toolchain.cmake -DCMAKE_VERBOSE_MAKEFILE=ON -DTRACETOOLS_DISABLED=ON -DTRACETOOLS_STATUS_CHECKING_TOOL=OFF -DCMAKE_INSTALL_PREFIX=/home/mondegrin/programs/slon/microros_ws/firmware/mcu_ws/install
[0.961s] Invoking command in '/home/mondegrin/programs/slon/microros_ws/firmware/mcu_ws/build/tracetools': CMAKE_PREFIX_PATH=${CMAKE_PREFIX_PATH}:/home/mondegrin/programs/slon/microros_ws/firmware/dev_ws/install/ament_uncrustify:/home/mondegrin/programs/slon/microros_ws/firmware/dev_ws/install/domain_coordinator:/home/mondegrin/programs/slon/microros_ws/firmware/dev_ws/install/ament_xmllint:/home/mondegrin/programs/slon/microros_ws/firmware/dev_ws/install/ament_pyflakes:/home/mondegrin/programs/slon/microros_ws/firmware/dev_ws/install/ament_pycodestyle:/home/mondegrin/programs/slon/microros_ws/firmware/dev_ws/install/ament_pep257:/home/mondegrin/programs/slon/microros_ws/firmware/dev_ws/install/ament_pclint:/home/mondegrin/programs/slon/microros_ws/firmware/dev_ws/install/ament_package:/home/mondegrin/programs/slon/microros_ws/firmware/dev_ws/install/ament_mypy:/home/mondegrin/programs/slon/microros_ws/firmware/dev_ws/install/ament_lint_cmake:/home/mondegrin/programs/slon/microros_ws/firmware/dev_ws/install/ament_flake8:/home/mondegrin/programs/slon/microros_ws/firmware/dev_ws/install/ament_copyright:/home/mondegrin/programs/slon/microros_ws/firmware/dev_ws/install/ament_lint:/home/mondegrin/programs/slon/microros_ws/firmware/dev_ws/install/ament_index_python:/home/mondegrin/programs/slon/microros_ws/firmware/dev_ws/install/ament_cpplint:/home/mondegrin/programs/slon/microros_ws/firmware/dev_ws/install/ament_cppcheck:/home/mondegrin/programs/slon/microros_ws/firmware/dev_ws/install/ament_clang_tidy:/home/mondegrin/programs/slon/microros_ws/firmware/dev_ws/install/ament_clang_format /usr/bin/cmake --build /home/mondegrin/programs/slon/microros_ws/firmware/mcu_ws/build/tracetools -- -j16 -l16
[0.974s] gmake[4]: Entering directory '/home/mondegrin/programs/slon/microros_ws/firmware/mcu_ws/build/tracetools'
[0.974s] /usr/bin/cmake -S/home/mondegrin/programs/slon/microros_ws/firmware/mcu_ws/ros2/ros2_tracing/tracetools -B/home/mondegrin/programs/slon/microros_ws/firmware/mcu_ws/build/tracetools --check-build-system CMakeFiles/Makefile.cmake 0
[0.982s] /usr/bin/cmake -E cmake_progress_start /home/mondegrin/programs/slon/microros_ws/firmware/mcu_ws/build/tracetools/CMakeFiles /home/mondegrin/programs/slon/microros_ws/firmware/mcu_ws/build/tracetools//CMakeFiles/progress.marks
[0.988s] /usr/bin/gmake  -f CMakeFiles/Makefile2 all
[0.989s] gmake[5]: Entering directory '/home/mondegrin/programs/slon/microros_ws/firmware/mcu_ws/build/tracetools'
[0.989s] gmake[5]: Nothing to be done for 'all'.
[0.989s] gmake[5]: Leaving directory '/home/mondegrin/programs/slon/microros_ws/firmware/mcu_ws/build/tracetools'
[0.990s] /usr/bin/cmake -E cmake_progress_start /home/mondegrin/programs/slon/microros_ws/firmware/mcu_ws/build/tracetools/CMakeFiles 0
[0.998s] gmake[4]: Leaving directory '/home/mondegrin/programs/slon/microros_ws/firmware/mcu_ws/build/tracetools'
[1.061s] Invoked command in '/home/mondegrin/programs/slon/microros_ws/firmware/mcu_ws/build/tracetools' returned '0': CMAKE_PREFIX_PATH=${CMAKE_PREFIX_PATH}:/home/mondegrin/programs/slon/microros_ws/firmware/dev_ws/install/ament_uncrustify:/home/mondegrin/programs/slon/microros_ws/firmware/dev_ws/install/domain_coordinator:/home/mondegrin/programs/slon/microros_ws/firmware/dev_ws/install/ament_xmllint:/home/mondegrin/programs/slon/microros_ws/firmware/dev_ws/install/ament_pyflakes:/home/mondegrin/programs/slon/microros_ws/firmware/dev_ws/install/ament_pycodestyle:/home/mondegrin/programs/slon/microros_ws/firmware/dev_ws/install/ament_pep257:/home/mondegrin/programs/slon/microros_ws/firmware/dev_ws/install/ament_pclint:/home/mondegrin/programs/slon/microros_ws/firmware/dev_ws/install/ament_package:/home/mondegrin/programs/slon/microros_ws/firmware/dev_ws/install/ament_mypy:/home/mondegrin/programs/slon/microros_ws/firmware/dev_ws/install/ament_lint_cmake:/home/mondegrin/programs/slon/microros_ws/firmware/dev_ws/install/ament_flake8:/home/mondegrin/programs/slon/microros_ws/firmware/dev_ws/install/ament_copyright:/home/mondegrin/programs/slon/microros_ws/firmware/dev_ws/install/ament_lint:/home/mondegrin/programs/slon/microros_ws/firmware/dev_ws/install/ament_index_python:/home/mondegrin/programs/slon/microros_ws/firmware/dev_ws/install/ament_cpplint:/home/mondegrin/programs/slon/microros_ws/firmware/dev_ws/install/ament_cppcheck:/home/mondegrin/programs/slon/microros_ws/firmware/dev_ws/install/ament_clang_tidy:/home/mondegrin/programs/slon/microros_ws/firmware/dev_ws/install/ament_clang_format /usr/bin/cmake --build /home/mondegrin/programs/slon/microros_ws/firmware/mcu_ws/build/tracetools -- -j16 -l16
[1.202s] Invoking command in '/home/mondegrin/programs/slon/microros_ws/firmware/mcu_ws/build/tracetools': CMAKE_PREFIX_PATH=${CMAKE_PREFIX_PATH}:/home/mondegrin/programs/slon/microros_ws/firmware/dev_ws/install/ament_uncrustify:/home/mondegrin/programs/slon/microros_ws/firmware/dev_ws/install/domain_coordinator:/home/mondegrin/programs/slon/microros_ws/firmware/dev_ws/install/ament_xmllint:/home/mondegrin/programs/slon/microros_ws/firmware/dev_ws/install/ament_pyflakes:/home/mondegrin/programs/slon/microros_ws/firmware/dev_ws/install/ament_pycodestyle:/home/mondegrin/programs/slon/microros_ws/firmware/dev_ws/install/ament_pep257:/home/mondegrin/programs/slon/microros_ws/firmware/dev_ws/install/ament_pclint:/home/mondegrin/programs/slon/microros_ws/firmware/dev_ws/install/ament_package:/home/mondegrin/programs/slon/microros_ws/firmware/dev_ws/install/ament_mypy:/home/mondegrin/programs/slon/microros_ws/firmware/dev_ws/install/ament_lint_cmake:/home/mondegrin/programs/slon/microros_ws/firmware/dev_ws/install/ament_flake8:/home/mondegrin/programs/slon/microros_ws/firmware/dev_ws/install/ament_copyright:/home/mondegrin/programs/slon/microros_ws/firmware/dev_ws/install/ament_lint:/home/mondegrin/programs/slon/microros_ws/firmware/dev_ws/install/ament_index_python:/home/mondegrin/programs/slon/microros_ws/firmware/dev_ws/install/ament_cpplint:/home/mondegrin/programs/slon/microros_ws/firmware/dev_ws/install/ament_cppcheck:/home/mondegrin/programs/slon/microros_ws/firmware/dev_ws/install/ament_clang_tidy:/home/mondegrin/programs/slon/microros_ws/firmware/dev_ws/install/ament_clang_format /usr/bin/cmake --install /home/mondegrin/programs/slon/microros_ws/firmware/mcu_ws/build/tracetools
[1.213s] -- Install configuration: "Debug"
[1.213s] -- Up-to-date: /home/mondegrin/programs/slon/microros_ws/firmware/mcu_ws/install/include/tracetools
[1.213s] -- Installing: /home/mondegrin/programs/slon/microros_ws/firmware/mcu_ws/install/include/tracetools/tracetools
[1.213s] -- Installing: /home/mondegrin/programs/slon/microros_ws/firmware/mcu_ws/install/include/tracetools/tracetools/config.h
[1.213s] -- Installing: /home/mondegrin/programs/slon/microros_ws/firmware/mcu_ws/install/include/tracetools/tracetools/visibility_control.hpp
[1.213s] -- Installing: /home/mondegrin/programs/slon/microros_ws/firmware/mcu_ws/install/include/tracetools/tracetools/utils.hpp
[1.214s] -- Installing: /home/mondegrin/programs/slon/microros_ws/firmware/mcu_ws/install/include/tracetools/tracetools/tracetools.h
[1.214s] -- Installing: /home/mondegrin/programs/slon/microros_ws/firmware/mcu_ws/install/share/ament_index/resource_index/package_run_dependencies/tracetools
[1.214s] -- Installing: /home/mondegrin/programs/slon/microros_ws/firmware/mcu_ws/install/share/ament_index/resource_index/parent_prefix_path/tracetools
[1.214s] -- Installing: /home/mondegrin/programs/slon/microros_ws/firmware/mcu_ws/install/share/tracetools/environment/ament_prefix_path.sh
[1.214s] -- Installing: /home/mondegrin/programs/slon/microros_ws/firmware/mcu_ws/install/share/tracetools/environment/ament_prefix_path.dsv
[1.214s] -- Installing: /home/mondegrin/programs/slon/microros_ws/firmware/mcu_ws/install/share/tracetools/environment/path.sh
[1.214s] -- Installing: /home/mondegrin/programs/slon/microros_ws/firmware/mcu_ws/install/share/tracetools/environment/path.dsv
[1.214s] -- Installing: /home/mondegrin/programs/slon/microros_ws/firmware/mcu_ws/install/share/tracetools/local_setup.bash
[1.222s] -- Installing: /home/mondegrin/programs/slon/microros_ws/firmware/mcu_ws/install/share/tracetools/local_setup.sh
[1.222s] -- Installing: /home/mondegrin/programs/slon/microros_ws/firmware/mcu_ws/install/share/tracetools/local_setup.zsh
[1.222s] -- Installing: /home/mondegrin/programs/slon/microros_ws/firmware/mcu_ws/install/share/tracetools/local_setup.dsv
[1.222s] -- Installing: /home/mondegrin/programs/slon/microros_ws/firmware/mcu_ws/install/share/tracetools/package.dsv
[1.222s] -- Installing: /home/mondegrin/programs/slon/microros_ws/firmware/mcu_ws/install/share/ament_index/resource_index/packages/tracetools
[1.222s] -- Installing: /home/mondegrin/programs/slon/microros_ws/firmware/mcu_ws/install/share/tracetools/cmake/tracetools_exportExport.cmake
[1.222s] -- Installing: /home/mondegrin/programs/slon/microros_ws/firmware/mcu_ws/install/share/tracetools/cmake/ament_cmake_export_targets-extras.cmake
[1.223s] -- Installing: /home/mondegrin/programs/slon/microros_ws/firmware/mcu_ws/install/share/tracetools/cmake/ament_cmake_export_include_directories-extras.cmake
[1.223s] -- Installing: /home/mondegrin/programs/slon/microros_ws/firmware/mcu_ws/install/share/tracetools/cmake/tracetoolsConfig.cmake
[1.223s] -- Installing: /home/mondegrin/programs/slon/microros_ws/firmware/mcu_ws/install/share/tracetools/cmake/tracetoolsConfig-version.cmake
[1.223s] -- Installing: /home/mondegrin/programs/slon/microros_ws/firmware/mcu_ws/install/share/tracetools/package.xml
[1.258s] Invoked command in '/home/mondegrin/programs/slon/microros_ws/firmware/mcu_ws/build/tracetools' returned '0': CMAKE_PREFIX_PATH=${CMAKE_PREFIX_PATH}:/home/mondegrin/programs/slon/microros_ws/firmware/dev_ws/install/ament_uncrustify:/home/mondegrin/programs/slon/microros_ws/firmware/dev_ws/install/domain_coordinator:/home/mondegrin/programs/slon/microros_ws/firmware/dev_ws/install/ament_xmllint:/home/mondegrin/programs/slon/microros_ws/firmware/dev_ws/install/ament_pyflakes:/home/mondegrin/programs/slon/microros_ws/firmware/dev_ws/install/ament_pycodestyle:/home/mondegrin/programs/slon/microros_ws/firmware/dev_ws/install/ament_pep257:/home/mondegrin/programs/slon/microros_ws/firmware/dev_ws/install/ament_pclint:/home/mondegrin/programs/slon/microros_ws/firmware/dev_ws/install/ament_package:/home/mondegrin/programs/slon/microros_ws/firmware/dev_ws/install/ament_mypy:/home/mondegrin/programs/slon/microros_ws/firmware/dev_ws/install/ament_lint_cmake:/home/mondegrin/programs/slon/microros_ws/firmware/dev_ws/install/ament_flake8:/home/mondegrin/programs/slon/microros_ws/firmware/dev_ws/install/ament_copyright:/home/mondegrin/programs/slon/microros_ws/firmware/dev_ws/install/ament_lint:/home/mondegrin/programs/slon/microros_ws/firmware/dev_ws/install/ament_index_python:/home/mondegrin/programs/slon/microros_ws/firmware/dev_ws/install/ament_cpplint:/home/mondegrin/programs/slon/microros_ws/firmware/dev_ws/install/ament_cppcheck:/home/mondegrin/programs/slon/microros_ws/firmware/dev_ws/install/ament_clang_tidy:/home/mondegrin/programs/slon/microros_ws/firmware/dev_ws/install/ament_clang_format /usr/bin/cmake --install /home/mondegrin/programs/slon/microros_ws/firmware/mcu_ws/build/tracetools
