[0.104s] Invoking command in '/home/mondegrin/programs/slon/ros2_ws/build/gps': CMAKE_PREFIX_PATH=${CMAKE_PREFIX_PATH}:/opt/ros/iron /usr/bin/cmake /home/mondegrin/programs/slon/ros2_ws/src/gps -DCMAKE_INSTALL_PREFIX=/home/mondegrin/programs/slon/ros2_ws/install/gps
[0.553s] -- The C compiler identification is GNU 11.4.0
[2.729s] -- The CXX compiler identification is GNU 11.4.0
[4.603s] -- Detecting C compiler ABI info
[5.207s] -- Detecting C compiler ABI info - done
[5.212s] -- Check for working C compiler: /usr/bin/cc - skipped
[5.212s] -- Detecting C compile features
[5.212s] -- Detecting C compile features - done
[5.214s] -- Detecting CXX compiler ABI info
[5.833s] -- Detecting CXX compiler ABI info - done
[5.838s] -- Check for working CXX compiler: /usr/bin/c++ - skipped
[5.838s] -- Detecting CXX compile features
[5.839s] -- Detecting CXX compile features - done
[5.840s] -- Found ament_cmake: 2.0.3 (/opt/ros/iron/share/ament_cmake/cmake)
[5.951s] -- Found Python3: /usr/bin/python3.10 (found version "3.10.12") found components: Interpreter 
[6.004s] -- Found std_msgs: 5.0.0 (/opt/ros/iron/share/std_msgs/cmake)
[6.659s] -- Found rosidl_generator_c: 4.0.1 (/opt/ros/iron/share/rosidl_generator_c/cmake)
[6.667s] -- Found rosidl_generator_cpp: 4.0.1 (/opt/ros/iron/share/rosidl_generator_cpp/cmake)
[6.677s] -- Using all available rosidl_typesupport_c: rosidl_typesupport_fastrtps_c;rosidl_typesupport_introspection_c
[6.689s] -- Using all available rosidl_typesupport_cpp: rosidl_typesupport_fastrtps_cpp;rosidl_typesupport_introspection_cpp
[6.728s] -- Found std_srvs: 5.0.0 (/opt/ros/iron/share/std_srvs/cmake)
[6.795s] -- Found rosidl_default_generators: 1.5.0 (/opt/ros/iron/share/rosidl_default_generators/cmake)
[6.801s] -- Found rosidl_adapter: 4.0.1 (/opt/ros/iron/share/rosidl_adapter/cmake)
[6.988s] -- Found ament_cmake_ros: 0.11.2 (/opt/ros/iron/share/ament_cmake_ros/cmake)
[7.180s] -- Using all available rosidl_typesupport_c: rosidl_typesupport_fastrtps_c;rosidl_typesupport_introspection_c
[7.257s] -- Using all available rosidl_typesupport_cpp: rosidl_typesupport_fastrtps_cpp;rosidl_typesupport_introspection_cpp
[8.093s] -- Found PythonInterp: /usr/bin/python3 (found suitable version "3.10.12", minimum required is "3.6") 
[8.094s] -- Found python_cmake_module: 0.10.2 (/opt/ros/iron/share/python_cmake_module/cmake)
[10.807s] -- Found PythonLibs: /usr/lib/x86_64-linux-gnu/libpython3.10.so (found suitable version "3.10.12", minimum required is "3.5") 
[10.807s] -- Using PYTHON_EXECUTABLE: /usr/bin/python3
[10.807s] -- Using PYTHON_INCLUDE_DIRS: /usr/include/python3.10
[10.807s] -- Using PYTHON_LIBRARIES: /usr/lib/x86_64-linux-gnu/libpython3.10.so
[10.820s] -- Found PythonExtra: .so  
[11.218s] -- Found ament_lint_auto: 0.14.2 (/opt/ros/iron/share/ament_lint_auto/cmake)
[11.228s] -- Added test 'lint_cmake' to check CMake code style
[11.229s] -- Added test 'xmllint' to check XML markup files
[11.231s] -- Configuring done
[11.253s] -- Generating done
[11.255s] -- Build files have been written to: /home/mondegrin/programs/slon/ros2_ws/build/gps
[11.267s] Invoked command in '/home/mondegrin/programs/slon/ros2_ws/build/gps' returned '0': CMAKE_PREFIX_PATH=${CMAKE_PREFIX_PATH}:/opt/ros/iron /usr/bin/cmake /home/mondegrin/programs/slon/ros2_ws/src/gps -DCMAKE_INSTALL_PREFIX=/home/mondegrin/programs/slon/ros2_ws/install/gps
[11.269s] Invoking command in '/home/mondegrin/programs/slon/ros2_ws/build/gps': CMAKE_PREFIX_PATH=${CMAKE_PREFIX_PATH}:/opt/ros/iron /usr/bin/cmake --build /home/mondegrin/programs/slon/ros2_ws/build/gps -- -j16 -l16
[11.309s] [  2%] [34m[1mGenerating type hashes for ROS interfaces[0m
[11.312s] [  2%] Built target ament_cmake_python_copy_gps
[11.442s] [  2%] Built target gps__rosidl_generator_type_description
[11.449s] [  5%] [34m[1mGenerating C code for ROS interfaces[0m
[11.457s] [  8%] [34m[1mGenerating C++ code for ROS interfaces[0m
[11.465s] running egg_info
[11.466s] creating gps.egg-info
[11.466s] writing gps.egg-info/PKG-INFO
[11.466s] writing dependency_links to gps.egg-info/dependency_links.txt
[11.467s] writing top-level names to gps.egg-info/top_level.txt
[11.467s] writing manifest file 'gps.egg-info/SOURCES.txt'
[11.469s] reading manifest file 'gps.egg-info/SOURCES.txt'
[11.469s] writing manifest file 'gps.egg-info/SOURCES.txt'
[11.495s] [  8%] Built target ament_cmake_python_build_gps_egg
[11.607s] [  8%] Built target gps__cpp
[11.625s] [ 14%] [32mBuilding C object CMakeFiles/gps__rosidl_generator_c.dir/rosidl_generator_c/gps/msg/detail/gps__type_support.c.o[0m
[11.625s] [ 17%] [32mBuilding C object CMakeFiles/gps__rosidl_generator_c.dir/rosidl_generator_c/gps/msg/detail/gps__functions.c.o[0m
[11.625s] [ 14%] [32mBuilding C object CMakeFiles/gps__rosidl_generator_c.dir/rosidl_generator_c/gps/msg/detail/gps__description.c.o[0m
[11.651s] [ 20%] [32m[1mLinking C shared library libgps__rosidl_generator_c.so[0m
[12.379s] [ 20%] Built target gps__rosidl_generator_c
[12.386s] [ 26%] [34m[1mGenerating C introspection for ROS interfaces[0m
[12.386s] [ 26%] [34m[1mGenerating C type support for eProsima Fast-RTPS[0m
[12.386s] [ 29%] [34m[1mGenerating C++ introspection for ROS interfaces[0m
[12.387s] [ 32%] [34m[1mGenerating C++ type support dispatch for ROS interfaces[0m
[12.387s] [ 35%] [34m[1mGenerating C type support dispatch for ROS interfaces[0m
[12.388s] [ 38%] [34m[1mGenerating C++ type support for eProsima Fast-RTPS[0m
[12.589s] [ 41%] [32mBuilding CXX object CMakeFiles/gps__rosidl_typesupport_fastrtps_c.dir/rosidl_typesupport_fastrtps_c/gps/msg/detail/gps__type_support_c.cpp.o[0m
[12.595s] [ 44%] [32mBuilding CXX object CMakeFiles/gps__rosidl_typesupport_c.dir/rosidl_typesupport_c/gps/msg/gps__type_support.cpp.o[0m
[12.595s] [ 47%] [32mBuilding CXX object CMakeFiles/gps__rosidl_typesupport_cpp.dir/rosidl_typesupport_cpp/gps/msg/gps__type_support.cpp.o[0m
[12.596s] [ 50%] [32mBuilding CXX object CMakeFiles/gps__rosidl_typesupport_introspection_cpp.dir/rosidl_typesupport_introspection_cpp/gps/msg/detail/gps__type_support.cpp.o[0m
[12.614s] [ 52%] [32mBuilding CXX object CMakeFiles/gps__rosidl_typesupport_fastrtps_cpp.dir/rosidl_typesupport_fastrtps_cpp/gps/msg/detail/dds_fastrtps/gps__type_support.cpp.o[0m
[12.621s] [ 55%] [32mBuilding C object CMakeFiles/gps__rosidl_typesupport_introspection_c.dir/rosidl_typesupport_introspection_c/gps/msg/detail/gps__type_support.c.o[0m
[12.624s] [ 58%] [32m[1mLinking CXX shared library libgps__rosidl_typesupport_c.so[0m
[12.646s] [ 61%] [32m[1mLinking C shared library libgps__rosidl_typesupport_introspection_c.so[0m
[12.909s] [ 64%] [32m[1mLinking CXX shared library libgps__rosidl_typesupport_fastrtps_c.so[0m
[12.965s] [ 67%] [32m[1mLinking CXX shared library libgps__rosidl_typesupport_introspection_cpp.so[0m
[13.013s] [ 70%] [32m[1mLinking CXX shared library libgps__rosidl_typesupport_cpp.so[0m
[13.154s] [ 73%] [32m[1mLinking CXX shared library libgps__rosidl_typesupport_fastrtps_cpp.so[0m
[13.173s] [ 73%] Built target gps__rosidl_typesupport_introspection_c
[13.184s] [ 73%] Built target gps__rosidl_typesupport_c
[13.459s] [ 73%] Built target gps__rosidl_typesupport_fastrtps_c
[13.471s] [ 73%] Built target gps__rosidl_typesupport_introspection_cpp
[13.615s] [ 73%] Built target gps__rosidl_typesupport_cpp
[13.689s] [ 73%] Built target gps__rosidl_typesupport_fastrtps_cpp
[13.705s] [ 73%] Built target gps
[13.717s] [ 76%] [34m[1mGenerating Python code for ROS interfaces[0m
[13.897s] [ 76%] Built target gps__py
[13.911s] [ 79%] [32mBuilding C object CMakeFiles/gps__rosidl_generator_py.dir/rosidl_generator_py/gps/msg/_gps_s.c.o[0m
[13.991s] [ 82%] [32m[1mLinking C shared library rosidl_generator_py/gps/libgps__rosidl_generator_py.so[0m
[14.687s] [ 82%] Built target gps__rosidl_generator_py
[14.699s] [ 91%] [32mBuilding C object CMakeFiles/gps__rosidl_typesupport_introspection_c__pyext.dir/rosidl_generator_py/gps/_gps_s.ep.rosidl_typesupport_introspection_c.c.o[0m
[14.699s] [ 91%] [32mBuilding C object CMakeFiles/gps__rosidl_typesupport_c__pyext.dir/rosidl_generator_py/gps/_gps_s.ep.rosidl_typesupport_c.c.o[0m
[14.699s] [ 91%] [32mBuilding C object CMakeFiles/gps__rosidl_typesupport_fastrtps_c__pyext.dir/rosidl_generator_py/gps/_gps_s.ep.rosidl_typesupport_fastrtps_c.c.o[0m
[14.753s] [ 97%] [32m[1mLinking C shared library rosidl_generator_py/gps/gps_s__rosidl_typesupport_introspection_c.cpython-310-x86_64-linux-gnu.so[0m
[14.753s] [ 97%] [32m[1mLinking C shared library rosidl_generator_py/gps/gps_s__rosidl_typesupport_fastrtps_c.cpython-310-x86_64-linux-gnu.so[0m
[14.764s] [100%] [32m[1mLinking C shared library rosidl_generator_py/gps/gps_s__rosidl_typesupport_c.cpython-310-x86_64-linux-gnu.so[0m
[15.149s] [100%] Built target gps__rosidl_typesupport_introspection_c__pyext
[15.171s] [100%] Built target gps__rosidl_typesupport_fastrtps_c__pyext
[15.379s] [100%] Built target gps__rosidl_typesupport_c__pyext
[15.387s] Invoked command in '/home/mondegrin/programs/slon/ros2_ws/build/gps' returned '0': CMAKE_PREFIX_PATH=${CMAKE_PREFIX_PATH}:/opt/ros/iron /usr/bin/cmake --build /home/mondegrin/programs/slon/ros2_ws/build/gps -- -j16 -l16
[15.427s] Invoking command in '/home/mondegrin/programs/slon/ros2_ws/build/gps': CMAKE_PREFIX_PATH=${CMAKE_PREFIX_PATH}:/opt/ros/iron /usr/bin/cmake --install /home/mondegrin/programs/slon/ros2_ws/build/gps
[15.433s] -- Install configuration: ""
[15.433s] -- Installing: /home/mondegrin/programs/slon/ros2_ws/install/gps/share/ament_index/resource_index/rosidl_interfaces/gps
[15.434s] -- Installing: /home/mondegrin/programs/slon/ros2_ws/install/gps/share/gps/msg/GPS.json
[15.434s] -- Installing: /home/mondegrin/programs/slon/ros2_ws/install/gps/include/gps/gps
[15.434s] -- Installing: /home/mondegrin/programs/slon/ros2_ws/install/gps/include/gps/gps/msg
[15.434s] -- Installing: /home/mondegrin/programs/slon/ros2_ws/install/gps/include/gps/gps/msg/gps.h
[15.434s] -- Installing: /home/mondegrin/programs/slon/ros2_ws/install/gps/include/gps/gps/msg/rosidl_generator_c__visibility_control.h
[15.435s] -- Installing: /home/mondegrin/programs/slon/ros2_ws/install/gps/include/gps/gps/msg/detail
[15.435s] -- Installing: /home/mondegrin/programs/slon/ros2_ws/install/gps/include/gps/gps/msg/detail/gps__type_support.h
[15.435s] -- Installing: /home/mondegrin/programs/slon/ros2_ws/install/gps/include/gps/gps/msg/detail/gps__functions.h
[15.435s] -- Installing: /home/mondegrin/programs/slon/ros2_ws/install/gps/include/gps/gps/msg/detail/gps__type_support.c
[15.435s] -- Installing: /home/mondegrin/programs/slon/ros2_ws/install/gps/include/gps/gps/msg/detail/gps__struct.h
[15.435s] -- Installing: /home/mondegrin/programs/slon/ros2_ws/install/gps/include/gps/gps/msg/detail/gps__description.c
[15.435s] -- Installing: /home/mondegrin/programs/slon/ros2_ws/install/gps/include/gps/gps/msg/detail/gps__functions.c
[15.435s] -- Installing: /home/mondegrin/programs/slon/ros2_ws/install/gps/share/gps/environment/library_path.sh
[15.435s] -- Installing: /home/mondegrin/programs/slon/ros2_ws/install/gps/share/gps/environment/library_path.dsv
[15.435s] -- Installing: /home/mondegrin/programs/slon/ros2_ws/install/gps/lib/libgps__rosidl_generator_c.so
[15.436s] -- Set runtime path of "/home/mondegrin/programs/slon/ros2_ws/install/gps/lib/libgps__rosidl_generator_c.so" to ""
[15.436s] -- Up-to-date: /home/mondegrin/programs/slon/ros2_ws/install/gps/include/gps/gps
[15.436s] -- Up-to-date: /home/mondegrin/programs/slon/ros2_ws/install/gps/include/gps/gps/msg
[15.436s] -- Installing: /home/mondegrin/programs/slon/ros2_ws/install/gps/include/gps/gps/msg/rosidl_typesupport_fastrtps_c__visibility_control.h
[15.436s] -- Up-to-date: /home/mondegrin/programs/slon/ros2_ws/install/gps/include/gps/gps/msg/detail
[15.436s] -- Installing: /home/mondegrin/programs/slon/ros2_ws/install/gps/include/gps/gps/msg/detail/gps__rosidl_typesupport_fastrtps_c.h
[15.437s] -- Installing: /home/mondegrin/programs/slon/ros2_ws/install/gps/lib/libgps__rosidl_typesupport_fastrtps_c.so
[15.437s] -- Set runtime path of "/home/mondegrin/programs/slon/ros2_ws/install/gps/lib/libgps__rosidl_typesupport_fastrtps_c.so" to ""
[15.437s] -- Up-to-date: /home/mondegrin/programs/slon/ros2_ws/install/gps/include/gps/gps
[15.437s] -- Up-to-date: /home/mondegrin/programs/slon/ros2_ws/install/gps/include/gps/gps/msg
[15.437s] -- Installing: /home/mondegrin/programs/slon/ros2_ws/install/gps/include/gps/gps/msg/gps.hpp
[15.437s] -- Up-to-date: /home/mondegrin/programs/slon/ros2_ws/install/gps/include/gps/gps/msg/detail
[15.437s] -- Installing: /home/mondegrin/programs/slon/ros2_ws/install/gps/include/gps/gps/msg/detail/gps__traits.hpp
[15.437s] -- Installing: /home/mondegrin/programs/slon/ros2_ws/install/gps/include/gps/gps/msg/detail/gps__struct.hpp
[15.437s] -- Installing: /home/mondegrin/programs/slon/ros2_ws/install/gps/include/gps/gps/msg/detail/gps__builder.hpp
[15.438s] -- Up-to-date: /home/mondegrin/programs/slon/ros2_ws/install/gps/include/gps/gps
[15.438s] -- Up-to-date: /home/mondegrin/programs/slon/ros2_ws/install/gps/include/gps/gps/msg
[15.438s] -- Installing: /home/mondegrin/programs/slon/ros2_ws/install/gps/include/gps/gps/msg/rosidl_typesupport_fastrtps_cpp__visibility_control.h
[15.438s] -- Up-to-date: /home/mondegrin/programs/slon/ros2_ws/install/gps/include/gps/gps/msg/detail
[15.438s] -- Installing: /home/mondegrin/programs/slon/ros2_ws/install/gps/include/gps/gps/msg/detail/dds_fastrtps
[15.438s] -- Installing: /home/mondegrin/programs/slon/ros2_ws/install/gps/include/gps/gps/msg/detail/gps__rosidl_typesupport_fastrtps_cpp.hpp
[15.438s] -- Installing: /home/mondegrin/programs/slon/ros2_ws/install/gps/lib/libgps__rosidl_typesupport_fastrtps_cpp.so
[15.439s] -- Set runtime path of "/home/mondegrin/programs/slon/ros2_ws/install/gps/lib/libgps__rosidl_typesupport_fastrtps_cpp.so" to ""
[15.439s] -- Up-to-date: /home/mondegrin/programs/slon/ros2_ws/install/gps/include/gps/gps
[15.439s] -- Up-to-date: /home/mondegrin/programs/slon/ros2_ws/install/gps/include/gps/gps/msg
[15.439s] -- Installing: /home/mondegrin/programs/slon/ros2_ws/install/gps/include/gps/gps/msg/rosidl_typesupport_introspection_c__visibility_control.h
[15.439s] -- Up-to-date: /home/mondegrin/programs/slon/ros2_ws/install/gps/include/gps/gps/msg/detail
[15.439s] -- Installing: /home/mondegrin/programs/slon/ros2_ws/install/gps/include/gps/gps/msg/detail/gps__type_support.c
[15.439s] -- Installing: /home/mondegrin/programs/slon/ros2_ws/install/gps/include/gps/gps/msg/detail/gps__rosidl_typesupport_introspection_c.h
[15.439s] -- Installing: /home/mondegrin/programs/slon/ros2_ws/install/gps/lib/libgps__rosidl_typesupport_introspection_c.so
[15.439s] -- Set runtime path of "/home/mondegrin/programs/slon/ros2_ws/install/gps/lib/libgps__rosidl_typesupport_introspection_c.so" to ""
[15.439s] -- Installing: /home/mondegrin/programs/slon/ros2_ws/install/gps/lib/libgps__rosidl_typesupport_c.so
[15.439s] -- Set runtime path of "/home/mondegrin/programs/slon/ros2_ws/install/gps/lib/libgps__rosidl_typesupport_c.so" to ""
[15.439s] -- Up-to-date: /home/mondegrin/programs/slon/ros2_ws/install/gps/include/gps/gps
[15.440s] -- Up-to-date: /home/mondegrin/programs/slon/ros2_ws/install/gps/include/gps/gps/msg
[15.440s] -- Up-to-date: /home/mondegrin/programs/slon/ros2_ws/install/gps/include/gps/gps/msg/detail
[15.440s] -- Installing: /home/mondegrin/programs/slon/ros2_ws/install/gps/include/gps/gps/msg/detail/gps__type_support.cpp
[15.440s] -- Installing: /home/mondegrin/programs/slon/ros2_ws/install/gps/include/gps/gps/msg/detail/gps__rosidl_typesupport_introspection_cpp.hpp
[15.440s] -- Installing: /home/mondegrin/programs/slon/ros2_ws/install/gps/lib/libgps__rosidl_typesupport_introspection_cpp.so
[15.440s] -- Set runtime path of "/home/mondegrin/programs/slon/ros2_ws/install/gps/lib/libgps__rosidl_typesupport_introspection_cpp.so" to ""
[15.440s] -- Installing: /home/mondegrin/programs/slon/ros2_ws/install/gps/lib/libgps__rosidl_typesupport_cpp.so
[15.440s] -- Set runtime path of "/home/mondegrin/programs/slon/ros2_ws/install/gps/lib/libgps__rosidl_typesupport_cpp.so" to ""
[15.440s] -- Installing: /home/mondegrin/programs/slon/ros2_ws/install/gps/share/gps/environment/pythonpath.sh
[15.440s] -- Installing: /home/mondegrin/programs/slon/ros2_ws/install/gps/share/gps/environment/pythonpath.dsv
[15.441s] -- Installing: /home/mondegrin/programs/slon/ros2_ws/install/gps/lib/python3.10/site-packages/gps-0.0.0-py3.10.egg-info
[15.441s] -- Installing: /home/mondegrin/programs/slon/ros2_ws/install/gps/lib/python3.10/site-packages/gps-0.0.0-py3.10.egg-info/SOURCES.txt
[15.441s] -- Installing: /home/mondegrin/programs/slon/ros2_ws/install/gps/lib/python3.10/site-packages/gps-0.0.0-py3.10.egg-info/top_level.txt
[15.441s] -- Installing: /home/mondegrin/programs/slon/ros2_ws/install/gps/lib/python3.10/site-packages/gps-0.0.0-py3.10.egg-info/PKG-INFO
[15.441s] -- Installing: /home/mondegrin/programs/slon/ros2_ws/install/gps/lib/python3.10/site-packages/gps-0.0.0-py3.10.egg-info/dependency_links.txt
[15.441s] -- Installing: /home/mondegrin/programs/slon/ros2_ws/install/gps/lib/python3.10/site-packages/gps
[15.441s] -- Installing: /home/mondegrin/programs/slon/ros2_ws/install/gps/lib/python3.10/site-packages/gps/gps_s__rosidl_typesupport_introspection_c.cpython-310-x86_64-linux-gnu.so
[15.442s] -- Installing: /home/mondegrin/programs/slon/ros2_ws/install/gps/lib/python3.10/site-packages/gps/msg
[15.442s] -- Installing: /home/mondegrin/programs/slon/ros2_ws/install/gps/lib/python3.10/site-packages/gps/msg/_gps_s.c
[15.442s] -- Installing: /home/mondegrin/programs/slon/ros2_ws/install/gps/lib/python3.10/site-packages/gps/msg/__init__.py
[15.442s] -- Installing: /home/mondegrin/programs/slon/ros2_ws/install/gps/lib/python3.10/site-packages/gps/msg/_gps.py
[15.442s] -- Installing: /home/mondegrin/programs/slon/ros2_ws/install/gps/lib/python3.10/site-packages/gps/libgps__rosidl_generator_py.so
[15.442s] -- Installing: /home/mondegrin/programs/slon/ros2_ws/install/gps/lib/python3.10/site-packages/gps/_gps_s.ep.rosidl_typesupport_fastrtps_c.c
[15.442s] -- Installing: /home/mondegrin/programs/slon/ros2_ws/install/gps/lib/python3.10/site-packages/gps/_gps_s.ep.rosidl_typesupport_c.c
[15.442s] -- Installing: /home/mondegrin/programs/slon/ros2_ws/install/gps/lib/python3.10/site-packages/gps/__init__.py
[15.442s] -- Installing: /home/mondegrin/programs/slon/ros2_ws/install/gps/lib/python3.10/site-packages/gps/gps_s__rosidl_typesupport_c.cpython-310-x86_64-linux-gnu.so
[15.442s] -- Installing: /home/mondegrin/programs/slon/ros2_ws/install/gps/lib/python3.10/site-packages/gps/_gps_s.ep.rosidl_typesupport_introspection_c.c
[15.443s] -- Installing: /home/mondegrin/programs/slon/ros2_ws/install/gps/lib/python3.10/site-packages/gps/gps_s__rosidl_typesupport_fastrtps_c.cpython-310-x86_64-linux-gnu.so
[15.468s] Listing '/home/mondegrin/programs/slon/ros2_ws/install/gps/lib/python3.10/site-packages/gps'...
[15.468s] Compiling '/home/mondegrin/programs/slon/ros2_ws/install/gps/lib/python3.10/site-packages/gps/__init__.py'...
[15.468s] Listing '/home/mondegrin/programs/slon/ros2_ws/install/gps/lib/python3.10/site-packages/gps/msg'...
[15.468s] Compiling '/home/mondegrin/programs/slon/ros2_ws/install/gps/lib/python3.10/site-packages/gps/msg/__init__.py'...
[15.468s] Compiling '/home/mondegrin/programs/slon/ros2_ws/install/gps/lib/python3.10/site-packages/gps/msg/_gps.py'...
[15.472s] -- Installing: /home/mondegrin/programs/slon/ros2_ws/install/gps/lib/python3.10/site-packages/gps/gps_s__rosidl_typesupport_fastrtps_c.cpython-310-x86_64-linux-gnu.so
[15.472s] -- Set runtime path of "/home/mondegrin/programs/slon/ros2_ws/install/gps/lib/python3.10/site-packages/gps/gps_s__rosidl_typesupport_fastrtps_c.cpython-310-x86_64-linux-gnu.so" to ""
[15.473s] -- Installing: /home/mondegrin/programs/slon/ros2_ws/install/gps/lib/python3.10/site-packages/gps/gps_s__rosidl_typesupport_introspection_c.cpython-310-x86_64-linux-gnu.so
[15.473s] -- Set runtime path of "/home/mondegrin/programs/slon/ros2_ws/install/gps/lib/python3.10/site-packages/gps/gps_s__rosidl_typesupport_introspection_c.cpython-310-x86_64-linux-gnu.so" to ""
[15.473s] -- Installing: /home/mondegrin/programs/slon/ros2_ws/install/gps/lib/python3.10/site-packages/gps/gps_s__rosidl_typesupport_c.cpython-310-x86_64-linux-gnu.so
[15.473s] -- Set runtime path of "/home/mondegrin/programs/slon/ros2_ws/install/gps/lib/python3.10/site-packages/gps/gps_s__rosidl_typesupport_c.cpython-310-x86_64-linux-gnu.so" to ""
[15.473s] -- Installing: /home/mondegrin/programs/slon/ros2_ws/install/gps/lib/libgps__rosidl_generator_py.so
[15.473s] -- Set runtime path of "/home/mondegrin/programs/slon/ros2_ws/install/gps/lib/libgps__rosidl_generator_py.so" to ""
[15.473s] -- Installing: /home/mondegrin/programs/slon/ros2_ws/install/gps/share/gps/msg/GPS.idl
[15.473s] -- Installing: /home/mondegrin/programs/slon/ros2_ws/install/gps/share/gps/msg/GPS.msg
[15.473s] -- Installing: /home/mondegrin/programs/slon/ros2_ws/install/gps/share/ament_index/resource_index/package_run_dependencies/gps
[15.474s] -- Installing: /home/mondegrin/programs/slon/ros2_ws/install/gps/share/ament_index/resource_index/parent_prefix_path/gps
[15.474s] -- Installing: /home/mondegrin/programs/slon/ros2_ws/install/gps/share/gps/environment/ament_prefix_path.sh
[15.474s] -- Installing: /home/mondegrin/programs/slon/ros2_ws/install/gps/share/gps/environment/ament_prefix_path.dsv
[15.474s] -- Installing: /home/mondegrin/programs/slon/ros2_ws/install/gps/share/gps/environment/path.sh
[15.474s] -- Installing: /home/mondegrin/programs/slon/ros2_ws/install/gps/share/gps/environment/path.dsv
[15.474s] -- Installing: /home/mondegrin/programs/slon/ros2_ws/install/gps/share/gps/local_setup.bash
[15.474s] -- Installing: /home/mondegrin/programs/slon/ros2_ws/install/gps/share/gps/local_setup.sh
[15.475s] -- Installing: /home/mondegrin/programs/slon/ros2_ws/install/gps/share/gps/local_setup.zsh
[15.475s] -- Installing: /home/mondegrin/programs/slon/ros2_ws/install/gps/share/gps/local_setup.dsv
[15.475s] -- Installing: /home/mondegrin/programs/slon/ros2_ws/install/gps/share/gps/package.dsv
[15.475s] -- Installing: /home/mondegrin/programs/slon/ros2_ws/install/gps/share/ament_index/resource_index/packages/gps
[15.475s] -- Installing: /home/mondegrin/programs/slon/ros2_ws/install/gps/share/gps/cmake/export_gps__rosidl_generator_cExport.cmake
[15.475s] -- Installing: /home/mondegrin/programs/slon/ros2_ws/install/gps/share/gps/cmake/export_gps__rosidl_generator_cExport-noconfig.cmake
[15.475s] -- Installing: /home/mondegrin/programs/slon/ros2_ws/install/gps/share/gps/cmake/export_gps__rosidl_typesupport_fastrtps_cExport.cmake
[15.475s] -- Installing: /home/mondegrin/programs/slon/ros2_ws/install/gps/share/gps/cmake/export_gps__rosidl_typesupport_fastrtps_cExport-noconfig.cmake
[15.475s] -- Installing: /home/mondegrin/programs/slon/ros2_ws/install/gps/share/gps/cmake/export_gps__rosidl_generator_cppExport.cmake
[15.475s] -- Installing: /home/mondegrin/programs/slon/ros2_ws/install/gps/share/gps/cmake/export_gps__rosidl_typesupport_fastrtps_cppExport.cmake
[15.475s] -- Installing: /home/mondegrin/programs/slon/ros2_ws/install/gps/share/gps/cmake/export_gps__rosidl_typesupport_fastrtps_cppExport-noconfig.cmake
[15.476s] -- Installing: /home/mondegrin/programs/slon/ros2_ws/install/gps/share/gps/cmake/gps__rosidl_typesupport_introspection_cExport.cmake
[15.476s] -- Installing: /home/mondegrin/programs/slon/ros2_ws/install/gps/share/gps/cmake/gps__rosidl_typesupport_introspection_cExport-noconfig.cmake
[15.476s] -- Installing: /home/mondegrin/programs/slon/ros2_ws/install/gps/share/gps/cmake/gps__rosidl_typesupport_cExport.cmake
[15.476s] -- Installing: /home/mondegrin/programs/slon/ros2_ws/install/gps/share/gps/cmake/gps__rosidl_typesupport_cExport-noconfig.cmake
[15.476s] -- Installing: /home/mondegrin/programs/slon/ros2_ws/install/gps/share/gps/cmake/gps__rosidl_typesupport_introspection_cppExport.cmake
[15.476s] -- Installing: /home/mondegrin/programs/slon/ros2_ws/install/gps/share/gps/cmake/gps__rosidl_typesupport_introspection_cppExport-noconfig.cmake
[15.476s] -- Installing: /home/mondegrin/programs/slon/ros2_ws/install/gps/share/gps/cmake/gps__rosidl_typesupport_cppExport.cmake
[15.476s] -- Installing: /home/mondegrin/programs/slon/ros2_ws/install/gps/share/gps/cmake/gps__rosidl_typesupport_cppExport-noconfig.cmake
[15.476s] -- Installing: /home/mondegrin/programs/slon/ros2_ws/install/gps/share/gps/cmake/export_gps__rosidl_generator_pyExport.cmake
[15.476s] -- Installing: /home/mondegrin/programs/slon/ros2_ws/install/gps/share/gps/cmake/export_gps__rosidl_generator_pyExport-noconfig.cmake
[15.476s] -- Installing: /home/mondegrin/programs/slon/ros2_ws/install/gps/share/gps/cmake/rosidl_cmake-extras.cmake
[15.477s] -- Installing: /home/mondegrin/programs/slon/ros2_ws/install/gps/share/gps/cmake/ament_cmake_export_include_directories-extras.cmake
[15.477s] -- Installing: /home/mondegrin/programs/slon/ros2_ws/install/gps/share/gps/cmake/ament_cmake_export_libraries-extras.cmake
[15.477s] -- Installing: /home/mondegrin/programs/slon/ros2_ws/install/gps/share/gps/cmake/ament_cmake_export_targets-extras.cmake
[15.477s] -- Installing: /home/mondegrin/programs/slon/ros2_ws/install/gps/share/gps/cmake/rosidl_cmake_export_typesupport_targets-extras.cmake
[15.477s] -- Installing: /home/mondegrin/programs/slon/ros2_ws/install/gps/share/gps/cmake/ament_cmake_export_dependencies-extras.cmake
[15.477s] -- Installing: /home/mondegrin/programs/slon/ros2_ws/install/gps/share/gps/cmake/rosidl_cmake_export_typesupport_libraries-extras.cmake
[15.477s] -- Installing: /home/mondegrin/programs/slon/ros2_ws/install/gps/share/gps/cmake/gpsConfig.cmake
[15.477s] -- Installing: /home/mondegrin/programs/slon/ros2_ws/install/gps/share/gps/cmake/gpsConfig-version.cmake
[15.477s] -- Installing: /home/mondegrin/programs/slon/ros2_ws/install/gps/share/gps/package.xml
[15.478s] Invoked command in '/home/mondegrin/programs/slon/ros2_ws/build/gps' returned '0': CMAKE_PREFIX_PATH=${CMAKE_PREFIX_PATH}:/opt/ros/iron /usr/bin/cmake --install /home/mondegrin/programs/slon/ros2_ws/build/gps
