[3.424s] Invoking command in '/home/mondegrin/programs/slon/microros_ws/firmware/mcu_ws/ros2/rosidl/rosidl_cli': PYTHONPATH=/home/mondegrin/programs/slon/microros_ws/firmware/mcu_ws/build/rosidl_cli/prefix_override:/home/mondegrin/programs/slon/microros_ws/firmware/mcu_ws/install/lib/python3.10/site-packages:${PYTHONPATH} /usr/bin/python3 setup.py egg_info --egg-base ../../../build/rosidl_cli build --build-base /home/mondegrin/programs/slon/microros_ws/firmware/mcu_ws/build/rosidl_cli/build install --record /home/mondegrin/programs/slon/microros_ws/firmware/mcu_ws/build/rosidl_cli/install.log --single-version-externally-managed
[4.022s] /usr/lib/python3/dist-packages/setuptools/command/install.py:34: SetuptoolsDeprecationWarning: setup.py install is deprecated. Use build and pip and other standards-based tools.
[4.023s]   warnings.warn(
[4.059s] running egg_info
[4.059s] writing ../../../build/rosidl_cli/rosidl_cli.egg-info/PKG-INFO
[4.059s] writing dependency_links to ../../../build/rosidl_cli/rosidl_cli.egg-info/dependency_links.txt
[4.060s] writing entry points to ../../../build/rosidl_cli/rosidl_cli.egg-info/entry_points.txt
[4.060s] writing requirements to ../../../build/rosidl_cli/rosidl_cli.egg-info/requires.txt
[4.060s] writing top-level names to ../../../build/rosidl_cli/rosidl_cli.egg-info/top_level.txt
[4.061s] reading manifest file '../../../build/rosidl_cli/rosidl_cli.egg-info/SOURCES.txt'
[4.062s] writing manifest file '../../../build/rosidl_cli/rosidl_cli.egg-info/SOURCES.txt'
[4.062s] running build
[4.063s] running build_py
[4.063s] running install
[4.063s] running install_lib
[4.064s] running install_data
[4.064s] running install_egg_info
[4.065s] removing '/home/mondegrin/programs/slon/microros_ws/firmware/mcu_ws/install/lib/python3.10/site-packages/rosidl_cli-4.0.1-py3.10.egg-info' (and everything under it)
[4.066s] Copying ../../../build/rosidl_cli/rosidl_cli.egg-info to /home/mondegrin/programs/slon/microros_ws/firmware/mcu_ws/install/lib/python3.10/site-packages/rosidl_cli-4.0.1-py3.10.egg-info
[4.066s] running install_scripts
[4.066s] Installing rosidl script to /home/mondegrin/programs/slon/microros_ws/firmware/mcu_ws/install/bin
[4.066s] writing list of installed files to '/home/mondegrin/programs/slon/microros_ws/firmware/mcu_ws/build/rosidl_cli/install.log'
[4.376s] Invoked command in '/home/mondegrin/programs/slon/microros_ws/firmware/mcu_ws/ros2/rosidl/rosidl_cli' returned '0': PYTHONPATH=/home/mondegrin/programs/slon/microros_ws/firmware/mcu_ws/build/rosidl_cli/prefix_override:/home/mondegrin/programs/slon/microros_ws/firmware/mcu_ws/install/lib/python3.10/site-packages:${PYTHONPATH} /usr/bin/python3 setup.py egg_info --egg-base ../../../build/rosidl_cli build --build-base /home/mondegrin/programs/slon/microros_ws/firmware/mcu_ws/build/rosidl_cli/build install --record /home/mondegrin/programs/slon/microros_ws/firmware/mcu_ws/build/rosidl_cli/install.log --single-version-externally-managed
