[  2%] Built target gps__rosidl_generator_type_description
[  2%] Built target ament_cmake_python_copy_gps
[  5%] Built target gps__cpp
[ 20%] Built target gps__rosidl_generator_c
[ 29%] Built target gps__rosidl_typesupport_fastrtps_c
[ 38%] Built target gps__rosidl_typesupport_introspection_cpp
[ 47%] Built target gps__rosidl_typesupport_fastrtps_cpp
[ 58%] Built target gps__rosidl_typesupport_c
[ 64%] Built target gps__rosidl_typesupport_introspection_c
[ 73%] Built target gps__rosidl_typesupport_cpp
[ 73%] Built target gps
[ 76%] Built target gps__py
[ 82%] Built target gps__rosidl_generator_py
[ 88%] Built target gps__rosidl_typesupport_introspection_c__pyext
[ 94%] Built target gps__rosidl_typesupport_fastrtps_c__pyext
[100%] Built target gps__rosidl_typesupport_c__pyext
running egg_info
writing gps.egg-info/PKG-INFO
writing dependency_links to gps.egg-info/dependency_links.txt
writing top-level names to gps.egg-info/top_level.txt
reading manifest file 'gps.egg-info/SOURCES.txt'
writing manifest file 'gps.egg-info/SOURCES.txt'
[100%] Built target ament_cmake_python_build_gps_egg
