Not searching for unused variables given on the command line.
-- The C compiler identification is GNU 8.2.0
-- The CXX compiler identification is GNU 8.2.0
-- Detecting C compiler ABI info
-- Detecting C compiler ABI info - done
-- Check for working C compiler: /home/mondegrin/programs/slon/microros_ws/firmware/toolchain/espressif/tools/xtensa-esp32-elf/esp-2020r2-8.2.0/xtensa-esp32-elf/bin/xtensa-esp32-elf-gcc - skipped
-- Detecting C compile features
-- Detecting C compile features - done
-- Detecting CXX compiler ABI info
-- Detecting CXX compiler ABI info - done
-- Check for working CXX compiler: /home/mondegrin/programs/slon/microros_ws/firmware/toolchain/espressif/tools/xtensa-esp32-elf/esp-2020r2-8.2.0/xtensa-esp32-elf/bin/xtensa-esp32-elf-g++ - skipped
-- Detecting CXX compile features
-- Detecting CXX compile features - done
-- Found ament_cmake: 2.0.3 (/home/mondegrin/programs/slon/microros_ws/firmware/dev_ws/install/ament_cmake/share/ament_cmake/cmake)
-- Found Python3: /home/mondegrin/programs/slon/microros_ws/firmware/toolchain/espressif/python_env/idf4.1_py3.10_env/bin/python3.10 (found version "3.10.12") found components: Interpreter 
-- Configuring incomplete, errors occurred!
See also "/home/mondegrin/programs/slon/microros_ws/firmware/mcu_ws/build/gps/CMakeFiles/CMakeOutput.log".
[31mCMake Error at CMakeLists.txt:10 (find_package):
  By not providing "Findrclcpp.cmake" in CMAKE_MODULE_PATH this project has
  asked CMake to find a package configuration file provided by "rclcpp", but
  CMake did not find one.

  Could not find a package configuration file provided by "rclcpp" with any
  of the following names:

    rclcppConfig.cmake
    rclcpp-config.cmake

  Add the installation prefix of "rclcpp" to CMAKE_PREFIX_PATH or set
  "rclcpp_DIR" to a directory containing one of the above files.  If "rclcpp"
  provides a separate development package or SDK, be sure it has been
  installed.

[0m
