[0.901s] DEBUG:colcon:Command line arguments: ['/usr/bin/colcon', 'build']
[0.901s] DEBUG:colcon:Parsed command line arguments: Namespace(log_base=None, log_level=None, verb_name='build', build_base='build', install_base='install', merge_install=False, symlink_install=False, test_result_base=None, continue_on_error=False, executor='parallel', parallel_workers=16, event_handlers=None, ignore_user_meta=False, metas=['./colcon.meta'], base_paths=['.'], packages_ignore=None, packages_ignore_regex=None, paths=None, packages_up_to=None, packages_up_to_regex=None, packages_above=None, packages_above_and_dependencies=None, packages_above_depth=None, packages_select_by_dep=None, packages_skip_by_dep=None, packages_skip_up_to=None, packages_select_build_failed=False, packages_skip_build_finished=False, packages_select_test_failures=False, packages_skip_test_passed=False, packages_select=None, packages_skip=None, packages_select_regex=None, packages_skip_regex=None, packages_start=None, packages_end=None, allow_overriding=[], cmake_args=None, cmake_target=None, cmake_target_skip_unavailable=False, cmake_clean_cache=False, cmake_clean_first=False, cmake_force_configure=False, ament_cmake_args=None, catkin_cmake_args=None, catkin_skip_building_tests=False, verb_parser=<colcon_defaults.argument_parser.defaults.DefaultArgumentsDecorator object at 0x7feb7b695ba0>, verb_extension=<colcon_core.verb.build.BuildVerb object at 0x7feb7b6a3eb0>, main=<bound method BuildVerb.main of <colcon_core.verb.build.BuildVerb object at 0x7feb7b6a3eb0>>)
[0.927s] Level 1:colcon.colcon_core.package_discovery:discover_packages(colcon_meta) check parameters
[0.927s] Level 1:colcon.colcon_core.package_discovery:discover_packages(recursive) check parameters
[0.927s] Level 1:colcon.colcon_core.package_discovery:discover_packages(ignore) check parameters
[0.927s] Level 1:colcon.colcon_core.package_discovery:discover_packages(path) check parameters
[0.927s] Level 1:colcon.colcon_core.package_discovery:discover_packages(colcon_meta) discover
[0.927s] Level 1:colcon.colcon_core.package_discovery:discover_packages(recursive) discover
[0.927s] INFO:colcon.colcon_core.package_discovery:Crawling recursively for packages in '/home/mondegrin/programs/slon/ros2_ws'
[0.927s] Level 1:colcon.colcon_core.package_identification:_identify(.) by extensions ['ignore', 'ignore_ament_install']
[0.927s] Level 1:colcon.colcon_core.package_identification:_identify(.) by extension 'ignore'
[0.927s] Level 1:colcon.colcon_core.package_identification:_identify(.) by extension 'ignore_ament_install'
[0.927s] Level 1:colcon.colcon_core.package_identification:_identify(.) by extensions ['colcon_pkg']
[0.927s] Level 1:colcon.colcon_core.package_identification:_identify(.) by extension 'colcon_pkg'
[0.927s] Level 1:colcon.colcon_core.package_identification:_identify(.) by extensions ['colcon_meta']
[0.927s] Level 1:colcon.colcon_core.package_identification:_identify(.) by extension 'colcon_meta'
[0.927s] Level 1:colcon.colcon_core.package_identification:_identify(.) by extensions ['ros']
[0.927s] Level 1:colcon.colcon_core.package_identification:_identify(.) by extension 'ros'
[0.934s] Level 1:colcon.colcon_core.package_identification:_identify(.) by extensions ['cmake', 'python']
[0.934s] Level 1:colcon.colcon_core.package_identification:_identify(.) by extension 'cmake'
[0.934s] Level 1:colcon.colcon_core.package_identification:_identify(.) by extension 'python'
[0.934s] Level 1:colcon.colcon_core.package_identification:_identify(.) by extensions ['python_setup_py']
[0.934s] Level 1:colcon.colcon_core.package_identification:_identify(.) by extension 'python_setup_py'
[0.934s] Level 1:colcon.colcon_core.package_identification:_identify(build) by extensions ['ignore', 'ignore_ament_install']
[0.934s] Level 1:colcon.colcon_core.package_identification:_identify(build) by extension 'ignore'
[0.934s] Level 1:colcon.colcon_core.package_identification:_identify(build) ignored
[0.934s] Level 1:colcon.colcon_core.package_identification:_identify(install) by extensions ['ignore', 'ignore_ament_install']
[0.934s] Level 1:colcon.colcon_core.package_identification:_identify(install) by extension 'ignore'
[0.934s] Level 1:colcon.colcon_core.package_identification:_identify(install) ignored
[0.934s] Level 1:colcon.colcon_core.package_identification:_identify(log) by extensions ['ignore', 'ignore_ament_install']
[0.934s] Level 1:colcon.colcon_core.package_identification:_identify(log) by extension 'ignore'
[0.935s] Level 1:colcon.colcon_core.package_identification:_identify(log) ignored
[0.935s] Level 1:colcon.colcon_core.package_identification:_identify(src) by extensions ['ignore', 'ignore_ament_install']
[0.935s] Level 1:colcon.colcon_core.package_identification:_identify(src) by extension 'ignore'
[0.935s] Level 1:colcon.colcon_core.package_identification:_identify(src) by extension 'ignore_ament_install'
[0.935s] Level 1:colcon.colcon_core.package_identification:_identify(src) by extensions ['colcon_pkg']
[0.935s] Level 1:colcon.colcon_core.package_identification:_identify(src) by extension 'colcon_pkg'
[0.935s] Level 1:colcon.colcon_core.package_identification:_identify(src) by extensions ['colcon_meta']
[0.935s] Level 1:colcon.colcon_core.package_identification:_identify(src) by extension 'colcon_meta'
[0.935s] Level 1:colcon.colcon_core.package_identification:_identify(src) by extensions ['ros']
[0.935s] Level 1:colcon.colcon_core.package_identification:_identify(src) by extension 'ros'
[0.935s] Level 1:colcon.colcon_core.package_identification:_identify(src) by extensions ['cmake', 'python']
[0.935s] Level 1:colcon.colcon_core.package_identification:_identify(src) by extension 'cmake'
[0.935s] Level 1:colcon.colcon_core.package_identification:_identify(src) by extension 'python'
[0.935s] Level 1:colcon.colcon_core.package_identification:_identify(src) by extensions ['python_setup_py']
[0.935s] Level 1:colcon.colcon_core.package_identification:_identify(src) by extension 'python_setup_py'
[0.935s] Level 1:colcon.colcon_core.package_identification:_identify(src/gps) by extensions ['ignore', 'ignore_ament_install']
[0.935s] Level 1:colcon.colcon_core.package_identification:_identify(src/gps) by extension 'ignore'
[0.935s] Level 1:colcon.colcon_core.package_identification:_identify(src/gps) by extension 'ignore_ament_install'
[0.935s] Level 1:colcon.colcon_core.package_identification:_identify(src/gps) by extensions ['colcon_pkg']
[0.935s] Level 1:colcon.colcon_core.package_identification:_identify(src/gps) by extension 'colcon_pkg'
[0.935s] Level 1:colcon.colcon_core.package_identification:_identify(src/gps) by extensions ['colcon_meta']
[0.935s] Level 1:colcon.colcon_core.package_identification:_identify(src/gps) by extension 'colcon_meta'
[0.935s] Level 1:colcon.colcon_core.package_identification:_identify(src/gps) by extensions ['ros']
[0.935s] Level 1:colcon.colcon_core.package_identification:_identify(src/gps) by extension 'ros'
[0.937s] DEBUG:colcon.colcon_core.package_identification:Package 'src/gps' with type 'ros.ament_cmake' and name 'gps'
[0.937s] Level 1:colcon.colcon_core.package_identification:_identify(src/slon) by extensions ['ignore', 'ignore_ament_install']
[0.937s] Level 1:colcon.colcon_core.package_identification:_identify(src/slon) by extension 'ignore'
[0.937s] Level 1:colcon.colcon_core.package_identification:_identify(src/slon) by extension 'ignore_ament_install'
[0.937s] Level 1:colcon.colcon_core.package_identification:_identify(src/slon) by extensions ['colcon_pkg']
[0.937s] Level 1:colcon.colcon_core.package_identification:_identify(src/slon) by extension 'colcon_pkg'
[0.937s] Level 1:colcon.colcon_core.package_identification:_identify(src/slon) by extensions ['colcon_meta']
[0.937s] Level 1:colcon.colcon_core.package_identification:_identify(src/slon) by extension 'colcon_meta'
[0.937s] Level 1:colcon.colcon_core.package_identification:_identify(src/slon) by extensions ['ros']
[0.937s] Level 1:colcon.colcon_core.package_identification:_identify(src/slon) by extension 'ros'
[0.937s] DEBUG:colcon.colcon_core.package_identification:Package 'src/slon' with type 'ros.ament_cmake' and name 'slon'
[0.937s] Level 1:colcon.colcon_core.package_discovery:discover_packages(recursive) using defaults
[0.938s] Level 1:colcon.colcon_core.package_discovery:discover_packages(ignore) discover
[0.938s] Level 1:colcon.colcon_core.package_discovery:discover_packages(ignore) using defaults
[0.938s] Level 1:colcon.colcon_core.package_discovery:discover_packages(path) discover
[0.938s] Level 1:colcon.colcon_core.package_discovery:discover_packages(path) using defaults
[0.990s] Level 1:colcon.colcon_core.package_discovery:discover_packages(prefix_path) check parameters
[0.990s] Level 1:colcon.colcon_core.package_discovery:discover_packages(prefix_path) discover
[1.006s] DEBUG:colcon.colcon_installed_package_information.package_discovery:Found 2 installed packages in /home/mondegrin/programs/slon/ros2_ws/install
[1.013s] DEBUG:colcon.colcon_installed_package_information.package_discovery:Found 295 installed packages in /opt/ros/iron
[1.014s] Level 1:colcon.colcon_core.package_discovery:discover_packages(prefix_path) using defaults
[1.069s] Level 5:colcon.colcon_core.verb:set package 'gps' build argument 'cmake_args' from command line to 'None'
[1.069s] Level 5:colcon.colcon_core.verb:set package 'gps' build argument 'cmake_target' from command line to 'None'
[1.069s] Level 5:colcon.colcon_core.verb:set package 'gps' build argument 'cmake_target_skip_unavailable' from command line to 'False'
[1.069s] Level 5:colcon.colcon_core.verb:set package 'gps' build argument 'cmake_clean_cache' from command line to 'False'
[1.069s] Level 5:colcon.colcon_core.verb:set package 'gps' build argument 'cmake_clean_first' from command line to 'False'
[1.069s] Level 5:colcon.colcon_core.verb:set package 'gps' build argument 'cmake_force_configure' from command line to 'False'
[1.069s] Level 5:colcon.colcon_core.verb:set package 'gps' build argument 'ament_cmake_args' from command line to 'None'
[1.069s] Level 5:colcon.colcon_core.verb:set package 'gps' build argument 'catkin_cmake_args' from command line to 'None'
[1.069s] Level 5:colcon.colcon_core.verb:set package 'gps' build argument 'catkin_skip_building_tests' from command line to 'False'
[1.069s] DEBUG:colcon.colcon_core.verb:Building package 'gps' with the following arguments: {'ament_cmake_args': None, 'build_base': '/home/mondegrin/programs/slon/ros2_ws/build/gps', 'catkin_cmake_args': None, 'catkin_skip_building_tests': False, 'cmake_args': None, 'cmake_clean_cache': False, 'cmake_clean_first': False, 'cmake_force_configure': False, 'cmake_target': None, 'cmake_target_skip_unavailable': False, 'install_base': '/home/mondegrin/programs/slon/ros2_ws/install/gps', 'merge_install': False, 'path': '/home/mondegrin/programs/slon/ros2_ws/src/gps', 'symlink_install': False, 'test_result_base': None}
[1.076s] Level 5:colcon.colcon_core.verb:set package 'slon' build argument 'cmake_args' from command line to 'None'
[1.076s] Level 5:colcon.colcon_core.verb:set package 'slon' build argument 'cmake_target' from command line to 'None'
[1.076s] Level 5:colcon.colcon_core.verb:set package 'slon' build argument 'cmake_target_skip_unavailable' from command line to 'False'
[1.076s] Level 5:colcon.colcon_core.verb:set package 'slon' build argument 'cmake_clean_cache' from command line to 'False'
[1.076s] Level 5:colcon.colcon_core.verb:set package 'slon' build argument 'cmake_clean_first' from command line to 'False'
[1.076s] Level 5:colcon.colcon_core.verb:set package 'slon' build argument 'cmake_force_configure' from command line to 'False'
[1.076s] Level 5:colcon.colcon_core.verb:set package 'slon' build argument 'ament_cmake_args' from command line to 'None'
[1.076s] Level 5:colcon.colcon_core.verb:set package 'slon' build argument 'catkin_cmake_args' from command line to 'None'
[1.076s] Level 5:colcon.colcon_core.verb:set package 'slon' build argument 'catkin_skip_building_tests' from command line to 'False'
[1.076s] DEBUG:colcon.colcon_core.verb:Building package 'slon' with the following arguments: {'ament_cmake_args': None, 'build_base': '/home/mondegrin/programs/slon/ros2_ws/build/slon', 'catkin_cmake_args': None, 'catkin_skip_building_tests': False, 'cmake_args': None, 'cmake_clean_cache': False, 'cmake_clean_first': False, 'cmake_force_configure': False, 'cmake_target': None, 'cmake_target_skip_unavailable': False, 'install_base': '/home/mondegrin/programs/slon/ros2_ws/install/slon', 'merge_install': False, 'path': '/home/mondegrin/programs/slon/ros2_ws/src/slon', 'symlink_install': False, 'test_result_base': None}
[1.083s] INFO:colcon.colcon_core.executor:Executing jobs using 'parallel' executor
[1.090s] DEBUG:colcon.colcon_parallel_executor.executor.parallel:run_until_complete
[1.090s] INFO:colcon.colcon_ros.task.ament_cmake.build:Building ROS package in '/home/mondegrin/programs/slon/ros2_ws/src/gps' with build type 'ament_cmake'
[1.090s] INFO:colcon.colcon_cmake.task.cmake.build:Building CMake package in '/home/mondegrin/programs/slon/ros2_ws/src/gps'
[1.100s] INFO:colcon.colcon_core.plugin_system:Skipping extension 'colcon_core.shell.bat': Not used on non-Windows systems
[1.100s] INFO:colcon.colcon_core.shell:Skip shell extension 'powershell' for command environment: Not usable outside of PowerShell
[1.100s] DEBUG:colcon.colcon_core.shell:Skip shell extension 'dsv' for command environment
[1.123s] INFO:colcon.colcon_ros.task.ament_cmake.build:Building ROS package in '/home/mondegrin/programs/slon/ros2_ws/src/slon' with build type 'ament_cmake'
[1.123s] INFO:colcon.colcon_cmake.task.cmake.build:Building CMake package in '/home/mondegrin/programs/slon/ros2_ws/src/slon'
[1.131s] INFO:colcon.colcon_core.shell:Skip shell extension 'powershell' for command environment: Not usable outside of PowerShell
[1.131s] DEBUG:colcon.colcon_core.shell:Skip shell extension 'dsv' for command environment
[1.158s] DEBUG:colcon.colcon_core.event_handler.log_command:Invoking command in '/home/mondegrin/programs/slon/ros2_ws/build/gps': CMAKE_PREFIX_PATH=${CMAKE_PREFIX_PATH}:/opt/ros/iron /usr/bin/cmake --build /home/mondegrin/programs/slon/ros2_ws/build/gps -- -j16 -l16
[1.163s] DEBUG:colcon.colcon_core.event_handler.log_command:Invoking command in '/home/mondegrin/programs/slon/ros2_ws/build/slon': CMAKE_PREFIX_PATH=${CMAKE_PREFIX_PATH}:/opt/ros/iron /usr/bin/cmake --build /home/mondegrin/programs/slon/ros2_ws/build/slon -- -j16 -l16
[1.363s] DEBUG:colcon.colcon_core.event_handler.log_command:Invoked command in '/home/mondegrin/programs/slon/ros2_ws/build/gps' returned '0': CMAKE_PREFIX_PATH=${CMAKE_PREFIX_PATH}:/opt/ros/iron /usr/bin/cmake --build /home/mondegrin/programs/slon/ros2_ws/build/gps -- -j16 -l16
[1.404s] DEBUG:colcon.colcon_core.event_handler.log_command:Invoking command in '/home/mondegrin/programs/slon/ros2_ws/build/gps': CMAKE_PREFIX_PATH=${CMAKE_PREFIX_PATH}:/opt/ros/iron /usr/bin/cmake --install /home/mondegrin/programs/slon/ros2_ws/build/gps
[1.438s] Level 1:colcon.colcon_core.environment:create_environment_scripts_only(gps)
[1.439s] DEBUG:colcon.colcon_core.event_handler.log_command:Invoked command in '/home/mondegrin/programs/slon/ros2_ws/build/gps' returned '0': CMAKE_PREFIX_PATH=${CMAKE_PREFIX_PATH}:/opt/ros/iron /usr/bin/cmake --install /home/mondegrin/programs/slon/ros2_ws/build/gps
[1.447s] Level 1:colcon.colcon_core.environment:checking '/home/mondegrin/programs/slon/ros2_ws/install/gps' for CMake module files
[1.447s] Level 1:colcon.colcon_core.environment:checking '/home/mondegrin/programs/slon/ros2_ws/install/gps' for CMake config files
[1.447s] Level 1:colcon.colcon_core.shell:create_environment_hook('gps', 'cmake_prefix_path')
[1.454s] INFO:colcon.colcon_core.shell:Creating environment hook '/home/mondegrin/programs/slon/ros2_ws/install/gps/share/gps/hook/cmake_prefix_path.ps1'
[1.455s] INFO:colcon.colcon_core.shell:Creating environment descriptor '/home/mondegrin/programs/slon/ros2_ws/install/gps/share/gps/hook/cmake_prefix_path.dsv'
[1.455s] INFO:colcon.colcon_core.shell:Creating environment hook '/home/mondegrin/programs/slon/ros2_ws/install/gps/share/gps/hook/cmake_prefix_path.sh'
[1.456s] Level 1:colcon.colcon_core.environment:checking '/home/mondegrin/programs/slon/ros2_ws/install/gps/lib'
[1.456s] Level 1:colcon.colcon_core.shell:create_environment_hook('gps', 'ld_library_path_lib')
[1.463s] INFO:colcon.colcon_core.shell:Creating environment hook '/home/mondegrin/programs/slon/ros2_ws/install/gps/share/gps/hook/ld_library_path_lib.ps1'
[1.463s] INFO:colcon.colcon_core.shell:Creating environment descriptor '/home/mondegrin/programs/slon/ros2_ws/install/gps/share/gps/hook/ld_library_path_lib.dsv'
[1.463s] INFO:colcon.colcon_core.shell:Creating environment hook '/home/mondegrin/programs/slon/ros2_ws/install/gps/share/gps/hook/ld_library_path_lib.sh'
[1.463s] Level 1:colcon.colcon_core.environment:checking '/home/mondegrin/programs/slon/ros2_ws/install/gps/bin'
[1.463s] Level 1:colcon.colcon_core.environment:checking '/home/mondegrin/programs/slon/ros2_ws/install/gps/lib/pkgconfig/gps.pc'
[1.464s] Level 1:colcon.colcon_core.environment:checking '/home/mondegrin/programs/slon/ros2_ws/install/gps/lib/python3.10/site-packages'
[1.464s] Level 1:colcon.colcon_core.shell:create_environment_hook('gps', 'pythonpath')
[1.471s] INFO:colcon.colcon_core.shell:Creating environment hook '/home/mondegrin/programs/slon/ros2_ws/install/gps/share/gps/hook/pythonpath.ps1'
[1.472s] INFO:colcon.colcon_core.shell:Creating environment descriptor '/home/mondegrin/programs/slon/ros2_ws/install/gps/share/gps/hook/pythonpath.dsv'
[1.472s] INFO:colcon.colcon_core.shell:Creating environment hook '/home/mondegrin/programs/slon/ros2_ws/install/gps/share/gps/hook/pythonpath.sh'
[1.472s] Level 1:colcon.colcon_core.environment:checking '/home/mondegrin/programs/slon/ros2_ws/install/gps/bin'
[1.480s] INFO:colcon.colcon_core.shell:Creating package script '/home/mondegrin/programs/slon/ros2_ws/install/gps/share/gps/package.ps1'
[1.480s] INFO:colcon.colcon_core.shell:Creating package descriptor '/home/mondegrin/programs/slon/ros2_ws/install/gps/share/gps/package.dsv'
[1.481s] INFO:colcon.colcon_core.shell:Creating package script '/home/mondegrin/programs/slon/ros2_ws/install/gps/share/gps/package.sh'
[1.481s] INFO:colcon.colcon_core.shell:Creating package script '/home/mondegrin/programs/slon/ros2_ws/install/gps/share/gps/package.bash'
[1.482s] INFO:colcon.colcon_core.shell:Creating package script '/home/mondegrin/programs/slon/ros2_ws/install/gps/share/gps/package.zsh'
[1.482s] Level 1:colcon.colcon_core.environment:create_file_with_runtime_dependencies(/home/mondegrin/programs/slon/ros2_ws/install/gps/share/colcon-core/packages/gps)
[1.528s] Level 1:colcon.colcon_core.environment:create_environment_scripts_only(gps)
[1.535s] Level 1:colcon.colcon_core.environment:checking '/home/mondegrin/programs/slon/ros2_ws/install/gps' for CMake module files
[1.535s] Level 1:colcon.colcon_core.environment:checking '/home/mondegrin/programs/slon/ros2_ws/install/gps' for CMake config files
[1.536s] Level 1:colcon.colcon_core.shell:create_environment_hook('gps', 'cmake_prefix_path')
[1.543s] INFO:colcon.colcon_core.shell:Creating environment hook '/home/mondegrin/programs/slon/ros2_ws/install/gps/share/gps/hook/cmake_prefix_path.ps1'
[1.543s] INFO:colcon.colcon_core.shell:Creating environment descriptor '/home/mondegrin/programs/slon/ros2_ws/install/gps/share/gps/hook/cmake_prefix_path.dsv'
[1.544s] INFO:colcon.colcon_core.shell:Creating environment hook '/home/mondegrin/programs/slon/ros2_ws/install/gps/share/gps/hook/cmake_prefix_path.sh'
[1.544s] Level 1:colcon.colcon_core.environment:checking '/home/mondegrin/programs/slon/ros2_ws/install/gps/lib'
[1.544s] Level 1:colcon.colcon_core.shell:create_environment_hook('gps', 'ld_library_path_lib')
[1.552s] INFO:colcon.colcon_core.shell:Creating environment hook '/home/mondegrin/programs/slon/ros2_ws/install/gps/share/gps/hook/ld_library_path_lib.ps1'
[1.552s] INFO:colcon.colcon_core.shell:Creating environment descriptor '/home/mondegrin/programs/slon/ros2_ws/install/gps/share/gps/hook/ld_library_path_lib.dsv'
[1.552s] INFO:colcon.colcon_core.shell:Creating environment hook '/home/mondegrin/programs/slon/ros2_ws/install/gps/share/gps/hook/ld_library_path_lib.sh'
[1.552s] Level 1:colcon.colcon_core.environment:checking '/home/mondegrin/programs/slon/ros2_ws/install/gps/bin'
[1.552s] Level 1:colcon.colcon_core.environment:checking '/home/mondegrin/programs/slon/ros2_ws/install/gps/lib/pkgconfig/gps.pc'
[1.553s] Level 1:colcon.colcon_core.environment:checking '/home/mondegrin/programs/slon/ros2_ws/install/gps/lib/python3.10/site-packages'
[1.553s] Level 1:colcon.colcon_core.shell:create_environment_hook('gps', 'pythonpath')
[1.559s] INFO:colcon.colcon_core.shell:Creating environment hook '/home/mondegrin/programs/slon/ros2_ws/install/gps/share/gps/hook/pythonpath.ps1'
[1.560s] INFO:colcon.colcon_core.shell:Creating environment descriptor '/home/mondegrin/programs/slon/ros2_ws/install/gps/share/gps/hook/pythonpath.dsv'
[1.560s] INFO:colcon.colcon_core.shell:Creating environment hook '/home/mondegrin/programs/slon/ros2_ws/install/gps/share/gps/hook/pythonpath.sh'
[1.561s] Level 1:colcon.colcon_core.environment:checking '/home/mondegrin/programs/slon/ros2_ws/install/gps/bin'
[1.568s] INFO:colcon.colcon_core.shell:Creating package script '/home/mondegrin/programs/slon/ros2_ws/install/gps/share/gps/package.ps1'
[1.569s] INFO:colcon.colcon_core.shell:Creating package descriptor '/home/mondegrin/programs/slon/ros2_ws/install/gps/share/gps/package.dsv'
[1.569s] INFO:colcon.colcon_core.shell:Creating package script '/home/mondegrin/programs/slon/ros2_ws/install/gps/share/gps/package.sh'
[1.570s] INFO:colcon.colcon_core.shell:Creating package script '/home/mondegrin/programs/slon/ros2_ws/install/gps/share/gps/package.bash'
[1.570s] INFO:colcon.colcon_core.shell:Creating package script '/home/mondegrin/programs/slon/ros2_ws/install/gps/share/gps/package.zsh'
[1.570s] Level 1:colcon.colcon_core.environment:create_file_with_runtime_dependencies(/home/mondegrin/programs/slon/ros2_ws/install/gps/share/colcon-core/packages/gps)
[3.450s] DEBUG:colcon.colcon_core.event_handler.log_command:Invoked command in '/home/mondegrin/programs/slon/ros2_ws/build/slon' returned '2': CMAKE_PREFIX_PATH=${CMAKE_PREFIX_PATH}:/opt/ros/iron /usr/bin/cmake --build /home/mondegrin/programs/slon/ros2_ws/build/slon -- -j16 -l16
[3.471s] Level 1:colcon.colcon_core.environment:create_environment_scripts_only(slon)
[3.488s] Level 1:colcon.colcon_core.environment:checking '/home/mondegrin/programs/slon/ros2_ws/install/slon' for CMake module files
[3.488s] Level 1:colcon.colcon_core.environment:checking '/home/mondegrin/programs/slon/ros2_ws/install/slon' for CMake config files
[3.488s] Level 1:colcon.colcon_core.shell:create_environment_hook('slon', 'cmake_prefix_path')
[3.503s] INFO:colcon.colcon_core.shell:Creating environment hook '/home/mondegrin/programs/slon/ros2_ws/install/slon/share/slon/hook/cmake_prefix_path.ps1'
[3.504s] INFO:colcon.colcon_core.shell:Creating environment descriptor '/home/mondegrin/programs/slon/ros2_ws/install/slon/share/slon/hook/cmake_prefix_path.dsv'
[3.504s] INFO:colcon.colcon_core.shell:Creating environment hook '/home/mondegrin/programs/slon/ros2_ws/install/slon/share/slon/hook/cmake_prefix_path.sh'
[3.504s] Level 1:colcon.colcon_core.environment:checking '/home/mondegrin/programs/slon/ros2_ws/install/slon/lib'
[3.504s] Level 1:colcon.colcon_core.environment:checking '/home/mondegrin/programs/slon/ros2_ws/install/slon/bin'
[3.504s] Level 1:colcon.colcon_core.environment:checking '/home/mondegrin/programs/slon/ros2_ws/install/slon/lib/pkgconfig/slon.pc'
[3.505s] Level 1:colcon.colcon_core.environment:checking '/home/mondegrin/programs/slon/ros2_ws/install/slon/lib/python3.10/site-packages'
[3.505s] Level 1:colcon.colcon_core.environment:checking '/home/mondegrin/programs/slon/ros2_ws/install/slon/bin'
[3.512s] INFO:colcon.colcon_core.shell:Creating package script '/home/mondegrin/programs/slon/ros2_ws/install/slon/share/slon/package.ps1'
[3.512s] INFO:colcon.colcon_core.shell:Creating package descriptor '/home/mondegrin/programs/slon/ros2_ws/install/slon/share/slon/package.dsv'
[3.513s] INFO:colcon.colcon_core.shell:Creating package script '/home/mondegrin/programs/slon/ros2_ws/install/slon/share/slon/package.sh'
[3.515s] INFO:colcon.colcon_core.shell:Creating package script '/home/mondegrin/programs/slon/ros2_ws/install/slon/share/slon/package.bash'
[3.515s] INFO:colcon.colcon_core.shell:Creating package script '/home/mondegrin/programs/slon/ros2_ws/install/slon/share/slon/package.zsh'
[3.516s] Level 1:colcon.colcon_core.environment:create_file_with_runtime_dependencies(/home/mondegrin/programs/slon/ros2_ws/install/slon/share/colcon-core/packages/slon)
[3.527s] DEBUG:colcon.colcon_parallel_executor.executor.parallel:closing loop
[3.527s] DEBUG:colcon.colcon_parallel_executor.executor.parallel:loop closed
[3.527s] DEBUG:colcon.colcon_parallel_executor.executor.parallel:run_until_complete finished with '2'
[3.527s] DEBUG:colcon.colcon_core.event_reactor:joining thread
[3.779s] INFO:colcon.colcon_core.plugin_system:Skipping extension 'colcon_notification.desktop_notification.notify_send': Could not find 'notify-send'
[3.779s] INFO:colcon.colcon_core.plugin_system:Skipping extension 'colcon_notification.desktop_notification.terminal_notifier': Not used on non-Darwin systems
[3.779s] INFO:colcon.colcon_core.plugin_system:Skipping extension 'colcon_notification.desktop_notification.win32': Not used on non-Windows systems
[3.779s] INFO:colcon.colcon_notification.desktop_notification:Sending desktop notification using 'notify2'
[3.780s] DEBUG:colcon.colcon_notification.desktop_notification.notify2:Failed to initialize notify2: org.freedesktop.DBus.Error.ServiceUnknown: The name org.freedesktop.Notifications was not provided by any .service files
[3.780s] DEBUG:colcon.colcon_core.event_reactor:joined thread
[3.788s] INFO:colcon.colcon_core.shell:Creating prefix script '/home/mondegrin/programs/slon/ros2_ws/install/local_setup.ps1'
[3.790s] INFO:colcon.colcon_core.shell:Creating prefix util module '/home/mondegrin/programs/slon/ros2_ws/install/_local_setup_util_ps1.py'
[3.792s] INFO:colcon.colcon_core.shell:Creating prefix chain script '/home/mondegrin/programs/slon/ros2_ws/install/setup.ps1'
[3.804s] INFO:colcon.colcon_core.shell:Creating prefix script '/home/mondegrin/programs/slon/ros2_ws/install/local_setup.sh'
[3.804s] INFO:colcon.colcon_core.shell:Creating prefix util module '/home/mondegrin/programs/slon/ros2_ws/install/_local_setup_util_sh.py'
[3.805s] INFO:colcon.colcon_core.shell:Creating prefix chain script '/home/mondegrin/programs/slon/ros2_ws/install/setup.sh'
[3.818s] INFO:colcon.colcon_core.shell:Creating prefix script '/home/mondegrin/programs/slon/ros2_ws/install/local_setup.bash'
[3.818s] INFO:colcon.colcon_core.shell:Creating prefix chain script '/home/mondegrin/programs/slon/ros2_ws/install/setup.bash'
[3.825s] INFO:colcon.colcon_core.shell:Creating prefix script '/home/mondegrin/programs/slon/ros2_ws/install/local_setup.zsh'
[3.826s] INFO:colcon.colcon_core.shell:Creating prefix chain script '/home/mondegrin/programs/slon/ros2_ws/install/setup.zsh'
