[1.038s] Invoking command in '/home/mondegrin/programs/slon/microros_ws/firmware/mcu_ws/build/rosgraph_msgs': AMENT_PREFIX_PATH=/home/mondegrin/programs/slon/microros_ws/firmware/mcu_ws/install:${AMENT_PREFIX_PATH} CMAKE_PREFIX_PATH=/home/mondegrin/programs/slon/microros_ws/firmware/mcu_ws/install:/home/mondegrin/programs/slon/microros_ws/firmware/dev_ws/install/ament_lint_common:/home/mondegrin/programs/slon/microros_ws/firmware/dev_ws/install/ament_cmake_uncrustify:/home/mondegrin/programs/slon/microros_ws/firmware/dev_ws/install/uncrustify_vendor:/home/mondegrin/programs/slon/microros_ws/firmware/dev_ws/install/ament_cmake_ros:/home/mondegrin/programs/slon/microros_ws/firmware/dev_ws/install/ament_cmake_gmock:/home/mondegrin/programs/slon/microros_ws/firmware/dev_ws/install/gmock_vendor:/home/mondegrin/programs/slon/microros_ws/firmware/dev_ws/install/ament_cmake_auto:/home/mondegrin/programs/slon/microros_ws/firmware/dev_ws/install/ament_cmake_gtest:/home/mondegrin/programs/slon/microros_ws/firmware/dev_ws/install/gtest_vendor:/home/mondegrin/programs/slon/microros_ws/firmware/dev_ws/install/ament_cmake_xmllint:/home/mondegrin/programs/slon/microros_ws/firmware/dev_ws/install/ament_cmake_pyflakes:/home/mondegrin/programs/slon/microros_ws/firmware/dev_ws/install/ament_cmake_pycodestyle:/home/mondegrin/programs/slon/microros_ws/firmware/dev_ws/install/ament_cmake_pep257:/home/mondegrin/programs/slon/microros_ws/firmware/dev_ws/install/ament_cmake_pclint:/home/mondegrin/programs/slon/microros_ws/firmware/dev_ws/install/ament_lint_auto:/home/mondegrin/programs/slon/microros_ws/firmware/dev_ws/install/ament_cmake:/home/mondegrin/programs/slon/microros_ws/firmware/dev_ws/install/ament_cmake_version:/home/mondegrin/programs/slon/microros_ws/firmware/dev_ws/install/ament_cmake_vendor_package:/home/mondegrin/programs/slon/microros_ws/firmware/dev_ws/install/ament_cmake_pytest:/home/mondegrin/programs/slon/microros_ws/firmware/dev_ws/install/ament_cmake_mypy:/home/mondegrin/programs/slon/microros_ws/firmware/dev_ws/install/ament_cmake_lint_cmake:/home/mondegrin/programs/slon/microros_ws/firmware/dev_ws/install/ament_cmake_google_benchmark:/home/mondegrin/programs/slon/microros_ws/firmware/dev_ws/install/ament_cmake_flake8:/home/mondegrin/programs/slon/microros_ws/firmware/dev_ws/install/ament_cmake_cpplint:/home/mondegrin/programs/slon/microros_ws/firmware/dev_ws/install/ament_cmake_cppcheck:/home/mondegrin/programs/slon/microros_ws/firmware/dev_ws/install/ament_cmake_copyright:/home/mondegrin/programs/slon/microros_ws/firmware/dev_ws/install/ament_cmake_clang_tidy:/home/mondegrin/programs/slon/microros_ws/firmware/dev_ws/install/ament_cmake_clang_format:/home/mondegrin/programs/slon/microros_ws/firmware/dev_ws/install/ament_cmake_test:/home/mondegrin/programs/slon/microros_ws/firmware/dev_ws/install/ament_cmake_target_dependencies:/home/mondegrin/programs/slon/microros_ws/firmware/dev_ws/install/ament_cmake_python:/home/mondegrin/programs/slon/microros_ws/firmware/dev_ws/install/ament_cmake_export_dependencies:/home/mondegrin/programs/slon/microros_ws/firmware/dev_ws/install/ament_cmake_libraries:/home/mondegrin/programs/slon/microros_ws/firmware/dev_ws/install/ament_cmake_include_directories:/home/mondegrin/programs/slon/microros_ws/firmware/dev_ws/install/ament_cmake_gen_version_h:/home/mondegrin/programs/slon/microros_ws/firmware/dev_ws/install/ament_cmake_export_targets:/home/mondegrin/programs/slon/microros_ws/firmware/dev_ws/install/ament_cmake_export_link_flags:/home/mondegrin/programs/slon/microros_ws/firmware/dev_ws/install/ament_cmake_export_interfaces:/home/mondegrin/programs/slon/microros_ws/firmware/dev_ws/install/ament_cmake_export_libraries:/home/mondegrin/programs/slon/microros_ws/firmware/dev_ws/install/ament_cmake_export_include_directories:/home/mondegrin/programs/slon/microros_ws/firmware/dev_ws/install/ament_cmake_export_definitions:/home/mondegrin/programs/slon/microros_ws/firmware/dev_ws/install/ament_cmake_core:/home/mondegrin/programs/slon/microros_ws/firmware/dev_ws/install/ament_index_cpp:/home/mondegrin/programs/slon/microros_ws/firmware/dev_ws/install/ament_uncrustify:/home/mondegrin/programs/slon/microros_ws/firmware/dev_ws/install/domain_coordinator:/home/mondegrin/programs/slon/microros_ws/firmware/dev_ws/install/ament_xmllint:/home/mondegrin/programs/slon/microros_ws/firmware/dev_ws/install/ament_pyflakes:/home/mondegrin/programs/slon/microros_ws/firmware/dev_ws/install/ament_pycodestyle:/home/mondegrin/programs/slon/microros_ws/firmware/dev_ws/install/ament_pep257:/home/mondegrin/programs/slon/microros_ws/firmware/dev_ws/install/ament_pclint:/home/mondegrin/programs/slon/microros_ws/firmware/dev_ws/install/ament_package:/home/mondegrin/programs/slon/microros_ws/firmware/dev_ws/install/ament_mypy:/home/mondegrin/programs/slon/microros_ws/firmware/dev_ws/install/ament_lint_cmake:/home/mondegrin/programs/slon/microros_ws/firmware/dev_ws/install/ament_flake8:/home/mondegrin/programs/slon/microros_ws/firmware/dev_ws/install/ament_copyright:/home/mondegrin/programs/slon/microros_ws/firmware/dev_ws/install/ament_lint:/home/mondegrin/programs/slon/microros_ws/firmware/dev_ws/install/ament_index_python:/home/mondegrin/programs/slon/microros_ws/firmware/dev_ws/install/ament_cpplint:/home/mondegrin/programs/slon/microros_ws/firmware/dev_ws/install/ament_cppcheck:/home/mondegrin/programs/slon/microros_ws/firmware/dev_ws/install/ament_clang_tidy:/home/mondegrin/programs/slon/microros_ws/firmware/dev_ws/install/ament_clang_format LD_LIBRARY_PATH=/home/mondegrin/programs/slon/microros_ws/firmware/mcu_ws/install/lib:${LD_LIBRARY_PATH} PATH=/home/mondegrin/programs/slon/microros_ws/firmware/mcu_ws/install/bin:${PATH} PYTHONPATH=/home/mondegrin/programs/slon/microros_ws/firmware/mcu_ws/install/lib/python3.10/site-packages:${PYTHONPATH} /usr/bin/cmake --build /home/mondegrin/programs/slon/microros_ws/firmware/mcu_ws/build/rosgraph_msgs -- -j16 -l16
[1.124s] gmake[4]: Entering directory '/home/mondegrin/programs/slon/microros_ws/firmware/mcu_ws/build/rosgraph_msgs'
[1.125s] /usr/bin/cmake -S/home/mondegrin/programs/slon/microros_ws/firmware/mcu_ws/ros2/rcl_interfaces/rosgraph_msgs -B/home/mondegrin/programs/slon/microros_ws/firmware/mcu_ws/build/rosgraph_msgs --check-build-system CMakeFiles/Makefile.cmake 0
[1.188s] Re-run cmake file: Makefile older than: /home/mondegrin/programs/slon/microros_ws/firmware/freertos_apps/microros_esp32_extensions/esp32_toolchain.cmake
[1.208s] -- Found ament_cmake: 2.0.3 (/home/mondegrin/programs/slon/microros_ws/firmware/dev_ws/install/ament_cmake/share/ament_cmake/cmake)
[2.400s] -- Found builtin_interfaces: 1.6.0 (/home/mondegrin/programs/slon/microros_ws/firmware/mcu_ws/install/share/builtin_interfaces/cmake)
[2.505s] [33mCMake Warning at /home/mondegrin/programs/slon/microros_ws/firmware/mcu_ws/install/share/rcutils/cmake/ament_cmake_export_libraries-extras.cmake:116 (message):
[2.505s]   Package 'rcutils' exports library 'dl' which couldn't be found
[2.506s] Call Stack (most recent call first):
[2.506s]   /home/mondegrin/programs/slon/microros_ws/firmware/mcu_ws/install/share/rcutils/cmake/rcutilsConfig.cmake:41 (include)
[2.506s]   /home/mondegrin/programs/slon/microros_ws/firmware/mcu_ws/install/share/rosidl_runtime_c/cmake/ament_cmake_export_dependencies-extras.cmake:21 (find_package)
[2.506s]   /home/mondegrin/programs/slon/microros_ws/firmware/mcu_ws/install/share/rosidl_runtime_c/cmake/rosidl_runtime_cConfig.cmake:41 (include)
[2.506s]   /home/mondegrin/programs/slon/microros_ws/firmware/mcu_ws/install/share/builtin_interfaces/cmake/ament_cmake_export_dependencies-extras.cmake:21 (find_package)
[2.506s]   /home/mondegrin/programs/slon/microros_ws/firmware/mcu_ws/install/share/builtin_interfaces/cmake/builtin_interfacesConfig.cmake:41 (include)
[2.507s]   CMakeLists.txt:15 (find_package)
[2.507s] 
[2.507s] [0m
[2.565s] -- Using all available rosidl_typesupport_c: rosidl_typesupport_introspection_c;rosidl_typesupport_microxrcedds_c
[2.667s] -- Found rosidl_adapter: 4.0.1 (/home/mondegrin/programs/slon/microros_ws/firmware/mcu_ws/install/share/rosidl_adapter/cmake)
[2.739s] -- Found rosidl_default_generators: 1.5.0 (/home/mondegrin/programs/slon/microros_ws/firmware/mcu_ws/install/share/rosidl_default_generators/cmake)
[4.853s] -- Found ament_cmake_ros: 0.11.2 (/home/mondegrin/programs/slon/microros_ws/firmware/dev_ws/install/ament_cmake_ros/share/ament_cmake_ros/cmake)
[5.656s] -- Using all available rosidl_typesupport_c: rosidl_typesupport_introspection_c;rosidl_typesupport_microxrcedds_c
[5.680s] -- Configuring done
[5.784s] -- Generating done
[5.801s] -- Build files have been written to: /home/mondegrin/programs/slon/microros_ws/firmware/mcu_ws/build/rosgraph_msgs
[5.811s] /usr/bin/cmake -E cmake_progress_start /home/mondegrin/programs/slon/microros_ws/firmware/mcu_ws/build/rosgraph_msgs/CMakeFiles /home/mondegrin/programs/slon/microros_ws/firmware/mcu_ws/build/rosgraph_msgs//CMakeFiles/progress.marks
[5.847s] /usr/bin/gmake  -f CMakeFiles/Makefile2 all
[5.851s] gmake[5]: Entering directory '/home/mondegrin/programs/slon/microros_ws/firmware/mcu_ws/build/rosgraph_msgs'
[5.851s] /usr/bin/gmake  -f CMakeFiles/rosgraph_msgs__rosidl_generator_type_description.dir/build.make CMakeFiles/rosgraph_msgs__rosidl_generator_type_description.dir/depend
[5.858s] gmake[6]: Entering directory '/home/mondegrin/programs/slon/microros_ws/firmware/mcu_ws/build/rosgraph_msgs'
[5.859s] cd /home/mondegrin/programs/slon/microros_ws/firmware/mcu_ws/build/rosgraph_msgs && /usr/bin/cmake -E cmake_depends "Unix Makefiles" /home/mondegrin/programs/slon/microros_ws/firmware/mcu_ws/ros2/rcl_interfaces/rosgraph_msgs /home/mondegrin/programs/slon/microros_ws/firmware/mcu_ws/ros2/rcl_interfaces/rosgraph_msgs /home/mondegrin/programs/slon/microros_ws/firmware/mcu_ws/build/rosgraph_msgs /home/mondegrin/programs/slon/microros_ws/firmware/mcu_ws/build/rosgraph_msgs /home/mondegrin/programs/slon/microros_ws/firmware/mcu_ws/build/rosgraph_msgs/CMakeFiles/rosgraph_msgs__rosidl_generator_type_description.dir/DependInfo.cmake --color=
[5.895s] gmake[6]: Leaving directory '/home/mondegrin/programs/slon/microros_ws/firmware/mcu_ws/build/rosgraph_msgs'
[5.896s] /usr/bin/gmake  -f CMakeFiles/rosgraph_msgs__rosidl_generator_type_description.dir/build.make CMakeFiles/rosgraph_msgs__rosidl_generator_type_description.dir/build
[5.896s] gmake[6]: Entering directory '/home/mondegrin/programs/slon/microros_ws/firmware/mcu_ws/build/rosgraph_msgs'
[5.897s] gmake[6]: Nothing to be done for 'CMakeFiles/rosgraph_msgs__rosidl_generator_type_description.dir/build'.
[5.897s] gmake[6]: Leaving directory '/home/mondegrin/programs/slon/microros_ws/firmware/mcu_ws/build/rosgraph_msgs'
[5.923s] [  6%] Built target rosgraph_msgs__rosidl_generator_type_description
[5.953s] /usr/bin/gmake  -f CMakeFiles/rosgraph_msgs__rosidl_generator_c.dir/build.make CMakeFiles/rosgraph_msgs__rosidl_generator_c.dir/depend
[5.961s] gmake[6]: Entering directory '/home/mondegrin/programs/slon/microros_ws/firmware/mcu_ws/build/rosgraph_msgs'
[5.962s] cd /home/mondegrin/programs/slon/microros_ws/firmware/mcu_ws/build/rosgraph_msgs && /usr/bin/cmake -E cmake_depends "Unix Makefiles" /home/mondegrin/programs/slon/microros_ws/firmware/mcu_ws/ros2/rcl_interfaces/rosgraph_msgs /home/mondegrin/programs/slon/microros_ws/firmware/mcu_ws/ros2/rcl_interfaces/rosgraph_msgs /home/mondegrin/programs/slon/microros_ws/firmware/mcu_ws/build/rosgraph_msgs /home/mondegrin/programs/slon/microros_ws/firmware/mcu_ws/build/rosgraph_msgs /home/mondegrin/programs/slon/microros_ws/firmware/mcu_ws/build/rosgraph_msgs/CMakeFiles/rosgraph_msgs__rosidl_generator_c.dir/DependInfo.cmake --color=
[5.996s] Dependencies file "CMakeFiles/rosgraph_msgs__rosidl_generator_c.dir/rosidl_generator_c/rosgraph_msgs/msg/detail/clock__description.c.obj.d" is newer than depends file "/home/mondegrin/programs/slon/microros_ws/firmware/mcu_ws/build/rosgraph_msgs/CMakeFiles/rosgraph_msgs__rosidl_generator_c.dir/compiler_depend.internal".
[5.996s] Dependencies file "CMakeFiles/rosgraph_msgs__rosidl_generator_c.dir/rosidl_generator_c/rosgraph_msgs/msg/detail/clock__functions.c.obj.d" is newer than depends file "/home/mondegrin/programs/slon/microros_ws/firmware/mcu_ws/build/rosgraph_msgs/CMakeFiles/rosgraph_msgs__rosidl_generator_c.dir/compiler_depend.internal".
[5.996s] Dependencies file "CMakeFiles/rosgraph_msgs__rosidl_generator_c.dir/rosidl_generator_c/rosgraph_msgs/msg/detail/clock__type_support.c.obj.d" is newer than depends file "/home/mondegrin/programs/slon/microros_ws/firmware/mcu_ws/build/rosgraph_msgs/CMakeFiles/rosgraph_msgs__rosidl_generator_c.dir/compiler_depend.internal".
[5.997s] [35m[1mConsolidate compiler generated dependencies of target rosgraph_msgs__rosidl_generator_c[0m
[6.000s] gmake[6]: Leaving directory '/home/mondegrin/programs/slon/microros_ws/firmware/mcu_ws/build/rosgraph_msgs'
[6.000s] /usr/bin/gmake  -f CMakeFiles/rosgraph_msgs__rosidl_generator_c.dir/build.make CMakeFiles/rosgraph_msgs__rosidl_generator_c.dir/build
[6.008s] gmake[6]: Entering directory '/home/mondegrin/programs/slon/microros_ws/firmware/mcu_ws/build/rosgraph_msgs'
[6.008s] gmake[6]: Nothing to be done for 'CMakeFiles/rosgraph_msgs__rosidl_generator_c.dir/build'.
[6.008s] gmake[6]: Leaving directory '/home/mondegrin/programs/slon/microros_ws/firmware/mcu_ws/build/rosgraph_msgs'
[6.041s] [ 40%] Built target rosgraph_msgs__rosidl_generator_c
[6.055s] /usr/bin/gmake  -f CMakeFiles/rosgraph_msgs__rosidl_typesupport_introspection_c.dir/build.make CMakeFiles/rosgraph_msgs__rosidl_typesupport_introspection_c.dir/depend
[6.055s] /usr/bin/gmake  -f CMakeFiles/rosgraph_msgs__rosidl_typesupport_c.dir/build.make CMakeFiles/rosgraph_msgs__rosidl_typesupport_c.dir/depend
[6.055s] /usr/bin/gmake  -f CMakeFiles/rosgraph_msgs__rosidl_typesupport_microxrcedds_c.dir/build.make CMakeFiles/rosgraph_msgs__rosidl_typesupport_microxrcedds_c.dir/depend
[6.059s] gmake[6]: Entering directory '/home/mondegrin/programs/slon/microros_ws/firmware/mcu_ws/build/rosgraph_msgs'
[6.059s] cd /home/mondegrin/programs/slon/microros_ws/firmware/mcu_ws/build/rosgraph_msgs && /usr/bin/cmake -E cmake_depends "Unix Makefiles" /home/mondegrin/programs/slon/microros_ws/firmware/mcu_ws/ros2/rcl_interfaces/rosgraph_msgs /home/mondegrin/programs/slon/microros_ws/firmware/mcu_ws/ros2/rcl_interfaces/rosgraph_msgs /home/mondegrin/programs/slon/microros_ws/firmware/mcu_ws/build/rosgraph_msgs /home/mondegrin/programs/slon/microros_ws/firmware/mcu_ws/build/rosgraph_msgs /home/mondegrin/programs/slon/microros_ws/firmware/mcu_ws/build/rosgraph_msgs/CMakeFiles/rosgraph_msgs__rosidl_typesupport_introspection_c.dir/DependInfo.cmake --color=
[6.069s] gmake[6]: Entering directory '/home/mondegrin/programs/slon/microros_ws/firmware/mcu_ws/build/rosgraph_msgs'
[6.069s] cd /home/mondegrin/programs/slon/microros_ws/firmware/mcu_ws/build/rosgraph_msgs && /usr/bin/cmake -E cmake_depends "Unix Makefiles" /home/mondegrin/programs/slon/microros_ws/firmware/mcu_ws/ros2/rcl_interfaces/rosgraph_msgs /home/mondegrin/programs/slon/microros_ws/firmware/mcu_ws/ros2/rcl_interfaces/rosgraph_msgs /home/mondegrin/programs/slon/microros_ws/firmware/mcu_ws/build/rosgraph_msgs /home/mondegrin/programs/slon/microros_ws/firmware/mcu_ws/build/rosgraph_msgs /home/mondegrin/programs/slon/microros_ws/firmware/mcu_ws/build/rosgraph_msgs/CMakeFiles/rosgraph_msgs__rosidl_typesupport_c.dir/DependInfo.cmake --color=
[6.069s] gmake[6]: Entering directory '/home/mondegrin/programs/slon/microros_ws/firmware/mcu_ws/build/rosgraph_msgs'
[6.070s] cd /home/mondegrin/programs/slon/microros_ws/firmware/mcu_ws/build/rosgraph_msgs && /usr/bin/cmake -E cmake_depends "Unix Makefiles" /home/mondegrin/programs/slon/microros_ws/firmware/mcu_ws/ros2/rcl_interfaces/rosgraph_msgs /home/mondegrin/programs/slon/microros_ws/firmware/mcu_ws/ros2/rcl_interfaces/rosgraph_msgs /home/mondegrin/programs/slon/microros_ws/firmware/mcu_ws/build/rosgraph_msgs /home/mondegrin/programs/slon/microros_ws/firmware/mcu_ws/build/rosgraph_msgs /home/mondegrin/programs/slon/microros_ws/firmware/mcu_ws/build/rosgraph_msgs/CMakeFiles/rosgraph_msgs__rosidl_typesupport_microxrcedds_c.dir/DependInfo.cmake --color=
[6.077s] Dependencies file "CMakeFiles/rosgraph_msgs__rosidl_typesupport_c.dir/rosidl_typesupport_c/rosgraph_msgs/msg/clock__type_support.cpp.obj.d" is newer than depends file "/home/mondegrin/programs/slon/microros_ws/firmware/mcu_ws/build/rosgraph_msgs/CMakeFiles/rosgraph_msgs__rosidl_typesupport_c.dir/compiler_depend.internal".
[6.077s] [35m[1mConsolidate compiler generated dependencies of target rosgraph_msgs__rosidl_typesupport_c[0m
[6.077s] Dependencies file "CMakeFiles/rosgraph_msgs__rosidl_typesupport_microxrcedds_c.dir/rosidl_typesupport_microxrcedds_c/rosgraph_msgs/msg/detail/microxrcedds/clock__type_support_c.c.obj.d" is newer than depends file "/home/mondegrin/programs/slon/microros_ws/firmware/mcu_ws/build/rosgraph_msgs/CMakeFiles/rosgraph_msgs__rosidl_typesupport_microxrcedds_c.dir/compiler_depend.internal".
[6.078s] [35m[1mConsolidate compiler generated dependencies of target rosgraph_msgs__rosidl_typesupport_microxrcedds_c[0m
[6.079s] Dependencies file "CMakeFiles/rosgraph_msgs__rosidl_typesupport_introspection_c.dir/rosidl_typesupport_introspection_c/rosgraph_msgs/msg/detail/clock__type_support.c.obj.d" is newer than depends file "/home/mondegrin/programs/slon/microros_ws/firmware/mcu_ws/build/rosgraph_msgs/CMakeFiles/rosgraph_msgs__rosidl_typesupport_introspection_c.dir/compiler_depend.internal".
[6.084s] gmake[6]: Leaving directory '/home/mondegrin/programs/slon/microros_ws/firmware/mcu_ws/build/rosgraph_msgs'
[6.084s] [35m[1mConsolidate compiler generated dependencies of target rosgraph_msgs__rosidl_typesupport_introspection_c[0m
[6.084s] /usr/bin/gmake  -f CMakeFiles/rosgraph_msgs__rosidl_typesupport_microxrcedds_c.dir/build.make CMakeFiles/rosgraph_msgs__rosidl_typesupport_microxrcedds_c.dir/build
[6.085s] gmake[6]: Leaving directory '/home/mondegrin/programs/slon/microros_ws/firmware/mcu_ws/build/rosgraph_msgs'
[6.096s] gmake[6]: Entering directory '/home/mondegrin/programs/slon/microros_ws/firmware/mcu_ws/build/rosgraph_msgs'
[6.096s] gmake[6]: Nothing to be done for 'CMakeFiles/rosgraph_msgs__rosidl_typesupport_microxrcedds_c.dir/build'.
[6.096s] gmake[6]: Leaving directory '/home/mondegrin/programs/slon/microros_ws/firmware/mcu_ws/build/rosgraph_msgs'
[6.096s] /usr/bin/gmake  -f CMakeFiles/rosgraph_msgs__rosidl_typesupport_introspection_c.dir/build.make CMakeFiles/rosgraph_msgs__rosidl_typesupport_introspection_c.dir/build
[6.098s] gmake[6]: Leaving directory '/home/mondegrin/programs/slon/microros_ws/firmware/mcu_ws/build/rosgraph_msgs'
[6.099s] /usr/bin/gmake  -f CMakeFiles/rosgraph_msgs__rosidl_typesupport_c.dir/build.make CMakeFiles/rosgraph_msgs__rosidl_typesupport_c.dir/build
[6.099s] gmake[6]: Entering directory '/home/mondegrin/programs/slon/microros_ws/firmware/mcu_ws/build/rosgraph_msgs'
[6.099s] gmake[6]: Nothing to be done for 'CMakeFiles/rosgraph_msgs__rosidl_typesupport_introspection_c.dir/build'.
[6.099s] gmake[6]: Leaving directory '/home/mondegrin/programs/slon/microros_ws/firmware/mcu_ws/build/rosgraph_msgs'
[6.099s] gmake[6]: Entering directory '/home/mondegrin/programs/slon/microros_ws/firmware/mcu_ws/build/rosgraph_msgs'
[6.100s] gmake[6]: Nothing to be done for 'CMakeFiles/rosgraph_msgs__rosidl_typesupport_c.dir/build'.
[6.100s] gmake[6]: Leaving directory '/home/mondegrin/programs/slon/microros_ws/firmware/mcu_ws/build/rosgraph_msgs'
[6.199s] [ 60%] Built target rosgraph_msgs__rosidl_typesupport_microxrcedds_c
[6.200s] [ 80%] Built target rosgraph_msgs__rosidl_typesupport_c
[6.206s] [100%] Built target rosgraph_msgs__rosidl_typesupport_introspection_c
[6.207s] /usr/bin/gmake  -f CMakeFiles/rosgraph_msgs.dir/build.make CMakeFiles/rosgraph_msgs.dir/depend
[6.243s] gmake[6]: Entering directory '/home/mondegrin/programs/slon/microros_ws/firmware/mcu_ws/build/rosgraph_msgs'
[6.254s] cd /home/mondegrin/programs/slon/microros_ws/firmware/mcu_ws/build/rosgraph_msgs && /usr/bin/cmake -E cmake_depends "Unix Makefiles" /home/mondegrin/programs/slon/microros_ws/firmware/mcu_ws/ros2/rcl_interfaces/rosgraph_msgs /home/mondegrin/programs/slon/microros_ws/firmware/mcu_ws/ros2/rcl_interfaces/rosgraph_msgs /home/mondegrin/programs/slon/microros_ws/firmware/mcu_ws/build/rosgraph_msgs /home/mondegrin/programs/slon/microros_ws/firmware/mcu_ws/build/rosgraph_msgs /home/mondegrin/programs/slon/microros_ws/firmware/mcu_ws/build/rosgraph_msgs/CMakeFiles/rosgraph_msgs.dir/DependInfo.cmake --color=
[6.474s] gmake[6]: Leaving directory '/home/mondegrin/programs/slon/microros_ws/firmware/mcu_ws/build/rosgraph_msgs'
[6.475s] /usr/bin/gmake  -f CMakeFiles/rosgraph_msgs.dir/build.make CMakeFiles/rosgraph_msgs.dir/build
[6.480s] gmake[6]: Entering directory '/home/mondegrin/programs/slon/microros_ws/firmware/mcu_ws/build/rosgraph_msgs'
[6.482s] gmake[6]: Nothing to be done for 'CMakeFiles/rosgraph_msgs.dir/build'.
[6.483s] gmake[6]: Leaving directory '/home/mondegrin/programs/slon/microros_ws/firmware/mcu_ws/build/rosgraph_msgs'
[6.521s] [100%] Built target rosgraph_msgs
[6.546s] gmake[5]: Leaving directory '/home/mondegrin/programs/slon/microros_ws/firmware/mcu_ws/build/rosgraph_msgs'
[6.547s] /usr/bin/cmake -E cmake_progress_start /home/mondegrin/programs/slon/microros_ws/firmware/mcu_ws/build/rosgraph_msgs/CMakeFiles 0
[6.551s] gmake[4]: Leaving directory '/home/mondegrin/programs/slon/microros_ws/firmware/mcu_ws/build/rosgraph_msgs'
[7.274s] Invoked command in '/home/mondegrin/programs/slon/microros_ws/firmware/mcu_ws/build/rosgraph_msgs' returned '0': AMENT_PREFIX_PATH=/home/mondegrin/programs/slon/microros_ws/firmware/mcu_ws/install:${AMENT_PREFIX_PATH} CMAKE_PREFIX_PATH=/home/mondegrin/programs/slon/microros_ws/firmware/mcu_ws/install:/home/mondegrin/programs/slon/microros_ws/firmware/dev_ws/install/ament_lint_common:/home/mondegrin/programs/slon/microros_ws/firmware/dev_ws/install/ament_cmake_uncrustify:/home/mondegrin/programs/slon/microros_ws/firmware/dev_ws/install/uncrustify_vendor:/home/mondegrin/programs/slon/microros_ws/firmware/dev_ws/install/ament_cmake_ros:/home/mondegrin/programs/slon/microros_ws/firmware/dev_ws/install/ament_cmake_gmock:/home/mondegrin/programs/slon/microros_ws/firmware/dev_ws/install/gmock_vendor:/home/mondegrin/programs/slon/microros_ws/firmware/dev_ws/install/ament_cmake_auto:/home/mondegrin/programs/slon/microros_ws/firmware/dev_ws/install/ament_cmake_gtest:/home/mondegrin/programs/slon/microros_ws/firmware/dev_ws/install/gtest_vendor:/home/mondegrin/programs/slon/microros_ws/firmware/dev_ws/install/ament_cmake_xmllint:/home/mondegrin/programs/slon/microros_ws/firmware/dev_ws/install/ament_cmake_pyflakes:/home/mondegrin/programs/slon/microros_ws/firmware/dev_ws/install/ament_cmake_pycodestyle:/home/mondegrin/programs/slon/microros_ws/firmware/dev_ws/install/ament_cmake_pep257:/home/mondegrin/programs/slon/microros_ws/firmware/dev_ws/install/ament_cmake_pclint:/home/mondegrin/programs/slon/microros_ws/firmware/dev_ws/install/ament_lint_auto:/home/mondegrin/programs/slon/microros_ws/firmware/dev_ws/install/ament_cmake:/home/mondegrin/programs/slon/microros_ws/firmware/dev_ws/install/ament_cmake_version:/home/mondegrin/programs/slon/microros_ws/firmware/dev_ws/install/ament_cmake_vendor_package:/home/mondegrin/programs/slon/microros_ws/firmware/dev_ws/install/ament_cmake_pytest:/home/mondegrin/programs/slon/microros_ws/firmware/dev_ws/install/ament_cmake_mypy:/home/mondegrin/programs/slon/microros_ws/firmware/dev_ws/install/ament_cmake_lint_cmake:/home/mondegrin/programs/slon/microros_ws/firmware/dev_ws/install/ament_cmake_google_benchmark:/home/mondegrin/programs/slon/microros_ws/firmware/dev_ws/install/ament_cmake_flake8:/home/mondegrin/programs/slon/microros_ws/firmware/dev_ws/install/ament_cmake_cpplint:/home/mondegrin/programs/slon/microros_ws/firmware/dev_ws/install/ament_cmake_cppcheck:/home/mondegrin/programs/slon/microros_ws/firmware/dev_ws/install/ament_cmake_copyright:/home/mondegrin/programs/slon/microros_ws/firmware/dev_ws/install/ament_cmake_clang_tidy:/home/mondegrin/programs/slon/microros_ws/firmware/dev_ws/install/ament_cmake_clang_format:/home/mondegrin/programs/slon/microros_ws/firmware/dev_ws/install/ament_cmake_test:/home/mondegrin/programs/slon/microros_ws/firmware/dev_ws/install/ament_cmake_target_dependencies:/home/mondegrin/programs/slon/microros_ws/firmware/dev_ws/install/ament_cmake_python:/home/mondegrin/programs/slon/microros_ws/firmware/dev_ws/install/ament_cmake_export_dependencies:/home/mondegrin/programs/slon/microros_ws/firmware/dev_ws/install/ament_cmake_libraries:/home/mondegrin/programs/slon/microros_ws/firmware/dev_ws/install/ament_cmake_include_directories:/home/mondegrin/programs/slon/microros_ws/firmware/dev_ws/install/ament_cmake_gen_version_h:/home/mondegrin/programs/slon/microros_ws/firmware/dev_ws/install/ament_cmake_export_targets:/home/mondegrin/programs/slon/microros_ws/firmware/dev_ws/install/ament_cmake_export_link_flags:/home/mondegrin/programs/slon/microros_ws/firmware/dev_ws/install/ament_cmake_export_interfaces:/home/mondegrin/programs/slon/microros_ws/firmware/dev_ws/install/ament_cmake_export_libraries:/home/mondegrin/programs/slon/microros_ws/firmware/dev_ws/install/ament_cmake_export_include_directories:/home/mondegrin/programs/slon/microros_ws/firmware/dev_ws/install/ament_cmake_export_definitions:/home/mondegrin/programs/slon/microros_ws/firmware/dev_ws/install/ament_cmake_core:/home/mondegrin/programs/slon/microros_ws/firmware/dev_ws/install/ament_index_cpp:/home/mondegrin/programs/slon/microros_ws/firmware/dev_ws/install/ament_uncrustify:/home/mondegrin/programs/slon/microros_ws/firmware/dev_ws/install/domain_coordinator:/home/mondegrin/programs/slon/microros_ws/firmware/dev_ws/install/ament_xmllint:/home/mondegrin/programs/slon/microros_ws/firmware/dev_ws/install/ament_pyflakes:/home/mondegrin/programs/slon/microros_ws/firmware/dev_ws/install/ament_pycodestyle:/home/mondegrin/programs/slon/microros_ws/firmware/dev_ws/install/ament_pep257:/home/mondegrin/programs/slon/microros_ws/firmware/dev_ws/install/ament_pclint:/home/mondegrin/programs/slon/microros_ws/firmware/dev_ws/install/ament_package:/home/mondegrin/programs/slon/microros_ws/firmware/dev_ws/install/ament_mypy:/home/mondegrin/programs/slon/microros_ws/firmware/dev_ws/install/ament_lint_cmake:/home/mondegrin/programs/slon/microros_ws/firmware/dev_ws/install/ament_flake8:/home/mondegrin/programs/slon/microros_ws/firmware/dev_ws/install/ament_copyright:/home/mondegrin/programs/slon/microros_ws/firmware/dev_ws/install/ament_lint:/home/mondegrin/programs/slon/microros_ws/firmware/dev_ws/install/ament_index_python:/home/mondegrin/programs/slon/microros_ws/firmware/dev_ws/install/ament_cpplint:/home/mondegrin/programs/slon/microros_ws/firmware/dev_ws/install/ament_cppcheck:/home/mondegrin/programs/slon/microros_ws/firmware/dev_ws/install/ament_clang_tidy:/home/mondegrin/programs/slon/microros_ws/firmware/dev_ws/install/ament_clang_format LD_LIBRARY_PATH=/home/mondegrin/programs/slon/microros_ws/firmware/mcu_ws/install/lib:${LD_LIBRARY_PATH} PATH=/home/mondegrin/programs/slon/microros_ws/firmware/mcu_ws/install/bin:${PATH} PYTHONPATH=/home/mondegrin/programs/slon/microros_ws/firmware/mcu_ws/install/lib/python3.10/site-packages:${PYTHONPATH} /usr/bin/cmake --build /home/mondegrin/programs/slon/microros_ws/firmware/mcu_ws/build/rosgraph_msgs -- -j16 -l16
[8.658s] Invoking command in '/home/mondegrin/programs/slon/microros_ws/firmware/mcu_ws/build/rosgraph_msgs': AMENT_PREFIX_PATH=/home/mondegrin/programs/slon/microros_ws/firmware/mcu_ws/install:${AMENT_PREFIX_PATH} CMAKE_PREFIX_PATH=/home/mondegrin/programs/slon/microros_ws/firmware/mcu_ws/install:/home/mondegrin/programs/slon/microros_ws/firmware/dev_ws/install/ament_lint_common:/home/mondegrin/programs/slon/microros_ws/firmware/dev_ws/install/ament_cmake_uncrustify:/home/mondegrin/programs/slon/microros_ws/firmware/dev_ws/install/uncrustify_vendor:/home/mondegrin/programs/slon/microros_ws/firmware/dev_ws/install/ament_cmake_ros:/home/mondegrin/programs/slon/microros_ws/firmware/dev_ws/install/ament_cmake_gmock:/home/mondegrin/programs/slon/microros_ws/firmware/dev_ws/install/gmock_vendor:/home/mondegrin/programs/slon/microros_ws/firmware/dev_ws/install/ament_cmake_auto:/home/mondegrin/programs/slon/microros_ws/firmware/dev_ws/install/ament_cmake_gtest:/home/mondegrin/programs/slon/microros_ws/firmware/dev_ws/install/gtest_vendor:/home/mondegrin/programs/slon/microros_ws/firmware/dev_ws/install/ament_cmake_xmllint:/home/mondegrin/programs/slon/microros_ws/firmware/dev_ws/install/ament_cmake_pyflakes:/home/mondegrin/programs/slon/microros_ws/firmware/dev_ws/install/ament_cmake_pycodestyle:/home/mondegrin/programs/slon/microros_ws/firmware/dev_ws/install/ament_cmake_pep257:/home/mondegrin/programs/slon/microros_ws/firmware/dev_ws/install/ament_cmake_pclint:/home/mondegrin/programs/slon/microros_ws/firmware/dev_ws/install/ament_lint_auto:/home/mondegrin/programs/slon/microros_ws/firmware/dev_ws/install/ament_cmake:/home/mondegrin/programs/slon/microros_ws/firmware/dev_ws/install/ament_cmake_version:/home/mondegrin/programs/slon/microros_ws/firmware/dev_ws/install/ament_cmake_vendor_package:/home/mondegrin/programs/slon/microros_ws/firmware/dev_ws/install/ament_cmake_pytest:/home/mondegrin/programs/slon/microros_ws/firmware/dev_ws/install/ament_cmake_mypy:/home/mondegrin/programs/slon/microros_ws/firmware/dev_ws/install/ament_cmake_lint_cmake:/home/mondegrin/programs/slon/microros_ws/firmware/dev_ws/install/ament_cmake_google_benchmark:/home/mondegrin/programs/slon/microros_ws/firmware/dev_ws/install/ament_cmake_flake8:/home/mondegrin/programs/slon/microros_ws/firmware/dev_ws/install/ament_cmake_cpplint:/home/mondegrin/programs/slon/microros_ws/firmware/dev_ws/install/ament_cmake_cppcheck:/home/mondegrin/programs/slon/microros_ws/firmware/dev_ws/install/ament_cmake_copyright:/home/mondegrin/programs/slon/microros_ws/firmware/dev_ws/install/ament_cmake_clang_tidy:/home/mondegrin/programs/slon/microros_ws/firmware/dev_ws/install/ament_cmake_clang_format:/home/mondegrin/programs/slon/microros_ws/firmware/dev_ws/install/ament_cmake_test:/home/mondegrin/programs/slon/microros_ws/firmware/dev_ws/install/ament_cmake_target_dependencies:/home/mondegrin/programs/slon/microros_ws/firmware/dev_ws/install/ament_cmake_python:/home/mondegrin/programs/slon/microros_ws/firmware/dev_ws/install/ament_cmake_export_dependencies:/home/mondegrin/programs/slon/microros_ws/firmware/dev_ws/install/ament_cmake_libraries:/home/mondegrin/programs/slon/microros_ws/firmware/dev_ws/install/ament_cmake_include_directories:/home/mondegrin/programs/slon/microros_ws/firmware/dev_ws/install/ament_cmake_gen_version_h:/home/mondegrin/programs/slon/microros_ws/firmware/dev_ws/install/ament_cmake_export_targets:/home/mondegrin/programs/slon/microros_ws/firmware/dev_ws/install/ament_cmake_export_link_flags:/home/mondegrin/programs/slon/microros_ws/firmware/dev_ws/install/ament_cmake_export_interfaces:/home/mondegrin/programs/slon/microros_ws/firmware/dev_ws/install/ament_cmake_export_libraries:/home/mondegrin/programs/slon/microros_ws/firmware/dev_ws/install/ament_cmake_export_include_directories:/home/mondegrin/programs/slon/microros_ws/firmware/dev_ws/install/ament_cmake_export_definitions:/home/mondegrin/programs/slon/microros_ws/firmware/dev_ws/install/ament_cmake_core:/home/mondegrin/programs/slon/microros_ws/firmware/dev_ws/install/ament_index_cpp:/home/mondegrin/programs/slon/microros_ws/firmware/dev_ws/install/ament_uncrustify:/home/mondegrin/programs/slon/microros_ws/firmware/dev_ws/install/domain_coordinator:/home/mondegrin/programs/slon/microros_ws/firmware/dev_ws/install/ament_xmllint:/home/mondegrin/programs/slon/microros_ws/firmware/dev_ws/install/ament_pyflakes:/home/mondegrin/programs/slon/microros_ws/firmware/dev_ws/install/ament_pycodestyle:/home/mondegrin/programs/slon/microros_ws/firmware/dev_ws/install/ament_pep257:/home/mondegrin/programs/slon/microros_ws/firmware/dev_ws/install/ament_pclint:/home/mondegrin/programs/slon/microros_ws/firmware/dev_ws/install/ament_package:/home/mondegrin/programs/slon/microros_ws/firmware/dev_ws/install/ament_mypy:/home/mondegrin/programs/slon/microros_ws/firmware/dev_ws/install/ament_lint_cmake:/home/mondegrin/programs/slon/microros_ws/firmware/dev_ws/install/ament_flake8:/home/mondegrin/programs/slon/microros_ws/firmware/dev_ws/install/ament_copyright:/home/mondegrin/programs/slon/microros_ws/firmware/dev_ws/install/ament_lint:/home/mondegrin/programs/slon/microros_ws/firmware/dev_ws/install/ament_index_python:/home/mondegrin/programs/slon/microros_ws/firmware/dev_ws/install/ament_cpplint:/home/mondegrin/programs/slon/microros_ws/firmware/dev_ws/install/ament_cppcheck:/home/mondegrin/programs/slon/microros_ws/firmware/dev_ws/install/ament_clang_tidy:/home/mondegrin/programs/slon/microros_ws/firmware/dev_ws/install/ament_clang_format LD_LIBRARY_PATH=/home/mondegrin/programs/slon/microros_ws/firmware/mcu_ws/install/lib:${LD_LIBRARY_PATH} PATH=/home/mondegrin/programs/slon/microros_ws/firmware/mcu_ws/install/bin:${PATH} PYTHONPATH=/home/mondegrin/programs/slon/microros_ws/firmware/mcu_ws/install/lib/python3.10/site-packages:${PYTHONPATH} /usr/bin/cmake --install /home/mondegrin/programs/slon/microros_ws/firmware/mcu_ws/build/rosgraph_msgs
[8.872s] -- Install configuration: "Debug"
[8.872s] -- Up-to-date: /home/mondegrin/programs/slon/microros_ws/firmware/mcu_ws/install/share/ament_index/resource_index/rosidl_interfaces/rosgraph_msgs
[8.873s] -- Up-to-date: /home/mondegrin/programs/slon/microros_ws/firmware/mcu_ws/install/share/rosgraph_msgs/msg/Clock.json
[8.873s] -- Up-to-date: /home/mondegrin/programs/slon/microros_ws/firmware/mcu_ws/install/include/rosgraph_msgs/rosgraph_msgs
[8.873s] -- Up-to-date: /home/mondegrin/programs/slon/microros_ws/firmware/mcu_ws/install/include/rosgraph_msgs/rosgraph_msgs/msg
[8.873s] -- Up-to-date: /home/mondegrin/programs/slon/microros_ws/firmware/mcu_ws/install/include/rosgraph_msgs/rosgraph_msgs/msg/rosidl_generator_c__visibility_control.h
[8.873s] -- Up-to-date: /home/mondegrin/programs/slon/microros_ws/firmware/mcu_ws/install/include/rosgraph_msgs/rosgraph_msgs/msg/detail
[8.874s] -- Up-to-date: /home/mondegrin/programs/slon/microros_ws/firmware/mcu_ws/install/include/rosgraph_msgs/rosgraph_msgs/msg/detail/clock__description.c
[8.874s] -- Up-to-date: /home/mondegrin/programs/slon/microros_ws/firmware/mcu_ws/install/include/rosgraph_msgs/rosgraph_msgs/msg/detail/clock__functions.c
[8.874s] -- Up-to-date: /home/mondegrin/programs/slon/microros_ws/firmware/mcu_ws/install/include/rosgraph_msgs/rosgraph_msgs/msg/detail/clock__type_support.c
[8.874s] -- Up-to-date: /home/mondegrin/programs/slon/microros_ws/firmware/mcu_ws/install/include/rosgraph_msgs/rosgraph_msgs/msg/detail/clock__type_support.h
[8.874s] -- Up-to-date: /home/mondegrin/programs/slon/microros_ws/firmware/mcu_ws/install/include/rosgraph_msgs/rosgraph_msgs/msg/detail/clock__functions.h
[8.877s] -- Up-to-date: /home/mondegrin/programs/slon/microros_ws/firmware/mcu_ws/install/include/rosgraph_msgs/rosgraph_msgs/msg/detail/clock__struct.h
[8.878s] -- Up-to-date: /home/mondegrin/programs/slon/microros_ws/firmware/mcu_ws/install/include/rosgraph_msgs/rosgraph_msgs/msg/clock.h
[8.878s] -- Up-to-date: /home/mondegrin/programs/slon/microros_ws/firmware/mcu_ws/install/share/rosgraph_msgs/environment/library_path.sh
[8.879s] -- Up-to-date: /home/mondegrin/programs/slon/microros_ws/firmware/mcu_ws/install/share/rosgraph_msgs/environment/library_path.dsv
[8.879s] -- Up-to-date: /home/mondegrin/programs/slon/microros_ws/firmware/mcu_ws/install/lib/librosgraph_msgs__rosidl_generator_c.a
[8.879s] -- Up-to-date: /home/mondegrin/programs/slon/microros_ws/firmware/mcu_ws/install/include/rosgraph_msgs/rosgraph_msgs
[8.885s] -- Up-to-date: /home/mondegrin/programs/slon/microros_ws/firmware/mcu_ws/install/include/rosgraph_msgs/rosgraph_msgs/msg
[8.886s] -- Up-to-date: /home/mondegrin/programs/slon/microros_ws/firmware/mcu_ws/install/include/rosgraph_msgs/rosgraph_msgs/msg/rosidl_typesupport_introspection_c__visibility_control.h
[8.886s] -- Up-to-date: /home/mondegrin/programs/slon/microros_ws/firmware/mcu_ws/install/include/rosgraph_msgs/rosgraph_msgs/msg/detail
[8.886s] -- Up-to-date: /home/mondegrin/programs/slon/microros_ws/firmware/mcu_ws/install/include/rosgraph_msgs/rosgraph_msgs/msg/detail/clock__rosidl_typesupport_introspection_c.h
[8.887s] -- Up-to-date: /home/mondegrin/programs/slon/microros_ws/firmware/mcu_ws/install/include/rosgraph_msgs/rosgraph_msgs/msg/detail/clock__type_support.c
[8.887s] -- Up-to-date: /home/mondegrin/programs/slon/microros_ws/firmware/mcu_ws/install/lib/librosgraph_msgs__rosidl_typesupport_introspection_c.a
[8.887s] -- Up-to-date: /home/mondegrin/programs/slon/microros_ws/firmware/mcu_ws/install/include/rosgraph_msgs
[8.887s] -- Up-to-date: /home/mondegrin/programs/slon/microros_ws/firmware/mcu_ws/install/include/rosgraph_msgs/msg
[8.888s] -- Up-to-date: /home/mondegrin/programs/slon/microros_ws/firmware/mcu_ws/install/include/rosgraph_msgs/msg/rosidl_typesupport_microxrcedds_c__visibility_control.h
[8.888s] -- Up-to-date: /home/mondegrin/programs/slon/microros_ws/firmware/mcu_ws/install/include/rosgraph_msgs/msg/detail
[8.888s] -- Up-to-date: /home/mondegrin/programs/slon/microros_ws/firmware/mcu_ws/install/include/rosgraph_msgs/msg/detail/microxrcedds
[8.888s] -- Up-to-date: /home/mondegrin/programs/slon/microros_ws/firmware/mcu_ws/install/include/rosgraph_msgs/msg/detail/clock__rosidl_typesupport_microxrcedds_c.h
[8.889s] -- Up-to-date: /home/mondegrin/programs/slon/microros_ws/firmware/mcu_ws/install/lib/librosgraph_msgs__rosidl_typesupport_microxrcedds_c.a
[8.889s] -- Up-to-date: /home/mondegrin/programs/slon/microros_ws/firmware/mcu_ws/install/lib/librosgraph_msgs__rosidl_typesupport_c.a
[8.889s] -- Up-to-date: /home/mondegrin/programs/slon/microros_ws/firmware/mcu_ws/install/share/rosgraph_msgs/msg/Clock.idl
[8.889s] -- Up-to-date: /home/mondegrin/programs/slon/microros_ws/firmware/mcu_ws/install/share/rosgraph_msgs/msg/Clock.msg
[8.890s] -- Up-to-date: /home/mondegrin/programs/slon/microros_ws/firmware/mcu_ws/install/share/ament_index/resource_index/package_run_dependencies/rosgraph_msgs
[8.890s] -- Up-to-date: /home/mondegrin/programs/slon/microros_ws/firmware/mcu_ws/install/share/ament_index/resource_index/parent_prefix_path/rosgraph_msgs
[8.890s] -- Up-to-date: /home/mondegrin/programs/slon/microros_ws/firmware/mcu_ws/install/share/rosgraph_msgs/environment/ament_prefix_path.sh
[8.893s] -- Up-to-date: /home/mondegrin/programs/slon/microros_ws/firmware/mcu_ws/install/share/rosgraph_msgs/environment/ament_prefix_path.dsv
[8.893s] -- Up-to-date: /home/mondegrin/programs/slon/microros_ws/firmware/mcu_ws/install/share/rosgraph_msgs/environment/path.sh
[8.894s] -- Up-to-date: /home/mondegrin/programs/slon/microros_ws/firmware/mcu_ws/install/share/rosgraph_msgs/environment/path.dsv
[8.894s] -- Up-to-date: /home/mondegrin/programs/slon/microros_ws/firmware/mcu_ws/install/share/rosgraph_msgs/local_setup.bash
[8.894s] -- Up-to-date: /home/mondegrin/programs/slon/microros_ws/firmware/mcu_ws/install/share/rosgraph_msgs/local_setup.sh
[8.896s] -- Up-to-date: /home/mondegrin/programs/slon/microros_ws/firmware/mcu_ws/install/share/rosgraph_msgs/local_setup.zsh
[8.896s] -- Up-to-date: /home/mondegrin/programs/slon/microros_ws/firmware/mcu_ws/install/share/rosgraph_msgs/local_setup.dsv
[8.896s] -- Installing: /home/mondegrin/programs/slon/microros_ws/firmware/mcu_ws/install/share/rosgraph_msgs/package.dsv
[8.897s] -- Up-to-date: /home/mondegrin/programs/slon/microros_ws/firmware/mcu_ws/install/share/ament_index/resource_index/packages/rosgraph_msgs
[8.897s] -- Up-to-date: /home/mondegrin/programs/slon/microros_ws/firmware/mcu_ws/install/share/rosgraph_msgs/cmake/export_rosgraph_msgs__rosidl_generator_cExport.cmake
[8.897s] -- Up-to-date: /home/mondegrin/programs/slon/microros_ws/firmware/mcu_ws/install/share/rosgraph_msgs/cmake/export_rosgraph_msgs__rosidl_generator_cExport-debug.cmake
[8.898s] -- Up-to-date: /home/mondegrin/programs/slon/microros_ws/firmware/mcu_ws/install/share/rosgraph_msgs/cmake/rosgraph_msgs__rosidl_typesupport_introspection_cExport.cmake
[8.898s] -- Up-to-date: /home/mondegrin/programs/slon/microros_ws/firmware/mcu_ws/install/share/rosgraph_msgs/cmake/rosgraph_msgs__rosidl_typesupport_introspection_cExport-debug.cmake
[8.898s] -- Up-to-date: /home/mondegrin/programs/slon/microros_ws/firmware/mcu_ws/install/share/rosgraph_msgs/cmake/rosgraph_msgs__rosidl_typesupport_cExport.cmake
[8.898s] -- Up-to-date: /home/mondegrin/programs/slon/microros_ws/firmware/mcu_ws/install/share/rosgraph_msgs/cmake/rosgraph_msgs__rosidl_typesupport_cExport-debug.cmake
[8.899s] -- Up-to-date: /home/mondegrin/programs/slon/microros_ws/firmware/mcu_ws/install/share/rosgraph_msgs/cmake/rosidl_cmake-extras.cmake
[8.899s] -- Up-to-date: /home/mondegrin/programs/slon/microros_ws/firmware/mcu_ws/install/share/rosgraph_msgs/cmake/ament_cmake_export_dependencies-extras.cmake
[8.899s] -- Up-to-date: /home/mondegrin/programs/slon/microros_ws/firmware/mcu_ws/install/share/rosgraph_msgs/cmake/ament_cmake_export_include_directories-extras.cmake
[8.900s] -- Up-to-date: /home/mondegrin/programs/slon/microros_ws/firmware/mcu_ws/install/share/rosgraph_msgs/cmake/ament_cmake_export_libraries-extras.cmake
[8.901s] -- Up-to-date: /home/mondegrin/programs/slon/microros_ws/firmware/mcu_ws/install/share/rosgraph_msgs/cmake/ament_cmake_export_targets-extras.cmake
[8.903s] -- Up-to-date: /home/mondegrin/programs/slon/microros_ws/firmware/mcu_ws/install/share/rosgraph_msgs/cmake/rosidl_cmake_export_typesupport_targets-extras.cmake
[8.905s] -- Up-to-date: /home/mondegrin/programs/slon/microros_ws/firmware/mcu_ws/install/share/rosgraph_msgs/cmake/rosidl_cmake_export_typesupport_libraries-extras.cmake
[8.905s] -- Up-to-date: /home/mondegrin/programs/slon/microros_ws/firmware/mcu_ws/install/share/rosgraph_msgs/cmake/rosgraph_msgsConfig.cmake
[8.906s] -- Up-to-date: /home/mondegrin/programs/slon/microros_ws/firmware/mcu_ws/install/share/rosgraph_msgs/cmake/rosgraph_msgsConfig-version.cmake
[8.906s] -- Up-to-date: /home/mondegrin/programs/slon/microros_ws/firmware/mcu_ws/install/share/rosgraph_msgs/package.xml
[9.715s] Invoked command in '/home/mondegrin/programs/slon/microros_ws/firmware/mcu_ws/build/rosgraph_msgs' returned '0': AMENT_PREFIX_PATH=/home/mondegrin/programs/slon/microros_ws/firmware/mcu_ws/install:${AMENT_PREFIX_PATH} CMAKE_PREFIX_PATH=/home/mondegrin/programs/slon/microros_ws/firmware/mcu_ws/install:/home/mondegrin/programs/slon/microros_ws/firmware/dev_ws/install/ament_lint_common:/home/mondegrin/programs/slon/microros_ws/firmware/dev_ws/install/ament_cmake_uncrustify:/home/mondegrin/programs/slon/microros_ws/firmware/dev_ws/install/uncrustify_vendor:/home/mondegrin/programs/slon/microros_ws/firmware/dev_ws/install/ament_cmake_ros:/home/mondegrin/programs/slon/microros_ws/firmware/dev_ws/install/ament_cmake_gmock:/home/mondegrin/programs/slon/microros_ws/firmware/dev_ws/install/gmock_vendor:/home/mondegrin/programs/slon/microros_ws/firmware/dev_ws/install/ament_cmake_auto:/home/mondegrin/programs/slon/microros_ws/firmware/dev_ws/install/ament_cmake_gtest:/home/mondegrin/programs/slon/microros_ws/firmware/dev_ws/install/gtest_vendor:/home/mondegrin/programs/slon/microros_ws/firmware/dev_ws/install/ament_cmake_xmllint:/home/mondegrin/programs/slon/microros_ws/firmware/dev_ws/install/ament_cmake_pyflakes:/home/mondegrin/programs/slon/microros_ws/firmware/dev_ws/install/ament_cmake_pycodestyle:/home/mondegrin/programs/slon/microros_ws/firmware/dev_ws/install/ament_cmake_pep257:/home/mondegrin/programs/slon/microros_ws/firmware/dev_ws/install/ament_cmake_pclint:/home/mondegrin/programs/slon/microros_ws/firmware/dev_ws/install/ament_lint_auto:/home/mondegrin/programs/slon/microros_ws/firmware/dev_ws/install/ament_cmake:/home/mondegrin/programs/slon/microros_ws/firmware/dev_ws/install/ament_cmake_version:/home/mondegrin/programs/slon/microros_ws/firmware/dev_ws/install/ament_cmake_vendor_package:/home/mondegrin/programs/slon/microros_ws/firmware/dev_ws/install/ament_cmake_pytest:/home/mondegrin/programs/slon/microros_ws/firmware/dev_ws/install/ament_cmake_mypy:/home/mondegrin/programs/slon/microros_ws/firmware/dev_ws/install/ament_cmake_lint_cmake:/home/mondegrin/programs/slon/microros_ws/firmware/dev_ws/install/ament_cmake_google_benchmark:/home/mondegrin/programs/slon/microros_ws/firmware/dev_ws/install/ament_cmake_flake8:/home/mondegrin/programs/slon/microros_ws/firmware/dev_ws/install/ament_cmake_cpplint:/home/mondegrin/programs/slon/microros_ws/firmware/dev_ws/install/ament_cmake_cppcheck:/home/mondegrin/programs/slon/microros_ws/firmware/dev_ws/install/ament_cmake_copyright:/home/mondegrin/programs/slon/microros_ws/firmware/dev_ws/install/ament_cmake_clang_tidy:/home/mondegrin/programs/slon/microros_ws/firmware/dev_ws/install/ament_cmake_clang_format:/home/mondegrin/programs/slon/microros_ws/firmware/dev_ws/install/ament_cmake_test:/home/mondegrin/programs/slon/microros_ws/firmware/dev_ws/install/ament_cmake_target_dependencies:/home/mondegrin/programs/slon/microros_ws/firmware/dev_ws/install/ament_cmake_python:/home/mondegrin/programs/slon/microros_ws/firmware/dev_ws/install/ament_cmake_export_dependencies:/home/mondegrin/programs/slon/microros_ws/firmware/dev_ws/install/ament_cmake_libraries:/home/mondegrin/programs/slon/microros_ws/firmware/dev_ws/install/ament_cmake_include_directories:/home/mondegrin/programs/slon/microros_ws/firmware/dev_ws/install/ament_cmake_gen_version_h:/home/mondegrin/programs/slon/microros_ws/firmware/dev_ws/install/ament_cmake_export_targets:/home/mondegrin/programs/slon/microros_ws/firmware/dev_ws/install/ament_cmake_export_link_flags:/home/mondegrin/programs/slon/microros_ws/firmware/dev_ws/install/ament_cmake_export_interfaces:/home/mondegrin/programs/slon/microros_ws/firmware/dev_ws/install/ament_cmake_export_libraries:/home/mondegrin/programs/slon/microros_ws/firmware/dev_ws/install/ament_cmake_export_include_directories:/home/mondegrin/programs/slon/microros_ws/firmware/dev_ws/install/ament_cmake_export_definitions:/home/mondegrin/programs/slon/microros_ws/firmware/dev_ws/install/ament_cmake_core:/home/mondegrin/programs/slon/microros_ws/firmware/dev_ws/install/ament_index_cpp:/home/mondegrin/programs/slon/microros_ws/firmware/dev_ws/install/ament_uncrustify:/home/mondegrin/programs/slon/microros_ws/firmware/dev_ws/install/domain_coordinator:/home/mondegrin/programs/slon/microros_ws/firmware/dev_ws/install/ament_xmllint:/home/mondegrin/programs/slon/microros_ws/firmware/dev_ws/install/ament_pyflakes:/home/mondegrin/programs/slon/microros_ws/firmware/dev_ws/install/ament_pycodestyle:/home/mondegrin/programs/slon/microros_ws/firmware/dev_ws/install/ament_pep257:/home/mondegrin/programs/slon/microros_ws/firmware/dev_ws/install/ament_pclint:/home/mondegrin/programs/slon/microros_ws/firmware/dev_ws/install/ament_package:/home/mondegrin/programs/slon/microros_ws/firmware/dev_ws/install/ament_mypy:/home/mondegrin/programs/slon/microros_ws/firmware/dev_ws/install/ament_lint_cmake:/home/mondegrin/programs/slon/microros_ws/firmware/dev_ws/install/ament_flake8:/home/mondegrin/programs/slon/microros_ws/firmware/dev_ws/install/ament_copyright:/home/mondegrin/programs/slon/microros_ws/firmware/dev_ws/install/ament_lint:/home/mondegrin/programs/slon/microros_ws/firmware/dev_ws/install/ament_index_python:/home/mondegrin/programs/slon/microros_ws/firmware/dev_ws/install/ament_cpplint:/home/mondegrin/programs/slon/microros_ws/firmware/dev_ws/install/ament_cppcheck:/home/mondegrin/programs/slon/microros_ws/firmware/dev_ws/install/ament_clang_tidy:/home/mondegrin/programs/slon/microros_ws/firmware/dev_ws/install/ament_clang_format LD_LIBRARY_PATH=/home/mondegrin/programs/slon/microros_ws/firmware/mcu_ws/install/lib:${LD_LIBRARY_PATH} PATH=/home/mondegrin/programs/slon/microros_ws/firmware/mcu_ws/install/bin:${PATH} PYTHONPATH=/home/mondegrin/programs/slon/microros_ws/firmware/mcu_ws/install/lib/python3.10/site-packages:${PYTHONPATH} /usr/bin/cmake --install /home/mondegrin/programs/slon/microros_ws/firmware/mcu_ws/build/rosgraph_msgs
