gmake[4]: Entering directory '/home/mondegrin/programs/slon/microros_ws/firmware/mcu_ws/build/rclc_lifecycle'
/usr/bin/cmake -S/home/mondegrin/programs/slon/microros_ws/firmware/mcu_ws/uros/rclc/rclc_lifecycle -B/home/mondegrin/programs/slon/microros_ws/firmware/mcu_ws/build/rclc_lifecycle --check-build-system CMakeFiles/Makefile.cmake 0
Re-run cmake file: Makefile older than: /home/mondegrin/programs/slon/microros_ws/firmware/freertos_apps/microros_esp32_extensions/esp32_toolchain.cmake
-- Found ament_cmake_ros: 0.11.2 (/home/mondegrin/programs/slon/microros_ws/firmware/dev_ws/install/ament_cmake_ros/share/ament_cmake_ros/cmake)
-- Found std_msgs: 5.0.0 (/home/mondegrin/programs/slon/microros_ws/firmware/mcu_ws/install/share/std_msgs/cmake)
-- Using all available rosidl_typesupport_c: rosidl_typesupport_introspection_c;rosidl_typesupport_microxrcedds_c
-- Found rosidl_adapter: 4.0.1 (/home/mondegrin/programs/slon/microros_ws/firmware/mcu_ws/install/share/rosidl_adapter/cmake)
-- Found lifecycle_msgs: 1.6.0 (/home/mondegrin/programs/slon/microros_ws/firmware/mcu_ws/install/share/lifecycle_msgs/cmake)
-- Found rcl_lifecycle: 6.0.4 (/home/mondegrin/programs/slon/microros_ws/firmware/mcu_ws/install/share/rcl_lifecycle/cmake)
-- Found rmw_implementation_cmake: 7.1.0 (/home/mondegrin/programs/slon/microros_ws/firmware/mcu_ws/install/share/rmw_implementation_cmake/cmake)
-- Found rmw_microxrcedds: 4.0.1 (/home/mondegrin/programs/slon/microros_ws/firmware/mcu_ws/install/share/rmw_microxrcedds/cmake)
-- Using RMW implementation 'rmw_microxrcedds'
-- Found rclc: 5.0.1 (/home/mondegrin/programs/slon/microros_ws/firmware/mcu_ws/install/share/rclc/cmake)
-- Found rcl_lifecycle version 6.0.4, which belongs to Foxy or later
-- Configuring done
-- Generating done
-- Build files have been written to: /home/mondegrin/programs/slon/microros_ws/firmware/mcu_ws/build/rclc_lifecycle
/usr/bin/cmake -E cmake_progress_start /home/mondegrin/programs/slon/microros_ws/firmware/mcu_ws/build/rclc_lifecycle/CMakeFiles /home/mondegrin/programs/slon/microros_ws/firmware/mcu_ws/build/rclc_lifecycle//CMakeFiles/progress.marks
/usr/bin/gmake  -f CMakeFiles/Makefile2 all
gmake[5]: Entering directory '/home/mondegrin/programs/slon/microros_ws/firmware/mcu_ws/build/rclc_lifecycle'
/usr/bin/gmake  -f CMakeFiles/rclc_lifecycle.dir/build.make CMakeFiles/rclc_lifecycle.dir/depend
gmake[6]: Entering directory '/home/mondegrin/programs/slon/microros_ws/firmware/mcu_ws/build/rclc_lifecycle'
cd /home/mondegrin/programs/slon/microros_ws/firmware/mcu_ws/build/rclc_lifecycle && /usr/bin/cmake -E cmake_depends "Unix Makefiles" /home/mondegrin/programs/slon/microros_ws/firmware/mcu_ws/uros/rclc/rclc_lifecycle /home/mondegrin/programs/slon/microros_ws/firmware/mcu_ws/uros/rclc/rclc_lifecycle /home/mondegrin/programs/slon/microros_ws/firmware/mcu_ws/build/rclc_lifecycle /home/mondegrin/programs/slon/microros_ws/firmware/mcu_ws/build/rclc_lifecycle /home/mondegrin/programs/slon/microros_ws/firmware/mcu_ws/build/rclc_lifecycle/CMakeFiles/rclc_lifecycle.dir/DependInfo.cmake --color=
Dependencies file "CMakeFiles/rclc_lifecycle.dir/src/rclc_lifecycle/rclc_lifecycle.c.obj.d" is newer than depends file "/home/mondegrin/programs/slon/microros_ws/firmware/mcu_ws/build/rclc_lifecycle/CMakeFiles/rclc_lifecycle.dir/compiler_depend.internal".
[35m[1mConsolidate compiler generated dependencies of target rclc_lifecycle[0m
gmake[6]: Leaving directory '/home/mondegrin/programs/slon/microros_ws/firmware/mcu_ws/build/rclc_lifecycle'
/usr/bin/gmake  -f CMakeFiles/rclc_lifecycle.dir/build.make CMakeFiles/rclc_lifecycle.dir/build
gmake[6]: Entering directory '/home/mondegrin/programs/slon/microros_ws/firmware/mcu_ws/build/rclc_lifecycle'
gmake[6]: Nothing to be done for 'CMakeFiles/rclc_lifecycle.dir/build'.
gmake[6]: Leaving directory '/home/mondegrin/programs/slon/microros_ws/firmware/mcu_ws/build/rclc_lifecycle'
[100%] Built target rclc_lifecycle
gmake[5]: Leaving directory '/home/mondegrin/programs/slon/microros_ws/firmware/mcu_ws/build/rclc_lifecycle'
/usr/bin/cmake -E cmake_progress_start /home/mondegrin/programs/slon/microros_ws/firmware/mcu_ws/build/rclc_lifecycle/CMakeFiles 0
gmake[4]: Leaving directory '/home/mondegrin/programs/slon/microros_ws/firmware/mcu_ws/build/rclc_lifecycle'
-- Install configuration: "Debug"
-- Up-to-date: /home/mondegrin/programs/slon/microros_ws/firmware/mcu_ws/install/lib/librclc_lifecycle.a
-- Up-to-date: /home/mondegrin/programs/slon/microros_ws/firmware/mcu_ws/install/include
-- Up-to-date: /home/mondegrin/programs/slon/microros_ws/firmware/mcu_ws/install/include/rclc_lifecycle
-- Up-to-date: /home/mondegrin/programs/slon/microros_ws/firmware/mcu_ws/install/include/rclc_lifecycle/visibility_control.h
-- Up-to-date: /home/mondegrin/programs/slon/microros_ws/firmware/mcu_ws/install/include/rclc_lifecycle/rclc_lifecycle.h
-- Up-to-date: /home/mondegrin/programs/slon/microros_ws/firmware/mcu_ws/install/share/rclc_lifecycle/environment/library_path.sh
-- Up-to-date: /home/mondegrin/programs/slon/microros_ws/firmware/mcu_ws/install/share/rclc_lifecycle/environment/library_path.dsv
-- Up-to-date: /home/mondegrin/programs/slon/microros_ws/firmware/mcu_ws/install/share/ament_index/resource_index/package_run_dependencies/rclc_lifecycle
-- Up-to-date: /home/mondegrin/programs/slon/microros_ws/firmware/mcu_ws/install/share/ament_index/resource_index/parent_prefix_path/rclc_lifecycle
-- Up-to-date: /home/mondegrin/programs/slon/microros_ws/firmware/mcu_ws/install/share/rclc_lifecycle/environment/ament_prefix_path.sh
-- Up-to-date: /home/mondegrin/programs/slon/microros_ws/firmware/mcu_ws/install/share/rclc_lifecycle/environment/ament_prefix_path.dsv
-- Up-to-date: /home/mondegrin/programs/slon/microros_ws/firmware/mcu_ws/install/share/rclc_lifecycle/environment/path.sh
-- Up-to-date: /home/mondegrin/programs/slon/microros_ws/firmware/mcu_ws/install/share/rclc_lifecycle/environment/path.dsv
-- Up-to-date: /home/mondegrin/programs/slon/microros_ws/firmware/mcu_ws/install/share/rclc_lifecycle/local_setup.bash
-- Up-to-date: /home/mondegrin/programs/slon/microros_ws/firmware/mcu_ws/install/share/rclc_lifecycle/local_setup.sh
-- Up-to-date: /home/mondegrin/programs/slon/microros_ws/firmware/mcu_ws/install/share/rclc_lifecycle/local_setup.zsh
-- Up-to-date: /home/mondegrin/programs/slon/microros_ws/firmware/mcu_ws/install/share/rclc_lifecycle/local_setup.dsv
-- Up-to-date: /home/mondegrin/programs/slon/microros_ws/firmware/mcu_ws/install/share/rclc_lifecycle/package.dsv
-- Up-to-date: /home/mondegrin/programs/slon/microros_ws/firmware/mcu_ws/install/share/ament_index/resource_index/packages/rclc_lifecycle
-- Up-to-date: /home/mondegrin/programs/slon/microros_ws/firmware/mcu_ws/install/share/rclc_lifecycle/cmake/rclc_lifecycleExport.cmake
-- Up-to-date: /home/mondegrin/programs/slon/microros_ws/firmware/mcu_ws/install/share/rclc_lifecycle/cmake/rclc_lifecycleExport-debug.cmake
-- Up-to-date: /home/mondegrin/programs/slon/microros_ws/firmware/mcu_ws/install/share/rclc_lifecycle/cmake/ament_cmake_export_include_directories-extras.cmake
-- Up-to-date: /home/mondegrin/programs/slon/microros_ws/firmware/mcu_ws/install/share/rclc_lifecycle/cmake/ament_cmake_export_libraries-extras.cmake
-- Up-to-date: /home/mondegrin/programs/slon/microros_ws/firmware/mcu_ws/install/share/rclc_lifecycle/cmake/ament_cmake_export_targets-extras.cmake
-- Up-to-date: /home/mondegrin/programs/slon/microros_ws/firmware/mcu_ws/install/share/rclc_lifecycle/cmake/ament_cmake_export_dependencies-extras.cmake
-- Up-to-date: /home/mondegrin/programs/slon/microros_ws/firmware/mcu_ws/install/share/rclc_lifecycle/cmake/rclc_lifecycleConfig.cmake
-- Up-to-date: /home/mondegrin/programs/slon/microros_ws/firmware/mcu_ws/install/share/rclc_lifecycle/cmake/rclc_lifecycleConfig-version.cmake
-- Up-to-date: /home/mondegrin/programs/slon/microros_ws/firmware/mcu_ws/install/share/rclc_lifecycle/package.xml
