[0.081s] Invoking command in '/home/mondegrin/programs/slon/ros2_ws/build/gps': CMAKE_PREFIX_PATH=${CMAKE_PREFIX_PATH}:/opt/ros/iron /usr/bin/cmake --build /home/mondegrin/programs/slon/ros2_ws/build/gps -- -j16 -l16
[0.113s] [  2%] Built target gps__rosidl_generator_type_description
[0.118s] [  2%] Built target ament_cmake_python_copy_gps
[0.122s] [35m[1mConsolidate compiler generated dependencies of target gps__rosidl_generator_c[0m
[0.129s] [  5%] Built target gps__cpp
[0.131s] [ 20%] Built target gps__rosidl_generator_c
[0.139s] [35m[1mConsolidate compiler generated dependencies of target gps__rosidl_typesupport_cpp[0m
[0.139s] [35m[1mConsolidate compiler generated dependencies of target gps__rosidl_typesupport_fastrtps_cpp[0m
[0.140s] [35m[1mConsolidate compiler generated dependencies of target gps__rosidl_typesupport_c[0m
[0.141s] [35m[1mConsolidate compiler generated dependencies of target gps__rosidl_typesupport_fastrtps_c[0m
[0.142s] [35m[1mConsolidate compiler generated dependencies of target gps__rosidl_typesupport_introspection_c[0m
[0.143s] [35m[1mConsolidate compiler generated dependencies of target gps__rosidl_typesupport_introspection_cpp[0m
[0.149s] [ 29%] Built target gps__rosidl_typesupport_fastrtps_cpp
[0.149s] [ 38%] Built target gps__rosidl_typesupport_cpp
[0.151s] [ 47%] Built target gps__rosidl_typesupport_c
[0.153s] [ 55%] Built target gps__rosidl_typesupport_fastrtps_c
[0.153s] [ 64%] Built target gps__rosidl_typesupport_introspection_c
[0.156s] [ 73%] Built target gps__rosidl_typesupport_introspection_cpp
[0.174s] [ 73%] Built target gps
[0.194s] [ 76%] Built target gps__py
[0.204s] [35m[1mConsolidate compiler generated dependencies of target gps__rosidl_generator_py[0m
[0.215s] [ 82%] Built target gps__rosidl_generator_py
[0.225s] [35m[1mConsolidate compiler generated dependencies of target gps__rosidl_typesupport_introspection_c__pyext[0m
[0.227s] [35m[1mConsolidate compiler generated dependencies of target gps__rosidl_typesupport_c__pyext[0m
[0.227s] [35m[1mConsolidate compiler generated dependencies of target gps__rosidl_typesupport_fastrtps_c__pyext[0m
[0.237s] [ 88%] Built target gps__rosidl_typesupport_introspection_c__pyext
[0.238s] [ 94%] Built target gps__rosidl_typesupport_fastrtps_c__pyext
[0.239s] [100%] Built target gps__rosidl_typesupport_c__pyext
[0.317s] running egg_info
[0.322s] writing gps.egg-info/PKG-INFO
[0.322s] writing dependency_links to gps.egg-info/dependency_links.txt
[0.322s] writing top-level names to gps.egg-info/top_level.txt
[0.322s] reading manifest file 'gps.egg-info/SOURCES.txt'
[0.324s] writing manifest file 'gps.egg-info/SOURCES.txt'
[0.352s] [100%] Built target ament_cmake_python_build_gps_egg
