-- Found ament_cmake: 2.0.3 (/opt/ros/iron/share/ament_cmake/cmake)
-- Found rclcpp: 21.0.3 (/opt/ros/iron/share/rclcpp/cmake)
-- Found rosidl_generator_c: 4.0.1 (/opt/ros/iron/share/rosidl_generator_c/cmake)
-- Found rosidl_generator_cpp: 4.0.1 (/opt/ros/iron/share/rosidl_generator_cpp/cmake)
-- Using all available rosidl_typesupport_c: rosidl_typesupport_fastrtps_c;rosidl_typesupport_introspection_c
-- Using all available rosidl_typesupport_cpp: rosidl_typesupport_fastrtps_cpp;rosidl_typesupport_introspection_cpp
-- Found rmw_implementation_cmake: 7.1.0 (/opt/ros/iron/share/rmw_implementation_cmake/cmake)
-- Found rmw_fastrtps_cpp: 7.1.1 (/opt/ros/iron/share/rmw_fastrtps_cpp/cmake)
-- Using RMW implementation 'rmw_fastrtps_cpp' as default
-- Found std_msgs: 5.0.0 (/opt/ros/iron/share/std_msgs/cmake)
-- Found std_srvs: 5.0.0 (/opt/ros/iron/share/std_srvs/cmake)
-- Found rosidl_default_generators: 1.5.0 (/opt/ros/iron/share/rosidl_default_generators/cmake)
-- Found rosidl_adapter: 4.0.1 (/opt/ros/iron/share/rosidl_adapter/cmake)
-- Found ament_cmake_ros: 0.11.2 (/opt/ros/iron/share/ament_cmake_ros/cmake)
-- Using all available rosidl_typesupport_c: rosidl_typesupport_fastrtps_c;rosidl_typesupport_introspection_c
-- Using all available rosidl_typesupport_cpp: rosidl_typesupport_fastrtps_cpp;rosidl_typesupport_introspection_cpp
-- Found PythonInterp: /usr/bin/python3 (found suitable version "3.10.12", minimum required is "3.6") 
-- Found python_cmake_module: 0.10.2 (/opt/ros/iron/share/python_cmake_module/cmake)
-- Found PythonLibs: /usr/lib/x86_64-linux-gnu/libpython3.10.so (found suitable version "3.10.12", minimum required is "3.5") 
-- Using PYTHON_EXECUTABLE: /usr/bin/python3
-- Using PYTHON_INCLUDE_DIRS: /usr/include/python3.10
-- Using PYTHON_LIBRARIES: /usr/lib/x86_64-linux-gnu/libpython3.10.so
-- Found PythonExtra: .so  
-- Found ament_lint_auto: 0.14.2 (/opt/ros/iron/share/ament_lint_auto/cmake)
-- Added test 'cppcheck' to perform static code analysis on C / C++ code
-- Configured cppcheck include dirs: $<BUILD_INTERFACE:/home/mondegrin/programs/slon/ros2_ws/src/slon/include>
-- Configured cppcheck exclude dirs and/or files: 
-- Added test 'lint_cmake' to check CMake code style
-- Added test 'uncrustify' to check C / C++ code style
-- Configured uncrustify additional arguments: 
-- Added test 'xmllint' to check XML markup files
-- Configuring done
-- Generating done
-- Build files have been written to: /home/mondegrin/programs/slon/ros2_ws/build/slon
[35m[1mConsolidate compiler generated dependencies of target main[0m
[  2%] [34m[1mGenerating type hashes for ROS interfaces[0m
[  2%] Built target ament_cmake_python_copy_slon
[  5%] [32mBuilding CXX object CMakeFiles/main.dir/src/main.cpp.o[0m
[  5%] Built target slon__rosidl_generator_type_description
[  8%] [34m[1mGenerating C code for ROS interfaces[0m
[ 11%] [34m[1mGenerating C++ code for ROS interfaces[0m
running egg_info
creating slon.egg-info
writing slon.egg-info/PKG-INFO
writing dependency_links to slon.egg-info/dependency_links.txt
writing top-level names to slon.egg-info/top_level.txt
writing manifest file 'slon.egg-info/SOURCES.txt'
reading manifest file 'slon.egg-info/SOURCES.txt'
writing manifest file 'slon.egg-info/SOURCES.txt'
[ 11%] Built target ament_cmake_python_build_slon_egg
[ 11%] Built target slon__cpp
[ 13%] [32mBuilding C object CMakeFiles/slon__rosidl_generator_c.dir/rosidl_generator_c/slon/msg/detail/gps__description.c.o[0m
[ 16%] [32mBuilding C object CMakeFiles/slon__rosidl_generator_c.dir/rosidl_generator_c/slon/msg/detail/gps__type_support.c.o[0m
[ 19%] [32mBuilding C object CMakeFiles/slon__rosidl_generator_c.dir/rosidl_generator_c/slon/msg/detail/gps__functions.c.o[0m
[ 22%] [32m[1mLinking C shared library libslon__rosidl_generator_c.so[0m
[ 22%] Built target slon__rosidl_generator_c
[ 27%] [34m[1mGenerating C type support for eProsima Fast-RTPS[0m
[ 27%] [34m[1mGenerating C++ type support dispatch for ROS interfaces[0m
[ 30%] [34m[1mGenerating C type support dispatch for ROS interfaces[0m
[ 33%] [34m[1mGenerating C++ type support for eProsima Fast-RTPS[0m
[ 36%] [34m[1mGenerating C introspection for ROS interfaces[0m
[ 38%] [34m[1mGenerating C++ introspection for ROS interfaces[0m
[ 41%] [32mBuilding CXX object CMakeFiles/slon__rosidl_typesupport_c.dir/rosidl_typesupport_c/slon/msg/gps__type_support.cpp.o[0m
[ 44%] [32mBuilding CXX object CMakeFiles/slon__rosidl_typesupport_cpp.dir/rosidl_typesupport_cpp/slon/msg/gps__type_support.cpp.o[0m
[ 47%] [32mBuilding CXX object CMakeFiles/slon__rosidl_typesupport_introspection_cpp.dir/rosidl_typesupport_introspection_cpp/slon/msg/detail/gps__type_support.cpp.o[0m
[ 50%] [32mBuilding C object CMakeFiles/slon__rosidl_typesupport_introspection_c.dir/rosidl_typesupport_introspection_c/slon/msg/detail/gps__type_support.c.o[0m
[ 52%] [32m[1mLinking CXX shared library libslon__rosidl_typesupport_c.so[0m
[ 55%] [32mBuilding CXX object CMakeFiles/slon__rosidl_typesupport_fastrtps_c.dir/rosidl_typesupport_fastrtps_c/slon/msg/detail/gps__type_support_c.cpp.o[0m
[ 58%] [32mBuilding CXX object CMakeFiles/slon__rosidl_typesupport_fastrtps_cpp.dir/rosidl_typesupport_fastrtps_cpp/slon/msg/detail/dds_fastrtps/gps__type_support.cpp.o[0m
[ 61%] [32m[1mLinking C shared library libslon__rosidl_typesupport_introspection_c.so[0m
[ 63%] [32m[1mLinking CXX shared library libslon__rosidl_typesupport_cpp.so[0m
[ 66%] [32m[1mLinking CXX shared library libslon__rosidl_typesupport_fastrtps_c.so[0m
[ 69%] [32m[1mLinking CXX shared library libslon__rosidl_typesupport_introspection_cpp.so[0m
[ 69%] Built target slon__rosidl_typesupport_c
[ 72%] [32m[1mLinking CXX shared library libslon__rosidl_typesupport_fastrtps_cpp.so[0m
[ 72%] Built target slon__rosidl_typesupport_introspection_c
[ 72%] Built target slon__rosidl_typesupport_fastrtps_c
[ 72%] Built target slon__rosidl_typesupport_cpp
[ 72%] Built target slon__rosidl_typesupport_introspection_cpp
[ 72%] Built target slon__rosidl_typesupport_fastrtps_cpp
[ 72%] Built target slon
[ 75%] [34m[1mGenerating Python code for ROS interfaces[0m
[ 75%] Built target slon__py
[ 77%] [32mBuilding C object CMakeFiles/slon__rosidl_generator_py.dir/rosidl_generator_py/slon/msg/_gps_s.c.o[0m
[ 80%] [32m[1mLinking C shared library rosidl_generator_py/slon/libslon__rosidl_generator_py.so[0m
[ 80%] Built target slon__rosidl_generator_py
[ 83%] [32mBuilding C object CMakeFiles/slon__rosidl_typesupport_fastrtps_c__pyext.dir/rosidl_generator_py/slon/_slon_s.ep.rosidl_typesupport_fastrtps_c.c.o[0m
[ 86%] [32mBuilding C object CMakeFiles/slon__rosidl_typesupport_c__pyext.dir/rosidl_generator_py/slon/_slon_s.ep.rosidl_typesupport_c.c.o[0m
[ 88%] [32mBuilding C object CMakeFiles/slon__rosidl_typesupport_introspection_c__pyext.dir/rosidl_generator_py/slon/_slon_s.ep.rosidl_typesupport_introspection_c.c.o[0m
[ 91%] [32m[1mLinking C shared library rosidl_generator_py/slon/slon_s__rosidl_typesupport_c.cpython-310-x86_64-linux-gnu.so[0m
[ 94%] [32m[1mLinking C shared library rosidl_generator_py/slon/slon_s__rosidl_typesupport_fastrtps_c.cpython-310-x86_64-linux-gnu.so[0m
[ 97%] [32m[1mLinking C shared library rosidl_generator_py/slon/slon_s__rosidl_typesupport_introspection_c.cpython-310-x86_64-linux-gnu.so[0m
[ 97%] Built target slon__rosidl_typesupport_introspection_c__pyext
[ 97%] Built target slon__rosidl_typesupport_c__pyext
[ 97%] Built target slon__rosidl_typesupport_fastrtps_c__pyext
[100%] [32m[1mLinking CXX executable main[0m
[100%] Built target main
-- Install configuration: ""
-- Installing: /home/mondegrin/programs/slon/ros2_ws/install/slon/share/ament_index/resource_index/rosidl_interfaces/slon
-- Installing: /home/mondegrin/programs/slon/ros2_ws/install/slon/share/slon/msg/GPS.json
-- Installing: /home/mondegrin/programs/slon/ros2_ws/install/slon/include/slon/slon
-- Installing: /home/mondegrin/programs/slon/ros2_ws/install/slon/include/slon/slon/msg
-- Installing: /home/mondegrin/programs/slon/ros2_ws/install/slon/include/slon/slon/msg/gps.h
-- Installing: /home/mondegrin/programs/slon/ros2_ws/install/slon/include/slon/slon/msg/rosidl_generator_c__visibility_control.h
-- Installing: /home/mondegrin/programs/slon/ros2_ws/install/slon/include/slon/slon/msg/detail
-- Installing: /home/mondegrin/programs/slon/ros2_ws/install/slon/include/slon/slon/msg/detail/gps__type_support.h
-- Installing: /home/mondegrin/programs/slon/ros2_ws/install/slon/include/slon/slon/msg/detail/gps__functions.h
-- Installing: /home/mondegrin/programs/slon/ros2_ws/install/slon/include/slon/slon/msg/detail/gps__type_support.c
-- Installing: /home/mondegrin/programs/slon/ros2_ws/install/slon/include/slon/slon/msg/detail/gps__struct.h
-- Installing: /home/mondegrin/programs/slon/ros2_ws/install/slon/include/slon/slon/msg/detail/gps__description.c
-- Installing: /home/mondegrin/programs/slon/ros2_ws/install/slon/include/slon/slon/msg/detail/gps__functions.c
-- Installing: /home/mondegrin/programs/slon/ros2_ws/install/slon/share/slon/environment/library_path.sh
-- Installing: /home/mondegrin/programs/slon/ros2_ws/install/slon/share/slon/environment/library_path.dsv
-- Installing: /home/mondegrin/programs/slon/ros2_ws/install/slon/lib/libslon__rosidl_generator_c.so
-- Set runtime path of "/home/mondegrin/programs/slon/ros2_ws/install/slon/lib/libslon__rosidl_generator_c.so" to ""
-- Up-to-date: /home/mondegrin/programs/slon/ros2_ws/install/slon/include/slon/slon
-- Up-to-date: /home/mondegrin/programs/slon/ros2_ws/install/slon/include/slon/slon/msg
-- Installing: /home/mondegrin/programs/slon/ros2_ws/install/slon/include/slon/slon/msg/rosidl_typesupport_fastrtps_c__visibility_control.h
-- Up-to-date: /home/mondegrin/programs/slon/ros2_ws/install/slon/include/slon/slon/msg/detail
-- Installing: /home/mondegrin/programs/slon/ros2_ws/install/slon/include/slon/slon/msg/detail/gps__rosidl_typesupport_fastrtps_c.h
-- Installing: /home/mondegrin/programs/slon/ros2_ws/install/slon/lib/libslon__rosidl_typesupport_fastrtps_c.so
-- Set runtime path of "/home/mondegrin/programs/slon/ros2_ws/install/slon/lib/libslon__rosidl_typesupport_fastrtps_c.so" to ""
-- Up-to-date: /home/mondegrin/programs/slon/ros2_ws/install/slon/include/slon/slon
-- Up-to-date: /home/mondegrin/programs/slon/ros2_ws/install/slon/include/slon/slon/msg
-- Installing: /home/mondegrin/programs/slon/ros2_ws/install/slon/include/slon/slon/msg/gps.hpp
-- Up-to-date: /home/mondegrin/programs/slon/ros2_ws/install/slon/include/slon/slon/msg/detail
-- Installing: /home/mondegrin/programs/slon/ros2_ws/install/slon/include/slon/slon/msg/detail/gps__traits.hpp
-- Installing: /home/mondegrin/programs/slon/ros2_ws/install/slon/include/slon/slon/msg/detail/gps__struct.hpp
-- Installing: /home/mondegrin/programs/slon/ros2_ws/install/slon/include/slon/slon/msg/detail/gps__builder.hpp
-- Up-to-date: /home/mondegrin/programs/slon/ros2_ws/install/slon/include/slon/slon
-- Up-to-date: /home/mondegrin/programs/slon/ros2_ws/install/slon/include/slon/slon/msg
-- Installing: /home/mondegrin/programs/slon/ros2_ws/install/slon/include/slon/slon/msg/rosidl_typesupport_fastrtps_cpp__visibility_control.h
-- Up-to-date: /home/mondegrin/programs/slon/ros2_ws/install/slon/include/slon/slon/msg/detail
-- Installing: /home/mondegrin/programs/slon/ros2_ws/install/slon/include/slon/slon/msg/detail/dds_fastrtps
-- Installing: /home/mondegrin/programs/slon/ros2_ws/install/slon/include/slon/slon/msg/detail/gps__rosidl_typesupport_fastrtps_cpp.hpp
-- Installing: /home/mondegrin/programs/slon/ros2_ws/install/slon/lib/libslon__rosidl_typesupport_fastrtps_cpp.so
-- Set runtime path of "/home/mondegrin/programs/slon/ros2_ws/install/slon/lib/libslon__rosidl_typesupport_fastrtps_cpp.so" to ""
-- Up-to-date: /home/mondegrin/programs/slon/ros2_ws/install/slon/include/slon/slon
-- Up-to-date: /home/mondegrin/programs/slon/ros2_ws/install/slon/include/slon/slon/msg
-- Installing: /home/mondegrin/programs/slon/ros2_ws/install/slon/include/slon/slon/msg/rosidl_typesupport_introspection_c__visibility_control.h
-- Up-to-date: /home/mondegrin/programs/slon/ros2_ws/install/slon/include/slon/slon/msg/detail
-- Installing: /home/mondegrin/programs/slon/ros2_ws/install/slon/include/slon/slon/msg/detail/gps__type_support.c
-- Installing: /home/mondegrin/programs/slon/ros2_ws/install/slon/include/slon/slon/msg/detail/gps__rosidl_typesupport_introspection_c.h
-- Installing: /home/mondegrin/programs/slon/ros2_ws/install/slon/lib/libslon__rosidl_typesupport_introspection_c.so
-- Set runtime path of "/home/mondegrin/programs/slon/ros2_ws/install/slon/lib/libslon__rosidl_typesupport_introspection_c.so" to ""
-- Installing: /home/mondegrin/programs/slon/ros2_ws/install/slon/lib/libslon__rosidl_typesupport_c.so
-- Set runtime path of "/home/mondegrin/programs/slon/ros2_ws/install/slon/lib/libslon__rosidl_typesupport_c.so" to ""
-- Up-to-date: /home/mondegrin/programs/slon/ros2_ws/install/slon/include/slon/slon
-- Up-to-date: /home/mondegrin/programs/slon/ros2_ws/install/slon/include/slon/slon/msg
-- Up-to-date: /home/mondegrin/programs/slon/ros2_ws/install/slon/include/slon/slon/msg/detail
-- Installing: /home/mondegrin/programs/slon/ros2_ws/install/slon/include/slon/slon/msg/detail/gps__type_support.cpp
-- Installing: /home/mondegrin/programs/slon/ros2_ws/install/slon/include/slon/slon/msg/detail/gps__rosidl_typesupport_introspection_cpp.hpp
-- Installing: /home/mondegrin/programs/slon/ros2_ws/install/slon/lib/libslon__rosidl_typesupport_introspection_cpp.so
-- Set runtime path of "/home/mondegrin/programs/slon/ros2_ws/install/slon/lib/libslon__rosidl_typesupport_introspection_cpp.so" to ""
-- Installing: /home/mondegrin/programs/slon/ros2_ws/install/slon/lib/libslon__rosidl_typesupport_cpp.so
-- Set runtime path of "/home/mondegrin/programs/slon/ros2_ws/install/slon/lib/libslon__rosidl_typesupport_cpp.so" to ""
-- Installing: /home/mondegrin/programs/slon/ros2_ws/install/slon/share/slon/environment/pythonpath.sh
-- Installing: /home/mondegrin/programs/slon/ros2_ws/install/slon/share/slon/environment/pythonpath.dsv
-- Installing: /home/mondegrin/programs/slon/ros2_ws/install/slon/lib/python3.10/site-packages/slon-0.0.0-py3.10.egg-info
-- Installing: /home/mondegrin/programs/slon/ros2_ws/install/slon/lib/python3.10/site-packages/slon-0.0.0-py3.10.egg-info/SOURCES.txt
-- Installing: /home/mondegrin/programs/slon/ros2_ws/install/slon/lib/python3.10/site-packages/slon-0.0.0-py3.10.egg-info/top_level.txt
-- Installing: /home/mondegrin/programs/slon/ros2_ws/install/slon/lib/python3.10/site-packages/slon-0.0.0-py3.10.egg-info/PKG-INFO
-- Installing: /home/mondegrin/programs/slon/ros2_ws/install/slon/lib/python3.10/site-packages/slon-0.0.0-py3.10.egg-info/dependency_links.txt
-- Installing: /home/mondegrin/programs/slon/ros2_ws/install/slon/lib/python3.10/site-packages/slon
-- Installing: /home/mondegrin/programs/slon/ros2_ws/install/slon/lib/python3.10/site-packages/slon/msg
-- Installing: /home/mondegrin/programs/slon/ros2_ws/install/slon/lib/python3.10/site-packages/slon/msg/_gps_s.c
-- Installing: /home/mondegrin/programs/slon/ros2_ws/install/slon/lib/python3.10/site-packages/slon/msg/__init__.py
-- Installing: /home/mondegrin/programs/slon/ros2_ws/install/slon/lib/python3.10/site-packages/slon/msg/_gps.py
-- Installing: /home/mondegrin/programs/slon/ros2_ws/install/slon/lib/python3.10/site-packages/slon/libslon__rosidl_generator_py.so
-- Installing: /home/mondegrin/programs/slon/ros2_ws/install/slon/lib/python3.10/site-packages/slon/_slon_s.ep.rosidl_typesupport_c.c
-- Installing: /home/mondegrin/programs/slon/ros2_ws/install/slon/lib/python3.10/site-packages/slon/_slon_s.ep.rosidl_typesupport_fastrtps_c.c
-- Installing: /home/mondegrin/programs/slon/ros2_ws/install/slon/lib/python3.10/site-packages/slon/slon_s__rosidl_typesupport_c.cpython-310-x86_64-linux-gnu.so
-- Installing: /home/mondegrin/programs/slon/ros2_ws/install/slon/lib/python3.10/site-packages/slon/__init__.py
-- Installing: /home/mondegrin/programs/slon/ros2_ws/install/slon/lib/python3.10/site-packages/slon/_slon_s.ep.rosidl_typesupport_introspection_c.c
-- Installing: /home/mondegrin/programs/slon/ros2_ws/install/slon/lib/python3.10/site-packages/slon/slon_s__rosidl_typesupport_introspection_c.cpython-310-x86_64-linux-gnu.so
-- Installing: /home/mondegrin/programs/slon/ros2_ws/install/slon/lib/python3.10/site-packages/slon/slon_s__rosidl_typesupport_fastrtps_c.cpython-310-x86_64-linux-gnu.so
Listing '/home/mondegrin/programs/slon/ros2_ws/install/slon/lib/python3.10/site-packages/slon'...
Compiling '/home/mondegrin/programs/slon/ros2_ws/install/slon/lib/python3.10/site-packages/slon/__init__.py'...
Listing '/home/mondegrin/programs/slon/ros2_ws/install/slon/lib/python3.10/site-packages/slon/msg'...
Compiling '/home/mondegrin/programs/slon/ros2_ws/install/slon/lib/python3.10/site-packages/slon/msg/__init__.py'...
Compiling '/home/mondegrin/programs/slon/ros2_ws/install/slon/lib/python3.10/site-packages/slon/msg/_gps.py'...
-- Installing: /home/mondegrin/programs/slon/ros2_ws/install/slon/lib/python3.10/site-packages/slon/slon_s__rosidl_typesupport_fastrtps_c.cpython-310-x86_64-linux-gnu.so
-- Set runtime path of "/home/mondegrin/programs/slon/ros2_ws/install/slon/lib/python3.10/site-packages/slon/slon_s__rosidl_typesupport_fastrtps_c.cpython-310-x86_64-linux-gnu.so" to ""
-- Installing: /home/mondegrin/programs/slon/ros2_ws/install/slon/lib/python3.10/site-packages/slon/slon_s__rosidl_typesupport_introspection_c.cpython-310-x86_64-linux-gnu.so
-- Set runtime path of "/home/mondegrin/programs/slon/ros2_ws/install/slon/lib/python3.10/site-packages/slon/slon_s__rosidl_typesupport_introspection_c.cpython-310-x86_64-linux-gnu.so" to ""
-- Installing: /home/mondegrin/programs/slon/ros2_ws/install/slon/lib/python3.10/site-packages/slon/slon_s__rosidl_typesupport_c.cpython-310-x86_64-linux-gnu.so
-- Set runtime path of "/home/mondegrin/programs/slon/ros2_ws/install/slon/lib/python3.10/site-packages/slon/slon_s__rosidl_typesupport_c.cpython-310-x86_64-linux-gnu.so" to ""
-- Installing: /home/mondegrin/programs/slon/ros2_ws/install/slon/lib/libslon__rosidl_generator_py.so
-- Set runtime path of "/home/mondegrin/programs/slon/ros2_ws/install/slon/lib/libslon__rosidl_generator_py.so" to ""
-- Installing: /home/mondegrin/programs/slon/ros2_ws/install/slon/share/slon/msg/GPS.idl
-- Installing: /home/mondegrin/programs/slon/ros2_ws/install/slon/share/slon/msg/GPS.msg
-- Installing: /home/mondegrin/programs/slon/ros2_ws/install/slon/lib/slon/main
-- Set runtime path of "/home/mondegrin/programs/slon/ros2_ws/install/slon/lib/slon/main" to ""
-- Installing: /home/mondegrin/programs/slon/ros2_ws/install/slon/share/ament_index/resource_index/package_run_dependencies/slon
-- Up-to-date: /home/mondegrin/programs/slon/ros2_ws/install/slon/share/ament_index/resource_index/parent_prefix_path/slon
-- Up-to-date: /home/mondegrin/programs/slon/ros2_ws/install/slon/share/slon/environment/ament_prefix_path.sh
-- Up-to-date: /home/mondegrin/programs/slon/ros2_ws/install/slon/share/slon/environment/ament_prefix_path.dsv
-- Up-to-date: /home/mondegrin/programs/slon/ros2_ws/install/slon/share/slon/environment/path.sh
-- Up-to-date: /home/mondegrin/programs/slon/ros2_ws/install/slon/share/slon/environment/path.dsv
-- Up-to-date: /home/mondegrin/programs/slon/ros2_ws/install/slon/share/slon/local_setup.bash
-- Installing: /home/mondegrin/programs/slon/ros2_ws/install/slon/share/slon/local_setup.sh
-- Up-to-date: /home/mondegrin/programs/slon/ros2_ws/install/slon/share/slon/local_setup.zsh
-- Installing: /home/mondegrin/programs/slon/ros2_ws/install/slon/share/slon/local_setup.dsv
-- Installing: /home/mondegrin/programs/slon/ros2_ws/install/slon/share/slon/package.dsv
-- Up-to-date: /home/mondegrin/programs/slon/ros2_ws/install/slon/share/ament_index/resource_index/packages/slon
-- Installing: /home/mondegrin/programs/slon/ros2_ws/install/slon/share/slon/cmake/export_slon__rosidl_generator_cExport.cmake
-- Installing: /home/mondegrin/programs/slon/ros2_ws/install/slon/share/slon/cmake/export_slon__rosidl_generator_cExport-noconfig.cmake
-- Installing: /home/mondegrin/programs/slon/ros2_ws/install/slon/share/slon/cmake/export_slon__rosidl_typesupport_fastrtps_cExport.cmake
-- Installing: /home/mondegrin/programs/slon/ros2_ws/install/slon/share/slon/cmake/export_slon__rosidl_typesupport_fastrtps_cExport-noconfig.cmake
-- Installing: /home/mondegrin/programs/slon/ros2_ws/install/slon/share/slon/cmake/export_slon__rosidl_generator_cppExport.cmake
-- Installing: /home/mondegrin/programs/slon/ros2_ws/install/slon/share/slon/cmake/export_slon__rosidl_typesupport_fastrtps_cppExport.cmake
-- Installing: /home/mondegrin/programs/slon/ros2_ws/install/slon/share/slon/cmake/export_slon__rosidl_typesupport_fastrtps_cppExport-noconfig.cmake
-- Installing: /home/mondegrin/programs/slon/ros2_ws/install/slon/share/slon/cmake/slon__rosidl_typesupport_introspection_cExport.cmake
-- Installing: /home/mondegrin/programs/slon/ros2_ws/install/slon/share/slon/cmake/slon__rosidl_typesupport_introspection_cExport-noconfig.cmake
-- Installing: /home/mondegrin/programs/slon/ros2_ws/install/slon/share/slon/cmake/slon__rosidl_typesupport_cExport.cmake
-- Installing: /home/mondegrin/programs/slon/ros2_ws/install/slon/share/slon/cmake/slon__rosidl_typesupport_cExport-noconfig.cmake
-- Installing: /home/mondegrin/programs/slon/ros2_ws/install/slon/share/slon/cmake/slon__rosidl_typesupport_introspection_cppExport.cmake
-- Installing: /home/mondegrin/programs/slon/ros2_ws/install/slon/share/slon/cmake/slon__rosidl_typesupport_introspection_cppExport-noconfig.cmake
-- Installing: /home/mondegrin/programs/slon/ros2_ws/install/slon/share/slon/cmake/slon__rosidl_typesupport_cppExport.cmake
-- Installing: /home/mondegrin/programs/slon/ros2_ws/install/slon/share/slon/cmake/slon__rosidl_typesupport_cppExport-noconfig.cmake
-- Installing: /home/mondegrin/programs/slon/ros2_ws/install/slon/share/slon/cmake/export_slon__rosidl_generator_pyExport.cmake
-- Installing: /home/mondegrin/programs/slon/ros2_ws/install/slon/share/slon/cmake/export_slon__rosidl_generator_pyExport-noconfig.cmake
-- Installing: /home/mondegrin/programs/slon/ros2_ws/install/slon/share/slon/cmake/rosidl_cmake-extras.cmake
-- Installing: /home/mondegrin/programs/slon/ros2_ws/install/slon/share/slon/cmake/ament_cmake_export_include_directories-extras.cmake
-- Installing: /home/mondegrin/programs/slon/ros2_ws/install/slon/share/slon/cmake/ament_cmake_export_libraries-extras.cmake
-- Installing: /home/mondegrin/programs/slon/ros2_ws/install/slon/share/slon/cmake/ament_cmake_export_targets-extras.cmake
-- Installing: /home/mondegrin/programs/slon/ros2_ws/install/slon/share/slon/cmake/rosidl_cmake_export_typesupport_targets-extras.cmake
-- Installing: /home/mondegrin/programs/slon/ros2_ws/install/slon/share/slon/cmake/ament_cmake_export_dependencies-extras.cmake
-- Installing: /home/mondegrin/programs/slon/ros2_ws/install/slon/share/slon/cmake/rosidl_cmake_export_typesupport_libraries-extras.cmake
-- Installing: /home/mondegrin/programs/slon/ros2_ws/install/slon/share/slon/cmake/slonConfig.cmake
-- Up-to-date: /home/mondegrin/programs/slon/ros2_ws/install/slon/share/slon/cmake/slonConfig-version.cmake
-- Installing: /home/mondegrin/programs/slon/ros2_ws/install/slon/share/slon/package.xml
