[3.747s] Invoking command in '/home/mondegrin/programs/slon/microros_ws/firmware/mcu_ws/ros2/rosidl/rosidl_cli': PYTHONPATH=/home/mondegrin/programs/slon/microros_ws/firmware/mcu_ws/build/rosidl_cli/prefix_override:/home/mondegrin/programs/slon/microros_ws/firmware/mcu_ws/install/lib/python3.10/site-packages:${PYTHONPATH} /usr/bin/python3 setup.py egg_info --egg-base ../../../build/rosidl_cli build --build-base /home/mondegrin/programs/slon/microros_ws/firmware/mcu_ws/build/rosidl_cli/build install --record /home/mondegrin/programs/slon/microros_ws/firmware/mcu_ws/build/rosidl_cli/install.log --single-version-externally-managed
[4.150s] running egg_info
[4.151s] writing ../../../build/rosidl_cli/rosidl_cli.egg-info/PKG-INFO
[4.152s] writing dependency_links to ../../../build/rosidl_cli/rosidl_cli.egg-info/dependency_links.txt
[4.159s] writing entry points to ../../../build/rosidl_cli/rosidl_cli.egg-info/entry_points.txt
[4.165s] writing requirements to ../../../build/rosidl_cli/rosidl_cli.egg-info/requires.txt
[4.165s] writing top-level names to ../../../build/rosidl_cli/rosidl_cli.egg-info/top_level.txt
[4.193s] /usr/lib/python3/dist-packages/setuptools/command/install.py:34: SetuptoolsDeprecationWarning: setup.py install is deprecated. Use build and pip and other standards-based tools.
[4.194s]   warnings.warn(
[4.194s] reading manifest file '../../../build/rosidl_cli/rosidl_cli.egg-info/SOURCES.txt'
[4.196s] writing manifest file '../../../build/rosidl_cli/rosidl_cli.egg-info/SOURCES.txt'
[4.199s] running build
[4.200s] running build_py
[4.201s] running install
[4.204s] running install_lib
[4.216s] running install_data
[4.218s] running install_egg_info
[4.222s] removing '/home/mondegrin/programs/slon/microros_ws/firmware/mcu_ws/install/lib/python3.10/site-packages/rosidl_cli-4.0.1-py3.10.egg-info' (and everything under it)
[4.223s] Copying ../../../build/rosidl_cli/rosidl_cli.egg-info to /home/mondegrin/programs/slon/microros_ws/firmware/mcu_ws/install/lib/python3.10/site-packages/rosidl_cli-4.0.1-py3.10.egg-info
[4.228s] running install_scripts
[4.250s] Installing rosidl script to /home/mondegrin/programs/slon/microros_ws/firmware/mcu_ws/install/bin
[4.252s] writing list of installed files to '/home/mondegrin/programs/slon/microros_ws/firmware/mcu_ws/build/rosidl_cli/install.log'
[4.591s] Invoked command in '/home/mondegrin/programs/slon/microros_ws/firmware/mcu_ws/ros2/rosidl/rosidl_cli' returned '0': PYTHONPATH=/home/mondegrin/programs/slon/microros_ws/firmware/mcu_ws/build/rosidl_cli/prefix_override:/home/mondegrin/programs/slon/microros_ws/firmware/mcu_ws/install/lib/python3.10/site-packages:${PYTHONPATH} /usr/bin/python3 setup.py egg_info --egg-base ../../../build/rosidl_cli build --build-base /home/mondegrin/programs/slon/microros_ws/firmware/mcu_ws/build/rosidl_cli/build install --record /home/mondegrin/programs/slon/microros_ws/firmware/mcu_ws/build/rosidl_cli/install.log --single-version-externally-managed
