[0.038s] Invoking command in '/home/mondegrin/programs/slon/ros2_ws/build/slon': CMAKE_PREFIX_PATH=${CMAKE_PREFIX_PATH}:/opt/ros/iron /usr/bin/cmake --build /home/mondegrin/programs/slon/ros2_ws/build/slon -- -j16 -l16
[0.060s] [35m[1mConsolidate compiler generated dependencies of target main[0m
[0.070s] [100%] Built target main
[0.078s] Invoked command in '/home/mondegrin/programs/slon/ros2_ws/build/slon' returned '0': CMAKE_PREFIX_PATH=${CMAKE_PREFIX_PATH}:/opt/ros/iron /usr/bin/cmake --build /home/mondegrin/programs/slon/ros2_ws/build/slon -- -j16 -l16
[0.102s] Invoking command in '/home/mondegrin/programs/slon/ros2_ws/build/slon': CMAKE_PREFIX_PATH=${CMAKE_PREFIX_PATH}:/opt/ros/iron /usr/bin/cmake --install /home/mondegrin/programs/slon/ros2_ws/build/slon
[0.106s] -- Install configuration: ""
[0.106s] -- Up-to-date: /home/mondegrin/programs/slon/ros2_ws/install/slon/lib/slon/main
[0.106s] -- Up-to-date: /home/mondegrin/programs/slon/ros2_ws/install/slon/share/ament_index/resource_index/package_run_dependencies/slon
[0.106s] -- Up-to-date: /home/mondegrin/programs/slon/ros2_ws/install/slon/share/ament_index/resource_index/parent_prefix_path/slon
[0.106s] -- Up-to-date: /home/mondegrin/programs/slon/ros2_ws/install/slon/share/slon/environment/ament_prefix_path.sh
[0.106s] -- Up-to-date: /home/mondegrin/programs/slon/ros2_ws/install/slon/share/slon/environment/ament_prefix_path.dsv
[0.106s] -- Up-to-date: /home/mondegrin/programs/slon/ros2_ws/install/slon/share/slon/environment/path.sh
[0.106s] -- Up-to-date: /home/mondegrin/programs/slon/ros2_ws/install/slon/share/slon/environment/path.dsv
[0.106s] -- Up-to-date: /home/mondegrin/programs/slon/ros2_ws/install/slon/share/slon/local_setup.bash
[0.106s] -- Up-to-date: /home/mondegrin/programs/slon/ros2_ws/install/slon/share/slon/local_setup.sh
[0.106s] -- Up-to-date: /home/mondegrin/programs/slon/ros2_ws/install/slon/share/slon/local_setup.zsh
[0.107s] -- Up-to-date: /home/mondegrin/programs/slon/ros2_ws/install/slon/share/slon/local_setup.dsv
[0.107s] -- Installing: /home/mondegrin/programs/slon/ros2_ws/install/slon/share/slon/package.dsv
[0.107s] -- Up-to-date: /home/mondegrin/programs/slon/ros2_ws/install/slon/share/ament_index/resource_index/packages/slon
[0.107s] -- Up-to-date: /home/mondegrin/programs/slon/ros2_ws/install/slon/share/slon/cmake/slonConfig.cmake
[0.107s] -- Up-to-date: /home/mondegrin/programs/slon/ros2_ws/install/slon/share/slon/cmake/slonConfig-version.cmake
[0.107s] -- Up-to-date: /home/mondegrin/programs/slon/ros2_ws/install/slon/share/slon/package.xml
[0.110s] Invoked command in '/home/mondegrin/programs/slon/ros2_ws/build/slon' returned '0': CMAKE_PREFIX_PATH=${CMAKE_PREFIX_PATH}:/opt/ros/iron /usr/bin/cmake --install /home/mondegrin/programs/slon/ros2_ws/build/slon
