[0.750s] DEBUG:colcon:Command line arguments: ['/usr/bin/colcon', 'build']
[0.750s] DEBUG:colcon:Parsed command line arguments: Namespace(log_base=None, log_level=None, verb_name='build', build_base='build', install_base='install', merge_install=False, symlink_install=False, test_result_base=None, continue_on_error=False, executor='parallel', parallel_workers=16, event_handlers=None, ignore_user_meta=False, metas=['./colcon.meta'], base_paths=['.'], packages_ignore=None, packages_ignore_regex=None, paths=None, packages_up_to=None, packages_up_to_regex=None, packages_above=None, packages_above_and_dependencies=None, packages_above_depth=None, packages_select_by_dep=None, packages_skip_by_dep=None, packages_skip_up_to=None, packages_select_build_failed=False, packages_skip_build_finished=False, packages_select_test_failures=False, packages_skip_test_passed=False, packages_select=None, packages_skip=None, packages_select_regex=None, packages_skip_regex=None, packages_start=None, packages_end=None, allow_overriding=[], cmake_args=None, cmake_target=None, cmake_target_skip_unavailable=False, cmake_clean_cache=False, cmake_clean_first=False, cmake_force_configure=False, ament_cmake_args=None, catkin_cmake_args=None, catkin_skip_building_tests=False, verb_parser=<colcon_defaults.argument_parser.defaults.DefaultArgumentsDecorator object at 0x7fbf7d9a6ad0>, verb_extension=<colcon_core.verb.build.BuildVerb object at 0x7fbf7de7f1f0>, main=<bound method BuildVerb.main of <colcon_core.verb.build.BuildVerb object at 0x7fbf7de7f1f0>>)
[0.772s] Level 1:colcon.colcon_core.package_discovery:discover_packages(colcon_meta) check parameters
[0.773s] Level 1:colcon.colcon_core.package_discovery:discover_packages(recursive) check parameters
[0.773s] Level 1:colcon.colcon_core.package_discovery:discover_packages(ignore) check parameters
[0.773s] Level 1:colcon.colcon_core.package_discovery:discover_packages(path) check parameters
[0.773s] Level 1:colcon.colcon_core.package_discovery:discover_packages(colcon_meta) discover
[0.773s] Level 1:colcon.colcon_core.package_discovery:discover_packages(recursive) discover
[0.773s] INFO:colcon.colcon_core.package_discovery:Crawling recursively for packages in '/home/mondegrin/programs/slon/ros2_ws'
[0.773s] Level 1:colcon.colcon_core.package_identification:_identify(.) by extensions ['ignore', 'ignore_ament_install']
[0.773s] Level 1:colcon.colcon_core.package_identification:_identify(.) by extension 'ignore'
[0.773s] Level 1:colcon.colcon_core.package_identification:_identify(.) by extension 'ignore_ament_install'
[0.773s] Level 1:colcon.colcon_core.package_identification:_identify(.) by extensions ['colcon_pkg']
[0.773s] Level 1:colcon.colcon_core.package_identification:_identify(.) by extension 'colcon_pkg'
[0.773s] Level 1:colcon.colcon_core.package_identification:_identify(.) by extensions ['colcon_meta']
[0.773s] Level 1:colcon.colcon_core.package_identification:_identify(.) by extension 'colcon_meta'
[0.773s] Level 1:colcon.colcon_core.package_identification:_identify(.) by extensions ['ros']
[0.773s] Level 1:colcon.colcon_core.package_identification:_identify(.) by extension 'ros'
[0.780s] Level 1:colcon.colcon_core.package_identification:_identify(.) by extensions ['cmake', 'python']
[0.780s] Level 1:colcon.colcon_core.package_identification:_identify(.) by extension 'cmake'
[0.780s] Level 1:colcon.colcon_core.package_identification:_identify(.) by extension 'python'
[0.780s] Level 1:colcon.colcon_core.package_identification:_identify(.) by extensions ['python_setup_py']
[0.780s] Level 1:colcon.colcon_core.package_identification:_identify(.) by extension 'python_setup_py'
[0.780s] Level 1:colcon.colcon_core.package_identification:_identify(build) by extensions ['ignore', 'ignore_ament_install']
[0.780s] Level 1:colcon.colcon_core.package_identification:_identify(build) by extension 'ignore'
[0.780s] Level 1:colcon.colcon_core.package_identification:_identify(build) ignored
[0.780s] Level 1:colcon.colcon_core.package_identification:_identify(install) by extensions ['ignore', 'ignore_ament_install']
[0.780s] Level 1:colcon.colcon_core.package_identification:_identify(install) by extension 'ignore'
[0.780s] Level 1:colcon.colcon_core.package_identification:_identify(install) ignored
[0.780s] Level 1:colcon.colcon_core.package_identification:_identify(log) by extensions ['ignore', 'ignore_ament_install']
[0.780s] Level 1:colcon.colcon_core.package_identification:_identify(log) by extension 'ignore'
[0.780s] Level 1:colcon.colcon_core.package_identification:_identify(log) ignored
[0.780s] Level 1:colcon.colcon_core.package_identification:_identify(src) by extensions ['ignore', 'ignore_ament_install']
[0.781s] Level 1:colcon.colcon_core.package_identification:_identify(src) by extension 'ignore'
[0.781s] Level 1:colcon.colcon_core.package_identification:_identify(src) by extension 'ignore_ament_install'
[0.781s] Level 1:colcon.colcon_core.package_identification:_identify(src) by extensions ['colcon_pkg']
[0.781s] Level 1:colcon.colcon_core.package_identification:_identify(src) by extension 'colcon_pkg'
[0.781s] Level 1:colcon.colcon_core.package_identification:_identify(src) by extensions ['colcon_meta']
[0.781s] Level 1:colcon.colcon_core.package_identification:_identify(src) by extension 'colcon_meta'
[0.781s] Level 1:colcon.colcon_core.package_identification:_identify(src) by extensions ['ros']
[0.781s] Level 1:colcon.colcon_core.package_identification:_identify(src) by extension 'ros'
[0.781s] Level 1:colcon.colcon_core.package_identification:_identify(src) by extensions ['cmake', 'python']
[0.781s] Level 1:colcon.colcon_core.package_identification:_identify(src) by extension 'cmake'
[0.781s] Level 1:colcon.colcon_core.package_identification:_identify(src) by extension 'python'
[0.781s] Level 1:colcon.colcon_core.package_identification:_identify(src) by extensions ['python_setup_py']
[0.781s] Level 1:colcon.colcon_core.package_identification:_identify(src) by extension 'python_setup_py'
[0.781s] Level 1:colcon.colcon_core.package_identification:_identify(src/gps) by extensions ['ignore', 'ignore_ament_install']
[0.781s] Level 1:colcon.colcon_core.package_identification:_identify(src/gps) by extension 'ignore'
[0.781s] Level 1:colcon.colcon_core.package_identification:_identify(src/gps) by extension 'ignore_ament_install'
[0.781s] Level 1:colcon.colcon_core.package_identification:_identify(src/gps) by extensions ['colcon_pkg']
[0.781s] Level 1:colcon.colcon_core.package_identification:_identify(src/gps) by extension 'colcon_pkg'
[0.781s] Level 1:colcon.colcon_core.package_identification:_identify(src/gps) by extensions ['colcon_meta']
[0.781s] Level 1:colcon.colcon_core.package_identification:_identify(src/gps) by extension 'colcon_meta'
[0.781s] Level 1:colcon.colcon_core.package_identification:_identify(src/gps) by extensions ['ros']
[0.781s] Level 1:colcon.colcon_core.package_identification:_identify(src/gps) by extension 'ros'
[0.783s] DEBUG:colcon.colcon_core.package_identification:Package 'src/gps' with type 'ros.ament_cmake' and name 'gps'
[0.783s] Level 1:colcon.colcon_core.package_identification:_identify(src/slon) by extensions ['ignore', 'ignore_ament_install']
[0.783s] Level 1:colcon.colcon_core.package_identification:_identify(src/slon) by extension 'ignore'
[0.783s] Level 1:colcon.colcon_core.package_identification:_identify(src/slon) by extension 'ignore_ament_install'
[0.783s] Level 1:colcon.colcon_core.package_identification:_identify(src/slon) by extensions ['colcon_pkg']
[0.783s] Level 1:colcon.colcon_core.package_identification:_identify(src/slon) by extension 'colcon_pkg'
[0.783s] Level 1:colcon.colcon_core.package_identification:_identify(src/slon) by extensions ['colcon_meta']
[0.783s] Level 1:colcon.colcon_core.package_identification:_identify(src/slon) by extension 'colcon_meta'
[0.783s] Level 1:colcon.colcon_core.package_identification:_identify(src/slon) by extensions ['ros']
[0.783s] Level 1:colcon.colcon_core.package_identification:_identify(src/slon) by extension 'ros'
[0.783s] DEBUG:colcon.colcon_core.package_identification:Package 'src/slon' with type 'ros.ament_cmake' and name 'slon'
[0.783s] Level 1:colcon.colcon_core.package_discovery:discover_packages(recursive) using defaults
[0.783s] Level 1:colcon.colcon_core.package_discovery:discover_packages(ignore) discover
[0.783s] Level 1:colcon.colcon_core.package_discovery:discover_packages(ignore) using defaults
[0.783s] Level 1:colcon.colcon_core.package_discovery:discover_packages(path) discover
[0.783s] Level 1:colcon.colcon_core.package_discovery:discover_packages(path) using defaults
[0.825s] Level 1:colcon.colcon_core.package_discovery:discover_packages(prefix_path) check parameters
[0.825s] Level 1:colcon.colcon_core.package_discovery:discover_packages(prefix_path) discover
[0.834s] WARNING:colcon.colcon_ros.prefix_path.ament:The path '/home/mondegrin/programs/slon/ros2_ws/install/gps' in the environment variable AMENT_PREFIX_PATH doesn't exist
[0.835s] WARNING:colcon.colcon_ros.prefix_path.ament:The path '/home/mondegrin/programs/slon/ros2_ws/install/slon' in the environment variable AMENT_PREFIX_PATH doesn't exist
[0.835s] WARNING:colcon.colcon_ros.prefix_path.catkin:The path '/home/mondegrin/programs/slon/ros2_ws/install/gps' in the environment variable CMAKE_PREFIX_PATH doesn't exist
[0.835s] WARNING:colcon.colcon_ros.prefix_path.catkin:The path '/home/mondegrin/programs/slon/ros2_ws/install/slon' in the environment variable CMAKE_PREFIX_PATH doesn't exist
[0.842s] DEBUG:colcon.colcon_installed_package_information.package_discovery:Found 0 installed packages in /home/mondegrin/programs/slon/ros2_ws/install
[0.850s] DEBUG:colcon.colcon_installed_package_information.package_discovery:Found 295 installed packages in /opt/ros/iron
[0.852s] Level 1:colcon.colcon_core.package_discovery:discover_packages(prefix_path) using defaults
[0.905s] Level 5:colcon.colcon_core.verb:set package 'gps' build argument 'cmake_args' from command line to 'None'
[0.906s] Level 5:colcon.colcon_core.verb:set package 'gps' build argument 'cmake_target' from command line to 'None'
[0.906s] Level 5:colcon.colcon_core.verb:set package 'gps' build argument 'cmake_target_skip_unavailable' from command line to 'False'
[0.906s] Level 5:colcon.colcon_core.verb:set package 'gps' build argument 'cmake_clean_cache' from command line to 'False'
[0.906s] Level 5:colcon.colcon_core.verb:set package 'gps' build argument 'cmake_clean_first' from command line to 'False'
[0.906s] Level 5:colcon.colcon_core.verb:set package 'gps' build argument 'cmake_force_configure' from command line to 'False'
[0.906s] Level 5:colcon.colcon_core.verb:set package 'gps' build argument 'ament_cmake_args' from command line to 'None'
[0.906s] Level 5:colcon.colcon_core.verb:set package 'gps' build argument 'catkin_cmake_args' from command line to 'None'
[0.906s] Level 5:colcon.colcon_core.verb:set package 'gps' build argument 'catkin_skip_building_tests' from command line to 'False'
[0.906s] DEBUG:colcon.colcon_core.verb:Building package 'gps' with the following arguments: {'ament_cmake_args': None, 'build_base': '/home/mondegrin/programs/slon/ros2_ws/build/gps', 'catkin_cmake_args': None, 'catkin_skip_building_tests': False, 'cmake_args': None, 'cmake_clean_cache': False, 'cmake_clean_first': False, 'cmake_force_configure': False, 'cmake_target': None, 'cmake_target_skip_unavailable': False, 'install_base': '/home/mondegrin/programs/slon/ros2_ws/install/gps', 'merge_install': False, 'path': '/home/mondegrin/programs/slon/ros2_ws/src/gps', 'symlink_install': False, 'test_result_base': None}
[0.914s] Level 5:colcon.colcon_core.verb:set package 'slon' build argument 'cmake_args' from command line to 'None'
[0.914s] Level 5:colcon.colcon_core.verb:set package 'slon' build argument 'cmake_target' from command line to 'None'
[0.914s] Level 5:colcon.colcon_core.verb:set package 'slon' build argument 'cmake_target_skip_unavailable' from command line to 'False'
[0.914s] Level 5:colcon.colcon_core.verb:set package 'slon' build argument 'cmake_clean_cache' from command line to 'False'
[0.914s] Level 5:colcon.colcon_core.verb:set package 'slon' build argument 'cmake_clean_first' from command line to 'False'
[0.914s] Level 5:colcon.colcon_core.verb:set package 'slon' build argument 'cmake_force_configure' from command line to 'False'
[0.914s] Level 5:colcon.colcon_core.verb:set package 'slon' build argument 'ament_cmake_args' from command line to 'None'
[0.914s] Level 5:colcon.colcon_core.verb:set package 'slon' build argument 'catkin_cmake_args' from command line to 'None'
[0.914s] Level 5:colcon.colcon_core.verb:set package 'slon' build argument 'catkin_skip_building_tests' from command line to 'False'
[0.914s] DEBUG:colcon.colcon_core.verb:Building package 'slon' with the following arguments: {'ament_cmake_args': None, 'build_base': '/home/mondegrin/programs/slon/ros2_ws/build/slon', 'catkin_cmake_args': None, 'catkin_skip_building_tests': False, 'cmake_args': None, 'cmake_clean_cache': False, 'cmake_clean_first': False, 'cmake_force_configure': False, 'cmake_target': None, 'cmake_target_skip_unavailable': False, 'install_base': '/home/mondegrin/programs/slon/ros2_ws/install/slon', 'merge_install': False, 'path': '/home/mondegrin/programs/slon/ros2_ws/src/slon', 'symlink_install': False, 'test_result_base': None}
[0.920s] INFO:colcon.colcon_core.executor:Executing jobs using 'parallel' executor
[0.928s] DEBUG:colcon.colcon_parallel_executor.executor.parallel:run_until_complete
[0.928s] INFO:colcon.colcon_ros.task.ament_cmake.build:Building ROS package in '/home/mondegrin/programs/slon/ros2_ws/src/gps' with build type 'ament_cmake'
[0.928s] INFO:colcon.colcon_cmake.task.cmake.build:Building CMake package in '/home/mondegrin/programs/slon/ros2_ws/src/gps'
[0.936s] INFO:colcon.colcon_core.plugin_system:Skipping extension 'colcon_core.shell.bat': Not used on non-Windows systems
[0.936s] INFO:colcon.colcon_core.shell:Skip shell extension 'powershell' for command environment: Not usable outside of PowerShell
[0.936s] DEBUG:colcon.colcon_core.shell:Skip shell extension 'dsv' for command environment
[0.959s] INFO:colcon.colcon_ros.task.ament_cmake.build:Building ROS package in '/home/mondegrin/programs/slon/ros2_ws/src/slon' with build type 'ament_cmake'
[0.959s] INFO:colcon.colcon_cmake.task.cmake.build:Building CMake package in '/home/mondegrin/programs/slon/ros2_ws/src/slon'
[0.968s] INFO:colcon.colcon_core.shell:Skip shell extension 'powershell' for command environment: Not usable outside of PowerShell
[0.968s] DEBUG:colcon.colcon_core.shell:Skip shell extension 'dsv' for command environment
[0.994s] DEBUG:colcon.colcon_core.event_handler.log_command:Invoking command in '/home/mondegrin/programs/slon/ros2_ws/build/gps': CMAKE_PREFIX_PATH=${CMAKE_PREFIX_PATH}:/opt/ros/iron /usr/bin/cmake /home/mondegrin/programs/slon/ros2_ws/src/gps -DCMAKE_INSTALL_PREFIX=/home/mondegrin/programs/slon/ros2_ws/install/gps
[0.996s] DEBUG:colcon.colcon_core.event_handler.log_command:Invoking command in '/home/mondegrin/programs/slon/ros2_ws/build/slon': CMAKE_PREFIX_PATH=${CMAKE_PREFIX_PATH}:/opt/ros/iron /usr/bin/cmake /home/mondegrin/programs/slon/ros2_ws/src/slon -DCMAKE_INSTALL_PREFIX=/home/mondegrin/programs/slon/ros2_ws/install/slon
[12.101s] DEBUG:colcon.colcon_core.event_handler.log_command:Invoked command in '/home/mondegrin/programs/slon/ros2_ws/build/gps' returned '0': CMAKE_PREFIX_PATH=${CMAKE_PREFIX_PATH}:/opt/ros/iron /usr/bin/cmake /home/mondegrin/programs/slon/ros2_ws/src/gps -DCMAKE_INSTALL_PREFIX=/home/mondegrin/programs/slon/ros2_ws/install/gps
[12.101s] DEBUG:colcon.colcon_core.event_handler.log_command:Invoking command in '/home/mondegrin/programs/slon/ros2_ws/build/gps': CMAKE_PREFIX_PATH=${CMAKE_PREFIX_PATH}:/opt/ros/iron /usr/bin/cmake --build /home/mondegrin/programs/slon/ros2_ws/build/gps -- -j16 -l16
[16.002s] DEBUG:colcon.colcon_core.event_handler.log_command:Invoked command in '/home/mondegrin/programs/slon/ros2_ws/build/gps' returned '0': CMAKE_PREFIX_PATH=${CMAKE_PREFIX_PATH}:/opt/ros/iron /usr/bin/cmake --build /home/mondegrin/programs/slon/ros2_ws/build/gps -- -j16 -l16
[16.050s] DEBUG:colcon.colcon_core.event_handler.log_command:Invoking command in '/home/mondegrin/programs/slon/ros2_ws/build/gps': CMAKE_PREFIX_PATH=${CMAKE_PREFIX_PATH}:/opt/ros/iron /usr/bin/cmake --install /home/mondegrin/programs/slon/ros2_ws/build/gps
[16.094s] Level 1:colcon.colcon_core.environment:create_environment_scripts_only(gps)
[16.094s] DEBUG:colcon.colcon_core.event_handler.log_command:Invoked command in '/home/mondegrin/programs/slon/ros2_ws/build/gps' returned '0': CMAKE_PREFIX_PATH=${CMAKE_PREFIX_PATH}:/opt/ros/iron /usr/bin/cmake --install /home/mondegrin/programs/slon/ros2_ws/build/gps
[16.107s] Level 1:colcon.colcon_core.environment:checking '/home/mondegrin/programs/slon/ros2_ws/install/gps' for CMake module files
[16.108s] Level 1:colcon.colcon_core.environment:checking '/home/mondegrin/programs/slon/ros2_ws/install/gps' for CMake config files
[16.108s] Level 1:colcon.colcon_core.shell:create_environment_hook('gps', 'cmake_prefix_path')
[16.118s] INFO:colcon.colcon_core.shell:Creating environment hook '/home/mondegrin/programs/slon/ros2_ws/install/gps/share/gps/hook/cmake_prefix_path.ps1'
[16.118s] INFO:colcon.colcon_core.shell:Creating environment descriptor '/home/mondegrin/programs/slon/ros2_ws/install/gps/share/gps/hook/cmake_prefix_path.dsv'
[16.119s] INFO:colcon.colcon_core.shell:Creating environment hook '/home/mondegrin/programs/slon/ros2_ws/install/gps/share/gps/hook/cmake_prefix_path.sh'
[16.119s] Level 1:colcon.colcon_core.environment:checking '/home/mondegrin/programs/slon/ros2_ws/install/gps/lib'
[16.120s] Level 1:colcon.colcon_core.shell:create_environment_hook('gps', 'ld_library_path_lib')
[16.130s] INFO:colcon.colcon_core.shell:Creating environment hook '/home/mondegrin/programs/slon/ros2_ws/install/gps/share/gps/hook/ld_library_path_lib.ps1'
[16.131s] INFO:colcon.colcon_core.shell:Creating environment descriptor '/home/mondegrin/programs/slon/ros2_ws/install/gps/share/gps/hook/ld_library_path_lib.dsv'
[16.131s] INFO:colcon.colcon_core.shell:Creating environment hook '/home/mondegrin/programs/slon/ros2_ws/install/gps/share/gps/hook/ld_library_path_lib.sh'
[16.131s] Level 1:colcon.colcon_core.environment:checking '/home/mondegrin/programs/slon/ros2_ws/install/gps/bin'
[16.131s] Level 1:colcon.colcon_core.environment:checking '/home/mondegrin/programs/slon/ros2_ws/install/gps/lib/pkgconfig/gps.pc'
[16.132s] Level 1:colcon.colcon_core.environment:checking '/home/mondegrin/programs/slon/ros2_ws/install/gps/lib/python3.10/site-packages'
[16.132s] Level 1:colcon.colcon_core.shell:create_environment_hook('gps', 'pythonpath')
[16.142s] INFO:colcon.colcon_core.shell:Creating environment hook '/home/mondegrin/programs/slon/ros2_ws/install/gps/share/gps/hook/pythonpath.ps1'
[16.143s] INFO:colcon.colcon_core.shell:Creating environment descriptor '/home/mondegrin/programs/slon/ros2_ws/install/gps/share/gps/hook/pythonpath.dsv'
[16.143s] INFO:colcon.colcon_core.shell:Creating environment hook '/home/mondegrin/programs/slon/ros2_ws/install/gps/share/gps/hook/pythonpath.sh'
[16.143s] Level 1:colcon.colcon_core.environment:checking '/home/mondegrin/programs/slon/ros2_ws/install/gps/bin'
[16.153s] INFO:colcon.colcon_core.shell:Creating package script '/home/mondegrin/programs/slon/ros2_ws/install/gps/share/gps/package.ps1'
[16.153s] INFO:colcon.colcon_core.shell:Creating package descriptor '/home/mondegrin/programs/slon/ros2_ws/install/gps/share/gps/package.dsv'
[16.154s] INFO:colcon.colcon_core.shell:Creating package script '/home/mondegrin/programs/slon/ros2_ws/install/gps/share/gps/package.sh'
[16.154s] INFO:colcon.colcon_core.shell:Creating package script '/home/mondegrin/programs/slon/ros2_ws/install/gps/share/gps/package.bash'
[16.155s] INFO:colcon.colcon_core.shell:Creating package script '/home/mondegrin/programs/slon/ros2_ws/install/gps/share/gps/package.zsh'
[16.155s] Level 1:colcon.colcon_core.environment:create_file_with_runtime_dependencies(/home/mondegrin/programs/slon/ros2_ws/install/gps/share/colcon-core/packages/gps)
[16.199s] Level 1:colcon.colcon_core.environment:create_environment_scripts_only(gps)
[16.207s] Level 1:colcon.colcon_core.environment:checking '/home/mondegrin/programs/slon/ros2_ws/install/gps' for CMake module files
[16.207s] Level 1:colcon.colcon_core.environment:checking '/home/mondegrin/programs/slon/ros2_ws/install/gps' for CMake config files
[16.207s] Level 1:colcon.colcon_core.shell:create_environment_hook('gps', 'cmake_prefix_path')
[16.215s] INFO:colcon.colcon_core.shell:Creating environment hook '/home/mondegrin/programs/slon/ros2_ws/install/gps/share/gps/hook/cmake_prefix_path.ps1'
[16.215s] INFO:colcon.colcon_core.shell:Creating environment descriptor '/home/mondegrin/programs/slon/ros2_ws/install/gps/share/gps/hook/cmake_prefix_path.dsv'
[16.215s] INFO:colcon.colcon_core.shell:Creating environment hook '/home/mondegrin/programs/slon/ros2_ws/install/gps/share/gps/hook/cmake_prefix_path.sh'
[16.215s] Level 1:colcon.colcon_core.environment:checking '/home/mondegrin/programs/slon/ros2_ws/install/gps/lib'
[16.216s] Level 1:colcon.colcon_core.shell:create_environment_hook('gps', 'ld_library_path_lib')
[16.223s] INFO:colcon.colcon_core.shell:Creating environment hook '/home/mondegrin/programs/slon/ros2_ws/install/gps/share/gps/hook/ld_library_path_lib.ps1'
[16.223s] INFO:colcon.colcon_core.shell:Creating environment descriptor '/home/mondegrin/programs/slon/ros2_ws/install/gps/share/gps/hook/ld_library_path_lib.dsv'
[16.224s] INFO:colcon.colcon_core.shell:Creating environment hook '/home/mondegrin/programs/slon/ros2_ws/install/gps/share/gps/hook/ld_library_path_lib.sh'
[16.224s] Level 1:colcon.colcon_core.environment:checking '/home/mondegrin/programs/slon/ros2_ws/install/gps/bin'
[16.224s] Level 1:colcon.colcon_core.environment:checking '/home/mondegrin/programs/slon/ros2_ws/install/gps/lib/pkgconfig/gps.pc'
[16.224s] Level 1:colcon.colcon_core.environment:checking '/home/mondegrin/programs/slon/ros2_ws/install/gps/lib/python3.10/site-packages'
[16.224s] Level 1:colcon.colcon_core.shell:create_environment_hook('gps', 'pythonpath')
[16.232s] INFO:colcon.colcon_core.shell:Creating environment hook '/home/mondegrin/programs/slon/ros2_ws/install/gps/share/gps/hook/pythonpath.ps1'
[16.232s] INFO:colcon.colcon_core.shell:Creating environment descriptor '/home/mondegrin/programs/slon/ros2_ws/install/gps/share/gps/hook/pythonpath.dsv'
[16.233s] INFO:colcon.colcon_core.shell:Creating environment hook '/home/mondegrin/programs/slon/ros2_ws/install/gps/share/gps/hook/pythonpath.sh'
[16.233s] Level 1:colcon.colcon_core.environment:checking '/home/mondegrin/programs/slon/ros2_ws/install/gps/bin'
[16.241s] INFO:colcon.colcon_core.shell:Creating package script '/home/mondegrin/programs/slon/ros2_ws/install/gps/share/gps/package.ps1'
[16.242s] INFO:colcon.colcon_core.shell:Creating package descriptor '/home/mondegrin/programs/slon/ros2_ws/install/gps/share/gps/package.dsv'
[16.242s] INFO:colcon.colcon_core.shell:Creating package script '/home/mondegrin/programs/slon/ros2_ws/install/gps/share/gps/package.sh'
[16.243s] INFO:colcon.colcon_core.shell:Creating package script '/home/mondegrin/programs/slon/ros2_ws/install/gps/share/gps/package.bash'
[16.243s] INFO:colcon.colcon_core.shell:Creating package script '/home/mondegrin/programs/slon/ros2_ws/install/gps/share/gps/package.zsh'
[16.243s] Level 1:colcon.colcon_core.environment:create_file_with_runtime_dependencies(/home/mondegrin/programs/slon/ros2_ws/install/gps/share/colcon-core/packages/gps)
[35.400s] DEBUG:colcon.colcon_core.event_handler.log_command:Invoked command in '/home/mondegrin/programs/slon/ros2_ws/build/slon' returned '0': CMAKE_PREFIX_PATH=${CMAKE_PREFIX_PATH}:/opt/ros/iron /usr/bin/cmake /home/mondegrin/programs/slon/ros2_ws/src/slon -DCMAKE_INSTALL_PREFIX=/home/mondegrin/programs/slon/ros2_ws/install/slon
[35.402s] DEBUG:colcon.colcon_core.event_handler.log_command:Invoking command in '/home/mondegrin/programs/slon/ros2_ws/build/slon': CMAKE_PREFIX_PATH=${CMAKE_PREFIX_PATH}:/opt/ros/iron /usr/bin/cmake --build /home/mondegrin/programs/slon/ros2_ws/build/slon -- -j16 -l16
[40.551s] DEBUG:colcon.colcon_core.event_handler.log_command:Invoked command in '/home/mondegrin/programs/slon/ros2_ws/build/slon' returned '0': CMAKE_PREFIX_PATH=${CMAKE_PREFIX_PATH}:/opt/ros/iron /usr/bin/cmake --build /home/mondegrin/programs/slon/ros2_ws/build/slon -- -j16 -l16
[40.565s] DEBUG:colcon.colcon_core.event_handler.log_command:Invoking command in '/home/mondegrin/programs/slon/ros2_ws/build/slon': CMAKE_PREFIX_PATH=${CMAKE_PREFIX_PATH}:/opt/ros/iron /usr/bin/cmake --install /home/mondegrin/programs/slon/ros2_ws/build/slon
[40.575s] Level 1:colcon.colcon_core.environment:create_environment_scripts_only(slon)
[40.575s] DEBUG:colcon.colcon_core.event_handler.log_command:Invoked command in '/home/mondegrin/programs/slon/ros2_ws/build/slon' returned '0': CMAKE_PREFIX_PATH=${CMAKE_PREFIX_PATH}:/opt/ros/iron /usr/bin/cmake --install /home/mondegrin/programs/slon/ros2_ws/build/slon
[40.583s] Level 1:colcon.colcon_core.environment:checking '/home/mondegrin/programs/slon/ros2_ws/install/slon' for CMake module files
[40.583s] Level 1:colcon.colcon_core.environment:checking '/home/mondegrin/programs/slon/ros2_ws/install/slon' for CMake config files
[40.583s] Level 1:colcon.colcon_core.shell:create_environment_hook('slon', 'cmake_prefix_path')
[40.590s] INFO:colcon.colcon_core.shell:Creating environment hook '/home/mondegrin/programs/slon/ros2_ws/install/slon/share/slon/hook/cmake_prefix_path.ps1'
[40.590s] INFO:colcon.colcon_core.shell:Creating environment descriptor '/home/mondegrin/programs/slon/ros2_ws/install/slon/share/slon/hook/cmake_prefix_path.dsv'
[40.591s] INFO:colcon.colcon_core.shell:Creating environment hook '/home/mondegrin/programs/slon/ros2_ws/install/slon/share/slon/hook/cmake_prefix_path.sh'
[40.591s] Level 1:colcon.colcon_core.environment:checking '/home/mondegrin/programs/slon/ros2_ws/install/slon/lib'
[40.591s] Level 1:colcon.colcon_core.environment:checking '/home/mondegrin/programs/slon/ros2_ws/install/slon/bin'
[40.591s] Level 1:colcon.colcon_core.environment:checking '/home/mondegrin/programs/slon/ros2_ws/install/slon/lib/pkgconfig/slon.pc'
[40.591s] Level 1:colcon.colcon_core.environment:checking '/home/mondegrin/programs/slon/ros2_ws/install/slon/lib/python3.10/site-packages'
[40.591s] Level 1:colcon.colcon_core.environment:checking '/home/mondegrin/programs/slon/ros2_ws/install/slon/bin'
[40.598s] INFO:colcon.colcon_core.shell:Creating package script '/home/mondegrin/programs/slon/ros2_ws/install/slon/share/slon/package.ps1'
[40.599s] INFO:colcon.colcon_core.shell:Creating package descriptor '/home/mondegrin/programs/slon/ros2_ws/install/slon/share/slon/package.dsv'
[40.599s] INFO:colcon.colcon_core.shell:Creating package script '/home/mondegrin/programs/slon/ros2_ws/install/slon/share/slon/package.sh'
[40.599s] INFO:colcon.colcon_core.shell:Creating package script '/home/mondegrin/programs/slon/ros2_ws/install/slon/share/slon/package.bash'
[40.599s] INFO:colcon.colcon_core.shell:Creating package script '/home/mondegrin/programs/slon/ros2_ws/install/slon/share/slon/package.zsh'
[40.599s] Level 1:colcon.colcon_core.environment:create_file_with_runtime_dependencies(/home/mondegrin/programs/slon/ros2_ws/install/slon/share/colcon-core/packages/slon)
[40.622s] Level 1:colcon.colcon_core.environment:create_environment_scripts_only(slon)
[40.628s] Level 1:colcon.colcon_core.environment:checking '/home/mondegrin/programs/slon/ros2_ws/install/slon' for CMake module files
[40.628s] Level 1:colcon.colcon_core.environment:checking '/home/mondegrin/programs/slon/ros2_ws/install/slon' for CMake config files
[40.628s] Level 1:colcon.colcon_core.shell:create_environment_hook('slon', 'cmake_prefix_path')
[40.635s] INFO:colcon.colcon_core.shell:Creating environment hook '/home/mondegrin/programs/slon/ros2_ws/install/slon/share/slon/hook/cmake_prefix_path.ps1'
[40.635s] INFO:colcon.colcon_core.shell:Creating environment descriptor '/home/mondegrin/programs/slon/ros2_ws/install/slon/share/slon/hook/cmake_prefix_path.dsv'
[40.636s] INFO:colcon.colcon_core.shell:Creating environment hook '/home/mondegrin/programs/slon/ros2_ws/install/slon/share/slon/hook/cmake_prefix_path.sh'
[40.636s] Level 1:colcon.colcon_core.environment:checking '/home/mondegrin/programs/slon/ros2_ws/install/slon/lib'
[40.636s] Level 1:colcon.colcon_core.environment:checking '/home/mondegrin/programs/slon/ros2_ws/install/slon/bin'
[40.636s] Level 1:colcon.colcon_core.environment:checking '/home/mondegrin/programs/slon/ros2_ws/install/slon/lib/pkgconfig/slon.pc'
[40.636s] Level 1:colcon.colcon_core.environment:checking '/home/mondegrin/programs/slon/ros2_ws/install/slon/lib/python3.10/site-packages'
[40.636s] Level 1:colcon.colcon_core.environment:checking '/home/mondegrin/programs/slon/ros2_ws/install/slon/bin'
[40.643s] INFO:colcon.colcon_core.shell:Creating package script '/home/mondegrin/programs/slon/ros2_ws/install/slon/share/slon/package.ps1'
[40.644s] INFO:colcon.colcon_core.shell:Creating package descriptor '/home/mondegrin/programs/slon/ros2_ws/install/slon/share/slon/package.dsv'
[40.644s] INFO:colcon.colcon_core.shell:Creating package script '/home/mondegrin/programs/slon/ros2_ws/install/slon/share/slon/package.sh'
[40.644s] INFO:colcon.colcon_core.shell:Creating package script '/home/mondegrin/programs/slon/ros2_ws/install/slon/share/slon/package.bash'
[40.645s] INFO:colcon.colcon_core.shell:Creating package script '/home/mondegrin/programs/slon/ros2_ws/install/slon/share/slon/package.zsh'
[40.645s] Level 1:colcon.colcon_core.environment:create_file_with_runtime_dependencies(/home/mondegrin/programs/slon/ros2_ws/install/slon/share/colcon-core/packages/slon)
[40.645s] DEBUG:colcon.colcon_parallel_executor.executor.parallel:closing loop
[40.646s] DEBUG:colcon.colcon_parallel_executor.executor.parallel:loop closed
[40.646s] DEBUG:colcon.colcon_parallel_executor.executor.parallel:run_until_complete finished with '0'
[40.646s] DEBUG:colcon.colcon_core.event_reactor:joining thread
[40.896s] INFO:colcon.colcon_core.plugin_system:Skipping extension 'colcon_notification.desktop_notification.notify_send': Could not find 'notify-send'
[40.897s] INFO:colcon.colcon_core.plugin_system:Skipping extension 'colcon_notification.desktop_notification.terminal_notifier': Not used on non-Darwin systems
[40.897s] INFO:colcon.colcon_core.plugin_system:Skipping extension 'colcon_notification.desktop_notification.win32': Not used on non-Windows systems
[40.897s] INFO:colcon.colcon_notification.desktop_notification:Sending desktop notification using 'notify2'
[40.898s] DEBUG:colcon.colcon_notification.desktop_notification.notify2:Failed to initialize notify2: org.freedesktop.DBus.Error.ServiceUnknown: The name org.freedesktop.Notifications was not provided by any .service files
[40.898s] DEBUG:colcon.colcon_core.event_reactor:joined thread
[40.906s] INFO:colcon.colcon_core.shell:Creating prefix script '/home/mondegrin/programs/slon/ros2_ws/install/local_setup.ps1'
[40.907s] INFO:colcon.colcon_core.shell:Creating prefix util module '/home/mondegrin/programs/slon/ros2_ws/install/_local_setup_util_ps1.py'
[40.907s] INFO:colcon.colcon_core.shell:Creating prefix chain script '/home/mondegrin/programs/slon/ros2_ws/install/setup.ps1'
[40.915s] INFO:colcon.colcon_core.shell:Creating prefix script '/home/mondegrin/programs/slon/ros2_ws/install/local_setup.sh'
[40.915s] INFO:colcon.colcon_core.shell:Creating prefix util module '/home/mondegrin/programs/slon/ros2_ws/install/_local_setup_util_sh.py'
[40.916s] INFO:colcon.colcon_core.shell:Creating prefix chain script '/home/mondegrin/programs/slon/ros2_ws/install/setup.sh'
[40.923s] INFO:colcon.colcon_core.shell:Creating prefix script '/home/mondegrin/programs/slon/ros2_ws/install/local_setup.bash'
[40.923s] INFO:colcon.colcon_core.shell:Creating prefix chain script '/home/mondegrin/programs/slon/ros2_ws/install/setup.bash'
[40.930s] INFO:colcon.colcon_core.shell:Creating prefix script '/home/mondegrin/programs/slon/ros2_ws/install/local_setup.zsh'
[40.931s] INFO:colcon.colcon_core.shell:Creating prefix chain script '/home/mondegrin/programs/slon/ros2_ws/install/setup.zsh'
