[3.433s] Invoking command in '/home/mondegrin/programs/slon/microros_ws/firmware/mcu_ws/ros2/rosidl/rosidl_cli': PYTHONPATH=/home/mondegrin/programs/slon/microros_ws/firmware/mcu_ws/build/rosidl_cli/prefix_override:/home/mondegrin/programs/slon/microros_ws/firmware/mcu_ws/install/lib/python3.10/site-packages:${PYTHONPATH} /usr/bin/python3 setup.py egg_info --egg-base ../../../build/rosidl_cli build --build-base /home/mondegrin/programs/slon/microros_ws/firmware/mcu_ws/build/rosidl_cli/build install --record /home/mondegrin/programs/slon/microros_ws/firmware/mcu_ws/build/rosidl_cli/install.log --single-version-externally-managed
[3.943s] running egg_info
[3.945s] writing ../../../build/rosidl_cli/rosidl_cli.egg-info/PKG-INFO
[3.946s] writing dependency_links to ../../../build/rosidl_cli/rosidl_cli.egg-info/dependency_links.txt
[3.946s] writing entry points to ../../../build/rosidl_cli/rosidl_cli.egg-info/entry_points.txt
[3.947s] writing requirements to ../../../build/rosidl_cli/rosidl_cli.egg-info/requires.txt
[3.953s] writing top-level names to ../../../build/rosidl_cli/rosidl_cli.egg-info/top_level.txt
[3.962s] reading manifest file '../../../build/rosidl_cli/rosidl_cli.egg-info/SOURCES.txt'
[3.987s] writing manifest file '../../../build/rosidl_cli/rosidl_cli.egg-info/SOURCES.txt'
[3.987s] running build
[3.987s] running build_py
[3.988s] running install
[3.990s] /usr/lib/python3/dist-packages/setuptools/command/install.py:34: SetuptoolsDeprecationWarning: setup.py install is deprecated. Use build and pip and other standards-based tools.
[3.990s]   warnings.warn(
[3.991s] running install_lib
[3.992s] running install_data
[3.992s] running install_egg_info
[3.992s] removing '/home/mondegrin/programs/slon/microros_ws/firmware/mcu_ws/install/lib/python3.10/site-packages/rosidl_cli-4.0.1-py3.10.egg-info' (and everything under it)
[3.994s] Copying ../../../build/rosidl_cli/rosidl_cli.egg-info to /home/mondegrin/programs/slon/microros_ws/firmware/mcu_ws/install/lib/python3.10/site-packages/rosidl_cli-4.0.1-py3.10.egg-info
[3.995s] running install_scripts
[4.028s] Installing rosidl script to /home/mondegrin/programs/slon/microros_ws/firmware/mcu_ws/install/bin
[4.029s] writing list of installed files to '/home/mondegrin/programs/slon/microros_ws/firmware/mcu_ws/build/rosidl_cli/install.log'
[4.340s] Invoked command in '/home/mondegrin/programs/slon/microros_ws/firmware/mcu_ws/ros2/rosidl/rosidl_cli' returned '0': PYTHONPATH=/home/mondegrin/programs/slon/microros_ws/firmware/mcu_ws/build/rosidl_cli/prefix_override:/home/mondegrin/programs/slon/microros_ws/firmware/mcu_ws/install/lib/python3.10/site-packages:${PYTHONPATH} /usr/bin/python3 setup.py egg_info --egg-base ../../../build/rosidl_cli build --build-base /home/mondegrin/programs/slon/microros_ws/firmware/mcu_ws/build/rosidl_cli/build install --record /home/mondegrin/programs/slon/microros_ws/firmware/mcu_ws/build/rosidl_cli/install.log --single-version-externally-managed
