[1.047s] DEBUG:colcon:Command line arguments: ['/usr/bin/colcon', 'build']
[1.047s] DEBUG:colcon:Parsed command line arguments: Namespace(log_base=None, log_level=None, verb_name='build', build_base='build', install_base='install', merge_install=False, symlink_install=False, test_result_base=None, continue_on_error=False, executor='parallel', parallel_workers=16, event_handlers=None, ignore_user_meta=False, metas=['./colcon.meta'], base_paths=['.'], packages_ignore=None, packages_ignore_regex=None, paths=None, packages_up_to=None, packages_up_to_regex=None, packages_above=None, packages_above_and_dependencies=None, packages_above_depth=None, packages_select_by_dep=None, packages_skip_by_dep=None, packages_skip_up_to=None, packages_select_build_failed=False, packages_skip_build_finished=False, packages_select_test_failures=False, packages_skip_test_passed=False, packages_select=None, packages_skip=None, packages_select_regex=None, packages_skip_regex=None, packages_start=None, packages_end=None, allow_overriding=[], cmake_args=None, cmake_target=None, cmake_target_skip_unavailable=False, cmake_clean_cache=False, cmake_clean_first=False, cmake_force_configure=False, ament_cmake_args=None, catkin_cmake_args=None, catkin_skip_building_tests=False, verb_parser=<colcon_defaults.argument_parser.defaults.DefaultArgumentsDecorator object at 0x7f6721aceef0>, verb_extension=<colcon_core.verb.build.BuildVerb object at 0x7f6721acdfc0>, main=<bound method BuildVerb.main of <colcon_core.verb.build.BuildVerb object at 0x7f6721acdfc0>>)
[1.116s] Level 1:colcon.colcon_core.package_discovery:discover_packages(colcon_meta) check parameters
[1.116s] Level 1:colcon.colcon_core.package_discovery:discover_packages(recursive) check parameters
[1.116s] Level 1:colcon.colcon_core.package_discovery:discover_packages(ignore) check parameters
[1.116s] Level 1:colcon.colcon_core.package_discovery:discover_packages(path) check parameters
[1.116s] Level 1:colcon.colcon_core.package_discovery:discover_packages(colcon_meta) discover
[1.116s] Level 1:colcon.colcon_core.package_discovery:discover_packages(recursive) discover
[1.116s] INFO:colcon.colcon_core.package_discovery:Crawling recursively for packages in '/home/mondegrin/programs/slon/microros_ws'
[1.117s] Level 1:colcon.colcon_core.package_identification:_identify(.) by extensions ['ignore', 'ignore_ament_install']
[1.117s] Level 1:colcon.colcon_core.package_identification:_identify(.) by extension 'ignore'
[1.117s] Level 1:colcon.colcon_core.package_identification:_identify(.) by extension 'ignore_ament_install'
[1.117s] Level 1:colcon.colcon_core.package_identification:_identify(.) by extensions ['colcon_pkg']
[1.117s] Level 1:colcon.colcon_core.package_identification:_identify(.) by extension 'colcon_pkg'
[1.117s] Level 1:colcon.colcon_core.package_identification:_identify(.) by extensions ['colcon_meta']
[1.117s] Level 1:colcon.colcon_core.package_identification:_identify(.) by extension 'colcon_meta'
[1.117s] Level 1:colcon.colcon_core.package_identification:_identify(.) by extensions ['ros']
[1.117s] Level 1:colcon.colcon_core.package_identification:_identify(.) by extension 'ros'
[1.124s] Level 1:colcon.colcon_core.package_identification:_identify(.) by extensions ['cmake', 'python']
[1.124s] Level 1:colcon.colcon_core.package_identification:_identify(.) by extension 'cmake'
[1.124s] Level 1:colcon.colcon_core.package_identification:_identify(.) by extension 'python'
[1.124s] Level 1:colcon.colcon_core.package_identification:_identify(.) by extensions ['python_setup_py']
[1.124s] Level 1:colcon.colcon_core.package_identification:_identify(.) by extension 'python_setup_py'
[1.124s] Level 1:colcon.colcon_core.package_identification:_identify(build) by extensions ['ignore', 'ignore_ament_install']
[1.124s] Level 1:colcon.colcon_core.package_identification:_identify(build) by extension 'ignore'
[1.124s] Level 1:colcon.colcon_core.package_identification:_identify(build) ignored
[1.124s] Level 1:colcon.colcon_core.package_identification:_identify(install) by extensions ['ignore', 'ignore_ament_install']
[1.124s] Level 1:colcon.colcon_core.package_identification:_identify(install) by extension 'ignore'
[1.124s] Level 1:colcon.colcon_core.package_identification:_identify(install) ignored
[1.125s] Level 1:colcon.colcon_core.package_identification:_identify(log) by extensions ['ignore', 'ignore_ament_install']
[1.125s] Level 1:colcon.colcon_core.package_identification:_identify(log) by extension 'ignore'
[1.125s] Level 1:colcon.colcon_core.package_identification:_identify(log) ignored
[1.125s] Level 1:colcon.colcon_core.package_identification:_identify(src) by extensions ['ignore', 'ignore_ament_install']
[1.125s] Level 1:colcon.colcon_core.package_identification:_identify(src) by extension 'ignore'
[1.125s] Level 1:colcon.colcon_core.package_identification:_identify(src) by extension 'ignore_ament_install'
[1.125s] Level 1:colcon.colcon_core.package_identification:_identify(src) by extensions ['colcon_pkg']
[1.125s] Level 1:colcon.colcon_core.package_identification:_identify(src) by extension 'colcon_pkg'
[1.125s] Level 1:colcon.colcon_core.package_identification:_identify(src) by extensions ['colcon_meta']
[1.125s] Level 1:colcon.colcon_core.package_identification:_identify(src) by extension 'colcon_meta'
[1.125s] Level 1:colcon.colcon_core.package_identification:_identify(src) by extensions ['ros']
[1.125s] Level 1:colcon.colcon_core.package_identification:_identify(src) by extension 'ros'
[1.125s] Level 1:colcon.colcon_core.package_identification:_identify(src) by extensions ['cmake', 'python']
[1.125s] Level 1:colcon.colcon_core.package_identification:_identify(src) by extension 'cmake'
[1.125s] Level 1:colcon.colcon_core.package_identification:_identify(src) by extension 'python'
[1.125s] Level 1:colcon.colcon_core.package_identification:_identify(src) by extensions ['python_setup_py']
[1.125s] Level 1:colcon.colcon_core.package_identification:_identify(src) by extension 'python_setup_py'
[1.125s] Level 1:colcon.colcon_core.package_identification:_identify(src/micro_ros_setup) by extensions ['ignore', 'ignore_ament_install']
[1.125s] Level 1:colcon.colcon_core.package_identification:_identify(src/micro_ros_setup) by extension 'ignore'
[1.125s] Level 1:colcon.colcon_core.package_identification:_identify(src/micro_ros_setup) by extension 'ignore_ament_install'
[1.125s] Level 1:colcon.colcon_core.package_identification:_identify(src/micro_ros_setup) by extensions ['colcon_pkg']
[1.125s] Level 1:colcon.colcon_core.package_identification:_identify(src/micro_ros_setup) by extension 'colcon_pkg'
[1.125s] Level 1:colcon.colcon_core.package_identification:_identify(src/micro_ros_setup) by extensions ['colcon_meta']
[1.125s] Level 1:colcon.colcon_core.package_identification:_identify(src/micro_ros_setup) by extension 'colcon_meta'
[1.125s] Level 1:colcon.colcon_core.package_identification:_identify(src/micro_ros_setup) by extensions ['ros']
[1.125s] Level 1:colcon.colcon_core.package_identification:_identify(src/micro_ros_setup) by extension 'ros'
[1.127s] DEBUG:colcon.colcon_core.package_identification:Package 'src/micro_ros_setup' with type 'ros.ament_cmake' and name 'micro_ros_setup'
[1.127s] Level 1:colcon.colcon_core.package_discovery:discover_packages(recursive) using defaults
[1.127s] Level 1:colcon.colcon_core.package_discovery:discover_packages(ignore) discover
[1.127s] Level 1:colcon.colcon_core.package_discovery:discover_packages(ignore) using defaults
[1.127s] Level 1:colcon.colcon_core.package_discovery:discover_packages(path) discover
[1.127s] Level 1:colcon.colcon_core.package_discovery:discover_packages(path) using defaults
[1.215s] Level 1:colcon.colcon_core.package_discovery:discover_packages(prefix_path) check parameters
[1.215s] Level 1:colcon.colcon_core.package_discovery:discover_packages(prefix_path) discover
[1.234s] DEBUG:colcon.colcon_installed_package_information.package_discovery:Found 295 installed packages in /opt/ros/iron
[1.234s] Level 1:colcon.colcon_core.package_discovery:discover_packages(prefix_path) using defaults
[1.277s] Level 5:colcon.colcon_core.verb:set package 'micro_ros_setup' build argument 'cmake_args' from command line to 'None'
[1.277s] Level 5:colcon.colcon_core.verb:set package 'micro_ros_setup' build argument 'cmake_target' from command line to 'None'
[1.277s] Level 5:colcon.colcon_core.verb:set package 'micro_ros_setup' build argument 'cmake_target_skip_unavailable' from command line to 'False'
[1.277s] Level 5:colcon.colcon_core.verb:set package 'micro_ros_setup' build argument 'cmake_clean_cache' from command line to 'False'
[1.277s] Level 5:colcon.colcon_core.verb:set package 'micro_ros_setup' build argument 'cmake_clean_first' from command line to 'False'
[1.277s] Level 5:colcon.colcon_core.verb:set package 'micro_ros_setup' build argument 'cmake_force_configure' from command line to 'False'
[1.277s] Level 5:colcon.colcon_core.verb:set package 'micro_ros_setup' build argument 'ament_cmake_args' from command line to 'None'
[1.277s] Level 5:colcon.colcon_core.verb:set package 'micro_ros_setup' build argument 'catkin_cmake_args' from command line to 'None'
[1.277s] Level 5:colcon.colcon_core.verb:set package 'micro_ros_setup' build argument 'catkin_skip_building_tests' from command line to 'False'
[1.277s] DEBUG:colcon.colcon_core.verb:Building package 'micro_ros_setup' with the following arguments: {'ament_cmake_args': None, 'build_base': '/home/mondegrin/programs/slon/microros_ws/build/micro_ros_setup', 'catkin_cmake_args': None, 'catkin_skip_building_tests': False, 'cmake_args': None, 'cmake_clean_cache': False, 'cmake_clean_first': False, 'cmake_force_configure': False, 'cmake_target': None, 'cmake_target_skip_unavailable': False, 'install_base': '/home/mondegrin/programs/slon/microros_ws/install/micro_ros_setup', 'merge_install': False, 'path': '/home/mondegrin/programs/slon/microros_ws/src/micro_ros_setup', 'symlink_install': False, 'test_result_base': None}
[1.283s] INFO:colcon.colcon_core.executor:Executing jobs using 'parallel' executor
[1.289s] DEBUG:colcon.colcon_parallel_executor.executor.parallel:run_until_complete
[1.289s] INFO:colcon.colcon_ros.task.ament_cmake.build:Building ROS package in '/home/mondegrin/programs/slon/microros_ws/src/micro_ros_setup' with build type 'ament_cmake'
[1.290s] INFO:colcon.colcon_cmake.task.cmake.build:Building CMake package in '/home/mondegrin/programs/slon/microros_ws/src/micro_ros_setup'
[1.309s] INFO:colcon.colcon_core.plugin_system:Skipping extension 'colcon_core.shell.bat': Not used on non-Windows systems
[1.309s] INFO:colcon.colcon_core.shell:Skip shell extension 'powershell' for command environment: Not usable outside of PowerShell
[1.309s] DEBUG:colcon.colcon_core.shell:Skip shell extension 'dsv' for command environment
[1.326s] DEBUG:colcon.colcon_core.event_handler.log_command:Invoking command in '/home/mondegrin/programs/slon/microros_ws/build/micro_ros_setup': CMAKE_PREFIX_PATH=/opt/ros/iron /usr/bin/cmake /home/mondegrin/programs/slon/microros_ws/src/micro_ros_setup -DCMAKE_INSTALL_PREFIX=/home/mondegrin/programs/slon/microros_ws/install/micro_ros_setup
[7.010s] DEBUG:colcon.colcon_core.event_handler.log_command:Invoked command in '/home/mondegrin/programs/slon/microros_ws/build/micro_ros_setup' returned '0': CMAKE_PREFIX_PATH=/opt/ros/iron /usr/bin/cmake /home/mondegrin/programs/slon/microros_ws/src/micro_ros_setup -DCMAKE_INSTALL_PREFIX=/home/mondegrin/programs/slon/microros_ws/install/micro_ros_setup
[7.011s] DEBUG:colcon.colcon_core.event_handler.log_command:Invoking command in '/home/mondegrin/programs/slon/microros_ws/build/micro_ros_setup': CMAKE_PREFIX_PATH=/opt/ros/iron /usr/bin/cmake --build /home/mondegrin/programs/slon/microros_ws/build/micro_ros_setup -- -j16 -l16
[7.029s] DEBUG:colcon.colcon_core.event_handler.log_command:Invoked command in '/home/mondegrin/programs/slon/microros_ws/build/micro_ros_setup' returned '0': CMAKE_PREFIX_PATH=/opt/ros/iron /usr/bin/cmake --build /home/mondegrin/programs/slon/microros_ws/build/micro_ros_setup -- -j16 -l16
[7.043s] DEBUG:colcon.colcon_core.event_handler.log_command:Invoking command in '/home/mondegrin/programs/slon/microros_ws/build/micro_ros_setup': CMAKE_PREFIX_PATH=/opt/ros/iron /usr/bin/cmake --install /home/mondegrin/programs/slon/microros_ws/build/micro_ros_setup
[7.057s] Level 1:colcon.colcon_core.environment:create_environment_scripts_only(micro_ros_setup)
[7.058s] DEBUG:colcon.colcon_core.event_handler.log_command:Invoked command in '/home/mondegrin/programs/slon/microros_ws/build/micro_ros_setup' returned '0': CMAKE_PREFIX_PATH=/opt/ros/iron /usr/bin/cmake --install /home/mondegrin/programs/slon/microros_ws/build/micro_ros_setup
[7.083s] Level 1:colcon.colcon_core.environment:checking '/home/mondegrin/programs/slon/microros_ws/install/micro_ros_setup' for CMake module files
[7.083s] Level 1:colcon.colcon_core.environment:checking '/home/mondegrin/programs/slon/microros_ws/install/micro_ros_setup' for CMake config files
[7.083s] Level 1:colcon.colcon_core.shell:create_environment_hook('micro_ros_setup', 'cmake_prefix_path')
[7.090s] INFO:colcon.colcon_core.shell:Creating environment hook '/home/mondegrin/programs/slon/microros_ws/install/micro_ros_setup/share/micro_ros_setup/hook/cmake_prefix_path.ps1'
[7.092s] INFO:colcon.colcon_core.shell:Creating environment descriptor '/home/mondegrin/programs/slon/microros_ws/install/micro_ros_setup/share/micro_ros_setup/hook/cmake_prefix_path.dsv'
[7.095s] INFO:colcon.colcon_core.shell:Creating environment hook '/home/mondegrin/programs/slon/microros_ws/install/micro_ros_setup/share/micro_ros_setup/hook/cmake_prefix_path.sh'
[7.096s] Level 1:colcon.colcon_core.environment:checking '/home/mondegrin/programs/slon/microros_ws/install/micro_ros_setup/lib'
[7.096s] Level 1:colcon.colcon_core.environment:checking '/home/mondegrin/programs/slon/microros_ws/install/micro_ros_setup/bin'
[7.096s] Level 1:colcon.colcon_core.environment:checking '/home/mondegrin/programs/slon/microros_ws/install/micro_ros_setup/lib/pkgconfig/micro_ros_setup.pc'
[7.096s] Level 1:colcon.colcon_core.environment:checking '/home/mondegrin/programs/slon/microros_ws/install/micro_ros_setup/lib/python3.10/site-packages'
[7.096s] Level 1:colcon.colcon_core.environment:checking '/home/mondegrin/programs/slon/microros_ws/install/micro_ros_setup/bin'
[7.102s] INFO:colcon.colcon_core.shell:Creating package script '/home/mondegrin/programs/slon/microros_ws/install/micro_ros_setup/share/micro_ros_setup/package.ps1'
[7.103s] INFO:colcon.colcon_core.shell:Creating package descriptor '/home/mondegrin/programs/slon/microros_ws/install/micro_ros_setup/share/micro_ros_setup/package.dsv'
[7.105s] INFO:colcon.colcon_core.shell:Creating package script '/home/mondegrin/programs/slon/microros_ws/install/micro_ros_setup/share/micro_ros_setup/package.sh'
[7.105s] INFO:colcon.colcon_core.shell:Creating package script '/home/mondegrin/programs/slon/microros_ws/install/micro_ros_setup/share/micro_ros_setup/package.bash'
[7.108s] INFO:colcon.colcon_core.shell:Creating package script '/home/mondegrin/programs/slon/microros_ws/install/micro_ros_setup/share/micro_ros_setup/package.zsh'
[7.110s] Level 1:colcon.colcon_core.environment:create_file_with_runtime_dependencies(/home/mondegrin/programs/slon/microros_ws/install/micro_ros_setup/share/colcon-core/packages/micro_ros_setup)
[7.126s] Level 1:colcon.colcon_core.environment:create_environment_scripts_only(micro_ros_setup)
[7.132s] Level 1:colcon.colcon_core.environment:checking '/home/mondegrin/programs/slon/microros_ws/install/micro_ros_setup' for CMake module files
[7.133s] Level 1:colcon.colcon_core.environment:checking '/home/mondegrin/programs/slon/microros_ws/install/micro_ros_setup' for CMake config files
[7.133s] Level 1:colcon.colcon_core.shell:create_environment_hook('micro_ros_setup', 'cmake_prefix_path')
[7.138s] INFO:colcon.colcon_core.shell:Creating environment hook '/home/mondegrin/programs/slon/microros_ws/install/micro_ros_setup/share/micro_ros_setup/hook/cmake_prefix_path.ps1'
[7.139s] INFO:colcon.colcon_core.shell:Creating environment descriptor '/home/mondegrin/programs/slon/microros_ws/install/micro_ros_setup/share/micro_ros_setup/hook/cmake_prefix_path.dsv'
[7.139s] INFO:colcon.colcon_core.shell:Creating environment hook '/home/mondegrin/programs/slon/microros_ws/install/micro_ros_setup/share/micro_ros_setup/hook/cmake_prefix_path.sh'
[7.139s] Level 1:colcon.colcon_core.environment:checking '/home/mondegrin/programs/slon/microros_ws/install/micro_ros_setup/lib'
[7.139s] Level 1:colcon.colcon_core.environment:checking '/home/mondegrin/programs/slon/microros_ws/install/micro_ros_setup/bin'
[7.139s] Level 1:colcon.colcon_core.environment:checking '/home/mondegrin/programs/slon/microros_ws/install/micro_ros_setup/lib/pkgconfig/micro_ros_setup.pc'
[7.139s] Level 1:colcon.colcon_core.environment:checking '/home/mondegrin/programs/slon/microros_ws/install/micro_ros_setup/lib/python3.10/site-packages'
[7.139s] Level 1:colcon.colcon_core.environment:checking '/home/mondegrin/programs/slon/microros_ws/install/micro_ros_setup/bin'
[7.152s] INFO:colcon.colcon_core.shell:Creating package script '/home/mondegrin/programs/slon/microros_ws/install/micro_ros_setup/share/micro_ros_setup/package.ps1'
[7.153s] INFO:colcon.colcon_core.shell:Creating package descriptor '/home/mondegrin/programs/slon/microros_ws/install/micro_ros_setup/share/micro_ros_setup/package.dsv'
[7.153s] INFO:colcon.colcon_core.shell:Creating package script '/home/mondegrin/programs/slon/microros_ws/install/micro_ros_setup/share/micro_ros_setup/package.sh'
[7.153s] INFO:colcon.colcon_core.shell:Creating package script '/home/mondegrin/programs/slon/microros_ws/install/micro_ros_setup/share/micro_ros_setup/package.bash'
[7.153s] INFO:colcon.colcon_core.shell:Creating package script '/home/mondegrin/programs/slon/microros_ws/install/micro_ros_setup/share/micro_ros_setup/package.zsh'
[7.153s] Level 1:colcon.colcon_core.environment:create_file_with_runtime_dependencies(/home/mondegrin/programs/slon/microros_ws/install/micro_ros_setup/share/colcon-core/packages/micro_ros_setup)
[7.154s] DEBUG:colcon.colcon_parallel_executor.executor.parallel:closing loop
[7.154s] DEBUG:colcon.colcon_parallel_executor.executor.parallel:loop closed
[7.154s] DEBUG:colcon.colcon_parallel_executor.executor.parallel:run_until_complete finished with '0'
[7.154s] DEBUG:colcon.colcon_core.event_reactor:joining thread
[7.334s] INFO:colcon.colcon_core.plugin_system:Skipping extension 'colcon_notification.desktop_notification.notify_send': Could not find 'notify-send'
[7.334s] INFO:colcon.colcon_core.plugin_system:Skipping extension 'colcon_notification.desktop_notification.terminal_notifier': Not used on non-Darwin systems
[7.334s] INFO:colcon.colcon_core.plugin_system:Skipping extension 'colcon_notification.desktop_notification.win32': Not used on non-Windows systems
[7.334s] INFO:colcon.colcon_notification.desktop_notification:Sending desktop notification using 'notify2'
[7.334s] DEBUG:colcon.colcon_notification.desktop_notification.notify2:Failed to initialize notify2: org.freedesktop.DBus.Error.ServiceUnknown: The name org.freedesktop.Notifications was not provided by any .service files
[7.335s] DEBUG:colcon.colcon_core.event_reactor:joined thread
[7.341s] INFO:colcon.colcon_core.shell:Creating prefix script '/home/mondegrin/programs/slon/microros_ws/install/local_setup.ps1'
[7.343s] INFO:colcon.colcon_core.shell:Creating prefix util module '/home/mondegrin/programs/slon/microros_ws/install/_local_setup_util_ps1.py'
[7.344s] INFO:colcon.colcon_core.shell:Creating prefix chain script '/home/mondegrin/programs/slon/microros_ws/install/setup.ps1'
[7.351s] INFO:colcon.colcon_core.shell:Creating prefix script '/home/mondegrin/programs/slon/microros_ws/install/local_setup.sh'
[7.351s] INFO:colcon.colcon_core.shell:Creating prefix util module '/home/mondegrin/programs/slon/microros_ws/install/_local_setup_util_sh.py'
[7.351s] INFO:colcon.colcon_core.shell:Creating prefix chain script '/home/mondegrin/programs/slon/microros_ws/install/setup.sh'
[7.359s] INFO:colcon.colcon_core.shell:Creating prefix script '/home/mondegrin/programs/slon/microros_ws/install/local_setup.bash'
[7.360s] INFO:colcon.colcon_core.shell:Creating prefix chain script '/home/mondegrin/programs/slon/microros_ws/install/setup.bash'
[7.367s] INFO:colcon.colcon_core.shell:Creating prefix script '/home/mondegrin/programs/slon/microros_ws/install/local_setup.zsh'
[7.368s] INFO:colcon.colcon_core.shell:Creating prefix chain script '/home/mondegrin/programs/slon/microros_ws/install/setup.zsh'
