[0.045s] Invoking command in '/home/mondegrin/programs/slon/microros_ws/build/micro_ros_msgs': CMAKE_PREFIX_PATH=${CMAKE_PREFIX_PATH}:/opt/ros/iron /usr/bin/cmake --build /home/mondegrin/programs/slon/microros_ws/build/micro_ros_msgs -- -j16 -l16
[0.090s] [  1%] Built target micro_ros_msgs__rosidl_generator_type_description
[0.104s] [  1%] Built target ament_cmake_python_copy_micro_ros_msgs
[0.106s] [  3%] Built target micro_ros_msgs__cpp
[0.107s] [35m[1mConsolidate compiler generated dependencies of target micro_ros_msgs__rosidl_generator_c[0m
[0.119s] [ 24%] Built target micro_ros_msgs__rosidl_generator_c
[0.137s] [35m[1mConsolidate compiler generated dependencies of target micro_ros_msgs__rosidl_typesupport_introspection_c[0m
[0.137s] [35m[1mConsolidate compiler generated dependencies of target micro_ros_msgs__rosidl_typesupport_introspection_cpp[0m
[0.142s] [ 42%] Built target micro_ros_msgs__rosidl_typesupport_introspection_cpp
[0.143s] [ 42%] Built target micro_ros_msgs__rosidl_typesupport_introspection_c
[0.143s] [35m[1mConsolidate compiler generated dependencies of target micro_ros_msgs__rosidl_typesupport_fastrtps_c[0m
[0.146s] [35m[1mConsolidate compiler generated dependencies of target micro_ros_msgs__rosidl_typesupport_fastrtps_cpp[0m
[0.146s] [35m[1mConsolidate compiler generated dependencies of target micro_ros_msgs__rosidl_typesupport_c[0m
[0.152s] [35m[1mConsolidate compiler generated dependencies of target micro_ros_msgs__rosidl_typesupport_cpp[0m
[0.158s] [ 51%] Built target micro_ros_msgs__rosidl_typesupport_fastrtps_cpp
[0.163s] [ 61%] Built target micro_ros_msgs__rosidl_typesupport_c
[0.164s] [ 70%] Built target micro_ros_msgs__rosidl_typesupport_fastrtps_c
[0.166s] [ 79%] Built target micro_ros_msgs__rosidl_typesupport_cpp
[0.180s] [ 79%] Built target micro_ros_msgs
[0.205s] [ 81%] Built target micro_ros_msgs__py
[0.235s] [35m[1mConsolidate compiler generated dependencies of target micro_ros_msgs__rosidl_generator_py[0m
[0.253s] [ 88%] Built target micro_ros_msgs__rosidl_generator_py
[0.262s] [35m[1mConsolidate compiler generated dependencies of target micro_ros_msgs__rosidl_typesupport_c__pyext[0m
[0.264s] [35m[1mConsolidate compiler generated dependencies of target micro_ros_msgs__rosidl_typesupport_fastrtps_c__pyext[0m
[0.264s] [35m[1mConsolidate compiler generated dependencies of target micro_ros_msgs__rosidl_typesupport_introspection_c__pyext[0m
[0.276s] [ 92%] Built target micro_ros_msgs__rosidl_typesupport_c__pyext
[0.277s] [100%] Built target micro_ros_msgs__rosidl_typesupport_fastrtps_c__pyext
[0.277s] [100%] Built target micro_ros_msgs__rosidl_typesupport_introspection_c__pyext
[0.362s] running egg_info
[0.363s] writing micro_ros_msgs.egg-info/PKG-INFO
[0.363s] writing dependency_links to micro_ros_msgs.egg-info/dependency_links.txt
[0.363s] writing top-level names to micro_ros_msgs.egg-info/top_level.txt
[0.366s] reading manifest file 'micro_ros_msgs.egg-info/SOURCES.txt'
[0.367s] writing manifest file 'micro_ros_msgs.egg-info/SOURCES.txt'
[0.385s] [100%] Built target ament_cmake_python_build_micro_ros_msgs_egg
[0.393s] Invoked command in '/home/mondegrin/programs/slon/microros_ws/build/micro_ros_msgs' returned '0': CMAKE_PREFIX_PATH=${CMAKE_PREFIX_PATH}:/opt/ros/iron /usr/bin/cmake --build /home/mondegrin/programs/slon/microros_ws/build/micro_ros_msgs -- -j16 -l16
[0.485s] Invoking command in '/home/mondegrin/programs/slon/microros_ws/build/micro_ros_msgs': CMAKE_PREFIX_PATH=${CMAKE_PREFIX_PATH}:/opt/ros/iron /usr/bin/cmake --install /home/mondegrin/programs/slon/microros_ws/build/micro_ros_msgs
[0.525s] -- Install configuration: ""
[0.526s] -- Up-to-date: /home/mondegrin/programs/slon/microros_ws/install/micro_ros_msgs/share/ament_index/resource_index/rosidl_interfaces/micro_ros_msgs
[0.526s] -- Up-to-date: /home/mondegrin/programs/slon/microros_ws/install/micro_ros_msgs/share/micro_ros_msgs/msg/Graph.json
[0.526s] -- Up-to-date: /home/mondegrin/programs/slon/microros_ws/install/micro_ros_msgs/share/micro_ros_msgs/msg/Node.json
[0.526s] -- Up-to-date: /home/mondegrin/programs/slon/microros_ws/install/micro_ros_msgs/share/micro_ros_msgs/msg/Entity.json
[0.526s] -- Up-to-date: /home/mondegrin/programs/slon/microros_ws/install/micro_ros_msgs/include/micro_ros_msgs/micro_ros_msgs
[0.526s] -- Up-to-date: /home/mondegrin/programs/slon/microros_ws/install/micro_ros_msgs/include/micro_ros_msgs/micro_ros_msgs/msg
[0.526s] -- Up-to-date: /home/mondegrin/programs/slon/microros_ws/install/micro_ros_msgs/include/micro_ros_msgs/micro_ros_msgs/msg/rosidl_generator_c__visibility_control.h
[0.526s] -- Up-to-date: /home/mondegrin/programs/slon/microros_ws/install/micro_ros_msgs/include/micro_ros_msgs/micro_ros_msgs/msg/node.h
[0.526s] -- Up-to-date: /home/mondegrin/programs/slon/microros_ws/install/micro_ros_msgs/include/micro_ros_msgs/micro_ros_msgs/msg/entity.h
[0.526s] -- Up-to-date: /home/mondegrin/programs/slon/microros_ws/install/micro_ros_msgs/include/micro_ros_msgs/micro_ros_msgs/msg/graph.h
[0.526s] -- Up-to-date: /home/mondegrin/programs/slon/microros_ws/install/micro_ros_msgs/include/micro_ros_msgs/micro_ros_msgs/msg/detail
[0.528s] -- Up-to-date: /home/mondegrin/programs/slon/microros_ws/install/micro_ros_msgs/include/micro_ros_msgs/micro_ros_msgs/msg/detail/node__description.c
[0.528s] -- Installing: /home/mondegrin/programs/slon/microros_ws/install/micro_ros_msgs/include/micro_ros_msgs/micro_ros_msgs/msg/detail/node__type_support.c
[0.528s] -- Up-to-date: /home/mondegrin/programs/slon/microros_ws/install/micro_ros_msgs/include/micro_ros_msgs/micro_ros_msgs/msg/detail/graph__description.c
[0.531s] -- Up-to-date: /home/mondegrin/programs/slon/microros_ws/install/micro_ros_msgs/include/micro_ros_msgs/micro_ros_msgs/msg/detail/graph__type_support.h
[0.531s] -- Up-to-date: /home/mondegrin/programs/slon/microros_ws/install/micro_ros_msgs/include/micro_ros_msgs/micro_ros_msgs/msg/detail/node__struct.h
[0.531s] -- Up-to-date: /home/mondegrin/programs/slon/microros_ws/install/micro_ros_msgs/include/micro_ros_msgs/micro_ros_msgs/msg/detail/entity__description.c
[0.531s] -- Up-to-date: /home/mondegrin/programs/slon/microros_ws/install/micro_ros_msgs/include/micro_ros_msgs/micro_ros_msgs/msg/detail/entity__functions.h
[0.531s] -- Up-to-date: /home/mondegrin/programs/slon/microros_ws/install/micro_ros_msgs/include/micro_ros_msgs/micro_ros_msgs/msg/detail/entity__type_support.h
[0.531s] -- Installing: /home/mondegrin/programs/slon/microros_ws/install/micro_ros_msgs/include/micro_ros_msgs/micro_ros_msgs/msg/detail/entity__type_support.c
[0.531s] -- Up-to-date: /home/mondegrin/programs/slon/microros_ws/install/micro_ros_msgs/include/micro_ros_msgs/micro_ros_msgs/msg/detail/node__functions.c
[0.531s] -- Up-to-date: /home/mondegrin/programs/slon/microros_ws/install/micro_ros_msgs/include/micro_ros_msgs/micro_ros_msgs/msg/detail/graph__functions.c
[0.532s] -- Up-to-date: /home/mondegrin/programs/slon/microros_ws/install/micro_ros_msgs/include/micro_ros_msgs/micro_ros_msgs/msg/detail/entity__struct.h
[0.532s] -- Up-to-date: /home/mondegrin/programs/slon/microros_ws/install/micro_ros_msgs/include/micro_ros_msgs/micro_ros_msgs/msg/detail/entity__functions.c
[0.532s] -- Up-to-date: /home/mondegrin/programs/slon/microros_ws/install/micro_ros_msgs/include/micro_ros_msgs/micro_ros_msgs/msg/detail/graph__struct.h
[0.532s] -- Up-to-date: /home/mondegrin/programs/slon/microros_ws/install/micro_ros_msgs/include/micro_ros_msgs/micro_ros_msgs/msg/detail/graph__functions.h
[0.532s] -- Up-to-date: /home/mondegrin/programs/slon/microros_ws/install/micro_ros_msgs/include/micro_ros_msgs/micro_ros_msgs/msg/detail/node__functions.h
[0.532s] -- Up-to-date: /home/mondegrin/programs/slon/microros_ws/install/micro_ros_msgs/include/micro_ros_msgs/micro_ros_msgs/msg/detail/node__type_support.h
[0.532s] -- Installing: /home/mondegrin/programs/slon/microros_ws/install/micro_ros_msgs/include/micro_ros_msgs/micro_ros_msgs/msg/detail/graph__type_support.c
[0.532s] -- Up-to-date: /home/mondegrin/programs/slon/microros_ws/install/micro_ros_msgs/share/micro_ros_msgs/environment/library_path.sh
[0.532s] -- Up-to-date: /home/mondegrin/programs/slon/microros_ws/install/micro_ros_msgs/share/micro_ros_msgs/environment/library_path.dsv
[0.533s] -- Up-to-date: /home/mondegrin/programs/slon/microros_ws/install/micro_ros_msgs/lib/libmicro_ros_msgs__rosidl_generator_c.so
[0.534s] -- Up-to-date: /home/mondegrin/programs/slon/microros_ws/install/micro_ros_msgs/include/micro_ros_msgs/micro_ros_msgs
[0.534s] -- Up-to-date: /home/mondegrin/programs/slon/microros_ws/install/micro_ros_msgs/include/micro_ros_msgs/micro_ros_msgs/msg
[0.534s] -- Up-to-date: /home/mondegrin/programs/slon/microros_ws/install/micro_ros_msgs/include/micro_ros_msgs/micro_ros_msgs/msg/rosidl_typesupport_fastrtps_c__visibility_control.h
[0.534s] -- Up-to-date: /home/mondegrin/programs/slon/microros_ws/install/micro_ros_msgs/include/micro_ros_msgs/micro_ros_msgs/msg/detail
[0.534s] -- Up-to-date: /home/mondegrin/programs/slon/microros_ws/install/micro_ros_msgs/include/micro_ros_msgs/micro_ros_msgs/msg/detail/node__rosidl_typesupport_fastrtps_c.h
[0.534s] -- Up-to-date: /home/mondegrin/programs/slon/microros_ws/install/micro_ros_msgs/include/micro_ros_msgs/micro_ros_msgs/msg/detail/entity__rosidl_typesupport_fastrtps_c.h
[0.534s] -- Up-to-date: /home/mondegrin/programs/slon/microros_ws/install/micro_ros_msgs/include/micro_ros_msgs/micro_ros_msgs/msg/detail/graph__rosidl_typesupport_fastrtps_c.h
[0.534s] -- Up-to-date: /home/mondegrin/programs/slon/microros_ws/install/micro_ros_msgs/lib/libmicro_ros_msgs__rosidl_typesupport_fastrtps_c.so
[0.534s] -- Up-to-date: /home/mondegrin/programs/slon/microros_ws/install/micro_ros_msgs/include/micro_ros_msgs/micro_ros_msgs
[0.535s] -- Up-to-date: /home/mondegrin/programs/slon/microros_ws/install/micro_ros_msgs/include/micro_ros_msgs/micro_ros_msgs/msg
[0.537s] -- Up-to-date: /home/mondegrin/programs/slon/microros_ws/install/micro_ros_msgs/include/micro_ros_msgs/micro_ros_msgs/msg/rosidl_typesupport_introspection_c__visibility_control.h
[0.537s] -- Up-to-date: /home/mondegrin/programs/slon/microros_ws/install/micro_ros_msgs/include/micro_ros_msgs/micro_ros_msgs/msg/detail
[0.537s] -- Up-to-date: /home/mondegrin/programs/slon/microros_ws/install/micro_ros_msgs/include/micro_ros_msgs/micro_ros_msgs/msg/detail/node__rosidl_typesupport_introspection_c.h
[0.537s] -- Installing: /home/mondegrin/programs/slon/microros_ws/install/micro_ros_msgs/include/micro_ros_msgs/micro_ros_msgs/msg/detail/node__type_support.c
[0.537s] -- Up-to-date: /home/mondegrin/programs/slon/microros_ws/install/micro_ros_msgs/include/micro_ros_msgs/micro_ros_msgs/msg/detail/graph__rosidl_typesupport_introspection_c.h
[0.537s] -- Installing: /home/mondegrin/programs/slon/microros_ws/install/micro_ros_msgs/include/micro_ros_msgs/micro_ros_msgs/msg/detail/entity__type_support.c
[0.537s] -- Up-to-date: /home/mondegrin/programs/slon/microros_ws/install/micro_ros_msgs/include/micro_ros_msgs/micro_ros_msgs/msg/detail/entity__rosidl_typesupport_introspection_c.h
[0.537s] -- Installing: /home/mondegrin/programs/slon/microros_ws/install/micro_ros_msgs/include/micro_ros_msgs/micro_ros_msgs/msg/detail/graph__type_support.c
[0.537s] -- Up-to-date: /home/mondegrin/programs/slon/microros_ws/install/micro_ros_msgs/lib/libmicro_ros_msgs__rosidl_typesupport_introspection_c.so
[0.537s] -- Up-to-date: /home/mondegrin/programs/slon/microros_ws/install/micro_ros_msgs/lib/libmicro_ros_msgs__rosidl_typesupport_c.so
[0.537s] -- Up-to-date: /home/mondegrin/programs/slon/microros_ws/install/micro_ros_msgs/include/micro_ros_msgs/micro_ros_msgs
[0.537s] -- Up-to-date: /home/mondegrin/programs/slon/microros_ws/install/micro_ros_msgs/include/micro_ros_msgs/micro_ros_msgs/msg
[0.537s] -- Up-to-date: /home/mondegrin/programs/slon/microros_ws/install/micro_ros_msgs/include/micro_ros_msgs/micro_ros_msgs/msg/node.hpp
[0.537s] -- Up-to-date: /home/mondegrin/programs/slon/microros_ws/install/micro_ros_msgs/include/micro_ros_msgs/micro_ros_msgs/msg/graph.hpp
[0.537s] -- Up-to-date: /home/mondegrin/programs/slon/microros_ws/install/micro_ros_msgs/include/micro_ros_msgs/micro_ros_msgs/msg/detail
[0.537s] -- Up-to-date: /home/mondegrin/programs/slon/microros_ws/install/micro_ros_msgs/include/micro_ros_msgs/micro_ros_msgs/msg/detail/graph__traits.hpp
[0.537s] -- Up-to-date: /home/mondegrin/programs/slon/microros_ws/install/micro_ros_msgs/include/micro_ros_msgs/micro_ros_msgs/msg/detail/entity__traits.hpp
[0.537s] -- Up-to-date: /home/mondegrin/programs/slon/microros_ws/install/micro_ros_msgs/include/micro_ros_msgs/micro_ros_msgs/msg/detail/entity__builder.hpp
[0.538s] -- Up-to-date: /home/mondegrin/programs/slon/microros_ws/install/micro_ros_msgs/include/micro_ros_msgs/micro_ros_msgs/msg/detail/node__struct.hpp
[0.538s] -- Up-to-date: /home/mondegrin/programs/slon/microros_ws/install/micro_ros_msgs/include/micro_ros_msgs/micro_ros_msgs/msg/detail/entity__struct.hpp
[0.538s] -- Up-to-date: /home/mondegrin/programs/slon/microros_ws/install/micro_ros_msgs/include/micro_ros_msgs/micro_ros_msgs/msg/detail/graph__struct.hpp
[0.538s] -- Up-to-date: /home/mondegrin/programs/slon/microros_ws/install/micro_ros_msgs/include/micro_ros_msgs/micro_ros_msgs/msg/detail/graph__builder.hpp
[0.538s] -- Up-to-date: /home/mondegrin/programs/slon/microros_ws/install/micro_ros_msgs/include/micro_ros_msgs/micro_ros_msgs/msg/detail/node__builder.hpp
[0.538s] -- Up-to-date: /home/mondegrin/programs/slon/microros_ws/install/micro_ros_msgs/include/micro_ros_msgs/micro_ros_msgs/msg/detail/node__traits.hpp
[0.538s] -- Up-to-date: /home/mondegrin/programs/slon/microros_ws/install/micro_ros_msgs/include/micro_ros_msgs/micro_ros_msgs/msg/entity.hpp
[0.538s] -- Up-to-date: /home/mondegrin/programs/slon/microros_ws/install/micro_ros_msgs/include/micro_ros_msgs/micro_ros_msgs
[0.538s] -- Up-to-date: /home/mondegrin/programs/slon/microros_ws/install/micro_ros_msgs/include/micro_ros_msgs/micro_ros_msgs/msg
[0.538s] -- Up-to-date: /home/mondegrin/programs/slon/microros_ws/install/micro_ros_msgs/include/micro_ros_msgs/micro_ros_msgs/msg/rosidl_typesupport_fastrtps_cpp__visibility_control.h
[0.538s] -- Up-to-date: /home/mondegrin/programs/slon/microros_ws/install/micro_ros_msgs/include/micro_ros_msgs/micro_ros_msgs/msg/detail
[0.538s] -- Up-to-date: /home/mondegrin/programs/slon/microros_ws/install/micro_ros_msgs/include/micro_ros_msgs/micro_ros_msgs/msg/detail/dds_fastrtps
[0.539s] -- Up-to-date: /home/mondegrin/programs/slon/microros_ws/install/micro_ros_msgs/include/micro_ros_msgs/micro_ros_msgs/msg/detail/entity__rosidl_typesupport_fastrtps_cpp.hpp
[0.539s] -- Up-to-date: /home/mondegrin/programs/slon/microros_ws/install/micro_ros_msgs/include/micro_ros_msgs/micro_ros_msgs/msg/detail/graph__rosidl_typesupport_fastrtps_cpp.hpp
[0.539s] -- Up-to-date: /home/mondegrin/programs/slon/microros_ws/install/micro_ros_msgs/include/micro_ros_msgs/micro_ros_msgs/msg/detail/node__rosidl_typesupport_fastrtps_cpp.hpp
[0.539s] -- Up-to-date: /home/mondegrin/programs/slon/microros_ws/install/micro_ros_msgs/lib/libmicro_ros_msgs__rosidl_typesupport_fastrtps_cpp.so
[0.540s] -- Up-to-date: /home/mondegrin/programs/slon/microros_ws/install/micro_ros_msgs/include/micro_ros_msgs/micro_ros_msgs
[0.540s] -- Up-to-date: /home/mondegrin/programs/slon/microros_ws/install/micro_ros_msgs/include/micro_ros_msgs/micro_ros_msgs/msg
[0.540s] -- Up-to-date: /home/mondegrin/programs/slon/microros_ws/install/micro_ros_msgs/include/micro_ros_msgs/micro_ros_msgs/msg/detail
[0.540s] -- Up-to-date: /home/mondegrin/programs/slon/microros_ws/install/micro_ros_msgs/include/micro_ros_msgs/micro_ros_msgs/msg/detail/node__type_support.cpp
[0.540s] -- Up-to-date: /home/mondegrin/programs/slon/microros_ws/install/micro_ros_msgs/include/micro_ros_msgs/micro_ros_msgs/msg/detail/entity__type_support.cpp
[0.540s] -- Up-to-date: /home/mondegrin/programs/slon/microros_ws/install/micro_ros_msgs/include/micro_ros_msgs/micro_ros_msgs/msg/detail/node__rosidl_typesupport_introspection_cpp.hpp
[0.540s] -- Up-to-date: /home/mondegrin/programs/slon/microros_ws/install/micro_ros_msgs/include/micro_ros_msgs/micro_ros_msgs/msg/detail/graph__type_support.cpp
[0.540s] -- Up-to-date: /home/mondegrin/programs/slon/microros_ws/install/micro_ros_msgs/include/micro_ros_msgs/micro_ros_msgs/msg/detail/entity__rosidl_typesupport_introspection_cpp.hpp
[0.540s] -- Up-to-date: /home/mondegrin/programs/slon/microros_ws/install/micro_ros_msgs/include/micro_ros_msgs/micro_ros_msgs/msg/detail/graph__rosidl_typesupport_introspection_cpp.hpp
[0.540s] -- Up-to-date: /home/mondegrin/programs/slon/microros_ws/install/micro_ros_msgs/lib/libmicro_ros_msgs__rosidl_typesupport_introspection_cpp.so
[0.550s] -- Up-to-date: /home/mondegrin/programs/slon/microros_ws/install/micro_ros_msgs/lib/libmicro_ros_msgs__rosidl_typesupport_cpp.so
[0.550s] -- Up-to-date: /home/mondegrin/programs/slon/microros_ws/install/micro_ros_msgs/share/micro_ros_msgs/environment/pythonpath.sh
[0.550s] -- Up-to-date: /home/mondegrin/programs/slon/microros_ws/install/micro_ros_msgs/share/micro_ros_msgs/environment/pythonpath.dsv
[0.550s] -- Up-to-date: /home/mondegrin/programs/slon/microros_ws/install/micro_ros_msgs/lib/python3.10/site-packages/micro_ros_msgs-4.0.0-py3.10.egg-info
[0.550s] -- Installing: /home/mondegrin/programs/slon/microros_ws/install/micro_ros_msgs/lib/python3.10/site-packages/micro_ros_msgs-4.0.0-py3.10.egg-info/SOURCES.txt
[0.550s] -- Installing: /home/mondegrin/programs/slon/microros_ws/install/micro_ros_msgs/lib/python3.10/site-packages/micro_ros_msgs-4.0.0-py3.10.egg-info/top_level.txt
[0.550s] -- Installing: /home/mondegrin/programs/slon/microros_ws/install/micro_ros_msgs/lib/python3.10/site-packages/micro_ros_msgs-4.0.0-py3.10.egg-info/PKG-INFO
[0.550s] -- Installing: /home/mondegrin/programs/slon/microros_ws/install/micro_ros_msgs/lib/python3.10/site-packages/micro_ros_msgs-4.0.0-py3.10.egg-info/dependency_links.txt
[0.550s] -- Up-to-date: /home/mondegrin/programs/slon/microros_ws/install/micro_ros_msgs/lib/python3.10/site-packages/micro_ros_msgs
[0.550s] -- Up-to-date: /home/mondegrin/programs/slon/microros_ws/install/micro_ros_msgs/lib/python3.10/site-packages/micro_ros_msgs/micro_ros_msgs_s__rosidl_typesupport_c.cpython-310-x86_64-linux-gnu.so
[0.551s] -- Up-to-date: /home/mondegrin/programs/slon/microros_ws/install/micro_ros_msgs/lib/python3.10/site-packages/micro_ros_msgs/msg
[0.551s] -- Up-to-date: /home/mondegrin/programs/slon/microros_ws/install/micro_ros_msgs/lib/python3.10/site-packages/micro_ros_msgs/msg/_graph.py
[0.551s] -- Up-to-date: /home/mondegrin/programs/slon/microros_ws/install/micro_ros_msgs/lib/python3.10/site-packages/micro_ros_msgs/msg/__init__.py
[0.551s] -- Up-to-date: /home/mondegrin/programs/slon/microros_ws/install/micro_ros_msgs/lib/python3.10/site-packages/micro_ros_msgs/msg/_entity.py
[0.551s] -- Up-to-date: /home/mondegrin/programs/slon/microros_ws/install/micro_ros_msgs/lib/python3.10/site-packages/micro_ros_msgs/msg/_graph_s.c
[0.551s] -- Up-to-date: /home/mondegrin/programs/slon/microros_ws/install/micro_ros_msgs/lib/python3.10/site-packages/micro_ros_msgs/msg/_node.py
[0.551s] -- Up-to-date: /home/mondegrin/programs/slon/microros_ws/install/micro_ros_msgs/lib/python3.10/site-packages/micro_ros_msgs/msg/_node_s.c
[0.551s] -- Up-to-date: /home/mondegrin/programs/slon/microros_ws/install/micro_ros_msgs/lib/python3.10/site-packages/micro_ros_msgs/msg/_entity_s.c
[0.551s] -- Up-to-date: /home/mondegrin/programs/slon/microros_ws/install/micro_ros_msgs/lib/python3.10/site-packages/micro_ros_msgs/_micro_ros_msgs_s.ep.rosidl_typesupport_fastrtps_c.c
[0.551s] -- Up-to-date: /home/mondegrin/programs/slon/microros_ws/install/micro_ros_msgs/lib/python3.10/site-packages/micro_ros_msgs/libmicro_ros_msgs__rosidl_generator_py.so
[0.551s] -- Up-to-date: /home/mondegrin/programs/slon/microros_ws/install/micro_ros_msgs/lib/python3.10/site-packages/micro_ros_msgs/micro_ros_msgs_s__rosidl_typesupport_introspection_c.cpython-310-x86_64-linux-gnu.so
[0.551s] -- Up-to-date: /home/mondegrin/programs/slon/microros_ws/install/micro_ros_msgs/lib/python3.10/site-packages/micro_ros_msgs/micro_ros_msgs_s__rosidl_typesupport_fastrtps_c.cpython-310-x86_64-linux-gnu.so
[0.551s] -- Up-to-date: /home/mondegrin/programs/slon/microros_ws/install/micro_ros_msgs/lib/python3.10/site-packages/micro_ros_msgs/__init__.py
[0.551s] -- Up-to-date: /home/mondegrin/programs/slon/microros_ws/install/micro_ros_msgs/lib/python3.10/site-packages/micro_ros_msgs/_micro_ros_msgs_s.ep.rosidl_typesupport_c.c
[0.551s] -- Up-to-date: /home/mondegrin/programs/slon/microros_ws/install/micro_ros_msgs/lib/python3.10/site-packages/micro_ros_msgs/_micro_ros_msgs_s.ep.rosidl_typesupport_introspection_c.c
[0.585s] Listing '/home/mondegrin/programs/slon/microros_ws/install/micro_ros_msgs/lib/python3.10/site-packages/micro_ros_msgs'...
[0.585s] Listing '/home/mondegrin/programs/slon/microros_ws/install/micro_ros_msgs/lib/python3.10/site-packages/micro_ros_msgs/msg'...
[0.589s] -- Up-to-date: /home/mondegrin/programs/slon/microros_ws/install/micro_ros_msgs/lib/python3.10/site-packages/micro_ros_msgs/micro_ros_msgs_s__rosidl_typesupport_fastrtps_c.cpython-310-x86_64-linux-gnu.so
[0.590s] -- Up-to-date: /home/mondegrin/programs/slon/microros_ws/install/micro_ros_msgs/lib/python3.10/site-packages/micro_ros_msgs/micro_ros_msgs_s__rosidl_typesupport_introspection_c.cpython-310-x86_64-linux-gnu.so
[0.590s] -- Up-to-date: /home/mondegrin/programs/slon/microros_ws/install/micro_ros_msgs/lib/python3.10/site-packages/micro_ros_msgs/micro_ros_msgs_s__rosidl_typesupport_c.cpython-310-x86_64-linux-gnu.so
[0.590s] -- Up-to-date: /home/mondegrin/programs/slon/microros_ws/install/micro_ros_msgs/lib/libmicro_ros_msgs__rosidl_generator_py.so
[0.590s] -- Up-to-date: /home/mondegrin/programs/slon/microros_ws/install/micro_ros_msgs/share/micro_ros_msgs/msg/Graph.idl
[0.590s] -- Up-to-date: /home/mondegrin/programs/slon/microros_ws/install/micro_ros_msgs/share/micro_ros_msgs/msg/Node.idl
[0.590s] -- Up-to-date: /home/mondegrin/programs/slon/microros_ws/install/micro_ros_msgs/share/micro_ros_msgs/msg/Entity.idl
[0.590s] -- Up-to-date: /home/mondegrin/programs/slon/microros_ws/install/micro_ros_msgs/share/micro_ros_msgs/msg/Graph.msg
[0.591s] -- Up-to-date: /home/mondegrin/programs/slon/microros_ws/install/micro_ros_msgs/share/micro_ros_msgs/msg/Node.msg
[0.591s] -- Up-to-date: /home/mondegrin/programs/slon/microros_ws/install/micro_ros_msgs/share/micro_ros_msgs/msg/Entity.msg
[0.591s] -- Up-to-date: /home/mondegrin/programs/slon/microros_ws/install/micro_ros_msgs/share/ament_index/resource_index/package_run_dependencies/micro_ros_msgs
[0.591s] -- Up-to-date: /home/mondegrin/programs/slon/microros_ws/install/micro_ros_msgs/share/ament_index/resource_index/parent_prefix_path/micro_ros_msgs
[0.591s] -- Up-to-date: /home/mondegrin/programs/slon/microros_ws/install/micro_ros_msgs/share/micro_ros_msgs/environment/ament_prefix_path.sh
[0.591s] -- Up-to-date: /home/mondegrin/programs/slon/microros_ws/install/micro_ros_msgs/share/micro_ros_msgs/environment/ament_prefix_path.dsv
[0.591s] -- Up-to-date: /home/mondegrin/programs/slon/microros_ws/install/micro_ros_msgs/share/micro_ros_msgs/environment/path.sh
[0.592s] -- Up-to-date: /home/mondegrin/programs/slon/microros_ws/install/micro_ros_msgs/share/micro_ros_msgs/environment/path.dsv
[0.592s] -- Up-to-date: /home/mondegrin/programs/slon/microros_ws/install/micro_ros_msgs/share/micro_ros_msgs/local_setup.bash
[0.592s] -- Up-to-date: /home/mondegrin/programs/slon/microros_ws/install/micro_ros_msgs/share/micro_ros_msgs/local_setup.sh
[0.592s] -- Up-to-date: /home/mondegrin/programs/slon/microros_ws/install/micro_ros_msgs/share/micro_ros_msgs/local_setup.zsh
[0.592s] -- Up-to-date: /home/mondegrin/programs/slon/microros_ws/install/micro_ros_msgs/share/micro_ros_msgs/local_setup.dsv
[0.592s] -- Installing: /home/mondegrin/programs/slon/microros_ws/install/micro_ros_msgs/share/micro_ros_msgs/package.dsv
[0.592s] -- Up-to-date: /home/mondegrin/programs/slon/microros_ws/install/micro_ros_msgs/share/ament_index/resource_index/packages/micro_ros_msgs
[0.592s] -- Up-to-date: /home/mondegrin/programs/slon/microros_ws/install/micro_ros_msgs/share/micro_ros_msgs/cmake/export_micro_ros_msgs__rosidl_generator_cExport.cmake
[0.592s] -- Up-to-date: /home/mondegrin/programs/slon/microros_ws/install/micro_ros_msgs/share/micro_ros_msgs/cmake/export_micro_ros_msgs__rosidl_generator_cExport-noconfig.cmake
[0.593s] -- Up-to-date: /home/mondegrin/programs/slon/microros_ws/install/micro_ros_msgs/share/micro_ros_msgs/cmake/export_micro_ros_msgs__rosidl_typesupport_fastrtps_cExport.cmake
[0.593s] -- Up-to-date: /home/mondegrin/programs/slon/microros_ws/install/micro_ros_msgs/share/micro_ros_msgs/cmake/export_micro_ros_msgs__rosidl_typesupport_fastrtps_cExport-noconfig.cmake
[0.594s] -- Up-to-date: /home/mondegrin/programs/slon/microros_ws/install/micro_ros_msgs/share/micro_ros_msgs/cmake/micro_ros_msgs__rosidl_typesupport_introspection_cExport.cmake
[0.594s] -- Up-to-date: /home/mondegrin/programs/slon/microros_ws/install/micro_ros_msgs/share/micro_ros_msgs/cmake/micro_ros_msgs__rosidl_typesupport_introspection_cExport-noconfig.cmake
[0.595s] -- Up-to-date: /home/mondegrin/programs/slon/microros_ws/install/micro_ros_msgs/share/micro_ros_msgs/cmake/micro_ros_msgs__rosidl_typesupport_cExport.cmake
[0.595s] -- Up-to-date: /home/mondegrin/programs/slon/microros_ws/install/micro_ros_msgs/share/micro_ros_msgs/cmake/micro_ros_msgs__rosidl_typesupport_cExport-noconfig.cmake
[0.596s] -- Up-to-date: /home/mondegrin/programs/slon/microros_ws/install/micro_ros_msgs/share/micro_ros_msgs/cmake/export_micro_ros_msgs__rosidl_generator_cppExport.cmake
[0.598s] -- Up-to-date: /home/mondegrin/programs/slon/microros_ws/install/micro_ros_msgs/share/micro_ros_msgs/cmake/export_micro_ros_msgs__rosidl_typesupport_fastrtps_cppExport.cmake
[0.598s] -- Up-to-date: /home/mondegrin/programs/slon/microros_ws/install/micro_ros_msgs/share/micro_ros_msgs/cmake/export_micro_ros_msgs__rosidl_typesupport_fastrtps_cppExport-noconfig.cmake
[0.599s] -- Up-to-date: /home/mondegrin/programs/slon/microros_ws/install/micro_ros_msgs/share/micro_ros_msgs/cmake/micro_ros_msgs__rosidl_typesupport_introspection_cppExport.cmake
[0.599s] -- Up-to-date: /home/mondegrin/programs/slon/microros_ws/install/micro_ros_msgs/share/micro_ros_msgs/cmake/micro_ros_msgs__rosidl_typesupport_introspection_cppExport-noconfig.cmake
[0.600s] -- Up-to-date: /home/mondegrin/programs/slon/microros_ws/install/micro_ros_msgs/share/micro_ros_msgs/cmake/micro_ros_msgs__rosidl_typesupport_cppExport.cmake
[0.600s] -- Up-to-date: /home/mondegrin/programs/slon/microros_ws/install/micro_ros_msgs/share/micro_ros_msgs/cmake/micro_ros_msgs__rosidl_typesupport_cppExport-noconfig.cmake
[0.602s] -- Up-to-date: /home/mondegrin/programs/slon/microros_ws/install/micro_ros_msgs/share/micro_ros_msgs/cmake/export_micro_ros_msgs__rosidl_generator_pyExport.cmake
[0.602s] -- Up-to-date: /home/mondegrin/programs/slon/microros_ws/install/micro_ros_msgs/share/micro_ros_msgs/cmake/export_micro_ros_msgs__rosidl_generator_pyExport-noconfig.cmake
[0.603s] -- Up-to-date: /home/mondegrin/programs/slon/microros_ws/install/micro_ros_msgs/share/micro_ros_msgs/cmake/rosidl_cmake-extras.cmake
[0.603s] -- Up-to-date: /home/mondegrin/programs/slon/microros_ws/install/micro_ros_msgs/share/micro_ros_msgs/cmake/ament_cmake_export_include_directories-extras.cmake
[0.603s] -- Up-to-date: /home/mondegrin/programs/slon/microros_ws/install/micro_ros_msgs/share/micro_ros_msgs/cmake/ament_cmake_export_libraries-extras.cmake
[0.603s] -- Up-to-date: /home/mondegrin/programs/slon/microros_ws/install/micro_ros_msgs/share/micro_ros_msgs/cmake/ament_cmake_export_targets-extras.cmake
[0.603s] -- Up-to-date: /home/mondegrin/programs/slon/microros_ws/install/micro_ros_msgs/share/micro_ros_msgs/cmake/rosidl_cmake_export_typesupport_targets-extras.cmake
[0.603s] -- Up-to-date: /home/mondegrin/programs/slon/microros_ws/install/micro_ros_msgs/share/micro_ros_msgs/cmake/ament_cmake_export_dependencies-extras.cmake
[0.603s] -- Up-to-date: /home/mondegrin/programs/slon/microros_ws/install/micro_ros_msgs/share/micro_ros_msgs/cmake/rosidl_cmake_export_typesupport_libraries-extras.cmake
[0.603s] -- Up-to-date: /home/mondegrin/programs/slon/microros_ws/install/micro_ros_msgs/share/micro_ros_msgs/cmake/micro_ros_msgsConfig.cmake
[0.603s] -- Up-to-date: /home/mondegrin/programs/slon/microros_ws/install/micro_ros_msgs/share/micro_ros_msgs/cmake/micro_ros_msgsConfig-version.cmake
[0.603s] -- Up-to-date: /home/mondegrin/programs/slon/microros_ws/install/micro_ros_msgs/share/micro_ros_msgs/package.xml
[0.608s] Invoked command in '/home/mondegrin/programs/slon/microros_ws/build/micro_ros_msgs' returned '0': CMAKE_PREFIX_PATH=${CMAKE_PREFIX_PATH}:/opt/ros/iron /usr/bin/cmake --install /home/mondegrin/programs/slon/microros_ws/build/micro_ros_msgs
