[0.631s] Invoking command in '/home/mondegrin/programs/slon/microros_ws/firmware/mcu_ws/build/microxrcedds_client': CMAKE_PREFIX_PATH=/home/mondegrin/programs/slon/microros_ws/firmware/mcu_ws/install:${CMAKE_PREFIX_PATH} PATH=/home/mondegrin/programs/slon/microros_ws/firmware/mcu_ws/install/bin:${PATH} PYTHONPATH=/home/mondegrin/programs/slon/microros_ws/firmware/mcu_ws/install/lib/python3.10/site-packages:${PYTHONPATH} /usr/bin/cmake --build /home/mondegrin/programs/slon/microros_ws/firmware/mcu_ws/build/microxrcedds_client -- -j16 -l16
[0.970s] gmake[4]: Entering directory '/home/mondegrin/programs/slon/microros_ws/firmware/mcu_ws/build/microxrcedds_client'
[0.975s] /usr/bin/cmake -S/home/mondegrin/programs/slon/microros_ws/firmware/mcu_ws/eProsima/Micro-XRCE-DDS-Client -B/home/mondegrin/programs/slon/microros_ws/firmware/mcu_ws/build/microxrcedds_client --check-build-system CMakeFiles/Makefile.cmake 0
[0.976s] Re-run cmake file: Makefile older than: /home/mondegrin/programs/slon/microros_ws/firmware/freertos_apps/microros_esp32_extensions/esp32_toolchain.cmake
[0.976s] -- Configuring done
[0.977s] -- Generating done
[0.977s] -- Build files have been written to: /home/mondegrin/programs/slon/microros_ws/firmware/mcu_ws/build/microxrcedds_client
[0.977s] /usr/bin/cmake -E cmake_progress_start /home/mondegrin/programs/slon/microros_ws/firmware/mcu_ws/build/microxrcedds_client/CMakeFiles /home/mondegrin/programs/slon/microros_ws/firmware/mcu_ws/build/microxrcedds_client//CMakeFiles/progress.marks
[0.977s] /usr/bin/gmake  -f CMakeFiles/Makefile2 all
[0.978s] gmake[5]: Entering directory '/home/mondegrin/programs/slon/microros_ws/firmware/mcu_ws/build/microxrcedds_client'
[0.978s] /usr/bin/gmake  -f CMakeFiles/microxrcedds_client.dir/build.make CMakeFiles/microxrcedds_client.dir/depend
[0.978s] gmake[6]: Entering directory '/home/mondegrin/programs/slon/microros_ws/firmware/mcu_ws/build/microxrcedds_client'
[0.978s] cd /home/mondegrin/programs/slon/microros_ws/firmware/mcu_ws/build/microxrcedds_client && /usr/bin/cmake -E cmake_depends "Unix Makefiles" /home/mondegrin/programs/slon/microros_ws/firmware/mcu_ws/eProsima/Micro-XRCE-DDS-Client /home/mondegrin/programs/slon/microros_ws/firmware/mcu_ws/eProsima/Micro-XRCE-DDS-Client /home/mondegrin/programs/slon/microros_ws/firmware/mcu_ws/build/microxrcedds_client /home/mondegrin/programs/slon/microros_ws/firmware/mcu_ws/build/microxrcedds_client /home/mondegrin/programs/slon/microros_ws/firmware/mcu_ws/build/microxrcedds_client/CMakeFiles/microxrcedds_client.dir/DependInfo.cmake --color=
[0.979s] Dependencies file "CMakeFiles/microxrcedds_client.dir/src/c/core/serialization/xrce_header.c.obj.d" is newer than depends file "/home/mondegrin/programs/slon/microros_ws/firmware/mcu_ws/build/microxrcedds_client/CMakeFiles/microxrcedds_client.dir/compiler_depend.internal".
[0.979s] Dependencies file "CMakeFiles/microxrcedds_client.dir/src/c/core/serialization/xrce_subheader.c.obj.d" is newer than depends file "/home/mondegrin/programs/slon/microros_ws/firmware/mcu_ws/build/microxrcedds_client/CMakeFiles/microxrcedds_client.dir/compiler_depend.internal".
[0.979s] Dependencies file "CMakeFiles/microxrcedds_client.dir/src/c/core/serialization/xrce_types.c.obj.d" is newer than depends file "/home/mondegrin/programs/slon/microros_ws/firmware/mcu_ws/build/microxrcedds_client/CMakeFiles/microxrcedds_client.dir/compiler_depend.internal".
[0.979s] Dependencies file "CMakeFiles/microxrcedds_client.dir/src/c/core/session/common_create_entities.c.obj.d" is newer than depends file "/home/mondegrin/programs/slon/microros_ws/firmware/mcu_ws/build/microxrcedds_client/CMakeFiles/microxrcedds_client.dir/compiler_depend.internal".
[0.980s] Dependencies file "CMakeFiles/microxrcedds_client.dir/src/c/core/session/create_entities_bin.c.obj.d" is newer than depends file "/home/mondegrin/programs/slon/microros_ws/firmware/mcu_ws/build/microxrcedds_client/CMakeFiles/microxrcedds_client.dir/compiler_depend.internal".
[0.980s] Dependencies file "CMakeFiles/microxrcedds_client.dir/src/c/core/session/create_entities_ref.c.obj.d" is newer than depends file "/home/mondegrin/programs/slon/microros_ws/firmware/mcu_ws/build/microxrcedds_client/CMakeFiles/microxrcedds_client.dir/compiler_depend.internal".
[0.980s] Dependencies file "CMakeFiles/microxrcedds_client.dir/src/c/core/session/create_entities_xml.c.obj.d" is newer than depends file "/home/mondegrin/programs/slon/microros_ws/firmware/mcu_ws/build/microxrcedds_client/CMakeFiles/microxrcedds_client.dir/compiler_depend.internal".
[0.981s] Dependencies file "CMakeFiles/microxrcedds_client.dir/src/c/core/session/object_id.c.obj.d" is newer than depends file "/home/mondegrin/programs/slon/microros_ws/firmware/mcu_ws/build/microxrcedds_client/CMakeFiles/microxrcedds_client.dir/compiler_depend.internal".
[0.983s] Dependencies file "CMakeFiles/microxrcedds_client.dir/src/c/core/session/read_access.c.obj.d" is newer than depends file "/home/mondegrin/programs/slon/microros_ws/firmware/mcu_ws/build/microxrcedds_client/CMakeFiles/microxrcedds_client.dir/compiler_depend.internal".
[0.985s] Dependencies file "CMakeFiles/microxrcedds_client.dir/src/c/core/session/session.c.obj.d" is newer than depends file "/home/mondegrin/programs/slon/microros_ws/firmware/mcu_ws/build/microxrcedds_client/CMakeFiles/microxrcedds_client.dir/compiler_depend.internal".
[0.985s] Dependencies file "CMakeFiles/microxrcedds_client.dir/src/c/core/session/session_info.c.obj.d" is newer than depends file "/home/mondegrin/programs/slon/microros_ws/firmware/mcu_ws/build/microxrcedds_client/CMakeFiles/microxrcedds_client.dir/compiler_depend.internal".
[0.986s] Dependencies file "CMakeFiles/microxrcedds_client.dir/src/c/core/session/stream/input_best_effort_stream.c.obj.d" is newer than depends file "/home/mondegrin/programs/slon/microros_ws/firmware/mcu_ws/build/microxrcedds_client/CMakeFiles/microxrcedds_client.dir/compiler_depend.internal".
[0.986s] Dependencies file "CMakeFiles/microxrcedds_client.dir/src/c/core/session/stream/input_reliable_stream.c.obj.d" is newer than depends file "/home/mondegrin/programs/slon/microros_ws/firmware/mcu_ws/build/microxrcedds_client/CMakeFiles/microxrcedds_client.dir/compiler_depend.internal".
[0.987s] Dependencies file "CMakeFiles/microxrcedds_client.dir/src/c/core/session/stream/output_best_effort_stream.c.obj.d" is newer than depends file "/home/mondegrin/programs/slon/microros_ws/firmware/mcu_ws/build/microxrcedds_client/CMakeFiles/microxrcedds_client.dir/compiler_depend.internal".
[0.988s] Dependencies file "CMakeFiles/microxrcedds_client.dir/src/c/core/session/stream/output_reliable_stream.c.obj.d" is newer than depends file "/home/mondegrin/programs/slon/microros_ws/firmware/mcu_ws/build/microxrcedds_client/CMakeFiles/microxrcedds_client.dir/compiler_depend.internal".
[0.988s] Dependencies file "CMakeFiles/microxrcedds_client.dir/src/c/core/session/stream/seq_num.c.obj.d" is newer than depends file "/home/mondegrin/programs/slon/microros_ws/firmware/mcu_ws/build/microxrcedds_client/CMakeFiles/microxrcedds_client.dir/compiler_depend.internal".
[0.989s] Dependencies file "CMakeFiles/microxrcedds_client.dir/src/c/core/session/stream/stream_id.c.obj.d" is newer than depends file "/home/mondegrin/programs/slon/microros_ws/firmware/mcu_ws/build/microxrcedds_client/CMakeFiles/microxrcedds_client.dir/compiler_depend.internal".
[0.989s] Dependencies file "CMakeFiles/microxrcedds_client.dir/src/c/core/session/stream/stream_storage.c.obj.d" is newer than depends file "/home/mondegrin/programs/slon/microros_ws/firmware/mcu_ws/build/microxrcedds_client/CMakeFiles/microxrcedds_client.dir/compiler_depend.internal".
[0.990s] Dependencies file "CMakeFiles/microxrcedds_client.dir/src/c/core/session/submessage.c.obj.d" is newer than depends file "/home/mondegrin/programs/slon/microros_ws/firmware/mcu_ws/build/microxrcedds_client/CMakeFiles/microxrcedds_client.dir/compiler_depend.internal".
[0.990s] Dependencies file "CMakeFiles/microxrcedds_client.dir/src/c/core/session/write_access.c.obj.d" is newer than depends file "/home/mondegrin/programs/slon/microros_ws/firmware/mcu_ws/build/microxrcedds_client/CMakeFiles/microxrcedds_client.dir/compiler_depend.internal".
[0.990s] Dependencies file "CMakeFiles/microxrcedds_client.dir/src/c/profile/transport/custom/custom_transport.c.obj.d" is newer than depends file "/home/mondegrin/programs/slon/microros_ws/firmware/mcu_ws/build/microxrcedds_client/CMakeFiles/microxrcedds_client.dir/compiler_depend.internal".
[0.990s] Dependencies file "CMakeFiles/microxrcedds_client.dir/src/c/profile/transport/stream_framing/stream_framing_protocol.c.obj.d" is newer than depends file "/home/mondegrin/programs/slon/microros_ws/firmware/mcu_ws/build/microxrcedds_client/CMakeFiles/microxrcedds_client.dir/compiler_depend.internal".
[0.993s] Dependencies file "CMakeFiles/microxrcedds_client.dir/src/c/util/ping.c.obj.d" is newer than depends file "/home/mondegrin/programs/slon/microros_ws/firmware/mcu_ws/build/microxrcedds_client/CMakeFiles/microxrcedds_client.dir/compiler_depend.internal".
[0.994s] Dependencies file "CMakeFiles/microxrcedds_client.dir/src/c/util/time.c.obj.d" is newer than depends file "/home/mondegrin/programs/slon/microros_ws/firmware/mcu_ws/build/microxrcedds_client/CMakeFiles/microxrcedds_client.dir/compiler_depend.internal".
[0.994s] [35m[1mConsolidate compiler generated dependencies of target microxrcedds_client[0m
[0.995s] gmake[6]: Leaving directory '/home/mondegrin/programs/slon/microros_ws/firmware/mcu_ws/build/microxrcedds_client'
[0.995s] /usr/bin/gmake  -f CMakeFiles/microxrcedds_client.dir/build.make CMakeFiles/microxrcedds_client.dir/build
[0.996s] gmake[6]: Entering directory '/home/mondegrin/programs/slon/microros_ws/firmware/mcu_ws/build/microxrcedds_client'
[0.997s] gmake[6]: Nothing to be done for 'CMakeFiles/microxrcedds_client.dir/build'.
[0.997s] gmake[6]: Leaving directory '/home/mondegrin/programs/slon/microros_ws/firmware/mcu_ws/build/microxrcedds_client'
[0.998s] [100%] Built target microxrcedds_client
[0.999s] gmake[5]: Leaving directory '/home/mondegrin/programs/slon/microros_ws/firmware/mcu_ws/build/microxrcedds_client'
[0.999s] /usr/bin/cmake -E cmake_progress_start /home/mondegrin/programs/slon/microros_ws/firmware/mcu_ws/build/microxrcedds_client/CMakeFiles 0
[1.000s] gmake[4]: Leaving directory '/home/mondegrin/programs/slon/microros_ws/firmware/mcu_ws/build/microxrcedds_client'
[1.304s] Invoked command in '/home/mondegrin/programs/slon/microros_ws/firmware/mcu_ws/build/microxrcedds_client' returned '0': CMAKE_PREFIX_PATH=/home/mondegrin/programs/slon/microros_ws/firmware/mcu_ws/install:${CMAKE_PREFIX_PATH} PATH=/home/mondegrin/programs/slon/microros_ws/firmware/mcu_ws/install/bin:${PATH} PYTHONPATH=/home/mondegrin/programs/slon/microros_ws/firmware/mcu_ws/install/lib/python3.10/site-packages:${PYTHONPATH} /usr/bin/cmake --build /home/mondegrin/programs/slon/microros_ws/firmware/mcu_ws/build/microxrcedds_client -- -j16 -l16
[1.576s] Invoking command in '/home/mondegrin/programs/slon/microros_ws/firmware/mcu_ws/build/microxrcedds_client': CMAKE_PREFIX_PATH=/home/mondegrin/programs/slon/microros_ws/firmware/mcu_ws/install:${CMAKE_PREFIX_PATH} PATH=/home/mondegrin/programs/slon/microros_ws/firmware/mcu_ws/install/bin:${PATH} PYTHONPATH=/home/mondegrin/programs/slon/microros_ws/firmware/mcu_ws/install/lib/python3.10/site-packages:${PYTHONPATH} /usr/bin/cmake --install /home/mondegrin/programs/slon/microros_ws/firmware/mcu_ws/build/microxrcedds_client
[1.994s] -- Install configuration: "Debug"
[1.995s] -- Up-to-date: /home/mondegrin/programs/slon/microros_ws/firmware/mcu_ws/install/lib/libmicroxrcedds_client.a
[1.995s] -- Up-to-date: /home/mondegrin/programs/slon/microros_ws/firmware/mcu_ws/install/include/uxr/client
[1.996s] -- Up-to-date: /home/mondegrin/programs/slon/microros_ws/firmware/mcu_ws/install/include/uxr/client/visibility.h
[1.997s] -- Up-to-date: /home/mondegrin/programs/slon/microros_ws/firmware/mcu_ws/install/include/uxr/client/profile
[1.997s] -- Up-to-date: /home/mondegrin/programs/slon/microros_ws/firmware/mcu_ws/install/include/uxr/client/profile/transport
[1.998s] -- Up-to-date: /home/mondegrin/programs/slon/microros_ws/firmware/mcu_ws/install/include/uxr/client/profile/transport/ip
[1.998s] -- Up-to-date: /home/mondegrin/programs/slon/microros_ws/firmware/mcu_ws/install/include/uxr/client/profile/transport/ip/udp
[1.998s] -- Up-to-date: /home/mondegrin/programs/slon/microros_ws/firmware/mcu_ws/install/include/uxr/client/profile/transport/ip/udp/udp_transport_windows.h
[1.998s] -- Up-to-date: /home/mondegrin/programs/slon/microros_ws/firmware/mcu_ws/install/include/uxr/client/profile/transport/ip/udp/udp_transport.h
[1.999s] -- Up-to-date: /home/mondegrin/programs/slon/microros_ws/firmware/mcu_ws/install/include/uxr/client/profile/transport/ip/udp/udp_transport_freertos_plus_tcp.h
[1.999s] -- Up-to-date: /home/mondegrin/programs/slon/microros_ws/firmware/mcu_ws/install/include/uxr/client/profile/transport/ip/udp/udp_transport_posix_nopoll.h
[1.999s] -- Up-to-date: /home/mondegrin/programs/slon/microros_ws/firmware/mcu_ws/install/include/uxr/client/profile/transport/ip/udp/udp_transport_rtems_bsd_net.h
[2.000s] -- Up-to-date: /home/mondegrin/programs/slon/microros_ws/firmware/mcu_ws/install/include/uxr/client/profile/transport/ip/udp/udp_transport_posix.h
[2.000s] -- Up-to-date: /home/mondegrin/programs/slon/microros_ws/firmware/mcu_ws/install/include/uxr/client/profile/transport/ip/ip.h
[2.000s] -- Up-to-date: /home/mondegrin/programs/slon/microros_ws/firmware/mcu_ws/install/include/uxr/client/profile/transport/ip/tcp
[2.000s] -- Up-to-date: /home/mondegrin/programs/slon/microros_ws/firmware/mcu_ws/install/include/uxr/client/profile/transport/ip/tcp/tcp_transport.h
[2.000s] -- Up-to-date: /home/mondegrin/programs/slon/microros_ws/firmware/mcu_ws/install/include/uxr/client/profile/transport/ip/tcp/tcp_transport_rtems_bsd_net.h
[2.000s] -- Up-to-date: /home/mondegrin/programs/slon/microros_ws/firmware/mcu_ws/install/include/uxr/client/profile/transport/ip/tcp/tcp_transport_posix.h
[2.000s] -- Up-to-date: /home/mondegrin/programs/slon/microros_ws/firmware/mcu_ws/install/include/uxr/client/profile/transport/ip/tcp/tcp_transport_posix_nopoll.h
[2.000s] -- Up-to-date: /home/mondegrin/programs/slon/microros_ws/firmware/mcu_ws/install/include/uxr/client/profile/transport/ip/tcp/tcp_transport_freertos_plus_tcp.h
[2.000s] -- Up-to-date: /home/mondegrin/programs/slon/microros_ws/firmware/mcu_ws/install/include/uxr/client/profile/transport/ip/tcp/tcp_transport_windows.h
[2.000s] -- Up-to-date: /home/mondegrin/programs/slon/microros_ws/firmware/mcu_ws/install/include/uxr/client/profile/transport/stream_framing
[2.001s] -- Up-to-date: /home/mondegrin/programs/slon/microros_ws/firmware/mcu_ws/install/include/uxr/client/profile/transport/stream_framing/stream_framing_protocol.h
[2.001s] -- Up-to-date: /home/mondegrin/programs/slon/microros_ws/firmware/mcu_ws/install/include/uxr/client/profile/transport/custom
[2.001s] -- Up-to-date: /home/mondegrin/programs/slon/microros_ws/firmware/mcu_ws/install/include/uxr/client/profile/transport/custom/custom_transport.h
[2.001s] -- Up-to-date: /home/mondegrin/programs/slon/microros_ws/firmware/mcu_ws/install/include/uxr/client/profile/transport/serial
[2.001s] -- Up-to-date: /home/mondegrin/programs/slon/microros_ws/firmware/mcu_ws/install/include/uxr/client/profile/transport/serial/serial_transport_posix.h
[2.001s] -- Up-to-date: /home/mondegrin/programs/slon/microros_ws/firmware/mcu_ws/install/include/uxr/client/profile/transport/serial/serial_transport_platform.h
[2.001s] -- Up-to-date: /home/mondegrin/programs/slon/microros_ws/firmware/mcu_ws/install/include/uxr/client/profile/transport/serial/serial_transport.h
[2.001s] -- Up-to-date: /home/mondegrin/programs/slon/microros_ws/firmware/mcu_ws/install/include/uxr/client/profile/transport/serial/serial_transport_rtems_bsd_net.h
[2.001s] -- Up-to-date: /home/mondegrin/programs/slon/microros_ws/firmware/mcu_ws/install/include/uxr/client/profile/transport/can
[2.001s] -- Up-to-date: /home/mondegrin/programs/slon/microros_ws/firmware/mcu_ws/install/include/uxr/client/profile/transport/can/can_transport.h
[2.002s] -- Up-to-date: /home/mondegrin/programs/slon/microros_ws/firmware/mcu_ws/install/include/uxr/client/profile/transport/can/can_transport_posix.h
[2.003s] -- Up-to-date: /home/mondegrin/programs/slon/microros_ws/firmware/mcu_ws/install/include/uxr/client/profile/discovery
[2.003s] -- Up-to-date: /home/mondegrin/programs/slon/microros_ws/firmware/mcu_ws/install/include/uxr/client/profile/discovery/discovery.h
[2.003s] -- Up-to-date: /home/mondegrin/programs/slon/microros_ws/firmware/mcu_ws/install/include/uxr/client/profile/multithread
[2.003s] -- Up-to-date: /home/mondegrin/programs/slon/microros_ws/firmware/mcu_ws/install/include/uxr/client/profile/multithread/multithread.h
[2.003s] -- Up-to-date: /home/mondegrin/programs/slon/microros_ws/firmware/mcu_ws/install/include/uxr/client/defines.h
[2.004s] -- Up-to-date: /home/mondegrin/programs/slon/microros_ws/firmware/mcu_ws/install/include/uxr/client/util
[2.004s] -- Up-to-date: /home/mondegrin/programs/slon/microros_ws/firmware/mcu_ws/install/include/uxr/client/util/ping.h
[2.004s] -- Up-to-date: /home/mondegrin/programs/slon/microros_ws/firmware/mcu_ws/install/include/uxr/client/util/time.h
[2.004s] -- Up-to-date: /home/mondegrin/programs/slon/microros_ws/firmware/mcu_ws/install/include/uxr/client/transport.h
[2.004s] -- Up-to-date: /home/mondegrin/programs/slon/microros_ws/firmware/mcu_ws/install/include/uxr/client/core
[2.004s] -- Up-to-date: /home/mondegrin/programs/slon/microros_ws/firmware/mcu_ws/install/include/uxr/client/core/type
[2.004s] -- Up-to-date: /home/mondegrin/programs/slon/microros_ws/firmware/mcu_ws/install/include/uxr/client/core/type/xrce_types.h
[2.004s] -- Up-to-date: /home/mondegrin/programs/slon/microros_ws/firmware/mcu_ws/install/include/uxr/client/core/session
[2.004s] -- Up-to-date: /home/mondegrin/programs/slon/microros_ws/firmware/mcu_ws/install/include/uxr/client/core/session/time_sync.h
[2.004s] -- Up-to-date: /home/mondegrin/programs/slon/microros_ws/firmware/mcu_ws/install/include/uxr/client/core/session/session_info.h
[2.004s] -- Up-to-date: /home/mondegrin/programs/slon/microros_ws/firmware/mcu_ws/install/include/uxr/client/core/session/create_entities_ref.h
[2.004s] -- Up-to-date: /home/mondegrin/programs/slon/microros_ws/firmware/mcu_ws/install/include/uxr/client/core/session/read_access.h
[2.004s] -- Up-to-date: /home/mondegrin/programs/slon/microros_ws/firmware/mcu_ws/install/include/uxr/client/core/session/write_access.h
[2.005s] -- Up-to-date: /home/mondegrin/programs/slon/microros_ws/firmware/mcu_ws/install/include/uxr/client/core/session/object_id.h
[2.005s] -- Up-to-date: /home/mondegrin/programs/slon/microros_ws/firmware/mcu_ws/install/include/uxr/client/core/session/create_entities_bin.h
[2.005s] -- Up-to-date: /home/mondegrin/programs/slon/microros_ws/firmware/mcu_ws/install/include/uxr/client/core/session/create_entities_xml.h
[2.005s] -- Up-to-date: /home/mondegrin/programs/slon/microros_ws/firmware/mcu_ws/install/include/uxr/client/core/session/session.h
[2.005s] -- Up-to-date: /home/mondegrin/programs/slon/microros_ws/firmware/mcu_ws/install/include/uxr/client/core/session/common_create_entities.h
[2.005s] -- Up-to-date: /home/mondegrin/programs/slon/microros_ws/firmware/mcu_ws/install/include/uxr/client/core/session/stream
[2.005s] -- Up-to-date: /home/mondegrin/programs/slon/microros_ws/firmware/mcu_ws/install/include/uxr/client/core/session/stream/input_reliable_stream.h
[2.008s] -- Up-to-date: /home/mondegrin/programs/slon/microros_ws/firmware/mcu_ws/install/include/uxr/client/core/session/stream/input_best_effort_stream.h
[2.008s] -- Up-to-date: /home/mondegrin/programs/slon/microros_ws/firmware/mcu_ws/install/include/uxr/client/core/session/stream/stream_storage.h
[2.008s] -- Up-to-date: /home/mondegrin/programs/slon/microros_ws/firmware/mcu_ws/install/include/uxr/client/core/session/stream/output_reliable_stream.h
[2.008s] -- Up-to-date: /home/mondegrin/programs/slon/microros_ws/firmware/mcu_ws/install/include/uxr/client/core/session/stream/seq_num.h
[2.008s] -- Up-to-date: /home/mondegrin/programs/slon/microros_ws/firmware/mcu_ws/install/include/uxr/client/core/session/stream/stream_id.h
[2.008s] -- Up-to-date: /home/mondegrin/programs/slon/microros_ws/firmware/mcu_ws/install/include/uxr/client/core/session/stream/output_best_effort_stream.h
[2.008s] -- Up-to-date: /home/mondegrin/programs/slon/microros_ws/firmware/mcu_ws/install/include/uxr/client/core/session/stream/reliable_stream.h
[2.008s] -- Up-to-date: /home/mondegrin/programs/slon/microros_ws/firmware/mcu_ws/install/include/uxr/client/core/communication
[2.009s] -- Up-to-date: /home/mondegrin/programs/slon/microros_ws/firmware/mcu_ws/install/include/uxr/client/core/communication/communication.h
[2.009s] -- Up-to-date: /home/mondegrin/programs/slon/microros_ws/firmware/mcu_ws/install/include/uxr/client/client.h
[2.009s] -- Up-to-date: /home/mondegrin/programs/slon/microros_ws/firmware/mcu_ws/install/include/uxr/client/config.h
[2.009s] -- Up-to-date: /home/mondegrin/programs/slon/microros_ws/firmware/mcu_ws/install/share/microxrcedds_client/cmake/microxrcedds_clientTargets.cmake
[2.009s] -- Up-to-date: /home/mondegrin/programs/slon/microros_ws/firmware/mcu_ws/install/share/microxrcedds_client/cmake/microxrcedds_clientTargets-debug.cmake
[2.009s] -- Up-to-date: /home/mondegrin/programs/slon/microros_ws/firmware/mcu_ws/install/share/microxrcedds_client/cmake/microxrcedds_clientConfig.cmake
[2.009s] -- Up-to-date: /home/mondegrin/programs/slon/microros_ws/firmware/mcu_ws/install/share/microxrcedds_client/cmake/microxrcedds_clientConfigVersion.cmake
[2.590s] Invoked command in '/home/mondegrin/programs/slon/microros_ws/firmware/mcu_ws/build/microxrcedds_client' returned '0': CMAKE_PREFIX_PATH=/home/mondegrin/programs/slon/microros_ws/firmware/mcu_ws/install:${CMAKE_PREFIX_PATH} PATH=/home/mondegrin/programs/slon/microros_ws/firmware/mcu_ws/install/bin:${PATH} PYTHONPATH=/home/mondegrin/programs/slon/microros_ws/firmware/mcu_ws/install/lib/python3.10/site-packages:${PYTHONPATH} /usr/bin/cmake --install /home/mondegrin/programs/slon/microros_ws/firmware/mcu_ws/build/microxrcedds_client
