gmake[4]: Entering directory '/home/mondegrin/programs/slon/microros_ws/firmware/mcu_ws/build/gps'
/usr/bin/cmake -S/home/mondegrin/programs/slon/microros_ws/firmware/mcu_ws/gps -B/home/mondegrin/programs/slon/microros_ws/firmware/mcu_ws/build/gps --check-build-system CMakeFiles/Makefile.cmake 0
Re-run cmake file: Makefile older than: /home/mondegrin/programs/slon/microros_ws/firmware/freertos_apps/microros_esp32_extensions/esp32_toolchain.cmake
-- Found ament_cmake: 2.0.3 (/home/mondegrin/programs/slon/microros_ws/firmware/dev_ws/install/ament_cmake/share/ament_cmake/cmake)
-- Found std_msgs: 5.0.0 (/home/mondegrin/programs/slon/microros_ws/firmware/mcu_ws/install/share/std_msgs/cmake)
-- Using all available rosidl_typesupport_c: rosidl_typesupport_introspection_c;rosidl_typesupport_microxrcedds_c
-- Found rosidl_adapter: 4.0.1 (/home/mondegrin/programs/slon/microros_ws/firmware/mcu_ws/install/share/rosidl_adapter/cmake)
-- Found std_srvs: 5.0.0 (/home/mondegrin/programs/slon/microros_ws/firmware/mcu_ws/install/share/std_srvs/cmake)
-- Found rosidl_default_generators: 1.5.0 (/home/mondegrin/programs/slon/microros_ws/firmware/mcu_ws/install/share/rosidl_default_generators/cmake)
-- Found ament_cmake_ros: 0.11.2 (/home/mondegrin/programs/slon/microros_ws/firmware/dev_ws/install/ament_cmake_ros/share/ament_cmake_ros/cmake)
-- Using all available rosidl_typesupport_c: rosidl_typesupport_introspection_c;rosidl_typesupport_microxrcedds_c
-- Configuring done
-- Generating done
-- Build files have been written to: /home/mondegrin/programs/slon/microros_ws/firmware/mcu_ws/build/gps
/usr/bin/cmake -E cmake_progress_start /home/mondegrin/programs/slon/microros_ws/firmware/mcu_ws/build/gps/CMakeFiles /home/mondegrin/programs/slon/microros_ws/firmware/mcu_ws/build/gps//CMakeFiles/progress.marks
/usr/bin/gmake  -f CMakeFiles/Makefile2 all
gmake[5]: Entering directory '/home/mondegrin/programs/slon/microros_ws/firmware/mcu_ws/build/gps'
/usr/bin/gmake  -f CMakeFiles/gps__rosidl_generator_type_description.dir/build.make CMakeFiles/gps__rosidl_generator_type_description.dir/depend
gmake[6]: Entering directory '/home/mondegrin/programs/slon/microros_ws/firmware/mcu_ws/build/gps'
cd /home/mondegrin/programs/slon/microros_ws/firmware/mcu_ws/build/gps && /usr/bin/cmake -E cmake_depends "Unix Makefiles" /home/mondegrin/programs/slon/microros_ws/firmware/mcu_ws/gps /home/mondegrin/programs/slon/microros_ws/firmware/mcu_ws/gps /home/mondegrin/programs/slon/microros_ws/firmware/mcu_ws/build/gps /home/mondegrin/programs/slon/microros_ws/firmware/mcu_ws/build/gps /home/mondegrin/programs/slon/microros_ws/firmware/mcu_ws/build/gps/CMakeFiles/gps__rosidl_generator_type_description.dir/DependInfo.cmake --color=
gmake[6]: Leaving directory '/home/mondegrin/programs/slon/microros_ws/firmware/mcu_ws/build/gps'
/usr/bin/gmake  -f CMakeFiles/gps__rosidl_generator_type_description.dir/build.make CMakeFiles/gps__rosidl_generator_type_description.dir/build
gmake[6]: Entering directory '/home/mondegrin/programs/slon/microros_ws/firmware/mcu_ws/build/gps'
[  6%] [34m[1mGenerating type hashes for ROS interfaces[0m
/home/mondegrin/programs/slon/microros_ws/firmware/toolchain/espressif/python_env/idf4.1_py3.10_env/bin/python3.10 /home/mondegrin/programs/slon/microros_ws/firmware/mcu_ws/install/lib/rosidl_generator_type_description/rosidl_generator_type_description --generator-arguments-file /home/mondegrin/programs/slon/microros_ws/firmware/mcu_ws/build/gps/rosidl_generator_type_description__arguments.json
gmake[6]: Leaving directory '/home/mondegrin/programs/slon/microros_ws/firmware/mcu_ws/build/gps'
gmake[5]: Leaving directory '/home/mondegrin/programs/slon/microros_ws/firmware/mcu_ws/build/gps'
gmake[4]: Leaving directory '/home/mondegrin/programs/slon/microros_ws/firmware/mcu_ws/build/gps'
