[0.168s] Invoking command in '/home/mondegrin/programs/slon/microros_ws/firmware/mcu_ws/build/rmw': AMENT_PREFIX_PATH=/home/mondegrin/programs/slon/microros_ws/firmware/mcu_ws/install:${AMENT_PREFIX_PATH} CMAKE_PREFIX_PATH=/home/mondegrin/programs/slon/microros_ws/firmware/mcu_ws/install:/home/mondegrin/programs/slon/microros_ws/firmware/dev_ws/install/ament_lint_common:/home/mondegrin/programs/slon/microros_ws/firmware/dev_ws/install/ament_cmake_uncrustify:/home/mondegrin/programs/slon/microros_ws/firmware/dev_ws/install/uncrustify_vendor:/home/mondegrin/programs/slon/microros_ws/firmware/dev_ws/install/ament_cmake_ros:/home/mondegrin/programs/slon/microros_ws/firmware/dev_ws/install/ament_cmake_gmock:/home/mondegrin/programs/slon/microros_ws/firmware/dev_ws/install/gmock_vendor:/home/mondegrin/programs/slon/microros_ws/firmware/dev_ws/install/ament_cmake_auto:/home/mondegrin/programs/slon/microros_ws/firmware/dev_ws/install/ament_cmake_gtest:/home/mondegrin/programs/slon/microros_ws/firmware/dev_ws/install/gtest_vendor:/home/mondegrin/programs/slon/microros_ws/firmware/dev_ws/install/ament_cmake_xmllint:/home/mondegrin/programs/slon/microros_ws/firmware/dev_ws/install/ament_cmake_pyflakes:/home/mondegrin/programs/slon/microros_ws/firmware/dev_ws/install/ament_cmake_pycodestyle:/home/mondegrin/programs/slon/microros_ws/firmware/dev_ws/install/ament_cmake_pep257:/home/mondegrin/programs/slon/microros_ws/firmware/dev_ws/install/ament_cmake_pclint:/home/mondegrin/programs/slon/microros_ws/firmware/dev_ws/install/ament_lint_auto:/home/mondegrin/programs/slon/microros_ws/firmware/dev_ws/install/ament_cmake:/home/mondegrin/programs/slon/microros_ws/firmware/dev_ws/install/ament_cmake_version:/home/mondegrin/programs/slon/microros_ws/firmware/dev_ws/install/ament_cmake_vendor_package:/home/mondegrin/programs/slon/microros_ws/firmware/dev_ws/install/ament_cmake_pytest:/home/mondegrin/programs/slon/microros_ws/firmware/dev_ws/install/ament_cmake_mypy:/home/mondegrin/programs/slon/microros_ws/firmware/dev_ws/install/ament_cmake_lint_cmake:/home/mondegrin/programs/slon/microros_ws/firmware/dev_ws/install/ament_cmake_google_benchmark:/home/mondegrin/programs/slon/microros_ws/firmware/dev_ws/install/ament_cmake_flake8:/home/mondegrin/programs/slon/microros_ws/firmware/dev_ws/install/ament_cmake_cpplint:/home/mondegrin/programs/slon/microros_ws/firmware/dev_ws/install/ament_cmake_cppcheck:/home/mondegrin/programs/slon/microros_ws/firmware/dev_ws/install/ament_cmake_copyright:/home/mondegrin/programs/slon/microros_ws/firmware/dev_ws/install/ament_cmake_clang_tidy:/home/mondegrin/programs/slon/microros_ws/firmware/dev_ws/install/ament_cmake_clang_format:/home/mondegrin/programs/slon/microros_ws/firmware/dev_ws/install/ament_cmake_test:/home/mondegrin/programs/slon/microros_ws/firmware/dev_ws/install/ament_cmake_target_dependencies:/home/mondegrin/programs/slon/microros_ws/firmware/dev_ws/install/ament_cmake_python:/home/mondegrin/programs/slon/microros_ws/firmware/dev_ws/install/ament_cmake_export_dependencies:/home/mondegrin/programs/slon/microros_ws/firmware/dev_ws/install/ament_cmake_libraries:/home/mondegrin/programs/slon/microros_ws/firmware/dev_ws/install/ament_cmake_include_directories:/home/mondegrin/programs/slon/microros_ws/firmware/dev_ws/install/ament_cmake_gen_version_h:/home/mondegrin/programs/slon/microros_ws/firmware/dev_ws/install/ament_cmake_export_targets:/home/mondegrin/programs/slon/microros_ws/firmware/dev_ws/install/ament_cmake_export_link_flags:/home/mondegrin/programs/slon/microros_ws/firmware/dev_ws/install/ament_cmake_export_interfaces:/home/mondegrin/programs/slon/microros_ws/firmware/dev_ws/install/ament_cmake_export_libraries:/home/mondegrin/programs/slon/microros_ws/firmware/dev_ws/install/ament_cmake_export_include_directories:/home/mondegrin/programs/slon/microros_ws/firmware/dev_ws/install/ament_cmake_export_definitions:/home/mondegrin/programs/slon/microros_ws/firmware/dev_ws/install/ament_cmake_core:/home/mondegrin/programs/slon/microros_ws/firmware/dev_ws/install/ament_index_cpp:/home/mondegrin/programs/slon/microros_ws/firmware/dev_ws/install/ament_uncrustify:/home/mondegrin/programs/slon/microros_ws/firmware/dev_ws/install/domain_coordinator:/home/mondegrin/programs/slon/microros_ws/firmware/dev_ws/install/ament_xmllint:/home/mondegrin/programs/slon/microros_ws/firmware/dev_ws/install/ament_pyflakes:/home/mondegrin/programs/slon/microros_ws/firmware/dev_ws/install/ament_pycodestyle:/home/mondegrin/programs/slon/microros_ws/firmware/dev_ws/install/ament_pep257:/home/mondegrin/programs/slon/microros_ws/firmware/dev_ws/install/ament_pclint:/home/mondegrin/programs/slon/microros_ws/firmware/dev_ws/install/ament_package:/home/mondegrin/programs/slon/microros_ws/firmware/dev_ws/install/ament_mypy:/home/mondegrin/programs/slon/microros_ws/firmware/dev_ws/install/ament_lint_cmake:/home/mondegrin/programs/slon/microros_ws/firmware/dev_ws/install/ament_flake8:/home/mondegrin/programs/slon/microros_ws/firmware/dev_ws/install/ament_copyright:/home/mondegrin/programs/slon/microros_ws/firmware/dev_ws/install/ament_lint:/home/mondegrin/programs/slon/microros_ws/firmware/dev_ws/install/ament_index_python:/home/mondegrin/programs/slon/microros_ws/firmware/dev_ws/install/ament_cpplint:/home/mondegrin/programs/slon/microros_ws/firmware/dev_ws/install/ament_cppcheck:/home/mondegrin/programs/slon/microros_ws/firmware/dev_ws/install/ament_clang_tidy:/home/mondegrin/programs/slon/microros_ws/firmware/dev_ws/install/ament_clang_format LD_LIBRARY_PATH=/home/mondegrin/programs/slon/microros_ws/firmware/mcu_ws/install/lib:${LD_LIBRARY_PATH} PATH=/home/mondegrin/programs/slon/microros_ws/firmware/mcu_ws/install/bin:${PATH} PYTHONPATH=/home/mondegrin/programs/slon/microros_ws/firmware/mcu_ws/install/lib/python3.10/site-packages:${PYTHONPATH} /usr/bin/cmake --build /home/mondegrin/programs/slon/microros_ws/firmware/mcu_ws/build/rmw -- -j16 -l16
[0.188s] gmake[4]: Entering directory '/home/mondegrin/programs/slon/microros_ws/firmware/mcu_ws/build/rmw'
[0.189s] /usr/bin/cmake -S/home/mondegrin/programs/slon/microros_ws/firmware/mcu_ws/ros2/rmw/rmw -B/home/mondegrin/programs/slon/microros_ws/firmware/mcu_ws/build/rmw --check-build-system CMakeFiles/Makefile.cmake 0
[0.201s] Re-run cmake file: Makefile older than: /home/mondegrin/programs/slon/microros_ws/firmware/freertos_apps/microros_esp32_extensions/esp32_toolchain.cmake
[0.209s] -- Found ament_cmake_ros: 0.11.2 (/home/mondegrin/programs/slon/microros_ws/firmware/dev_ws/install/ament_cmake_ros/share/ament_cmake_ros/cmake)
[0.546s] -- Found rcutils: 6.2.2 (/home/mondegrin/programs/slon/microros_ws/firmware/mcu_ws/install/share/rcutils/cmake)
[0.570s] [33mCMake Warning at /home/mondegrin/programs/slon/microros_ws/firmware/mcu_ws/install/share/rcutils/cmake/ament_cmake_export_libraries-extras.cmake:116 (message):
[0.571s]   Package 'rcutils' exports library 'dl' which couldn't be found
[0.573s] Call Stack (most recent call first):
[0.575s]   /home/mondegrin/programs/slon/microros_ws/firmware/mcu_ws/install/share/rcutils/cmake/rcutilsConfig.cmake:41 (include)
[0.575s]   CMakeLists.txt:22 (find_package)
[0.575s] 
[0.576s] [0m
[0.576s] -- Found rosidl_dynamic_typesupport: 0.0.5 (/home/mondegrin/programs/slon/microros_ws/firmware/mcu_ws/install/share/rosidl_dynamic_typesupport/cmake)
[0.749s] -- Configuring done
[0.764s] -- Generating done
[0.766s] -- Build files have been written to: /home/mondegrin/programs/slon/microros_ws/firmware/mcu_ws/build/rmw
[0.773s] /usr/bin/cmake -E cmake_progress_start /home/mondegrin/programs/slon/microros_ws/firmware/mcu_ws/build/rmw/CMakeFiles /home/mondegrin/programs/slon/microros_ws/firmware/mcu_ws/build/rmw//CMakeFiles/progress.marks
[0.783s] /usr/bin/gmake  -f CMakeFiles/Makefile2 all
[0.789s] gmake[5]: Entering directory '/home/mondegrin/programs/slon/microros_ws/firmware/mcu_ws/build/rmw'
[0.789s] /usr/bin/gmake  -f CMakeFiles/rmw.dir/build.make CMakeFiles/rmw.dir/depend
[0.791s] gmake[6]: Entering directory '/home/mondegrin/programs/slon/microros_ws/firmware/mcu_ws/build/rmw'
[0.795s] cd /home/mondegrin/programs/slon/microros_ws/firmware/mcu_ws/build/rmw && /usr/bin/cmake -E cmake_depends "Unix Makefiles" /home/mondegrin/programs/slon/microros_ws/firmware/mcu_ws/ros2/rmw/rmw /home/mondegrin/programs/slon/microros_ws/firmware/mcu_ws/ros2/rmw/rmw /home/mondegrin/programs/slon/microros_ws/firmware/mcu_ws/build/rmw /home/mondegrin/programs/slon/microros_ws/firmware/mcu_ws/build/rmw /home/mondegrin/programs/slon/microros_ws/firmware/mcu_ws/build/rmw/CMakeFiles/rmw.dir/DependInfo.cmake --color=
[0.799s] Dependencies file "CMakeFiles/rmw.dir/src/allocators.c.obj.d" is newer than depends file "/home/mondegrin/programs/slon/microros_ws/firmware/mcu_ws/build/rmw/CMakeFiles/rmw.dir/compiler_depend.internal".
[0.800s] Dependencies file "CMakeFiles/rmw.dir/src/convert_rcutils_ret_to_rmw_ret.c.obj.d" is newer than depends file "/home/mondegrin/programs/slon/microros_ws/firmware/mcu_ws/build/rmw/CMakeFiles/rmw.dir/compiler_depend.internal".
[0.801s] Dependencies file "CMakeFiles/rmw.dir/src/discovery_options.c.obj.d" is newer than depends file "/home/mondegrin/programs/slon/microros_ws/firmware/mcu_ws/build/rmw/CMakeFiles/rmw.dir/compiler_depend.internal".
[0.801s] Dependencies file "CMakeFiles/rmw.dir/src/event.c.obj.d" is newer than depends file "/home/mondegrin/programs/slon/microros_ws/firmware/mcu_ws/build/rmw/CMakeFiles/rmw.dir/compiler_depend.internal".
[0.802s] Dependencies file "CMakeFiles/rmw.dir/src/init.c.obj.d" is newer than depends file "/home/mondegrin/programs/slon/microros_ws/firmware/mcu_ws/build/rmw/CMakeFiles/rmw.dir/compiler_depend.internal".
[0.804s] Dependencies file "CMakeFiles/rmw.dir/src/init_options.c.obj.d" is newer than depends file "/home/mondegrin/programs/slon/microros_ws/firmware/mcu_ws/build/rmw/CMakeFiles/rmw.dir/compiler_depend.internal".
[0.804s] Dependencies file "CMakeFiles/rmw.dir/src/message_sequence.c.obj.d" is newer than depends file "/home/mondegrin/programs/slon/microros_ws/firmware/mcu_ws/build/rmw/CMakeFiles/rmw.dir/compiler_depend.internal".
[0.806s] Dependencies file "CMakeFiles/rmw.dir/src/names_and_types.c.obj.d" is newer than depends file "/home/mondegrin/programs/slon/microros_ws/firmware/mcu_ws/build/rmw/CMakeFiles/rmw.dir/compiler_depend.internal".
[0.807s] Dependencies file "CMakeFiles/rmw.dir/src/network_flow_endpoint.c.obj.d" is newer than depends file "/home/mondegrin/programs/slon/microros_ws/firmware/mcu_ws/build/rmw/CMakeFiles/rmw.dir/compiler_depend.internal".
[0.807s] Dependencies file "CMakeFiles/rmw.dir/src/network_flow_endpoint_array.c.obj.d" is newer than depends file "/home/mondegrin/programs/slon/microros_ws/firmware/mcu_ws/build/rmw/CMakeFiles/rmw.dir/compiler_depend.internal".
[0.813s] Dependencies file "CMakeFiles/rmw.dir/src/publisher_options.c.obj.d" is newer than depends file "/home/mondegrin/programs/slon/microros_ws/firmware/mcu_ws/build/rmw/CMakeFiles/rmw.dir/compiler_depend.internal".
[0.813s] Dependencies file "CMakeFiles/rmw.dir/src/qos_string_conversions.c.obj.d" is newer than depends file "/home/mondegrin/programs/slon/microros_ws/firmware/mcu_ws/build/rmw/CMakeFiles/rmw.dir/compiler_depend.internal".
[0.816s] Dependencies file "CMakeFiles/rmw.dir/src/sanity_checks.c.obj.d" is newer than depends file "/home/mondegrin/programs/slon/microros_ws/firmware/mcu_ws/build/rmw/CMakeFiles/rmw.dir/compiler_depend.internal".
[0.818s] Dependencies file "CMakeFiles/rmw.dir/src/security_options.c.obj.d" is newer than depends file "/home/mondegrin/programs/slon/microros_ws/firmware/mcu_ws/build/rmw/CMakeFiles/rmw.dir/compiler_depend.internal".
[0.819s] Dependencies file "CMakeFiles/rmw.dir/src/subscription_content_filter_options.c.obj.d" is newer than depends file "/home/mondegrin/programs/slon/microros_ws/firmware/mcu_ws/build/rmw/CMakeFiles/rmw.dir/compiler_depend.internal".
[0.819s] Dependencies file "CMakeFiles/rmw.dir/src/subscription_options.c.obj.d" is newer than depends file "/home/mondegrin/programs/slon/microros_ws/firmware/mcu_ws/build/rmw/CMakeFiles/rmw.dir/compiler_depend.internal".
[0.821s] Dependencies file "CMakeFiles/rmw.dir/src/time.c.obj.d" is newer than depends file "/home/mondegrin/programs/slon/microros_ws/firmware/mcu_ws/build/rmw/CMakeFiles/rmw.dir/compiler_depend.internal".
[0.821s] Dependencies file "CMakeFiles/rmw.dir/src/topic_endpoint_info.c.obj.d" is newer than depends file "/home/mondegrin/programs/slon/microros_ws/firmware/mcu_ws/build/rmw/CMakeFiles/rmw.dir/compiler_depend.internal".
[0.821s] Dependencies file "CMakeFiles/rmw.dir/src/topic_endpoint_info_array.c.obj.d" is newer than depends file "/home/mondegrin/programs/slon/microros_ws/firmware/mcu_ws/build/rmw/CMakeFiles/rmw.dir/compiler_depend.internal".
[0.823s] Dependencies file "CMakeFiles/rmw.dir/src/types.c.obj.d" is newer than depends file "/home/mondegrin/programs/slon/microros_ws/firmware/mcu_ws/build/rmw/CMakeFiles/rmw.dir/compiler_depend.internal".
[0.824s] Dependencies file "CMakeFiles/rmw.dir/src/validate_full_topic_name.c.obj.d" is newer than depends file "/home/mondegrin/programs/slon/microros_ws/firmware/mcu_ws/build/rmw/CMakeFiles/rmw.dir/compiler_depend.internal".
[0.824s] Dependencies file "CMakeFiles/rmw.dir/src/validate_namespace.c.obj.d" is newer than depends file "/home/mondegrin/programs/slon/microros_ws/firmware/mcu_ws/build/rmw/CMakeFiles/rmw.dir/compiler_depend.internal".
[0.824s] Dependencies file "CMakeFiles/rmw.dir/src/validate_node_name.c.obj.d" is newer than depends file "/home/mondegrin/programs/slon/microros_ws/firmware/mcu_ws/build/rmw/CMakeFiles/rmw.dir/compiler_depend.internal".
[0.825s] [35m[1mConsolidate compiler generated dependencies of target rmw[0m
[0.825s] gmake[6]: Leaving directory '/home/mondegrin/programs/slon/microros_ws/firmware/mcu_ws/build/rmw'
[0.825s] /usr/bin/gmake  -f CMakeFiles/rmw.dir/build.make CMakeFiles/rmw.dir/build
[0.826s] gmake[6]: Entering directory '/home/mondegrin/programs/slon/microros_ws/firmware/mcu_ws/build/rmw'
[0.826s] gmake[6]: Nothing to be done for 'CMakeFiles/rmw.dir/build'.
[0.826s] gmake[6]: Leaving directory '/home/mondegrin/programs/slon/microros_ws/firmware/mcu_ws/build/rmw'
[0.837s] [100%] Built target rmw
[0.843s] gmake[5]: Leaving directory '/home/mondegrin/programs/slon/microros_ws/firmware/mcu_ws/build/rmw'
[0.844s] /usr/bin/cmake -E cmake_progress_start /home/mondegrin/programs/slon/microros_ws/firmware/mcu_ws/build/rmw/CMakeFiles 0
[0.849s] gmake[4]: Leaving directory '/home/mondegrin/programs/slon/microros_ws/firmware/mcu_ws/build/rmw'
[1.070s] Invoked command in '/home/mondegrin/programs/slon/microros_ws/firmware/mcu_ws/build/rmw' returned '0': AMENT_PREFIX_PATH=/home/mondegrin/programs/slon/microros_ws/firmware/mcu_ws/install:${AMENT_PREFIX_PATH} CMAKE_PREFIX_PATH=/home/mondegrin/programs/slon/microros_ws/firmware/mcu_ws/install:/home/mondegrin/programs/slon/microros_ws/firmware/dev_ws/install/ament_lint_common:/home/mondegrin/programs/slon/microros_ws/firmware/dev_ws/install/ament_cmake_uncrustify:/home/mondegrin/programs/slon/microros_ws/firmware/dev_ws/install/uncrustify_vendor:/home/mondegrin/programs/slon/microros_ws/firmware/dev_ws/install/ament_cmake_ros:/home/mondegrin/programs/slon/microros_ws/firmware/dev_ws/install/ament_cmake_gmock:/home/mondegrin/programs/slon/microros_ws/firmware/dev_ws/install/gmock_vendor:/home/mondegrin/programs/slon/microros_ws/firmware/dev_ws/install/ament_cmake_auto:/home/mondegrin/programs/slon/microros_ws/firmware/dev_ws/install/ament_cmake_gtest:/home/mondegrin/programs/slon/microros_ws/firmware/dev_ws/install/gtest_vendor:/home/mondegrin/programs/slon/microros_ws/firmware/dev_ws/install/ament_cmake_xmllint:/home/mondegrin/programs/slon/microros_ws/firmware/dev_ws/install/ament_cmake_pyflakes:/home/mondegrin/programs/slon/microros_ws/firmware/dev_ws/install/ament_cmake_pycodestyle:/home/mondegrin/programs/slon/microros_ws/firmware/dev_ws/install/ament_cmake_pep257:/home/mondegrin/programs/slon/microros_ws/firmware/dev_ws/install/ament_cmake_pclint:/home/mondegrin/programs/slon/microros_ws/firmware/dev_ws/install/ament_lint_auto:/home/mondegrin/programs/slon/microros_ws/firmware/dev_ws/install/ament_cmake:/home/mondegrin/programs/slon/microros_ws/firmware/dev_ws/install/ament_cmake_version:/home/mondegrin/programs/slon/microros_ws/firmware/dev_ws/install/ament_cmake_vendor_package:/home/mondegrin/programs/slon/microros_ws/firmware/dev_ws/install/ament_cmake_pytest:/home/mondegrin/programs/slon/microros_ws/firmware/dev_ws/install/ament_cmake_mypy:/home/mondegrin/programs/slon/microros_ws/firmware/dev_ws/install/ament_cmake_lint_cmake:/home/mondegrin/programs/slon/microros_ws/firmware/dev_ws/install/ament_cmake_google_benchmark:/home/mondegrin/programs/slon/microros_ws/firmware/dev_ws/install/ament_cmake_flake8:/home/mondegrin/programs/slon/microros_ws/firmware/dev_ws/install/ament_cmake_cpplint:/home/mondegrin/programs/slon/microros_ws/firmware/dev_ws/install/ament_cmake_cppcheck:/home/mondegrin/programs/slon/microros_ws/firmware/dev_ws/install/ament_cmake_copyright:/home/mondegrin/programs/slon/microros_ws/firmware/dev_ws/install/ament_cmake_clang_tidy:/home/mondegrin/programs/slon/microros_ws/firmware/dev_ws/install/ament_cmake_clang_format:/home/mondegrin/programs/slon/microros_ws/firmware/dev_ws/install/ament_cmake_test:/home/mondegrin/programs/slon/microros_ws/firmware/dev_ws/install/ament_cmake_target_dependencies:/home/mondegrin/programs/slon/microros_ws/firmware/dev_ws/install/ament_cmake_python:/home/mondegrin/programs/slon/microros_ws/firmware/dev_ws/install/ament_cmake_export_dependencies:/home/mondegrin/programs/slon/microros_ws/firmware/dev_ws/install/ament_cmake_libraries:/home/mondegrin/programs/slon/microros_ws/firmware/dev_ws/install/ament_cmake_include_directories:/home/mondegrin/programs/slon/microros_ws/firmware/dev_ws/install/ament_cmake_gen_version_h:/home/mondegrin/programs/slon/microros_ws/firmware/dev_ws/install/ament_cmake_export_targets:/home/mondegrin/programs/slon/microros_ws/firmware/dev_ws/install/ament_cmake_export_link_flags:/home/mondegrin/programs/slon/microros_ws/firmware/dev_ws/install/ament_cmake_export_interfaces:/home/mondegrin/programs/slon/microros_ws/firmware/dev_ws/install/ament_cmake_export_libraries:/home/mondegrin/programs/slon/microros_ws/firmware/dev_ws/install/ament_cmake_export_include_directories:/home/mondegrin/programs/slon/microros_ws/firmware/dev_ws/install/ament_cmake_export_definitions:/home/mondegrin/programs/slon/microros_ws/firmware/dev_ws/install/ament_cmake_core:/home/mondegrin/programs/slon/microros_ws/firmware/dev_ws/install/ament_index_cpp:/home/mondegrin/programs/slon/microros_ws/firmware/dev_ws/install/ament_uncrustify:/home/mondegrin/programs/slon/microros_ws/firmware/dev_ws/install/domain_coordinator:/home/mondegrin/programs/slon/microros_ws/firmware/dev_ws/install/ament_xmllint:/home/mondegrin/programs/slon/microros_ws/firmware/dev_ws/install/ament_pyflakes:/home/mondegrin/programs/slon/microros_ws/firmware/dev_ws/install/ament_pycodestyle:/home/mondegrin/programs/slon/microros_ws/firmware/dev_ws/install/ament_pep257:/home/mondegrin/programs/slon/microros_ws/firmware/dev_ws/install/ament_pclint:/home/mondegrin/programs/slon/microros_ws/firmware/dev_ws/install/ament_package:/home/mondegrin/programs/slon/microros_ws/firmware/dev_ws/install/ament_mypy:/home/mondegrin/programs/slon/microros_ws/firmware/dev_ws/install/ament_lint_cmake:/home/mondegrin/programs/slon/microros_ws/firmware/dev_ws/install/ament_flake8:/home/mondegrin/programs/slon/microros_ws/firmware/dev_ws/install/ament_copyright:/home/mondegrin/programs/slon/microros_ws/firmware/dev_ws/install/ament_lint:/home/mondegrin/programs/slon/microros_ws/firmware/dev_ws/install/ament_index_python:/home/mondegrin/programs/slon/microros_ws/firmware/dev_ws/install/ament_cpplint:/home/mondegrin/programs/slon/microros_ws/firmware/dev_ws/install/ament_cppcheck:/home/mondegrin/programs/slon/microros_ws/firmware/dev_ws/install/ament_clang_tidy:/home/mondegrin/programs/slon/microros_ws/firmware/dev_ws/install/ament_clang_format LD_LIBRARY_PATH=/home/mondegrin/programs/slon/microros_ws/firmware/mcu_ws/install/lib:${LD_LIBRARY_PATH} PATH=/home/mondegrin/programs/slon/microros_ws/firmware/mcu_ws/install/bin:${PATH} PYTHONPATH=/home/mondegrin/programs/slon/microros_ws/firmware/mcu_ws/install/lib/python3.10/site-packages:${PYTHONPATH} /usr/bin/cmake --build /home/mondegrin/programs/slon/microros_ws/firmware/mcu_ws/build/rmw -- -j16 -l16
[1.168s] Invoking command in '/home/mondegrin/programs/slon/microros_ws/firmware/mcu_ws/build/rmw': AMENT_PREFIX_PATH=/home/mondegrin/programs/slon/microros_ws/firmware/mcu_ws/install:${AMENT_PREFIX_PATH} CMAKE_PREFIX_PATH=/home/mondegrin/programs/slon/microros_ws/firmware/mcu_ws/install:/home/mondegrin/programs/slon/microros_ws/firmware/dev_ws/install/ament_lint_common:/home/mondegrin/programs/slon/microros_ws/firmware/dev_ws/install/ament_cmake_uncrustify:/home/mondegrin/programs/slon/microros_ws/firmware/dev_ws/install/uncrustify_vendor:/home/mondegrin/programs/slon/microros_ws/firmware/dev_ws/install/ament_cmake_ros:/home/mondegrin/programs/slon/microros_ws/firmware/dev_ws/install/ament_cmake_gmock:/home/mondegrin/programs/slon/microros_ws/firmware/dev_ws/install/gmock_vendor:/home/mondegrin/programs/slon/microros_ws/firmware/dev_ws/install/ament_cmake_auto:/home/mondegrin/programs/slon/microros_ws/firmware/dev_ws/install/ament_cmake_gtest:/home/mondegrin/programs/slon/microros_ws/firmware/dev_ws/install/gtest_vendor:/home/mondegrin/programs/slon/microros_ws/firmware/dev_ws/install/ament_cmake_xmllint:/home/mondegrin/programs/slon/microros_ws/firmware/dev_ws/install/ament_cmake_pyflakes:/home/mondegrin/programs/slon/microros_ws/firmware/dev_ws/install/ament_cmake_pycodestyle:/home/mondegrin/programs/slon/microros_ws/firmware/dev_ws/install/ament_cmake_pep257:/home/mondegrin/programs/slon/microros_ws/firmware/dev_ws/install/ament_cmake_pclint:/home/mondegrin/programs/slon/microros_ws/firmware/dev_ws/install/ament_lint_auto:/home/mondegrin/programs/slon/microros_ws/firmware/dev_ws/install/ament_cmake:/home/mondegrin/programs/slon/microros_ws/firmware/dev_ws/install/ament_cmake_version:/home/mondegrin/programs/slon/microros_ws/firmware/dev_ws/install/ament_cmake_vendor_package:/home/mondegrin/programs/slon/microros_ws/firmware/dev_ws/install/ament_cmake_pytest:/home/mondegrin/programs/slon/microros_ws/firmware/dev_ws/install/ament_cmake_mypy:/home/mondegrin/programs/slon/microros_ws/firmware/dev_ws/install/ament_cmake_lint_cmake:/home/mondegrin/programs/slon/microros_ws/firmware/dev_ws/install/ament_cmake_google_benchmark:/home/mondegrin/programs/slon/microros_ws/firmware/dev_ws/install/ament_cmake_flake8:/home/mondegrin/programs/slon/microros_ws/firmware/dev_ws/install/ament_cmake_cpplint:/home/mondegrin/programs/slon/microros_ws/firmware/dev_ws/install/ament_cmake_cppcheck:/home/mondegrin/programs/slon/microros_ws/firmware/dev_ws/install/ament_cmake_copyright:/home/mondegrin/programs/slon/microros_ws/firmware/dev_ws/install/ament_cmake_clang_tidy:/home/mondegrin/programs/slon/microros_ws/firmware/dev_ws/install/ament_cmake_clang_format:/home/mondegrin/programs/slon/microros_ws/firmware/dev_ws/install/ament_cmake_test:/home/mondegrin/programs/slon/microros_ws/firmware/dev_ws/install/ament_cmake_target_dependencies:/home/mondegrin/programs/slon/microros_ws/firmware/dev_ws/install/ament_cmake_python:/home/mondegrin/programs/slon/microros_ws/firmware/dev_ws/install/ament_cmake_export_dependencies:/home/mondegrin/programs/slon/microros_ws/firmware/dev_ws/install/ament_cmake_libraries:/home/mondegrin/programs/slon/microros_ws/firmware/dev_ws/install/ament_cmake_include_directories:/home/mondegrin/programs/slon/microros_ws/firmware/dev_ws/install/ament_cmake_gen_version_h:/home/mondegrin/programs/slon/microros_ws/firmware/dev_ws/install/ament_cmake_export_targets:/home/mondegrin/programs/slon/microros_ws/firmware/dev_ws/install/ament_cmake_export_link_flags:/home/mondegrin/programs/slon/microros_ws/firmware/dev_ws/install/ament_cmake_export_interfaces:/home/mondegrin/programs/slon/microros_ws/firmware/dev_ws/install/ament_cmake_export_libraries:/home/mondegrin/programs/slon/microros_ws/firmware/dev_ws/install/ament_cmake_export_include_directories:/home/mondegrin/programs/slon/microros_ws/firmware/dev_ws/install/ament_cmake_export_definitions:/home/mondegrin/programs/slon/microros_ws/firmware/dev_ws/install/ament_cmake_core:/home/mondegrin/programs/slon/microros_ws/firmware/dev_ws/install/ament_index_cpp:/home/mondegrin/programs/slon/microros_ws/firmware/dev_ws/install/ament_uncrustify:/home/mondegrin/programs/slon/microros_ws/firmware/dev_ws/install/domain_coordinator:/home/mondegrin/programs/slon/microros_ws/firmware/dev_ws/install/ament_xmllint:/home/mondegrin/programs/slon/microros_ws/firmware/dev_ws/install/ament_pyflakes:/home/mondegrin/programs/slon/microros_ws/firmware/dev_ws/install/ament_pycodestyle:/home/mondegrin/programs/slon/microros_ws/firmware/dev_ws/install/ament_pep257:/home/mondegrin/programs/slon/microros_ws/firmware/dev_ws/install/ament_pclint:/home/mondegrin/programs/slon/microros_ws/firmware/dev_ws/install/ament_package:/home/mondegrin/programs/slon/microros_ws/firmware/dev_ws/install/ament_mypy:/home/mondegrin/programs/slon/microros_ws/firmware/dev_ws/install/ament_lint_cmake:/home/mondegrin/programs/slon/microros_ws/firmware/dev_ws/install/ament_flake8:/home/mondegrin/programs/slon/microros_ws/firmware/dev_ws/install/ament_copyright:/home/mondegrin/programs/slon/microros_ws/firmware/dev_ws/install/ament_lint:/home/mondegrin/programs/slon/microros_ws/firmware/dev_ws/install/ament_index_python:/home/mondegrin/programs/slon/microros_ws/firmware/dev_ws/install/ament_cpplint:/home/mondegrin/programs/slon/microros_ws/firmware/dev_ws/install/ament_cppcheck:/home/mondegrin/programs/slon/microros_ws/firmware/dev_ws/install/ament_clang_tidy:/home/mondegrin/programs/slon/microros_ws/firmware/dev_ws/install/ament_clang_format LD_LIBRARY_PATH=/home/mondegrin/programs/slon/microros_ws/firmware/mcu_ws/install/lib:${LD_LIBRARY_PATH} PATH=/home/mondegrin/programs/slon/microros_ws/firmware/mcu_ws/install/bin:${PATH} PYTHONPATH=/home/mondegrin/programs/slon/microros_ws/firmware/mcu_ws/install/lib/python3.10/site-packages:${PYTHONPATH} /usr/bin/cmake --install /home/mondegrin/programs/slon/microros_ws/firmware/mcu_ws/build/rmw
[1.175s] -- Install configuration: "Debug"
[1.175s] -- Up-to-date: /home/mondegrin/programs/slon/microros_ws/firmware/mcu_ws/install/share/rmw/environment/library_path.sh
[1.176s] -- Up-to-date: /home/mondegrin/programs/slon/microros_ws/firmware/mcu_ws/install/share/rmw/environment/library_path.dsv
[1.176s] -- Up-to-date: /home/mondegrin/programs/slon/microros_ws/firmware/mcu_ws/install/share/ament_index/resource_index/package_run_dependencies/rmw
[1.177s] -- Up-to-date: /home/mondegrin/programs/slon/microros_ws/firmware/mcu_ws/install/share/ament_index/resource_index/parent_prefix_path/rmw
[1.177s] -- Up-to-date: /home/mondegrin/programs/slon/microros_ws/firmware/mcu_ws/install/share/rmw/environment/ament_prefix_path.sh
[1.177s] -- Up-to-date: /home/mondegrin/programs/slon/microros_ws/firmware/mcu_ws/install/share/rmw/environment/ament_prefix_path.dsv
[1.177s] -- Up-to-date: /home/mondegrin/programs/slon/microros_ws/firmware/mcu_ws/install/share/rmw/environment/path.sh
[1.177s] -- Up-to-date: /home/mondegrin/programs/slon/microros_ws/firmware/mcu_ws/install/share/rmw/environment/path.dsv
[1.178s] -- Up-to-date: /home/mondegrin/programs/slon/microros_ws/firmware/mcu_ws/install/share/rmw/local_setup.bash
[1.178s] -- Up-to-date: /home/mondegrin/programs/slon/microros_ws/firmware/mcu_ws/install/share/rmw/local_setup.sh
[1.179s] -- Up-to-date: /home/mondegrin/programs/slon/microros_ws/firmware/mcu_ws/install/share/rmw/local_setup.zsh
[1.179s] -- Up-to-date: /home/mondegrin/programs/slon/microros_ws/firmware/mcu_ws/install/share/rmw/local_setup.dsv
[1.180s] -- Installing: /home/mondegrin/programs/slon/microros_ws/firmware/mcu_ws/install/share/rmw/package.dsv
[1.181s] -- Up-to-date: /home/mondegrin/programs/slon/microros_ws/firmware/mcu_ws/install/share/ament_index/resource_index/packages/rmw
[1.183s] -- Up-to-date: /home/mondegrin/programs/slon/microros_ws/firmware/mcu_ws/install/share/rmw/cmake/rmwExport.cmake
[1.184s] -- Up-to-date: /home/mondegrin/programs/slon/microros_ws/firmware/mcu_ws/install/share/rmw/cmake/rmwExport-debug.cmake
[1.184s] -- Up-to-date: /home/mondegrin/programs/slon/microros_ws/firmware/mcu_ws/install/share/rmw/cmake/rmw-extras.cmake
[1.185s] -- Up-to-date: /home/mondegrin/programs/slon/microros_ws/firmware/mcu_ws/install/share/rmw/cmake/ament_cmake_export_dependencies-extras.cmake
[1.188s] -- Up-to-date: /home/mondegrin/programs/slon/microros_ws/firmware/mcu_ws/install/share/rmw/cmake/ament_cmake_export_include_directories-extras.cmake
[1.189s] -- Up-to-date: /home/mondegrin/programs/slon/microros_ws/firmware/mcu_ws/install/share/rmw/cmake/ament_cmake_export_libraries-extras.cmake
[1.190s] -- Up-to-date: /home/mondegrin/programs/slon/microros_ws/firmware/mcu_ws/install/share/rmw/cmake/ament_cmake_export_targets-extras.cmake
[1.190s] -- Up-to-date: /home/mondegrin/programs/slon/microros_ws/firmware/mcu_ws/install/share/rmw/cmake/rmwConfig.cmake
[1.190s] -- Up-to-date: /home/mondegrin/programs/slon/microros_ws/firmware/mcu_ws/install/share/rmw/cmake/rmwConfig-version.cmake
[1.191s] -- Up-to-date: /home/mondegrin/programs/slon/microros_ws/firmware/mcu_ws/install/share/rmw/package.xml
[1.192s] -- Up-to-date: /home/mondegrin/programs/slon/microros_ws/firmware/mcu_ws/install/share/rmw/cmake
[1.196s] -- Up-to-date: /home/mondegrin/programs/slon/microros_ws/firmware/mcu_ws/install/share/rmw/cmake/get_rmw_typesupport.cmake
[1.199s] -- Up-to-date: /home/mondegrin/programs/slon/microros_ws/firmware/mcu_ws/install/share/rmw/cmake/register_rmw_implementation.cmake
[1.200s] -- Up-to-date: /home/mondegrin/programs/slon/microros_ws/firmware/mcu_ws/install/share/rmw/cmake/configure_rmw_library.cmake
[1.200s] -- Up-to-date: /home/mondegrin/programs/slon/microros_ws/firmware/mcu_ws/install/include/rmw
[1.201s] -- Up-to-date: /home/mondegrin/programs/slon/microros_ws/firmware/mcu_ws/install/include/rmw/rmw
[1.204s] -- Up-to-date: /home/mondegrin/programs/slon/microros_ws/firmware/mcu_ws/install/include/rmw/rmw/publisher_options.h
[1.205s] -- Up-to-date: /home/mondegrin/programs/slon/microros_ws/firmware/mcu_ws/install/include/rmw/rmw/init_options.h
[1.205s] -- Up-to-date: /home/mondegrin/programs/slon/microros_ws/firmware/mcu_ws/install/include/rmw/rmw/ret_types.h
[1.206s] -- Up-to-date: /home/mondegrin/programs/slon/microros_ws/firmware/mcu_ws/install/include/rmw/rmw/init.h
[1.207s] -- Up-to-date: /home/mondegrin/programs/slon/microros_ws/firmware/mcu_ws/install/include/rmw/rmw/topic_endpoint_info.h
[1.207s] -- Up-to-date: /home/mondegrin/programs/slon/microros_ws/firmware/mcu_ws/install/include/rmw/rmw/serialized_message.h
[1.208s] -- Up-to-date: /home/mondegrin/programs/slon/microros_ws/firmware/mcu_ws/install/include/rmw/rmw/names_and_types.h
[1.208s] -- Up-to-date: /home/mondegrin/programs/slon/microros_ws/firmware/mcu_ws/install/include/rmw/rmw/qos_policy_kind.h
[1.211s] -- Up-to-date: /home/mondegrin/programs/slon/microros_ws/firmware/mcu_ws/install/include/rmw/rmw/validate_full_topic_name.h
[1.212s] -- Up-to-date: /home/mondegrin/programs/slon/microros_ws/firmware/mcu_ws/install/include/rmw/rmw/discovery_options.h
[1.212s] -- Up-to-date: /home/mondegrin/programs/slon/microros_ws/firmware/mcu_ws/install/include/rmw/rmw/get_topic_endpoint_info.h
[1.213s] -- Up-to-date: /home/mondegrin/programs/slon/microros_ws/firmware/mcu_ws/install/include/rmw/rmw/get_topic_names_and_types.h
[1.213s] -- Up-to-date: /home/mondegrin/programs/slon/microros_ws/firmware/mcu_ws/install/include/rmw/rmw/message_sequence.h
[1.214s] -- Up-to-date: /home/mondegrin/programs/slon/microros_ws/firmware/mcu_ws/install/include/rmw/rmw/types.h
[1.214s] -- Up-to-date: /home/mondegrin/programs/slon/microros_ws/firmware/mcu_ws/install/include/rmw/rmw/event.h
[1.215s] -- Up-to-date: /home/mondegrin/programs/slon/microros_ws/firmware/mcu_ws/install/include/rmw/rmw/incompatible_qos_events_statuses.h
[1.215s] -- Up-to-date: /home/mondegrin/programs/slon/microros_ws/firmware/mcu_ws/install/include/rmw/rmw/impl
[1.216s] -- Up-to-date: /home/mondegrin/programs/slon/microros_ws/firmware/mcu_ws/install/include/rmw/rmw/impl/cpp
[1.216s] -- Up-to-date: /home/mondegrin/programs/slon/microros_ws/firmware/mcu_ws/install/include/rmw/rmw/impl/cpp/macros.hpp
[1.216s] -- Up-to-date: /home/mondegrin/programs/slon/microros_ws/firmware/mcu_ws/install/include/rmw/rmw/impl/cpp/demangle.hpp
[1.216s] -- Up-to-date: /home/mondegrin/programs/slon/microros_ws/firmware/mcu_ws/install/include/rmw/rmw/impl/cpp/key_value.hpp
[1.217s] -- Up-to-date: /home/mondegrin/programs/slon/microros_ws/firmware/mcu_ws/install/include/rmw/rmw/impl/config.h
[1.217s] -- Up-to-date: /home/mondegrin/programs/slon/microros_ws/firmware/mcu_ws/install/include/rmw/rmw/qos_string_conversions.h
[1.217s] -- Up-to-date: /home/mondegrin/programs/slon/microros_ws/firmware/mcu_ws/install/include/rmw/rmw/error_handling.h
[1.217s] -- Up-to-date: /home/mondegrin/programs/slon/microros_ws/firmware/mcu_ws/install/include/rmw/rmw/visibility_control.h
[1.217s] -- Up-to-date: /home/mondegrin/programs/slon/microros_ws/firmware/mcu_ws/install/include/rmw/rmw/topic_endpoint_info_array.h
[1.218s] -- Up-to-date: /home/mondegrin/programs/slon/microros_ws/firmware/mcu_ws/install/include/rmw/rmw/get_network_flow_endpoints.h
[1.218s] -- Up-to-date: /home/mondegrin/programs/slon/microros_ws/firmware/mcu_ws/install/include/rmw/rmw/events_statuses
[1.218s] -- Up-to-date: /home/mondegrin/programs/slon/microros_ws/firmware/mcu_ws/install/include/rmw/rmw/events_statuses/liveliness_lost.h
[1.218s] -- Up-to-date: /home/mondegrin/programs/slon/microros_ws/firmware/mcu_ws/install/include/rmw/rmw/events_statuses/message_lost.h
[1.218s] -- Up-to-date: /home/mondegrin/programs/slon/microros_ws/firmware/mcu_ws/install/include/rmw/rmw/events_statuses/incompatible_type.h
[1.218s] -- Up-to-date: /home/mondegrin/programs/slon/microros_ws/firmware/mcu_ws/install/include/rmw/rmw/events_statuses/requested_deadline_missed.h
[1.219s] -- Up-to-date: /home/mondegrin/programs/slon/microros_ws/firmware/mcu_ws/install/include/rmw/rmw/events_statuses/events_statuses.h
[1.219s] -- Up-to-date: /home/mondegrin/programs/slon/microros_ws/firmware/mcu_ws/install/include/rmw/rmw/events_statuses/liveliness_changed.h
[1.219s] -- Up-to-date: /home/mondegrin/programs/slon/microros_ws/firmware/mcu_ws/install/include/rmw/rmw/events_statuses/incompatible_qos.h
[1.219s] -- Up-to-date: /home/mondegrin/programs/slon/microros_ws/firmware/mcu_ws/install/include/rmw/rmw/events_statuses/matched.h
[1.219s] -- Up-to-date: /home/mondegrin/programs/slon/microros_ws/firmware/mcu_ws/install/include/rmw/rmw/events_statuses/offered_deadline_missed.h
[1.225s] -- Up-to-date: /home/mondegrin/programs/slon/microros_ws/firmware/mcu_ws/install/include/rmw/rmw/allocators.h
[1.226s] -- Up-to-date: /home/mondegrin/programs/slon/microros_ws/firmware/mcu_ws/install/include/rmw/rmw/macros.h
[1.226s] -- Up-to-date: /home/mondegrin/programs/slon/microros_ws/firmware/mcu_ws/install/include/rmw/rmw/validate_node_name.h
[1.227s] -- Up-to-date: /home/mondegrin/programs/slon/microros_ws/firmware/mcu_ws/install/include/rmw/rmw/subscription_options.h
[1.229s] -- Up-to-date: /home/mondegrin/programs/slon/microros_ws/firmware/mcu_ws/install/include/rmw/rmw/get_service_names_and_types.h
[1.229s] -- Up-to-date: /home/mondegrin/programs/slon/microros_ws/firmware/mcu_ws/install/include/rmw/rmw/validate_namespace.h
[1.229s] -- Up-to-date: /home/mondegrin/programs/slon/microros_ws/firmware/mcu_ws/install/include/rmw/rmw/sanity_checks.h
[1.230s] -- Up-to-date: /home/mondegrin/programs/slon/microros_ws/firmware/mcu_ws/install/include/rmw/rmw/subscription_content_filter_options.h
[1.234s] -- Up-to-date: /home/mondegrin/programs/slon/microros_ws/firmware/mcu_ws/install/include/rmw/rmw/rmw.h
[1.238s] -- Up-to-date: /home/mondegrin/programs/slon/microros_ws/firmware/mcu_ws/install/include/rmw/rmw/time.h
[1.245s] -- Up-to-date: /home/mondegrin/programs/slon/microros_ws/firmware/mcu_ws/install/include/rmw/rmw/network_flow_endpoint.h
[1.246s] -- Up-to-date: /home/mondegrin/programs/slon/microros_ws/firmware/mcu_ws/install/include/rmw/rmw/localhost.h
[1.246s] -- Up-to-date: /home/mondegrin/programs/slon/microros_ws/firmware/mcu_ws/install/include/rmw/rmw/check_type_identifiers_match.h
[1.246s] -- Up-to-date: /home/mondegrin/programs/slon/microros_ws/firmware/mcu_ws/install/include/rmw/rmw/features.h
[1.247s] -- Up-to-date: /home/mondegrin/programs/slon/microros_ws/firmware/mcu_ws/install/include/rmw/rmw/domain_id.h
[1.247s] -- Up-to-date: /home/mondegrin/programs/slon/microros_ws/firmware/mcu_ws/install/include/rmw/rmw/event_callback_type.h
[1.248s] -- Up-to-date: /home/mondegrin/programs/slon/microros_ws/firmware/mcu_ws/install/include/rmw/rmw/dynamic_message_type_support.h
[1.248s] -- Up-to-date: /home/mondegrin/programs/slon/microros_ws/firmware/mcu_ws/install/include/rmw/rmw/qos_profiles.h
[1.248s] -- Up-to-date: /home/mondegrin/programs/slon/microros_ws/firmware/mcu_ws/install/include/rmw/rmw/get_node_info_and_types.h
[1.248s] -- Up-to-date: /home/mondegrin/programs/slon/microros_ws/firmware/mcu_ws/install/include/rmw/rmw/security_options.h
[1.248s] -- Up-to-date: /home/mondegrin/programs/slon/microros_ws/firmware/mcu_ws/install/include/rmw/rmw/convert_rcutils_ret_to_rmw_ret.h
[1.254s] -- Up-to-date: /home/mondegrin/programs/slon/microros_ws/firmware/mcu_ws/install/include/rmw/rmw/network_flow_endpoint_array.h
[1.254s] -- Up-to-date: /home/mondegrin/programs/slon/microros_ws/firmware/mcu_ws/install/lib/librmw.a
[1.256s] Invoked command in '/home/mondegrin/programs/slon/microros_ws/firmware/mcu_ws/build/rmw' returned '0': AMENT_PREFIX_PATH=/home/mondegrin/programs/slon/microros_ws/firmware/mcu_ws/install:${AMENT_PREFIX_PATH} CMAKE_PREFIX_PATH=/home/mondegrin/programs/slon/microros_ws/firmware/mcu_ws/install:/home/mondegrin/programs/slon/microros_ws/firmware/dev_ws/install/ament_lint_common:/home/mondegrin/programs/slon/microros_ws/firmware/dev_ws/install/ament_cmake_uncrustify:/home/mondegrin/programs/slon/microros_ws/firmware/dev_ws/install/uncrustify_vendor:/home/mondegrin/programs/slon/microros_ws/firmware/dev_ws/install/ament_cmake_ros:/home/mondegrin/programs/slon/microros_ws/firmware/dev_ws/install/ament_cmake_gmock:/home/mondegrin/programs/slon/microros_ws/firmware/dev_ws/install/gmock_vendor:/home/mondegrin/programs/slon/microros_ws/firmware/dev_ws/install/ament_cmake_auto:/home/mondegrin/programs/slon/microros_ws/firmware/dev_ws/install/ament_cmake_gtest:/home/mondegrin/programs/slon/microros_ws/firmware/dev_ws/install/gtest_vendor:/home/mondegrin/programs/slon/microros_ws/firmware/dev_ws/install/ament_cmake_xmllint:/home/mondegrin/programs/slon/microros_ws/firmware/dev_ws/install/ament_cmake_pyflakes:/home/mondegrin/programs/slon/microros_ws/firmware/dev_ws/install/ament_cmake_pycodestyle:/home/mondegrin/programs/slon/microros_ws/firmware/dev_ws/install/ament_cmake_pep257:/home/mondegrin/programs/slon/microros_ws/firmware/dev_ws/install/ament_cmake_pclint:/home/mondegrin/programs/slon/microros_ws/firmware/dev_ws/install/ament_lint_auto:/home/mondegrin/programs/slon/microros_ws/firmware/dev_ws/install/ament_cmake:/home/mondegrin/programs/slon/microros_ws/firmware/dev_ws/install/ament_cmake_version:/home/mondegrin/programs/slon/microros_ws/firmware/dev_ws/install/ament_cmake_vendor_package:/home/mondegrin/programs/slon/microros_ws/firmware/dev_ws/install/ament_cmake_pytest:/home/mondegrin/programs/slon/microros_ws/firmware/dev_ws/install/ament_cmake_mypy:/home/mondegrin/programs/slon/microros_ws/firmware/dev_ws/install/ament_cmake_lint_cmake:/home/mondegrin/programs/slon/microros_ws/firmware/dev_ws/install/ament_cmake_google_benchmark:/home/mondegrin/programs/slon/microros_ws/firmware/dev_ws/install/ament_cmake_flake8:/home/mondegrin/programs/slon/microros_ws/firmware/dev_ws/install/ament_cmake_cpplint:/home/mondegrin/programs/slon/microros_ws/firmware/dev_ws/install/ament_cmake_cppcheck:/home/mondegrin/programs/slon/microros_ws/firmware/dev_ws/install/ament_cmake_copyright:/home/mondegrin/programs/slon/microros_ws/firmware/dev_ws/install/ament_cmake_clang_tidy:/home/mondegrin/programs/slon/microros_ws/firmware/dev_ws/install/ament_cmake_clang_format:/home/mondegrin/programs/slon/microros_ws/firmware/dev_ws/install/ament_cmake_test:/home/mondegrin/programs/slon/microros_ws/firmware/dev_ws/install/ament_cmake_target_dependencies:/home/mondegrin/programs/slon/microros_ws/firmware/dev_ws/install/ament_cmake_python:/home/mondegrin/programs/slon/microros_ws/firmware/dev_ws/install/ament_cmake_export_dependencies:/home/mondegrin/programs/slon/microros_ws/firmware/dev_ws/install/ament_cmake_libraries:/home/mondegrin/programs/slon/microros_ws/firmware/dev_ws/install/ament_cmake_include_directories:/home/mondegrin/programs/slon/microros_ws/firmware/dev_ws/install/ament_cmake_gen_version_h:/home/mondegrin/programs/slon/microros_ws/firmware/dev_ws/install/ament_cmake_export_targets:/home/mondegrin/programs/slon/microros_ws/firmware/dev_ws/install/ament_cmake_export_link_flags:/home/mondegrin/programs/slon/microros_ws/firmware/dev_ws/install/ament_cmake_export_interfaces:/home/mondegrin/programs/slon/microros_ws/firmware/dev_ws/install/ament_cmake_export_libraries:/home/mondegrin/programs/slon/microros_ws/firmware/dev_ws/install/ament_cmake_export_include_directories:/home/mondegrin/programs/slon/microros_ws/firmware/dev_ws/install/ament_cmake_export_definitions:/home/mondegrin/programs/slon/microros_ws/firmware/dev_ws/install/ament_cmake_core:/home/mondegrin/programs/slon/microros_ws/firmware/dev_ws/install/ament_index_cpp:/home/mondegrin/programs/slon/microros_ws/firmware/dev_ws/install/ament_uncrustify:/home/mondegrin/programs/slon/microros_ws/firmware/dev_ws/install/domain_coordinator:/home/mondegrin/programs/slon/microros_ws/firmware/dev_ws/install/ament_xmllint:/home/mondegrin/programs/slon/microros_ws/firmware/dev_ws/install/ament_pyflakes:/home/mondegrin/programs/slon/microros_ws/firmware/dev_ws/install/ament_pycodestyle:/home/mondegrin/programs/slon/microros_ws/firmware/dev_ws/install/ament_pep257:/home/mondegrin/programs/slon/microros_ws/firmware/dev_ws/install/ament_pclint:/home/mondegrin/programs/slon/microros_ws/firmware/dev_ws/install/ament_package:/home/mondegrin/programs/slon/microros_ws/firmware/dev_ws/install/ament_mypy:/home/mondegrin/programs/slon/microros_ws/firmware/dev_ws/install/ament_lint_cmake:/home/mondegrin/programs/slon/microros_ws/firmware/dev_ws/install/ament_flake8:/home/mondegrin/programs/slon/microros_ws/firmware/dev_ws/install/ament_copyright:/home/mondegrin/programs/slon/microros_ws/firmware/dev_ws/install/ament_lint:/home/mondegrin/programs/slon/microros_ws/firmware/dev_ws/install/ament_index_python:/home/mondegrin/programs/slon/microros_ws/firmware/dev_ws/install/ament_cpplint:/home/mondegrin/programs/slon/microros_ws/firmware/dev_ws/install/ament_cppcheck:/home/mondegrin/programs/slon/microros_ws/firmware/dev_ws/install/ament_clang_tidy:/home/mondegrin/programs/slon/microros_ws/firmware/dev_ws/install/ament_clang_format LD_LIBRARY_PATH=/home/mondegrin/programs/slon/microros_ws/firmware/mcu_ws/install/lib:${LD_LIBRARY_PATH} PATH=/home/mondegrin/programs/slon/microros_ws/firmware/mcu_ws/install/bin:${PATH} PYTHONPATH=/home/mondegrin/programs/slon/microros_ws/firmware/mcu_ws/install/lib/python3.10/site-packages:${PYTHONPATH} /usr/bin/cmake --install /home/mondegrin/programs/slon/microros_ws/firmware/mcu_ws/build/rmw
