[0.782s] Invoking command in '/home/mondegrin/programs/slon/microros_ws/firmware/mcu_ws/ros2/ros2_tracing/ros2trace': AMENT_PREFIX_PATH=/home/mondegrin/programs/slon/microros_ws/firmware/mcu_ws/install:${AMENT_PREFIX_PATH} CMAKE_PREFIX_PATH=/home/mondegrin/programs/slon/microros_ws/firmware/mcu_ws/install:${CMAKE_PREFIX_PATH} PATH=/home/mondegrin/programs/slon/microros_ws/firmware/mcu_ws/install/bin:${PATH} PYTHONPATH=/home/mondegrin/programs/slon/microros_ws/firmware/mcu_ws/build/ros2trace/prefix_override:/home/mondegrin/programs/slon/microros_ws/firmware/mcu_ws/install/lib/python3.10/site-packages:/home/mondegrin/programs/slon/microros_ws/firmware/mcu_ws/install/lib/python3.10/site-packages:${PYTHONPATH} /usr/bin/python3 setup.py egg_info --egg-base ../../../build/ros2trace build --build-base /home/mondegrin/programs/slon/microros_ws/firmware/mcu_ws/build/ros2trace/build install --record /home/mondegrin/programs/slon/microros_ws/firmware/mcu_ws/build/ros2trace/install.log --single-version-externally-managed
[1.013s] running egg_info
[1.014s] writing ../../../build/ros2trace/ros2trace.egg-info/PKG-INFO
[1.014s] writing dependency_links to ../../../build/ros2trace/ros2trace.egg-info/dependency_links.txt
[1.014s] writing entry points to ../../../build/ros2trace/ros2trace.egg-info/entry_points.txt
[1.015s] writing requirements to ../../../build/ros2trace/ros2trace.egg-info/requires.txt
[1.015s] writing top-level names to ../../../build/ros2trace/ros2trace.egg-info/top_level.txt
[1.018s] reading manifest file '../../../build/ros2trace/ros2trace.egg-info/SOURCES.txt'
[1.020s] writing manifest file '../../../build/ros2trace/ros2trace.egg-info/SOURCES.txt'
[1.020s] running build
[1.020s] running build_py
[1.020s] running install
[1.022s] /usr/lib/python3/dist-packages/setuptools/command/install.py:34: SetuptoolsDeprecationWarning: setup.py install is deprecated. Use build and pip and other standards-based tools.
[1.024s]   warnings.warn(
[1.024s] running install_lib
[1.027s] running install_data
[1.028s] running install_egg_info
[1.029s] removing '/home/mondegrin/programs/slon/microros_ws/firmware/mcu_ws/install/lib/python3.10/site-packages/ros2trace-6.3.1-py3.10.egg-info' (and everything under it)
[1.029s] Copying ../../../build/ros2trace/ros2trace.egg-info to /home/mondegrin/programs/slon/microros_ws/firmware/mcu_ws/install/lib/python3.10/site-packages/ros2trace-6.3.1-py3.10.egg-info
[1.030s] running install_scripts
[1.041s] writing list of installed files to '/home/mondegrin/programs/slon/microros_ws/firmware/mcu_ws/build/ros2trace/install.log'
[1.095s] Invoked command in '/home/mondegrin/programs/slon/microros_ws/firmware/mcu_ws/ros2/ros2_tracing/ros2trace' returned '0': AMENT_PREFIX_PATH=/home/mondegrin/programs/slon/microros_ws/firmware/mcu_ws/install:${AMENT_PREFIX_PATH} CMAKE_PREFIX_PATH=/home/mondegrin/programs/slon/microros_ws/firmware/mcu_ws/install:${CMAKE_PREFIX_PATH} PATH=/home/mondegrin/programs/slon/microros_ws/firmware/mcu_ws/install/bin:${PATH} PYTHONPATH=/home/mondegrin/programs/slon/microros_ws/firmware/mcu_ws/build/ros2trace/prefix_override:/home/mondegrin/programs/slon/microros_ws/firmware/mcu_ws/install/lib/python3.10/site-packages:/home/mondegrin/programs/slon/microros_ws/firmware/mcu_ws/install/lib/python3.10/site-packages:${PYTHONPATH} /usr/bin/python3 setup.py egg_info --egg-base ../../../build/ros2trace build --build-base /home/mondegrin/programs/slon/microros_ws/firmware/mcu_ws/build/ros2trace/build install --record /home/mondegrin/programs/slon/microros_ws/firmware/mcu_ws/build/ros2trace/install.log --single-version-externally-managed
