[0.920s] DEBUG:colcon:Command line arguments: ['/usr/bin/colcon', 'build']
[0.920s] DEBUG:colcon:Parsed command line arguments: Namespace(log_base=None, log_level=None, verb_name='build', build_base='build', install_base='install', merge_install=False, symlink_install=False, test_result_base=None, continue_on_error=False, executor='parallel', parallel_workers=16, event_handlers=None, ignore_user_meta=False, metas=['./colcon.meta'], base_paths=['.'], packages_ignore=None, packages_ignore_regex=None, paths=None, packages_up_to=None, packages_up_to_regex=None, packages_above=None, packages_above_and_dependencies=None, packages_above_depth=None, packages_select_by_dep=None, packages_skip_by_dep=None, packages_skip_up_to=None, packages_select_build_failed=False, packages_skip_build_finished=False, packages_select_test_failures=False, packages_skip_test_passed=False, packages_select=None, packages_skip=None, packages_select_regex=None, packages_skip_regex=None, packages_start=None, packages_end=None, allow_overriding=[], cmake_args=None, cmake_target=None, cmake_target_skip_unavailable=False, cmake_clean_cache=False, cmake_clean_first=False, cmake_force_configure=False, ament_cmake_args=None, catkin_cmake_args=None, catkin_skip_building_tests=False, verb_parser=<colcon_defaults.argument_parser.defaults.DefaultArgumentsDecorator object at 0x7f37f239dba0>, verb_extension=<colcon_core.verb.build.BuildVerb object at 0x7f37f23aa7a0>, main=<bound method BuildVerb.main of <colcon_core.verb.build.BuildVerb object at 0x7f37f23aa7a0>>)
[0.945s] Level 1:colcon.colcon_core.package_discovery:discover_packages(colcon_meta) check parameters
[0.945s] Level 1:colcon.colcon_core.package_discovery:discover_packages(recursive) check parameters
[0.945s] Level 1:colcon.colcon_core.package_discovery:discover_packages(ignore) check parameters
[0.945s] Level 1:colcon.colcon_core.package_discovery:discover_packages(path) check parameters
[0.945s] Level 1:colcon.colcon_core.package_discovery:discover_packages(colcon_meta) discover
[0.945s] Level 1:colcon.colcon_core.package_discovery:discover_packages(recursive) discover
[0.945s] INFO:colcon.colcon_core.package_discovery:Crawling recursively for packages in '/home/mondegrin/programs/slon/ros2_ws'
[0.945s] Level 1:colcon.colcon_core.package_identification:_identify(.) by extensions ['ignore', 'ignore_ament_install']
[0.945s] Level 1:colcon.colcon_core.package_identification:_identify(.) by extension 'ignore'
[0.945s] Level 1:colcon.colcon_core.package_identification:_identify(.) by extension 'ignore_ament_install'
[0.945s] Level 1:colcon.colcon_core.package_identification:_identify(.) by extensions ['colcon_pkg']
[0.945s] Level 1:colcon.colcon_core.package_identification:_identify(.) by extension 'colcon_pkg'
[0.945s] Level 1:colcon.colcon_core.package_identification:_identify(.) by extensions ['colcon_meta']
[0.945s] Level 1:colcon.colcon_core.package_identification:_identify(.) by extension 'colcon_meta'
[0.945s] Level 1:colcon.colcon_core.package_identification:_identify(.) by extensions ['ros']
[0.945s] Level 1:colcon.colcon_core.package_identification:_identify(.) by extension 'ros'
[0.952s] Level 1:colcon.colcon_core.package_identification:_identify(.) by extensions ['cmake', 'python']
[0.952s] Level 1:colcon.colcon_core.package_identification:_identify(.) by extension 'cmake'
[0.952s] Level 1:colcon.colcon_core.package_identification:_identify(.) by extension 'python'
[0.952s] Level 1:colcon.colcon_core.package_identification:_identify(.) by extensions ['python_setup_py']
[0.952s] Level 1:colcon.colcon_core.package_identification:_identify(.) by extension 'python_setup_py'
[0.952s] Level 1:colcon.colcon_core.package_identification:_identify(build) by extensions ['ignore', 'ignore_ament_install']
[0.952s] Level 1:colcon.colcon_core.package_identification:_identify(build) by extension 'ignore'
[0.952s] Level 1:colcon.colcon_core.package_identification:_identify(build) ignored
[0.952s] Level 1:colcon.colcon_core.package_identification:_identify(install) by extensions ['ignore', 'ignore_ament_install']
[0.952s] Level 1:colcon.colcon_core.package_identification:_identify(install) by extension 'ignore'
[0.952s] Level 1:colcon.colcon_core.package_identification:_identify(install) ignored
[0.952s] Level 1:colcon.colcon_core.package_identification:_identify(log) by extensions ['ignore', 'ignore_ament_install']
[0.953s] Level 1:colcon.colcon_core.package_identification:_identify(log) by extension 'ignore'
[0.953s] Level 1:colcon.colcon_core.package_identification:_identify(log) ignored
[0.953s] Level 1:colcon.colcon_core.package_identification:_identify(src) by extensions ['ignore', 'ignore_ament_install']
[0.953s] Level 1:colcon.colcon_core.package_identification:_identify(src) by extension 'ignore'
[0.953s] Level 1:colcon.colcon_core.package_identification:_identify(src) by extension 'ignore_ament_install'
[0.953s] Level 1:colcon.colcon_core.package_identification:_identify(src) by extensions ['colcon_pkg']
[0.953s] Level 1:colcon.colcon_core.package_identification:_identify(src) by extension 'colcon_pkg'
[0.953s] Level 1:colcon.colcon_core.package_identification:_identify(src) by extensions ['colcon_meta']
[0.953s] Level 1:colcon.colcon_core.package_identification:_identify(src) by extension 'colcon_meta'
[0.953s] Level 1:colcon.colcon_core.package_identification:_identify(src) by extensions ['ros']
[0.953s] Level 1:colcon.colcon_core.package_identification:_identify(src) by extension 'ros'
[0.953s] Level 1:colcon.colcon_core.package_identification:_identify(src) by extensions ['cmake', 'python']
[0.953s] Level 1:colcon.colcon_core.package_identification:_identify(src) by extension 'cmake'
[0.953s] Level 1:colcon.colcon_core.package_identification:_identify(src) by extension 'python'
[0.953s] Level 1:colcon.colcon_core.package_identification:_identify(src) by extensions ['python_setup_py']
[0.953s] Level 1:colcon.colcon_core.package_identification:_identify(src) by extension 'python_setup_py'
[0.953s] Level 1:colcon.colcon_core.package_identification:_identify(src/gps) by extensions ['ignore', 'ignore_ament_install']
[0.953s] Level 1:colcon.colcon_core.package_identification:_identify(src/gps) by extension 'ignore'
[0.953s] Level 1:colcon.colcon_core.package_identification:_identify(src/gps) by extension 'ignore_ament_install'
[0.953s] Level 1:colcon.colcon_core.package_identification:_identify(src/gps) by extensions ['colcon_pkg']
[0.953s] Level 1:colcon.colcon_core.package_identification:_identify(src/gps) by extension 'colcon_pkg'
[0.953s] Level 1:colcon.colcon_core.package_identification:_identify(src/gps) by extensions ['colcon_meta']
[0.953s] Level 1:colcon.colcon_core.package_identification:_identify(src/gps) by extension 'colcon_meta'
[0.953s] Level 1:colcon.colcon_core.package_identification:_identify(src/gps) by extensions ['ros']
[0.953s] Level 1:colcon.colcon_core.package_identification:_identify(src/gps) by extension 'ros'
[0.955s] DEBUG:colcon.colcon_core.package_identification:Package 'src/gps' with type 'ros.ament_cmake' and name 'gps'
[0.955s] Level 1:colcon.colcon_core.package_identification:_identify(src/slon) by extensions ['ignore', 'ignore_ament_install']
[0.955s] Level 1:colcon.colcon_core.package_identification:_identify(src/slon) by extension 'ignore'
[0.955s] Level 1:colcon.colcon_core.package_identification:_identify(src/slon) by extension 'ignore_ament_install'
[0.955s] Level 1:colcon.colcon_core.package_identification:_identify(src/slon) by extensions ['colcon_pkg']
[0.955s] Level 1:colcon.colcon_core.package_identification:_identify(src/slon) by extension 'colcon_pkg'
[0.955s] Level 1:colcon.colcon_core.package_identification:_identify(src/slon) by extensions ['colcon_meta']
[0.955s] Level 1:colcon.colcon_core.package_identification:_identify(src/slon) by extension 'colcon_meta'
[0.955s] Level 1:colcon.colcon_core.package_identification:_identify(src/slon) by extensions ['ros']
[0.955s] Level 1:colcon.colcon_core.package_identification:_identify(src/slon) by extension 'ros'
[0.956s] DEBUG:colcon.colcon_core.package_identification:Package 'src/slon' with type 'ros.ament_cmake' and name 'slon'
[0.956s] Level 1:colcon.colcon_core.package_discovery:discover_packages(recursive) using defaults
[0.956s] Level 1:colcon.colcon_core.package_discovery:discover_packages(ignore) discover
[0.956s] Level 1:colcon.colcon_core.package_discovery:discover_packages(ignore) using defaults
[0.956s] Level 1:colcon.colcon_core.package_discovery:discover_packages(path) discover
[0.956s] Level 1:colcon.colcon_core.package_discovery:discover_packages(path) using defaults
[1.007s] Level 1:colcon.colcon_core.package_discovery:discover_packages(prefix_path) check parameters
[1.007s] Level 1:colcon.colcon_core.package_discovery:discover_packages(prefix_path) discover
[1.024s] DEBUG:colcon.colcon_installed_package_information.package_discovery:Found 2 installed packages in /home/mondegrin/programs/slon/ros2_ws/install
[1.031s] DEBUG:colcon.colcon_installed_package_information.package_discovery:Found 295 installed packages in /opt/ros/iron
[1.032s] Level 1:colcon.colcon_core.package_discovery:discover_packages(prefix_path) using defaults
[1.099s] Level 5:colcon.colcon_core.verb:set package 'gps' build argument 'cmake_args' from command line to 'None'
[1.099s] Level 5:colcon.colcon_core.verb:set package 'gps' build argument 'cmake_target' from command line to 'None'
[1.099s] Level 5:colcon.colcon_core.verb:set package 'gps' build argument 'cmake_target_skip_unavailable' from command line to 'False'
[1.099s] Level 5:colcon.colcon_core.verb:set package 'gps' build argument 'cmake_clean_cache' from command line to 'False'
[1.099s] Level 5:colcon.colcon_core.verb:set package 'gps' build argument 'cmake_clean_first' from command line to 'False'
[1.099s] Level 5:colcon.colcon_core.verb:set package 'gps' build argument 'cmake_force_configure' from command line to 'False'
[1.099s] Level 5:colcon.colcon_core.verb:set package 'gps' build argument 'ament_cmake_args' from command line to 'None'
[1.099s] Level 5:colcon.colcon_core.verb:set package 'gps' build argument 'catkin_cmake_args' from command line to 'None'
[1.099s] Level 5:colcon.colcon_core.verb:set package 'gps' build argument 'catkin_skip_building_tests' from command line to 'False'
[1.099s] DEBUG:colcon.colcon_core.verb:Building package 'gps' with the following arguments: {'ament_cmake_args': None, 'build_base': '/home/mondegrin/programs/slon/ros2_ws/build/gps', 'catkin_cmake_args': None, 'catkin_skip_building_tests': False, 'cmake_args': None, 'cmake_clean_cache': False, 'cmake_clean_first': False, 'cmake_force_configure': False, 'cmake_target': None, 'cmake_target_skip_unavailable': False, 'install_base': '/home/mondegrin/programs/slon/ros2_ws/install/gps', 'merge_install': False, 'path': '/home/mondegrin/programs/slon/ros2_ws/src/gps', 'symlink_install': False, 'test_result_base': None}
[1.106s] Level 5:colcon.colcon_core.verb:set package 'slon' build argument 'cmake_args' from command line to 'None'
[1.106s] Level 5:colcon.colcon_core.verb:set package 'slon' build argument 'cmake_target' from command line to 'None'
[1.106s] Level 5:colcon.colcon_core.verb:set package 'slon' build argument 'cmake_target_skip_unavailable' from command line to 'False'
[1.106s] Level 5:colcon.colcon_core.verb:set package 'slon' build argument 'cmake_clean_cache' from command line to 'False'
[1.107s] Level 5:colcon.colcon_core.verb:set package 'slon' build argument 'cmake_clean_first' from command line to 'False'
[1.107s] Level 5:colcon.colcon_core.verb:set package 'slon' build argument 'cmake_force_configure' from command line to 'False'
[1.107s] Level 5:colcon.colcon_core.verb:set package 'slon' build argument 'ament_cmake_args' from command line to 'None'
[1.107s] Level 5:colcon.colcon_core.verb:set package 'slon' build argument 'catkin_cmake_args' from command line to 'None'
[1.107s] Level 5:colcon.colcon_core.verb:set package 'slon' build argument 'catkin_skip_building_tests' from command line to 'False'
[1.107s] DEBUG:colcon.colcon_core.verb:Building package 'slon' with the following arguments: {'ament_cmake_args': None, 'build_base': '/home/mondegrin/programs/slon/ros2_ws/build/slon', 'catkin_cmake_args': None, 'catkin_skip_building_tests': False, 'cmake_args': None, 'cmake_clean_cache': False, 'cmake_clean_first': False, 'cmake_force_configure': False, 'cmake_target': None, 'cmake_target_skip_unavailable': False, 'install_base': '/home/mondegrin/programs/slon/ros2_ws/install/slon', 'merge_install': False, 'path': '/home/mondegrin/programs/slon/ros2_ws/src/slon', 'symlink_install': False, 'test_result_base': None}
[1.113s] INFO:colcon.colcon_core.executor:Executing jobs using 'parallel' executor
[1.122s] DEBUG:colcon.colcon_parallel_executor.executor.parallel:run_until_complete
[1.122s] INFO:colcon.colcon_ros.task.ament_cmake.build:Building ROS package in '/home/mondegrin/programs/slon/ros2_ws/src/gps' with build type 'ament_cmake'
[1.122s] INFO:colcon.colcon_cmake.task.cmake.build:Building CMake package in '/home/mondegrin/programs/slon/ros2_ws/src/gps'
[1.133s] INFO:colcon.colcon_core.plugin_system:Skipping extension 'colcon_core.shell.bat': Not used on non-Windows systems
[1.133s] INFO:colcon.colcon_core.shell:Skip shell extension 'powershell' for command environment: Not usable outside of PowerShell
[1.133s] DEBUG:colcon.colcon_core.shell:Skip shell extension 'dsv' for command environment
[1.156s] INFO:colcon.colcon_ros.task.ament_cmake.build:Building ROS package in '/home/mondegrin/programs/slon/ros2_ws/src/slon' with build type 'ament_cmake'
[1.157s] INFO:colcon.colcon_cmake.task.cmake.build:Building CMake package in '/home/mondegrin/programs/slon/ros2_ws/src/slon'
[1.166s] INFO:colcon.colcon_core.shell:Skip shell extension 'powershell' for command environment: Not usable outside of PowerShell
[1.167s] DEBUG:colcon.colcon_core.shell:Skip shell extension 'dsv' for command environment
[1.196s] DEBUG:colcon.colcon_core.event_handler.log_command:Invoking command in '/home/mondegrin/programs/slon/ros2_ws/build/gps': CMAKE_PREFIX_PATH=${CMAKE_PREFIX_PATH}:/opt/ros/iron /usr/bin/cmake --build /home/mondegrin/programs/slon/ros2_ws/build/gps -- -j16 -l16
[1.200s] DEBUG:colcon.colcon_core.event_handler.log_command:Invoking command in '/home/mondegrin/programs/slon/ros2_ws/build/slon': CMAKE_PREFIX_PATH=${CMAKE_PREFIX_PATH}:/opt/ros/iron /usr/bin/cmake --build /home/mondegrin/programs/slon/ros2_ws/build/slon -- -j16 -l16
[1.539s] DEBUG:colcon.colcon_core.event_handler.log_command:Invoked command in '/home/mondegrin/programs/slon/ros2_ws/build/gps' returned '0': CMAKE_PREFIX_PATH=${CMAKE_PREFIX_PATH}:/opt/ros/iron /usr/bin/cmake --build /home/mondegrin/programs/slon/ros2_ws/build/gps -- -j16 -l16
[1.609s] DEBUG:colcon.colcon_core.event_handler.log_command:Invoking command in '/home/mondegrin/programs/slon/ros2_ws/build/gps': CMAKE_PREFIX_PATH=${CMAKE_PREFIX_PATH}:/opt/ros/iron /usr/bin/cmake --install /home/mondegrin/programs/slon/ros2_ws/build/gps
[1.653s] Level 1:colcon.colcon_core.environment:create_environment_scripts_only(gps)
[1.662s] DEBUG:colcon.colcon_core.event_handler.log_command:Invoked command in '/home/mondegrin/programs/slon/ros2_ws/build/gps' returned '0': CMAKE_PREFIX_PATH=${CMAKE_PREFIX_PATH}:/opt/ros/iron /usr/bin/cmake --install /home/mondegrin/programs/slon/ros2_ws/build/gps
[1.671s] Level 1:colcon.colcon_core.environment:checking '/home/mondegrin/programs/slon/ros2_ws/install/gps' for CMake module files
[1.671s] Level 1:colcon.colcon_core.environment:checking '/home/mondegrin/programs/slon/ros2_ws/install/gps' for CMake config files
[1.671s] Level 1:colcon.colcon_core.shell:create_environment_hook('gps', 'cmake_prefix_path')
[1.680s] INFO:colcon.colcon_core.shell:Creating environment hook '/home/mondegrin/programs/slon/ros2_ws/install/gps/share/gps/hook/cmake_prefix_path.ps1'
[1.680s] INFO:colcon.colcon_core.shell:Creating environment descriptor '/home/mondegrin/programs/slon/ros2_ws/install/gps/share/gps/hook/cmake_prefix_path.dsv'
[1.681s] INFO:colcon.colcon_core.shell:Creating environment hook '/home/mondegrin/programs/slon/ros2_ws/install/gps/share/gps/hook/cmake_prefix_path.sh'
[1.681s] Level 1:colcon.colcon_core.environment:checking '/home/mondegrin/programs/slon/ros2_ws/install/gps/lib'
[1.681s] Level 1:colcon.colcon_core.shell:create_environment_hook('gps', 'ld_library_path_lib')
[1.690s] INFO:colcon.colcon_core.shell:Creating environment hook '/home/mondegrin/programs/slon/ros2_ws/install/gps/share/gps/hook/ld_library_path_lib.ps1'
[1.690s] INFO:colcon.colcon_core.shell:Creating environment descriptor '/home/mondegrin/programs/slon/ros2_ws/install/gps/share/gps/hook/ld_library_path_lib.dsv'
[1.691s] INFO:colcon.colcon_core.shell:Creating environment hook '/home/mondegrin/programs/slon/ros2_ws/install/gps/share/gps/hook/ld_library_path_lib.sh'
[1.691s] Level 1:colcon.colcon_core.environment:checking '/home/mondegrin/programs/slon/ros2_ws/install/gps/bin'
[1.691s] Level 1:colcon.colcon_core.environment:checking '/home/mondegrin/programs/slon/ros2_ws/install/gps/lib/pkgconfig/gps.pc'
[1.691s] Level 1:colcon.colcon_core.environment:checking '/home/mondegrin/programs/slon/ros2_ws/install/gps/lib/python3.10/site-packages'
[1.691s] Level 1:colcon.colcon_core.shell:create_environment_hook('gps', 'pythonpath')
[1.700s] INFO:colcon.colcon_core.shell:Creating environment hook '/home/mondegrin/programs/slon/ros2_ws/install/gps/share/gps/hook/pythonpath.ps1'
[1.700s] INFO:colcon.colcon_core.shell:Creating environment descriptor '/home/mondegrin/programs/slon/ros2_ws/install/gps/share/gps/hook/pythonpath.dsv'
[1.700s] INFO:colcon.colcon_core.shell:Creating environment hook '/home/mondegrin/programs/slon/ros2_ws/install/gps/share/gps/hook/pythonpath.sh'
[1.701s] Level 1:colcon.colcon_core.environment:checking '/home/mondegrin/programs/slon/ros2_ws/install/gps/bin'
[1.708s] INFO:colcon.colcon_core.shell:Creating package script '/home/mondegrin/programs/slon/ros2_ws/install/gps/share/gps/package.ps1'
[1.709s] INFO:colcon.colcon_core.shell:Creating package descriptor '/home/mondegrin/programs/slon/ros2_ws/install/gps/share/gps/package.dsv'
[1.710s] INFO:colcon.colcon_core.shell:Creating package script '/home/mondegrin/programs/slon/ros2_ws/install/gps/share/gps/package.sh'
[1.711s] INFO:colcon.colcon_core.shell:Creating package script '/home/mondegrin/programs/slon/ros2_ws/install/gps/share/gps/package.bash'
[1.712s] INFO:colcon.colcon_core.shell:Creating package script '/home/mondegrin/programs/slon/ros2_ws/install/gps/share/gps/package.zsh'
[1.712s] Level 1:colcon.colcon_core.environment:create_file_with_runtime_dependencies(/home/mondegrin/programs/slon/ros2_ws/install/gps/share/colcon-core/packages/gps)
[1.760s] Level 1:colcon.colcon_core.environment:create_environment_scripts_only(gps)
[1.767s] Level 1:colcon.colcon_core.environment:checking '/home/mondegrin/programs/slon/ros2_ws/install/gps' for CMake module files
[1.768s] Level 1:colcon.colcon_core.environment:checking '/home/mondegrin/programs/slon/ros2_ws/install/gps' for CMake config files
[1.768s] Level 1:colcon.colcon_core.shell:create_environment_hook('gps', 'cmake_prefix_path')
[1.775s] INFO:colcon.colcon_core.shell:Creating environment hook '/home/mondegrin/programs/slon/ros2_ws/install/gps/share/gps/hook/cmake_prefix_path.ps1'
[1.776s] INFO:colcon.colcon_core.shell:Creating environment descriptor '/home/mondegrin/programs/slon/ros2_ws/install/gps/share/gps/hook/cmake_prefix_path.dsv'
[1.776s] INFO:colcon.colcon_core.shell:Creating environment hook '/home/mondegrin/programs/slon/ros2_ws/install/gps/share/gps/hook/cmake_prefix_path.sh'
[1.777s] Level 1:colcon.colcon_core.environment:checking '/home/mondegrin/programs/slon/ros2_ws/install/gps/lib'
[1.777s] Level 1:colcon.colcon_core.shell:create_environment_hook('gps', 'ld_library_path_lib')
[1.785s] INFO:colcon.colcon_core.shell:Creating environment hook '/home/mondegrin/programs/slon/ros2_ws/install/gps/share/gps/hook/ld_library_path_lib.ps1'
[1.786s] INFO:colcon.colcon_core.shell:Creating environment descriptor '/home/mondegrin/programs/slon/ros2_ws/install/gps/share/gps/hook/ld_library_path_lib.dsv'
[1.786s] INFO:colcon.colcon_core.shell:Creating environment hook '/home/mondegrin/programs/slon/ros2_ws/install/gps/share/gps/hook/ld_library_path_lib.sh'
[1.787s] Level 1:colcon.colcon_core.environment:checking '/home/mondegrin/programs/slon/ros2_ws/install/gps/bin'
[1.787s] Level 1:colcon.colcon_core.environment:checking '/home/mondegrin/programs/slon/ros2_ws/install/gps/lib/pkgconfig/gps.pc'
[1.787s] Level 1:colcon.colcon_core.environment:checking '/home/mondegrin/programs/slon/ros2_ws/install/gps/lib/python3.10/site-packages'
[1.787s] Level 1:colcon.colcon_core.shell:create_environment_hook('gps', 'pythonpath')
[1.795s] INFO:colcon.colcon_core.shell:Creating environment hook '/home/mondegrin/programs/slon/ros2_ws/install/gps/share/gps/hook/pythonpath.ps1'
[1.795s] INFO:colcon.colcon_core.shell:Creating environment descriptor '/home/mondegrin/programs/slon/ros2_ws/install/gps/share/gps/hook/pythonpath.dsv'
[1.795s] INFO:colcon.colcon_core.shell:Creating environment hook '/home/mondegrin/programs/slon/ros2_ws/install/gps/share/gps/hook/pythonpath.sh'
[1.796s] Level 1:colcon.colcon_core.environment:checking '/home/mondegrin/programs/slon/ros2_ws/install/gps/bin'
[1.803s] INFO:colcon.colcon_core.shell:Creating package script '/home/mondegrin/programs/slon/ros2_ws/install/gps/share/gps/package.ps1'
[1.803s] INFO:colcon.colcon_core.shell:Creating package descriptor '/home/mondegrin/programs/slon/ros2_ws/install/gps/share/gps/package.dsv'
[1.804s] INFO:colcon.colcon_core.shell:Creating package script '/home/mondegrin/programs/slon/ros2_ws/install/gps/share/gps/package.sh'
[1.804s] INFO:colcon.colcon_core.shell:Creating package script '/home/mondegrin/programs/slon/ros2_ws/install/gps/share/gps/package.bash'
[1.804s] INFO:colcon.colcon_core.shell:Creating package script '/home/mondegrin/programs/slon/ros2_ws/install/gps/share/gps/package.zsh'
[1.804s] Level 1:colcon.colcon_core.environment:create_file_with_runtime_dependencies(/home/mondegrin/programs/slon/ros2_ws/install/gps/share/colcon-core/packages/gps)
[7.815s] DEBUG:colcon.colcon_core.event_handler.log_command:Invoked command in '/home/mondegrin/programs/slon/ros2_ws/build/slon' returned '0': CMAKE_PREFIX_PATH=${CMAKE_PREFIX_PATH}:/opt/ros/iron /usr/bin/cmake --build /home/mondegrin/programs/slon/ros2_ws/build/slon -- -j16 -l16
[7.831s] DEBUG:colcon.colcon_core.event_handler.log_command:Invoking command in '/home/mondegrin/programs/slon/ros2_ws/build/slon': CMAKE_PREFIX_PATH=${CMAKE_PREFIX_PATH}:/opt/ros/iron /usr/bin/cmake --install /home/mondegrin/programs/slon/ros2_ws/build/slon
[7.841s] Level 1:colcon.colcon_core.environment:create_environment_scripts_only(slon)
[7.841s] DEBUG:colcon.colcon_core.event_handler.log_command:Invoked command in '/home/mondegrin/programs/slon/ros2_ws/build/slon' returned '0': CMAKE_PREFIX_PATH=${CMAKE_PREFIX_PATH}:/opt/ros/iron /usr/bin/cmake --install /home/mondegrin/programs/slon/ros2_ws/build/slon
[7.849s] Level 1:colcon.colcon_core.environment:checking '/home/mondegrin/programs/slon/ros2_ws/install/slon' for CMake module files
[7.849s] Level 1:colcon.colcon_core.environment:checking '/home/mondegrin/programs/slon/ros2_ws/install/slon' for CMake config files
[7.849s] Level 1:colcon.colcon_core.shell:create_environment_hook('slon', 'cmake_prefix_path')
[7.857s] INFO:colcon.colcon_core.shell:Creating environment hook '/home/mondegrin/programs/slon/ros2_ws/install/slon/share/slon/hook/cmake_prefix_path.ps1'
[7.857s] INFO:colcon.colcon_core.shell:Creating environment descriptor '/home/mondegrin/programs/slon/ros2_ws/install/slon/share/slon/hook/cmake_prefix_path.dsv'
[7.858s] INFO:colcon.colcon_core.shell:Creating environment hook '/home/mondegrin/programs/slon/ros2_ws/install/slon/share/slon/hook/cmake_prefix_path.sh'
[7.858s] Level 1:colcon.colcon_core.environment:checking '/home/mondegrin/programs/slon/ros2_ws/install/slon/lib'
[7.858s] Level 1:colcon.colcon_core.environment:checking '/home/mondegrin/programs/slon/ros2_ws/install/slon/bin'
[7.858s] Level 1:colcon.colcon_core.environment:checking '/home/mondegrin/programs/slon/ros2_ws/install/slon/lib/pkgconfig/slon.pc'
[7.858s] Level 1:colcon.colcon_core.environment:checking '/home/mondegrin/programs/slon/ros2_ws/install/slon/lib/python3.10/site-packages'
[7.858s] Level 1:colcon.colcon_core.environment:checking '/home/mondegrin/programs/slon/ros2_ws/install/slon/bin'
[7.866s] INFO:colcon.colcon_core.shell:Creating package script '/home/mondegrin/programs/slon/ros2_ws/install/slon/share/slon/package.ps1'
[7.866s] INFO:colcon.colcon_core.shell:Creating package descriptor '/home/mondegrin/programs/slon/ros2_ws/install/slon/share/slon/package.dsv'
[7.867s] INFO:colcon.colcon_core.shell:Creating package script '/home/mondegrin/programs/slon/ros2_ws/install/slon/share/slon/package.sh'
[7.867s] INFO:colcon.colcon_core.shell:Creating package script '/home/mondegrin/programs/slon/ros2_ws/install/slon/share/slon/package.bash'
[7.867s] INFO:colcon.colcon_core.shell:Creating package script '/home/mondegrin/programs/slon/ros2_ws/install/slon/share/slon/package.zsh'
[7.868s] Level 1:colcon.colcon_core.environment:create_file_with_runtime_dependencies(/home/mondegrin/programs/slon/ros2_ws/install/slon/share/colcon-core/packages/slon)
[7.889s] Level 1:colcon.colcon_core.environment:create_environment_scripts_only(slon)
[7.897s] Level 1:colcon.colcon_core.environment:checking '/home/mondegrin/programs/slon/ros2_ws/install/slon' for CMake module files
[7.898s] Level 1:colcon.colcon_core.environment:checking '/home/mondegrin/programs/slon/ros2_ws/install/slon' for CMake config files
[7.898s] Level 1:colcon.colcon_core.shell:create_environment_hook('slon', 'cmake_prefix_path')
[7.904s] INFO:colcon.colcon_core.shell:Creating environment hook '/home/mondegrin/programs/slon/ros2_ws/install/slon/share/slon/hook/cmake_prefix_path.ps1'
[7.905s] INFO:colcon.colcon_core.shell:Creating environment descriptor '/home/mondegrin/programs/slon/ros2_ws/install/slon/share/slon/hook/cmake_prefix_path.dsv'
[7.905s] INFO:colcon.colcon_core.shell:Creating environment hook '/home/mondegrin/programs/slon/ros2_ws/install/slon/share/slon/hook/cmake_prefix_path.sh'
[7.905s] Level 1:colcon.colcon_core.environment:checking '/home/mondegrin/programs/slon/ros2_ws/install/slon/lib'
[7.905s] Level 1:colcon.colcon_core.environment:checking '/home/mondegrin/programs/slon/ros2_ws/install/slon/bin'
[7.905s] Level 1:colcon.colcon_core.environment:checking '/home/mondegrin/programs/slon/ros2_ws/install/slon/lib/pkgconfig/slon.pc'
[7.906s] Level 1:colcon.colcon_core.environment:checking '/home/mondegrin/programs/slon/ros2_ws/install/slon/lib/python3.10/site-packages'
[7.906s] Level 1:colcon.colcon_core.environment:checking '/home/mondegrin/programs/slon/ros2_ws/install/slon/bin'
[7.913s] INFO:colcon.colcon_core.shell:Creating package script '/home/mondegrin/programs/slon/ros2_ws/install/slon/share/slon/package.ps1'
[7.913s] INFO:colcon.colcon_core.shell:Creating package descriptor '/home/mondegrin/programs/slon/ros2_ws/install/slon/share/slon/package.dsv'
[7.914s] INFO:colcon.colcon_core.shell:Creating package script '/home/mondegrin/programs/slon/ros2_ws/install/slon/share/slon/package.sh'
[7.914s] INFO:colcon.colcon_core.shell:Creating package script '/home/mondegrin/programs/slon/ros2_ws/install/slon/share/slon/package.bash'
[7.914s] INFO:colcon.colcon_core.shell:Creating package script '/home/mondegrin/programs/slon/ros2_ws/install/slon/share/slon/package.zsh'
[7.915s] Level 1:colcon.colcon_core.environment:create_file_with_runtime_dependencies(/home/mondegrin/programs/slon/ros2_ws/install/slon/share/colcon-core/packages/slon)
[7.915s] DEBUG:colcon.colcon_parallel_executor.executor.parallel:closing loop
[7.915s] DEBUG:colcon.colcon_parallel_executor.executor.parallel:loop closed
[7.916s] DEBUG:colcon.colcon_parallel_executor.executor.parallel:run_until_complete finished with '0'
[7.916s] DEBUG:colcon.colcon_core.event_reactor:joining thread
[8.166s] INFO:colcon.colcon_core.plugin_system:Skipping extension 'colcon_notification.desktop_notification.notify_send': Could not find 'notify-send'
[8.167s] INFO:colcon.colcon_core.plugin_system:Skipping extension 'colcon_notification.desktop_notification.terminal_notifier': Not used on non-Darwin systems
[8.167s] INFO:colcon.colcon_core.plugin_system:Skipping extension 'colcon_notification.desktop_notification.win32': Not used on non-Windows systems
[8.167s] INFO:colcon.colcon_notification.desktop_notification:Sending desktop notification using 'notify2'
[8.168s] DEBUG:colcon.colcon_notification.desktop_notification.notify2:Failed to initialize notify2: org.freedesktop.DBus.Error.ServiceUnknown: The name org.freedesktop.Notifications was not provided by any .service files
[8.168s] DEBUG:colcon.colcon_core.event_reactor:joined thread
[8.175s] INFO:colcon.colcon_core.shell:Creating prefix script '/home/mondegrin/programs/slon/ros2_ws/install/local_setup.ps1'
[8.176s] INFO:colcon.colcon_core.shell:Creating prefix util module '/home/mondegrin/programs/slon/ros2_ws/install/_local_setup_util_ps1.py'
[8.177s] INFO:colcon.colcon_core.shell:Creating prefix chain script '/home/mondegrin/programs/slon/ros2_ws/install/setup.ps1'
[8.186s] INFO:colcon.colcon_core.shell:Creating prefix script '/home/mondegrin/programs/slon/ros2_ws/install/local_setup.sh'
[8.187s] INFO:colcon.colcon_core.shell:Creating prefix util module '/home/mondegrin/programs/slon/ros2_ws/install/_local_setup_util_sh.py'
[8.187s] INFO:colcon.colcon_core.shell:Creating prefix chain script '/home/mondegrin/programs/slon/ros2_ws/install/setup.sh'
[8.194s] INFO:colcon.colcon_core.shell:Creating prefix script '/home/mondegrin/programs/slon/ros2_ws/install/local_setup.bash'
[8.194s] INFO:colcon.colcon_core.shell:Creating prefix chain script '/home/mondegrin/programs/slon/ros2_ws/install/setup.bash'
[8.201s] INFO:colcon.colcon_core.shell:Creating prefix script '/home/mondegrin/programs/slon/ros2_ws/install/local_setup.zsh'
[8.202s] INFO:colcon.colcon_core.shell:Creating prefix chain script '/home/mondegrin/programs/slon/ros2_ws/install/setup.zsh'
